
 Primary working directories    : /global/cscratch1/sd/aannabe
 Secondary working directories  : /global/cscratch1/sd/aannabe
 Wavefunction directory         : /global/homes/a/aannabe/wfu/
 Main file repository           : /global/cscratch1/sd/aannabe/

 SHA1      : 19cd028119e0e09f93f0674bd8af7968d9b3eff6
 NAME      : 2015.1.36
 ARCHNAME  : linux/x86_64
 FC        : /opt/cray/pe/craype/2.5.14/bin/ftn
 BLASLIB   : -L/opt/intel/compilers_and_libraries_2018.1.163/linux/mkl/lib/intel64 -Wl,-_start-group -lmkl_intel_ilp64 -lmkl_intel_thread -lmkl_core -Wl,-_end-group -liomp5
 id        : lbl

 Nodes     nprocs
 nid00469     1

 Using customized tuning parameters: mindgm=7; mindgv=16; mindgc=1; mindgr=1; noblas=0; minvec=7
 default implementation of scratch files=df  

 ***,F
 memory,8,g
 gthresh,twoint=1.e-12
 
 gprint,basis,orbitals
 gexpec,ekin,pot
 
 angstrom
 geometry={
 1                                                                               ! Number of atoms
 F 0.0 0.0 0.0
 }
 
 basis={
                                                                   !include,/global/homes/a/aannabe/docs/accurate/ccECP_Kh/pps/F.pp
                                              !!include,/global/homes/a/aannabe/docs/accurate/ccECP_Kh/basis/aug-cc-pVnZ/F_5Z.basis
                                                   !include,/global/homes/a/aannabe/docs/accurate/ccECP_Kh/basis/cc-pVnZ/F_5Z.basis
 
 Including file /global/homes/a/aannabe/repos/pseudopotentiallibrary/recipes/F/ccECP/F.ccECP.molpro
 Including file /global/homes/a/aannabe/repos/pseudopotentiallibrary/recipes/F/ccECP/F.cc-pV5Z.molpro
                                 !include,/global/homes/a/aannabe/repos/pseudopotentiallibrary/recipes/F/ccECP/F.aug-cc-pV5Z.molpro
 
 
 }
 
 {rhf
  start,atden
  wf,7,3,1
  occ,1,1,1,0,1,0,0,0
  open,1.3
  orbital,4202.2
 }
 {multi
  maxiter,40
  start,4202.2
  occ,1,1,1,0,1,0,0,0
  closed,1,0,0,0,0,0,0
  wf,7,3,1;state,1
  wf,7,5,1;state,1
  wf,7,2,1;state,1
  natorb,ci,print
  orbital,5202.2
 }
 {rhf,nitord=1,maxit=0
  start,5202.2
  wf,7,3,1
  occ,1,1,1,0,1,0,0,0
  open,1.3
 }
 
 scf(i)=energy
 
 _CC_NORM_MAX=2.0
  !NOTE: Perturbative MRCC works only with UHF reference. So, here we will trick MRCC by doing zero UHF iteration right after ROHF.
 
 {uhf
  wf,7,3,1
  occ,1,1,1,0,1,0,0,0
  open,1.3
 
 maxit,0
 }
 scf(i)=energy
 
 {mrcc,method=CCSDT(Q)
 orbital,ignore_error=1                                                          !Ignore the fact that UHF WF is not converged
 maxit,100
 core
 }
 posthf(i)=energy
 
 table,scf,posthf,ekin,pot
 save,5.csv,new
 
 

 Variables initialized (889), CPU time= 0.00 sec
 Commands  initialized (702), CPU time= 0.01 sec, 572 directives.
 Default parameters read. Elapsed time= 0.23 sec

 Checking input...
 Passed
1


                                         ***  PROGRAM SYSTEM MOLPRO  ***
                                       Copyright, TTI GmbH Stuttgart, 2015
                                    Version 2015.1 linked Dec 29 2018 15:55:43


 **********************************************************************************************************************************
 LABEL *   F                                                                             
  64 bit serial version                                                                  DATE: 01-Feb-19          TIME: 17:03:05  
 **********************************************************************************************************************************

 SHA1:             19cd028119e0e09f93f0674bd8af7968d9b3eff6
 **********************************************************************************************************************************

 THRESHOLDS:

 ZERO    =  1.00D-12  ONEINT  =  1.00D-12  TWOINT  =  1.00D-12  PREFAC  =  1.00D-14  LOCALI  =  1.00D-09  EORDER  =  1.00D-04
 ENERGY  =  0.00D+00  ETEST   =  0.00D+00  EDENS   =  0.00D+00  THRDEDEF=  1.00D-06  GRADIENT=  1.00D-02  STEP    =  1.00D-03
 ORBITAL =  1.00D-05  CIVEC   =  1.00D-05  COEFF   =  1.00D-04  PRINTCI =  5.00D-02  PUNCHCI =  9.90D+01  OPTGRAD =  3.00D-04
 OPTENERG=  1.00D-06  OPTSTEP =  3.00D-04  THRGRAD =  1.00D-10  COMPRESS=  1.00D-11  VARMIN  =  1.00D-07  VARMAX  =  1.00D-03
 THRDOUB =  0.00D+00  THRDIV  =  1.00D-05  THRRED  =  1.00D-07  THRPSP  =  1.00D+00  THRDC   =  1.00D-10  THRCS   =  1.00D-10
 THRNRM  =  1.00D-08  THREQ   =  0.00D+00  THRDE   =  1.00D+00  THRREF  =  1.00D-05  SPARFAC =  1.00D+00  THRDLP  =  1.00D-07
 THRDIA  =  1.00D-10  THRDLS  =  1.00D-07  THRGPS  =  0.00D+00  THRKEX  =  0.00D+00  THRDIS  =  2.00D-01  THRVAR  =  1.00D-10
 THRLOC  =  1.00D-06  THRGAP  =  1.00D-06  THRLOCT = -1.00D+00  THRGAPT = -1.00D+00  THRORB  =  1.00D-06  THRMLTP =  0.00D+00
 THRCPQCI=  1.00D-10  KEXTA   =  0.00D+00  THRCOARS=  0.00D+00  SYMTOL  =  1.00D-06  GRADTOL =  1.00D-06  THROVL  =  1.00D-08
 THRORTH =  1.00D-08  GRID    =  1.00D-06  GRIDMAX =  1.00D-03  DTMAX   =  0.00D+00  THROCCDE=  1.00D-01  THROCCDE=  1.00D-01



 ZUNIT=ANG
 

Geometry recognized as XYZ


 Variable memory set to 8000000000 words,  buffer space   230000 words

 SETTING BASIS          =    USERDEF


 Recomputing integrals since basis changed


 Using spherical harmonics



 PROGRAM * SEWARD (Integral evaluation for generally contracted gaussian basis sets)     Author: Roland Lindh, 1990

 Geometry written to block  1 of record 700

 Orientation using atomic masses  
 Molecule type: Atom
 Symmetry elements: X,Y,Z
 Rotational constants:       0.0000000      0.0000000      0.0000000 GHz  (calculated with average atomic masses)

 Point group  D2h 



 ATOMIC COORDINATES

 NR  ATOM    CHARGE       X              Y              Z

   1  F       7.00    0.000000000    0.000000000    0.000000000


          F   CORE POTENTIAL

          p POTENTIAL

 POWERS             1              3              2
 EXPONENTIALS   12.08758       12.83806       12.31235    
 COEFFICIENTS   7.000000       84.61309      -53.02752    

          s - p POTENTIAL

 POWERS             2
 EXPONENTIALS   14.78076    
 COEFFICIENTS   78.90177    


 BASIS DATA

   Nr Sym  Nuc  Type         Exponents   Contraction coefficients

    1.1 Ag    1  1s          84.048652    -0.000003
                             41.094617    -0.000354
                             20.092738     0.018409
                              9.824112    -0.127766
                              4.803386    -0.070287
                              2.348560     0.157160
                              1.148301     0.376901
                              0.561449     0.409517
                              0.274514     0.197089
                              0.134220     0.024348
    2.1 Ag    1  1s           2.542428     1.000000
    3.1 Ag    1  1s           1.250265     1.000000
    4.1 Ag    1  1s           0.459697     1.000000
    5.1 Ag    1  1s           0.191146     1.000000
    6.1 Ag    1  3d0          5.603581     1.000000
    7.1 Ag    1  3d2+         5.603581     1.000000
    8.1 Ag    1  3d0          3.901897     1.000000
    9.1 Ag    1  3d2+         3.901897     1.000000
   10.1 Ag    1  3d0          1.523306     1.000000
   11.1 Ag    1  3d2+         1.523306     1.000000
   12.1 Ag    1  3d0          0.517711     1.000000
   13.1 Ag    1  3d2+         0.517711     1.000000
   14.1 Ag    1  5g0          4.619953     1.000000
   15.1 Ag    1  5g4+         4.619953     1.000000
   16.1 Ag    1  5g2+         4.619953     1.000000
   17.1 Ag    1  5g0          1.638933     1.000000
   18.1 Ag    1  5g4+         1.638933     1.000000
   19.1 Ag    1  5g2+         1.638933     1.000000
    1.2 B3u   1  2px         31.642619     0.002967
                             16.243233     0.029805
                              8.338204     0.066949
                              4.280284     0.133779
                              2.197215     0.214831
                              1.127906     0.266486
                              0.578992     0.261895
                              0.297216     0.192022
                              0.152571     0.082847
                              0.078320     0.013305
    2.2 B3u   1  2px          2.018698     1.000000
    3.2 B3u   1  2px          1.505085     1.000000
    4.2 B3u   1  2px          0.489019     1.000000
    5.2 B3u   1  2px          0.170574     1.000000
    6.2 B3u   1  4f1+         4.297889     1.000000
    7.2 B3u   1  4f3+         4.297889     1.000000
    8.2 B3u   1  4f1+         2.950321     1.000000
    9.2 B3u   1  4f3+         2.950321     1.000000
   10.2 B3u   1  4f1+         0.981494     1.000000
   11.2 B3u   1  4f3+         0.981494     1.000000
   12.2 B3u   1  6h1+         2.963127     1.000000
   13.2 B3u   1  6h3+         2.963127     1.000000
   14.2 B3u   1  6h5+         2.963127     1.000000
    1.3 B2u   1  2py         31.642619     0.002967
                             16.243233     0.029805
                              8.338204     0.066949
                              4.280284     0.133779
                              2.197215     0.214831
                              1.127906     0.266486
                              0.578992     0.261895
                              0.297216     0.192022
                              0.152571     0.082847
                              0.078320     0.013305
    2.3 B2u   1  2py          2.018698     1.000000
    3.3 B2u   1  2py          1.505085     1.000000
    4.3 B2u   1  2py          0.489019     1.000000
    5.3 B2u   1  2py          0.170574     1.000000
    6.3 B2u   1  4f1-         4.297889     1.000000
    7.3 B2u   1  4f3-         4.297889     1.000000
    8.3 B2u   1  4f1-         2.950321     1.000000
    9.3 B2u   1  4f3-         2.950321     1.000000
   10.3 B2u   1  4f1-         0.981494     1.000000
   11.3 B2u   1  4f3-         0.981494     1.000000
   12.3 B2u   1  6h1-         2.963127     1.000000
   13.3 B2u   1  6h3-         2.963127     1.000000
   14.3 B2u   1  6h5-         2.963127     1.000000
    1.4 B1g   1  3d2-         5.603581     1.000000
    2.4 B1g   1  3d2-         3.901897     1.000000
    3.4 B1g   1  3d2-         1.523306     1.000000
    4.4 B1g   1  3d2-         0.517711     1.000000
    5.4 B1g   1  5g2-         4.619953     1.000000
    6.4 B1g   1  5g4-         4.619953     1.000000
    7.4 B1g   1  5g2-         1.638933     1.000000
    8.4 B1g   1  5g4-         1.638933     1.000000
    1.5 B1u   1  2pz         31.642619     0.002967
                             16.243233     0.029805
                              8.338204     0.066949
                              4.280284     0.133779
                              2.197215     0.214831
                              1.127906     0.266486
                              0.578992     0.261895
                              0.297216     0.192022
                              0.152571     0.082847
                              0.078320     0.013305
    2.5 B1u   1  2pz          2.018698     1.000000
    3.5 B1u   1  2pz          1.505085     1.000000
    4.5 B1u   1  2pz          0.489019     1.000000
    5.5 B1u   1  2pz          0.170574     1.000000
    6.5 B1u   1  4f0          4.297889     1.000000
    7.5 B1u   1  4f2+         4.297889     1.000000
    8.5 B1u   1  4f0          2.950321     1.000000
    9.5 B1u   1  4f2+         2.950321     1.000000
   10.5 B1u   1  4f0          0.981494     1.000000
   11.5 B1u   1  4f2+         0.981494     1.000000
   12.5 B1u   1  6h2+         2.963127     1.000000
   13.5 B1u   1  6h4+         2.963127     1.000000
   14.5 B1u   1  6h0          2.963127     1.000000
    1.6 B2g   1  3d1+         5.603581     1.000000
    2.6 B2g   1  3d1+         3.901897     1.000000
    3.6 B2g   1  3d1+         1.523306     1.000000
    4.6 B2g   1  3d1+         0.517711     1.000000
    5.6 B2g   1  5g1+         4.619953     1.000000
    6.6 B2g   1  5g3+         4.619953     1.000000
    7.6 B2g   1  5g1+         1.638933     1.000000
    8.6 B2g   1  5g3+         1.638933     1.000000
    1.7 B3g   1  3d1-         5.603581     1.000000
    2.7 B3g   1  3d1-         3.901897     1.000000
    3.7 B3g   1  3d1-         1.523306     1.000000
    4.7 B3g   1  3d1-         0.517711     1.000000
    5.7 B3g   1  5g1-         4.619953     1.000000
    6.7 B3g   1  5g3-         4.619953     1.000000
    7.7 B3g   1  5g1-         1.638933     1.000000
    8.7 B3g   1  5g3-         1.638933     1.000000
    1.8 Au    1  4f2-         4.297889     1.000000
    2.8 Au    1  4f2-         2.950321     1.000000
    3.8 Au    1  4f2-         0.981494     1.000000
    4.8 Au    1  6h4-         2.963127     1.000000
    5.8 Au    1  6h2-         2.963127     1.000000

 NUCLEAR CHARGE:                    7
 NUMBER OF PRIMITIVE AOS:         161
 NUMBER OF SYMMETRY AOS:          126
 NUMBER OF CONTRACTIONS:           90   (  19Ag  +  14B3u +  14B2u +   8B1g +  14B1u +   8B2g +   8B3g +   5Au  )
 NUMBER OF CORE ORBITALS:           0   (   0Ag  +   0B3u +   0B2u +   0B1g +   0B1u +   0B2g +   0B3g +   0Au  )
 NUMBER OF VALENCE ORBITALS:        4   (   1Ag  +   1B3u +   1B2u +   0B1g +   1B1u +   0B2g +   0B3g +   0Au  )


 NUCLEAR REPULSION ENERGY    0.00000000

 EXTRA SYMMETRY OF AOS IN SYMMETRY 1:   1 1 1 1 1 2 3 2 3 2   3 2 3 4 5 6 4 5 6
 EXTRA SYMMETRY OF AOS IN SYMMETRY 2:   1 1 1 1 1 2 3 2 3 2   3 4 5 6
 EXTRA SYMMETRY OF AOS IN SYMMETRY 3:   1 1 1 1 1 2 3 2 3 2   3 4 5 6
 EXTRA SYMMETRY OF AOS IN SYMMETRY 4:   1 1 1 1 2 3 2 3
 EXTRA SYMMETRY OF AOS IN SYMMETRY 5:   1 1 1 1 1 2 3 2 3 2   3 4 5 6
 EXTRA SYMMETRY OF AOS IN SYMMETRY 6:   1 1 1 1 2 3 2 3
 EXTRA SYMMETRY OF AOS IN SYMMETRY 7:   1 1 1 1 2 3 2 3
 EXTRA SYMMETRY OF AOS IN SYMMETRY 8:   1 1 1 2 3

 Eigenvalues of metric

         1 0.213E-02 0.159E-01 0.212E-01 0.212E-01 0.132E+00 0.268E+00 0.268E+00 0.507E+00
         2 0.428E-02 0.214E-01 0.500E-01 0.500E-01 0.185E+00 0.731E+00 0.731E+00 0.100E+01
         3 0.428E-02 0.214E-01 0.500E-01 0.500E-01 0.185E+00 0.731E+00 0.731E+00 0.100E+01
         4 0.212E-01 0.268E+00 0.507E+00 0.507E+00 0.110E+01 0.149E+01 0.149E+01 0.261E+01
         5 0.428E-02 0.214E-01 0.500E-01 0.500E-01 0.185E+00 0.731E+00 0.731E+00 0.100E+01
         6 0.212E-01 0.268E+00 0.507E+00 0.507E+00 0.110E+01 0.149E+01 0.149E+01 0.261E+01
         7 0.212E-01 0.268E+00 0.507E+00 0.507E+00 0.110E+01 0.149E+01 0.149E+01 0.261E+01
         8 0.500E-01 0.731E+00 0.100E+01 0.100E+01 0.222E+01


 Contracted 2-electron integrals neglected if value below      1.0D-12
 AO integral compression algorithm  1   Integral accuracy      1.0D-12

     10.486 MB (compressed) written to integral file ( 72.5%)


 NUMBER OF SORTED TWO-ELECTRON INTEGRALS:    1106050.     BUFFER LENGTH:  32768
 NUMBER OF SEGMENTS:   1  SEGMENT LENGTH:    1106050      RECORD LENGTH: 524288

 Memory used in sort:       1.66 MW

 SORT1 READ     1797248. AND WROTE      785431. INTEGRALS IN      3 RECORDS. CPU TIME:     0.04 SEC, REAL TIME:     0.07 SEC
 SORT2 READ      785431. AND WROTE     1106050. INTEGRALS IN     40 RECORDS. CPU TIME:     0.06 SEC, REAL TIME:     0.14 SEC

 FILE SIZES:   FILE 1:    30.6 MBYTE,  FILE 4:    12.6 MBYTE,   TOTAL:     43.2 MBYTE

 OPERATOR DM      FOR CENTER  0  COORDINATES:    0.000000    0.000000    0.000000
 OPERATOR EKIN    FOR CENTER  0  COORDINATES:    0.000000    0.000000    0.000000
 OPERATOR POT     FOR CENTER  0  COORDINATES:    0.000000    0.000000    0.000000


 **********************************************************************************************************************************
 DATASETS  * FILE   NREC   LENGTH (MB)   RECORD NAMES
              1      20       26.18       500      610      700      900      950      970     1000      129      960     1100   
                                          VAR    BASINP    GEOM    SYMINP    ZMAT    AOBASIS   BASIS     P2S    ABASIS      S 
                                         1400     1410     1420     1200     1210     1080     1600     1650     1300     1700   
                                         EKIN       V       ECP      H0       H01     AOSYM     SMH    MOLCAS    ERIS     OPER   

 PROGRAMS   *        TOTAL       INT
 CPU TIMES  *         2.32      2.22
 REAL TIME  *        12.06 SEC
 DISK USED  *        43.47 MB      
 **********************************************************************************************************************************


 PROGRAM * RHF-SCF (OPEN SHELL)       Authors: W. Meyer, H.-J. Werner


 NUMBER OF ELECTRONS:       4+    3-    SPACE SYMMETRY=3    SPIN SYMMETRY: Doublet 
 CONVERGENCE THRESHOLDS:    1.00E-05 (Density)    1.00E-07 (Energy)
 MAX. NUMBER OF ITERATIONS:       60
 INTERPOLATION TYPE:            DIIS
 INTERPOLATION STEPS:              2 (START)      1 (STEP)
 LEVEL SHIFTS:                 -0.60 (CLOSED) -0.30 (OPEN) 


 Singly occupied orbitals:      1.3

   Atom=F  basis=ECP2MWB_GUESS     lmin=0  lmax=1

 Orbital guess generated from atomic densities. Full valence occupancy:    1   1   1   0   1   0   0   0


 Molecular orbital dump at record        4202.2

 ITERATION    DDIFF          GRAD             ENERGY        2-EL.EN.            DIPOLE MOMENTS         DIIS   ORB.
    1      0.000D+00      0.000D+00       -23.93080194     33.617068    0.00000    0.00000    0.00000    0    start
    2      0.000D+00      0.127D-01       -23.93741240     34.202704    0.00000    0.00000    0.00000    1    diag,B
    3      0.679D-02      0.321D-02       -23.93778073     34.167072    0.00000    0.00000    0.00000    2    diag,B
    4      0.167D-02      0.878D-03       -23.93787499     34.179683    0.00000    0.00000    0.00000    3    diag,B
    5      0.669D-03      0.260D-03       -23.93788530     34.180882    0.00000    0.00000    0.00000    4    diag,B
    6      0.290D-03      0.446D-04       -23.93788559     34.180090    0.00000    0.00000    0.00000    5    diag,B
    7      0.456D-04      0.109D-04       -23.93788560     34.179827    0.00000    0.00000    0.00000    6    fixocc
    8      0.135D-04      0.102D-05       -23.93788560     34.179815    0.00000    0.00000    0.00000    7    diag,B
    9      0.977D-06      0.158D-06       -23.93788560     34.179817    0.00000    0.00000    0.00000    0    orth

 Final alpha occupancy:   1   1   1   0   1   0   0   0
 Final beta  occupancy:   1   1   0   0   1   0   0   0

 !RHF STATE 1.3 Energy                -23.937885603875
 Nuclear energy                         0.00000000
 One-electron energy                  -41.02779389
 Two-electron energy                   17.08990829
 Virial quotient                       -1.28414905
 !RHF STATE 1.3 Dipole moment           0.00000000     0.00000000     0.00000000
 Dipole moment /Debye                   0.00000000     0.00000000     0.00000000
 

 !RHF expec          <1.3|EKIN|1.3>    18.641049208304
 
 !RHF expec           <1.3|POT|1.3>    -8.770610380693

 ELECTRON ORBITALS
 =================


   Orb  Occ    Energy  Couls-En    Coefficients

                                   1 1s      1 1s      1 1s      1 1s      1 1s      1 3d0     1 3d2+    1 3d0     1 3d2+    1 3d0  
                                   1 3d2+    1 3d0     1 3d2+    1 5g0     1 5g4+    1 5g2+    1 5g0     1 5g4+    1 5g2+ 

   1.1   2    -1.5944   -8.0495  1.000002 -0.000002  0.000011 -0.000004 -0.000016  0.000420  0.000727 -0.000061 -0.000106  0.000062
                                 0.000107  0.001751  0.003032  0.000000  0.000000  0.000000 -0.000003 -0.000007 -0.000005

                                   1 2px     1 2px     1 2px     1 2px     1 2px     1 4f1+    1 4f3+    1 4f1+    1 4f3+    1 4f1+ 
                                   1 4f3+    1 6h1+    1 6h3+    1 6h5+ 

   1.2   2    -0.7061   -6.3119  0.999998  0.000009  0.000030  0.000082 -0.000189 -0.000138 -0.000533 -0.000182 -0.000706 -0.000772
                                -0.002989  0.000001  0.000003  0.000007

                                   1 2py     1 2py     1 2py     1 2py     1 2py     1 4f1-    1 4f3-    1 4f1-    1 4f3-    1 4f1- 
                                   1 4f3-    1 6h1-    1 6h3-    1 6h5- 

   1.3   +    -0.8350   -6.5293  1.025885  0.001947  0.005862 -0.009434 -0.042935 -0.000846 -0.001093 -0.001325 -0.001710 -0.004646
                                -0.005998  0.000023  0.000025  0.000033

                                   1 2pz     1 2pz     1 2pz     1 2pz     1 2pz     1 4f0     1 4f2+    1 4f0     1 4f2+    1 4f0  
                                   1 4f2+    1 6h2+    1 6h4+    1 6h0  

   1.5   2    -0.7061   -6.3119  0.999998  0.000009  0.000030  0.000082 -0.000189 -0.000337 -0.000435 -0.000447 -0.000577 -0.001890
                                -0.002440  0.000005  0.000005  0.000004

 HOMO      1.2    -0.706072 =     -19.2132eV
 LUMO      2.1     0.424504 =      11.5513eV
 LUMO-HOMO         1.130576 =      30.7645eV


 **********************************************************************************************************************************
 DATASETS  * FILE   NREC   LENGTH (MB)   RECORD NAMES
              1      20       26.18       500      610      700      900      950      970     1000      129      960     1100   
                                          VAR    BASINP    GEOM    SYMINP    ZMAT    AOBASIS   BASIS     P2S    ABASIS      S 
                                         1400     1410     1420     1200     1210     1080     1600     1650     1300     1700   
                                         EKIN       V       ECP      H0       H01     AOSYM     SMH    MOLCAS    ERIS     OPER   

              2       4        2.79       700     1000      520     4202   
                                         GEOM     BASIS   MCVARS     RHF  

 PROGRAMS   *        TOTAL       RHF       INT
 CPU TIMES  *         2.40      0.08      2.22
 REAL TIME  *        12.32 SEC
 DISK USED  *        43.47 MB      
 **********************************************************************************************************************************


 PROGRAM * MULTI (Direct Multiconfiguration SCF)       Authors: P.J. Knowles, H.-J. Werner (1984)     S.T. Elbert (1988)


 Number of closed-shell orbitals:   1 (   1   0   0   0   0   0   0   0 )
 Number of active  orbitals:        3 (   0   1   1   0   1   0   0   0 )
 Number of external orbitals:      86 (  18  13  13   8  13   8   8   5 )

 State symmetry 1

 Number of electrons:     5    Spin symmetry=Doublet   Space symmetry=3
 Number of states:        1
 Number of CSFs:          1   (1 determinants, 3 intermediate states)

 State symmetry 2

 Number of electrons:     5    Spin symmetry=Doublet   Space symmetry=5
 Number of states:        1
 Number of CSFs:          1   (1 determinants, 3 intermediate states)

 State symmetry 3

 Number of electrons:     5    Spin symmetry=Doublet   Space symmetry=2
 Number of states:        1
 Number of CSFs:          1   (1 determinants, 3 intermediate states)

 Iteration controls:
             1  2  3  4  5  6  7  8  9 10 11 12 13 14 15 16 17 18 19 20 21 22 23 24 25 26 27 28 29 30 31 32 33 34 35 36 37 38 39
 DIAGCI      T  T  T  T  T  T  T  T  T  T  T  T  T  T  T  T  T  T  T  T  T  T  T  T  T  T  T  T  T  T  T  T  T  T  T  T  T  T  T
 WERNER      T  T  T  T  T  T  T  T  T  T  T  T  T  T  T  T  T  T  T  T  T  T  T  T  T  T  T  T  T  T  T  T  T  T  T  T  T  T  T
 INTERNAL    F  T  T  T  T  T  T  T  T  T  T  T  T  T  T  T  T  T  T  T  T  T  T  T  T  T  T  T  T  T  T  T  T  T  T  T  T  T  T

 Molecular orbitals read from record     4202.2  Type=RHF/CANONICAL (state 1.3)
 *** IN SYMMETRY 1 ORBITAL  1 SYMMETRY CONTAMINATION OF 0.624D-02 HAS BEEN REMOVED

 EXTRA SYMMETRY OF MOS IN SYMMETRY 1:   1 1 3 2 1 3 2 5 4 6   1 3 2 5 4 6 3 2 1
 *** IN SYMMETRY 2 ORBITAL  1 SYMMETRY CONTAMINATION OF 0.530D-02 HAS BEEN REMOVED
 EXTRA SYMMETRY OF MOS IN SYMMETRY 2:   1 1 1 3 2 1 3 2 1 6   5 4 3 2
 *** IN SYMMETRY 3 ORBITAL  1 SYMMETRY CONTAMINATION OF 0.142D-01 HAS BEEN REMOVED
 EXTRA SYMMETRY OF MOS IN SYMMETRY 3:   1 1 1 3 2 1 3 2 1 6   4 5 3 2
 EXTRA SYMMETRY OF MOS IN SYMMETRY 4:   1 1 3 2 1 3 2 1
 *** IN SYMMETRY 5 ORBITAL  1 SYMMETRY CONTAMINATION OF 0.610D-02 HAS BEEN REMOVED
 EXTRA SYMMETRY OF MOS IN SYMMETRY 5:   1 1 1 3 2 1 3 2 1 4   5 6 3 2
 EXTRA SYMMETRY OF MOS IN SYMMETRY 6:   1 1 3 2 1 3 2 1
 EXTRA SYMMETRY OF MOS IN SYMMETRY 7:   1 1 2 3 1 2 3 1
 EXTRA SYMMETRY OF MOS IN SYMMETRY 8:   1 1 2 3 1

 Wavefunction dump at record             5202.2

 Convergence thresholds  0.10E-01 (gradient)  0.10E-05 (energy)  0.10E-02 (step length)

 Weight factors for state symmetry  1:    0.33333
 Weight factors for state symmetry  2:    0.33333
 Weight factors for state symmetry  3:    0.33333

 Number of orbital rotations:       57   (     0 Core/Active     18 Core/Virtual   0 Active/Active     39 Active/Virtual)
 Total number of variables:         60


 ITER. MIC  NCI  NEG     ENERGY(VAR)     ENERGY(PROJ)   ENERGY CHANGE     GRAD(0)  GRAD(ORB)   GRAD(CI)     STEP       TIME

   1   23   12    0     -23.93401197     -23.93584218   -0.00183022    0.06505661 0.00000000 0.00000000  0.34D-01      0.01
   2   15   12    0     -23.93584331     -23.93584334   -0.00000003    0.00038272 0.00000000 0.00000000  0.97D-04      0.02

 ** WVFN ****  CONVERGENCE REACHED, FINAL GRADIENT:  0.12D-07



 Results for state 1.3
 =====================

 !MCSCF STATE 1.3 Energy              -23.935843337741
 Nuclear energy                         0.00000000
 Kinetic energy                        18.63895947
 One electron energy                  -41.03141335
 Two electron energy                   17.09557001
 Virial ratio                           2.28418345

 !MCSCF STATE 1.3 Dipole moment         0.00000000     0.00000000     0.00000000
 Dipole moment /Debye                   0.00000000     0.00000000     0.00000000



 Results for state 1.5
 =====================

 !MCSCF STATE 1.5 Energy              -23.935843337728
 Nuclear energy                         0.00000000
 Kinetic energy                        18.63895947
 One electron energy                  -41.03141335
 Two electron energy                   17.09557001
 Virial ratio                           2.28418345

 !MCSCF STATE 1.5 Dipole moment         0.00000000     0.00000000     0.00000000
 Dipole moment /Debye                   0.00000000     0.00000000     0.00000000



 Results for state 1.2
 =====================

 !MCSCF STATE 1.2 Energy              -23.935843337728
 Nuclear energy                         0.00000000
 Kinetic energy                        18.63895947
 One electron energy                  -41.03141335
 Two electron energy                   17.09557001
 Virial ratio                           2.28418345

 !MCSCF STATE 1.2 Dipole moment         0.00000000     0.00000000     0.00000000
 Dipole moment /Debye                   0.00000000     0.00000000     0.00000000

 State-averaged charge density matrix saved on record  5202.2 (density set 1)

 !MCSCF expec        <1.3|EKIN|1.3>    18.638959468417
 !MCSCF expec        <1.5|EKIN|1.5>    18.638959469899
 !MCSCF expec        <1.2|EKIN|1.2>    18.638959469899

 !MCSCF expec         <1.3|POT|1.3>    -8.770812798485
 !MCSCF expec         <1.5|POT|1.5>    -8.770812798762
 !MCSCF expec         <1.2|POT|1.2>    -8.770812798762


 NATURAL ORBITALS (state averaged)
 =================================

   Orb     Occ        Energy       Coefficients

                                   1 1s      1 1s      1 1s      1 1s      1 1s      1 3d0     1 3d2+    1 3d0     1 3d2+    1 3d0  
                                   1 3d2+    1 3d0     1 3d2+    1 5g0     1 5g4+    1 5g2+    1 5g0     1 5g4+    1 5g2+ 

   1.1  2.00000    -1.594101     0.999982  0.000026 -0.000085  0.000070  0.000011  0.000000  0.000000  0.000000  0.000000  0.000000
                                 0.000000  0.000000  0.000000  0.000000  0.000000  0.000000  0.000000  0.000000  0.000000

                                   1 2px     1 2px     1 2px     1 2px     1 2px     1 4f1+    1 4f3+    1 4f1+    1 4f3+    1 4f1+ 
                                   1 4f3+    1 6h1+    1 6h3+    1 6h5+ 

   1.2  1.66667    -0.592301     1.005211  0.000486  0.000938 -0.001308 -0.009052  0.000000  0.000000  0.000000  0.000000  0.000000
                                 0.000000  0.000000  0.000000  0.000000

                                   1 2py     1 2py     1 2py     1 2py     1 2py     1 4f1-    1 4f3-    1 4f1-    1 4f3-    1 4f1- 
                                   1 4f3-    1 6h1-    1 6h3-    1 6h5- 

   1.3  1.66667    -0.592301     1.005211  0.000486  0.000938 -0.001308 -0.009052  0.000000  0.000000  0.000000  0.000000  0.000000
                                 0.000000  0.000000  0.000000  0.000000

                                   1 2pz     1 2pz     1 2pz     1 2pz     1 2pz     1 4f0     1 4f2+    1 4f0     1 4f2+    1 4f0  
                                   1 4f2+    1 6h2+    1 6h4+    1 6h0  

   1.5  1.66667    -0.592301     1.005211  0.000486  0.000938 -0.001308 -0.009052  0.000000  0.000000  0.000000  0.000000  0.000000
                                 0.000000  0.000000  0.000000  0.000000
 

 EXTRA SYMMETRY OF MOS IN SYMMETRY 1:   1 1 2 3 1 3 2 5 6 4   1 2 3 4 6 5 2 3 1
 EXTRA SYMMETRY OF MOS IN SYMMETRY 2:   1 1 1 3 2 1 2 3 1 4   5 6 2 3
 EXTRA SYMMETRY OF MOS IN SYMMETRY 3:   1 1 1 3 2 1 2 3 1 5   4 6 2 3
 EXTRA SYMMETRY OF MOS IN SYMMETRY 4:   1 1 3 2 1 2 3 1
 EXTRA SYMMETRY OF MOS IN SYMMETRY 5:   1 1 1 3 2 1 2 3 1 6   4 5 2 3
 EXTRA SYMMETRY OF MOS IN SYMMETRY 6:   1 1 3 2 1 2 3 1
 EXTRA SYMMETRY OF MOS IN SYMMETRY 7:   1 1 2 3 1 3 2 1
 EXTRA SYMMETRY OF MOS IN SYMMETRY 8:   1 1 3 2 1

 Natural orbital dump (state averaged) at molpro section  5202.2    (Orbital set 2)


 CI vector for state symmetry 1
 ==============================

 2 a 2           1.0000000

 TOTAL ENERGIES                       -23.93584334

 CI vector for state symmetry 2
 ==============================

 2 2 a           1.0000000

 TOTAL ENERGIES                       -23.93584334

 CI vector for state symmetry 3
 ==============================

 a 2 2           1.0000000

 TOTAL ENERGIES                       -23.93584334



 **********************************************************************************************************************************
 DATASETS  * FILE   NREC   LENGTH (MB)   RECORD NAMES
              1      21       26.34       500      610      700      900      950      970     1000      129      960     1100   
                                          VAR    BASINP    GEOM    SYMINP    ZMAT    AOBASIS   BASIS     P2S    ABASIS      S 
                                         1400     1410     1420     1200     1210     1080     1600     1650     1300     1700   
                                         EKIN       V       ECP      H0       H01     AOSYM     SMH    MOLCAS    ERIS     OPER   
                                         1380   
                                         JKOP   

              2       5        5.32       700     1000      520     4202     5202   
                                         GEOM     BASIS   MCVARS     RHF     MCSCF   

 PROGRAMS   *        TOTAL     MULTI       RHF       INT
 CPU TIMES  *         2.45      0.04      0.08      2.22
 REAL TIME  *        13.00 SEC
 DISK USED  *        43.47 MB      
 **********************************************************************************************************************************


 PROGRAM * RHF-SCF (OPEN SHELL)       Authors: W. Meyer, H.-J. Werner


 NUMBER OF ELECTRONS:       4+    3-    SPACE SYMMETRY=3    SPIN SYMMETRY: Doublet 
 CONVERGENCE THRESHOLDS:    1.00E-05 (Density)    1.00E-07 (Energy)
 MAX. NUMBER OF ITERATIONS:        0
 INTERPOLATION TYPE:            DIIS
 INTERPOLATION STEPS:              2 (START)      1 (STEP)
 LEVEL SHIFTS:                 -0.60 (CLOSED) -0.30 (OPEN) 


 Singly occupied orbitals:      1.3
 Molecular orbitals read from record     5202.2  Type=MCSCF/NATURAL (state averaged)

 Molecular orbital dump at record        2101.2

 ITERATION    DDIFF          GRAD             ENERGY        2-EL.EN.            DIPOLE MOMENTS         DIIS   ORB.
    1      0.000D+00      0.000D+00       -23.93584334     34.191140    0.00000    0.00000    0.00000    0    start

 Final alpha occupancy:   1   1   1   0   1   0   0   0
 Final beta  occupancy:   1   1   0   0   1   0   0   0

 !RHF STATE 1.3 Energy                -23.935843337741
 Nuclear energy                         0.00000000
 One-electron energy                  -41.03141335
 Two-electron energy                   17.09557001
 Virial quotient                       -1.28418345
 !RHF STATE 1.3 Dipole moment           0.00000000     0.00000000     0.00000000
 Dipole moment /Debye                   0.00000000     0.00000000     0.00000000
 

 !RHF expec          <1.3|EKIN|1.3>    18.638959468417
 
 !RHF expec           <1.3|POT|1.3>    -8.770812798485

 ELECTRON ORBITALS
 =================


   Orb  Occ    Energy  Couls-En    Coefficients

                                   1 1s      1 1s      1 1s      1 1s      1 1s      1 3d0     1 3d2+    1 3d0     1 3d2+    1 3d0  
                                   1 3d2+    1 3d0     1 3d2+    1 5g0     1 5g4+    1 5g2+    1 5g0     1 5g4+    1 5g2+ 

   1.1   2    -1.5941   -8.0492  0.999982  0.000026 -0.000085  0.000070  0.000011  0.000000  0.000000  0.000000  0.000000  0.000000
                                 0.000000  0.000000  0.000000  0.000000  0.000000  0.000000  0.000000  0.000000  0.000000

                                   1 2px     1 2px     1 2px     1 2px     1 2px     1 4f1+    1 4f3+    1 4f1+    1 4f3+    1 4f1+ 
                                   1 4f3+    1 6h1+    1 6h3+    1 6h5+ 

   1.2   2    -0.5923   -6.2165  1.005211  0.000486  0.000938 -0.001308 -0.009052  0.000000  0.000000  0.000000  0.000000  0.000000
                                 0.000000  0.000000  0.000000  0.000000

                                   1 2py     1 2py     1 2py     1 2py     1 2py     1 4f1-    1 4f3-    1 4f1-    1 4f3-    1 4f1- 
                                   1 4f3-    1 6h1-    1 6h3-    1 6h5- 

   1.3   +    -0.5923   -6.2165  1.005211  0.000486  0.000938 -0.001308 -0.009052  0.000000  0.000000  0.000000  0.000000  0.000000
                                 0.000000  0.000000  0.000000  0.000000

                                   1 2pz     1 2pz     1 2pz     1 2pz     1 2pz     1 4f0     1 4f2+    1 4f0     1 4f2+    1 4f0  
                                   1 4f2+    1 6h2+    1 6h4+    1 6h0  

   1.5   2    -0.5923   -6.2165  1.005211  0.000486  0.000938 -0.001308 -0.009052  0.000000  0.000000  0.000000  0.000000  0.000000
                                 0.000000  0.000000  0.000000  0.000000

 HOMO      1.2    -0.592301 =     -16.1173eV
 LUMO      2.1     0.433588 =      11.7985eV
 LUMO-HOMO         1.025889 =      27.9159eV


 **********************************************************************************************************************************
 DATASETS  * FILE   NREC   LENGTH (MB)   RECORD NAMES
              1      21       26.34       500      610      700      900      950      970     1000      129      960     1100   
                                          VAR    BASINP    GEOM    SYMINP    ZMAT    AOBASIS   BASIS     P2S    ABASIS      S 
                                         1400     1410     1420     1200     1210     1080     1600     1650     1300     1700   
                                         EKIN       V       ECP      H0       H01     AOSYM     SMH    MOLCAS    ERIS     OPER   
                                         1380   
                                         JKOP   

              2       6        7.87       700     1000      520     4202     5202     2101   
                                         GEOM     BASIS   MCVARS     RHF     MCSCF     RHF  

 PROGRAMS   *        TOTAL       RHF     MULTI       RHF       INT
 CPU TIMES  *         2.48      0.02      0.04      0.08      2.22
 REAL TIME  *        13.12 SEC
 DISK USED  *        43.47 MB      
 **********************************************************************************************************************************
 SETTING SCF(I)         =       -23.93584334  AU                              
 SETTING _CC_NORM_MAX   =         2.00000000                                  


 PROGRAM * UHF-SCF       Authors: W. Meyer, H.-J. Werner


 NUMBER OF ELECTRONS:       4+    3-    SPACE SYMMETRY=3    SPIN SYMMETRY: Doublet 
 CONVERGENCE THRESHOLDS:    1.00E-05 (Density)    1.00E-07 (Energy)
 MAX. NUMBER OF ITERATIONS:        0
 INTERPOLATION TYPE:            DIIS
 INTERPOLATION STEPS:              2 (START)      1 (STEP)
 LEVEL SHIFTS:                  0.20 (ALPHA)   0.20 (BETA) 


 Singly occupied orbitals:      1.3
 Molecular orbitals read from record     2101.2  Type=RHF/CANONICAL (state 1.3)

 Molecular orbital dump at record        2200.2

 Initial alpha occupation   1   1   1   0   1   0   0   0
 Initial beta  occupation   1   1   0   0   1   0   0   0

 ITERATION    DDIFF          GRAD             ENERGY        2-EL.EN.            DIPOLE MOMENTS         DIIS
    1      0.000D+00      0.000D+00       -23.93584334     34.191140    0.00000    0.00000    0.00000    0
 
 Final alpha occupancy:   1   1   1   0   1   0   0   0
 Final beta  occupancy:   1   1   0   0   1   0   0   0

 !UHF STATE 1.3 Energy                -23.935843337741
 Nuclear energy                         0.00000000
 One-electron energy                  -41.03141335
 Two-electron energy                   17.09557001
 Virial quotient                       -1.28418345
 !UHF STATE 1.3 Dipole moment           0.00000000     0.00000000     0.00000000
 Dipole moment /Debye                   0.00000000     0.00000000     0.00000000
 

 !UHF expec          <1.3|EKIN|1.3>    18.638959468417
 
 !UHF expec           <1.3|POT|1.3>    -8.770812798485

 ELECTRON ORBITALS FOR POSITIVE SPIN
 ===================================


   Orb  Occ    Energy  Couls-En    Coefficients

                                   1 1s      1 1s      1 1s      1 1s      1 1s      1 3d0     1 3d2+    1 3d0     1 3d2+    1 3d0  
                                   1 3d2+    1 3d0     1 3d2+    1 5g0     1 5g4+    1 5g2+    1 5g0     1 5g4+    1 5g2+ 

   1.1   +    -1.5941   -8.0492  0.999982  0.000026 -0.000085  0.000070  0.000011  0.000000  0.000000  0.000000  0.000000  0.000000
                                 0.000000  0.000000  0.000000  0.000000  0.000000  0.000000  0.000000  0.000000  0.000000

                                   1 2px     1 2px     1 2px     1 2px     1 2px     1 4f1+    1 4f3+    1 4f1+    1 4f3+    1 4f1+ 
                                   1 4f3+    1 6h1+    1 6h3+    1 6h5+ 

   1.2   +    -0.5923   -6.2165  1.005211  0.000486  0.000938 -0.001308 -0.009052  0.000000  0.000000  0.000000  0.000000  0.000000
                                 0.000000  0.000000  0.000000  0.000000

                                   1 2py     1 2py     1 2py     1 2py     1 2py     1 4f1-    1 4f3-    1 4f1-    1 4f3-    1 4f1- 
                                   1 4f3-    1 6h1-    1 6h3-    1 6h5- 

   1.3   +    -0.5923   -6.2165  1.005211  0.000486  0.000938 -0.001308 -0.009052  0.000000  0.000000  0.000000  0.000000  0.000000
                                 0.000000  0.000000  0.000000  0.000000

                                   1 2pz     1 2pz     1 2pz     1 2pz     1 2pz     1 4f0     1 4f2+    1 4f0     1 4f2+    1 4f0  
                                   1 4f2+    1 6h2+    1 6h4+    1 6h0  

   1.5   +    -0.5923   -6.2165  1.005211  0.000486  0.000938 -0.001308 -0.009052  0.000000  0.000000  0.000000  0.000000  0.000000
                                 0.000000  0.000000  0.000000  0.000000

 ELECTRON ORBITALS FOR NEGATIVE SPIN
 ===================================


   Orb  Occ    Energy  Couls-En    Coefficients

                                   1 1s      1 1s      1 1s      1 1s      1 1s      1 3d0     1 3d2+    1 3d0     1 3d2+    1 3d0  
                                   1 3d2+    1 3d0     1 3d2+    1 5g0     1 5g4+    1 5g2+    1 5g0     1 5g4+    1 5g2+ 

   1.1   -    -1.5941   -8.0492  0.999982  0.000026 -0.000085  0.000070  0.000011  0.000000  0.000000  0.000000  0.000000  0.000000
                                 0.000000  0.000000  0.000000  0.000000  0.000000  0.000000  0.000000  0.000000  0.000000

                                   1 2px     1 2px     1 2px     1 2px     1 2px     1 4f1+    1 4f3+    1 4f1+    1 4f3+    1 4f1+ 
                                   1 4f3+    1 6h1+    1 6h3+    1 6h5+ 

   1.2   -    -0.5923   -6.2165  1.005211  0.000486  0.000938 -0.001308 -0.009052  0.000000  0.000000  0.000000  0.000000  0.000000
                                 0.000000  0.000000  0.000000  0.000000

                                   1 2pz     1 2pz     1 2pz     1 2pz     1 2pz     1 4f0     1 4f2+    1 4f0     1 4f2+    1 4f0  
                                   1 4f2+    1 6h2+    1 6h4+    1 6h0  

   1.5   -    -0.5923   -6.2165  1.005211  0.000486  0.000938 -0.001308 -0.009052  0.000000  0.000000  0.000000  0.000000  0.000000
                                 0.000000  0.000000  0.000000  0.000000

 HOMO      1.2    -0.592301 =     -16.1173eV
 LUMO     -1.3    -0.592301 =     -16.1173eV
 LUMO-HOMO        -0.000000 =      -0.0000eV

 EXPECTATION VALUE OF S**2:             0.75000000

 Occupation number threshold for canonical orbitals:  1.999000 (occupied),  0.001000 (virtual)

 Number of pseudo-canonical orbitals per symmetry:    1   1   0   0   1   0   0   0
 Number of active natural orbitals per symmetry:      0   0   1   0   0   0   0   0

 NATURAL CHARGE ORBITALS
 =======================


   Orb     Occ        Energy       Coefficients

                                   1 1s      1 1s      1 1s      1 1s      1 1s      1 3d0     1 3d2+    1 3d0     1 3d2+    1 3d0  
                                   1 3d2+    1 3d0     1 3d2+    1 5g0     1 5g4+    1 5g2+    1 5g0     1 5g4+    1 5g2+ 

   1.1  2.00000    -1.594101     0.999982  0.000026 -0.000085  0.000070  0.000011  0.000000  0.000000  0.000000  0.000000  0.000000
                                 0.000000  0.000000  0.000000  0.000000  0.000000  0.000000  0.000000  0.000000  0.000000

                                   1 2px     1 2px     1 2px     1 2px     1 2px     1 4f1+    1 4f3+    1 4f1+    1 4f3+    1 4f1+ 
                                   1 4f3+    1 6h1+    1 6h3+    1 6h5+ 

   1.2  2.00000    -0.592301     1.005211  0.000486  0.000938 -0.001308 -0.009052  0.000000  0.000000  0.000000  0.000000  0.000000
                                 0.000000  0.000000  0.000000  0.000000

                                   1 2py     1 2py     1 2py     1 2py     1 2py     1 4f1-    1 4f3-    1 4f1-    1 4f3-    1 4f1- 
                                   1 4f3-    1 6h1-    1 6h3-    1 6h5- 

   1.3  1.00000    -0.361955     1.005211  0.000486  0.000938 -0.001308 -0.009052  0.000000  0.000000  0.000000  0.000000  0.000000
                                 0.000000  0.000000  0.000000  0.000000

                                   1 2pz     1 2pz     1 2pz     1 2pz     1 2pz     1 4f0     1 4f2+    1 4f0     1 4f2+    1 4f0  
                                   1 4f2+    1 6h2+    1 6h4+    1 6h0  

   1.5  2.00000    -0.592301     1.005211  0.000486  0.000938 -0.001308 -0.009052  0.000000  0.000000  0.000000  0.000000  0.000000
                                 0.000000  0.000000  0.000000  0.000000

 Natural orbitals saved to record    2200.2 (Orbital set 3)

 Orbital spaces for UNO-CAS (Min. occupation: 0.020  Max. occupation: 1.980):

 Closed:        1   1   0   0   1   0   0   0
 Active:        0   0   1   0   0   0   0   0

 No convergence



 **********************************************************************************************************************************
 DATASETS  * FILE   NREC   LENGTH (MB)   RECORD NAMES
              1      21       26.34       500      610      700      900      950      970     1000      129      960     1100   
                                          VAR    BASINP    GEOM    SYMINP    ZMAT    AOBASIS   BASIS     P2S    ABASIS      S 
                                         1400     1410     1420     1200     1210     1080     1600     1650     1300     1700   
                                         EKIN       V       ECP      H0       H01     AOSYM     SMH    MOLCAS    ERIS     OPER   
                                         1380   
                                         JKOP   

              2       7       10.43       700     1000      520     4202     5202     2101     2200   
                                         GEOM     BASIS   MCVARS     RHF     MCSCF     RHF      UHF  

 PROGRAMS   *        TOTAL       UHF       RHF     MULTI       RHF       INT
 CPU TIMES  *         2.51      0.03      0.02      0.04      0.08      2.22
 REAL TIME  *        13.43 SEC
 DISK USED  *        43.47 MB      
 **********************************************************************************************************************************
 SETTING SCF(I)         =       -23.93584334  AU                              


 PROGRAM * MRCC (General Multireference Coupled Cluster)    Author: M. Kallay, 2000-2005

 ***  Initialisation ***

   0 Spin projections
 
 Molecular orbitals read from record     2200.2  Type=UHF/ALPHA (state 1.3)

 ?Warning: UHF not converged
 Molecular orbitals read from record     2200.2  Type=UHF/BETA (state 1.3)

 ?Warning: UHF not converged
 
 Frozen orbitals:              0 (  0  0  0  0  0  0  0  0)
 Active orbitals:             90 ( 19 14 14  8 14  8  8  5)
 Active electrons:             7
 Spin quantum number:          0.5

 Transformed integrals will be written to file mrcc_50513/fort.55

 Load integrals                2.5 sec
 Transform integrals           3.2 sec
 Storage for integrals:        6401297
 Remaining memory:           *********

 Core energy:               0.00000000
 
 MRCC Input:
     4     0     0     0     3     0     0     3     0     0     0     1     1     0     0     7     0     0   0.000     0   64000
  ex.lev,nsing,ntrip, rest,method,dens,conver,symm, diag, CS ,spatial, HF, ndoub,nacto,nactv, tol, maxex, sacc, freq,  dboc,   mem
  2  0  0  0  0  0  0  0  0  0  0  0  0  0  0  0  0  0  0  2  0  0  0  0  0  0  0  0  0  0  0  0  0  1  0  0  0  0  0  0  0  0  0  0  0  0  0  0  0  0  0  0  0  0  0  2  0  0  0  0  0  0  0  0  0  0  0  0  0  0  0  0  0  0  0  0  0  0  0  0  0  0  0  0  0  0  0  0  0  0
 MRCC Input end
 Variable memory released
 MRCC now being run, temporary output in /global/cscratch1/sd/aannabe/mrcc_50513/mrcc.out
 **********************************************************************
                          MRCC program system
 **********************************************************************

                              Written by
  Mihaly Kallay, Zoltan Rolik, Jozsef Csontos, Peter Nagy, Gyula Samu,
      David Mester, Jozsef Csoka, Bernat Szabo, Istvan Ladjanszki,
       Lorant Szegedy, Bence Ladoczki, Klara Petrov, Mate Farkas,
                    Pal D. Mezei, and Bence Hegely

        Department of Physical Chemistry and Materials Science
            Budapest University of Technology and Economics
                  Budapest P.O.Box 91, H-1521 Hungary

                              www.mrcc.hu

                       Release date: May 23, 2018

 ************************ 2019-02-01 17:04:39 *************************
 Executing goldstone...

 Generation of CC equations in terms of H and T...
 Generation of antisymmetrized Goldstone diagrams...
 Number of diagrams in T^1 equations:    15
 Number of diagrams in T^2 equations:    38
 Number of diagrams in T^3 equations:    49
 Number of diagrams in T^4 equations:     5
 Translation of diagrams to factorized equations...
 Optimizing intermediate calculation...
 Number of floating-point operations per iteration step:   1.8935E+11
 Probable CPU time per iteration step (hours):      1.89
 Required memory (Mbytes):    7334.8
 Number of intermediates:                                  79
 Number of intermediates to be stored:                     32
 Length of intermediate file (Mbytes):     137.3

 ************************ 2019-02-01 17:04:40 *************************
 Executing xmrcc...

 **********************************************************************
 CC(3)(4) calculation


 Allocation of7334.8 Mbytes of memory...
 Number of spinorbitals:                   180
 Number of alpha electrons:                        4
 Number of beta electrons:                         3
 Spin multiplicity:                     2
 z-component of spin:  0.5
 Spatial symmetry:                      3
 Convergence criterion:  1.0E-07
 Construction of occupation graphs...
 Number of                     0 -fold excitations:                      1
 Number of                     1 -fold excitations:                    101
 Number of                     2 -fold excitations:                  15824
 Number of                     3 -fold excitations:                1262423
 Total number of configurations:                1278349
 Calculation of coupling coefficients...
 Length of intermediate file (Mbytes):     104.2

 ======================================================================

 Spin case  1   Alpha:  1   Beta:  3
 Number of excitations:                4555323
 Spin case  2   Alpha:  2   Beta:  2
 Number of excitations:               30766330
 Spin case  3   Alpha:  3   Beta:  1
 Number of excitations:               13350894
 Spin case  4   Alpha:  4   Beta:  0
 Number of excitations:                 266242
 Number of                     4 -fold excitations:               48938789

 Memory requirements /Mbyte/:
               Minimal        Optimal
 Real*8:        203.9983       500.6921
 Integer:        56.7658
 Total:         260.7641       557.4578


 ************************ 2019-02-01 17:04:46 *************************
 Executing mrcc...

 **********************************************************************
 CCSDT(Q) calculation


 Allocation of  500.7 Mbytes of memory...
 Number of spinorbitals: 180
 Number of alpha electrons:  4
 Number of beta  electrons:  3
 Spin multiplicity: 2
 z-component of spin:  0.5
 Spatial symmetry: 3
 Convergence criterion:  1.0E-07
 Construction of occupation graphs...
 Number of 0-fold excitations: 1
 Number of 1-fold excitations: 101
 Number of 2-fold excitations: 15824
 Number of 3-fold excitations: 1262423
 Total number of determinants: 1278349
 Calculation of coupling coefficients...
 Initial cluster amplitudes are generated.
 Length of intermediate file (Mbytes):     104.2
 Reading integral list from unit 55...
 Sorting integrals...
 Sorting integrals...
 Sorting integrals...
 Sorting integrals...
 Energy of reference determinant [au]:     -23.935843337741
 Calculation of MP denominators...

 Starting CC iteration...
 ======================================================================
 Norm of residual vector:     1.62603780
 CPU time [min]:     0.531                   Wall time [min]:     0.816

 Iteration  1  CC energy:   -24.17348014  Energy decrease:   0.23763680
 ======================================================================
 Norm of residual vector:     0.30357645
 CPU time [min]:     0.851                   Wall time [min]:     1.148

 Iteration  2  CC energy:   -24.18067960  Energy decrease:   0.00719946
 ======================================================================
 Norm of residual vector:     0.05737965
 CPU time [min]:     1.184                   Wall time [min]:     1.484

 Iteration  3  CC energy:   -24.18816956  Energy decrease:   0.00748996
 ======================================================================
 Norm of residual vector:     0.01707070
 CPU time [min]:     1.520                   Wall time [min]:     1.832

 Iteration  4  CC energy:   -24.18952237  Energy decrease:   0.00135282
 ======================================================================
 Norm of residual vector:     0.00741006
 CPU time [min]:     1.857                   Wall time [min]:     2.183

 Iteration  5  CC energy:   -24.18914712  Energy decrease:   0.00037525
 ======================================================================
 Norm of residual vector:     0.00290832
 CPU time [min]:     2.195                   Wall time [min]:     2.528

 Iteration  6  CC energy:   -24.18916177  Energy decrease:   0.00001465
 ======================================================================
 Norm of residual vector:     0.00098122
 CPU time [min]:     2.535                   Wall time [min]:     2.889

 Iteration  7  CC energy:   -24.18919714  Energy decrease:   0.00003537
 ======================================================================
 Norm of residual vector:     0.00028808
 CPU time [min]:     2.877                   Wall time [min]:     3.239

 Iteration  8  CC energy:   -24.18919622  Energy decrease:   0.00000092
 ======================================================================
 Norm of residual vector:     0.00008761
 CPU time [min]:     3.220                   Wall time [min]:     3.593

 Iteration  9  CC energy:   -24.18919608  Energy decrease:   0.00000014
 ======================================================================
 Norm of residual vector:     0.00002571
 CPU time [min]:     3.565                   Wall time [min]:     3.956

 Iteration 10  CC energy:   -24.18919642  Energy decrease:   0.00000034
 ======================================================================
 Norm of residual vector:     0.00000668
 CPU time [min]:     3.911                   Wall time [min]:     4.315

 Iteration 11  CC energy:   -24.18919635  Energy decrease:   0.00000007
 ======================================================================
 Norm of residual vector:     0.00000201
 CPU time [min]:     4.260                   Wall time [min]:     4.675

 Iteration 12  CC energy:   -24.18919636  Energy decrease:   0.00000001
 ======================================================================
 Norm of residual vector:     0.00000069
 CPU time [min]:     4.610                   Wall time [min]:     5.034

 Iteration 13  CC energy:   -24.18919636  Energy decrease:   0.00000001
 ======================================================================
 Norm of residual vector:     0.00000021
 CPU time [min]:     4.962                   Wall time [min]:     5.399

 Iteration 14  CC energy:   -24.18919636  Energy decrease:   4.3154E-09
 ======================================================================
 Norm of residual vector:     0.00000006
 CPU time [min]:     5.286                   Wall time [min]:     5.743

 Iteration 15  CC energy:   -24.18919636  Energy decrease:   7.2671E-11
 ======================================================================

 Iteration has converged in 15 steps.

 Final results:
 Total CCSDT energy [au]:            -24.189196357426
 Total MP2 energy [au]:              -24.173480141698

 Perturbative corrections are calculated...
 ======================================================================
 Spin case  1   Alpha:  1   Beta:  3
 Number of excitations:        4555323
 CPU time [min]:    22.228                   Wall time [min]:    22.695
 ======================================================================
 Spin case  2   Alpha:  2   Beta:  2
 Number of excitations:        30766330
 CPU time [min]:    59.176                   Wall time [min]:    59.640
 ======================================================================
 Spin case  3   Alpha:  3   Beta:  1
 Number of excitations:        13350894
 CPU time [min]:    80.951                   Wall time [min]:    81.416
 ======================================================================
 Spin case  4   Alpha:  4   Beta:  0
 Number of excitations:        266242
 CPU time [min]:    83.053                   Wall time [min]:    83.555
 ======================================================================
 Number of 4-fold excitations: 48938789
 CPU time [min]:    83.053                   Wall time [min]:    83.556

 Total CCSDT[Q] energy [au]:         -24.189157391619
 Total CCSDT(Q) energy [au]:         -24.189293943221

 ************************ 2019-02-01 18:28:20 *************************
                      Normal termination of mrcc.
 **********************************************************************
 !CCSDT STATE 1.3 Energy              -24.189196357426
 !MP2 STATE 1.3 Energy                -24.173480141698
 !CCSDT[Q] STATE 1.3 Energy           -24.189157391619
 !CCSDT(Q) STATE 1.3 Energy           -24.189293943221
 
 CPU-time for MRCC:           4983.2 sec
 Elapsed-time for MRCC:       5021.9 sec
