#-------------------------------------------------
#DMC run: timestep 0.02
#-------------------------------------------------


init { 
   label dmc
}
block { 
   label dmc
   totweight 320000
   nautocorr 0
   total_energy { -6.454542002818231   } 
   total_energyvar { 0.03184693447030185   } 
   weight { 1.002084140688139   } 
   weightvar { 0.002813450812638507   } 
   kinetic_energy { 2.485778251560176   } 
   kinetic_energyvar { 2.034760926568318   } 
   potential_energy { -10.06760171476132   } 
   potential_energyvar { 4.244912580665343   } 
   nonlocal_energy { 1.127281460382915   } 
   nonlocal_energyvar { 4.677383300864526   } 
   autocorr_energy { } 
} 

block { 
   label dmc
   totweight 320000
   nautocorr 0
   total_energy { -6.455055292625056   } 
   total_energyvar { 0.03255551908477372   } 
   weight { 1.00273399926758   } 
   weightvar { 0.01076509084477184   } 
   kinetic_energy { 2.476623036482648   } 
   kinetic_energyvar { 2.005324625274703   } 
   potential_energy { -10.06226873102493   } 
   potential_energyvar { 4.257750348228868   } 
   nonlocal_energy { 1.130590401917226   } 
   nonlocal_energyvar { 4.627757112361492   } 
   autocorr_energy { } 
} 

block { 
   label dmc
   totweight 320000
   nautocorr 0
   total_energy { -6.455066804578919   } 
   total_energyvar { 0.03311836942523882   } 
   weight { 1.000534628562472   } 
   weightvar { 0.01973930648503264   } 
   kinetic_energy { 2.473790419058751   } 
   kinetic_energyvar { 1.974964098432578   } 
   potential_energy { -10.0416022970943   } 
   potential_energyvar { 4.173360703303814   } 
   nonlocal_energy { 1.112745073456625   } 
   nonlocal_energyvar { 4.537633319755469   } 
   autocorr_energy { } 
} 

block { 
   label dmc
   totweight 320000
   nautocorr 0
   total_energy { -6.456101590551215   } 
   total_energyvar { 0.03338106026877341   } 
   weight { 1.000267312576267   } 
   weightvar { 0.02909568040264188   } 
   kinetic_energy { 2.494684708173651   } 
   kinetic_energyvar { 2.044743062140609   } 
   potential_energy { -10.10413316185255   } 
   potential_energyvar { 4.339556002921185   } 
   nonlocal_energy { 1.153346863127677   } 
   nonlocal_energyvar { 4.882481527877368   } 
   autocorr_energy { } 
} 

block { 
   label dmc
   totweight 320000
   nautocorr 0
   total_energy { -6.458856021354308   } 
   total_energyvar { 0.03318525914881576   } 
   weight { 1.001606210593303   } 
   weightvar { 0.03813587461240764   } 
   kinetic_energy { 2.478766618024107   } 
   kinetic_energyvar { 2.081941494905234   } 
   potential_energy { -10.06744875277115   } 
   potential_energyvar { 4.360421553924553   } 
   nonlocal_energy { 1.129826113392729   } 
   nonlocal_energyvar { 4.814657815567624   } 
   autocorr_energy { } 
} 

block { 
   label dmc
   totweight 320000
   nautocorr 0
   total_energy { -6.45647488832809   } 
   total_energyvar { 0.03376033122140143   } 
   weight { 1.00148496349884   } 
   weightvar { 0.04658480238939955   } 
   kinetic_energy { 2.484749412720101   } 
   kinetic_energyvar { 2.010073502948818   } 
   potential_energy { -10.07073196296447   } 
   potential_energyvar { 4.285112870766156   } 
   nonlocal_energy { 1.129507661916276   } 
   nonlocal_energyvar { 4.721887372834345   } 
   autocorr_energy { } 
} 

block { 
   label dmc
   totweight 320000
   nautocorr 0
   total_energy { -6.456567326238368   } 
   total_energyvar { 0.03332502221436329   } 
   weight { 1.000446278422714   } 
   weightvar { 0.05313488798753574   } 
   kinetic_energy { 2.47092807855767   } 
   kinetic_energyvar { 2.046020005840189   } 
   potential_energy { -10.07161776113517   } 
   potential_energyvar { 4.311235320985489   } 
   nonlocal_energy { 1.144122356339126   } 
   nonlocal_energyvar { 4.788796143955567   } 
   autocorr_energy { } 
} 

block { 
   label dmc
   totweight 320000
   nautocorr 0
   total_energy { -6.458293198839856   } 
   total_energyvar { 0.03262662786045922   } 
   weight { 1.000493635915397   } 
   weightvar { 0.05889228410116876   } 
   kinetic_energy { 2.473989172565944   } 
   kinetic_energyvar { 1.966169882869881   } 
   potential_energy { -10.04623571506598   } 
   potential_energyvar { 4.261966033143764   } 
   nonlocal_energy { 1.113953343660173   } 
   nonlocal_energyvar { 4.601009495428588   } 
   autocorr_energy { } 
} 

block { 
   label dmc
   totweight 320000
   nautocorr 0
   total_energy { -6.456123975781274   } 
   total_energyvar { 0.03301905499630209   } 
   weight { 0.9995027998825264   } 
   weightvar { 0.06376803025864541   } 
   kinetic_energy { 2.457366351649208   } 
   kinetic_energyvar { 2.092202949565599   } 
   potential_energy { -10.03692541520249   } 
   potential_energyvar { 4.598391719818338   } 
   nonlocal_energy { 1.123435087772005   } 
   nonlocal_energyvar { 5.172981198754209   } 
   autocorr_energy { } 
} 

block { 
   label dmc
   totweight 320000
   nautocorr 0
   total_energy { -6.45707435429461   } 
   total_energyvar { 0.033249882911214   } 
   weight { 0.9993478684011167   } 
   weightvar { 0.06869547633887585   } 
   kinetic_energy { 2.481706569054593   } 
   kinetic_energyvar { 2.065138652975847   } 
   potential_energy { -10.0695889691909   } 
   potential_energyvar { 4.324288035788399   } 
   nonlocal_energy { 1.130808045841696   } 
   nonlocal_energyvar { 4.744172185776087   } 
   autocorr_energy { } 
} 

block { 
   label dmc
   totweight 320000
   nautocorr 0
   total_energy { -6.455694779489067   } 
   total_energyvar { 0.03460366772851842   } 
   weight { 0.9988014980206071   } 
   weightvar { 0.07170598057399091   } 
   kinetic_energy { 2.479372276225071   } 
   kinetic_energyvar { 2.036861650782658   } 
   potential_energy { -10.0590404930193   } 
   potential_energyvar { 4.247443062887797   } 
   nonlocal_energy { 1.123973437305167   } 
   nonlocal_energyvar { 4.812756994277139   } 
   autocorr_energy { } 
} 

block { 
   label dmc
   totweight 320000
   nautocorr 0
   total_energy { -6.456678944311111   } 
   total_energyvar { 0.03403427688981253   } 
   weight { 0.9987651436659355   } 
   weightvar { 0.07405655483707585   } 
   kinetic_energy { 2.467946804842346   } 
   kinetic_energyvar { 2.05053880797239   } 
   potential_energy { -10.07211462344338   } 
   potential_energyvar { 4.331478997997507   } 
   nonlocal_energy { 1.147488874289919   } 
   nonlocal_energyvar { 4.877537853408636   } 
   autocorr_energy { } 
} 

block { 
   label dmc
   totweight 320000
   nautocorr 0
   total_energy { -6.456057445218291   } 
   total_energyvar { 0.03305205511201592   } 
   weight { 0.9989645241330749   } 
   weightvar { 0.0767773171400481   } 
   kinetic_energy { 2.48444600204708   } 
   kinetic_energyvar { 2.026268567439215   } 
   potential_energy { -10.07314346352897   } 
   potential_energyvar { 4.303297774525802   } 
   nonlocal_energy { 1.132640016263599   } 
   nonlocal_energyvar { 4.673296791902415   } 
   autocorr_energy { } 
} 

block { 
   label dmc
   totweight 320000
   nautocorr 0
   total_energy { -6.458412935356766   } 
   total_energyvar { 0.03452775300328881   } 
   weight { 0.9999685629347361   } 
   weightvar { 0.07941521463017887   } 
   kinetic_energy { 2.484109379936114   } 
   kinetic_energyvar { 2.097483745785086   } 
   potential_energy { -10.10400611420193   } 
   potential_energyvar { 4.380482181926027   } 
   nonlocal_energy { 1.161483798909045   } 
   nonlocal_energyvar { 4.972966356276388   } 
   autocorr_energy { } 
} 

block { 
   label dmc
   totweight 320000
   nautocorr 0
   total_energy { -6.45698482945919   } 
   total_energyvar { 0.032712518067612   } 
   weight { 1.000058394115916   } 
   weightvar { 0.07999580305629683   } 
   kinetic_energy { 2.506054879143164   } 
   kinetic_energyvar { 2.055228381733548   } 
   potential_energy { -10.08661288667632   } 
   potential_energyvar { 4.170133092622748   } 
   nonlocal_energy { 1.12357317807396   } 
   nonlocal_energyvar { 4.675030538228961   } 
   autocorr_energy { } 
} 

block { 
   label dmc
   totweight 320000
   nautocorr 0
   total_energy { -6.455720947142749   } 
   total_energyvar { 0.03156770988083224   } 
   weight { 0.9992446399228773   } 
   weightvar { 0.0809747158947266   } 
   kinetic_energy { 2.513771628885592   } 
   kinetic_energyvar { 1.966999145866357   } 
   potential_energy { -10.09592878990987   } 
   potential_energyvar { 4.173444090437769   } 
   nonlocal_energy { 1.126436213881531   } 
   nonlocal_energyvar { 4.510842773492401   } 
   autocorr_energy { } 
} 

block { 
   label dmc
   totweight 320000
   nautocorr 0
   total_energy { -6.456673114090274   } 
   total_energyvar { 0.03391905794250505   } 
   weight { 0.9986882149678029   } 
   weightvar { 0.08094743938673044   } 
   kinetic_energy { 2.497557347506092   } 
   kinetic_energyvar { 2.134515863751187   } 
   potential_energy { -10.09660668084936   } 
   potential_energyvar { 4.265605515743275   } 
   nonlocal_energy { 1.142376219252996   } 
   nonlocal_energyvar { 4.923509319901686   } 
   autocorr_energy { } 
} 

block { 
   label dmc
   totweight 320000
   nautocorr 0
   total_energy { -6.456414424538096   } 
   total_energyvar { 0.03434486968153294   } 
   weight { 0.9992469713916821   } 
   weightvar { 0.08377626135071459   } 
   kinetic_energy { 2.477166758034985   } 
   kinetic_energyvar { 2.160217609673813   } 
   potential_energy { -10.06868272517046   } 
   potential_energyvar { 4.316095400442435   } 
   nonlocal_energy { 1.135101542597373   } 
   nonlocal_energyvar { 5.083749090475337   } 
   autocorr_energy { } 
} 

block { 
   label dmc
   totweight 320000
   nautocorr 0
   total_energy { -6.455158793181198   } 
   total_energyvar { 0.03212428683804092   } 
   weight { 0.999151128838323   } 
   weightvar { 0.08536046043093515   } 
   kinetic_energy { 2.473169287362845   } 
   kinetic_energyvar { 1.97166258224319   } 
   potential_energy { -10.03731631999643   } 
   potential_energyvar { 4.194726829747381   } 
   nonlocal_energy { 1.10898823945239   } 
   nonlocal_energyvar { 4.545494486192731   } 
   autocorr_energy { } 
} 

block { 
   label dmc
   totweight 320000
   nautocorr 0
   total_energy { -6.454128752803344   } 
   total_energyvar { 0.03234971090234495   } 
   weight { 0.9975091807233419   } 
   weightvar { 0.08693705577474975   } 
   kinetic_energy { 2.483892103934016   } 
   kinetic_energyvar { 1.96842763226182   } 
   potential_energy { -10.05706026230502   } 
   potential_energyvar { 4.304633078238624   } 
   nonlocal_energy { 1.11903940556766   } 
   nonlocal_energyvar { 4.531220617475285   } 
   autocorr_energy { } 
} 

block { 
   label dmc
   totweight 320000
   nautocorr 0
   total_energy { -6.454208443254165   } 
   total_energyvar { 0.03264638808891362   } 
   weight { 0.9973134421489752   } 
   weightvar { 0.08691819432248826   } 
   kinetic_energy { 2.474033489217263   } 
   kinetic_energyvar { 2.005716217486062   } 
   potential_energy { -10.05167186669839   } 
   potential_energyvar { 4.297925429445144   } 
   nonlocal_energy { 1.123429934226961   } 
   nonlocal_energyvar { 4.594940764676448   } 
   autocorr_energy { } 
} 

block { 
   label dmc
   totweight 320000
   nautocorr 0
   total_energy { -6.455272538943738   } 
   total_energyvar { 0.03279490424072407   } 
   weight { 0.9974890547032786   } 
   weightvar { 0.08692603158303946   } 
   kinetic_energy { 2.489234810194659   } 
   kinetic_energyvar { 2.050520185746458   } 
   potential_energy { -10.08510924292188   } 
   potential_energyvar { 4.301784652559974   } 
   nonlocal_energy { 1.140601893783479   } 
   nonlocal_energyvar { 4.714830490190814   } 
   autocorr_energy { } 
} 

block { 
   label dmc
   totweight 320000
   nautocorr 0
   total_energy { -6.456744081752319   } 
   total_energyvar { 0.03200695209719839   } 
   weight { 0.9989718267184213   } 
   weightvar { 0.08755825627344083   } 
   kinetic_energy { 2.472440974215071   } 
   kinetic_energyvar { 2.019616191668528   } 
   potential_energy { -10.0419734057695   } 
   potential_energyvar { 4.179364342900485   } 
   nonlocal_energy { 1.112788349802109   } 
   nonlocal_energyvar { 4.509591308748108   } 
   autocorr_energy { } 
} 

block { 
   label dmc
   totweight 320000
   nautocorr 0
   total_energy { -6.458347382508086   } 
   total_energyvar { 0.03351535712226195   } 
   weight { 1.00032838857718   } 
   weightvar { 0.08835769527162296   } 
   kinetic_energy { 2.478965150004375   } 
   kinetic_energyvar { 2.001513606966748   } 
   potential_energy { -10.05927899331562   } 
   potential_energyvar { 4.294481595029879   } 
   nonlocal_energy { 1.121966460803161   } 
   nonlocal_energyvar { 4.662464762843004   } 
   autocorr_energy { } 
} 

block { 
   label dmc
   totweight 320000
   nautocorr 0
   total_energy { -6.45782828399361   } 
   total_energyvar { 0.0325307734928586   } 
   weight { 1.001000809014056   } 
   weightvar { 0.08743975230882794   } 
   kinetic_energy { 2.501157314456937   } 
   kinetic_energyvar { 2.030585963872609   } 
   potential_energy { -10.07638388967765   } 
   potential_energyvar { 4.238485312340956   } 
   nonlocal_energy { 1.117398291227106   } 
   nonlocal_energyvar { 4.556049708610241   } 
   autocorr_energy { } 
} 

block { 
   label dmc
   totweight 320000
   nautocorr 0
   total_energy { -6.457472603475677   } 
   total_energyvar { 0.03354235054531784   } 
   weight { 1.00060931464925   } 
   weightvar { 0.08749406480330846   } 
   kinetic_energy { 2.488866294934229   } 
   kinetic_energyvar { 2.053947939295278   } 
   potential_energy { -10.07522288066783   } 
   potential_energyvar { 4.269987639764835   } 
   nonlocal_energy { 1.128883982257922   } 
   nonlocal_energyvar { 4.675408987095487   } 
   autocorr_energy { } 
} 

block { 
   label dmc
   totweight 320000
   nautocorr 0
   total_energy { -6.456668210151244   } 
   total_energyvar { 0.03407006135336843   } 
   weight { 1.000128707553481   } 
   weightvar { 0.08799243634705167   } 
   kinetic_energy { 2.482619325204843   } 
   kinetic_energyvar { 2.05014592238281   } 
   potential_energy { -10.05184416351   } 
   potential_energyvar { 4.215521158655235   } 
   nonlocal_energy { 1.112556628153911   } 
   nonlocal_energyvar { 4.547997754437233   } 
   autocorr_energy { } 
} 

block { 
   label dmc
   totweight 320000
   nautocorr 0
   total_energy { -6.457026672496259   } 
   total_energyvar { 0.03250262634789181   } 
   weight { 0.9998685168066941   } 
   weightvar { 0.08753292439049376   } 
   kinetic_energy { 2.463753355596237   } 
   kinetic_energyvar { 2.125864108962673   } 
   potential_energy { -10.03720138519543   } 
   potential_energyvar { 4.148055609948344   } 
   nonlocal_energy { 1.116421357102932   } 
   nonlocal_energyvar { 4.752812015804318   } 
   autocorr_energy { } 
} 

block { 
   label dmc
   totweight 320000
   nautocorr 0
   total_energy { -6.456827615296183   } 
   total_energyvar { 0.03296739523939607   } 
   weight { 1.000039083500028   } 
   weightvar { 0.08756452967532158   } 
   kinetic_energy { 2.461012873899595   } 
   kinetic_energyvar { 2.051662923432708   } 
   potential_energy { -10.05411198785167   } 
   potential_energyvar { 4.25713648620615   } 
   nonlocal_energy { 1.136271498655893   } 
   nonlocal_energyvar { 4.734508307455536   } 
   autocorr_energy { } 
} 

block { 
   label dmc
   totweight 320000
   nautocorr 0
   total_energy { -6.458250485781916   } 
   total_energyvar { 0.03329417228587062   } 
   weight { 1.000202075415633   } 
   weightvar { 0.08898608912770989   } 
   kinetic_energy { 2.459442984215825   } 
   kinetic_energyvar { 2.068739100764422   } 
   potential_energy { -10.04605345441338   } 
   potential_energyvar { 4.250912266536773   } 
   nonlocal_energy { 1.128359984415635   } 
   nonlocal_energyvar { 4.70641763417852   } 
   autocorr_energy { } 
} 

block { 
   label dmc
   totweight 320000
   nautocorr 0
   total_energy { -6.456497648148675   } 
   total_energyvar { 0.03297037530717262   } 
   weight { 1.000164896313576   } 
   weightvar { 0.08984619103412483   } 
   kinetic_energy { 2.476306988304439   } 
   kinetic_energyvar { 2.078762021706897   } 
   potential_energy { -10.07192456046603   } 
   potential_energyvar { 4.323259788338717   } 
   nonlocal_energy { 1.139119924012915   } 
   nonlocal_energyvar { 4.878892957195418   } 
   autocorr_energy { } 
} 

block { 
   label dmc
   totweight 320000
   nautocorr 0
   total_energy { -6.4557343239036   } 
   total_energyvar { 0.0324030436351137   } 
   weight { 0.9991479091377132   } 
   weightvar { 0.08992826418857314   } 
   kinetic_energy { 2.469761683834585   } 
   kinetic_energyvar { 2.018248210118937   } 
   potential_energy { -10.05167873444588   } 
   potential_energyvar { 4.168328884633084   } 
   nonlocal_energy { 1.1261827267077   } 
   nonlocal_energyvar { 4.631406989878863   } 
   autocorr_energy { } 
} 

block { 
   label dmc
   totweight 320000
   nautocorr 0
   total_energy { -6.455409504267378   } 
   total_energyvar { 0.03353335409374125   } 
   weight { 0.998801724342719   } 
   weightvar { 0.08925776769438754   } 
   kinetic_energy { 2.467148066025018   } 
   kinetic_energyvar { 2.038182449697547   } 
   potential_energy { -10.05815737831865   } 
   potential_energyvar { 4.30374700321633   } 
   nonlocal_energy { 1.135599808026258   } 
   nonlocal_energyvar { 4.768808619560443   } 
   autocorr_energy { } 
} 

block { 
   label dmc
   totweight 320000
   nautocorr 0
   total_energy { -6.455232311294693   } 
   total_energyvar { 0.03379507153532302   } 
   weight { 0.9982158174328429   } 
   weightvar { 0.09031490638591433   } 
   kinetic_energy { 2.46958162054526   } 
   kinetic_energyvar { 2.08846189807745   } 
   potential_energy { -10.07618701368769   } 
   potential_energyvar { 4.349378252667393   } 
   nonlocal_energy { 1.151373081847743   } 
   nonlocal_energyvar { 4.799986244272485   } 
   autocorr_energy { } 
} 

block { 
   label dmc
   totweight 320000
   nautocorr 0
   total_energy { -6.456505586023634   } 
   total_energyvar { 0.03276783835680419   } 
   weight { 0.9989221681212163   } 
   weightvar { 0.08960441601691094   } 
   kinetic_energy { 2.47144597466066   } 
   kinetic_energyvar { 2.007165568849715   } 
   potential_energy { -10.06818370699207   } 
   potential_energyvar { 4.312729664594386   } 
   nonlocal_energy { 1.140232146307778   } 
   nonlocal_energyvar { 4.641207245495619   } 
   autocorr_energy { } 
} 

block { 
   label dmc
   totweight 320000
   nautocorr 0
   total_energy { -6.45713715232626   } 
   total_energyvar { 0.03197109869025638   } 
   weight { 0.9997357528848435   } 
   weightvar { 0.08859127989616633   } 
   kinetic_energy { 2.483008850213813   } 
   kinetic_energyvar { 1.993768408726345   } 
   potential_energy { -10.07196840612008   } 
   potential_energyvar { 4.191798947977887   } 
   nonlocal_energy { 1.131822403580012   } 
   nonlocal_energyvar { 4.601897004777659   } 
   autocorr_energy { } 
} 

block { 
   label dmc
   totweight 320000
   nautocorr 0
   total_energy { -6.455488686006291   } 
   total_energyvar { 0.03201980174426922   } 
   weight { 0.9991949475899909   } 
   weightvar { 0.08773979043580926   } 
   kinetic_energy { 2.488735573589242   } 
   kinetic_energyvar { 1.990165027424713   } 
   potential_energy { -10.07261392041232   } 
   potential_energyvar { 4.236565284392654   } 
   nonlocal_energy { 1.128389660816786   } 
   nonlocal_energyvar { 4.56312250919722   } 
   autocorr_energy { } 
} 

block { 
   label dmc
   totweight 320000
   nautocorr 0
   total_energy { -6.456547674238321   } 
   total_energyvar { 0.03129341562889465   } 
   weight { 0.9995224527502571   } 
   weightvar { 0.08822596602478971   } 
   kinetic_energy { 2.482623050957874   } 
   kinetic_energyvar { 1.930362589694941   } 
   potential_energy { -10.04870850802982   } 
   potential_energyvar { 4.169388368373603   } 
   nonlocal_energy { 1.109537782833629   } 
   nonlocal_energyvar { 4.356503868123234   } 
   autocorr_energy { } 
} 

block { 
   label dmc
   totweight 320000
   nautocorr 0
   total_energy { -6.455425357067464   } 
   total_energyvar { 0.03440541474586922   } 
   weight { 0.9989575226287954   } 
   weightvar { 0.08826753994836889   } 
   kinetic_energy { 2.461002703115091   } 
   kinetic_energyvar { 2.070952659329439   } 
   potential_energy { -10.03361683776405   } 
   potential_energyvar { 4.296490910160671   } 
   nonlocal_energy { 1.1171887775815   } 
   nonlocal_energyvar { 4.8643682848754   } 
   autocorr_energy { } 
} 

block { 
   label dmc
   totweight 320000
   nautocorr 0
   total_energy { -6.453966316912182   } 
   total_energyvar { 0.03301242726192299   } 
   weight { 0.9982016093712417   } 
   weightvar { 0.08853504340711993   } 
   kinetic_energy { 2.469628283703227   } 
   kinetic_energyvar { 1.966495987442408   } 
   potential_energy { -10.05255602082413   } 
   potential_energyvar { 4.200622718084944   } 
   nonlocal_energy { 1.12896142020872   } 
   nonlocal_energyvar { 4.548588535178252   } 
   autocorr_energy { } 
} 

block { 
   label dmc
   totweight 320000
   nautocorr 0
   total_energy { -6.455424977776299   } 
   total_energyvar { 0.03430244743849897   } 
   weight { 0.9977252798947734   } 
   weightvar { 0.08988692382448782   } 
   kinetic_energy { 2.48250888090195   } 
   kinetic_energyvar { 2.065575267313806   } 
   potential_energy { -10.08279898015612   } 
   potential_energyvar { 4.270791176527823   } 
   nonlocal_energy { 1.144865121477873   } 
   nonlocal_energyvar { 4.824580596022827   } 
   autocorr_energy { } 
} 

block { 
   label dmc
   totweight 320000
   nautocorr 0
   total_energy { -6.455744942952715   } 
   total_energyvar { 0.03489604977308858   } 
   weight { 0.9985685409173216   } 
   weightvar { 0.09058356555778979   } 
   kinetic_energy { 2.497346199767825   } 
   kinetic_energyvar { 2.040744768302937   } 
   potential_energy { -10.09685596502191   } 
   potential_energyvar { 4.302275615568234   } 
   nonlocal_energy { 1.143764822301374   } 
   nonlocal_energyvar { 4.717805910018546   } 
   autocorr_energy { } 
} 

block { 
   label dmc
   totweight 320000
   nautocorr 0
   total_energy { -6.455489304375701   } 
   total_energyvar { 0.03155584297921621   } 
   weight { 0.9985690690875079   } 
   weightvar { 0.08852864194769083   } 
   kinetic_energy { 2.484245513946496   } 
   kinetic_energyvar { 2.060219706118754   } 
   potential_energy { -10.07261004001206   } 
   potential_energyvar { 4.250863990139479   } 
   nonlocal_energy { 1.13287522168986   } 
   nonlocal_energyvar { 4.707729027168406   } 
   autocorr_energy { } 
} 

block { 
   label dmc
   totweight 320000
   nautocorr 0
   total_energy { -6.454539663963094   } 
   total_energyvar { 0.0332134953502532   } 
   weight { 0.9984327877480939   } 
   weightvar { 0.08845024709087113   } 
   kinetic_energy { 2.488458685195567   } 
   kinetic_energyvar { 2.04867519562283   } 
   potential_energy { -10.09264886843955   } 
   potential_energyvar { 4.295429674404701   } 
   nonlocal_energy { 1.149650519280893   } 
   nonlocal_energyvar { 4.78452277821325   } 
   autocorr_energy { } 
} 

block { 
   label dmc
   totweight 320000
   nautocorr 0
   total_energy { -6.456197760168792   } 
   total_energyvar { 0.03313072845008946   } 
   weight { 0.9985268213347859   } 
   weightvar { 0.08898961007895734   } 
   kinetic_energy { 2.480016336674695   } 
   kinetic_energyvar { 2.023885397400329   } 
   potential_energy { -10.08746474907115   } 
   potential_energyvar { 4.374867214675589   } 
   nonlocal_energy { 1.151250652227668   } 
   nonlocal_energyvar { 4.779985606894883   } 
   autocorr_energy { } 
} 

block { 
   label dmc
   totweight 320000
   nautocorr 0
   total_energy { -6.457751610857084   } 
   total_energyvar { 0.0346007213176236   } 
   weight { 0.9993191491569225   } 
   weightvar { 0.08986789589585054   } 
   kinetic_energy { 2.456329412499547   } 
   kinetic_energyvar { 2.104379588376752   } 
   potential_energy { -10.05390592668019   } 
   potential_energyvar { 4.314604464780047   } 
   nonlocal_energy { 1.13982490332356   } 
   nonlocal_energyvar { 4.731357347222581   } 
   autocorr_energy { } 
} 

block { 
   label dmc
   totweight 320000
   nautocorr 0
   total_energy { -6.457002830144698   } 
   total_energyvar { 0.03309244844956538   } 
   weight { 1.000528012843303   } 
   weightvar { 0.08946828743160196   } 
   kinetic_energy { 2.452988525187544   } 
   kinetic_energyvar { 2.03586836016015   } 
   potential_energy { -10.04184923343468   } 
   potential_energyvar { 4.305602797156794   } 
   nonlocal_energy { 1.13185787810244   } 
   nonlocal_energyvar { 4.687542049466934   } 
   autocorr_energy { } 
} 

block { 
   label dmc
   totweight 320000
   nautocorr 0
   total_energy { -6.455002644521889   } 
   total_energyvar { 0.0331395433471684   } 
   weight { 0.999129462038854   } 
   weightvar { 0.08855456635551773   } 
   kinetic_energy { 2.463468184575868   } 
   kinetic_energyvar { 2.013899769378315   } 
   potential_energy { -10.04757409511866   } 
   potential_energyvar { 4.23674969339244   } 
   nonlocal_energy { 1.129103266020907   } 
   nonlocal_energyvar { 4.647487368188416   } 
   autocorr_energy { } 
} 

block { 
   label dmc
   totweight 320000
   nautocorr 0
   total_energy { -6.455875320347699   } 
   total_energyvar { 0.03215529119152194   } 
   weight { 0.9987125036705278   } 
   weightvar { 0.08863293750000623   } 
   kinetic_energy { 2.473363374032445   } 
   kinetic_energyvar { 2.018469908113606   } 
   potential_energy { -10.04930079741084   } 
   potential_energyvar { 4.217101537076516   } 
   nonlocal_energy { 1.120062103030697   } 
   nonlocal_energyvar { 4.55751141756642   } 
   autocorr_energy { } 
} 

block { 
   label dmc
   totweight 320000
   nautocorr 0
   total_energy { -6.457587860265993   } 
   total_energyvar { 0.0328854560304066   } 
   weight { 0.999955568421118   } 
   weightvar { 0.0889002142193428   } 
   kinetic_energy { 2.47617162899052   } 
   kinetic_energyvar { 1.990287348921297   } 
   potential_energy { -10.0595908738293   } 
   potential_energyvar { 4.326397134635187   } 
   nonlocal_energy { 1.125831384572785   } 
   nonlocal_energyvar { 4.622522082666695   } 
   autocorr_energy { } 
} 

block { 
   label dmc
   totweight 320000
   nautocorr 0
   total_energy { -6.457137816046056   } 
   total_energyvar { 0.03552678457492675   } 
   weight { 1.000295458348393   } 
   weightvar { 0.08901317758715699   } 
   kinetic_energy { 2.473923501652228   } 
   kinetic_energyvar { 2.034754180925804   } 
   potential_energy { -10.05822516251415   } 
   potential_energyvar { 4.257154866762207   } 
   nonlocal_energy { 1.127163844815868   } 
   nonlocal_energyvar { 4.641914923433046   } 
   autocorr_energy { } 
} 

block { 
   label dmc
   totweight 320000
   nautocorr 0
   total_energy { -6.454676199565831   } 
   total_energyvar { 0.03475144517650364   } 
   weight { 0.9991795302302875   } 
   weightvar { 0.08907639449878024   } 
   kinetic_energy { 2.479597424308957   } 
   kinetic_energyvar { 2.073295484413483   } 
   potential_energy { -10.08315111943394   } 
   potential_energyvar { 4.37822569624322   } 
   nonlocal_energy { 1.148877495559157   } 
   nonlocal_energyvar { 4.942396875347281   } 
   autocorr_energy { } 
} 

block { 
   label dmc
   totweight 320000
   nautocorr 0
   total_energy { -6.454023805410047   } 
   total_energyvar { 0.03267823356966204   } 
   weight { 0.998270769133093   } 
   weightvar { 0.09068931863303276   } 
   kinetic_energy { 2.478586258705827   } 
   kinetic_energyvar { 2.022465426255924   } 
   potential_energy { -10.06716142579313   } 
   potential_energyvar { 4.245009836087533   } 
   nonlocal_energy { 1.134551361677253   } 
   nonlocal_energyvar { 4.751088637845484   } 
   autocorr_energy { } 
} 

block { 
   label dmc
   totweight 320000
   nautocorr 0
   total_energy { -6.455765352702027   } 
   total_energyvar { 0.0302152306316259   } 
   weight { 0.9982231179790412   } 
   weightvar { 0.0905072227760596   } 
   kinetic_energy { 2.486752326862113   } 
   kinetic_energyvar { 1.967912658200346   } 
   potential_energy { -10.05773977483966   } 
   potential_energyvar { 4.176112884301872   } 
   nonlocal_energy { 1.115222095275524   } 
   nonlocal_energyvar { 4.416068097689881   } 
   autocorr_energy { } 
} 

block { 
   label dmc
   totweight 320000
   nautocorr 0
   total_energy { -6.454973153877188   } 
   total_energyvar { 0.03323964732027207   } 
   weight { 0.9986377325819863   } 
   weightvar { 0.08941436710376649   } 
   kinetic_energy { 2.494038917555605   } 
   kinetic_energyvar { 1.970670303880813   } 
   potential_energy { -10.06046404409898   } 
   potential_energyvar { 4.216730213814841   } 
   nonlocal_energy { 1.111451972666189   } 
   nonlocal_energyvar { 4.570722825001395   } 
   autocorr_energy { } 
} 

block { 
   label dmc
   totweight 320000
   nautocorr 0
   total_energy { -6.454991713826139   } 
   total_energyvar { 0.03177856322514572   } 
   weight { 0.9984896542737323   } 
   weightvar { 0.08736725089184549   } 
   kinetic_energy { 2.478000748312766   } 
   kinetic_energyvar { 2.05573958206635   } 
   potential_energy { -10.04720254084801   } 
   potential_energyvar { 4.272368991997993   } 
   nonlocal_energy { 1.1142100787091   } 
   nonlocal_energyvar { 4.670692790321741   } 
   autocorr_energy { } 
} 

block { 
   label dmc
   totweight 320000
   nautocorr 0
   total_energy { -6.455380826742211   } 
   total_energyvar { 0.03161197805759741   } 
   weight { 0.9983073025702502   } 
   weightvar { 0.08698719643996866   } 
   kinetic_energy { 2.485265064896744   } 
   kinetic_energyvar { 2.028086081377523   } 
   potential_energy { -10.06152057503915   } 
   potential_energyvar { 4.241142835448727   } 
   nonlocal_energy { 1.120874683400194   } 
   nonlocal_energyvar { 4.60200741379893   } 
   autocorr_energy { } 
} 

block { 
   label dmc
   totweight 320000
   nautocorr 0
   total_energy { -6.454494947362493   } 
   total_energyvar { 0.03236173094591521   } 
   weight { 0.9983005795913432   } 
   weightvar { 0.08804712905704304   } 
   kinetic_energy { 2.46846251559422   } 
   kinetic_energyvar { 2.058221182336481   } 
   potential_energy { -10.06080938721675   } 
   potential_energyvar { 4.283936421389484   } 
   nonlocal_energy { 1.137851924260036   } 
   nonlocal_energyvar { 4.738155395410879   } 
   autocorr_energy { } 
} 

block { 
   label dmc
   totweight 320000
   nautocorr 0
   total_energy { -6.456660120874187   } 
   total_energyvar { 0.03235037218963299   } 
   weight { 0.9989598813684802   } 
   weightvar { 0.08952995880778192   } 
   kinetic_energy { 2.467457303098859   } 
   kinetic_energyvar { 2.02175284002   } 
   potential_energy { -10.03197428165591   } 
   potential_energyvar { 4.249359613870766   } 
   nonlocal_energy { 1.107856857682861   } 
   nonlocal_energyvar { 4.508728223528513   } 
   autocorr_energy { } 
} 

block { 
   label dmc
   totweight 320000
   nautocorr 0
   total_energy { -6.455298345772654   } 
   total_energyvar { 0.03414693672488056   } 
   weight { 0.9990097909552187   } 
   weightvar { 0.08969861779856447   } 
   kinetic_energy { 2.478731124808648   } 
   kinetic_energyvar { 2.054511677866322   } 
   potential_energy { -10.06447373102402   } 
   potential_energyvar { 4.317559387185938   } 
   nonlocal_energy { 1.13044426044272   } 
   nonlocal_energyvar { 4.715548921143877   } 
   autocorr_energy { } 
} 

block { 
   label dmc
   totweight 320000
   nautocorr 0
   total_energy { -6.454396716045395   } 
   total_energyvar { 0.03336398193603429   } 
   weight { 0.9984893845047089   } 
   weightvar { 0.09006792084445314   } 
   kinetic_energy { 2.47653933503708   } 
   kinetic_energyvar { 2.045464071692661   } 
   potential_energy { -10.05421744529795   } 
   potential_energyvar { 4.286215065902013   } 
   nonlocal_energy { 1.123281394215473   } 
   nonlocal_energyvar { 4.662126720471618   } 
   autocorr_energy { } 
} 

block { 
   label dmc
   totweight 320000
   nautocorr 0
   total_energy { -6.455335366238516   } 
   total_energyvar { 0.03204499806845718   } 
   weight { 0.998449518030069   } 
   weightvar { 0.09041580079235711   } 
   kinetic_energy { 2.483325666384274   } 
   kinetic_energyvar { 1.989084902174681   } 
   potential_energy { -10.04707884131439   } 
   potential_energyvar { 4.16839717321308   } 
   nonlocal_energy { 1.108417808691606   } 
   nonlocal_energyvar { 4.449604311326615   } 
   autocorr_energy { } 
} 

block { 
   label dmc
   totweight 320000
   nautocorr 0
   total_energy { -6.457037284662399   } 
   total_energyvar { 0.03283574112646903   } 
   weight { 0.9994023454550297   } 
   weightvar { 0.09114852581827992   } 
   kinetic_energy { 2.474945048834278   } 
   kinetic_energyvar { 2.010355077566609   } 
   potential_energy { -10.05448708512265   } 
   potential_energyvar { 4.263219689752987   } 
   nonlocal_energy { 1.122504751625972   } 
   nonlocal_energyvar { 4.645071508023907   } 
   autocorr_energy { } 
} 

block { 
   label dmc
   totweight 320000
   nautocorr 0
   total_energy { -6.457888288335657   } 
   total_energyvar { 0.03401783088261112   } 
   weight { 1.000473487603619   } 
   weightvar { 0.09147755468779062   } 
   kinetic_energy { 2.475582086477591   } 
   kinetic_energyvar { 2.011765773219032   } 
   potential_energy { -10.07517607875328   } 
   potential_energyvar { 4.305055990141156   } 
   nonlocal_energy { 1.141705703940034   } 
   nonlocal_energyvar { 4.713773576613838   } 
   autocorr_energy { } 
} 

block { 
   label dmc
   totweight 320000
   nautocorr 0
   total_energy { -6.45596699905939   } 
   total_energyvar { 0.03165364850114116   } 
   weight { 1.00004334781013   } 
   weightvar { 0.09129456117958168   } 
   kinetic_energy { 2.477817668502721   } 
   kinetic_energyvar { 1.910846314898127   } 
   potential_energy { -10.048808335879   } 
   potential_energyvar { 4.116943302298623   } 
   nonlocal_energy { 1.115023668316895   } 
   nonlocal_energyvar { 4.326748243350226   } 
   autocorr_energy { } 
} 

block { 
   label dmc
   totweight 320000
   nautocorr 0
   total_energy { -6.456085189725101   } 
   total_energyvar { 0.03229524434225084   } 
   weight { 0.9996471795185836   } 
   weightvar { 0.08973558973523799   } 
   kinetic_energy { 2.464678795845478   } 
   kinetic_energyvar { 1.942483215744534   } 
   potential_energy { -10.02323816799002   } 
   potential_energyvar { 4.218740314962602   } 
   nonlocal_energy { 1.102474182419436   } 
   nonlocal_energyvar { 4.469106655012533   } 
   autocorr_energy { } 
} 

block { 
   label dmc
   totweight 320000
   nautocorr 0
   total_energy { -6.456892249589418   } 
   total_energyvar { 0.03200538786370544   } 
   weight { 0.9999762432354781   } 
   weightvar { 0.08946959407146626   } 
   kinetic_energy { 2.478084833344273   } 
   kinetic_energyvar { 2.11569358476263   } 
   potential_energy { -10.04028549227531   } 
   potential_energyvar { 4.209783846205681   } 
   nonlocal_energy { 1.105308409341618   } 
   nonlocal_energyvar { 4.632612640847911   } 
   autocorr_energy { } 
} 

block { 
   label dmc
   totweight 320000
   nautocorr 0
   total_energy { -6.456967888958212   } 
   total_energyvar { 0.03696751555954592   } 
   weight { 1.000243390238218   } 
   weightvar { 0.09006594198556028   } 
   kinetic_energy { 2.465366242055243   } 
   kinetic_energyvar { 2.13187556555548   } 
   potential_energy { -10.07344457039617   } 
   potential_energyvar { 4.432344008105346   } 
   nonlocal_energy { 1.151110439382713   } 
   nonlocal_energyvar { 4.830593708964898   } 
   autocorr_energy { } 
} 

block { 
   label dmc
   totweight 320000
   nautocorr 0
   total_energy { -6.455201172370539   } 
   total_energyvar { 0.03368360906673473   } 
   weight { 0.999246415491528   } 
   weightvar { 0.08946767460316296   } 
   kinetic_energy { 2.490211183665103   } 
   kinetic_energyvar { 2.057139512525232   } 
   potential_energy { -10.08359913011417   } 
   potential_energyvar { 4.208635078045305   } 
   nonlocal_energy { 1.138186774078525   } 
   nonlocal_energyvar { 4.699017584667756   } 
   autocorr_energy { } 
} 

block { 
   label dmc
   totweight 320000
   nautocorr 0
   total_energy { -6.45613545949858   } 
   total_energyvar { 0.03469762376955288   } 
   weight { 0.9993103616809367   } 
   weightvar { 0.08965470916005158   } 
   kinetic_energy { 2.490240968389054   } 
   kinetic_energyvar { 1.989501728274408   } 
   potential_energy { -10.07741089226384   } 
   potential_energyvar { 4.200100099211625   } 
   nonlocal_energy { 1.131034464376211   } 
   nonlocal_energyvar { 4.611590519660487   } 
   autocorr_energy { } 
} 

block { 
   label dmc
   totweight 320000
   nautocorr 0
   total_energy { -6.457154118891031   } 
   total_energyvar { 0.03200564966731179   } 
   weight { 0.9998273446408673   } 
   weightvar { 0.08947590877085587   } 
   kinetic_energy { 2.486403906361252   } 
   kinetic_energyvar { 2.002077242152582   } 
   potential_energy { -10.06821968728994   } 
   potential_energyvar { 4.246221133048749   } 
   nonlocal_energy { 1.124661662037655   } 
   nonlocal_energyvar { 4.597612169258812   } 
   autocorr_energy { } 
} 

block { 
   label dmc
   totweight 320000
   nautocorr 0
   total_energy { -6.456710948527924   } 
   total_energyvar { 0.03329960010769639   } 
   weight { 1.00021346469353   } 
   weightvar { 0.08829331807524698   } 
   kinetic_energy { 2.49946391779528   } 
   kinetic_energyvar { 2.001161869809568   } 
   potential_energy { -10.10694845394756   } 
   potential_energyvar { 4.26834261181547   } 
   nonlocal_energy { 1.150773587624355   } 
   nonlocal_energyvar { 4.72322983212705   } 
   autocorr_energy { } 
} 

block { 
   label dmc
   totweight 320000
   nautocorr 0
   total_energy { -6.455830822158609   } 
   total_energyvar { 0.032022509532041   } 
   weight { 0.9994819490211556   } 
   weightvar { 0.08659366061476959   } 
   kinetic_energy { 2.485828094156406   } 
   kinetic_energyvar { 2.018059484035233   } 
   potential_energy { -10.07882073629446   } 
   potential_energyvar { 4.269617471625594   } 
   nonlocal_energy { 1.13716181997944   } 
   nonlocal_energyvar { 4.79746351614245   } 
   autocorr_energy { } 
} 

block { 
   label dmc
   totweight 320000
   nautocorr 0
   total_energy { -6.457025580706797   } 
   total_energyvar { 0.03228494993964404   } 
   weight { 0.9997499735458721   } 
   weightvar { 0.0871603201693264   } 
   kinetic_energy { 2.484026710393604   } 
   kinetic_energyvar { 1.978910056059084   } 
   potential_energy { -10.06170889308515   } 
   potential_energyvar { 4.202861337480073   } 
   nonlocal_energy { 1.120656601984751   } 
   nonlocal_energyvar { 4.452534196186726   } 
   autocorr_energy { } 
} 

block { 
   label dmc
   totweight 320000
   nautocorr 0
   total_energy { -6.456181052408634   } 
   total_energyvar { 0.03337703381228607   } 
   weight { 0.9998350715410393   } 
   weightvar { 0.08768067899784848   } 
   kinetic_energy { 2.474884254203678   } 
   kinetic_energyvar { 2.012636307890706   } 
   potential_energy { -10.05624814168309   } 
   potential_energyvar { 4.225501721777846   } 
   nonlocal_energy { 1.125182835070776   } 
   nonlocal_energyvar { 4.601147718924589   } 
   autocorr_energy { } 
} 

block { 
   label dmc
   totweight 320000
   nautocorr 0
   total_energy { -6.456477939584376   } 
   total_energyvar { 0.03274650996787187   } 
   weight { 0.9999539447211154   } 
   weightvar { 0.08670625750778604   } 
   kinetic_energy { 2.47814940158203   } 
   kinetic_energyvar { 2.069203680642109   } 
   potential_energy { -10.07352582609588   } 
   potential_energyvar { 4.293166858793839   } 
   nonlocal_energy { 1.138898484929473   } 
   nonlocal_energyvar { 4.782246274698439   } 
   autocorr_energy { } 
} 

block { 
   label dmc
   totweight 320000
   nautocorr 0
   total_energy { -6.455829905400192   } 
   total_energyvar { 0.03174393664961173   } 
   weight { 0.99962655262721   } 
   weightvar { 0.08720600131524681   } 
   kinetic_energy { 2.481724010150908   } 
   kinetic_energyvar { 1.991883225525365   } 
   potential_energy { -10.05308746142027   } 
   potential_energyvar { 4.217406438971324   } 
   nonlocal_energy { 1.115533545869172   } 
   nonlocal_energyvar { 4.556328114897203   } 
   autocorr_energy { } 
} 

block { 
   label dmc
   totweight 320000
   nautocorr 0
   total_energy { -6.456726605255994   } 
   total_energyvar { 0.03288348606994163   } 
   weight { 0.9997139749982321   } 
   weightvar { 0.08797453799694477   } 
   kinetic_energy { 2.482050687354121   } 
   kinetic_energyvar { 2.040291731914682   } 
   potential_energy { -10.06696525114661   } 
   potential_energyvar { 4.341209865599438   } 
   nonlocal_energy { 1.1281879585365   } 
   nonlocal_energyvar { 4.873635948856082   } 
   autocorr_energy { } 
} 

block { 
   label dmc
   totweight 320000
   nautocorr 0
   total_energy { -6.456707642745661   } 
   total_energyvar { 0.03246044624211919   } 
   weight { 0.999804836063217   } 
   weightvar { 0.08844309563211139   } 
   kinetic_energy { 2.491566771570007   } 
   kinetic_energyvar { 1.94377202242273   } 
   potential_energy { -10.06039336710154   } 
   potential_energyvar { 4.109337482810886   } 
   nonlocal_energy { 1.112118952785875   } 
   nonlocal_energyvar { 4.442704476342626   } 
   autocorr_energy { } 
} 

block { 
   label dmc
   totweight 320000
   nautocorr 0
   total_energy { -6.457691038829976   } 
   total_energyvar { 0.03409901942012539   } 
   weight { 1.000743612216901   } 
   weightvar { 0.08841009436596714   } 
   kinetic_energy { 2.481179932869324   } 
   kinetic_energyvar { 2.080284619443985   } 
   potential_energy { -10.09904228049657   } 
   potential_energyvar { 4.371553781081701   } 
   nonlocal_energy { 1.160171308797267   } 
   nonlocal_energyvar { 4.957363650991386   } 
   autocorr_energy { } 
} 

block { 
   label dmc
   totweight 320000
   nautocorr 0
   total_energy { -6.455127404136188   } 
   total_energyvar { 0.03497676381033443   } 
   weight { 1.000071506280325   } 
   weightvar { 0.08809930961993073   } 
   kinetic_energy { 2.481241955026567   } 
   kinetic_energyvar { 2.083839103671679   } 
   potential_energy { -10.08141735075598   } 
   potential_energyvar { 4.459248687406117   } 
   nonlocal_energy { 1.145047991593225   } 
   nonlocal_energyvar { 5.08165883182768   } 
   autocorr_energy { } 
} 

block { 
   label dmc
   totweight 320000
   nautocorr 0
   total_energy { -6.455512688088184   } 
   total_energyvar { 0.03298714530229319   } 
   weight { 0.9986774734610508   } 
   weightvar { 0.08838405491441226   } 
   kinetic_energy { 2.484660715641748   } 
   kinetic_energyvar { 1.953868799972553   } 
   potential_energy { -10.05097227493193   } 
   potential_energyvar { 4.805277036833147   } 
   nonlocal_energy { 1.110798871201996   } 
   nonlocal_energyvar { 5.162794249165513   } 
   autocorr_energy { } 
} 

block { 
   label dmc
   totweight 320000
   nautocorr 0
   total_energy { -6.454167911070554   } 
   total_energyvar { 0.03375982907779473   } 
   weight { 0.9985355228906088   } 
   weightvar { 0.08957713371910958   } 
   kinetic_energy { 2.494539227685562   } 
   kinetic_energyvar { 2.022818603969889   } 
   potential_energy { -10.06505610167065   } 
   potential_energyvar { 4.322237261684364   } 
   nonlocal_energy { 1.116348962914536   } 
   nonlocal_energyvar { 4.717335713309858   } 
   autocorr_energy { } 
} 

block { 
   label dmc
   totweight 320000
   nautocorr 0
   total_energy { -6.454971820539208   } 
   total_energyvar { 0.03339618341128414   } 
   weight { 0.9979089986911578   } 
   weightvar { 0.09165216089200334   } 
   kinetic_energy { 2.468656447204262   } 
   kinetic_energyvar { 2.060311955064744   } 
   potential_energy { -10.04287254706344   } 
   potential_energyvar { 4.318282019317394   } 
   nonlocal_energy { 1.119244279319971   } 
   nonlocal_energyvar { 4.772782275435069   } 
   autocorr_energy { } 
} 

block { 
   label dmc
   totweight 320000
   nautocorr 0
   total_energy { -6.455431884835229   } 
   total_energyvar { 0.03148175997009872   } 
   weight { 0.9984023240402247   } 
   weightvar { 0.09205236187420784   } 
   kinetic_energy { 2.464764267418678   } 
   kinetic_energyvar { 2.041598851923574   } 
   potential_energy { -10.02516262764384   } 
   potential_energyvar { 4.232927670179549   } 
   nonlocal_energy { 1.104966475389939   } 
   nonlocal_energyvar { 4.601324471242815   } 
   autocorr_energy { } 
} 

block { 
   label dmc
   totweight 320000
   nautocorr 0
   total_energy { -6.456781608470015   } 
   total_energyvar { 0.03237311044263436   } 
   weight { 0.9993880198803942   } 
   weightvar { 0.09334106069934944   } 
   kinetic_energy { 2.493474061380141   } 
   kinetic_energyvar { 1.987501853346908   } 
   potential_energy { -10.06558837964302   } 
   potential_energyvar { 4.223681944277629   } 
   nonlocal_energy { 1.115332709792861   } 
   nonlocal_energyvar { 4.523170919973431   } 
   autocorr_energy { } 
} 

block { 
   label dmc
   totweight 320000
   nautocorr 0
   total_energy { -6.456340506567753   } 
   total_energyvar { 0.03358983900065482   } 
   weight { 0.9993620871180581   } 
   weightvar { 0.09336695438743448   } 
   kinetic_energy { 2.475567075031531   } 
   kinetic_energyvar { 2.083044384473553   } 
   potential_energy { -10.06472360468444   } 
   potential_energyvar { 4.193983932479   } 
   nonlocal_energy { 1.132816023085156   } 
   nonlocal_energyvar { 4.731372488792299   } 
   autocorr_energy { } 
} 

block { 
   label dmc
   totweight 320000
   nautocorr 0
   total_energy { -6.455997029584608   } 
   total_energyvar { 0.03166253384534912   } 
   weight { 0.9995931641091067   } 
   weightvar { 0.09172008956272071   } 
   kinetic_energy { 2.484068482967645   } 
   kinetic_energyvar { 1.98572300839867   } 
   potential_energy { -10.05809111886656   } 
   potential_energyvar { 4.130500361157445   } 
   nonlocal_energy { 1.118025606314312   } 
   nonlocal_energyvar { 4.543667806156863   } 
   autocorr_energy { } 
} 

block { 
   label dmc
   totweight 320000
   nautocorr 0
   total_energy { -6.45766267917494   } 
   total_energyvar { 0.03124883603611295   } 
   weight { 1.000193828094078   } 
   weightvar { 0.09081640441987004   } 
   kinetic_energy { 2.490385571409127   } 
   kinetic_energyvar { 1.942605065735842   } 
   potential_energy { -10.05553998823554   } 
   potential_energyvar { 4.166551887628003   } 
   nonlocal_energy { 1.107491737651475   } 
   nonlocal_energyvar { 4.33543369449513   } 
   autocorr_energy { } 
} 

block { 
   label dmc
   totweight 320000
   nautocorr 0
   total_energy { -6.45652480489943   } 
   total_energyvar { 0.03268132899194853   } 
   weight { 1.000517023276895   } 
   weightvar { 0.0909575649857437   } 
   kinetic_energy { 2.489567933874225   } 
   kinetic_energyvar { 1.991064120466585   } 
   potential_energy { -10.06173826868051   } 
   potential_energyvar { 4.185331883994664   } 
   nonlocal_energy { 1.115645529906858   } 
   nonlocal_energyvar { 4.575502223201353   } 
   autocorr_energy { } 
} 

block { 
   label dmc
   totweight 320000
   nautocorr 0
   total_energy { -6.456134465418361   } 
   total_energyvar { 0.03178287432551485   } 
   weight { 1.000070728515776   } 
   weightvar { 0.0914245457098295   } 
   kinetic_energy { 2.490381293246657   } 
   kinetic_energyvar { 1.939508889346613   } 
   potential_energy { -10.06086786422894   } 
   potential_energyvar { 4.134335469660144   } 
   nonlocal_energy { 1.114352105563926   } 
   nonlocal_energyvar { 4.435435198119316   } 
   autocorr_energy { } 
} 

block { 
   label dmc
   totweight 320000
   nautocorr 0
   total_energy { -6.455583536863667   } 
   total_energyvar { 0.03329245856151886   } 
   weight { 0.999376905286713   } 
   weightvar { 0.09104019224104654   } 
   kinetic_energy { 2.489700650492295   } 
   kinetic_energyvar { 1.963600727114797   } 
   potential_energy { -10.06133909349301   } 
   potential_energyvar { 4.203832333116665   } 
   nonlocal_energy { 1.116054906137048   } 
   nonlocal_energyvar { 4.4642699289366   } 
   autocorr_energy { } 
} 

block { 
   label dmc
   totweight 320000
   nautocorr 0
   total_energy { -6.456661302059209   } 
   total_energyvar { 0.03262454063180797   } 
   weight { 0.9991752207492045   } 
   weightvar { 0.09126664224760161   } 
   kinetic_energy { 2.489601243366375   } 
   kinetic_energyvar { 1.988318345566998   } 
   potential_energy { -10.08097737672132   } 
   potential_energyvar { 4.273478484139602   } 
   nonlocal_energy { 1.134714831295735   } 
   nonlocal_energyvar { 4.52900770546364   } 
   autocorr_energy { } 
} 

block { 
   label dmc
   totweight 320000
   nautocorr 0
   total_energy { -6.457193735253675   } 
   total_energyvar { 0.03231016606286374   } 
   weight { 1.00026977184705   } 
   weightvar { 0.08977140086640656   } 
   kinetic_energy { 2.480282218568255   } 
   kinetic_energyvar { 2.001891454754332   } 
   potential_energy { -10.06404985169162   } 
   potential_energyvar { 4.244522718456437   } 
   nonlocal_energy { 1.126573897869686   } 
   nonlocal_energyvar { 4.576261558712567   } 
   autocorr_energy { } 
} 

block { 
   label dmc
   totweight 320000
   nautocorr 0
   total_energy { -6.45679868001472   } 
   total_energyvar { 0.03135783220421473   } 
   weight { 1.000285720723371   } 
   weightvar { 0.08934836141609304   } 
   kinetic_energy { 2.466074201476462   } 
   kinetic_energyvar { 2.027381447987162   } 
   potential_energy { -10.06019509254874   } 
   potential_energyvar { 4.204511935619777   } 
   nonlocal_energy { 1.137322211057553   } 
   nonlocal_energyvar { 4.653647612432368   } 
   autocorr_energy { } 
} 

block { 
   label dmc
   totweight 320000
   nautocorr 0
   total_energy { -6.457261528201783   } 
   total_energyvar { 0.03121807721482384   } 
   weight { 1.000580928603074   } 
   weightvar { 0.08927121872852029   } 
   kinetic_energy { 2.477880865527565   } 
   kinetic_energyvar { 1.950481245690188   } 
   potential_energy { -10.04877114878485   } 
   potential_energyvar { 4.219925098032164   } 
   nonlocal_energy { 1.113628755055505   } 
   nonlocal_energyvar { 4.454336921878651   } 
   autocorr_energy { } 
} 

block { 
   label dmc
   totweight 320000
   nautocorr 0
   total_energy { -6.456223135654928   } 
   total_energyvar { 0.03274563307846279   } 
   weight { 1.000006863585958   } 
   weightvar { 0.0872808296553127   } 
   kinetic_energy { 2.466536255854127   } 
   kinetic_energyvar { 2.001961797639472   } 
   potential_energy { -10.04895338059225   } 
   potential_energyvar { 4.27603918013223   } 
   nonlocal_energy { 1.126193989083194   } 
   nonlocal_energyvar { 4.622674444775843   } 
   autocorr_energy { } 
} 

block { 
   label dmc
   totweight 320000
   nautocorr 0
   total_energy { -6.454960210893923   } 
   total_energyvar { 0.03252126426863811   } 
   weight { 0.9993802393162686   } 
   weightvar { 0.08666157926434181   } 
   kinetic_energy { 2.476856346841702   } 
   kinetic_energyvar { 2.073610840556392   } 
   potential_energy { -10.05693032357354   } 
   potential_energyvar { 4.256895480437336   } 
   nonlocal_energy { 1.125113765837912   } 
   nonlocal_energyvar { 4.713674920793173   } 
   autocorr_energy { } 
} 

block { 
   label dmc
   totweight 320000
   nautocorr 0
   total_energy { -6.454989637659362   } 
   total_energyvar { 0.03375529584035064   } 
   weight { 0.9989418107823446   } 
   weightvar { 0.08703387905222948   } 
   kinetic_energy { 2.496741312451586   } 
   kinetic_energyvar { 2.055461571589236   } 
   potential_energy { -10.08211561721417   } 
   potential_energyvar { 4.2508998244015   } 
   nonlocal_energy { 1.13038466710322   } 
   nonlocal_energyvar { 4.75439808729856   } 
   autocorr_energy { } 
} 

block { 
   label dmc
   totweight 320000
   nautocorr 0
   total_energy { -6.454884368798621   } 
   total_energyvar { 0.03190489691148457   } 
   weight { 0.9982501851203207   } 
   weightvar { 0.08739267796699868   } 
   kinetic_energy { 2.513152954824433   } 
   kinetic_energyvar { 2.11518403162321   } 
   potential_energy { -10.07238043889142   } 
   potential_energyvar { 4.22252889992177   } 
   nonlocal_energy { 1.104343115268363   } 
   nonlocal_energyvar { 4.714863578091195   } 
   autocorr_energy { } 
} 

block { 
   label dmc
   totweight 320000
   nautocorr 0
   total_energy { -6.456657090964371   } 
   total_energyvar { 0.03254546722076412   } 
   weight { 0.9988974821609534   } 
   weightvar { 0.08867568446495977   } 
   kinetic_energy { 2.504274409303679   } 
   kinetic_energyvar { 1.997069746344777   } 
   potential_energy { -10.08906991595331   } 
   potential_energyvar { 4.213653220521891   } 
   nonlocal_energy { 1.128138415685262   } 
   nonlocal_energyvar { 4.610180865252492   } 
   autocorr_energy { } 
} 

block { 
   label dmc
   totweight 320000
   nautocorr 0
   total_energy { -6.459321331131026   } 
   total_energyvar { 0.03221221811227792   } 
   weight { 1.000831864131497   } 
   weightvar { 0.08863934287972097   } 
   kinetic_energy { 2.459572759627693   } 
   kinetic_energyvar { 1.991075111293683   } 
   potential_energy { -10.01762863188025   } 
   potential_energyvar { 4.209679870676496   } 
   nonlocal_energy { 1.098734541121532   } 
   nonlocal_energyvar { 4.517998694952183   } 
   autocorr_energy { } 
} 

block { 
   label dmc
   totweight 320000
   nautocorr 0
   total_energy { -6.456569086747947   } 
   total_energyvar { 0.03083891021238117   } 
   weight { 1.001265768095643   } 
   weightvar { 0.08876101006627901   } 
   kinetic_energy { 2.467242935337147   } 
   kinetic_energyvar { 2.000025865897253   } 
   potential_energy { -10.03333064675468   } 
   potential_energyvar { 4.257594636660301   } 
   nonlocal_energy { 1.109518624669581   } 
   nonlocal_energyvar { 4.648085319276417   } 
   autocorr_energy { } 
} 

block { 
   label dmc
   totweight 320000
   nautocorr 0
   total_energy { -6.456299808656719   } 
   total_energyvar { 0.0336270341659457   } 
   weight { 1.000002165056458   } 
   weightvar { 0.08952687485307997   } 
   kinetic_energy { 2.479478980333615   } 
   kinetic_energyvar { 2.034143301310642   } 
   potential_energy { -10.06637998723418   } 
   potential_energyvar { 4.279969665961175   } 
   nonlocal_energy { 1.130601198243846   } 
   nonlocal_energyvar { 4.740252479566414   } 
   autocorr_energy { } 
} 

block { 
   label dmc
   totweight 320000
   nautocorr 0
   total_energy { -6.456230282992369   } 
   total_energyvar { 0.03217852943040356   } 
   weight { 0.9996195974388787   } 
   weightvar { 0.08863053657089848   } 
   kinetic_energy { 2.486461956025543   } 
   kinetic_energyvar { 1.961136787293429   } 
   potential_energy { -10.06870181044292   } 
   potential_energyvar { 4.240598248802272   } 
   nonlocal_energy { 1.12600957142501   } 
   nonlocal_energyvar { 4.490273651662646   } 
   autocorr_energy { } 
} 

block { 
   label dmc
   totweight 320000
   nautocorr 0
   total_energy { -6.457277880274118   } 
   total_energyvar { 0.03275351104637281   } 
   weight { 1.000010848833024   } 
   weightvar { 0.08892016775459299   } 
   kinetic_energy { 2.487115349816543   } 
   kinetic_energyvar { 2.00184090809711   } 
   potential_energy { -10.05545785822796   } 
   potential_energyvar { 4.388730567935966   } 
   nonlocal_energy { 1.111064628137292   } 
   nonlocal_energyvar { 4.735144400949472   } 
   autocorr_energy { } 
} 

block { 
   label dmc
   totweight 320000
   nautocorr 0
   total_energy { -6.457760946972381   } 
   total_energyvar { 0.03321587620371247   } 
   weight { 1.000870673988061   } 
   weightvar { 0.08906863861660286   } 
   kinetic_energy { 2.485739598870348   } 
   kinetic_energyvar { 2.170269603209928   } 
   potential_energy { -10.08115103685645   } 
   potential_energyvar { 4.483462640142932   } 
   nonlocal_energy { 1.137650491013726   } 
   nonlocal_energyvar { 5.068130609317976   } 
   autocorr_energy { } 
} 

block { 
   label dmc
   totweight 320000
   nautocorr 0
   total_energy { -6.456952991207336   } 
   total_energyvar { 0.03327947625022887   } 
   weight { 1.000546693183347   } 
   weightvar { 0.08884336574471297   } 
   kinetic_energy { 2.470649364290749   } 
   kinetic_energyvar { 2.040412023091806   } 
   potential_energy { -10.05190803078887   } 
   potential_energyvar { 4.274783955501618   } 
   nonlocal_energy { 1.124305675290783   } 
   nonlocal_energyvar { 4.726917660151952   } 
   autocorr_energy { } 
} 

block { 
   label dmc
   totweight 320000
   nautocorr 0
   total_energy { -6.456251755989094   } 
   total_energyvar { 0.03287880618583472   } 
   weight { 1.000096117101064   } 
   weightvar { 0.08970638907931794   } 
   kinetic_energy { 2.480109729617723   } 
   kinetic_energyvar { 1.992299528052539   } 
   potential_energy { -10.05421824394691   } 
   potential_energyvar { 4.280517184899523   } 
   nonlocal_energy { 1.117856758340096   } 
   nonlocal_energyvar { 4.66047344677318   } 
   autocorr_energy { } 
} 

block { 
   label dmc
   totweight 320000
   nautocorr 0
   total_energy { -6.4554895990838   } 
   total_energyvar { 0.0325284655972311   } 
   weight { 0.9994128260923717   } 
   weightvar { 0.08936022738843974   } 
   kinetic_energy { 2.47100638339609   } 
   kinetic_energyvar { 1.963922940804016   } 
   potential_energy { -10.03249817299705   } 
   potential_energyvar { 4.332243747629732   } 
   nonlocal_energy { 1.106002190517161   } 
   nonlocal_energyvar { 4.590186220438354   } 
   autocorr_energy { } 
} 

block { 
   label dmc
   totweight 320000
   nautocorr 0
   total_energy { -6.454201945063738   } 
   total_energyvar { 0.0313728610646038   } 
   weight { 0.9983580598195555   } 
   weightvar { 0.08842844309219455   } 
   kinetic_energy { 2.477557826873942   } 
   kinetic_energyvar { 2.011450685133241   } 
   potential_energy { -10.03361024098616   } 
   potential_energyvar { 4.24766661391925   } 
   nonlocal_energy { 1.101850469048479   } 
   nonlocal_energyvar { 4.547065938372169   } 
   autocorr_energy { } 
} 

block { 
   label dmc
   totweight 320000
   nautocorr 0
   total_energy { -6.456619251064785   } 
   total_energyvar { 0.03197506629592795   } 
   weight { 0.9990305755025023   } 
   weightvar { 0.08761131449089909   } 
   kinetic_energy { 2.484137544608603   } 
   kinetic_energyvar { 2.029582076643925   } 
   potential_energy { -10.07510747271795   } 
   potential_energyvar { 4.248426720712473   } 
   nonlocal_energy { 1.134350677044565   } 
   nonlocal_energyvar { 4.731879147337365   } 
   autocorr_energy { } 
} 

block { 
   label dmc
   totweight 320000
   nautocorr 0
   total_energy { -6.45429267686132   } 
   total_energyvar { 0.03441122862930968   } 
   weight { 0.9984712640367724   } 
   weightvar { 0.08860062134941393   } 
   kinetic_energy { 2.470833467965593   } 
   kinetic_energyvar { 2.059016618171847   } 
   potential_energy { -10.05304164025517   } 
   potential_energyvar { 4.413757476863566   } 
   nonlocal_energy { 1.12791549542826   } 
   nonlocal_energyvar { 4.977822341269413   } 
   autocorr_energy { } 
} 

block { 
   label dmc
   totweight 320000
   nautocorr 0
   total_energy { -6.4559696936308   } 
   total_energyvar { 0.03247375251363138   } 
   weight { 0.9987137481204474   } 
   weightvar { 0.08845696891315091   } 
   kinetic_energy { 2.482196389937558   } 
   kinetic_energyvar { 1.954458435032403   } 
   potential_energy { -10.02906794596126   } 
   potential_energyvar { 4.171240117710354   } 
   nonlocal_energy { 1.090901862392899   } 
   nonlocal_energyvar { 4.38261222574692   } 
   autocorr_energy { } 
} 

block { 
   label dmc
   totweight 320000
   nautocorr 0
   total_energy { -6.455511757854894   } 
   total_energyvar { 0.03264575865000552   } 
   weight { 0.999006187560106   } 
   weightvar { 0.08780183579736378   } 
   kinetic_energy { 2.479649184783322   } 
   kinetic_energyvar { 2.014175028384742   } 
   potential_energy { -10.05619455952647   } 
   potential_energyvar { 4.235864774458605   } 
   nonlocal_energy { 1.121033616888257   } 
   nonlocal_energyvar { 4.649375449088078   } 
   autocorr_energy { } 
} 

block { 
   label dmc
   totweight 320000
   nautocorr 0
   total_energy { -6.456101831537071   } 
   total_energyvar { 0.03189702678572814   } 
   weight { 0.9989279652189381   } 
   weightvar { 0.08716407848027619   } 
   kinetic_energy { 2.459373412432786   } 
   kinetic_energyvar { 2.010222449840309   } 
   potential_energy { -10.03571575150718   } 
   potential_energyvar { 4.186152012653068   } 
   nonlocal_energy { 1.120240507537324   } 
   nonlocal_energyvar { 4.6250814643937   } 
   autocorr_energy { } 
} 

block { 
   label dmc
   totweight 320000
   nautocorr 0
   total_energy { -6.455829305353188   } 
   total_energyvar { 0.032145650233943   } 
   weight { 0.9995128653790165   } 
   weightvar { 0.08632929330285377   } 
   kinetic_energy { 2.489179403337031   } 
   kinetic_energyvar { 1.977185401415301   } 
   potential_energy { -10.08151283245381   } 
   potential_energyvar { 4.207880215976246   } 
   nonlocal_energy { 1.13650412376359   } 
   nonlocal_energyvar { 4.527113668458237   } 
   autocorr_energy { } 
} 

block { 
   label dmc
   totweight 320000
   nautocorr 0
   total_energy { -6.455387379542941   } 
   total_energyvar { 0.03176765084294431   } 
   weight { 0.9992270442820862   } 
   weightvar { 0.08717554560398899   } 
   kinetic_energy { 2.489150284923192   } 
   kinetic_energyvar { 1.999284552277011   } 
   potential_energy { -10.05808714416612   } 
   potential_energyvar { 4.193491796698339   } 
   nonlocal_energy { 1.113549479699985   } 
   nonlocal_energyvar { 4.475673568584819   } 
   autocorr_energy { } 
} 

block { 
   label dmc
   totweight 320000
   nautocorr 0
   total_energy { -6.459276687433813   } 
   total_energyvar { 0.03393804706215775   } 
   weight { 1.000135924732414   } 
   weightvar { 0.08858387806375045   } 
   kinetic_energy { 2.479959475904238   } 
   kinetic_energyvar { 2.057501275759102   } 
   potential_energy { -10.07571696833633   } 
   potential_energyvar { 4.272018310678689   } 
   nonlocal_energy { 1.136480804998276   } 
   nonlocal_energyvar { 4.765973658685335   } 
   autocorr_energy { } 
} 

block { 
   label dmc
   totweight 320000
   nautocorr 0
   total_energy { -6.456462681234004   } 
   total_energyvar { 0.03413153806215519   } 
   weight { 1.000848608613862   } 
   weightvar { 0.08918991278415001   } 
   kinetic_energy { 2.501193491966286   } 
   kinetic_energyvar { 1.987444481062935   } 
   potential_energy { -10.08153271990698   } 
   potential_energyvar { 4.215395558376443   } 
   nonlocal_energy { 1.123876546706691   } 
   nonlocal_energyvar { 4.621678548592143   } 
   autocorr_energy { } 
} 

block { 
   label dmc
   totweight 320000
   nautocorr 0
   total_energy { -6.456275152492742   } 
   total_energyvar { 0.03504988510925244   } 
   weight { 0.9999843678878689   } 
   weightvar { 0.09041096052681952   } 
   kinetic_energy { 2.502461858964079   } 
   kinetic_energyvar { 2.047411462324528   } 
   potential_energy { -10.09971605453152   } 
   potential_energyvar { 4.298285784151616   } 
   nonlocal_energy { 1.140979043074706   } 
   nonlocal_energyvar { 4.815509158186758   } 
   autocorr_energy { } 
} 

block { 
   label dmc
   totweight 320000
   nautocorr 0
   total_energy { -6.455668067791867   } 
   total_energyvar { 0.03377479495964053   } 
   weight { 0.9994837816013683   } 
   weightvar { 0.08887664150068608   } 
   kinetic_energy { 2.493654760902303   } 
   kinetic_energyvar { 2.036116562783309   } 
   potential_energy { -10.08008757145344   } 
   potential_energyvar { 4.224986460837684   } 
   nonlocal_energy { 1.130764742759269   } 
   nonlocal_energyvar { 4.662508912982816   } 
   autocorr_energy { } 
} 

block { 
   label dmc
   totweight 320000
   nautocorr 0
   total_energy { -6.458322309964025   } 
   total_energyvar { 0.03216784404961714   } 
   weight { 1.000099985494196   } 
   weightvar { 0.09006025539979801   } 
   kinetic_energy { 2.494946099314059   } 
   kinetic_energyvar { 2.021560132678105   } 
   potential_energy { -10.07943787443171   } 
   potential_energyvar { 4.200410712601922   } 
   nonlocal_energy { 1.126169465153629   } 
   nonlocal_energyvar { 4.601492480799195   } 
   autocorr_energy { } 
} 

block { 
   label dmc
   totweight 320000
   nautocorr 0
   total_energy { -6.457834255015066   } 
   total_energyvar { 0.03270384446391006   } 
   weight { 1.001137405597408   } 
   weightvar { 0.09148345812159442   } 
   kinetic_energy { 2.477746082717221   } 
   kinetic_energyvar { 2.058144204105606   } 
   potential_energy { -10.07057222523103   } 
   potential_energyvar { 4.286112946060541   } 
   nonlocal_energy { 1.134991887498741   } 
   nonlocal_energyvar { 4.651588532096103   } 
   autocorr_energy { } 
} 

block { 
   label dmc
   totweight 320000
   nautocorr 0
   total_energy { -6.458367949026687   } 
   total_energyvar { 0.03310178524161955   } 
   weight { 1.000926566616914   } 
   weightvar { 0.09108359765545004   } 
   kinetic_energy { 2.478689558544077   } 
   kinetic_energyvar { 2.021605215658742   } 
   potential_energy { -10.07590645031319   } 
   potential_energyvar { 4.210252503501763   } 
   nonlocal_energy { 1.13884894274243   } 
   nonlocal_energyvar { 4.755252383514072   } 
   autocorr_energy { } 
} 

block { 
   label dmc
   totweight 320000
   nautocorr 0
   total_energy { -6.457233766194249   } 
   total_energyvar { 0.03270347272991359   } 
   weight { 1.001439613900021   } 
   weightvar { 0.09168469864272799   } 
   kinetic_energy { 2.496943640528223   } 
   kinetic_energyvar { 2.009641035457133   } 
   potential_energy { -10.07996399942262   } 
   potential_energyvar { 4.261784779521406   } 
   nonlocal_energy { 1.125786592700146   } 
   nonlocal_energyvar { 4.640020658636473   } 
   autocorr_energy { } 
} 

block { 
   label dmc
   totweight 320000
   nautocorr 0
   total_energy { -6.456639621528656   } 
   total_energyvar { 0.03456826054870277   } 
   weight { 1.00055071952708   } 
   weightvar { 0.0924176471967213   } 
   kinetic_energy { 2.496035234620271   } 
   kinetic_energyvar { 2.016390320774805   } 
   potential_energy { -10.0858082764405   } 
   potential_energyvar { 4.393397314622078   } 
   nonlocal_energy { 1.133133420291576   } 
   nonlocal_energyvar { 4.907759528378985   } 
   autocorr_energy { } 
} 

block { 
   label dmc
   totweight 320000
   nautocorr 0
   total_energy { -6.45664755126366   } 
   total_energyvar { 0.0340115609976479   } 
   weight { 0.9996668192077168   } 
   weightvar { 0.09145460778839043   } 
   kinetic_energy { 2.491610305709045   } 
   kinetic_energyvar { 2.07500217132742   } 
   potential_energy { -10.07087016985604   } 
   potential_energyvar { 4.173253023259278   } 
   nonlocal_energy { 1.122612312883339   } 
   nonlocal_energyvar { 4.722179083021002   } 
   autocorr_energy { } 
} 

block { 
   label dmc
   totweight 320000
   nautocorr 0
   total_energy { -6.456282873236265   } 
   total_energyvar { 0.03249546563117889   } 
   weight { 0.9995831968519733   } 
   weightvar { 0.09126563690580547   } 
   kinetic_energy { 2.479591247084051   } 
   kinetic_energyvar { 1.971003227978895   } 
   potential_energy { -10.06027546722406   } 
   potential_energyvar { 4.211134106058751   } 
   nonlocal_energy { 1.124401346903745   } 
   nonlocal_energyvar { 4.661057147138743   } 
   autocorr_energy { } 
} 

block { 
   label dmc
   totweight 320000
   nautocorr 0
   total_energy { -6.455602070293614   } 
   total_energyvar { 0.03384811075295602   } 
   weight { 0.9994658500423255   } 
   weightvar { 0.09221656878347118   } 
   kinetic_energy { 2.484330315792053   } 
   kinetic_energyvar { 2.072979620828694   } 
   potential_energy { -10.08132856245905   } 
   potential_energyvar { 4.309256772674914   } 
   nonlocal_energy { 1.141396176373382   } 
   nonlocal_energyvar { 4.842127645083254   } 
   autocorr_energy { } 
} 

block { 
   label dmc
   totweight 320000
   nautocorr 0
   total_energy { -6.455716799145716   } 
   total_energyvar { 0.03449154476487593   } 
   weight { 0.9990701788294839   } 
   weightvar { 0.09060062752556231   } 
   kinetic_energy { 2.497007403697529   } 
   kinetic_energyvar { 2.005316711401976   } 
   potential_energy { -10.08793791569333   } 
   potential_energyvar { 4.31228775534791   } 
   nonlocal_energy { 1.135213712850088   } 
   nonlocal_energyvar { 4.654024309250372   } 
   autocorr_energy { } 
} 

block { 
   label dmc
   totweight 320000
   nautocorr 0
   total_energy { -6.455583807655093   } 
   total_energyvar { 0.03511162931557266   } 
   weight { 0.9990942969571699   } 
   weightvar { 0.08967440997160403   } 
   kinetic_energy { 2.481134967618496   } 
   kinetic_energyvar { 2.07129165826101   } 
   potential_energy { -10.07535779497376   } 
   potential_energyvar { 4.288566982034581   } 
   nonlocal_energy { 1.138639019700167   } 
   nonlocal_energyvar { 4.825790040707883   } 
   autocorr_energy { } 
} 

block { 
   label dmc
   totweight 320000
   nautocorr 0
   total_energy { -6.456636588815292   } 
   total_energyvar { 0.03170966030500466   } 
   weight { 0.999468296808346   } 
   weightvar { 0.09033236603527162   } 
   kinetic_energy { 2.477341810498221   } 
   kinetic_energyvar { 2.022800497231167   } 
   potential_energy { -10.05323664512267   } 
   potential_energyvar { 4.205544684187004   } 
   nonlocal_energy { 1.11925824580916   } 
   nonlocal_energyvar { 4.592877728991767   } 
   autocorr_energy { } 
} 

block { 
   label dmc
   totweight 320000
   nautocorr 0
   total_energy { -6.457015017167723   } 
   total_energyvar { 0.03366556818811262   } 
   weight { 0.9994374629017683   } 
   weightvar { 0.09064311328145513   } 
   kinetic_energy { 2.470201512565197   } 
   kinetic_energyvar { 2.106664854738142   } 
   potential_energy { -10.06325114354688   } 
   potential_energyvar { 4.318880733957144   } 
   nonlocal_energy { 1.136034613813961   } 
   nonlocal_energyvar { 4.862335742397747   } 
   autocorr_energy { } 
} 

block { 
   label dmc
   totweight 320000
   nautocorr 0
   total_energy { -6.456071805265409   } 
   total_energyvar { 0.03224768256053778   } 
   weight { 0.999913722192316   } 
   weightvar { 0.08874180382607444   } 
   kinetic_energy { 2.49080453371595   } 
   kinetic_energyvar { 2.009015131742999   } 
   potential_energy { -10.08411132867404   } 
   potential_energyvar { 4.290138653673694   } 
   nonlocal_energy { 1.137234989692681   } 
   nonlocal_energyvar { 4.65754124449067   } 
   autocorr_energy { } 
} 

block { 
   label dmc
   totweight 320000
   nautocorr 0
   total_energy { -6.45615122087795   } 
   total_energyvar { 0.03335470373076532   } 
   weight { 0.9993227405105081   } 
   weightvar { 0.08956389938896625   } 
   kinetic_energy { 2.492035669150276   } 
   kinetic_energyvar { 2.042693429284832   } 
   potential_energy { -10.10508022109314   } 
   potential_energyvar { 4.343763378298519   } 
   nonlocal_energy { 1.156893331064913   } 
   nonlocal_energyvar { 4.877078406873579   } 
   autocorr_energy { } 
} 

block { 
   label dmc
   totweight 320000
   nautocorr 0
   total_energy { -6.457097090861449   } 
   total_energyvar { 0.03335151635105404   } 
   weight { 0.9996735825967907   } 
   weightvar { 0.09011692360573009   } 
   kinetic_energy { 2.486373219886384   } 
   kinetic_energyvar { 2.039101511102243   } 
   potential_energy { -10.09605021684642   } 
   potential_energyvar { 4.325684420418568   } 
   nonlocal_energy { 1.152579906098583   } 
   nonlocal_energyvar { 4.791104503425226   } 
   autocorr_energy { } 
} 

block { 
   label dmc
   totweight 320000
   nautocorr 0
   total_energy { -6.456305596441416   } 
   total_energyvar { 0.03189963761874992   } 
   weight { 1.000000533639781   } 
   weightvar { 0.08965251453437428   } 
   kinetic_energy { 2.483562718727458   } 
   kinetic_energyvar { 2.004791171868471   } 
   potential_energy { -10.04775577018038   } 
   potential_energyvar { 4.241279044238397   } 
   nonlocal_energy { 1.107887455011506   } 
   nonlocal_energyvar { 4.395728188880956   } 
   autocorr_energy { } 
} 

block { 
   label dmc
   totweight 320000
   nautocorr 0
   total_energy { -6.457449231992519   } 
   total_energyvar { 0.03418619328620309   } 
   weight { 1.000335703764478   } 
   weightvar { 0.09077333170286694   } 
   kinetic_energy { 2.468610135342983   } 
   kinetic_energyvar { 2.104492406319312   } 
   potential_energy { -10.06034357501295   } 
   potential_energyvar { 4.371928279313806   } 
   nonlocal_energy { 1.134284207677452   } 
   nonlocal_energyvar { 4.84902888977144   } 
   autocorr_energy { } 
} 

block { 
   label dmc
   totweight 320000
   nautocorr 0
   total_energy { -6.454013007021857   } 
   total_energyvar { 0.03442708050970111   } 
   weight { 0.9992045638366485   } 
   weightvar { 0.0901500601352746   } 
   kinetic_energy { 2.455295270038823   } 
   kinetic_energyvar { 2.052786332963636   } 
   potential_energy { -10.03653121699789   } 
   potential_energyvar { 4.282200167824726   } 
   nonlocal_energy { 1.127222939937209   } 
   nonlocal_energyvar { 4.828721625303842   } 
   autocorr_energy { } 
} 

