#-------------------------------------------------
#VMC run: timestep 1 nconfig 6400 steps 100
#-------------------------------------------------


init { 
   label vmc
}
block { 
   label vmc
   totweight 640000
   nautocorr 0
   total_energy { -35.0088443048093   } 
   total_energyvar { 0.411566360081224   } 
   weight { 1   } 
   weightvar { 0   } 
   kinetic_energy { 27.92852985344195   } 
   kinetic_energyvar { 199.2128640837153   } 
   potential_energy { -66.17485609443202   } 
   potential_energyvar { 279.5480222601027   } 
   nonlocal_energy { 3.237481936180756   } 
   nonlocal_energyvar { 105.5971802672435   } 
   autocorr_energy { } 
} 

block { 
   label vmc
   totweight 640000
   nautocorr 0
   total_energy { -35.01079203352859   } 
   total_energyvar { 0.4149510291258593   } 
   weight { 1   } 
   weightvar { 0   } 
   kinetic_energy { 27.92158761632439   } 
   kinetic_energyvar { 198.0473463689541   } 
   potential_energy { -66.173348036863   } 
   potential_energyvar { 274.7809055495081   } 
   nonlocal_energy { 3.240968387010009   } 
   nonlocal_energyvar { 100.921534872887   } 
   autocorr_energy { } 
} 

block { 
   label vmc
   totweight 640000
   nautocorr 0
   total_energy { -35.01094308501964   } 
   total_energyvar { 0.4044770807875011   } 
   weight { 1   } 
   weightvar { 0   } 
   kinetic_energy { 27.9041820339045   } 
   kinetic_energyvar { 198.9353625098468   } 
   potential_energy { -66.16462297492042   } 
   potential_energyvar { 286.5235770081435   } 
   nonlocal_energy { 3.24949785599627   } 
   nonlocal_energyvar { 112.00158799665   } 
   autocorr_energy { } 
} 

block { 
   label vmc
   totweight 640000
   nautocorr 0
   total_energy { -35.01101822419157   } 
   total_energyvar { 0.4047781212634618   } 
   weight { 1   } 
   weightvar { 0   } 
   kinetic_energy { 27.97298132222094   } 
   kinetic_energyvar { 199.0690086947483   } 
   potential_energy { -66.22580988550006   } 
   potential_energyvar { 277.5989415570548   } 
   nonlocal_energy { 3.241810339087543   } 
   nonlocal_energyvar { 103.9201456064501   } 
   autocorr_energy { } 
} 

block { 
   label vmc
   totweight 640000
   nautocorr 0
   total_energy { -35.01053531559567   } 
   total_energyvar { 0.4047591904575256   } 
   weight { 1   } 
   weightvar { 0   } 
   kinetic_energy { 27.91148129883117   } 
   kinetic_energyvar { 196.1042249603663   } 
   potential_energy { -66.15079505889855   } 
   potential_energyvar { 274.410496684116   } 
   nonlocal_energy { 3.228778444471706   } 
   nonlocal_energyvar { 100.0078065777926   } 
   autocorr_energy { } 
} 

block { 
   label vmc
   totweight 640000
   nautocorr 0
   total_energy { -35.00964518872118   } 
   total_energyvar { 0.4034340011255608   } 
   weight { 1   } 
   weightvar { 0   } 
   kinetic_energy { 27.93645487644215   } 
   kinetic_energyvar { 198.3313519066293   } 
   potential_energy { -66.18048724983697   } 
   potential_energyvar { 277.7148011895833   } 
   nonlocal_energy { 3.234387184673626   } 
   nonlocal_energyvar { 104.6194947349637   } 
   autocorr_energy { } 
} 

block { 
   label vmc
   totweight 640000
   nautocorr 0
   total_energy { -35.01037010841097   } 
   total_energyvar { 0.3986115845809763   } 
   weight { 1   } 
   weightvar { 0   } 
   kinetic_energy { 27.91557490687902   } 
   kinetic_energyvar { 196.9184407925978   } 
   potential_energy { -66.18676056575191   } 
   potential_energyvar { 277.4292423195384   } 
   nonlocal_energy { 3.260815550461917   } 
   nonlocal_energyvar { 102.958884689346   } 
   autocorr_energy { } 
} 

block { 
   label vmc
   totweight 640000
   nautocorr 0
   total_energy { -35.01028748434803   } 
   total_energyvar { 0.4119436649366435   } 
   weight { 1   } 
   weightvar { 0   } 
   kinetic_energy { 27.94514758597295   } 
   kinetic_energyvar { 198.6723664484654   } 
   potential_energy { -66.20351588483187   } 
   potential_energyvar { 277.6634171917931   } 
   nonlocal_energy { 3.248080814510911   } 
   nonlocal_energyvar { 103.3988865172362   } 
   autocorr_energy { } 
} 

block { 
   label vmc
   totweight 640000
   nautocorr 0
   total_energy { -35.01074752147406   } 
   total_energyvar { 0.3967783033021988   } 
   weight { 1   } 
   weightvar { 0   } 
   kinetic_energy { 27.8929900386572   } 
   kinetic_energyvar { 199.7198075574748   } 
   potential_energy { -66.15068884029786   } 
   potential_energyvar { 276.7263403935995   } 
   nonlocal_energy { 3.24695128016661   } 
   nonlocal_energyvar { 103.7943858276005   } 
   autocorr_energy { } 
} 

block { 
   label vmc
   totweight 640000
   nautocorr 0
   total_energy { -35.00963065479663   } 
   total_energyvar { 0.4033941138311548   } 
   weight { 1   } 
   weightvar { 0   } 
   kinetic_energy { 27.93471636955495   } 
   kinetic_energyvar { 198.6968136744063   } 
   potential_energy { -66.19726711314256   } 
   potential_energyvar { 281.2931069551305   } 
   nonlocal_energy { 3.252920088790953   } 
   nonlocal_energyvar { 108.0270830098047   } 
   autocorr_energy { } 
} 

#-------------------------------------------------
#VMC run: timestep 1 nconfig 6400 steps 100
#-------------------------------------------------


init { 
   label vmc
}
block { 
   label vmc
   totweight 640000
   nautocorr 0
   total_energy { -35.01001840960956   } 
   total_energyvar { 0.4131781619407775   } 
   weight { 1   } 
   weightvar { 0   } 
   kinetic_energy { 28.10297027882397   } 
   kinetic_energyvar { 199.558885127242   } 
   potential_energy { -66.36871001603703   } 
   potential_energyvar { 308.4998480179856   } 
   nonlocal_energy { 3.255721327603499   } 
   nonlocal_energyvar { 135.0399867489531   } 
   autocorr_energy { } 
} 

block { 
   label vmc
   totweight 640000
   nautocorr 0
   total_energy { -35.0104415888104   } 
   total_energyvar { 0.4022144687824039   } 
   weight { 1   } 
   weightvar { 0   } 
   kinetic_energy { 28.06533065749464   } 
   kinetic_energyvar { 199.8623469338636   } 
   potential_energy { -66.32118185614199   } 
   potential_energyvar { 278.2759328827105   } 
   nonlocal_energy { 3.245409609836948   } 
   nonlocal_energyvar { 103.0880733345945   } 
   autocorr_energy { } 
} 

block { 
   label vmc
   totweight 640000
   nautocorr 0
   total_energy { -35.01019423891509   } 
   total_energyvar { 0.4050530267818431   } 
   weight { 1   } 
   weightvar { 0   } 
   kinetic_energy { 28.05718988917975   } 
   kinetic_energyvar { 198.7237348361898   } 
   potential_energy { -66.31457436151216   } 
   potential_energyvar { 278.0523116343229   } 
   nonlocal_energy { 3.247190233417319   } 
   nonlocal_energyvar { 104.9564062271181   } 
   autocorr_energy { } 
} 

block { 
   label vmc
   totweight 640000
   nautocorr 0
   total_energy { -35.01132384863467   } 
   total_energyvar { 0.4057920268933231   } 
   weight { 1   } 
   weightvar { 0   } 
   kinetic_energy { 28.07566867547845   } 
   kinetic_energyvar { 199.2171944058856   } 
   potential_energy { -66.34141013510248   } 
   potential_energyvar { 275.6673094255248   } 
   nonlocal_energy { 3.254417610989359   } 
   nonlocal_energyvar { 101.8067724483011   } 
   autocorr_energy { } 
} 

block { 
   label vmc
   totweight 640000
   nautocorr 0
   total_energy { -35.00976739608864   } 
   total_energyvar { 0.4122389036358527   } 
   weight { 1   } 
   weightvar { 0   } 
   kinetic_energy { 28.02696286647166   } 
   kinetic_energyvar { 206.5624456108868   } 
   potential_energy { -66.22788858977006   } 
   potential_energyvar { 272.7967940137232   } 
   nonlocal_energy { 3.191158327209757   } 
   nonlocal_energyvar { 106.9503362181541   } 
   autocorr_energy { } 
} 

block { 
   label vmc
   totweight 640000
   nautocorr 0
   total_energy { -35.00845461912877   } 
   total_energyvar { 0.4071111801688403   } 
   weight { 1   } 
   weightvar { 0   } 
   kinetic_energy { 28.02006990649443   } 
   kinetic_energyvar { 198.3057460024861   } 
   potential_energy { -66.28976720865042   } 
   potential_energyvar { 279.1651167762147   } 
   nonlocal_energy { 3.261242683027207   } 
   nonlocal_energyvar { 106.1242993868225   } 
   autocorr_energy { } 
} 

block { 
   label vmc
   totweight 640000
   nautocorr 0
   total_energy { -35.00919447975305   } 
   total_energyvar { 0.4026824588511317   } 
   weight { 1   } 
   weightvar { 0   } 
   kinetic_energy { 28.03906556784742   } 
   kinetic_energyvar { 197.2328173093283   } 
   potential_energy { -66.28980064335187   } 
   potential_energyvar { 276.0676066362657   } 
   nonlocal_energy { 3.241540595751378   } 
   nonlocal_energyvar { 100.3053139112779   } 
   autocorr_energy { } 
} 

block { 
   label vmc
   totweight 640000
   nautocorr 0
   total_energy { -35.00933788741725   } 
   total_energyvar { 0.3993141001935783   } 
   weight { 1   } 
   weightvar { 0   } 
   kinetic_energy { 28.07335104427587   } 
   kinetic_energyvar { 200.7716611477169   } 
   potential_energy { -66.35130114013721   } 
   potential_energyvar { 285.2388946746878   } 
   nonlocal_energy { 3.2686122084441   } 
   nonlocal_energyvar { 110.241693176066   } 
   autocorr_energy { } 
} 

block { 
   label vmc
   totweight 640000
   nautocorr 0
   total_energy { -35.00968353444806   } 
   total_energyvar { 0.39625207974359   } 
   weight { 1   } 
   weightvar { 0   } 
   kinetic_energy { 28.06844892294768   } 
   kinetic_energyvar { 197.2145019576011   } 
   potential_energy { -66.33631739635283   } 
   potential_energyvar { 277.9663554623312   } 
   nonlocal_energy { 3.258184938957096   } 
   nonlocal_energyvar { 101.3823175412255   } 
   autocorr_energy { } 
} 

block { 
   label vmc
   totweight 640000
   nautocorr 0
   total_energy { -35.01014384645813   } 
   total_energyvar { 0.3889308158686617   } 
   weight { 1   } 
   weightvar { 0   } 
   kinetic_energy { 28.0339891170781   } 
   kinetic_energyvar { 197.7618598699593   } 
   potential_energy { -66.27362431301367   } 
   potential_energyvar { 276.0875463307966   } 
   nonlocal_energy { 3.229491349477442   } 
   nonlocal_energyvar { 102.6648804138916   } 
   autocorr_energy { } 
} 

#-------------------------------------------------
#VMC run: timestep 1 nconfig 6400 steps 100
#-------------------------------------------------


init { 
   label vmc
}
block { 
   label vmc
   totweight 640000
   nautocorr 0
   total_energy { -35.009889078354   } 
   total_energyvar { 0.3987474899056451   } 
   weight { 1   } 
   weightvar { 0   } 
   kinetic_energy { 28.04318667563341   } 
   kinetic_energyvar { 199.7768334505311   } 
   potential_energy { -66.3069011060465   } 
   potential_energyvar { 276.7161142601171   } 
   nonlocal_energy { 3.253825352059096   } 
   nonlocal_energyvar { 105.3750341491234   } 
   autocorr_energy { } 
} 

block { 
   label vmc
   totweight 640000
   nautocorr 0
   total_energy { -35.0106990170197   } 
   total_energyvar { 0.4140914037213861   } 
   weight { 1   } 
   weightvar { 0   } 
   kinetic_energy { 28.0459212209337   } 
   kinetic_energyvar { 201.2114519632278   } 
   potential_energy { -66.33072187489469   } 
   potential_energyvar { 279.2715775547358   } 
   nonlocal_energy { 3.27410163694129   } 
   nonlocal_energyvar { 108.9913277332811   } 
   autocorr_energy { } 
} 

block { 
   label vmc
   totweight 640000
   nautocorr 0
   total_energy { -35.01217861062081   } 
   total_energyvar { 0.3946812832029991   } 
   weight { 1   } 
   weightvar { 0   } 
   kinetic_energy { 28.00801825360784   } 
   kinetic_energyvar { 198.9431594068775   } 
   potential_energy { -66.2775972390138   } 
   potential_energyvar { 276.1767062094777   } 
   nonlocal_energy { 3.257400374785154   } 
   nonlocal_energyvar { 103.7192620211115   } 
   autocorr_energy { } 
} 

block { 
   label vmc
   totweight 640000
   nautocorr 0
   total_energy { -35.00963899382545   } 
   total_energyvar { 0.4170709249972333   } 
   weight { 1   } 
   weightvar { 0   } 
   kinetic_energy { 28.05327819538173   } 
   kinetic_energyvar { 202.7139667709572   } 
   potential_energy { -66.32886432995869   } 
   potential_energyvar { 276.6253307257475   } 
   nonlocal_energy { 3.265947140751493   } 
   nonlocal_energyvar { 107.0401621764184   } 
   autocorr_energy { } 
} 

block { 
   label vmc
   totweight 640000
   nautocorr 0
   total_energy { -35.00953060145556   } 
   total_energyvar { 0.3949705583131617   } 
   weight { 1   } 
   weightvar { 0   } 
   kinetic_energy { 28.02858245263878   } 
   kinetic_energyvar { 198.5488274372242   } 
   potential_energy { -66.2385452385728   } 
   potential_energyvar { 271.9918452337797   } 
   nonlocal_energy { 3.200432184478457   } 
   nonlocal_energyvar { 98.5691654526361   } 
   autocorr_energy { } 
} 

block { 
   label vmc
   totweight 640000
   nautocorr 0
   total_energy { -35.01163233002629   } 
   total_energyvar { 0.4019722716082015   } 
   weight { 1   } 
   weightvar { 0   } 
   kinetic_energy { 28.06666552293027   } 
   kinetic_energyvar { 196.5590703407485   } 
   potential_energy { -66.33686100043994   } 
   potential_energyvar { 279.9176022684042   } 
   nonlocal_energy { 3.258563147483376   } 
   nonlocal_energyvar { 104.6171426493113   } 
   autocorr_energy { } 
} 

block { 
   label vmc
   totweight 640000
   nautocorr 0
   total_energy { -35.01139655645822   } 
   total_energyvar { 0.3963325650859133   } 
   weight { 1   } 
   weightvar { 0   } 
   kinetic_energy { 27.98632476198068   } 
   kinetic_energyvar { 196.6247525904283   } 
   potential_energy { -66.23164405818474   } 
   potential_energyvar { 275.3477955852677   } 
   nonlocal_energy { 3.233922739745855   } 
   nonlocal_energyvar { 100.0361349594163   } 
   autocorr_energy { } 
} 

block { 
   label vmc
   totweight 640000
   nautocorr 0
   total_energy { -35.00992291171401   } 
   total_energyvar { 0.4057243726499564   } 
   weight { 1   } 
   weightvar { 0   } 
   kinetic_energy { 28.02506356816874   } 
   kinetic_energyvar { 198.6621368575597   } 
   potential_energy { -66.27256171477551   } 
   potential_energyvar { 277.6139121761935   } 
   nonlocal_energy { 3.237575234892768   } 
   nonlocal_energyvar { 104.3322971645186   } 
   autocorr_energy { } 
} 

block { 
   label vmc
   totweight 640000
   nautocorr 0
   total_energy { -35.00997588696661   } 
   total_energyvar { 0.4030748755924378   } 
   weight { 1   } 
   weightvar { 0   } 
   kinetic_energy { 28.04787201933661   } 
   kinetic_energyvar { 201.153455299303   } 
   potential_energy { -66.30581919836897   } 
   potential_energyvar { 275.0984545170322   } 
   nonlocal_energy { 3.247971292065742   } 
   nonlocal_energyvar { 103.0797682551112   } 
   autocorr_energy { } 
} 

block { 
   label vmc
   totweight 640000
   nautocorr 0
   total_energy { -35.01225056881273   } 
   total_energyvar { 0.4004002379331268   } 
   weight { 1   } 
   weightvar { 0   } 
   kinetic_energy { 28.10674516415112   } 
   kinetic_energyvar { 199.6360981344221   } 
   potential_energy { -66.36641473678128   } 
   potential_energyvar { 277.2143111604028   } 
   nonlocal_energy { 3.247419003817433   } 
   nonlocal_energyvar { 103.1707444397735   } 
   autocorr_energy { } 
} 

