#-------------------------------------------------
#DMC run: timestep 0.02
#-------------------------------------------------


init { 
   label dmc
}
block { 
   label dmc
   totweight 512000
   nautocorr 0
   total_energy { -14.91411805037714   } 
   total_energyvar { 0.1141067794000321   } 
   weight { 1.001151504991026   } 
   weightvar { 0.008015929561848711   } 
   kinetic_energy { 5.750846625279411   } 
   kinetic_energyvar { 6.620344703267655   } 
   potential_energy { -23.35995883520371   } 
   potential_energyvar { 17.01890182682882   } 
   nonlocal_energy { 2.694994159547167   } 
   nonlocal_energyvar { 16.31233953982266   } 
   autocorr_energy { } 
} 

block { 
   label dmc
   totweight 512000
   nautocorr 0
   total_energy { -14.9159143506538   } 
   total_energyvar { 0.1181223775527371   } 
   weight { 1.002314458637653   } 
   weightvar { 0.02916475813969077   } 
   kinetic_energy { 5.723588491535046   } 
   kinetic_energyvar { 6.615053825679325   } 
   potential_energy { -23.33837134935684   } 
   potential_energyvar { 17.1007168309601   } 
   nonlocal_energy { 2.69886850716799   } 
   nonlocal_energyvar { 16.71584819265021   } 
   autocorr_energy { } 
} 

block { 
   label dmc
   totweight 512000
   nautocorr 0
   total_energy { -14.91868844090571   } 
   total_energyvar { 0.1134341768091929   } 
   weight { 1.002142066067541   } 
   weightvar { 0.04922825207308423   } 
   kinetic_energy { 5.728787401383435   } 
   kinetic_energyvar { 6.557640483664628   } 
   potential_energy { -23.34197125314346   } 
   potential_energyvar { 16.99523935633556   } 
   nonlocal_energy { 2.694495410854309   } 
   nonlocal_energyvar { 16.41697070082206   } 
   autocorr_energy { } 
} 

block { 
   label dmc
   totweight 512000
   nautocorr 0
   total_energy { -14.91680701609974   } 
   total_energyvar { 0.1142992627787578   } 
   weight { 1.001798960110697   } 
   weightvar { 0.06427741175366286   } 
   kinetic_energy { 5.732720151764139   } 
   kinetic_energyvar { 6.522087217956418   } 
   potential_energy { -23.36875376495422   } 
   potential_energyvar { 17.02627638784804   } 
   nonlocal_energy { 2.719226597090343   } 
   nonlocal_energyvar { 16.66944403779218   } 
   autocorr_energy { } 
} 

block { 
   label dmc
   totweight 512000
   nautocorr 0
   total_energy { -14.91828223281826   } 
   total_energyvar { 0.1124790078899025   } 
   weight { 1.001306003776687   } 
   weightvar { 0.07419002447827494   } 
   kinetic_energy { 5.73236491146895   } 
   kinetic_energyvar { 6.630064920015137   } 
   potential_energy { -23.33323611592689   } 
   potential_energyvar { 17.40963278536583   } 
   nonlocal_energy { 2.682588971639688   } 
   nonlocal_energyvar { 17.24660358982583   } 
   autocorr_energy { } 
} 

block { 
   label dmc
   totweight 512000
   nautocorr 0
   total_energy { -14.91567481310869   } 
   total_energyvar { 0.1097942899480415   } 
   weight { 1.000395272336911   } 
   weightvar { 0.081073328219603   } 
   kinetic_energy { 5.735372124512246   } 
   kinetic_energyvar { 6.473876889692406   } 
   potential_energy { -23.34720906784383   } 
   potential_energyvar { 16.95143385314884   } 
   nonlocal_energy { 2.69616213022289   } 
   nonlocal_energyvar { 16.37648081325501   } 
   autocorr_energy { } 
} 

block { 
   label dmc
   totweight 512000
   nautocorr 0
   total_energy { -14.91581020813621   } 
   total_energyvar { 0.1137951803614783   } 
   weight { 0.9988273626699782   } 
   weightvar { 0.08617250461324766   } 
   kinetic_energy { 5.708456650077901   } 
   kinetic_energyvar { 6.544855935898575   } 
   potential_energy { -23.28878768627719   } 
   potential_energyvar { 16.9994608021899   } 
   nonlocal_energy { 2.664520828063069   } 
   nonlocal_energyvar { 16.29479229482249   } 
   autocorr_energy { } 
} 

block { 
   label dmc
   totweight 512000
   nautocorr 0
   total_energy { -14.91814959508348   } 
   total_energyvar { 0.1128921855864178   } 
   weight { 0.998850394828444   } 
   weightvar { 0.08744116636802546   } 
   kinetic_energy { 5.715716204048267   } 
   kinetic_energyvar { 6.527101132719004   } 
   potential_energy { -23.31436808413201   } 
   potential_energyvar { 17.12266509333233   } 
   nonlocal_energy { 2.680502285000252   } 
   nonlocal_energyvar { 16.46056018478657   } 
   autocorr_energy { } 
} 

block { 
   label dmc
   totweight 512000
   nautocorr 0
   total_energy { -14.91379231842919   } 
   total_energyvar { 0.1163684402998797   } 
   weight { 0.9985061913141825   } 
   weightvar { 0.08876623894258595   } 
   kinetic_energy { 5.727316364384201   } 
   kinetic_energyvar { 6.818026061471642   } 
   potential_energy { -23.34368098613384   } 
   potential_energyvar { 17.1128982041339   } 
   nonlocal_energy { 2.702572303320444   } 
   nonlocal_energyvar { 17.28702298388583   } 
   autocorr_energy { } 
} 

block { 
   label dmc
   totweight 512000
   nautocorr 0
   total_energy { -14.91543100963652   } 
   total_energyvar { 0.1159077703933917   } 
   weight { 0.99783999723454   } 
   weightvar { 0.09019934013442144   } 
   kinetic_energy { 5.750516309821521   } 
   kinetic_energyvar { 6.709889572898824   } 
   potential_energy { -23.4196307846864   } 
   potential_energyvar { 17.15705683038379   } 
   nonlocal_energy { 2.753683465228355   } 
   nonlocal_energyvar { 17.23561130569119   } 
   autocorr_energy { } 
} 

block { 
   label dmc
   totweight 512000
   nautocorr 0
   total_energy { -14.91828360350922   } 
   total_energyvar { 0.118265317713508   } 
   weight { 0.9990587773990856   } 
   weightvar { 0.09085753742554159   } 
   kinetic_energy { 5.737402937696569   } 
   kinetic_energyvar { 6.671205011152573   } 
   potential_energy { -23.39163186404983   } 
   potential_energyvar { 17.22637345353348   } 
   nonlocal_energy { 2.735945322844046   } 
   nonlocal_energyvar { 17.35544170437721   } 
   autocorr_energy { } 
} 

block { 
   label dmc
   totweight 512000
   nautocorr 0
   total_energy { -14.91909229784353   } 
   total_energyvar { 0.1153197406279673   } 
   weight { 1.000721600338723   } 
   weightvar { 0.09060982364000814   } 
   kinetic_energy { 5.741444209632089   } 
   kinetic_energyvar { 6.63090685962127   } 
   potential_energy { -23.38735388274015   } 
   potential_energyvar { 17.10737730293795   } 
   nonlocal_energy { 2.726817375264522   } 
   nonlocal_energyvar { 16.86169929730715   } 
   autocorr_energy { } 
} 

block { 
   label dmc
   totweight 512000
   nautocorr 0
   total_energy { -14.91613403235725   } 
   total_energyvar { 0.1110156314521475   } 
   weight { 1.000315706442498   } 
   weightvar { 0.09210995617251405   } 
   kinetic_energy { 5.746413647344047   } 
   kinetic_energyvar { 6.917526775949646   } 
   potential_energy { -23.35832219415663   } 
   potential_energyvar { 17.14284940417679   } 
   nonlocal_energy { 2.69577451445533   } 
   nonlocal_energyvar { 16.97434670787332   } 
   autocorr_energy { } 
} 

block { 
   label dmc
   totweight 512000
   nautocorr 0
   total_energy { -14.91670009479407   } 
   total_energyvar { 0.1133998440876098   } 
   weight { 0.9994786242268487   } 
   weightvar { 0.09422912936127315   } 
   kinetic_energy { 5.753579202498719   } 
   kinetic_energyvar { 6.46438442911785   } 
   potential_energy { -23.37235630084206   } 
   potential_energyvar { 16.96747277502834   } 
   nonlocal_energy { 2.702077003549273   } 
   nonlocal_energyvar { 16.28907741204252   } 
   autocorr_energy { } 
} 

block { 
   label dmc
   totweight 512000
   nautocorr 0
   total_energy { -14.91744218622978   } 
   total_energyvar { 0.1165293314065821   } 
   weight { 0.99918209089895   } 
   weightvar { 0.0942488980733367   } 
   kinetic_energy { 5.752248631569316   } 
   kinetic_energyvar { 6.674609186551891   } 
   potential_energy { -23.37585930721168   } 
   potential_energyvar { 17.19675135541149   } 
   nonlocal_energy { 2.706168489412581   } 
   nonlocal_energyvar { 16.86537188547166   } 
   autocorr_energy { } 
} 

block { 
   label dmc
   totweight 512000
   nautocorr 0
   total_energy { -14.91765550323658   } 
   total_energyvar { 0.1146620373519056   } 
   weight { 1.000151679886175   } 
   weightvar { 0.0944004091952706   } 
   kinetic_energy { 5.728222364156296   } 
   kinetic_energyvar { 6.800125042092745   } 
   potential_energy { -23.35465823522414   } 
   potential_energyvar { 17.3665880990518   } 
   nonlocal_energy { 2.708780367831268   } 
   nonlocal_energyvar { 16.93360907454121   } 
   autocorr_energy { } 
} 

block { 
   label dmc
   totweight 512000
   nautocorr 0
   total_energy { -14.9168700975853   } 
   total_energyvar { 0.1103267478218299   } 
   weight { 1.000014920699416   } 
   weightvar { 0.09513232614000833   } 
   kinetic_energy { 5.738436353808366   } 
   kinetic_energyvar { 6.404661445635028   } 
   potential_energy { -23.32546938081037   } 
   potential_energyvar { 16.85955508315953   } 
   nonlocal_energy { 2.670162929416702   } 
   nonlocal_energyvar { 16.13740539952991   } 
   autocorr_energy { } 
} 

block { 
   label dmc
   totweight 512000
   nautocorr 0
   total_energy { -14.91644859564096   } 
   total_energyvar { 0.1151009858246539   } 
   weight { 0.9990548747219384   } 
   weightvar { 0.09470652073916885   } 
   kinetic_energy { 5.735755285931933   } 
   kinetic_energyvar { 6.61661812106157   } 
   potential_energy { -23.33964713132467   } 
   potential_energyvar { 17.04857100644654   } 
   nonlocal_energy { 2.687443249751773   } 
   nonlocal_energyvar { 16.68109926306894   } 
   autocorr_energy { } 
} 

block { 
   label dmc
   totweight 512000
   nautocorr 0
   total_energy { -14.91522254027712   } 
   total_energyvar { 0.1152870062652198   } 
   weight { 0.9987804307106329   } 
   weightvar { 0.09418311319566564   } 
   kinetic_energy { 5.729411951825924   } 
   kinetic_energyvar { 6.498369432239528   } 
   potential_energy { -23.35862716805027   } 
   potential_energyvar { 17.18070268187989   } 
   nonlocal_energy { 2.71399267594722   } 
   nonlocal_energyvar { 16.8320035015893   } 
   autocorr_energy { } 
} 

block { 
   label dmc
   totweight 512000
   nautocorr 0
   total_energy { -14.91639226391093   } 
   total_energyvar { 0.1109527523986742   } 
   weight { 0.9983991297103162   } 
   weightvar { 0.09500439098230407   } 
   kinetic_energy { 5.74065889007217   } 
   kinetic_energyvar { 6.432462005474527   } 
   potential_energy { -23.3412817020515   } 
   potential_energyvar { 16.95704652779364   } 
   nonlocal_energy { 2.684230548068403   } 
   nonlocal_energyvar { 16.3179827610539   } 
   autocorr_energy { } 
} 

block { 
   label dmc
   totweight 512000
   nautocorr 0
   total_energy { -14.91902847819243   } 
   total_energyvar { 0.1183868642680466   } 
   weight { 0.9998656485927179   } 
   weightvar { 0.09475907478443646   } 
   kinetic_energy { 5.736036395617772   } 
   kinetic_energyvar { 6.551654858842291   } 
   potential_energy { -23.3677227968655   } 
   potential_energyvar { 17.16590873267   } 
   nonlocal_energy { 2.712657923055294   } 
   nonlocal_energyvar { 16.90037916484716   } 
   autocorr_energy { } 
} 

block { 
   label dmc
   totweight 512000
   nautocorr 0
   total_energy { -14.91646374426368   } 
   total_energyvar { 0.1186634375879692   } 
   weight { 0.9997750684481712   } 
   weightvar { 0.09532762588518784   } 
   kinetic_energy { 5.73439334720872   } 
   kinetic_energyvar { 6.621786189789105   } 
   potential_energy { -23.40018187017676   } 
   potential_energyvar { 17.33416492974186   } 
   nonlocal_energy { 2.749324778704355   } 
   nonlocal_energyvar { 17.17366643607392   } 
   autocorr_energy { } 
} 

block { 
   label dmc
   totweight 512000
   nautocorr 0
   total_energy { -14.91720228304395   } 
   total_energyvar { 0.1170947833135756   } 
   weight { 0.9992873089950468   } 
   weightvar { 0.09542413067633737   } 
   kinetic_energy { 5.73905771549685   } 
   kinetic_energyvar { 6.672650456063963   } 
   potential_energy { -23.38259553270982   } 
   potential_energyvar { 17.13584529005038   } 
   nonlocal_energy { 2.726335534169028   } 
   nonlocal_energyvar { 16.97810769625763   } 
   autocorr_energy { } 
} 

block { 
   label dmc
   totweight 512000
   nautocorr 0
   total_energy { -14.91780929402343   } 
   total_energyvar { 0.1151080489852916   } 
   weight { 1.000479159983127   } 
   weightvar { 0.09538359875188429   } 
   kinetic_energy { 5.732308325922464   } 
   kinetic_energyvar { 6.596217076523409   } 
   potential_energy { -23.3649630479876   } 
   potential_energyvar { 17.17828412749429   } 
   nonlocal_energy { 2.714845428041702   } 
   nonlocal_energyvar { 16.86663813994744   } 
   autocorr_energy { } 
} 

block { 
   label dmc
   totweight 512000
   nautocorr 0
   total_energy { -14.9149081896329   } 
   total_energyvar { 0.1131735535939811   } 
   weight { 0.9989351636061954   } 
   weightvar { 0.0935627737197573   } 
   kinetic_energy { 5.728643614847261   } 
   kinetic_energyvar { 6.462880274313278   } 
   potential_energy { -23.32830333510981   } 
   potential_energyvar { 16.85654184387795   } 
   nonlocal_energy { 2.684751530629653   } 
   nonlocal_energyvar { 16.42226932850793   } 
   autocorr_energy { } 
} 

block { 
   label dmc
   totweight 512000
   nautocorr 0
   total_energy { -14.91564590182811   } 
   total_energyvar { 0.1148586481462814   } 
   weight { 0.9983438103416815   } 
   weightvar { 0.09214621898408193   } 
   kinetic_energy { 5.733989104528968   } 
   kinetic_energyvar { 6.632879341625546   } 
   potential_energy { -23.382048744063   } 
   potential_energyvar { 17.16775977524321   } 
   nonlocal_energy { 2.73241373770593   } 
   nonlocal_energyvar { 17.02196894220546   } 
   autocorr_energy { } 
} 

block { 
   label dmc
   totweight 512000
   nautocorr 0
   total_energy { -14.914797938347   } 
   total_energyvar { 0.1159654874736873   } 
   weight { 0.998062486913132   } 
   weightvar { 0.09258661811877544   } 
   kinetic_energy { 5.740500546323204   } 
   kinetic_energyvar { 6.460646749553582   } 
   potential_energy { -23.35487522412537   } 
   potential_energyvar { 16.8987363896797   } 
   nonlocal_energy { 2.699576739455162   } 
   nonlocal_energyvar { 16.37171080003211   } 
   autocorr_energy { } 
} 

block { 
   label dmc
   totweight 512000
   nautocorr 0
   total_energy { -14.91551008716421   } 
   total_energyvar { 0.1112104372591602   } 
   weight { 0.9982801062166149   } 
   weightvar { 0.09317384886169222   } 
   kinetic_energy { 5.721384569239128   } 
   kinetic_energyvar { 6.50767322295048   } 
   potential_energy { -23.31645145819791   } 
   potential_energyvar { 17.0060965234311   } 
   nonlocal_energy { 2.679556801794575   } 
   nonlocal_energyvar { 16.44548185790778   } 
   autocorr_energy { } 
} 

block { 
   label dmc
   totweight 512000
   nautocorr 0
   total_energy { -14.91704616420517   } 
   total_energyvar { 0.113534055868314   } 
   weight { 0.9983063137528232   } 
   weightvar { 0.0935303699374842   } 
   kinetic_energy { 5.717948209504008   } 
   kinetic_energyvar { 6.605344504912125   } 
   potential_energy { -23.37134588716718   } 
   potential_energyvar { 17.40416222675753   } 
   nonlocal_energy { 2.736351513458   } 
   nonlocal_energyvar { 17.35548513616858   } 
   autocorr_energy { } 
} 

block { 
   label dmc
   totweight 512000
   nautocorr 0
   total_energy { -14.91719449641155   } 
   total_energyvar { 0.1151743969986967   } 
   weight { 0.9993366127659212   } 
   weightvar { 0.0941794227655699   } 
   kinetic_energy { 5.71427955056588   } 
   kinetic_energyvar { 6.495313261769518   } 
   potential_energy { -23.31006475144146   } 
   potential_energyvar { 16.82197440697905   } 
   nonlocal_energy { 2.678590704464037   } 
   nonlocal_energyvar { 16.28888006342243   } 
   autocorr_energy { } 
} 

block { 
   label dmc
   totweight 512000
   nautocorr 0
   total_energy { -14.91836482741356   } 
   total_energyvar { 0.1136398124112361   } 
   weight { 0.9999378749349229   } 
   weightvar { 0.09388738192697954   } 
   kinetic_energy { 5.703338864144261   } 
   kinetic_energyvar { 6.482358216487697   } 
   potential_energy { -23.30423240433574   } 
   potential_energyvar { 16.97697831965627   } 
   nonlocal_energy { 2.682528712777916   } 
   nonlocal_energyvar { 16.36515176291386   } 
   autocorr_energy { } 
} 

block { 
   label dmc
   totweight 512000
   nautocorr 0
   total_energy { -14.91734089295673   } 
   total_energyvar { 0.1140707270728853   } 
   weight { 1.000586347515862   } 
   weightvar { 0.09496567165916625   } 
   kinetic_energy { 5.745566127239089   } 
   kinetic_energyvar { 6.495642355209014   } 
   potential_energy { -23.34818997257686   } 
   potential_energyvar { 17.07785154454029   } 
   nonlocal_energy { 2.685282952381036   } 
   nonlocal_energyvar { 16.51670188948942   } 
   autocorr_energy { } 
} 

block { 
   label dmc
   totweight 512000
   nautocorr 0
   total_energy { -14.91837052766118   } 
   total_energyvar { 0.1155491281234333   } 
   weight { 1.00105655642088   } 
   weightvar { 0.09462631936876686   } 
   kinetic_energy { 5.754861527328057   } 
   kinetic_energyvar { 6.612101820079538   } 
   potential_energy { -23.38841116868993   } 
   potential_energyvar { 17.25705153069839   } 
   nonlocal_energy { 2.7151791137007   } 
   nonlocal_energyvar { 16.7123005671952   } 
   autocorr_energy { } 
} 

block { 
   label dmc
   totweight 512000
   nautocorr 0
   total_energy { -14.91765801057195   } 
   total_energyvar { 0.113687736419422   } 
   weight { 1.000058015757962   } 
   weightvar { 0.09376009906113558   } 
   kinetic_energy { 5.732503427843999   } 
   kinetic_energyvar { 6.603820190140432   } 
   potential_energy { -23.36777677026511   } 
   potential_energyvar { 17.08992728958924   } 
   nonlocal_energy { 2.717615331849162   } 
   nonlocal_energyvar { 16.86337346634793   } 
   autocorr_energy { } 
} 

block { 
   label dmc
   totweight 512000
   nautocorr 0
   total_energy { -14.91998746224525   } 
   total_energyvar { 0.1133796634479154   } 
   weight { 1.001524999046675   } 
   weightvar { 0.09325491522273111   } 
   kinetic_energy { 5.756843680320841   } 
   kinetic_energyvar { 6.475942697634331   } 
   potential_energy { -23.40109817159014   } 
   potential_energyvar { 17.07800008364893   } 
   nonlocal_energy { 2.724267029024046   } 
   nonlocal_energyvar { 16.66756268625094   } 
   autocorr_energy { } 
} 

block { 
   label dmc
   totweight 512000
   nautocorr 0
   total_energy { -14.9162287712708   } 
   total_energyvar { 0.1119874742171021   } 
   weight { 1.000617793059612   } 
   weightvar { 0.09274062322706067   } 
   kinetic_energy { 5.74113454370366   } 
   kinetic_energyvar { 6.429664786266812   } 
   potential_energy { -23.37602741959099   } 
   potential_energyvar { 17.13523932937994   } 
   nonlocal_energy { 2.718664104616528   } 
   nonlocal_energyvar { 16.52108084664055   } 
   autocorr_energy { } 
} 

block { 
   label dmc
   totweight 512000
   nautocorr 0
   total_energy { -14.91650820546871   } 
   total_energyvar { 0.1127297580634092   } 
   weight { 0.9995457653036808   } 
   weightvar { 0.09393785697609713   } 
   kinetic_energy { 5.760179821878286   } 
   kinetic_energyvar { 6.604466620978911   } 
   potential_energy { -23.40376127268561   } 
   potential_energyvar { 17.00688927397323   } 
   nonlocal_energy { 2.727073245338619   } 
   nonlocal_energyvar { 16.89051610781207   } 
   autocorr_energy { } 
} 

block { 
   label dmc
   totweight 512000
   nautocorr 0
   total_energy { -14.91538141212651   } 
   total_energyvar { 0.1109671018716654   } 
   weight { 0.9988614979729129   } 
   weightvar { 0.09209084598494377   } 
   kinetic_energy { 5.737284734234115   } 
   kinetic_energyvar { 6.547228360781311   } 
   potential_energy { -23.33462254703799   } 
   potential_energyvar { 16.99817984445156   } 
   nonlocal_energy { 2.681956400677366   } 
   nonlocal_energyvar { 16.41863469689795   } 
   autocorr_energy { } 
} 

block { 
   label dmc
   totweight 512000
   nautocorr 0
   total_energy { -14.91634901220906   } 
   total_energyvar { 0.113459177354656   } 
   weight { 0.9983160892704578   } 
   weightvar { 0.09193804330969735   } 
   kinetic_energy { 5.7376465829229   } 
   kinetic_energyvar { 6.408721199045587   } 
   potential_energy { -23.34823011510889   } 
   potential_energyvar { 16.6616561720291   } 
   nonlocal_energy { 2.694234519976938   } 
   nonlocal_energyvar { 16.29795998395084   } 
   autocorr_energy { } 
} 

block { 
   label dmc
   totweight 512000
   nautocorr 0
   total_energy { -14.91897917942151   } 
   total_energyvar { 0.1159675903682   } 
   weight { 0.9999246467062999   } 
   weightvar { 0.09350190857666307   } 
   kinetic_energy { 5.749179093817975   } 
   kinetic_energyvar { 6.495046418299836   } 
   potential_energy { -23.38489532838654   } 
   potential_energyvar { 17.12933165538698   } 
   nonlocal_energy { 2.716737055147055   } 
   nonlocal_energyvar { 16.6347545998487   } 
   autocorr_energy { } 
} 

block { 
   label dmc
   totweight 512000
   nautocorr 0
   total_energy { -14.91616820069928   } 
   total_energyvar { 0.1131764914673283   } 
   weight { 0.9995635484119585   } 
   weightvar { 0.09196409279969009   } 
   kinetic_energy { 5.735036955300354   } 
   kinetic_energyvar { 6.533257655222087   } 
   potential_energy { -23.35069863919005   } 
   potential_energyvar { 17.24226241913095   } 
   nonlocal_energy { 2.699493483190417   } 
   nonlocal_energyvar { 16.81672103795151   } 
   autocorr_energy { } 
} 

block { 
   label dmc
   totweight 512000
   nautocorr 0
   total_energy { -14.91569994411699   } 
   total_energyvar { 0.1145072913195975   } 
   weight { 0.9988596522273581   } 
   weightvar { 0.09198744969574379   } 
   kinetic_energy { 5.729113985476737   } 
   kinetic_energyvar { 6.522278501417325   } 
   potential_energy { -23.34124055814585   } 
   potential_energyvar { 16.89950957407518   } 
   nonlocal_energy { 2.696426628552123   } 
   nonlocal_energyvar { 16.42445078585574   } 
   autocorr_energy { } 
} 

block { 
   label dmc
   totweight 512000
   nautocorr 0
   total_energy { -14.91697879836958   } 
   total_energyvar { 0.113166902646384   } 
   weight { 0.9990997650701682   } 
   weightvar { 0.09175689338797077   } 
   kinetic_energy { 5.731291049555594   } 
   kinetic_energyvar { 6.3959819057633   } 
   potential_energy { -23.32468890730116   } 
   potential_energyvar { 16.8273887714895   } 
   nonlocal_energy { 2.676419059375977   } 
   nonlocal_energyvar { 16.30169096973125   } 
   autocorr_energy { } 
} 

block { 
   label dmc
   totweight 512000
   nautocorr 0
   total_energy { -14.91977989065587   } 
   total_energyvar { 0.1138703729886856   } 
   weight { 1.000614852750218   } 
   weightvar { 0.09174062718946274   } 
   kinetic_energy { 5.723574943898584   } 
   kinetic_energyvar { 6.52060927540002   } 
   potential_energy { -23.33690553267767   } 
   potential_energyvar { 16.88110908177146   } 
   nonlocal_energy { 2.693550698123215   } 
   nonlocal_energyvar { 16.49936866644473   } 
   autocorr_energy { } 
} 

block { 
   label dmc
   totweight 512000
   nautocorr 0
   total_energy { -14.91818664871328   } 
   total_energyvar { 0.1128054445990188   } 
   weight { 1.001398810230196   } 
   weightvar { 0.09073545290906582   } 
   kinetic_energy { 5.700982849497592   } 
   kinetic_energyvar { 6.629803110947933   } 
   potential_energy { -23.33740094185398   } 
   potential_energyvar { 17.15866472260495   } 
   nonlocal_energy { 2.718231443643109   } 
   nonlocal_energyvar { 16.84891169173524   } 
   autocorr_energy { } 
} 

block { 
   label dmc
   totweight 512000
   nautocorr 0
   total_energy { -14.91411166464291   } 
   total_energyvar { 0.1116327717079741   } 
   weight { 0.998997462909236   } 
   weightvar { 0.09029496000425341   } 
   kinetic_energy { 5.716740495029269   } 
   kinetic_energyvar { 6.580969655849287   } 
   potential_energy { -23.33408797780188   } 
   potential_energyvar { 17.14325070497171   } 
   nonlocal_energy { 2.703235818129701   } 
   nonlocal_energyvar { 16.63373337664632   } 
   autocorr_energy { } 
} 

block { 
   label dmc
   totweight 512000
   nautocorr 0
   total_energy { -14.91553893799746   } 
   total_energyvar { 0.1128811227841027   } 
   weight { 0.9979756109706371   } 
   weightvar { 0.09061504675331866   } 
   kinetic_energy { 5.74266727552951   } 
   kinetic_energyvar { 6.552439787437983   } 
   potential_energy { -23.35696405404745   } 
   potential_energyvar { 17.03827025048304   } 
   nonlocal_energy { 2.698757840520477   } 
   nonlocal_energyvar { 16.5736548825799   } 
   autocorr_energy { } 
} 

block { 
   label dmc
   totweight 512000
   nautocorr 0
   total_energy { -14.91684526842711   } 
   total_energyvar { 0.1175150118835404   } 
   weight { 0.9986040354346235   } 
   weightvar { 0.09154908065804002   } 
   kinetic_energy { 5.759648727646716   } 
   kinetic_energyvar { 6.63496262157922   } 
   potential_energy { -23.41739691719246   } 
   potential_energyvar { 17.19235552403006   } 
   nonlocal_energy { 2.740902921118639   } 
   nonlocal_energyvar { 17.0686828647353   } 
   autocorr_energy { } 
} 

block { 
   label dmc
   totweight 512000
   nautocorr 0
   total_energy { -14.91807380289674   } 
   total_energyvar { 0.1123408409495141   } 
   weight { 1.000001477028466   } 
   weightvar { 0.09202509779023393   } 
   kinetic_energy { 5.756372762503844   } 
   kinetic_energyvar { 6.580697177076438   } 
   potential_energy { -23.365700056702   } 
   potential_energyvar { 17.06550303587323   } 
   nonlocal_energy { 2.691253491301412   } 
   nonlocal_energyvar { 16.54247098164886   } 
   autocorr_energy { } 
} 

block { 
   label dmc
   totweight 512000
   nautocorr 0
   total_energy { -14.9134217631024   } 
   total_energyvar { 0.1182970321133894   } 
   weight { 0.9982769385070431   } 
   weightvar { 0.09265363872383536   } 
   kinetic_energy { 5.748753757962624   } 
   kinetic_energyvar { 6.564755764144074   } 
   potential_energy { -23.37526962351384   } 
   potential_energyvar { 17.02763401385653   } 
   nonlocal_energy { 2.713094102448819   } 
   nonlocal_energyvar { 16.87867968062787   } 
   autocorr_energy { } 
} 

block { 
   label dmc
   totweight 512000
   nautocorr 0
   total_energy { -14.91748194471266   } 
   total_energyvar { 0.1125701022988039   } 
   weight { 0.9982033074364258   } 
   weightvar { 0.09151871874882622   } 
   kinetic_energy { 5.736905110483082   } 
   kinetic_energyvar { 6.530048805099263   } 
   potential_energy { -23.36009778508476   } 
   potential_energyvar { 17.14936635335982   } 
   nonlocal_energy { 2.705710729889027   } 
   nonlocal_energyvar { 16.65820144654618   } 
   autocorr_energy { } 
} 

block { 
   label dmc
   totweight 512000
   nautocorr 0
   total_energy { -14.91876711598253   } 
   total_energyvar { 0.1101500405019351   } 
   weight { 1.000064131462478   } 
   weightvar { 0.09136319909987201   } 
   kinetic_energy { 5.727788468143141   } 
   kinetic_energyvar { 6.567449751045572   } 
   potential_energy { -23.31019691610215   } 
   potential_energyvar { 16.81318870400003   } 
   nonlocal_energy { 2.663641331976485   } 
   nonlocal_energyvar { 16.06594553383539   } 
   autocorr_energy { } 
} 

block { 
   label dmc
   totweight 512000
   nautocorr 0
   total_energy { -14.91983481955448   } 
   total_energyvar { 0.1137141411228129   } 
   weight { 1.001024891375474   } 
   weightvar { 0.09143699503601588   } 
   kinetic_energy { 5.73659656485105   } 
   kinetic_energyvar { 6.575298130793129   } 
   potential_energy { -23.37291005625548   } 
   potential_energyvar { 17.14772227318497   } 
   nonlocal_energy { 2.716478671849947   } 
   nonlocal_energyvar { 16.78169299640953   } 
   autocorr_energy { } 
} 

block { 
   label dmc
   totweight 512000
   nautocorr 0
   total_energy { -14.91886396571126   } 
   total_energyvar { 0.1137811217854505   } 
   weight { 1.001878661086254   } 
   weightvar { 0.09324367881213691   } 
   kinetic_energy { 5.741933130146975   } 
   kinetic_energyvar { 6.541899323601676   } 
   potential_energy { -23.37740696879698   } 
   potential_energyvar { 17.04539422816072   } 
   nonlocal_energy { 2.716609872938737   } 
   nonlocal_energyvar { 16.84266483629157   } 
   autocorr_energy { } 
} 

block { 
   label dmc
   totweight 512000
   nautocorr 0
   total_energy { -14.91877757326537   } 
   total_energyvar { 0.117448097111577   } 
   weight { 1.001592168606048   } 
   weightvar { 0.09349829641111906   } 
   kinetic_energy { 5.754094929251804   } 
   kinetic_energyvar { 6.666828995052732   } 
   potential_energy { -23.37457510706967   } 
   potential_energyvar { 17.24916053596883   } 
   nonlocal_energy { 2.701702604552508   } 
   nonlocal_energyvar { 17.00663545385025   } 
   autocorr_energy { } 
} 

block { 
   label dmc
   totweight 512000
   nautocorr 0
   total_energy { -14.91830349086642   } 
   total_energyvar { 0.1148030637883721   } 
   weight { 1.000608734836725   } 
   weightvar { 0.09305822975938471   } 
   kinetic_energy { 5.728136795407452   } 
   kinetic_energyvar { 6.633710765425107   } 
   potential_energy { -23.34987355770549   } 
   potential_energyvar { 17.20343261294545   } 
   nonlocal_energy { 2.703433271431618   } 
   nonlocal_energyvar { 16.79510455865235   } 
   autocorr_energy { } 
} 

block { 
   label dmc
   totweight 512000
   nautocorr 0
   total_energy { -14.91701860315948   } 
   total_energyvar { 0.1124572176137804   } 
   weight { 1.000102038880254   } 
   weightvar { 0.09189967229767437   } 
   kinetic_energy { 5.732510525939452   } 
   kinetic_energyvar { 6.486705163407038   } 
   potential_energy { -23.33519578690377   } 
   potential_energyvar { 16.8149963206871   } 
   nonlocal_energy { 2.685666657804838   } 
   nonlocal_energyvar { 16.39438144449451   } 
   autocorr_energy { } 
} 

block { 
   label dmc
   totweight 512000
   nautocorr 0
   total_energy { -14.91711618330653   } 
   total_energyvar { 0.1143201035151833   } 
   weight { 1.000007408794921   } 
   weightvar { 0.0921343347914485   } 
   kinetic_energy { 5.733558194552057   } 
   kinetic_energyvar { 6.632075374196987   } 
   potential_energy { -23.35497156216168   } 
   potential_energyvar { 17.07185514090304   } 
   nonlocal_energy { 2.704297184303093   } 
   nonlocal_energyvar { 16.97201542929646   } 
   autocorr_energy { } 
} 

block { 
   label dmc
   totweight 512000
   nautocorr 0
   total_energy { -14.91676104405645   } 
   total_energyvar { 0.1118432336422757   } 
   weight { 0.9996499723805394   } 
   weightvar { 0.09252769476355149   } 
   kinetic_energy { 5.746470543596418   } 
   kinetic_energyvar { 6.446639368737294   } 
   potential_energy { -23.35053119087869   } 
   potential_energyvar { 16.90473818792373   } 
   nonlocal_energy { 2.687299603225825   } 
   nonlocal_energyvar { 16.46029523442819   } 
   autocorr_energy { } 
} 

block { 
   label dmc
   totweight 512000
   nautocorr 0
   total_energy { -14.91858116327239   } 
   total_energyvar { 0.108041924846674   } 
   weight { 1.000099588487763   } 
   weightvar { 0.09237331371911117   } 
   kinetic_energy { 5.743422742131715   } 
   kinetic_energyvar { 6.482295784194058   } 
   potential_energy { -23.35942268131253   } 
   potential_energyvar { 16.8697202960501   } 
   nonlocal_energy { 2.697418775908417   } 
   nonlocal_energyvar { 16.32930021921672   } 
   autocorr_energy { } 
} 

block { 
   label dmc
   totweight 512000
   nautocorr 0
   total_energy { -14.91557033716184   } 
   total_energyvar { 0.1160574880558158   } 
   weight { 0.999039783982647   } 
   weightvar { 0.09253678214326844   } 
   kinetic_energy { 5.74222576549374   } 
   kinetic_energyvar { 6.644931308395016   } 
   potential_energy { -23.39509789681206   } 
   potential_energyvar { 17.20666213698689   } 
   nonlocal_energy { 2.737301794156478   } 
   nonlocal_energyvar { 16.99670835826951   } 
   autocorr_energy { } 
} 

block { 
   label dmc
   totweight 512000
   nautocorr 0
   total_energy { -14.91881218196136   } 
   total_energyvar { 0.1152185734641762   } 
   weight { 0.9998256529514253   } 
   weightvar { 0.09371182258145538   } 
   kinetic_energy { 5.769783635071943   } 
   kinetic_energyvar { 6.544643369242763   } 
   potential_energy { -23.41519570447318   } 
   potential_energyvar { 17.0161622507427   } 
   nonlocal_energy { 2.726599887439876   } 
   nonlocal_energyvar { 16.73789910511763   } 
   autocorr_energy { } 
} 

block { 
   label dmc
   totweight 512000
   nautocorr 0
   total_energy { -14.91968929395997   } 
   total_energyvar { 0.1142387427356368   } 
   weight { 1.000847637371301   } 
   weightvar { 0.0943746129538594   } 
   kinetic_energy { 5.758443168118593   } 
   kinetic_energyvar { 6.54857530612616   } 
   potential_energy { -23.38663194408949   } 
   potential_energyvar { 17.07297521293253   } 
   nonlocal_energy { 2.708499482010929   } 
   nonlocal_energyvar { 16.62749347853353   } 
   autocorr_energy { } 
} 

block { 
   label dmc
   totweight 512000
   nautocorr 0
   total_energy { -14.91590734302596   } 
   total_energyvar { 0.1145084583738765   } 
   weight { 1.000392989911352   } 
   weightvar { 0.09572134750366823   } 
   kinetic_energy { 5.744323737730501   } 
   kinetic_energyvar { 6.687573687982372   } 
   potential_energy { -23.36455204552129   } 
   potential_energyvar { 17.13944271723994   } 
   nonlocal_energy { 2.704320964764817   } 
   nonlocal_energyvar { 16.9450650908238   } 
   autocorr_energy { } 
} 

block { 
   label dmc
   totweight 512000
   nautocorr 0
   total_energy { -14.91642948598597   } 
   total_energyvar { 0.1135748297661223   } 
   weight { 0.9990396991132994   } 
   weightvar { 0.0954250605942597   } 
   kinetic_energy { 5.72674389614168   } 
   kinetic_energyvar { 6.551164182309101   } 
   potential_energy { -23.35745617499952   } 
   potential_energyvar { 17.11342958830789   } 
   nonlocal_energy { 2.714282792871876   } 
   nonlocal_energyvar { 16.76190500326156   } 
   autocorr_energy { } 
} 

block { 
   label dmc
   totweight 512000
   nautocorr 0
   total_energy { -14.9157680561062   } 
   total_energyvar { 0.1103074782902809   } 
   weight { 0.9986794615421516   } 
   weightvar { 0.09523845744561543   } 
   kinetic_energy { 5.728217298705409   } 
   kinetic_energyvar { 6.547086216011408   } 
   potential_energy { -23.32337537813032   } 
   potential_energyvar { 16.8268174191935   } 
   nonlocal_energy { 2.679390023318714   } 
   nonlocal_energyvar { 16.31355014607093   } 
   autocorr_energy { } 
} 

block { 
   label dmc
   totweight 512000
   nautocorr 0
   total_energy { -14.91535267373087   } 
   total_energyvar { 0.1145047870219287   } 
   weight { 0.9983789909578079   } 
   weightvar { 0.0942948057728914   } 
   kinetic_energy { 5.71486434991152   } 
   kinetic_energyvar { 7.015606717613849   } 
   potential_energy { -23.3320673002913   } 
   potential_energyvar { 17.02718983891316   } 
   nonlocal_energy { 2.701850276648901   } 
   nonlocal_energyvar { 17.23670661969295   } 
   autocorr_energy { } 
} 

block { 
   label dmc
   totweight 512000
   nautocorr 0
   total_energy { -14.91793403998193   } 
   total_energyvar { 0.1135653430524144   } 
   weight { 0.9985580087298638   } 
   weightvar { 0.09421597254444358   } 
   kinetic_energy { 5.714187697539238   } 
   kinetic_energyvar { 6.452529557191269   } 
   potential_energy { -23.30022403296715   } 
   potential_energyvar { 16.92755062187803   } 
   nonlocal_energy { 2.66810229544598   } 
   nonlocal_energyvar { 16.25595228878941   } 
   autocorr_energy { } 
} 

block { 
   label dmc
   totweight 512000
   nautocorr 0
   total_energy { -14.91543194615566   } 
   total_energyvar { 0.1120161201798737   } 
   weight { 0.9992995628331784   } 
   weightvar { 0.09323022983424423   } 
   kinetic_energy { 5.747925242491617   } 
   kinetic_energyvar { 6.543926446582411   } 
   potential_energy { -23.38375109455938   } 
   potential_energyvar { 17.16741323228086   } 
   nonlocal_energy { 2.720393905912099   } 
   nonlocal_energyvar { 16.61631614353747   } 
   autocorr_energy { } 
} 

block { 
   label dmc
   totweight 512000
   nautocorr 0
   total_energy { -14.91700625042752   } 
   total_energyvar { 0.1143360359251631   } 
   weight { 0.9984848339888555   } 
   weightvar { 0.09245257660736572   } 
   kinetic_energy { 5.743877938793912   } 
   kinetic_energyvar { 6.638068523349311   } 
   potential_energy { -23.39026164150589   } 
   potential_energyvar { 17.40581375971431   } 
   nonlocal_energy { 2.729377452284461   } 
   nonlocal_energyvar { 17.22558192218779   } 
   autocorr_energy { } 
} 

block { 
   label dmc
   totweight 512000
   nautocorr 0
   total_energy { -14.91731362586289   } 
   total_energyvar { 0.1169940782636729   } 
   weight { 0.9992786944972076   } 
   weightvar { 0.09200367569565804   } 
   kinetic_energy { 5.74831872249344   } 
   kinetic_energyvar { 6.568044242023568   } 
   potential_energy { -23.37397962389593   } 
   potential_energyvar { 17.02652129543299   } 
   nonlocal_energy { 2.708347275539594   } 
   nonlocal_energyvar { 16.58313616869519   } 
   autocorr_energy { } 
} 

block { 
   label dmc
   totweight 512000
   nautocorr 0
   total_energy { -14.91743121517321   } 
   total_energyvar { 0.1143246099497901   } 
   weight { 0.9998717696000201   } 
   weightvar { 0.09180289414083209   } 
   kinetic_energy { 5.714290016627179   } 
   kinetic_energyvar { 6.58132799856039   } 
   potential_energy { -23.32514564851056   } 
   potential_energyvar { 17.23792012499507   } 
   nonlocal_energy { 2.693424416710175   } 
   nonlocal_energyvar { 17.07812622825926   } 
   autocorr_energy { } 
} 

block { 
   label dmc
   totweight 512000
   nautocorr 0
   total_energy { -14.91936291180054   } 
   total_energyvar { 0.1123831107559283   } 
   weight { 1.000670149991004   } 
   weightvar { 0.09196001392013864   } 
   kinetic_energy { 5.73870324875161   } 
   kinetic_energyvar { 6.564599100778558   } 
   potential_energy { -23.37266754935165   } 
   potential_energyvar { 17.0001709335811   } 
   nonlocal_energy { 2.714601388799501   } 
   nonlocal_energyvar { 16.60773644679179   } 
   autocorr_energy { } 
} 

block { 
   label dmc
   totweight 512000
   nautocorr 0
   total_energy { -14.91713622435776   } 
   total_energyvar { 0.1142220056277381   } 
   weight { 0.9999110719286392   } 
   weightvar { 0.09155101690789058   } 
   kinetic_energy { 5.745016117830477   } 
   kinetic_energyvar { 6.625550957697179   } 
   potential_energy { -23.34899688498486   } 
   potential_energyvar { 17.03699150589068   } 
   nonlocal_energy { 2.686844542796623   } 
   nonlocal_energyvar { 16.75102892079544   } 
   autocorr_energy { } 
} 

block { 
   label dmc
   totweight 512000
   nautocorr 0
   total_energy { -14.91897690922477   } 
   total_energyvar { 0.1121248921662072   } 
   weight { 1.000860107210085   } 
   weightvar { 0.09130155268675644   } 
   kinetic_energy { 5.754376424375866   } 
   kinetic_energyvar { 6.544308886749214   } 
   potential_energy { -23.37378966260297   } 
   potential_energyvar { 17.07916941954181   } 
   nonlocal_energy { 2.700436329002343   } 
   nonlocal_energyvar { 16.73600676309808   } 
   autocorr_energy { } 
} 

block { 
   label dmc
   totweight 512000
   nautocorr 0
   total_energy { -14.91474247994713   } 
   total_energyvar { 0.1213219273768686   } 
   weight { 0.9993261656675704   } 
   weightvar { 0.09175981753141904   } 
   kinetic_energy { 5.753677969377568   } 
   kinetic_energyvar { 6.783500255791026   } 
   potential_energy { -23.40975213939413   } 
   potential_energyvar { 17.24122190193452   } 
   nonlocal_energy { 2.741331690069432   } 
   nonlocal_energyvar { 17.25472402364474   } 
   autocorr_energy { } 
} 

block { 
   label dmc
   totweight 512000
   nautocorr 0
   total_energy { -14.9185561180788   } 
   total_energyvar { 0.1193714598340421   } 
   weight { 0.9995499681846374   } 
   weightvar { 0.09198633137037515   } 
   kinetic_energy { 5.755865557092799   } 
   kinetic_energyvar { 7.5305522324824   } 
   potential_energy { -23.37627637720613   } 
   potential_energyvar { 17.25659419801445   } 
   nonlocal_energy { 2.701854702034535   } 
   nonlocal_energyvar { 17.51715857005476   } 
   autocorr_energy { } 
} 

block { 
   label dmc
   totweight 512000
   nautocorr 0
   total_energy { -14.9179773590402   } 
   total_energyvar { 0.1130099667950049   } 
   weight { 0.9997736175133212   } 
   weightvar { 0.092008529279903   } 
   kinetic_energy { 5.731942088656997   } 
   kinetic_energyvar { 6.470313714903867   } 
   potential_energy { -23.33696210521125   } 
   potential_energyvar { 16.93012383809344   } 
   nonlocal_energy { 2.687042657514051   } 
   nonlocal_energyvar { 16.34958824128696   } 
   autocorr_energy { } 
} 

block { 
   label dmc
   totweight 512000
   nautocorr 0
   total_energy { -14.91870795588813   } 
   total_energyvar { 0.1134183861797737   } 
   weight { 1.000544285359246   } 
   weightvar { 0.09147806795789815   } 
   kinetic_energy { 5.755029332988977   } 
   kinetic_energyvar { 6.530033460268506   } 
   potential_energy { -23.37320564090137   } 
   potential_energyvar { 16.84571368940249   } 
   nonlocal_energy { 2.699468352024262   } 
   nonlocal_energyvar { 16.46822564587099   } 
   autocorr_energy { } 
} 

block { 
   label dmc
   totweight 512000
   nautocorr 0
   total_energy { -14.917785137887   } 
   total_energyvar { 0.1170922080988248   } 
   weight { 1.000802317731962   } 
   weightvar { 0.09213884896185975   } 
   kinetic_energy { 5.746604315513766   } 
   kinetic_energyvar { 6.583866858391964   } 
   potential_energy { -23.39274666665433   } 
   potential_energyvar { 17.48214166292416   } 
   nonlocal_energy { 2.728357213253559   } 
   nonlocal_energyvar { 17.14788492034018   } 
   autocorr_energy { } 
} 

block { 
   label dmc
   totweight 512000
   nautocorr 0
   total_energy { -14.91859024508821   } 
   total_energyvar { 0.1159328565154851   } 
   weight { 1.000649359315713   } 
   weightvar { 0.09343508436811643   } 
   kinetic_energy { 5.732261545212607   } 
   kinetic_energyvar { 6.478807089838632   } 
   potential_energy { -23.35452652162896   } 
   potential_energyvar { 17.06526247444049   } 
   nonlocal_energy { 2.703674731328136   } 
   nonlocal_energyvar { 16.70637773225502   } 
   autocorr_energy { } 
} 

block { 
   label dmc
   totweight 512000
   nautocorr 0
   total_energy { -14.9162674360358   } 
   total_energyvar { 0.113110299651737   } 
   weight { 0.9999763839027747   } 
   weightvar { 0.0932488695889897   } 
   kinetic_energy { 5.754551089177564   } 
   kinetic_energyvar { 6.483020242440496   } 
   potential_energy { -23.39177072657344   } 
   potential_energyvar { 17.20604047207792   } 
   nonlocal_energy { 2.720952201360074   } 
   nonlocal_energyvar { 16.74497216874542   } 
   autocorr_energy { } 
} 

block { 
   label dmc
   totweight 512000
   nautocorr 0
   total_energy { -14.91494542601705   } 
   total_energyvar { 0.1155351565796821   } 
   weight { 0.9983710213666197   } 
   weightvar { 0.09290497279741894   } 
   kinetic_energy { 5.727182464178624   } 
   kinetic_energyvar { 6.59844024103672   } 
   potential_energy { -23.39202935244786   } 
   potential_energyvar { 17.04550543217692   } 
   nonlocal_energy { 2.749901462252184   } 
   nonlocal_energyvar { 17.13646674943489   } 
   autocorr_energy { } 
} 

block { 
   label dmc
   totweight 512000
   nautocorr 0
   total_energy { -14.91513469897656   } 
   total_energyvar { 0.1167257986539596   } 
   weight { 0.9975187915319105   } 
   weightvar { 0.09445115269049031   } 
   kinetic_energy { 5.724615586934038   } 
   kinetic_energyvar { 6.610130789488451   } 
   potential_energy { -23.3700388018131   } 
   potential_energyvar { 17.23549407747589   } 
   nonlocal_energy { 2.730288515902502   } 
   nonlocal_energyvar { 17.1391350854594   } 
   autocorr_energy { } 
} 

block { 
   label dmc
   totweight 512000
   nautocorr 0
   total_energy { -14.91624415735683   } 
   total_energyvar { 0.1139809164140502   } 
   weight { 0.9980605051421929   } 
   weightvar { 0.09438161135941114   } 
   kinetic_energy { 5.746080066108266   } 
   kinetic_energyvar { 6.591124092131516   } 
   potential_energy { -23.37473071261001   } 
   potential_energyvar { 17.08812010652389   } 
   nonlocal_energy { 2.712406489144911   } 
   nonlocal_energyvar { 16.76106464821821   } 
   autocorr_energy { } 
} 

block { 
   label dmc
   totweight 512000
   nautocorr 0
   total_energy { -14.91689454073889   } 
   total_energyvar { 0.1107305687252733   } 
   weight { 0.9986554752001823   } 
   weightvar { 0.0935353125266879   } 
   kinetic_energy { 5.736040302768712   } 
   kinetic_energyvar { 6.466933391349549   } 
   potential_energy { -23.350182910514   } 
   potential_energyvar { 16.99315218816628   } 
   nonlocal_energy { 2.697248067006408   } 
   nonlocal_energyvar { 16.6286854821081   } 
   autocorr_energy { } 
} 

block { 
   label dmc
   totweight 512000
   nautocorr 0
   total_energy { -14.91811029585281   } 
   total_energyvar { 0.1138304125096283   } 
   weight { 0.9997767700659227   } 
   weightvar { 0.09315371961780006   } 
   kinetic_energy { 5.728923484720517   } 
   kinetic_energyvar { 6.863560514194241   } 
   potential_energy { -23.34598546613708   } 
   potential_energyvar { 17.18105338403643   } 
   nonlocal_energy { 2.698951685563757   } 
   nonlocal_energyvar { 17.19558981169106   } 
   autocorr_energy { } 
} 

block { 
   label dmc
   totweight 512000
   nautocorr 0
   total_energy { -14.91790617049543   } 
   total_energyvar { 0.1134041472324725   } 
   weight { 0.9998240058059071   } 
   weightvar { 0.09466731105779191   } 
   kinetic_energy { 5.728555667233638   } 
   kinetic_energyvar { 6.613983510834288   } 
   potential_energy { -23.35586150682557   } 
   potential_energyvar { 17.36334043729551   } 
   nonlocal_energy { 2.709399669096495   } 
   nonlocal_energyvar { 16.92282062517717   } 
   autocorr_energy { } 
} 

block { 
   label dmc
   totweight 512000
   nautocorr 0
   total_energy { -14.91691567977461   } 
   total_energyvar { 0.1166288708155889   } 
   weight { 0.9997775926455881   } 
   weightvar { 0.09453926889527942   } 
   kinetic_energy { 5.73623291875501   } 
   kinetic_energyvar { 6.628797353057699   } 
   potential_energy { -23.36370784283708   } 
   potential_energyvar { 17.21629614738606   } 
   nonlocal_energy { 2.710559244307461   } 
   nonlocal_energyvar { 16.77491786871398   } 
   autocorr_energy { } 
} 

block { 
   label dmc
   totweight 512000
   nautocorr 0
   total_energy { -14.91887223147897   } 
   total_energyvar { 0.1153131455573089   } 
   weight { 1.000216611560107   } 
   weightvar { 0.09419702334747093   } 
   kinetic_energy { 5.742953162062093   } 
   kinetic_energyvar { 6.585660038241542   } 
   potential_energy { -23.39487975493068   } 
   potential_energyvar { 17.05853952215273   } 
   nonlocal_energy { 2.733054361389613   } 
   nonlocal_energyvar { 16.90208353967592   } 
   autocorr_energy { } 
} 

block { 
   label dmc
   totweight 512000
   nautocorr 0
   total_energy { -14.92129063350271   } 
   total_energyvar { 0.1111117481569579   } 
   weight { 1.001845147701289   } 
   weightvar { 0.09384871963296249   } 
   kinetic_energy { 5.745385252253194   } 
   kinetic_energyvar { 6.494958798632226   } 
   potential_energy { -23.34281952380958   } 
   potential_energyvar { 16.78227095595935   } 
   nonlocal_energy { 2.676143638053682   } 
   nonlocal_energyvar { 16.13363580936263   } 
   autocorr_energy { } 
} 

block { 
   label dmc
   totweight 512000
   nautocorr 0
   total_energy { -14.91783519293401   } 
   total_energyvar { 0.1164149360305657   } 
   weight { 1.001649951539418   } 
   weightvar { 0.09344960213857489   } 
   kinetic_energy { 5.737356344312099   } 
   kinetic_energyvar { 6.599144715027471   } 
   potential_energy { -23.37033097460459   } 
   potential_energyvar { 17.13860503817136   } 
   nonlocal_energy { 2.715139437358481   } 
   nonlocal_energyvar { 17.0184290491156   } 
   autocorr_energy { } 
} 

block { 
   label dmc
   totweight 512000
   nautocorr 0
   total_energy { -14.91799668650426   } 
   total_energyvar { 0.1160995514519811   } 
   weight { 1.000695109088274   } 
   weightvar { 0.09339692789145349   } 
   kinetic_energy { 5.734421336015666   } 
   kinetic_energyvar { 6.589320427329476   } 
   potential_energy { -23.36333562806842   } 
   potential_energyvar { 17.06300938754248   } 
   nonlocal_energy { 2.710917605548493   } 
   nonlocal_energyvar { 16.91439996284267   } 
   autocorr_energy { } 
} 

block { 
   label dmc
   totweight 512000
   nautocorr 0
   total_energy { -14.9183192737012   } 
   total_energyvar { 0.1356005072113646   } 
   weight { 1.000056393347971   } 
   weightvar { 0.09284316965250849   } 
   kinetic_energy { 5.733537902931545   } 
   kinetic_energyvar { 6.571934179820317   } 
   potential_energy { -23.35631855825174   } 
   potential_energyvar { 16.85505332434786   } 
   nonlocal_energy { 2.704461381618991   } 
   nonlocal_energyvar { 16.86283322497404   } 
   autocorr_energy { } 
} 

block { 
   label dmc
   totweight 512000
   nautocorr 0
   total_energy { -14.92113841227419   } 
   total_energyvar { 0.1175658151638856   } 
   weight { 1.001525576928922   } 
   weightvar { 0.09292269143696141   } 
   kinetic_energy { 5.71341174554709   } 
   kinetic_energyvar { 6.642546118471046   } 
   potential_energy { -23.33901761275624   } 
   potential_energyvar { 17.21533446731223   } 
   nonlocal_energy { 2.704467454934954   } 
   nonlocal_energyvar { 17.03116316594516   } 
   autocorr_energy { } 
} 

block { 
   label dmc
   totweight 512000
   nautocorr 0
   total_energy { -14.9180328677035   } 
   total_energyvar { 0.1169141996947189   } 
   weight { 1.001960658116395   } 
   weightvar { 0.09290207542356077   } 
   kinetic_energy { 5.740862960415605   } 
   kinetic_energyvar { 6.725207060761029   } 
   potential_energy { -23.37559019912177   } 
   potential_energyvar { 17.16667172699522   } 
   nonlocal_energy { 2.716694371002661   } 
   nonlocal_energyvar { 16.80137857273539   } 
   autocorr_energy { } 
} 

block { 
   label dmc
   totweight 512000
   nautocorr 0
   total_energy { -14.91840988845116   } 
   total_energyvar { 0.1128586507631155   } 
   weight { 1.000678492369631   } 
   weightvar { 0.09269433817186279   } 
   kinetic_energy { 5.750870406676803   } 
   kinetic_energyvar { 6.551710105733257   } 
   potential_energy { -23.39065026535278   } 
   potential_energyvar { 17.0954574517209   } 
   nonlocal_energy { 2.721369970224817   } 
   nonlocal_energyvar { 16.71831825981599   } 
   autocorr_energy { } 
} 

block { 
   label dmc
   totweight 512000
   nautocorr 0
   total_energy { -14.91924601295243   } 
   total_energyvar { 0.1181391221343802   } 
   weight { 1.000968566800901   } 
   weightvar { 0.09382085888273495   } 
   kinetic_energy { 5.743409411681703   } 
   kinetic_energyvar { 6.524277438561889   } 
   potential_energy { -23.36674494870879   } 
   potential_energyvar { 16.84942694831034   } 
   nonlocal_energy { 2.704089524074658   } 
   nonlocal_energyvar { 16.50935260062366   } 
   autocorr_energy { } 
} 

block { 
   label dmc
   totweight 512000
   nautocorr 0
   total_energy { -14.91774930232721   } 
   total_energyvar { 0.1143713955805197   } 
   weight { 1.00082790186235   } 
   weightvar { 0.09336052778638337   } 
   kinetic_energy { 5.737685248919774   } 
   kinetic_energyvar { 6.565911811468254   } 
   potential_energy { -23.36715624997314   } 
   potential_energyvar { 17.1293626395518   } 
   nonlocal_energy { 2.711721698726154   } 
   nonlocal_energyvar { 16.5805526614636   } 
   autocorr_energy { } 
} 

block { 
   label dmc
   totweight 512000
   nautocorr 0
   total_energy { -14.91707534717895   } 
   total_energyvar { 0.1134176181281248   } 
   weight { 0.9998576585558969   } 
   weightvar { 0.09215708973659986   } 
   kinetic_energy { 5.720737560967283   } 
   kinetic_energyvar { 6.543116505685433   } 
   potential_energy { -23.34501486509356   } 
   potential_energyvar { 17.20554940261832   } 
   nonlocal_energy { 2.707201956947328   } 
   nonlocal_energyvar { 16.77644589740948   } 
   autocorr_energy { } 
} 

block { 
   label dmc
   totweight 512000
   nautocorr 0
   total_energy { -14.91701351438521   } 
   total_energyvar { 0.1167354398866394   } 
   weight { 0.9988604831533899   } 
   weightvar { 0.09199489658668147   } 
   kinetic_energy { 5.715929176500151   } 
   kinetic_energyvar { 6.570771251533905   } 
   potential_energy { -23.31150063806631   } 
   potential_energyvar { 16.99484216974361   } 
   nonlocal_energy { 2.678557947180947   } 
   nonlocal_energyvar { 16.55947431645757   } 
   autocorr_energy { } 
} 

block { 
   label dmc
   totweight 512000
   nautocorr 0
   total_energy { -14.91570210012917   } 
   total_energyvar { 0.1161045504290428   } 
   weight { 0.9987115382663621   } 
   weightvar { 0.0931316523231851   } 
   kinetic_energy { 5.734008601933782   } 
   kinetic_energyvar { 6.599519959776067   } 
   potential_energy { -23.38748790837185   } 
   potential_energyvar { 17.31553184546499   } 
   nonlocal_energy { 2.737777206308893   } 
   nonlocal_energyvar { 17.00516671115194   } 
   autocorr_energy { } 
} 

block { 
   label dmc
   totweight 512000
   nautocorr 0
   total_energy { -14.9181580350659   } 
   total_energyvar { 0.1150329530415775   } 
   weight { 0.9989428274567247   } 
   weightvar { 0.09295570596036706   } 
   kinetic_energy { 5.749243198448651   } 
   kinetic_energyvar { 6.564699180378156   } 
   potential_energy { -23.37965741778141   } 
   potential_energyvar { 17.17851138431536   } 
   nonlocal_energy { 2.712256184266866   } 
   nonlocal_energyvar { 16.84702748649583   } 
   autocorr_energy { } 
} 

block { 
   label dmc
   totweight 512000
   nautocorr 0
   total_energy { -14.91798684094674   } 
   total_energyvar { 0.1137314529379125   } 
   weight { 0.9995931319191902   } 
   weightvar { 0.09342489553585065   } 
   kinetic_energy { 5.759767502695737   } 
   kinetic_energyvar { 6.541927061763076   } 
   potential_energy { -23.41485560636604   } 
   potential_energyvar { 17.1215356308652   } 
   nonlocal_energy { 2.737101262723564   } 
   nonlocal_energyvar { 17.10579231218793   } 
   autocorr_energy { } 
} 

block { 
   label dmc
   totweight 512000
   nautocorr 0
   total_energy { -14.91591971918985   } 
   total_energyvar { 0.1151667714606504   } 
   weight { 0.9998127002715426   } 
   weightvar { 0.09444628908933395   } 
   kinetic_energy { 5.750908996188537   } 
   kinetic_energyvar { 6.622394075218629   } 
   potential_energy { -23.38413626422881   } 
   potential_energyvar { 17.11228715392326   } 
   nonlocal_energy { 2.71730754885043   } 
   nonlocal_energyvar { 17.17503890072783   } 
   autocorr_energy { } 
} 

block { 
   label dmc
   totweight 512000
   nautocorr 0
   total_energy { -14.91668889447584   } 
   total_energyvar { 0.1133444664843068   } 
   weight { 0.9984023878835555   } 
   weightvar { 0.093589513198858   } 
   kinetic_energy { 5.725248639833899   } 
   kinetic_energyvar { 6.472512937128279   } 
   potential_energy { -23.32540209425305   } 
   potential_energyvar { 17.0241077952644   } 
   nonlocal_energy { 2.683464559943305   } 
   nonlocal_energyvar { 16.68601643010067   } 
   autocorr_energy { } 
} 

block { 
   label dmc
   totweight 512000
   nautocorr 0
   total_energy { -14.91618431831203   } 
   total_energyvar { 0.1189140801751023   } 
   weight { 0.9990482971256643   } 
   weightvar { 0.09201979984037578   } 
   kinetic_energy { 5.747896713338427   } 
   kinetic_energyvar { 6.666182674711848   } 
   potential_energy { -23.36588960083096   } 
   potential_energyvar { 17.15170139333566   } 
   nonlocal_energy { 2.701808569180506   } 
   nonlocal_energyvar { 16.87797562264081   } 
   autocorr_energy { } 
} 

block { 
   label dmc
   totweight 512000
   nautocorr 0
   total_energy { -14.91779791560731   } 
   total_energyvar { 0.1128012242140244   } 
   weight { 0.9986347871031753   } 
   weightvar { 0.09176064799026518   } 
   kinetic_energy { 5.744088538295793   } 
   kinetic_energyvar { 6.516413938822552   } 
   potential_energy { -23.37108573370199   } 
   potential_energyvar { 17.01990157034879   } 
   nonlocal_energy { 2.709199279798883   } 
   nonlocal_energyvar { 16.40607896650581   } 
   autocorr_energy { } 
} 

block { 
   label dmc
   totweight 512000
   nautocorr 0
   total_energy { -14.91775300816023   } 
   total_energyvar { 0.1144560600282887   } 
   weight { 0.9999355105515196   } 
   weightvar { 0.09208873898683456   } 
   kinetic_energy { 5.732681607945076   } 
   kinetic_energyvar { 6.838238686445948   } 
   potential_energy { -23.38426346744586   } 
   potential_energyvar { 17.20243839004797   } 
   nonlocal_energy { 2.733828851340551   } 
   nonlocal_energyvar { 17.30310807805423   } 
   autocorr_energy { } 
} 

block { 
   label dmc
   totweight 512000
   nautocorr 0
   total_energy { -14.91624267451678   } 
   total_energyvar { 0.1134197248734097   } 
   weight { 0.9988667275509393   } 
   weightvar { 0.09413391137641625   } 
   kinetic_energy { 5.72767132895328   } 
   kinetic_energyvar { 6.491291290019468   } 
   potential_energy { -23.33961689494905   } 
   potential_energyvar { 16.85269442682977   } 
   nonlocal_energy { 2.695702891478979   } 
   nonlocal_energyvar { 16.56166542611649   } 
   autocorr_energy { } 
} 

block { 
   label dmc
   totweight 512000
   nautocorr 0
   total_energy { -14.91481307242481   } 
   total_energyvar { 0.1153694937090108   } 
   weight { 0.9985610360623123   } 
   weightvar { 0.09228868874198226   } 
   kinetic_energy { 5.711135453915054   } 
   kinetic_energyvar { 6.627990064847523   } 
   potential_energy { -23.35044838795643   } 
   potential_energyvar { 17.33333944228025   } 
   nonlocal_energy { 2.724499861616564   } 
   nonlocal_energyvar { 17.03196426470528   } 
   autocorr_energy { } 
} 

block { 
   label dmc
   totweight 512000
   nautocorr 0
   total_energy { -14.91670503703008   } 
   total_energyvar { 0.1146910305492383   } 
   weight { 0.9976567937391539   } 
   weightvar { 0.09296431352316148   } 
   kinetic_energy { 5.728005235906342   } 
   kinetic_energyvar { 6.585379790435567   } 
   potential_energy { -23.34686977470416   } 
   potential_energyvar { 16.98184147160021   } 
   nonlocal_energy { 2.702159501767736   } 
   nonlocal_energyvar { 16.55163563296649   } 
   autocorr_energy { } 
} 

block { 
   label dmc
   totweight 512000
   nautocorr 0
   total_energy { -14.91638747493668   } 
   total_energyvar { 0.1142068807933754   } 
   weight { 0.9989773515274978   } 
   weightvar { 0.09346033475953075   } 
   kinetic_energy { 5.761430920523678   } 
   kinetic_energyvar { 6.468979855571895   } 
   potential_energy { -23.38241473316103   } 
   potential_energyvar { 17.07244540211468   } 
   nonlocal_energy { 2.70459633770067   } 
   nonlocal_energyvar { 16.30342598248347   } 
   autocorr_energy { } 
} 

block { 
   label dmc
   totweight 512000
   nautocorr 0
   total_energy { -14.91574032909674   } 
   total_energyvar { 0.1153193904944203   } 
   weight { 0.9981419787372344   } 
   weightvar { 0.09466010958043902   } 
   kinetic_energy { 5.757877766594701   } 
   kinetic_energyvar { 6.579748553630793   } 
   potential_energy { -23.4114819635874   } 
   potential_energyvar { 17.08443578678794   } 
   nonlocal_energy { 2.737863867895961   } 
   nonlocal_energyvar { 17.22965782226843   } 
   autocorr_energy { } 
} 

block { 
   label dmc
   totweight 512000
   nautocorr 0
   total_energy { -14.91661943793225   } 
   total_energyvar { 0.1148482503359389   } 
   weight { 0.9986839400305425   } 
   weightvar { 0.09429993502974199   } 
   kinetic_energy { 5.747696119806129   } 
   kinetic_energyvar { 6.59660308580245   } 
   potential_energy { -23.39744571685621   } 
   potential_energyvar { 16.92146082182546   } 
   nonlocal_energy { 2.733130159117827   } 
   nonlocal_energyvar { 17.0739223991047   } 
   autocorr_energy { } 
} 

block { 
   label dmc
   totweight 512000
   nautocorr 0
   total_energy { -14.91890060834051   } 
   total_energyvar { 0.1116590228768359   } 
   weight { 0.9993250629179213   } 
   weightvar { 0.09409243542035894   } 
   kinetic_energy { 5.757583482400703   } 
   kinetic_energyvar { 6.536347772447307   } 
   potential_energy { -23.37633922546852   } 
   potential_energyvar { 16.8909901492309   } 
   nonlocal_energy { 2.699855134727299   } 
   nonlocal_energyvar { 16.3778535295208   } 
   autocorr_energy { } 
} 

block { 
   label dmc
   totweight 512000
   nautocorr 0
   total_energy { -14.91879650914233   } 
   total_energyvar { 0.1142141756780006   } 
   weight { 1.000786940160864   } 
   weightvar { 0.09464330331800963   } 
   kinetic_energy { 5.710163199180326   } 
   kinetic_energyvar { 6.635883160869156   } 
   potential_energy { -23.31491838549587   } 
   potential_energyvar { 17.00360264017559   } 
   nonlocal_energy { 2.68595867717322   } 
   nonlocal_energyvar { 16.56272963769178   } 
   autocorr_energy { } 
} 

block { 
   label dmc
   totweight 512000
   nautocorr 0
   total_energy { -14.91736789022072   } 
   total_energyvar { 0.1148067205581071   } 
   weight { 1.000295974413038   } 
   weightvar { 0.09390004675445884   } 
   kinetic_energy { 5.725894080818024   } 
   kinetic_energyvar { 6.83235810374731   } 
   potential_energy { -23.32887227113759   } 
   potential_energyvar { 16.96987463249673   } 
   nonlocal_energy { 2.685610300098855   } 
   nonlocal_energyvar { 16.96256713800397   } 
   autocorr_energy { } 
} 

block { 
   label dmc
   totweight 512000
   nautocorr 0
   total_energy { -14.91820400789263   } 
   total_energyvar { 0.1128242676994091   } 
   weight { 1.000313850760054   } 
   weightvar { 0.09307404453989121   } 
   kinetic_energy { 5.731113192572214   } 
   kinetic_energyvar { 6.625333920380669   } 
   potential_energy { -23.3135542140205   } 
   potential_energyvar { 17.07840118403487   } 
   nonlocal_energy { 2.664237013555652   } 
   nonlocal_energyvar { 16.36498370610297   } 
   autocorr_energy { } 
} 

block { 
   label dmc
   totweight 512000
   nautocorr 0
   total_energy { -14.91792810838573   } 
   total_energyvar { 0.1151310741353484   } 
   weight { 0.9999255075981445   } 
   weightvar { 0.09422488653614713   } 
   kinetic_energy { 5.71060946627659   } 
   kinetic_energyvar { 6.533067397509484   } 
   potential_energy { -23.32523812345828   } 
   potential_energyvar { 17.09450155724016   } 
   nonlocal_energy { 2.696700548795958   } 
   nonlocal_energyvar { 16.53140472403337   } 
   autocorr_energy { } 
} 

block { 
   label dmc
   totweight 512000
   nautocorr 0
   total_energy { -14.9174749622631   } 
   total_energyvar { 0.1150063544010607   } 
   weight { 1.000340325047149   } 
   weightvar { 0.09441594520448526   } 
   kinetic_energy { 5.746908513060876   } 
   kinetic_energyvar { 6.549561946842992   } 
   potential_energy { -23.38729235454846   } 
   potential_energyvar { 17.08077734618894   } 
   nonlocal_energy { 2.722908879224479   } 
   nonlocal_energyvar { 16.64200705298571   } 
   autocorr_energy { } 
} 

block { 
   label dmc
   totweight 512000
   nautocorr 0
   total_energy { -14.91670163922919   } 
   total_energyvar { 0.114816848353712   } 
   weight { 0.9994016017804569   } 
   weightvar { 0.0941693048565958   } 
   kinetic_energy { 5.723251363814576   } 
   kinetic_energyvar { 6.71700798593654   } 
   potential_energy { -23.35697535959855   } 
   potential_energyvar { 17.26249185224867   } 
   nonlocal_energy { 2.717022356554782   } 
   nonlocal_energyvar { 16.76011830252528   } 
   autocorr_energy { } 
} 

block { 
   label dmc
   totweight 512000
   nautocorr 0
   total_energy { -14.91808096789397   } 
   total_energyvar { 0.1127810804296985   } 
   weight { 0.9990524866082248   } 
   weightvar { 0.09355311409857581   } 
   kinetic_energy { 5.760261289874676   } 
   kinetic_energyvar { 6.417077052876181   } 
   potential_energy { -23.348503605929   } 
   potential_energyvar { 16.98183351943771   } 
   nonlocal_energy { 2.670161348160361   } 
   nonlocal_energyvar { 16.1966540027514   } 
   autocorr_energy { } 
} 

block { 
   label dmc
   totweight 512000
   nautocorr 0
   total_energy { -14.91910068193182   } 
   total_energyvar { 0.112137734424266   } 
   weight { 1.000515666870548   } 
   weightvar { 0.09338536114255125   } 
   kinetic_energy { 5.731248092580812   } 
   kinetic_energyvar { 6.557672999064351   } 
   potential_energy { -23.34993375554073   } 
   potential_energyvar { 17.24122619085699   } 
   nonlocal_energy { 2.699584981028095   } 
   nonlocal_energyvar { 16.72462378282776   } 
   autocorr_energy { } 
} 

block { 
   label dmc
   totweight 512000
   nautocorr 0
   total_energy { -14.91843276672993   } 
   total_energyvar { 0.1164010352426601   } 
   weight { 1.001080105437518   } 
   weightvar { 0.0925710653694547   } 
   kinetic_energy { 5.73878410162559   } 
   kinetic_energyvar { 6.753197229145044   } 
   potential_energy { -23.36277864392997   } 
   potential_energyvar { 17.03666520015167   } 
   nonlocal_energy { 2.705561775574446   } 
   nonlocal_energyvar { 16.95148116007977   } 
   autocorr_energy { } 
} 

block { 
   label dmc
   totweight 512000
   nautocorr 0
   total_energy { -14.91635270375462   } 
   total_energyvar { 0.1118840153462202   } 
   weight { 0.9993988751787255   } 
   weightvar { 0.09126423279432638   } 
   kinetic_energy { 5.74837627769937   } 
   kinetic_energyvar { 6.481335605474435   } 
   potential_energy { -23.34382867935309   } 
   potential_energyvar { 17.03787292481104   } 
   nonlocal_energy { 2.679099697899106   } 
   nonlocal_energyvar { 16.58605581706192   } 
   autocorr_energy { } 
} 

block { 
   label dmc
   totweight 512000
   nautocorr 0
   total_energy { -14.91745268468788   } 
   total_energyvar { 0.1123496160316506   } 
   weight { 0.9995493545995685   } 
   weightvar { 0.09276743189300962   } 
   kinetic_energy { 5.764897456920928   } 
   kinetic_energyvar { 6.430324148996206   } 
   potential_energy { -23.39636301934931   } 
   potential_energyvar { 16.99919250320067   } 
   nonlocal_energy { 2.714012877740498   } 
   nonlocal_energyvar { 16.53492296031996   } 
   autocorr_energy { } 
} 

block { 
   label dmc
   totweight 512000
   nautocorr 0
   total_energy { -14.91635498309727   } 
   total_energyvar { 0.111945507235788   } 
   weight { 0.9992230777192236   } 
   weightvar { 0.09336843208338352   } 
   kinetic_energy { 5.737744738328646   } 
   kinetic_energyvar { 6.554833877630458   } 
   potential_energy { -23.35100013139012   } 
   potential_energyvar { 17.07108791306939   } 
   nonlocal_energy { 2.696900409964205   } 
   nonlocal_energyvar { 16.48825844263675   } 
   autocorr_energy { } 
} 

block { 
   label dmc
   totweight 512000
   nautocorr 0
   total_energy { -14.9166826681173   } 
   total_energyvar { 0.1127000297882148   } 
   weight { 0.9989092640537556   } 
   weightvar { 0.09247758723493049   } 
   kinetic_energy { 5.749080621458773   } 
   kinetic_energyvar { 6.534576658126163   } 
   potential_energy { -23.38687410624454   } 
   potential_energyvar { 16.8120142388475   } 
   nonlocal_energy { 2.721110816668466   } 
   nonlocal_energyvar { 16.53886887374682   } 
   autocorr_energy { } 
} 

block { 
   label dmc
   totweight 512000
   nautocorr 0
   total_energy { -14.91700848320776   } 
   total_energyvar { 0.1144885388331716   } 
   weight { 0.9989567278308172   } 
   weightvar { 0.09217463058673203   } 
   kinetic_energy { 5.742179838511388   } 
   kinetic_energyvar { 6.550781110109654   } 
   potential_energy { -23.35357496508207   } 
   potential_energyvar { 16.96784060247251   } 
   nonlocal_energy { 2.694386643362928   } 
   nonlocal_energyvar { 16.6159594641396   } 
   autocorr_energy { } 
} 

block { 
   label dmc
   totweight 512000
   nautocorr 0
   total_energy { -14.91601177571839   } 
   total_energyvar { 0.1160116017235566   } 
   weight { 0.9989950785921587   } 
   weightvar { 0.09307019032405683   } 
   kinetic_energy { 5.730322359347785   } 
   kinetic_energyvar { 6.63670144268923   } 
   potential_energy { -23.36324113582459   } 
   potential_energyvar { 17.17712378483373   } 
   nonlocal_energy { 2.716907000758412   } 
   nonlocal_energyvar { 17.13113978093156   } 
   autocorr_energy { } 
} 

block { 
   label dmc
   totweight 512000
   nautocorr 0
   total_energy { -14.9140436478219   } 
   total_energyvar { 0.1156514375120707   } 
   weight { 0.9978715581342407   } 
   weightvar { 0.09175002406127286   } 
   kinetic_energy { 5.761623008288029   } 
   kinetic_energyvar { 6.380284914219871   } 
   potential_energy { -23.36228401579675   } 
   potential_energyvar { 16.9312611755937   } 
   nonlocal_energy { 2.686617359686819   } 
   nonlocal_energyvar { 16.28552100026956   } 
   autocorr_energy { } 
} 

block { 
   label dmc
   totweight 512000
   nautocorr 0
   total_energy { -14.91678954456725   } 
   total_energyvar { 0.1150132826088566   } 
   weight { 0.9975404057841263   } 
   weightvar { 0.09143217027273598   } 
   kinetic_energy { 5.771004123153375   } 
   kinetic_energyvar { 6.57387796479567   } 
   potential_energy { -23.38124358138597   } 
   potential_energyvar { 16.9410367743543   } 
   nonlocal_energy { 2.693449913665342   } 
   nonlocal_energyvar { 16.53326471301082   } 
   autocorr_energy { } 
} 

block { 
   label dmc
   totweight 512000
   nautocorr 0
   total_energy { -14.91588643908748   } 
   total_energyvar { 0.1116414834181114   } 
   weight { 0.9982378814178492   } 
   weightvar { 0.09153456209171718   } 
   kinetic_energy { 5.7268339473453   } 
   kinetic_energyvar { 6.455581933601586   } 
   potential_energy { -23.31814913248583   } 
   potential_energyvar { 16.87401251060601   } 
   nonlocal_energy { 2.675428746053047   } 
   nonlocal_energyvar { 16.32351856005318   } 
   autocorr_energy { } 
} 

block { 
   label dmc
   totweight 512000
   nautocorr 0
   total_energy { -14.91614508563609   } 
   total_energyvar { 0.1124416974487303   } 
   weight { 0.9979548295384311   } 
   weightvar { 0.09194181426038972   } 
   kinetic_energy { 5.725946043653499   } 
   kinetic_energyvar { 6.69741753421242   } 
   potential_energy { -23.32655065769773   } 
   potential_energyvar { 17.05669924927963   } 
   nonlocal_energy { 2.684459528408143   } 
   nonlocal_energyvar { 16.61778688562362   } 
   autocorr_energy { } 
} 

block { 
   label dmc
   totweight 512000
   nautocorr 0
   total_energy { -14.91749852114663   } 
   total_energyvar { 0.1157747019239821   } 
   weight { 0.998817412499348   } 
   weightvar { 0.09247942002714005   } 
   kinetic_energy { 5.746104430120128   } 
   kinetic_energyvar { 6.514394296623536   } 
   potential_energy { -23.35449482279246   } 
   potential_energyvar { 16.86767907538763   } 
   nonlocal_energy { 2.690891871525703   } 
   nonlocal_energyvar { 16.35208566963535   } 
   autocorr_energy { } 
} 

block { 
   label dmc
   totweight 512000
   nautocorr 0
   total_energy { -14.91513892541303   } 
   total_energyvar { 0.1151215249252004   } 
   weight { 0.9986322453658059   } 
   weightvar { 0.0922288804552458   } 
   kinetic_energy { 5.749182525437375   } 
   kinetic_energyvar { 6.430369068534489   } 
   potential_energy { -23.38175612482559   } 
   potential_energyvar { 16.8330725991151   } 
   nonlocal_energy { 2.717434673975183   } 
   nonlocal_energyvar { 16.19386627245718   } 
   autocorr_energy { } 
} 

block { 
   label dmc
   totweight 512000
   nautocorr 0
   total_energy { -14.9139961195984   } 
   total_energyvar { 0.1147128981023116   } 
   weight { 0.9974400778891769   } 
   weightvar { 0.09299561007822033   } 
   kinetic_energy { 5.759165413396063   } 
   kinetic_energyvar { 6.613449150537171   } 
   potential_energy { -23.42607467370444   } 
   potential_energyvar { 17.30774364341619   } 
   nonlocal_energy { 2.752913140709979   } 
   nonlocal_energyvar { 17.10465084050837   } 
   autocorr_energy { } 
} 

block { 
   label dmc
   totweight 512000
   nautocorr 0
   total_energy { -14.91701801873202   } 
   total_energyvar { 0.1129753871795742   } 
   weight { 0.9974787737190846   } 
   weightvar { 0.09322553050182381   } 
   kinetic_energy { 5.739354257464091   } 
   kinetic_energyvar { 6.572467040467195   } 
   potential_energy { -23.3373008510798   } 
   potential_energyvar { 16.99723479948034   } 
   nonlocal_energy { 2.680928574883691   } 
   nonlocal_energyvar { 16.54436311583543   } 
   autocorr_energy { } 
} 

block { 
   label dmc
   totweight 512000
   nautocorr 0
   total_energy { -14.91449781975826   } 
   total_energyvar { 0.1125644452801851   } 
   weight { 0.9980477943670641   } 
   weightvar { 0.09320419850320594   } 
   kinetic_energy { 5.72846697952038   } 
   kinetic_energyvar { 6.463210100160886   } 
   potential_energy { -23.31842474575412   } 
   potential_energyvar { 16.85473911792167   } 
   nonlocal_energy { 2.675459946475478   } 
   nonlocal_energyvar { 16.14958517399877   } 
   autocorr_energy { } 
} 

