#-------------------------------------------------
#VMC run: timestep 1 nconfig 6400 steps 100
#-------------------------------------------------


init { 
   label vmc
}
block { 
   label vmc
   totweight 640000
   nautocorr 0
   total_energy { -14.90490706246685   } 
   total_energyvar { 0.1041844519922677   } 
   weight { 1   } 
   weightvar { 0   } 
   kinetic_energy { 5.745092763643243   } 
   kinetic_energyvar { 6.49304661293003   } 
   potential_energy { -23.3642976950203   } 
   potential_energyvar { 17.06446263180612   } 
   nonlocal_energy { 2.71429786891021   } 
   nonlocal_energyvar { 16.5517658551319   } 
   autocorr_energy { } 
} 

block { 
   label vmc
   totweight 640000
   nautocorr 0
   total_energy { -14.90462684446443   } 
   total_energyvar { 0.1051344654441664   } 
   weight { 1   } 
   weightvar { 0   } 
   kinetic_energy { 5.739179440405543   } 
   kinetic_energyvar { 6.619345583201472   } 
   potential_energy { -23.3626608680623   } 
   potential_energyvar { 17.09443745285921   } 
   nonlocal_energy { 2.718854583192329   } 
   nonlocal_energyvar { 16.70589013350794   } 
   autocorr_energy { } 
} 

block { 
   label vmc
   totweight 640000
   nautocorr 0
   total_energy { -14.90396898433402   } 
   total_energyvar { 0.1046733064871432   } 
   weight { 1   } 
   weightvar { 0   } 
   kinetic_energy { 5.740718520913922   } 
   kinetic_energyvar { 6.505175423441983   } 
   potential_energy { -23.37024455031069   } 
   potential_energyvar { 17.18112203170574   } 
   nonlocal_energy { 2.725557045062745   } 
   nonlocal_energyvar { 16.56506620816251   } 
   autocorr_energy { } 
} 

block { 
   label vmc
   totweight 640000
   nautocorr 0
   total_energy { -14.90449598610437   } 
   total_energyvar { 0.103117400947184   } 
   weight { 1   } 
   weightvar { 0   } 
   kinetic_energy { 5.740809737570852   } 
   kinetic_energyvar { 6.465403336519593   } 
   potential_energy { -23.35400465093111   } 
   potential_energyvar { 17.02449657674572   } 
   nonlocal_energy { 2.708698927255885   } 
   nonlocal_energyvar { 16.40112316725171   } 
   autocorr_energy { } 
} 

block { 
   label vmc
   totweight 640000
   nautocorr 0
   total_energy { -14.9053450500647   } 
   total_energyvar { 0.1045371543901865   } 
   weight { 1   } 
   weightvar { 0   } 
   kinetic_energy { 5.732664432502474   } 
   kinetic_energyvar { 6.523579348457275   } 
   potential_energy { -23.35728042602661   } 
   potential_energyvar { 17.22489882814102   } 
   nonlocal_energy { 2.719270943459438   } 
   nonlocal_energyvar { 16.75227769514344   } 
   autocorr_energy { } 
} 

block { 
   label vmc
   totweight 640000
   nautocorr 0
   total_energy { -14.90414433314368   } 
   total_energyvar { 0.1040874197540234   } 
   weight { 1   } 
   weightvar { 0   } 
   kinetic_energy { 5.740269695433008   } 
   kinetic_energyvar { 6.497637308166063   } 
   potential_energy { -23.36219475983409   } 
   potential_energyvar { 17.0147347654331   } 
   nonlocal_energy { 2.717780731257399   } 
   nonlocal_energyvar { 16.5427117230691   } 
   autocorr_energy { } 
} 

block { 
   label vmc
   totweight 640000
   nautocorr 0
   total_energy { -14.90507762132653   } 
   total_energyvar { 0.1027497899423508   } 
   weight { 1   } 
   weightvar { 0   } 
   kinetic_energy { 5.743922670029439   } 
   kinetic_energyvar { 6.428482399277833   } 
   potential_energy { -23.36320195467185   } 
   potential_energyvar { 17.00108527073917   } 
   nonlocal_energy { 2.714201663315889   } 
   nonlocal_energyvar { 16.28810708897877   } 
   autocorr_energy { } 
} 

block { 
   label vmc
   totweight 640000
   nautocorr 0
   total_energy { -14.90456800465147   } 
   total_energyvar { 0.1030325809402086   } 
   weight { 1   } 
   weightvar { 0   } 
   kinetic_energy { 5.74152147701089   } 
   kinetic_energyvar { 6.478966307536091   } 
   potential_energy { -23.36028816057178   } 
   potential_energyvar { 16.96859177660133   } 
   nonlocal_energy { 2.714198678909426   } 
   nonlocal_energyvar { 16.35024243255422   } 
   autocorr_energy { } 
} 

block { 
   label vmc
   totweight 640000
   nautocorr 0
   total_energy { -14.90448990282004   } 
   total_energyvar { 0.1053427640383973   } 
   weight { 1   } 
   weightvar { 0   } 
   kinetic_energy { 5.74022792351311   } 
   kinetic_energyvar { 6.625556395747701   } 
   potential_energy { -23.37055306786135   } 
   potential_energyvar { 17.87907600727112   } 
   nonlocal_energy { 2.725835241528194   } 
   nonlocal_energyvar { 17.66705756585497   } 
   autocorr_energy { } 
} 

block { 
   label vmc
   totweight 640000
   nautocorr 0
   total_energy { -14.90442938514915   } 
   total_energyvar { 0.1038033333891519   } 
   weight { 1   } 
   weightvar { 0   } 
   kinetic_energy { 5.742882947755988   } 
   kinetic_energyvar { 6.522800501122077   } 
   potential_energy { -23.35561903152461   } 
   potential_energyvar { 17.0612502891571   } 
   nonlocal_energy { 2.708306698619472   } 
   nonlocal_energyvar { 16.51416156319588   } 
   autocorr_energy { } 
} 

#-------------------------------------------------
#VMC run: timestep 1 nconfig 6400 steps 100
#-------------------------------------------------


init { 
   label vmc
}
block { 
   label vmc
   totweight 640000
   nautocorr 0
   total_energy { -14.9040180676329   } 
   total_energyvar { 0.1102816902019299   } 
   weight { 1   } 
   weightvar { 0   } 
   kinetic_energy { 5.733001146336792   } 
   kinetic_energyvar { 6.687919976624862   } 
   potential_energy { -23.36560927499994   } 
   potential_energyvar { 17.25928247721788   } 
   nonlocal_energy { 2.728590061030252   } 
   nonlocal_energyvar { 17.00110429485055   } 
   autocorr_energy { } 
} 

block { 
   label vmc
   totweight 640000
   nautocorr 0
   total_energy { -14.90512826654209   } 
   total_energyvar { 0.1064600619619966   } 
   weight { 1   } 
   weightvar { 0   } 
   kinetic_energy { 5.734277465223118   } 
   kinetic_energyvar { 6.52004705231429   } 
   potential_energy { -23.36619272127233   } 
   potential_energyvar { 17.3009077297512   } 
   nonlocal_energy { 2.726786989507123   } 
   nonlocal_energyvar { 16.91186919637439   } 
   autocorr_energy { } 
} 

block { 
   label vmc
   totweight 640000
   nautocorr 0
   total_energy { -14.90426555684825   } 
   total_energyvar { 0.1089655854585772   } 
   weight { 1   } 
   weightvar { 0   } 
   kinetic_energy { 5.733004174518284   } 
   kinetic_energyvar { 6.497645904152137   } 
   potential_energy { -23.36470012652164   } 
   potential_energyvar { 17.30766485003642   } 
   nonlocal_energy { 2.727430395155111   } 
   nonlocal_energyvar { 16.87876775479255   } 
   autocorr_energy { } 
} 

block { 
   label vmc
   totweight 640000
   nautocorr 0
   total_energy { -14.90493451057159   } 
   total_energyvar { 0.109692420590676   } 
   weight { 1   } 
   weightvar { 0   } 
   kinetic_energy { 5.740257838254673   } 
   kinetic_energyvar { 6.563289927450626   } 
   potential_energy { -23.38370657149105   } 
   potential_energyvar { 17.32676380859493   } 
   nonlocal_energy { 2.738514222664789   } 
   nonlocal_energyvar { 16.89824562755754   } 
   autocorr_energy { } 
} 

block { 
   label vmc
   totweight 640000
   nautocorr 0
   total_energy { -14.90368650068206   } 
   total_energyvar { 0.1061487011821214   } 
   weight { 1   } 
   weightvar { 0   } 
   kinetic_energy { 5.73873037202964   } 
   kinetic_energyvar { 6.581764304218012   } 
   potential_energy { -23.37298271400071   } 
   potential_energyvar { 17.23488448208309   } 
   nonlocal_energy { 2.730565841289012   } 
   nonlocal_energyvar { 16.80239533047632   } 
   autocorr_energy { } 
} 

block { 
   label vmc
   totweight 640000
   nautocorr 0
   total_energy { -14.9041699201261   } 
   total_energyvar { 0.1079691358245327   } 
   weight { 1   } 
   weightvar { 0   } 
   kinetic_energy { 5.734589011977133   } 
   kinetic_energyvar { 6.535188588839972   } 
   potential_energy { -23.3758808931637   } 
   potential_energyvar { 17.28981574691954   } 
   nonlocal_energy { 2.737121961060466   } 
   nonlocal_energyvar { 16.8819387563407   } 
   autocorr_energy { } 
} 

block { 
   label vmc
   totweight 640000
   nautocorr 0
   total_energy { -14.90432399967671   } 
   total_energyvar { 0.1087844156091649   } 
   weight { 1   } 
   weightvar { 0   } 
   kinetic_energy { 5.729979558362168   } 
   kinetic_energyvar { 6.485330262573285   } 
   potential_energy { -23.37464606039814   } 
   potential_energyvar { 17.26168889590781   } 
   nonlocal_energy { 2.740342502359257   } 
   nonlocal_energyvar { 16.78694014113696   } 
   autocorr_energy { } 
} 

block { 
   label vmc
   totweight 640000
   nautocorr 0
   total_energy { -14.90434670883186   } 
   total_energyvar { 0.1083337780775366   } 
   weight { 1   } 
   weightvar { 0   } 
   kinetic_energy { 5.739095566499176   } 
   kinetic_energyvar { 6.619507632919721   } 
   potential_energy { -23.3710869814652   } 
   potential_energyvar { 17.23285011473672   } 
   nonlocal_energy { 2.727644706134155   } 
   nonlocal_energyvar { 16.87470474504813   } 
   autocorr_energy { } 
} 

block { 
   label vmc
   totweight 640000
   nautocorr 0
   total_energy { -14.90478531344404   } 
   total_energyvar { 0.1077145761480836   } 
   weight { 1   } 
   weightvar { 0   } 
   kinetic_energy { 5.731984135817053   } 
   kinetic_energyvar { 6.522762252579781   } 
   potential_energy { -23.3732714471834   } 
   potential_energyvar { 17.41923052402683   } 
   nonlocal_energy { 2.736501997922308   } 
   nonlocal_energyvar { 16.99972700022696   } 
   autocorr_energy { } 
} 

block { 
   label vmc
   totweight 640000
   nautocorr 0
   total_energy { -14.90538408677899   } 
   total_energyvar { 0.1078665311621023   } 
   weight { 1   } 
   weightvar { 0   } 
   kinetic_energy { 5.729251323438292   } 
   kinetic_energyvar { 6.536599908291599   } 
   potential_energy { -23.37052921239492   } 
   potential_energyvar { 17.2906993467783   } 
   nonlocal_energy { 2.735893802177643   } 
   nonlocal_energyvar { 16.93422081104394   } 
   autocorr_energy { } 
} 

