#-------------------------------------------------
#DMC run: timestep 0.001
#-------------------------------------------------


init { 
   label dmc
}
block { 
   label dmc
   totweight 5440000
   nautocorr 0
   total_energy { -145.0698058346027   } 
   total_energyvar { 2.334171815749869   } 
   weight { 0.9911395963236365   } 
   weightvar { 0.09377140479290735   } 
   kinetic_energy { 88.85614248428767   } 
   kinetic_energyvar { 963.1139994146197   } 
   potential_energy { -249.1409272547594   } 
   potential_energyvar { 1043.309657317288   } 
   nonlocal_energy { 15.21497893586902   } 
   nonlocal_energyvar { 452.3558461951328   } 
   autocorr_energy { } 
} 

block { 
   label dmc
   totweight 5440000
   nautocorr 0
   total_energy { -145.0716083846425   } 
   total_energyvar { 2.305708936288283   } 
   weight { 0.9909756782728857   } 
   weightvar { 0.09469671713949268   } 
   kinetic_energy { 88.65053720407286   } 
   kinetic_energyvar { 966.0498019500446   } 
   potential_energy { -248.773249894181   } 
   potential_energyvar { 1037.121947295389   } 
   nonlocal_energy { 15.05110430546567   } 
   nonlocal_energyvar { 447.3215215318025   } 
   autocorr_energy { } 
} 

block { 
   label dmc
   totweight 5440000
   nautocorr 0
   total_energy { -145.0703673280105   } 
   total_energyvar { 2.309895483202126   } 
   weight { 0.9946774490123809   } 
   weightvar { 0.09672314137633919   } 
   kinetic_energy { 89.07320574274   } 
   kinetic_energyvar { 963.8512983966511   } 
   potential_energy { -249.3509713699811   } 
   potential_energyvar { 1038.66302933867   } 
   nonlocal_energy { 15.20739829923051   } 
   nonlocal_energyvar { 448.1183796216174   } 
   autocorr_energy { } 
} 

block { 
   label dmc
   totweight 5440000
   nautocorr 0
   total_energy { -145.0701691485495   } 
   total_energyvar { 2.333651703353098   } 
   weight { 0.9945465123669789   } 
   weightvar { 0.09351933712281202   } 
   kinetic_energy { 89.12177432407944   } 
   kinetic_energyvar { 964.4891829767021   } 
   potential_energy { -249.4545758617906   } 
   potential_energyvar { 1031.911474543012   } 
   nonlocal_energy { 15.26263238916162   } 
   nonlocal_energyvar { 449.0114876576004   } 
   autocorr_energy { } 
} 

block { 
   label dmc
   totweight 5440000
   nautocorr 0
   total_energy { -145.0748941571055   } 
   total_energyvar { 2.322342274754192   } 
   weight { 0.9981028454663446   } 
   weightvar { 0.09336645041568603   } 
   kinetic_energy { 89.21510283252699   } 
   kinetic_energyvar { 972.9607577308498   } 
   potential_energy { -249.4965181730111   } 
   potential_energyvar { 1038.702984774674   } 
   nonlocal_energy { 15.20652118337856   } 
   nonlocal_energyvar { 454.9864853457644   } 
   autocorr_energy { } 
} 

block { 
   label dmc
   totweight 5440000
   nautocorr 0
   total_energy { -145.0709856831784   } 
   total_energyvar { 2.330964122313162   } 
   weight { 0.9977724760851032   } 
   weightvar { 0.09205127361083842   } 
   kinetic_energy { 88.68284659705948   } 
   kinetic_energyvar { 969.1938814520345   } 
   potential_energy { -248.9349729507307   } 
   potential_energyvar { 1042.217181064167   } 
   nonlocal_energy { 15.1811406704928   } 
   nonlocal_energyvar { 456.600294984083   } 
   autocorr_energy { } 
} 

block { 
   label dmc
   totweight 5440000
   nautocorr 0
   total_energy { -145.0690263765797   } 
   total_energyvar { 2.315900179146411   } 
   weight { 0.9968744251742504   } 
   weightvar { 0.09178428831939789   } 
   kinetic_energy { 88.99077689377327   } 
   kinetic_energyvar { 958.8830800067553   } 
   potential_energy { -249.2631089775612   } 
   potential_energyvar { 1026.780476290216   } 
   nonlocal_energy { 15.20330570720826   } 
   nonlocal_energyvar { 452.381359934478   } 
   autocorr_energy { } 
} 

block { 
   label dmc
   totweight 5440000
   nautocorr 0
   total_energy { -145.0698801713026   } 
   total_energyvar { 2.317470885795046   } 
   weight { 0.9950427676522601   } 
   weightvar { 0.09309289471706572   } 
   kinetic_energy { 89.37170755375659   } 
   kinetic_energyvar { 957.8779656223323   } 
   potential_energy { -249.6856277741389   } 
   potential_energyvar { 1036.85864989234   } 
   nonlocal_energy { 15.24404004907968   } 
   nonlocal_energyvar { 442.3367341058035   } 
   autocorr_energy { } 
} 

block { 
   label dmc
   totweight 5440000
   nautocorr 0
   total_energy { -145.0681796095523   } 
   total_energyvar { 2.304317035730492   } 
   weight { 0.9936693238044531   } 
   weightvar { 0.09287927295602927   } 
   kinetic_energy { 88.76172610968102   } 
   kinetic_energyvar { 944.1538920083012   } 
   potential_energy { -249.0092718808713   } 
   potential_energyvar { 1023.976442759282   } 
   nonlocal_energy { 15.179366161638   } 
   nonlocal_energyvar { 443.0576098556824   } 
   autocorr_energy { } 
} 

block { 
   label dmc
   totweight 5440000
   nautocorr 0
   total_energy { -145.066154223614   } 
   total_energyvar { 2.337529417243786   } 
   weight { 0.9938531911077725   } 
   weightvar { 0.09231205372033957   } 
   kinetic_energy { 89.19524677452856   } 
   kinetic_energyvar { 963.5245911509355   } 
   potential_energy { -249.4835053180314   } 
   potential_energyvar { 1040.407740302406   } 
   nonlocal_energy { 15.22210431988885   } 
   nonlocal_energyvar { 448.1394152319757   } 
   autocorr_energy { } 
} 

block { 
   label dmc
   totweight 5440000
   nautocorr 0
   total_energy { -145.070959447196   } 
   total_energyvar { 2.318837435061141   } 
   weight { 0.9948045443387146   } 
   weightvar { 0.09390193705636618   } 
   kinetic_energy { 88.97778728117051   } 
   kinetic_energyvar { 954.2826742434054   } 
   potential_energy { -249.3057535992708   } 
   potential_energyvar { 1037.845204378682   } 
   nonlocal_energy { 15.25700687090432   } 
   nonlocal_energyvar { 442.5166591489644   } 
   autocorr_energy { } 
} 

block { 
   label dmc
   totweight 5440000
   nautocorr 0
   total_energy { -145.0730308138265   } 
   total_energyvar { 2.33944993957266   } 
   weight { 0.9968505217330892   } 
   weightvar { 0.09459770100028464   } 
   kinetic_energy { 88.73292962446162   } 
   kinetic_energyvar { 962.6702369818022   } 
   potential_energy { -249.0103996236219   } 
   potential_energyvar { 1040.878767745766   } 
   nonlocal_energy { 15.20443918533372   } 
   nonlocal_energyvar { 446.1733919803373   } 
   autocorr_energy { } 
} 

block { 
   label dmc
   totweight 5440000
   nautocorr 0
   total_energy { -145.0695214352776   } 
   total_energyvar { 2.300663393696595   } 
   weight { 0.9962342309226734   } 
   weightvar { 0.09457592643292889   } 
   kinetic_energy { 88.75171138788555   } 
   kinetic_energyvar { 962.3965671707529   } 
   potential_energy { -248.9808979334255   } 
   potential_energyvar { 1033.494889478359   } 
   nonlocal_energy { 15.15966511026241   } 
   nonlocal_energyvar { 451.9820776008025   } 
   autocorr_energy { } 
} 

block { 
   label dmc
   totweight 5440000
   nautocorr 0
   total_energy { -145.0673103573331   } 
   total_energyvar { 2.289782926847693   } 
   weight { 0.9946543855568375   } 
   weightvar { 0.09414016939582825   } 
   kinetic_energy { 88.90928929124257   } 
   kinetic_energyvar { 960.811907995866   } 
   potential_energy { -249.0860213662081   } 
   potential_energyvar { 1031.729953614464   } 
   nonlocal_energy { 15.10942171763246   } 
   nonlocal_energyvar { 439.595544047923   } 
   autocorr_energy { } 
} 

block { 
   label dmc
   totweight 5440000
   nautocorr 0
   total_energy { -145.0695797054636   } 
   total_energyvar { 2.332002097908116   } 
   weight { 0.9965659206101202   } 
   weightvar { 0.09301413582070994   } 
   kinetic_energy { 89.09585422893709   } 
   kinetic_energyvar { 968.962100406703   } 
   potential_energy { -249.4704492153291   } 
   potential_energyvar { 1036.150913211015   } 
   nonlocal_energy { 15.30501528092848   } 
   nonlocal_energyvar { 453.3932451431187   } 
   autocorr_energy { } 
} 

block { 
   label dmc
   totweight 5440000
   nautocorr 0
   total_energy { -145.0725352552885   } 
   total_energyvar { 2.359644440708507   } 
   weight { 0.9947142764145299   } 
   weightvar { 0.0951272605487159   } 
   kinetic_energy { 88.98685883347713   } 
   kinetic_energyvar { 959.0386915915024   } 
   potential_energy { -249.226256292723   } 
   potential_energyvar { 1029.766286182159   } 
   nonlocal_energy { 15.16686220395736   } 
   nonlocal_energyvar { 448.4802390838639   } 
   autocorr_energy { } 
} 

block { 
   label dmc
   totweight 5440000
   nautocorr 0
   total_energy { -145.060452554923   } 
   total_energyvar { 2.508123940220685   } 
   weight { 0.9948228591508985   } 
   weightvar { 0.09361301875514616   } 
   kinetic_energy { 89.009158089595   } 
   kinetic_energyvar { 966.636397199748   } 
   potential_energy { -249.3348553158131   } 
   potential_energyvar { 1047.402346106217   } 
   nonlocal_energy { 15.26524467129509   } 
   nonlocal_energyvar { 454.1358645593181   } 
   autocorr_energy { } 
} 

block { 
   label dmc
   totweight 5440000
   nautocorr 0
   total_energy { -145.0697491326127   } 
   total_energyvar { 2.315013468461984   } 
   weight { 0.9910485043573455   } 
   weightvar { 0.09380539590231307   } 
   kinetic_energy { 89.00596433288767   } 
   kinetic_energyvar { 958.4309119667514   } 
   potential_energy { -249.4364299900022   } 
   potential_energyvar { 1035.068586836242   } 
   nonlocal_energy { 15.36071652450179   } 
   nonlocal_energyvar { 449.5754440808499   } 
   autocorr_energy { } 
} 

block { 
   label dmc
   totweight 5440000
   nautocorr 0
   total_energy { -145.0678226833197   } 
   total_energyvar { 2.311831916627852   } 
   weight { 0.9957328973485355   } 
   weightvar { 0.0945742472902209   } 
   kinetic_energy { 88.92990254767423   } 
   kinetic_energyvar { 964.4194719030393   } 
   potential_energy { -249.1336393775531   } 
   potential_energyvar { 1041.319069752972   } 
   nonlocal_energy { 15.13591414655913   } 
   nonlocal_energyvar { 442.971171212355   } 
   autocorr_energy { } 
} 

block { 
   label dmc
   totweight 5440000
   nautocorr 0
   total_energy { -145.0702392765416   } 
   total_energyvar { 2.29891967990261   } 
   weight { 0.9952134560101261   } 
   weightvar { 0.09319890344678938   } 
   kinetic_energy { 89.19638088216233   } 
   kinetic_energyvar { 966.192603267049   } 
   potential_energy { -249.506799440709   } 
   potential_energyvar { 1046.301541795336   } 
   nonlocal_energy { 15.24017928200505   } 
   nonlocal_energyvar { 446.2142759101958   } 
   autocorr_energy { } 
} 

block { 
   label dmc
   totweight 5440000
   nautocorr 0
   total_energy { -145.0692989332543   } 
   total_energyvar { 2.331041060238931   } 
   weight { 0.995993989938652   } 
   weightvar { 0.09488775963642082   } 
   kinetic_energy { 89.09959933025286   } 
   kinetic_energyvar { 950.9235352728474   } 
   potential_energy { -249.4010476784628   } 
   potential_energyvar { 1032.986044149504   } 
   nonlocal_energy { 15.23214941495563   } 
   nonlocal_energyvar { 444.5229817432999   } 
   autocorr_energy { } 
} 

block { 
   label dmc
   totweight 5440000
   nautocorr 0
   total_energy { -145.0755635695818   } 
   total_energyvar { 2.30962208312485   } 
   weight { 0.9969181174567791   } 
   weightvar { 0.09279085936563869   } 
   kinetic_energy { 89.10751573621839   } 
   kinetic_energyvar { 967.9382010190893   } 
   potential_energy { -249.3193428106817   } 
   potential_energyvar { 1035.861190111682   } 
   nonlocal_energy { 15.1362635048815   } 
   nonlocal_energyvar { 449.4399864205341   } 
   autocorr_energy { } 
} 

block { 
   label dmc
   totweight 5440000
   nautocorr 0
   total_energy { -145.0741160990164   } 
   total_energyvar { 2.309348406186473   } 
   weight { 1.001154140447166   } 
   weightvar { 0.0911551243733093   } 
   kinetic_energy { 89.03259256411677   } 
   kinetic_energyvar { 967.0504554888366   } 
   potential_energy { -249.3229092052535   } 
   potential_energyvar { 1036.373910805174   } 
   nonlocal_energy { 15.21620054212027   } 
   nonlocal_energyvar { 452.6972437868556   } 
   autocorr_energy { } 
} 

block { 
   label dmc
   totweight 5440000
   nautocorr 0
   total_energy { -145.0655776764258   } 
   total_energyvar { 2.361889061608963   } 
   weight { 0.9977701430652891   } 
   weightvar { 0.09229610396572663   } 
   kinetic_energy { 89.07901131263695   } 
   kinetic_energyvar { 975.4821982397089   } 
   potential_energy { -249.4238674589182   } 
   potential_energyvar { 1044.699215922556   } 
   nonlocal_energy { 15.27927846985552   } 
   nonlocal_energyvar { 460.4587216119819   } 
   autocorr_energy { } 
} 

block { 
   label dmc
   totweight 5440000
   nautocorr 0
   total_energy { -145.0720348577117   } 
   total_energyvar { 2.280000767987076   } 
   weight { 0.9959797695763491   } 
   weightvar { 0.09262056926845197   } 
   kinetic_energy { 88.84448049600404   } 
   kinetic_energyvar { 948.249821697359   } 
   potential_energy { -249.0507598739807   } 
   potential_energyvar { 1026.955422053055   } 
   nonlocal_energy { 15.13424452026494   } 
   nonlocal_energyvar { 435.3991341915652   } 
   autocorr_energy { } 
} 

block { 
   label dmc
   totweight 5440000
   nautocorr 0
   total_energy { -145.0725914788175   } 
   total_energyvar { 2.322891485284345   } 
   weight { 0.9976470680737142   } 
   weightvar { 0.09414536665639983   } 
   kinetic_energy { 89.18307697375427   } 
   kinetic_energyvar { 971.0572338310685   } 
   potential_energy { -249.4851268399581   } 
   potential_energyvar { 1034.664174552163   } 
   nonlocal_energy { 15.22945838738634   } 
   nonlocal_energyvar { 455.4041374550067   } 
   autocorr_energy { } 
} 

block { 
   label dmc
   totweight 5440000
   nautocorr 0
   total_energy { -145.0639087557475   } 
   total_energyvar { 2.319768101860973   } 
   weight { 0.9942520239647594   } 
   weightvar { 0.09560247150332235   } 
   kinetic_energy { 89.01294137545224   } 
   kinetic_energyvar { 961.1295328259603   } 
   potential_energy { -249.2326752850819   } 
   potential_energyvar { 1033.886505154645   } 
   nonlocal_energy { 15.15582515388219   } 
   nonlocal_energyvar { 450.0193773343449   } 
   autocorr_energy { } 
} 

block { 
   label dmc
   totweight 5440000
   nautocorr 0
   total_energy { -145.0777848046518   } 
   total_energyvar { 2.338079354049114   } 
   weight { 0.9972126998323944   } 
   weightvar { 0.09471678287052454   } 
   kinetic_energy { 88.94076953916063   } 
   kinetic_energyvar { 972.6076202427002   } 
   potential_energy { -249.1912872373455   } 
   potential_energyvar { 1042.200075936693   } 
   nonlocal_energy { 15.17273289353309   } 
   nonlocal_energyvar { 454.7490829528268   } 
   autocorr_energy { } 
} 

block { 
   label dmc
   totweight 5440000
   nautocorr 0
   total_energy { -145.0765613459874   } 
   total_energyvar { 2.307466098493023   } 
   weight { 1.002973393138297   } 
   weightvar { 0.09414217044347239   } 
   kinetic_energy { 88.9102360123283   } 
   kinetic_energyvar { 966.3794190498556   } 
   potential_energy { -249.1681470765261   } 
   potential_energyvar { 1034.422218369094   } 
   nonlocal_energy { 15.18134971821041   } 
   nonlocal_energyvar { 453.437993046093   } 
   autocorr_energy { } 
} 

block { 
   label dmc
   totweight 5440000
   nautocorr 0
   total_energy { -145.0685096235318   } 
   total_energyvar { 2.336076261435664   } 
   weight { 1.0002711348401   } 
   weightvar { 0.09416733420030887   } 
   kinetic_energy { 88.94476864629581   } 
   kinetic_energyvar { 970.2192997681204   } 
   potential_energy { -249.0849486689729   } 
   potential_energyvar { 1036.454641813762   } 
   nonlocal_energy { 15.07167039914528   } 
   nonlocal_energyvar { 446.7773151791174   } 
   autocorr_energy { } 
} 

block { 
   label dmc
   totweight 5440000
   nautocorr 0
   total_energy { -145.0685435535623   } 
   total_energyvar { 2.317649453929334   } 
   weight { 0.9969672772510724   } 
   weightvar { 0.09410537971984667   } 
   kinetic_energy { 88.74190354586737   } 
   kinetic_energyvar { 957.8257941153706   } 
   potential_energy { -248.9938763626797   } 
   potential_energyvar { 1035.922289888251   } 
   nonlocal_energy { 15.18342926325011   } 
   nonlocal_energyvar { 445.0640147439801   } 
   autocorr_energy { } 
} 

block { 
   label dmc
   totweight 5440000
   nautocorr 0
   total_energy { -145.0632827803516   } 
   total_energyvar { 2.320251947559882   } 
   weight { 0.9905296240651571   } 
   weightvar { 0.09504301651456692   } 
   kinetic_energy { 88.88904309617858   } 
   kinetic_energyvar { 963.0433866650774   } 
   potential_energy { -249.2225376397261   } 
   potential_energyvar { 1040.075181444576   } 
   nonlocal_energy { 15.27021176319591   } 
   nonlocal_energyvar { 447.4610499850725   } 
   autocorr_energy { } 
} 

block { 
   label dmc
   totweight 5440000
   nautocorr 0
   total_energy { -145.0688434650425   } 
   total_energyvar { 2.34943152778942   } 
   weight { 0.9932603594529124   } 
   weightvar { 0.09441060419779435   } 
   kinetic_energy { 89.04728220202561   } 
   kinetic_energyvar { 965.7437370822145   } 
   potential_energy { -249.2994809901131   } 
   potential_energyvar { 1044.747283490236   } 
   nonlocal_energy { 15.18335532304499   } 
   nonlocal_energyvar { 444.9219112384503   } 
   autocorr_energy { } 
} 

block { 
   label dmc
   totweight 5440000
   nautocorr 0
   total_energy { -145.0676215249736   } 
   total_energyvar { 2.35296663369445   } 
   weight { 0.9933316012791604   } 
   weightvar { 0.09267887129174968   } 
   kinetic_energy { 89.39091852693406   } 
   kinetic_energyvar { 978.698678953383   } 
   potential_energy { -249.7742928694895   } 
   potential_energyvar { 1044.501479616854   } 
   nonlocal_energy { 15.31575281758191   } 
   nonlocal_energyvar { 460.4963956253555   } 
   autocorr_energy { } 
} 

block { 
   label dmc
   totweight 5440000
   nautocorr 0
   total_energy { -145.0695188869614   } 
   total_energyvar { 2.324836353629507   } 
   weight { 0.9944266153289031   } 
   weightvar { 0.09313303445641619   } 
   kinetic_energy { 89.25674815123173   } 
   kinetic_energyvar { 962.6603923359935   } 
   potential_energy { -249.6069463510784   } 
   potential_energyvar { 1032.962296124962   } 
   nonlocal_energy { 15.28067931288524   } 
   nonlocal_energyvar { 451.1397712186601   } 
   autocorr_energy { } 
} 

block { 
   label dmc
   totweight 5440000
   nautocorr 0
   total_energy { -145.0731885861423   } 
   total_energyvar { 2.343316104575933   } 
   weight { 0.9971892103236829   } 
   weightvar { 0.09281593097112939   } 
   kinetic_energy { 88.75143469397364   } 
   kinetic_energyvar { 967.5048615134774   } 
   potential_energy { -249.0442505184703   } 
   potential_energyvar { 1047.486802939115   } 
   nonlocal_energy { 15.21962723835441   } 
   nonlocal_energyvar { 448.172195178856   } 
   autocorr_energy { } 
} 

block { 
   label dmc
   totweight 5440000
   nautocorr 0
   total_energy { -145.0691373962666   } 
   total_energyvar { 2.310485896356113   } 
   weight { 0.9974041439114012   } 
   weightvar { 0.09380593537189408   } 
   kinetic_energy { 88.9725723130715   } 
   kinetic_energyvar { 963.6190505135091   } 
   potential_energy { -249.2677766686645   } 
   potential_energyvar { 1038.808942779528   } 
   nonlocal_energy { 15.2260669593264   } 
   nonlocal_energyvar { 450.0828585515737   } 
   autocorr_energy { } 
} 

block { 
   label dmc
   totweight 5440000
   nautocorr 0
   total_energy { -145.0683840605452   } 
   total_energyvar { 2.273761985317833   } 
   weight { 0.9949311186860326   } 
   weightvar { 0.09367081111793107   } 
   kinetic_energy { 88.94648263881685   } 
   kinetic_energyvar { 947.214599717493   } 
   potential_energy { -249.1465682711304   } 
   potential_energyvar { 1031.006508284052   } 
   nonlocal_energy { 15.13170157176831   } 
   nonlocal_energyvar { 438.2417330480725   } 
   autocorr_energy { } 
} 

block { 
   label dmc
   totweight 5440000
   nautocorr 0
   total_energy { -145.0725898789751   } 
   total_energyvar { 2.309909994117334   } 
   weight { 0.9972089083851832   } 
   weightvar { 0.09536690934147196   } 
   kinetic_energy { 88.93579774309177   } 
   kinetic_energyvar { 960.0882233854518   } 
   potential_energy { -249.1998678336267   } 
   potential_energyvar { 1029.51066817018   } 
   nonlocal_energy { 15.19148021155985   } 
   nonlocal_energyvar { 449.2609203824477   } 
   autocorr_energy { } 
} 

block { 
   label dmc
   totweight 5440000
   nautocorr 0
   total_energy { -145.0682677991462   } 
   total_energyvar { 2.333495505172323   } 
   weight { 0.9964256120294329   } 
   weightvar { 0.09179580872453663   } 
   kinetic_energy { 88.90577277896975   } 
   kinetic_energyvar { 970.8675292726275   } 
   potential_energy { -249.1847078830348   } 
   potential_energyvar { 1041.616532864042   } 
   nonlocal_energy { 15.2106673049188   } 
   nonlocal_energyvar { 452.241452891568   } 
   autocorr_energy { } 
} 

