#-------------------------------------------------
#DMC run: timestep 0.0025
#-------------------------------------------------


init { 
   label dmc
}
block { 
   label dmc
   totweight 2176000
   nautocorr 0
   total_energy { -145.0782830168985   } 
   total_energyvar { 2.337773443294282   } 
   weight { 0.998271821614657   } 
   weightvar { 0.0948155655259868   } 
   kinetic_energy { 89.20890750935951   } 
   kinetic_energyvar { 989.1619772751756   } 
   potential_energy { -249.3294627598424   } 
   potential_energyvar { 1046.631054089004   } 
   nonlocal_energy { 15.04227223358438   } 
   nonlocal_energyvar { 457.6771543556474   } 
   autocorr_energy { } 
} 

block { 
   label dmc
   totweight 2176000
   nautocorr 0
   total_energy { -145.0711876012907   } 
   total_energyvar { 2.493634822400054   } 
   weight { 0.9940153657822273   } 
   weightvar { 0.09464643325841327   } 
   kinetic_energy { 89.04667019196985   } 
   kinetic_energyvar { 978.3680825806105   } 
   potential_energy { -249.239520927134   } 
   potential_energyvar { 1031.897330838983   } 
   nonlocal_energy { 15.12166313387345   } 
   nonlocal_energyvar { 459.7710504668985   } 
   autocorr_energy { } 
} 

block { 
   label dmc
   totweight 2176000
   nautocorr 0
   total_energy { -145.0773634172062   } 
   total_energyvar { 2.368278917856514   } 
   weight { 0.9947745007589219   } 
   weightvar { 0.09472655271567942   } 
   kinetic_energy { 89.08260574733201   } 
   kinetic_energyvar { 987.7701811889165   } 
   potential_energy { -249.2565492236355   } 
   potential_energyvar { 1036.987872377642   } 
   nonlocal_energy { 15.09658005909727   } 
   nonlocal_energyvar { 463.7738766312522   } 
   autocorr_energy { } 
} 

block { 
   label dmc
   totweight 2176000
   nautocorr 0
   total_energy { -145.0712359365151   } 
   total_energyvar { 2.349891872494482   } 
   weight { 0.9941307948251474   } 
   weightvar { 0.09338150339267104   } 
   kinetic_energy { 89.20138855939162   } 
   kinetic_energyvar { 981.5264913002211   } 
   potential_energy { -249.4387058400933   } 
   potential_energyvar { 1032.152741758175   } 
   nonlocal_energy { 15.16608134418655   } 
   nonlocal_energyvar { 460.6551934746978   } 
   autocorr_energy { } 
} 

block { 
   label dmc
   totweight 2176000
   nautocorr 0
   total_energy { -145.0769633781493   } 
   total_energyvar { 2.338887037811219   } 
   weight { 0.9965325282857666   } 
   weightvar { 0.09305812604966934   } 
   kinetic_energy { 89.16504838053828   } 
   kinetic_energyvar { 981.6560853035326   } 
   potential_energy { -249.2470657278059   } 
   potential_energyvar { 1032.123539669774   } 
   nonlocal_energy { 15.00505396911832   } 
   nonlocal_energyvar { 453.7594832248296   } 
   autocorr_energy { } 
} 

block { 
   label dmc
   totweight 2176000
   nautocorr 0
   total_energy { -145.0655293644155   } 
   total_energyvar { 2.352361431821919   } 
   weight { 0.9935419824459139   } 
   weightvar { 0.09299826873509709   } 
   kinetic_energy { 89.31205510913883   } 
   kinetic_energyvar { 987.1525378160723   } 
   potential_energy { -249.3713513642395   } 
   potential_energyvar { 1037.368063043228   } 
   nonlocal_energy { 14.99376689068513   } 
   nonlocal_energyvar { 454.2303068249178   } 
   autocorr_energy { } 
} 

block { 
   label dmc
   totweight 2176000
   nautocorr 0
   total_energy { -145.0689479085514   } 
   total_energyvar { 2.385493061137822   } 
   weight { 0.9903868827267978   } 
   weightvar { 0.09365637117641101   } 
   kinetic_energy { 89.29761596973769   } 
   kinetic_energyvar { 998.4919345707285   } 
   potential_energy { -249.449059937393   } 
   potential_energyvar { 1046.66219126193   } 
   nonlocal_energy { 15.08249605910398   } 
   nonlocal_energyvar { 464.4131390545343   } 
   autocorr_energy { } 
} 

block { 
   label dmc
   totweight 2176000
   nautocorr 0
   total_energy { -145.0706693205722   } 
   total_energyvar { 2.401476024082513   } 
   weight { 0.9939703420589424   } 
   weightvar { 0.09376703850146695   } 
   kinetic_energy { 89.23560288397789   } 
   kinetic_energyvar { 995.1006022804004   } 
   potential_energy { -249.3775884985803   } 
   potential_energyvar { 1038.388484026618   } 
   nonlocal_energy { 15.07131629403012   } 
   nonlocal_energyvar { 469.7557036614838   } 
   autocorr_energy { } 
} 

block { 
   label dmc
   totweight 2176000
   nautocorr 0
   total_energy { -145.0772256874253   } 
   total_energyvar { 2.334653671368869   } 
   weight { 0.9976313825953623   } 
   weightvar { 0.09505898444602512   } 
   kinetic_energy { 89.26532330211082   } 
   kinetic_energyvar { 987.8604854250125   } 
   potential_energy { -249.4707809023494   } 
   potential_energyvar { 1043.87115214856   } 
   nonlocal_energy { 15.12823191281319   } 
   nonlocal_energyvar { 458.6485190622847   } 
   autocorr_energy { } 
} 

block { 
   label dmc
   totweight 2176000
   nautocorr 0
   total_energy { -145.0688410490773   } 
   total_energyvar { 2.352504299367865   } 
   weight { 0.9964170769723081   } 
   weightvar { 0.09319875351672846   } 
   kinetic_energy { 89.2091615645998   } 
   kinetic_energyvar { 978.0821592847351   } 
   potential_energy { -249.4105868972293   } 
   potential_energyvar { 1041.087461375471   } 
   nonlocal_energy { 15.1325842835522   } 
   nonlocal_energyvar { 452.9472159325941   } 
   autocorr_energy { } 
} 

block { 
   label dmc
   totweight 2176000
   nautocorr 0
   total_energy { -145.0751815134388   } 
   total_energyvar { 2.366430748144921   } 
   weight { 0.9953438595979045   } 
   weightvar { 0.09355866145147251   } 
   kinetic_energy { 89.23979531565698   } 
   kinetic_energyvar { 989.0069677437314   } 
   potential_energy { -249.3971895201373   } 
   potential_energyvar { 1044.560649625048   } 
   nonlocal_energy { 15.08221269104149   } 
   nonlocal_energyvar { 460.2831028193351   } 
   autocorr_energy { } 
} 

block { 
   label dmc
   totweight 2176000
   nautocorr 0
   total_energy { -145.078788896924   } 
   total_energyvar { 2.337993601417111   } 
   weight { 1.000173694838655   } 
   weightvar { 0.0936528656418445   } 
   kinetic_energy { 89.23198604393218   } 
   kinetic_energyvar { 985.6813975879877   } 
   potential_energy { -249.3516556200771   } 
   potential_energyvar { 1033.839071701448   } 
   nonlocal_energy { 15.04088067922092   } 
   nonlocal_energyvar { 459.6551469099377   } 
   autocorr_energy { } 
} 

block { 
   label dmc
   totweight 2176000
   nautocorr 0
   total_energy { -145.0730413000874   } 
   total_energyvar { 2.656542088403512   } 
   weight { 1.000016961489945   } 
   weightvar { 0.09287086630267738   } 
   kinetic_energy { 89.1521223932958   } 
   kinetic_energyvar { 986.2130015389293   } 
   potential_energy { -249.1610896644079   } 
   potential_energyvar { 1032.720926182003   } 
   nonlocal_energy { 14.93592597102465   } 
   nonlocal_energyvar { 459.7444442403016   } 
   autocorr_energy { } 
} 

block { 
   label dmc
   totweight 2176000
   nautocorr 0
   total_energy { -145.0702909896329   } 
   total_energyvar { 2.403570637947269   } 
   weight { 0.996187529840888   } 
   weightvar { 0.09118317925295449   } 
   kinetic_energy { 89.65234947900427   } 
   kinetic_energyvar { 1013.488558959426   } 
   potential_energy { -249.7853361325104   } 
   potential_energyvar { 1054.127592929115   } 
   nonlocal_energy { 15.06269566387328   } 
   nonlocal_energyvar { 475.233547798271   } 
   autocorr_energy { } 
} 

block { 
   label dmc
   totweight 2176000
   nautocorr 0
   total_energy { -145.0743659425221   } 
   total_energyvar { 2.373159680792014   } 
   weight { 0.9959377230283871   } 
   weightvar { 0.09426772100506609   } 
   kinetic_energy { 89.62363903442868   } 
   kinetic_energyvar { 1007.391029504001   } 
   potential_energy { -249.8507038138414   } 
   potential_energyvar { 1049.8135982237   } 
   nonlocal_energy { 15.15269883689069   } 
   nonlocal_energyvar { 473.7803515169396   } 
   autocorr_energy { } 
} 

block { 
   label dmc
   totweight 2176000
   nautocorr 0
   total_energy { -145.0766790940479   } 
   total_energyvar { 2.326263698843832   } 
   weight { 0.9989194979910062   } 
   weightvar { 0.09358188512167653   } 
   kinetic_energy { 89.1823635212327   } 
   kinetic_energyvar { 983.8345181491268   } 
   potential_energy { -249.3245790100951   } 
   potential_energyvar { 1042.538801442126   } 
   nonlocal_energy { 15.06553639481452   } 
   nonlocal_energyvar { 447.7799470493022   } 
   autocorr_energy { } 
} 

block { 
   label dmc
   totweight 2176000
   nautocorr 0
   total_energy { -145.074230174151   } 
   total_energyvar { 2.384940186399035   } 
   weight { 0.9982175042405164   } 
   weightvar { 0.09289406249801424   } 
   kinetic_energy { 89.43872012493192   } 
   kinetic_energyvar { 1004.277503890571   } 
   potential_energy { -249.5970577000006   } 
   potential_energyvar { 1051.462449142637   } 
   nonlocal_energy { 15.08410740091767   } 
   nonlocal_energyvar { 466.1807782305237   } 
   autocorr_energy { } 
} 

block { 
   label dmc
   totweight 2176000
   nautocorr 0
   total_energy { -145.0765704808037   } 
   total_energyvar { 2.352452211991476   } 
   weight { 0.9991482116345989   } 
   weightvar { 0.09577332149257523   } 
   kinetic_energy { 89.34956573633619   } 
   kinetic_energyvar { 988.2959122099728   } 
   potential_energy { -249.4359338735686   } 
   potential_energyvar { 1039.153272231488   } 
   nonlocal_energy { 15.0097976564287   } 
   nonlocal_energyvar { 453.3939363634762   } 
   autocorr_energy { } 
} 

block { 
   label dmc
   totweight 2176000
   nautocorr 0
   total_energy { -145.0757447264324   } 
   total_energyvar { 2.38301894090182   } 
   weight { 0.9989268002859486   } 
   weightvar { 0.0937091763243586   } 
   kinetic_energy { 89.29125787243261   } 
   kinetic_energyvar { 997.4231214229358   } 
   potential_energy { -249.5079003796422   } 
   potential_energyvar { 1039.758508194755   } 
   nonlocal_energy { 15.1408977807772   } 
   nonlocal_energyvar { 470.7610696788902   } 
   autocorr_energy { } 
} 

block { 
   label dmc
   totweight 2176000
   nautocorr 0
   total_energy { -145.0720115951134   } 
   total_energyvar { 2.423351968496718   } 
   weight { 0.9981716103195118   } 
   weightvar { 0.09310773926324067   } 
   kinetic_energy { 89.30837387258353   } 
   kinetic_energyvar { 1004.061680757586   } 
   potential_energy { -249.4666358239458   } 
   potential_energyvar { 1037.5973138138   } 
   nonlocal_energy { 15.08625035624882   } 
   nonlocal_energyvar { 480.0704976378475   } 
   autocorr_energy { } 
} 

block { 
   label dmc
   totweight 2176000
   nautocorr 0
   total_energy { -145.0728461365556   } 
   total_energyvar { 2.367267192854342   } 
   weight { 0.99694008918985   } 
   weightvar { 0.09320380238988279   } 
   kinetic_energy { 89.27895628469537   } 
   kinetic_energyvar { 977.692116536482   } 
   potential_energy { -249.498397105602   } 
   potential_energyvar { 1039.416342929617   } 
   nonlocal_energy { 15.146594684351   } 
   nonlocal_energyvar { 452.0526544072815   } 
   autocorr_energy { } 
} 

block { 
   label dmc
   totweight 2176000
   nautocorr 0
   total_energy { -145.0724385013877   } 
   total_energyvar { 2.343712351939757   } 
   weight { 0.9959102279156278   } 
   weightvar { 0.09534425864231733   } 
   kinetic_energy { 89.08833868644494   } 
   kinetic_energyvar { 993.0573434466378   } 
   potential_energy { -249.3493065799114   } 
   potential_energyvar { 1039.572821600821   } 
   nonlocal_energy { 15.18852939207879   } 
   nonlocal_energyvar { 472.7954332998866   } 
   autocorr_energy { } 
} 

block { 
   label dmc
   totweight 2176000
   nautocorr 0
   total_energy { -145.0677908999915   } 
   total_energyvar { 2.320866190442757   } 
   weight { 0.9948391533446822   } 
   weightvar { 0.09547812409566714   } 
   kinetic_energy { 89.11902743467049   } 
   kinetic_energyvar { 986.1227169475796   } 
   potential_energy { -249.2862315416947   } 
   potential_energyvar { 1036.577651529515   } 
   nonlocal_energy { 15.09941320703272   } 
   nonlocal_energyvar { 465.5136728902361   } 
   autocorr_energy { } 
} 

block { 
   label dmc
   totweight 2176000
   nautocorr 0
   total_energy { -145.0729117119659   } 
   total_energyvar { 2.329032922178158   } 
   weight { 0.9929616766138391   } 
   weightvar { 0.09678855348292703   } 
   kinetic_energy { 89.27069993664283   } 
   kinetic_energyvar { 986.2951523390739   } 
   potential_energy { -249.4583062894356   } 
   potential_energyvar { 1038.753018386284   } 
   nonlocal_energy { 15.11469464082684   } 
   nonlocal_energyvar { 464.9765485155614   } 
   autocorr_energy { } 
} 

block { 
   label dmc
   totweight 2176000
   nautocorr 0
   total_energy { -145.0737794428354   } 
   total_energyvar { 2.335590400511137   } 
   weight { 0.9953207256875343   } 
   weightvar { 0.09480286326823117   } 
   kinetic_energy { 88.85922854078458   } 
   kinetic_energyvar { 977.4890375391342   } 
   potential_energy { -249.0614646877566   } 
   potential_energyvar { 1033.631318379645   } 
   nonlocal_energy { 15.12845670413668   } 
   nonlocal_energyvar { 454.9338876846864   } 
   autocorr_energy { } 
} 

block { 
   label dmc
   totweight 2176000
   nautocorr 0
   total_energy { -145.0672754009173   } 
   total_energyvar { 2.391824980568344   } 
   weight { 0.9959708368083486   } 
   weightvar { 0.09564150264378812   } 
   kinetic_energy { 89.20849853936465   } 
   kinetic_energyvar { 998.3140012875601   } 
   potential_energy { -249.4105828644494   } 
   potential_energyvar { 1040.995684380759   } 
   nonlocal_energy { 15.13480892416749   } 
   nonlocal_energyvar { 468.9949109255014   } 
   autocorr_energy { } 
} 

block { 
   label dmc
   totweight 2176000
   nautocorr 0
   total_energy { -145.0741702363397   } 
   total_energyvar { 2.347768077754154   } 
   weight { 0.9935868385841772   } 
   weightvar { 0.09565651791101515   } 
   kinetic_energy { 89.38420122210231   } 
   kinetic_energyvar { 997.8097543208669   } 
   potential_energy { -249.4568860227425   } 
   potential_energyvar { 1045.457840080824   } 
   nonlocal_energy { 14.99851456430044   } 
   nonlocal_energyvar { 458.6664144006854   } 
   autocorr_energy { } 
} 

block { 
   label dmc
   totweight 2176000
   nautocorr 0
   total_energy { -145.078520321754   } 
   total_energyvar { 2.367001335911482   } 
   weight { 0.9986440823457879   } 
   weightvar { 0.09516020053107122   } 
   kinetic_energy { 89.54132903784507   } 
   kinetic_energyvar { 1024.665547419042   } 
   potential_energy { -249.7028000716451   } 
   potential_energyvar { 1035.416260798047   } 
   nonlocal_energy { 15.08295071204609   } 
   nonlocal_energyvar { 500.3199202719914   } 
   autocorr_energy { } 
} 

block { 
   label dmc
   totweight 2176000
   nautocorr 0
   total_energy { -145.0786266052843   } 
   total_energyvar { 2.338890574235847   } 
   weight { 0.999963726743112   } 
   weightvar { 0.09312037457473787   } 
   kinetic_energy { 89.24040866653056   } 
   kinetic_energyvar { 977.4574991783857   } 
   potential_energy { -249.4294880621173   } 
   potential_energyvar { 1029.465575915914   } 
   nonlocal_energy { 15.11045279030246   } 
   nonlocal_energyvar { 458.2608447623387   } 
   autocorr_energy { } 
} 

block { 
   label dmc
   totweight 2176000
   nautocorr 0
   total_energy { -145.0725364205739   } 
   total_energyvar { 2.330764162979904   } 
   weight { 0.9999783622132238   } 
   weightvar { 0.09447570975544795   } 
   kinetic_energy { 89.01301816632316   } 
   kinetic_energyvar { 982.1111194718587   } 
   potential_energy { -249.1420419082432   } 
   potential_energyvar { 1030.76095368879   } 
   nonlocal_energy { 15.05648732134611   } 
   nonlocal_energyvar { 459.4873613246496   } 
   autocorr_energy { } 
} 

block { 
   label dmc
   totweight 2176000
   nautocorr 0
   total_energy { -145.0670349251141   } 
   total_energyvar { 2.346701916299935   } 
   weight { 0.9947617153174998   } 
   weightvar { 0.09473631145850414   } 
   kinetic_energy { 89.05439420176299   } 
   kinetic_energyvar { 983.8841968669822   } 
   potential_energy { -249.2536625752534   } 
   potential_energyvar { 1045.137911236227   } 
   nonlocal_energy { 15.13223344837635   } 
   nonlocal_energyvar { 456.4902173331745   } 
   autocorr_energy { } 
} 

block { 
   label dmc
   totweight 2176000
   nautocorr 0
   total_energy { -145.0721308700325   } 
   total_energyvar { 2.399383349038544   } 
   weight { 0.9939456431534368   } 
   weightvar { 0.09278125792108616   } 
   kinetic_energy { 89.28345989938948   } 
   kinetic_energyvar { 992.7907724196284   } 
   potential_energy { -249.4757573858844   } 
   potential_energyvar { 1040.842390697842   } 
   nonlocal_energy { 15.12016661646236   } 
   nonlocal_energyvar { 467.1575690674035   } 
   autocorr_energy { } 
} 

block { 
   label dmc
   totweight 2176000
   nautocorr 0
   total_energy { -145.0735818323386   } 
   total_energyvar { 2.416685195406899   } 
   weight { 0.9958329869258555   } 
   weightvar { 0.09537991755460051   } 
   kinetic_energy { 89.40416729139011   } 
   kinetic_energyvar { 988.7047580192111   } 
   potential_energy { -249.5756502557323   } 
   potential_energyvar { 1038.436340100605   } 
   nonlocal_energy { 15.09790113200364   } 
   nonlocal_energyvar { 458.058954376807   } 
   autocorr_energy { } 
} 

block { 
   label dmc
   totweight 2176000
   nautocorr 0
   total_energy { -145.0701415052416   } 
   total_energyvar { 2.381336894341075   } 
   weight { 0.9944072424696689   } 
   weightvar { 0.09286008024521553   } 
   kinetic_energy { 89.03598103394506   } 
   kinetic_energyvar { 979.1767793500858   } 
   potential_energy { -249.1845210472574   } 
   potential_energyvar { 1041.841374081923   } 
   nonlocal_energy { 15.07839850807076   } 
   nonlocal_energyvar { 452.8974347568593   } 
   autocorr_energy { } 
} 

block { 
   label dmc
   totweight 2176000
   nautocorr 0
   total_energy { -145.0803492706407   } 
   total_energyvar { 2.381642840839049   } 
   weight { 0.9971822441797042   } 
   weightvar { 0.09334866654078489   } 
   kinetic_energy { 89.12744076527866   } 
   kinetic_energyvar { 997.0538170046857   } 
   potential_energy { -249.2643964003488   } 
   potential_energyvar { 1040.102176189532   } 
   nonlocal_energy { 15.05660636442943   } 
   nonlocal_energyvar { 472.0132984047857   } 
   autocorr_energy { } 
} 

block { 
   label dmc
   totweight 2176000
   nautocorr 0
   total_energy { -145.0675887064673   } 
   total_energyvar { 2.348961715921178   } 
   weight { 0.9986649551017386   } 
   weightvar { 0.09432925718547991   } 
   kinetic_energy { 89.05675610901157   } 
   kinetic_energyvar { 980.4000225930577   } 
   potential_energy { -249.1869820116247   } 
   potential_energyvar { 1033.439630790876   } 
   nonlocal_energy { 15.06263719614575   } 
   nonlocal_energyvar { 462.0608687442069   } 
   autocorr_energy { } 
} 

block { 
   label dmc
   totweight 2176000
   nautocorr 0
   total_energy { -145.0900667867883   } 
   total_energyvar { 2.419588244727493   } 
   weight { 1.001126669029955   } 
   weightvar { 0.09261937905927575   } 
   kinetic_energy { 89.3587954446341   } 
   kinetic_energyvar { 1011.491080926952   } 
   potential_energy { -249.5040692179259   } 
   potential_energyvar { 1040.976193901442   } 
   nonlocal_energy { 15.0552069865035   } 
   nonlocal_energyvar { 483.2462799259145   } 
   autocorr_energy { } 
} 

block { 
   label dmc
   totweight 2176000
   nautocorr 0
   total_energy { -145.0732192915155   } 
   total_energyvar { 2.366748364511295   } 
   weight { 1.002352805739623   } 
   weightvar { 0.09380626728616215   } 
   kinetic_energy { 89.11727718812939   } 
   kinetic_energyvar { 983.9887178509043   } 
   potential_energy { -249.2882045053815   } 
   potential_energyvar { 1035.709997473117   } 
   nonlocal_energy { 15.09770802573654   } 
   nonlocal_energyvar { 452.4922988395613   } 
   autocorr_energy { } 
} 

block { 
   label dmc
   totweight 2176000
   nautocorr 0
   total_energy { -145.0754284062764   } 
   total_energyvar { 2.351726472646988   } 
   weight { 0.9981494056434271   } 
   weightvar { 0.09304798751929455   } 
   kinetic_energy { 89.25817814919048   } 
   kinetic_energyvar { 985.6551843700354   } 
   potential_energy { -249.3697298483183   } 
   potential_energyvar { 1034.947906747286   } 
   nonlocal_energy { 15.03612329285145   } 
   nonlocal_energyvar { 463.4223876162425   } 
   autocorr_energy { } 
} 

block { 
   label dmc
   totweight 2176000
   nautocorr 0
   total_energy { -145.0700633426047   } 
   total_energyvar { 2.343367758181557   } 
   weight { 0.9973504446147409   } 
   weightvar { 0.09390179626731177   } 
   kinetic_energy { 88.95144083714116   } 
   kinetic_energyvar { 972.2755304528791   } 
   potential_energy { -249.1033678596341   } 
   potential_energyvar { 1033.63468385514   } 
   nonlocal_energy { 15.08186367988824   } 
   nonlocal_energyvar { 453.8923891292079   } 
   autocorr_energy { } 
} 

