#-------------------------------------------------
#DMC run: timestep 0.005
#-------------------------------------------------


init { 
   label dmc
}
block { 
   label dmc
   totweight 1280000
   nautocorr 0
   total_energy { -21.06181375966451   } 
   total_energyvar { 0.1786259249925024   } 
   weight { 0.9993524034573926   } 
   weightvar { 0.0900262929768082   } 
   kinetic_energy { 8.094641852965498   } 
   kinetic_energyvar { 11.07724692473391   } 
   potential_energy { -32.99808378469896   } 
   potential_energyvar { 29.69441427375273   } 
   nonlocal_energy { 3.841628172068945   } 
   nonlocal_energyvar { 28.30077268853613   } 
   autocorr_energy { } 
} 

block { 
   label dmc
   totweight 1280000
   nautocorr 0
   total_energy { -21.06077902298572   } 
   total_energyvar { 0.1716192879344476   } 
   weight { 1.000547431120478   } 
   weightvar { 0.08960814155999652   } 
   kinetic_energy { 8.106670553308104   } 
   kinetic_energyvar { 10.82774618838415   } 
   potential_energy { -33.0026848613382   } 
   potential_energyvar { 29.73556220457476   } 
   nonlocal_energy { 3.835235285044384   } 
   nonlocal_energyvar { 28.0357871697697   } 
   autocorr_energy { } 
} 

block { 
   label dmc
   totweight 1280000
   nautocorr 0
   total_energy { -21.05701685999749   } 
   total_energyvar { 0.1777557371155467   } 
   weight { 0.9965791321781602   } 
   weightvar { 0.08960030238096828   } 
   kinetic_energy { 8.086361129866761   } 
   kinetic_energyvar { 11.00287905905373   } 
   potential_energy { -33.00810299313072   } 
   potential_energyvar { 29.53240035284875   } 
   nonlocal_energy { 3.864725003266474   } 
   nonlocal_energyvar { 28.09862440687863   } 
   autocorr_energy { } 
} 

block { 
   label dmc
   totweight 1280000
   nautocorr 0
   total_energy { -21.06018642064684   } 
   total_energyvar { 0.1700289824030392   } 
   weight { 0.9968793105334085   } 
   weightvar { 0.08934149753952947   } 
   kinetic_energy { 8.131995526627637   } 
   kinetic_energyvar { 10.81267927593872   } 
   potential_energy { -33.02543437634029   } 
   potential_energyvar { 29.2901453522984   } 
   nonlocal_energy { 3.833252429065806   } 
   nonlocal_energyvar { 26.90425220703261   } 
   autocorr_energy { } 
} 

block { 
   label dmc
   totweight 1280000
   nautocorr 0
   total_energy { -21.06207454848769   } 
   total_energyvar { 0.1731640846110736   } 
   weight { 0.9988649721289068   } 
   weightvar { 0.08939202407821012   } 
   kinetic_energy { 8.073138714860937   } 
   kinetic_energyvar { 10.87393449521396   } 
   potential_energy { -32.95647596152833   } 
   potential_energyvar { 29.34804552267383   } 
   nonlocal_energy { 3.821262698179702   } 
   nonlocal_energyvar { 27.49770875615335   } 
   autocorr_energy { } 
} 

block { 
   label dmc
   totweight 1280000
   nautocorr 0
   total_energy { -21.06226882523945   } 
   total_energyvar { 0.1709992636518791   } 
   weight { 1.000894587064324   } 
   weightvar { 0.08883729800052764   } 
   kinetic_energy { 8.082366930604188   } 
   kinetic_energyvar { 10.75155480827004   } 
   potential_energy { -32.95408226201289   } 
   potential_energyvar { 29.42798264410999   } 
   nonlocal_energy { 3.809446506169259   } 
   nonlocal_energyvar { 27.09161159973888   } 
   autocorr_energy { } 
} 

block { 
   label dmc
   totweight 1280000
   nautocorr 0
   total_energy { -21.06289742773076   } 
   total_energyvar { 0.1706486855829894   } 
   weight { 1.000292343079933   } 
   weightvar { 0.08911434663039719   } 
   kinetic_energy { 8.105703526791746   } 
   kinetic_energyvar { 10.92000261889191   } 
   potential_energy { -32.96452207434748   } 
   potential_energyvar { 29.18680902120991   } 
   nonlocal_energy { 3.795921119824978   } 
   nonlocal_energyvar { 26.81280510620577   } 
   autocorr_energy { } 
} 

block { 
   label dmc
   totweight 1280000
   nautocorr 0
   total_energy { -21.06368281419845   } 
   total_energyvar { 0.1720208879925167   } 
   weight { 1.001505554300245   } 
   weightvar { 0.08969940464447257   } 
   kinetic_energy { 8.093282755310325   } 
   kinetic_energyvar { 10.86101494625491   } 
   potential_energy { -32.99543069756151   } 
   potential_energyvar { 29.3666877476021   } 
   nonlocal_energy { 3.838465128052742   } 
   nonlocal_energyvar { 27.49143689180706   } 
   autocorr_energy { } 
} 

block { 
   label dmc
   totweight 1280000
   nautocorr 0
   total_energy { -21.06284068179021   } 
   total_energyvar { 0.1723554781912071   } 
   weight { 1.001105919899073   } 
   weightvar { 0.08881261590891643   } 
   kinetic_energy { 8.128060361022582   } 
   kinetic_energyvar { 10.6483361002732   } 
   potential_energy { -33.01005642943172   } 
   potential_energyvar { 29.18145865054498   } 
   nonlocal_energy { 3.819155386618925   } 
   nonlocal_energyvar { 27.49654495481684   } 
   autocorr_energy { } 
} 

block { 
   label dmc
   totweight 1280000
   nautocorr 0
   total_energy { -21.06566388748867   } 
   total_energyvar { 0.1662100888281088   } 
   weight { 1.002244890735865   } 
   weightvar { 0.09068177911131992   } 
   kinetic_energy { 8.127274823105838   } 
   kinetic_energyvar { 10.66982156466108   } 
   potential_energy { -32.9898433951066   } 
   potential_energyvar { 28.82812705213769   } 
   nonlocal_energy { 3.79690468451208   } 
   nonlocal_energyvar { 26.40115220056326   } 
   autocorr_energy { } 
} 

block { 
   label dmc
   totweight 1280000
   nautocorr 0
   total_energy { -21.06217400831071   } 
   total_energyvar { 0.1755831970274926   } 
   weight { 1.001137911055932   } 
   weightvar { 0.09236887007979666   } 
   kinetic_energy { 8.075125461698203   } 
   kinetic_energyvar { 10.97145223647428   } 
   potential_energy { -32.93840383837965   } 
   potential_energyvar { 29.38740222024535   } 
   nonlocal_energy { 3.80110436837073   } 
   nonlocal_energyvar { 27.21374502618711   } 
   autocorr_energy { } 
} 

block { 
   label dmc
   totweight 1280000
   nautocorr 0
   total_energy { -21.06205905832517   } 
   total_energyvar { 0.1728289612537992   } 
   weight { 0.9994457124724753   } 
   weightvar { 0.09262956316908866   } 
   kinetic_energy { 8.100013135534223   } 
   kinetic_energyvar { 10.98366499472426   } 
   potential_energy { -32.99486922706415   } 
   potential_energyvar { 29.72292028510651   } 
   nonlocal_energy { 3.832797033204759   } 
   nonlocal_energyvar { 27.82131592995627   } 
   autocorr_energy { } 
} 

block { 
   label dmc
   totweight 1280000
   nautocorr 0
   total_energy { -21.0636706173411   } 
   total_energyvar { 0.1765533976349616   } 
   weight { 0.9997403817319802   } 
   weightvar { 0.09198435357075041   } 
   kinetic_energy { 8.11514837354229   } 
   kinetic_energyvar { 10.78605082512848   } 
   potential_energy { -33.0214308354856   } 
   potential_energyvar { 29.34795655486619   } 
   nonlocal_energy { 3.842611844602213   } 
   nonlocal_energyvar { 27.25056049984216   } 
   autocorr_energy { } 
} 

block { 
   label dmc
   totweight 1280000
   nautocorr 0
   total_energy { -21.06293734037257   } 
   total_energyvar { 0.1681976849683906   } 
   weight { 1.000490896186245   } 
   weightvar { 0.0901248237809702   } 
   kinetic_energy { 8.096198469807517   } 
   kinetic_energyvar { 10.68421115876625   } 
   potential_energy { -32.94356471146954   } 
   potential_energyvar { 28.67441484058895   } 
   nonlocal_energy { 3.78442890128945   } 
   nonlocal_energyvar { 26.43680366103874   } 
   autocorr_energy { } 
} 

block { 
   label dmc
   totweight 1280000
   nautocorr 0
   total_energy { -21.0621319098659   } 
   total_energyvar { 0.1671534767124854   } 
   weight { 0.9998333699947465   } 
   weightvar { 0.08834706976599505   } 
   kinetic_energy { 8.073915132378072   } 
   kinetic_energyvar { 10.72458703183382   } 
   potential_energy { -32.92553879606601   } 
   potential_energyvar { 29.50903615159586   } 
   nonlocal_energy { 3.78949175382204   } 
   nonlocal_energyvar { 26.93053651206021   } 
   autocorr_energy { } 
} 

block { 
   label dmc
   totweight 1280000
   nautocorr 0
   total_energy { -21.06282037064212   } 
   total_energyvar { 0.1764728964782307   } 
   weight { 0.9992403093600646   } 
   weightvar { 0.09032975002226429   } 
   kinetic_energy { 8.078492762082512   } 
   kinetic_energyvar { 10.84728293084916   } 
   potential_energy { -32.9606567694733   } 
   potential_energyvar { 29.21215639093248   } 
   nonlocal_energy { 3.819343636748667   } 
   nonlocal_energyvar { 27.62776591969723   } 
   autocorr_energy { } 
} 

block { 
   label dmc
   totweight 1280000
   nautocorr 0
   total_energy { -21.05958787753833   } 
   total_energyvar { 0.1705362541880504   } 
   weight { 0.9985413744144606   } 
   weightvar { 0.09258949079200607   } 
   kinetic_energy { 8.094406699847744   } 
   kinetic_energyvar { 10.7907564824023   } 
   potential_energy { -32.96315582674944   } 
   potential_energyvar { 29.28947388699385   } 
   nonlocal_energy { 3.809161249363356   } 
   nonlocal_energyvar { 27.03678995406497   } 
   autocorr_energy { } 
} 

block { 
   label dmc
   totweight 1280000
   nautocorr 0
   total_energy { -21.06063403091763   } 
   total_energyvar { 0.1728994497045164   } 
   weight { 0.9971476178296942   } 
   weightvar { 0.0895306038657343   } 
   kinetic_energy { 8.0994720432482   } 
   kinetic_energyvar { 10.85420291570081   } 
   potential_energy { -33.03133313768909   } 
   potential_energyvar { 29.75720462362528   } 
   nonlocal_energy { 3.871227063523262   } 
   nonlocal_energyvar { 27.54767953564081   } 
   autocorr_energy { } 
} 

block { 
   label dmc
   totweight 1280000
   nautocorr 0
   total_energy { -21.06387702239359   } 
   total_energyvar { 0.1723972201950801   } 
   weight { 0.9990091046386322   } 
   weightvar { 0.09082665608053453   } 
   kinetic_energy { 8.060268028631562   } 
   kinetic_energyvar { 10.94289119736331   } 
   potential_energy { -32.9137037481858   } 
   potential_energyvar { 29.34378815177251   } 
   nonlocal_energy { 3.789558697160653   } 
   nonlocal_energyvar { 27.27836398711624   } 
   autocorr_energy { } 
} 

block { 
   label dmc
   totweight 1280000
   nautocorr 0
   total_energy { -21.06038279954705   } 
   total_energyvar { 0.167918977941099   } 
   weight { 0.9986991780371268   } 
   weightvar { 0.08852237335501567   } 
   kinetic_energy { 8.066908894513888   } 
   kinetic_energyvar { 10.92947256079667   } 
   potential_energy { -32.94351492433005   } 
   potential_energyvar { 29.50599570678105   } 
   nonlocal_energy { 3.816223230269109   } 
   nonlocal_energyvar { 27.33037672576802   } 
   autocorr_energy { } 
} 

block { 
   label dmc
   totweight 1280000
   nautocorr 0
   total_energy { -21.06271659241282   } 
   total_energyvar { 0.1776578432317137   } 
   weight { 0.998738265926599   } 
   weightvar { 0.08834079103709014   } 
   kinetic_energy { 8.055520086864407   } 
   kinetic_energyvar { 11.1561454789837   } 
   potential_energy { -32.98008485391186   } 
   potential_energyvar { 30.16171009854634   } 
   nonlocal_energy { 3.861848174634639   } 
   nonlocal_energyvar { 28.75871859452212   } 
   autocorr_energy { } 
} 

block { 
   label dmc
   totweight 1280000
   nautocorr 0
   total_energy { -21.06250224592704   } 
   total_energyvar { 0.174566600659773   } 
   weight { 0.9991724515382634   } 
   weightvar { 0.08870024729389614   } 
   kinetic_energy { 8.069252400636577   } 
   kinetic_energyvar { 11.10268321544345   } 
   potential_energy { -33.01293545067186   } 
   potential_energyvar { 29.97153667983116   } 
   nonlocal_energy { 3.881180804108249   } 
   nonlocal_energyvar { 28.48908014493642   } 
   autocorr_energy { } 
} 

block { 
   label dmc
   totweight 1280000
   nautocorr 0
   total_energy { -21.06324328057812   } 
   total_energyvar { 0.1686767101713826   } 
   weight { 0.9998872175455316   } 
   weightvar { 0.09001692857313071   } 
   kinetic_energy { 8.116785913898976   } 
   kinetic_energyvar { 10.79175200388369   } 
   potential_energy { -32.99889520194493   } 
   potential_energyvar { 29.35846032662789   } 
   nonlocal_energy { 3.818866007467827   } 
   nonlocal_energyvar { 26.75692245098455   } 
   autocorr_energy { } 
} 

block { 
   label dmc
   totweight 1280000
   nautocorr 0
   total_energy { -21.06273944999555   } 
   total_energyvar { 0.1724044695884004   } 
   weight { 1.00021187080204   } 
   weightvar { 0.09093219332134161   } 
   kinetic_energy { 8.122179476051855   } 
   kinetic_energyvar { 10.81091259383639   } 
   potential_energy { -33.03085653692532   } 
   potential_energyvar { 29.55317235210055   } 
   nonlocal_energy { 3.845937610877914   } 
   nonlocal_energyvar { 27.38643755733509   } 
   autocorr_energy { } 
} 

block { 
   label dmc
   totweight 1280000
   nautocorr 0
   total_energy { -21.06204469100755   } 
   total_energyvar { 0.1674006740855702   } 
   weight { 0.9993455441782815   } 
   weightvar { 0.09179520378781059   } 
   kinetic_energy { 8.13109487151211   } 
   kinetic_energyvar { 10.76708909134163   } 
   potential_energy { -33.0165571951351   } 
   potential_energyvar { 29.332144532754   } 
   nonlocal_energy { 3.823417632615453   } 
   nonlocal_energyvar { 26.80792393230416   } 
   autocorr_energy { } 
} 

block { 
   label dmc
   totweight 1280000
   nautocorr 0
   total_energy { -21.06025535622849   } 
   total_energyvar { 0.1749098947735206   } 
   weight { 0.9986663623333457   } 
   weightvar { 0.09132903901736866   } 
   kinetic_energy { 8.053542331989302   } 
   kinetic_energyvar { 10.99411644687909   } 
   potential_energy { -32.93246372883527   } 
   potential_energyvar { 29.8495514311478   } 
   nonlocal_energy { 3.818666040617465   } 
   nonlocal_energyvar { 27.91200095622024   } 
   autocorr_energy { } 
} 

block { 
   label dmc
   totweight 1280000
   nautocorr 0
   total_energy { -21.0613592539971   } 
   total_energyvar { 0.1721654354407747   } 
   weight { 0.997988024486363   } 
   weightvar { 0.09188675315113981   } 
   kinetic_energy { 8.104600548685786   } 
   kinetic_energyvar { 10.96775598899512   } 
   potential_energy { -32.97817904896745   } 
   potential_energyvar { 29.36023051138841   } 
   nonlocal_energy { 3.812219246284563   } 
   nonlocal_energyvar { 27.18475260658717   } 
   autocorr_energy { } 
} 

block { 
   label dmc
   totweight 1280000
   nautocorr 0
   total_energy { -21.06436014493961   } 
   total_energyvar { 0.1726660998046441   } 
   weight { 0.9989159395326255   } 
   weightvar { 0.0910846661013216   } 
   kinetic_energy { 8.117290215544909   } 
   kinetic_energyvar { 10.81362894349849   } 
   potential_energy { -33.03988889024819   } 
   potential_energyvar { 29.27403829296577   } 
   nonlocal_energy { 3.858238529763677   } 
   nonlocal_energyvar { 27.69047728691469   } 
   autocorr_energy { } 
} 

block { 
   label dmc
   totweight 1280000
   nautocorr 0
   total_energy { -21.05785335877249   } 
   total_energyvar { 0.1680882251987441   } 
   weight { 0.9988222203584588   } 
   weightvar { 0.09194880903984592   } 
   kinetic_energy { 8.1166794932043   } 
   kinetic_energyvar { 10.90483534517699   } 
   potential_energy { -33.03309447710434   } 
   potential_energyvar { 29.5399181579271   } 
   nonlocal_energy { 3.858561625127555   } 
   nonlocal_energyvar { 28.03679278628153   } 
   autocorr_energy { } 
} 

block { 
   label dmc
   totweight 1280000
   nautocorr 0
   total_energy { -21.05920954379064   } 
   total_energyvar { 0.1699441762738729   } 
   weight { 0.9963829493441819   } 
   weightvar { 0.09137146523656003   } 
   kinetic_energy { 8.148146214867557   } 
   kinetic_energyvar { 10.92292814493973   } 
   potential_energy { -33.0453353987573   } 
   potential_energyvar { 29.22339135804168   } 
   nonlocal_energy { 3.837979640099096   } 
   nonlocal_energyvar { 27.45341169106811   } 
   autocorr_energy { } 
} 

block { 
   label dmc
   totweight 1280000
   nautocorr 0
   total_energy { -21.06200820474876   } 
   total_energyvar { 0.1711579182561991   } 
   weight { 0.9972718491142881   } 
   weightvar { 0.09164183210152199   } 
   kinetic_energy { 8.07285987754668   } 
   kinetic_energyvar { 10.936670267292   } 
   potential_energy { -32.93978747533001   } 
   potential_energyvar { 29.37950212878354   } 
   nonlocal_energy { 3.804919393034585   } 
   nonlocal_energyvar { 27.50288171961285   } 
   autocorr_energy { } 
} 

block { 
   label dmc
   totweight 1280000
   nautocorr 0
   total_energy { -21.06339168771821   } 
   total_energyvar { 0.173070687329357   } 
   weight { 0.9994931008737878   } 
   weightvar { 0.09215749022428565   } 
   kinetic_energy { 8.087726900484427   } 
   kinetic_energyvar { 11.01520410430275   } 
   potential_energy { -33.04757234418143   } 
   potential_energyvar { 30.06950674176937   } 
   nonlocal_energy { 3.896453755978797   } 
   nonlocal_energyvar { 27.89287910796526   } 
   autocorr_energy { } 
} 

block { 
   label dmc
   totweight 1280000
   nautocorr 0
   total_energy { -21.0610869751932   } 
   total_energyvar { 0.1723377548879057   } 
   weight { 0.9987772701470816   } 
   weightvar { 0.08972298396127165   } 
   kinetic_energy { 8.102117802726603   } 
   kinetic_energyvar { 11.04655402074732   } 
   potential_energy { -33.03817001746275   } 
   potential_energyvar { 29.82346313564403   } 
   nonlocal_energy { 3.874965239542949   } 
   nonlocal_energyvar { 28.13664629743583   } 
   autocorr_energy { } 
} 

block { 
   label dmc
   totweight 1280000
   nautocorr 0
   total_energy { -21.06138502238688   } 
   total_energyvar { 0.1744443152309714   } 
   weight { 0.9983276964954275   } 
   weightvar { 0.08945296686095239   } 
   kinetic_energy { 8.0813031086723   } 
   kinetic_energyvar { 10.91485408979487   } 
   potential_energy { -32.9947574060726   } 
   potential_energyvar { 29.62858060087592   } 
   nonlocal_energy { 3.852069275013418   } 
   nonlocal_energyvar { 27.65778015899197   } 
   autocorr_energy { } 
} 

block { 
   label dmc
   totweight 1280000
   nautocorr 0
   total_energy { -21.06001268035329   } 
   total_energyvar { 0.1762293167977305   } 
   weight { 0.998633504005473   } 
   weightvar { 0.09071473997580337   } 
   kinetic_energy { 8.089028982211714   } 
   kinetic_energyvar { 11.10769672906856   } 
   potential_energy { -32.96003192706586   } 
   potential_energyvar { 29.08480701726239   } 
   nonlocal_energy { 3.810990264500851   } 
   nonlocal_energyvar { 27.61057026553677   } 
   autocorr_energy { } 
} 

block { 
   label dmc
   totweight 1280000
   nautocorr 0
   total_energy { -21.06448711177621   } 
   total_energyvar { 0.174586922886931   } 
   weight { 0.9982344690723277   } 
   weightvar { 0.09111165350318129   } 
   kinetic_energy { 8.107799170333575   } 
   kinetic_energyvar { 11.05807882461923   } 
   potential_energy { -33.02880974107915   } 
   potential_energyvar { 29.80375466785085   } 
   nonlocal_energy { 3.856523458969371   } 
   nonlocal_energyvar { 28.28056300122344   } 
   autocorr_energy { } 
} 

block { 
   label dmc
   totweight 1280000
   nautocorr 0
   total_energy { -21.0613765408744   } 
   total_energyvar { 0.1707794905532296   } 
   weight { 0.9999140717671767   } 
   weightvar { 0.08997540226652334   } 
   kinetic_energy { 8.083852555266381   } 
   kinetic_energyvar { 10.71394870114594   } 
   potential_energy { -32.91347069915413   } 
   potential_energyvar { 29.14896629639361   } 
   nonlocal_energy { 3.768241603013344   } 
   nonlocal_energyvar { 26.39815337512303   } 
   autocorr_energy { } 
} 

block { 
   label dmc
   totweight 1280000
   nautocorr 0
   total_energy { -21.06050451149331   } 
   total_energyvar { 0.171200507919707   } 
   weight { 0.9985771768816334   } 
   weightvar { 0.09017796696826752   } 
   kinetic_energy { 8.070646797160434   } 
   kinetic_energyvar { 10.93101268108526   } 
   potential_energy { -32.9770731380762   } 
   potential_energyvar { 29.81897590988751   } 
   nonlocal_energy { 3.845921829422457   } 
   nonlocal_energyvar { 28.00540949035365   } 
   autocorr_energy { } 
} 

block { 
   label dmc
   totweight 1280000
   nautocorr 0
   total_energy { -21.0599897439572   } 
   total_energyvar { 0.1738579276036489   } 
   weight { 0.9972357004838954   } 
   weightvar { 0.08901141951437619   } 
   kinetic_energy { 8.107105947278475   } 
   kinetic_energyvar { 11.01192086179732   } 
   potential_energy { -33.00233798907906   } 
   potential_energyvar { 29.81831335648371   } 
   nonlocal_energy { 3.835242297843386   } 
   nonlocal_energyvar { 27.78102165214957   } 
   autocorr_energy { } 
} 

block { 
   label dmc
   totweight 1280000
   nautocorr 0
   total_energy { -21.06555888429913   } 
   total_energyvar { 0.1706020493677443   } 
   weight { 0.9996525409160224   } 
   weightvar { 0.09044870957875162   } 
   kinetic_energy { 8.131951030451514   } 
   kinetic_energyvar { 11.05080828965001   } 
   potential_energy { -33.02950180932471   } 
   potential_energyvar { 29.44443075349363   } 
   nonlocal_energy { 3.831991894574062   } 
   nonlocal_energyvar { 27.06441020444493   } 
   autocorr_energy { } 
} 

block { 
   label dmc
   totweight 1280000
   nautocorr 0
   total_energy { -21.06275319409135   } 
   total_energyvar { 0.1733505674425828   } 
   weight { 1.000741495371308   } 
   weightvar { 0.09003920387276265   } 
   kinetic_energy { 8.114370422555067   } 
   kinetic_energyvar { 11.0998575400028   } 
   potential_energy { -33.04867524071427   } 
   potential_energyvar { 29.7548798513053   } 
   nonlocal_energy { 3.871551624067849   } 
   nonlocal_energyvar { 28.24734569064879   } 
   autocorr_energy { } 
} 

block { 
   label dmc
   totweight 1280000
   nautocorr 0
   total_energy { -21.06385341093674   } 
   total_energyvar { 0.1737003201556604   } 
   weight { 1.0000587685629   } 
   weightvar { 0.0914826277239853   } 
   kinetic_energy { 8.105163473953672   } 
   kinetic_energyvar { 11.18692150630024   } 
   potential_energy { -33.00854165585073   } 
   potential_energyvar { 29.20404152118181   } 
   nonlocal_energy { 3.839524770960324   } 
   nonlocal_energyvar { 27.50938311308337   } 
   autocorr_energy { } 
} 

block { 
   label dmc
   totweight 1280000
   nautocorr 0
   total_energy { -21.05820124112891   } 
   total_energyvar { 0.173361179130552   } 
   weight { 0.9984033200515984   } 
   weightvar { 0.09090471381223497   } 
   kinetic_energy { 8.082112036499103   } 
   kinetic_energyvar { 11.00596912965302   } 
   potential_energy { -32.98504739099797   } 
   potential_energyvar { 29.25405318711023   } 
   nonlocal_energy { 3.844734113369956   } 
   nonlocal_energyvar { 27.5282368496757   } 
   autocorr_energy { } 
} 

block { 
   label dmc
   totweight 1280000
   nautocorr 0
   total_energy { -21.06339963141126   } 
   total_energyvar { 0.1697029502489045   } 
   weight { 0.998334690296765   } 
   weightvar { 0.08968785217391428   } 
   kinetic_energy { 8.100274978145293   } 
   kinetic_energyvar { 10.98972312810368   } 
   potential_energy { -32.95069669471392   } 
   potential_energyvar { 29.2138669788003   } 
   nonlocal_energy { 3.787022085157361   } 
   nonlocal_energyvar { 26.94452311888165   } 
   autocorr_energy { } 
} 

block { 
   label dmc
   totweight 1280000
   nautocorr 0
   total_energy { -21.06204002675265   } 
   total_energyvar { 0.1689801023148334   } 
   weight { 0.9991466293575592   } 
   weightvar { 0.08881056987008207   } 
   kinetic_energy { 8.075373911964576   } 
   kinetic_energyvar { 10.7246998285792   } 
   potential_energy { -32.94552530688124   } 
   potential_energyvar { 29.09685766097073   } 
   nonlocal_energy { 3.80811136816401   } 
   nonlocal_energyvar { 26.81491273588582   } 
   autocorr_energy { } 
} 

block { 
   label dmc
   totweight 1280000
   nautocorr 0
   total_energy { -21.06346948301969   } 
   total_energyvar { 0.1715527275613908   } 
   weight { 1.000113782251501   } 
   weightvar { 0.08974152695060722   } 
   kinetic_energy { 8.078068537729823   } 
   kinetic_energyvar { 11.06795703225167   } 
   potential_energy { -32.97144365815213   } 
   potential_energyvar { 29.3297735603162   } 
   nonlocal_energy { 3.829905637402609   } 
   nonlocal_energyvar { 27.39290632857258   } 
   autocorr_energy { } 
} 

block { 
   label dmc
   totweight 1280000
   nautocorr 0
   total_energy { -21.06350330439782   } 
   total_energyvar { 0.1746735127615011   } 
   weight { 0.9999475776477615   } 
   weightvar { 0.0916480561330274   } 
   kinetic_energy { 8.114301719592536   } 
   kinetic_energyvar { 10.76943516604858   } 
   potential_energy { -33.01085906741434   } 
   potential_energyvar { 29.64034312418653   } 
   nonlocal_energy { 3.833054043423977   } 
   nonlocal_energyvar { 27.6781937519842   } 
   autocorr_energy { } 
} 

block { 
   label dmc
   totweight 1280000
   nautocorr 0
   total_energy { -21.05858456403532   } 
   total_energyvar { 0.177643540414067   } 
   weight { 0.9984944503743429   } 
   weightvar { 0.09080898520823499   } 
   kinetic_energy { 8.062561725772913   } 
   kinetic_energyvar { 10.9118161699093   } 
   potential_energy { -32.98972832330611   } 
   potential_energyvar { 29.59941499653314   } 
   nonlocal_energy { 3.868582033497868   } 
   nonlocal_energyvar { 27.96785475035013   } 
   autocorr_energy { } 
} 

block { 
   label dmc
   totweight 1280000
   nautocorr 0
   total_energy { -21.06020380624143   } 
   total_energyvar { 0.1731941982342846   } 
   weight { 0.9973265933225779   } 
   weightvar { 0.09166192750984614   } 
   kinetic_energy { 8.063649010116579   } 
   kinetic_energyvar { 11.19968984623839   } 
   potential_energy { -32.96044443107625   } 
   potential_energyvar { 29.82128185698684   } 
   nonlocal_energy { 3.836591614718241   } 
   nonlocal_energyvar { 28.46406224731775   } 
   autocorr_energy { } 
} 

block { 
   label dmc
   totweight 1280000
   nautocorr 0
   total_energy { -21.06321940265348   } 
   total_energyvar { 0.1789716394290508   } 
   weight { 0.9982560922734885   } 
   weightvar { 0.09231871739219144   } 
   kinetic_energy { 8.069164298050548   } 
   kinetic_energyvar { 11.2980912073583   } 
   potential_energy { -32.99259266150829   } 
   potential_energyvar { 30.13742151342467   } 
   nonlocal_energy { 3.860208960804267   } 
   nonlocal_energyvar { 28.73076148105893   } 
   autocorr_energy { } 
} 

block { 
   label dmc
   totweight 1280000
   nautocorr 0
   total_energy { -21.06388085258952   } 
   total_energyvar { 0.1725680533959917   } 
   weight { 1.00016353935739   } 
   weightvar { 0.09226209262145946   } 
   kinetic_energy { 8.112977338376028   } 
   kinetic_energyvar { 11.09515748093658   } 
   potential_energy { -32.97141221634912   } 
   potential_energyvar { 29.31594383109154   } 
   nonlocal_energy { 3.794554025383566   } 
   nonlocal_energyvar { 27.61843830820848   } 
   autocorr_energy { } 
} 

block { 
   label dmc
   totweight 1280000
   nautocorr 0
   total_energy { -21.06181812795408   } 
   total_energyvar { 0.170285206765584   } 
   weight { 0.9993374750422565   } 
   weightvar { 0.09037184244267038   } 
   kinetic_energy { 8.084926529600226   } 
   kinetic_energyvar { 10.9432294733726   } 
   potential_energy { -32.96543095729479   } 
   potential_energyvar { 29.78826066666966   } 
   nonlocal_energy { 3.818686299740479   } 
   nonlocal_energyvar { 27.85068719990538   } 
   autocorr_energy { } 
} 

block { 
   label dmc
   totweight 1280000
   nautocorr 0
   total_energy { -21.06143858908141   } 
   total_energyvar { 0.1713266491163949   } 
   weight { 0.9989521800429718   } 
   weightvar { 0.09238439148328814   } 
   kinetic_energy { 8.091462822797363   } 
   kinetic_energyvar { 10.94796786799444   } 
   potential_energy { -32.97850079189506   } 
   potential_energyvar { 30.23713837491186   } 
   nonlocal_energy { 3.825599380016282   } 
   nonlocal_energyvar { 28.01408803719855   } 
   autocorr_energy { } 
} 

block { 
   label dmc
   totweight 1280000
   nautocorr 0
   total_energy { -21.06628974513596   } 
   total_energyvar { 0.1696981620656288   } 
   weight { 1.000614649650206   } 
   weightvar { 0.09245702551651114   } 
   kinetic_energy { 8.079568398851727   } 
   kinetic_energyvar { 10.76738249767169   } 
   potential_energy { -32.96013744818218   } 
   potential_energyvar { 29.44243966927957   } 
   nonlocal_energy { 3.814279304194498   } 
   nonlocal_energyvar { 26.86759557671247   } 
   autocorr_energy { } 
} 

block { 
   label dmc
   totweight 1280000
   nautocorr 0
   total_energy { -21.06255960740106   } 
   total_energyvar { 0.1718478160410655   } 
   weight { 1.000997727566918   } 
   weightvar { 0.091603748142979   } 
   kinetic_energy { 8.056896243378594   } 
   kinetic_energyvar { 10.81411382301084   } 
   potential_energy { -32.93520238831947   } 
   potential_energyvar { 29.11487180225299   } 
   nonlocal_energy { 3.815746537539814   } 
   nonlocal_energyvar { 27.43052754423852   } 
   autocorr_energy { } 
} 

block { 
   label dmc
   totweight 1280000
   nautocorr 0
   total_energy { -21.05797192895525   } 
   total_energyvar { 0.1671021048213674   } 
   weight { 0.9984987031877485   } 
   weightvar { 0.09045286958350074   } 
   kinetic_energy { 8.062935039127947   } 
   kinetic_energyvar { 10.81831497356244   } 
   potential_energy { -32.91957901194019   } 
   potential_energyvar { 29.01899991275968   } 
   nonlocal_energy { 3.798672043856998   } 
   nonlocal_energyvar { 27.39273149782208   } 
   autocorr_energy { } 
} 

block { 
   label dmc
   totweight 1280000
   nautocorr 0
   total_energy { -21.06081796006386   } 
   total_energyvar { 0.1755322421494725   } 
   weight { 0.9968533488456262   } 
   weightvar { 0.09149932937744976   } 
   kinetic_energy { 8.076164923978785   } 
   kinetic_energyvar { 10.86736048358343   } 
   potential_energy { -32.97687231470557   } 
   potential_energyvar { 29.43768329858221   } 
   nonlocal_energy { 3.839889430662922   } 
   nonlocal_energyvar { 27.75110716686265   } 
   autocorr_energy { } 
} 

block { 
   label dmc
   totweight 1280000
   nautocorr 0
   total_energy { -21.06609806558154   } 
   total_energyvar { 0.1675730838528011   } 
   weight { 0.9998958132812386   } 
   weightvar { 0.09164882424856757   } 
   kinetic_energy { 8.078322547688003   } 
   kinetic_energyvar { 10.83351064359462   } 
   potential_energy { -32.92660160166272   } 
   potential_energyvar { 29.29068515076074   } 
   nonlocal_energy { 3.782180988393192   } 
   nonlocal_energyvar { 26.81645848673454   } 
   autocorr_energy { } 
} 

block { 
   label dmc
   totweight 1280000
   nautocorr 0
   total_energy { -21.06329959028117   } 
   total_energyvar { 0.171511677715273   } 
   weight { 1.000747312422344   } 
   weightvar { 0.09148866053845439   } 
   kinetic_energy { 8.062880992242432   } 
   kinetic_energyvar { 10.85967474555133   } 
   potential_energy { -32.91711462430891   } 
   potential_energyvar { 29.43735834096378   } 
   nonlocal_energy { 3.790934041785315   } 
   nonlocal_energyvar { 26.95866125130741   } 
   autocorr_energy { } 
} 

block { 
   label dmc
   totweight 1280000
   nautocorr 0
   total_energy { -21.06336199359784   } 
   total_energyvar { 0.1678932833883664   } 
   weight { 1.000585474327642   } 
   weightvar { 0.08918991026492074   } 
   kinetic_energy { 8.100532419750177   } 
   kinetic_energyvar { 10.82492597375513   } 
   potential_energy { -32.97930148816035   } 
   potential_energyvar { 29.21044930253606   } 
   nonlocal_energy { 3.815407074812325   } 
   nonlocal_energyvar { 27.48953979855006   } 
   autocorr_energy { } 
} 

block { 
   label dmc
   totweight 1280000
   nautocorr 0
   total_energy { -21.06440142769646   } 
   total_energyvar { 0.1721421433117598   } 
   weight { 1.000585279578504   } 
   weightvar { 0.08990281747196782   } 
   kinetic_energy { 8.097414946692771   } 
   kinetic_energyvar { 10.95069333160018   } 
   potential_energy { -33.00051826294116   } 
   potential_energyvar { 29.4262917793269   } 
   nonlocal_energy { 3.838701888551932   } 
   nonlocal_energyvar { 27.68006394741186   } 
   autocorr_energy { } 
} 

block { 
   label dmc
   totweight 1280000
   nautocorr 0
   total_energy { -21.06475840182847   } 
   total_energyvar { 0.1676940729843182   } 
   weight { 1.002096817834297   } 
   weightvar { 0.09072842022368732   } 
   kinetic_energy { 8.11373869457289   } 
   kinetic_energyvar { 10.80426949893904   } 
   potential_energy { -32.98608391158494   } 
   potential_energyvar { 29.47692806092027   } 
   nonlocal_energy { 3.807586815183574   } 
   nonlocal_energyvar { 26.9238139439431   } 
   autocorr_energy { } 
} 

block { 
   label dmc
   totweight 1280000
   nautocorr 0
   total_energy { -21.0599054814624   } 
   total_energyvar { 0.1740194041686891   } 
   weight { 0.9992934514328423   } 
   weightvar { 0.09064758961347441   } 
   kinetic_energy { 8.102852358144014   } 
   kinetic_energyvar { 11.05711717000793   } 
   potential_energy { -33.01486620235392   } 
   potential_energyvar { 29.86461196621735   } 
   nonlocal_energy { 3.8521083627475   } 
   nonlocal_energyvar { 28.21143820303604   } 
   autocorr_energy { } 
} 

block { 
   label dmc
   totweight 1280000
   nautocorr 0
   total_energy { -21.05751878414642   } 
   total_energyvar { 0.1765121279839832   } 
   weight { 0.9965231735005807   } 
   weightvar { 0.08969658541029679   } 
   kinetic_energy { 8.072534760853783   } 
   kinetic_energyvar { 10.8433983870241   } 
   potential_energy { -32.96945675059538   } 
   potential_energyvar { 29.14695295001002   } 
   nonlocal_energy { 3.83940320559518   } 
   nonlocal_energyvar { 27.39406316565243   } 
   autocorr_energy { } 
} 

block { 
   label dmc
   totweight 1280000
   nautocorr 0
   total_energy { -21.05966644248631   } 
   total_energyvar { 0.1722693733026972   } 
   weight { 0.9961221506572768   } 
   weightvar { 0.0903644885433097   } 
   kinetic_energy { 8.086498011438982   } 
   kinetic_energyvar { 10.96089912054485   } 
   potential_energy { -32.98183178739978   } 
   potential_energyvar { 29.27360542263636   } 
   nonlocal_energy { 3.835667333474484   } 
   nonlocal_energyvar { 27.02307281005336   } 
   autocorr_energy { } 
} 

block { 
   label dmc
   totweight 1280000
   nautocorr 0
   total_energy { -21.06270275467448   } 
   total_energyvar { 0.1757527909563805   } 
   weight { 0.9979237173418495   } 
   weightvar { 0.08827422966202247   } 
   kinetic_energy { 8.059297118554857   } 
   kinetic_energyvar { 11.13873930796791   } 
   potential_energy { -32.96093818676007   } 
   potential_energyvar { 30.01223967632427   } 
   nonlocal_energy { 3.838938313530736   } 
   nonlocal_energyvar { 28.544225846906   } 
   autocorr_energy { } 
} 

block { 
   label dmc
   totweight 1280000
   nautocorr 0
   total_energy { -21.06181964118611   } 
   total_energyvar { 0.1689788708697506   } 
   weight { 0.9981427052697244   } 
   weightvar { 0.08953208222435505   } 
   kinetic_energy { 8.085820228937269   } 
   kinetic_energyvar { 10.81362304805877   } 
   potential_energy { -32.97390973915932   } 
   potential_energyvar { 28.96230480779218   } 
   nonlocal_energy { 3.82626986903594   } 
   nonlocal_energyvar { 26.64820315133817   } 
   autocorr_energy { } 
} 

block { 
   label dmc
   totweight 1280000
   nautocorr 0
   total_energy { -21.06163109367265   } 
   total_energyvar { 0.1751778129580543   } 
   weight { 0.9986830620704874   } 
   weightvar { 0.09095175814412471   } 
   kinetic_energy { 8.075791549382147   } 
   kinetic_energyvar { 11.0667733768426   } 
   potential_energy { -32.98052328499443   } 
   potential_energyvar { 29.43545705817837   } 
   nonlocal_energy { 3.843100641939635   } 
   nonlocal_energyvar { 28.05020361355007   } 
   autocorr_energy { } 
} 

block { 
   label dmc
   totweight 1280000
   nautocorr 0
   total_energy { -21.06072776475096   } 
   total_energyvar { 0.1689091559139229   } 
   weight { 0.9983950083557914   } 
   weightvar { 0.09093210719243061   } 
   kinetic_energy { 8.127785232026664   } 
   kinetic_energyvar { 10.95416557252555   } 
   potential_energy { -33.0320265416757   } 
   potential_energyvar { 29.41614271828962   } 
   nonlocal_energy { 3.843513544898072   } 
   nonlocal_energyvar { 27.24906775564616   } 
   autocorr_energy { } 
} 

block { 
   label dmc
   totweight 1280000
   nautocorr 0
   total_energy { -21.06211757562031   } 
   total_energyvar { 0.1716104371811298   } 
   weight { 0.9983306074903594   } 
   weightvar { 0.0927346616207172   } 
   kinetic_energy { 8.117029629308437   } 
   kinetic_energyvar { 10.77394342982741   } 
   potential_energy { -32.98713473692605   } 
   potential_energyvar { 29.1725933022924   } 
   nonlocal_energy { 3.807987531997307   } 
   nonlocal_energyvar { 26.88545748752551   } 
   autocorr_energy { } 
} 

block { 
   label dmc
   totweight 1280000
   nautocorr 0
   total_energy { -21.05827316709241   } 
   total_energyvar { 0.1688594293982533   } 
   weight { 0.9968465811262492   } 
   weightvar { 0.09134825368611199   } 
   kinetic_energy { 8.095453456638083   } 
   kinetic_energyvar { 10.79302090478603   } 
   potential_energy { -32.96621841956232   } 
   potential_energyvar { 29.13821556317953   } 
   nonlocal_energy { 3.81249179583183   } 
   nonlocal_energyvar { 27.19765436840775   } 
   autocorr_energy { } 
} 

block { 
   label dmc
   totweight 1280000
   nautocorr 0
   total_energy { -21.06479388214431   } 
   total_energyvar { 0.1715490059934837   } 
   weight { 0.9991483227968958   } 
   weightvar { 0.0947184221296492   } 
   kinetic_energy { 8.094395663471044   } 
   kinetic_energyvar { 11.00523702059004   } 
   potential_energy { -33.01898423156904   } 
   potential_energyvar { 29.50280808159164   } 
   nonlocal_energy { 3.859794685953685   } 
   nonlocal_energyvar { 27.84759030443465   } 
   autocorr_energy { } 
} 

block { 
   label dmc
   totweight 1280000
   nautocorr 0
   total_energy { -21.06345864781559   } 
   total_energyvar { 0.1686269568481862   } 
   weight { 1.000269084267872   } 
   weightvar { 0.09565112606494219   } 
   kinetic_energy { 8.083656510529163   } 
   kinetic_energyvar { 11.42660827620774   } 
   potential_energy { -32.96350994428515   } 
   potential_energyvar { 29.45970962925071   } 
   nonlocal_energy { 3.816394785940397   } 
   nonlocal_energyvar { 26.8248607017605   } 
   autocorr_energy { } 
} 

block { 
   label dmc
   totweight 1280000
   nautocorr 0
   total_energy { -21.0616024229901   } 
   total_energyvar { 0.1712023630964268   } 
   weight { 0.9995193311758394   } 
   weightvar { 0.09302837520696816   } 
   kinetic_energy { 8.089226015431247   } 
   kinetic_energyvar { 10.78924518033675   } 
   potential_energy { -32.99107324007006   } 
   potential_energyvar { 29.25636419682451   } 
   nonlocal_energy { 3.840244801648702   } 
   nonlocal_energyvar { 27.01721844546061   } 
   autocorr_energy { } 
} 

block { 
   label dmc
   totweight 1280000
   nautocorr 0
   total_energy { -21.0636367975573   } 
   total_energyvar { 0.1687549736737992   } 
   weight { 0.9999004619684789   } 
   weightvar { 0.09317070503815561   } 
   kinetic_energy { 8.055166348664672   } 
   kinetic_energyvar { 10.84505550008197   } 
   potential_energy { -32.94439042079212   } 
   potential_energyvar { 29.29426595040854   } 
   nonlocal_energy { 3.82558727457015   } 
   nonlocal_energyvar { 26.92841004897139   } 
   autocorr_energy { } 
} 

block { 
   label dmc
   totweight 1280000
   nautocorr 0
   total_energy { -21.06020121887653   } 
   total_energyvar { 0.1688950017951925   } 
   weight { 0.9991095216041842   } 
   weightvar { 0.09234062578412028   } 
   kinetic_energy { 8.042695910817548   } 
   kinetic_energyvar { 11.0424339367059   } 
   potential_energy { -32.88350975845329   } 
   potential_energyvar { 29.50645024976757   } 
   nonlocal_energy { 3.780612628759216   } 
   nonlocal_energyvar { 27.253689744328   } 
   autocorr_energy { } 
} 

block { 
   label dmc
   totweight 1280000
   nautocorr 0
   total_energy { -21.06161930343649   } 
   total_energyvar { 0.1655793798170748   } 
   weight { 0.9982068572503103   } 
   weightvar { 0.09181566355193727   } 
   kinetic_energy { 8.107516789721799   } 
   kinetic_energyvar { 10.68820749533847   } 
   potential_energy { -32.97682944115651   } 
   potential_energyvar { 28.97700689360863   } 
   nonlocal_energy { 3.807693347998228   } 
   nonlocal_energyvar { 26.72766309779942   } 
   autocorr_energy { } 
} 

block { 
   label dmc
   totweight 1280000
   nautocorr 0
   total_energy { -21.06462318667084   } 
   total_energyvar { 0.1715712838339982   } 
   weight { 0.9997531276075395   } 
   weightvar { 0.09100544211195494   } 
   kinetic_energy { 8.079614139239487   } 
   kinetic_energyvar { 10.75911543685056   } 
   potential_energy { -32.96919473954699   } 
   potential_energyvar { 29.18430932593969   } 
   nonlocal_energy { 3.824957413636664   } 
   nonlocal_energyvar { 27.19447457531093   } 
   autocorr_energy { } 
} 

block { 
   label dmc
   totweight 1280000
   nautocorr 0
   total_energy { -21.06166067642575   } 
   total_energyvar { 0.1715992811049318   } 
   weight { 0.9996908483280662   } 
   weightvar { 0.09063966899133191   } 
   kinetic_energy { 8.044002375031644   } 
   kinetic_energyvar { 10.8773118643601   } 
   potential_energy { -32.86819519281144   } 
   potential_energyvar { 29.28384064018292   } 
   nonlocal_energy { 3.762532141354049   } 
   nonlocal_energyvar { 26.79256243835653   } 
   autocorr_energy { } 
} 

block { 
   label dmc
   totweight 1280000
   nautocorr 0
   total_energy { -21.06236796732129   } 
   total_energyvar { 0.1751506827838512   } 
   weight { 0.9994349339942311   } 
   weightvar { 0.08972966254517722   } 
   kinetic_energy { 8.047315147230602   } 
   kinetic_energyvar { 11.2406397582928   } 
   potential_energy { -32.93626572138849   } 
   potential_energyvar { 29.78757597244521   } 
   nonlocal_energy { 3.826582606836603   } 
   nonlocal_energyvar { 27.78989680813914   } 
   autocorr_energy { } 
} 

block { 
   label dmc
   totweight 1280000
   nautocorr 0
   total_energy { -21.06051727912891   } 
   total_energyvar { 0.1674474793788363   } 
   weight { 0.9988586258061135   } 
   weightvar { 0.09079772206679904   } 
   kinetic_energy { 8.047443231379123   } 
   kinetic_energyvar { 10.9155532140432   } 
   potential_energy { -32.95470599974679   } 
   potential_energyvar { 29.48551404784166   } 
   nonlocal_energy { 3.846745489238754   } 
   nonlocal_energyvar { 27.6091141133933   } 
   autocorr_energy { } 
} 

block { 
   label dmc
   totweight 1280000
   nautocorr 0
   total_energy { -21.06166602282711   } 
   total_energyvar { 0.1730862721094013   } 
   weight { 0.9989336959057941   } 
   weightvar { 0.09199451207286713   } 
   kinetic_energy { 8.115297279792742   } 
   kinetic_energyvar { 11.02112311315568   } 
   potential_energy { -33.01271736544086   } 
   potential_energyvar { 29.79054460956354   } 
   nonlocal_energy { 3.835754062821014   } 
   nonlocal_energyvar { 27.40419317603907   } 
   autocorr_energy { } 
} 

block { 
   label dmc
   totweight 1280000
   nautocorr 0
   total_energy { -21.06435403925736   } 
   total_energyvar { 0.1692223011245346   } 
   weight { 0.9986885779363179   } 
   weightvar { 0.08955463015414156   } 
   kinetic_energy { 8.094268248333329   } 
   kinetic_energyvar { 10.66118996618953   } 
   potential_energy { -32.955789281426   } 
   potential_energyvar { 29.28305092408459   } 
   nonlocal_energy { 3.79716699383531   } 
   nonlocal_energyvar { 26.74854542553143   } 
   autocorr_energy { } 
} 

block { 
   label dmc
   totweight 1280000
   nautocorr 0
   total_energy { -21.06380350393193   } 
   total_energyvar { 0.1676049308873075   } 
   weight { 1.001213324181669   } 
   weightvar { 0.0881149594810271   } 
   kinetic_energy { 8.081035845664333   } 
   kinetic_energyvar { 10.78342878464106   } 
   potential_energy { -32.97104146835282   } 
   potential_energyvar { 29.79011272784032   } 
   nonlocal_energy { 3.826202118756556   } 
   nonlocal_energyvar { 27.75634150756713   } 
   autocorr_energy { } 
} 

block { 
   label dmc
   totweight 1280000
   nautocorr 0
   total_energy { -21.06055053864672   } 
   total_energyvar { 0.1744212980857469   } 
   weight { 0.9988261799369952   } 
   weightvar { 0.08826173425270756   } 
   kinetic_energy { 8.080309531880738   } 
   kinetic_energyvar { 11.04130553769183   } 
   potential_energy { -32.97184922091863   } 
   potential_energyvar { 30.73745820649924   } 
   nonlocal_energy { 3.830989150391169   } 
   nonlocal_energyvar { 28.75463575954743   } 
   autocorr_energy { } 
} 

block { 
   label dmc
   totweight 1280000
   nautocorr 0
   total_energy { -21.06027294154353   } 
   total_energyvar { 0.1692045684717414   } 
   weight { 0.9980024328913376   } 
   weightvar { 0.08701919674354275   } 
   kinetic_energy { 8.126261338540299   } 
   kinetic_energyvar { 10.9044105790627   } 
   potential_energy { -33.01268189670247   } 
   potential_energyvar { 32.83471605093632   } 
   nonlocal_energy { 3.826147616618641   } 
   nonlocal_energyvar { 30.96966391748668   } 
   autocorr_energy { } 
} 

block { 
   label dmc
   totweight 1280000
   nautocorr 0
   total_energy { -21.06104560740092   } 
   total_energyvar { 0.1669194722555858   } 
   weight { 0.9981368528450865   } 
   weightvar { 0.08963518340631504   } 
   kinetic_energy { 8.10045183767123   } 
   kinetic_energyvar { 10.73386044722693   } 
   potential_energy { -32.95932323797593   } 
   potential_energyvar { 29.42505112673985   } 
   nonlocal_energy { 3.797825792903786   } 
   nonlocal_energyvar { 27.27639046704192   } 
   autocorr_energy { } 
} 

block { 
   label dmc
   totweight 1280000
   nautocorr 0
   total_energy { -21.0598043000706   } 
   total_energyvar { 0.1680063268771619   } 
   weight { 0.9975370856514204   } 
   weightvar { 0.09005874432723204   } 
   kinetic_energy { 8.079172449983222   } 
   kinetic_energyvar { 10.87865878394354   } 
   potential_energy { -32.95424412554814   } 
   potential_energyvar { 29.45239221110069   } 
   nonlocal_energy { 3.815267375494319   } 
   nonlocal_energyvar { 27.12885048637636   } 
   autocorr_energy { } 
} 

block { 
   label dmc
   totweight 1280000
   nautocorr 0
   total_energy { -21.06072977587405   } 
   total_energyvar { 0.168995780592013   } 
   weight { 0.9972259883020217   } 
   weightvar { 0.09044594884097679   } 
   kinetic_energy { 8.102396959775634   } 
   kinetic_energyvar { 10.96801216464699   } 
   potential_energy { -33.01805984973562   } 
   potential_energyvar { 29.95633651420781   } 
   nonlocal_energy { 3.85493311408594   } 
   nonlocal_energyvar { 27.87281474376942   } 
   autocorr_energy { } 
} 

block { 
   label dmc
   totweight 1280000
   nautocorr 0
   total_energy { -21.06561874812023   } 
   total_energyvar { 0.1733490269431854   } 
   weight { 0.9997384471913896   } 
   weightvar { 0.09255460877729893   } 
   kinetic_energy { 8.113935096654306   } 
   kinetic_energyvar { 11.01724270806875   } 
   potential_energy { -33.0161338136695   } 
   potential_energyvar { 30.15189133110425   } 
   nonlocal_energy { 3.836579968894968   } 
   nonlocal_energyvar { 28.43580665337801   } 
   autocorr_energy { } 
} 

block { 
   label dmc
   totweight 1280000
   nautocorr 0
   total_energy { -21.06316442339743   } 
   total_energyvar { 0.1694232058384841   } 
   weight { 1.000511210915936   } 
   weightvar { 0.09207447415128267   } 
   kinetic_energy { 8.118642317419146   } 
   kinetic_energyvar { 10.80150830834319   } 
   potential_energy { -32.99645885689478   } 
   potential_energyvar { 29.10694389484615   } 
   nonlocal_energy { 3.814652116078201   } 
   nonlocal_energyvar { 26.83813333281742   } 
   autocorr_energy { } 
} 

block { 
   label dmc
   totweight 1280000
   nautocorr 0
   total_energy { -21.06412148262371   } 
   total_energyvar { 0.1683324008789668   } 
   weight { 1.000930066368718   } 
   weightvar { 0.0919037869252457   } 
   kinetic_energy { 8.073108271620123   } 
   kinetic_energyvar { 10.87064768146043   } 
   potential_energy { -32.92152115853663   } 
   potential_energyvar { 29.01497511051161   } 
   nonlocal_energy { 3.78429140429279   } 
   nonlocal_energyvar { 27.35910327552565   } 
   autocorr_energy { } 
} 

block { 
   label dmc
   totweight 1280000
   nautocorr 0
   total_energy { -21.06201489195931   } 
   total_energyvar { 0.170413797103663   } 
   weight { 1.000163131283494   } 
   weightvar { 0.0922566796886144   } 
   kinetic_energy { 8.061490878188939   } 
   kinetic_energyvar { 10.93326706232395   } 
   potential_energy { -32.92675577808269   } 
   potential_energyvar { 29.48116993404369   } 
   nonlocal_energy { 3.803250007934426   } 
   nonlocal_energyvar { 27.39444471892991   } 
   autocorr_energy { } 
} 

block { 
   label dmc
   totweight 1280000
   nautocorr 0
   total_energy { -21.06382408174148   } 
   total_energyvar { 0.1724087682884488   } 
   weight { 1.000003894553118   } 
   weightvar { 0.09312631704935126   } 
   kinetic_energy { 8.057478299832953   } 
   kinetic_energyvar { 10.80332716569926   } 
   potential_energy { -32.94580645447229   } 
   potential_energyvar { 28.9394641689903   } 
   nonlocal_energy { 3.824504072897855   } 
   nonlocal_energyvar { 27.15322793633084   } 
   autocorr_energy { } 
} 

block { 
   label dmc
   totweight 1280000
   nautocorr 0
   total_energy { -21.06182976545973   } 
   total_energyvar { 0.1744899184359383   } 
   weight { 1.000029784739048   } 
   weightvar { 0.09318575807399454   } 
   kinetic_energy { 8.053481738053559   } 
   kinetic_energyvar { 10.88919558510592   } 
   potential_energy { -32.95854264535115   } 
   potential_energyvar { 29.84318040151629   } 
   nonlocal_energy { 3.843231141837863   } 
   nonlocal_energyvar { 27.87865593759471   } 
   autocorr_energy { } 
} 

block { 
   label dmc
   totweight 1280000
   nautocorr 0
   total_energy { -21.05823653881972   } 
   total_energyvar { 0.1760664050603395   } 
   weight { 0.9975900722423395   } 
   weightvar { 0.09161264552223136   } 
   kinetic_energy { 8.063200879160725   } 
   kinetic_energyvar { 10.96169349635251   } 
   potential_energy { -32.96913721177431   } 
   potential_energyvar { 29.29477107105913   } 
   nonlocal_energy { 3.847699793793863   } 
   nonlocal_energyvar { 27.79437978766079   } 
   autocorr_energy { } 
} 

block { 
   label dmc
   totweight 1280000
   nautocorr 0
   total_energy { -21.06201887872058   } 
   total_energyvar { 0.1698195278416392   } 
   weight { 0.9972526105775819   } 
   weightvar { 0.09158153216823151   } 
   kinetic_energy { 8.098293145100834   } 
   kinetic_energyvar { 11.02382751695461   } 
   potential_energy { -32.96838159117074   } 
   potential_energyvar { 29.57659715092859   } 
   nonlocal_energy { 3.808069567349319   } 
   nonlocal_energyvar { 27.81631008805015   } 
   autocorr_energy { } 
} 

block { 
   label dmc
   totweight 1280000
   nautocorr 0
   total_energy { -21.06419617149193   } 
   total_energyvar { 0.1680620242797772   } 
   weight { 0.9987931025952707   } 
   weightvar { 0.09102169883053723   } 
   kinetic_energy { 8.121288201653178   } 
   kinetic_energyvar { 10.71362424889929   } 
   potential_energy { -32.97666272297826   } 
   potential_energyvar { 28.99844201870337   } 
   nonlocal_energy { 3.79117834983316   } 
   nonlocal_energyvar { 26.46605905595076   } 
   autocorr_energy { } 
} 

block { 
   label dmc
   totweight 1280000
   nautocorr 0
   total_energy { -21.0617180535943   } 
   total_energyvar { 0.1676178082643673   } 
   weight { 1.000122135401933   } 
   weightvar { 0.09105544322138481   } 
   kinetic_energy { 8.110696531607061   } 
   kinetic_energyvar { 10.66951232312397   } 
   potential_energy { -32.98925399863909   } 
   potential_energyvar { 29.21821117860122   } 
   nonlocal_energy { 3.816839413437714   } 
   nonlocal_energyvar { 27.25649314983172   } 
   autocorr_energy { } 
} 

block { 
   label dmc
   totweight 1280000
   nautocorr 0
   total_energy { -21.05823679067308   } 
   total_energyvar { 0.171049663441238   } 
   weight { 0.9978234424995102   } 
   weightvar { 0.08942982073442751   } 
   kinetic_energy { 8.090403646602647   } 
   kinetic_energyvar { 10.94204214602924   } 
   potential_energy { -33.00385527539218   } 
   potential_energyvar { 29.41429928536354   } 
   nonlocal_energy { 3.855214838116462   } 
   nonlocal_energyvar { 27.75603458667094   } 
   autocorr_energy { } 
} 

block { 
   label dmc
   totweight 1280000
   nautocorr 0
   total_energy { -21.05989808962414   } 
   total_energyvar { 0.1743223471667648   } 
   weight { 0.996877869037423   } 
   weightvar { 0.08878623573658129   } 
   kinetic_energy { 8.118953543075161   } 
   kinetic_energyvar { 10.84770876358155   } 
   potential_energy { -33.02567862186095   } 
   potential_energyvar { 29.21946102479546   } 
   nonlocal_energy { 3.846826989161646   } 
   nonlocal_energyvar { 27.81475892127118   } 
   autocorr_energy { } 
} 

block { 
   label dmc
   totweight 1280000
   nautocorr 0
   total_energy { -21.06247382375942   } 
   total_energyvar { 0.1709018926578096   } 
   weight { 0.9983085085110258   } 
   weightvar { 0.09239614891621728   } 
   kinetic_energy { 8.099213978243544   } 
   kinetic_energyvar { 10.82844620779827   } 
   potential_energy { -33.02798734071368   } 
   potential_energyvar { 29.4769041260472   } 
   nonlocal_energy { 3.866299538710712   } 
   nonlocal_energyvar { 27.70397854676363   } 
   autocorr_energy { } 
} 

block { 
   label dmc
   totweight 1280000
   nautocorr 0
   total_energy { -21.06275575699658   } 
   total_energyvar { 0.1922574250801858   } 
   weight { 0.9990977420547548   } 
   weightvar { 0.09010650863831671   } 
   kinetic_energy { 8.093287938628379   } 
   kinetic_energyvar { 11.34944523729331   } 
   potential_energy { -32.99793610288978   } 
   potential_energyvar { 29.53989592105813   } 
   nonlocal_energy { 3.841892407264831   } 
   nonlocal_energyvar { 28.33364573150497   } 
   autocorr_energy { } 
} 

block { 
   label dmc
   totweight 1280000
   nautocorr 0
   total_energy { -21.06317635565392   } 
   total_energyvar { 0.1728228026919965   } 
   weight { 0.9995893075002658   } 
   weightvar { 0.08998189803093681   } 
   kinetic_energy { 8.062654727456071   } 
   kinetic_energyvar { 10.87019088110625   } 
   potential_energy { -32.92836299265549   } 
   potential_energyvar { 29.64597099146408   } 
   nonlocal_energy { 3.8025319095455   } 
   nonlocal_energyvar { 27.69532014227751   } 
   autocorr_energy { } 
} 

block { 
   label dmc
   totweight 1280000
   nautocorr 0
   total_energy { -21.05997666727453   } 
   total_energyvar { 0.1695549259379163   } 
   weight { 0.9984939758807413   } 
   weightvar { 0.09186550221416145   } 
   kinetic_energy { 8.089432939536589   } 
   kinetic_energyvar { 10.9031122792228   } 
   potential_energy { -32.93925290720217   } 
   potential_energyvar { 29.21289409567544   } 
   nonlocal_energy { 3.789843300391054   } 
   nonlocal_energyvar { 26.79425863591394   } 
   autocorr_energy { } 
} 

block { 
   label dmc
   totweight 1280000
   nautocorr 0
   total_energy { -21.06198361808061   } 
   total_energyvar { 0.168305299726569   } 
   weight { 0.9983537758571698   } 
   weightvar { 0.09059387154559795   } 
   kinetic_energy { 8.094377350968898   } 
   kinetic_energyvar { 10.90502305615307   } 
   potential_energy { -32.95095058042327   } 
   potential_energyvar { 29.48349740249273   } 
   nonlocal_energy { 3.794589611373774   } 
   nonlocal_energyvar { 27.33884523298675   } 
   autocorr_energy { } 
} 

block { 
   label dmc
   totweight 1280000
   nautocorr 0
   total_energy { -21.06357797785882   } 
   total_energyvar { 0.1725599519963339   } 
   weight { 0.9996545970853287   } 
   weightvar { 0.09030445846464052   } 
   kinetic_energy { 8.06590637165781   } 
   kinetic_energyvar { 11.04990373333005   } 
   potential_energy { -32.99396001902874   } 
   potential_energyvar { 29.91445093295488   } 
   nonlocal_energy { 3.864475669512107   } 
   nonlocal_energyvar { 28.11239796247029   } 
   autocorr_energy { } 
} 

block { 
   label dmc
   totweight 1280000
   nautocorr 0
   total_energy { -21.06392819258557   } 
   total_energyvar { 0.1635723162795557   } 
   weight { 1.000217336069898   } 
   weightvar { 0.09078352323909056   } 
   kinetic_energy { 8.057360701746646   } 
   kinetic_energyvar { 10.64422419727164   } 
   potential_energy { -32.85763028717506   } 
   potential_energyvar { 28.98259954233322   } 
   nonlocal_energy { 3.736341392842843   } 
   nonlocal_energyvar { 26.24773779847565   } 
   autocorr_energy { } 
} 

block { 
   label dmc
   totweight 1280000
   nautocorr 0
   total_energy { -21.06303022293283   } 
   total_energyvar { 0.1706883373086612   } 
   weight { 1.000529584762393   } 
   weightvar { 0.09121713397151332   } 
   kinetic_energy { 8.12246360855162   } 
   kinetic_energyvar { 10.81387717183648   } 
   potential_energy { -33.02540931510927   } 
   potential_energyvar { 28.99520009746107   } 
   nonlocal_energy { 3.839915483624815   } 
   nonlocal_energyvar { 26.80553437377373   } 
   autocorr_energy { } 
} 

block { 
   label dmc
   totweight 1280000
   nautocorr 0
   total_energy { -21.06200837301893   } 
   total_energyvar { 0.1766503419935361   } 
   weight { 0.9998365488019118   } 
   weightvar { 0.0903174492340556   } 
   kinetic_energy { 8.080894319164313   } 
   kinetic_energyvar { 10.77946882570231   } 
   potential_energy { -32.97479017383909   } 
   potential_energyvar { 29.27306745557121   } 
   nonlocal_energy { 3.831887481655851   } 
   nonlocal_energyvar { 27.5070636977297   } 
   autocorr_energy { } 
} 

block { 
   label dmc
   totweight 1280000
   nautocorr 0
   total_energy { -21.05933182654307   } 
   total_energyvar { 0.1718974962773814   } 
   weight { 0.9984465317199153   } 
   weightvar { 0.08986910270173543   } 
   kinetic_energy { 8.068294662378758   } 
   kinetic_energyvar { 10.98823705684987   } 
   potential_energy { -32.94877197449881   } 
   potential_energyvar { 29.81964664602515   } 
   nonlocal_energy { 3.821145485576986   } 
   nonlocal_energyvar { 27.80255987815362   } 
   autocorr_energy { } 
} 

block { 
   label dmc
   totweight 1280000
   nautocorr 0
   total_energy { -21.05942717338856   } 
   total_energyvar { 0.1739684523932965   } 
   weight { 0.9966177719942212   } 
   weightvar { 0.08937321562064171   } 
   kinetic_energy { 8.080590212703331   } 
   kinetic_energyvar { 10.81017786214036   } 
   potential_energy { -32.96274908330523   } 
   potential_energyvar { 29.18348920199446   } 
   nonlocal_energy { 3.822731697213344   } 
   nonlocal_energyvar { 27.24121459094891   } 
   autocorr_energy { } 
} 

block { 
   label dmc
   totweight 1280000
   nautocorr 0
   total_energy { -21.06288933464623   } 
   total_energyvar { 0.1717204731644415   } 
   weight { 0.9978728269725314   } 
   weightvar { 0.08929350914400924   } 
   kinetic_energy { 8.048472709377032   } 
   kinetic_energyvar { 10.89823561012092   } 
   potential_energy { -32.90035579543771   } 
   potential_energyvar { 29.47948001648547   } 
   nonlocal_energy { 3.78899375141444   } 
   nonlocal_energyvar { 27.36340788798751   } 
   autocorr_energy { } 
} 

block { 
   label dmc
   totweight 1280000
   nautocorr 0
   total_energy { -21.06191258279662   } 
   total_energyvar { 0.1686254937831109   } 
   weight { 0.9987699460129188   } 
   weightvar { 0.09022547648360468   } 
   kinetic_energy { 8.050068803824562   } 
   kinetic_energyvar { 10.81507144214731   } 
   potential_energy { -32.87902448335501   } 
   potential_energyvar { 29.18637909854874   } 
   nonlocal_energy { 3.767043096733835   } 
   nonlocal_energyvar { 26.54798821883481   } 
   autocorr_energy { } 
} 

block { 
   label dmc
   totweight 1280000
   nautocorr 0
   total_energy { -21.05898201721406   } 
   total_energyvar { 0.169004497204412   } 
   weight { 0.9978227938353941   } 
   weightvar { 0.09038819833299283   } 
   kinetic_energy { 8.0734133640315   } 
   kinetic_energyvar { 10.92756750556359   } 
   potential_energy { -32.91656231541653   } 
   potential_energyvar { 29.60873729657601   } 
   nonlocal_energy { 3.784166934170967   } 
   nonlocal_energyvar { 27.63000567767575   } 
   autocorr_energy { } 
} 

block { 
   label dmc
   totweight 1280000
   nautocorr 0
   total_energy { -21.0627436078604   } 
   total_energyvar { 0.1691734507089109   } 
   weight { 0.9980570827331101   } 
   weightvar { 0.09044681571238555   } 
   kinetic_energy { 8.071227031391745   } 
   kinetic_energyvar { 10.85811986481784   } 
   potential_energy { -32.96158610865157   } 
   potential_energyvar { 29.31950250556429   } 
   nonlocal_energy { 3.827615469399421   } 
   nonlocal_energyvar { 27.73217954295786   } 
   autocorr_energy { } 
} 

block { 
   label dmc
   totweight 1280000
   nautocorr 0
   total_energy { -21.06102089410195   } 
   total_energyvar { 0.1689874404522129   } 
   weight { 0.998362417517733   } 
   weightvar { 0.09036458241540168   } 
   kinetic_energy { 8.079499166847343   } 
   kinetic_energyvar { 10.69451912139382   } 
   potential_energy { -32.95204893229248   } 
   potential_energyvar { 29.23341327032608   } 
   nonlocal_energy { 3.811528871343172   } 
   nonlocal_energyvar { 26.92734263235585   } 
   autocorr_energy { } 
} 

block { 
   label dmc
   totweight 1280000
   nautocorr 0
   total_energy { -21.06014150092831   } 
   total_energyvar { 0.1694018642933202   } 
   weight { 0.9978382133491599   } 
   weightvar { 0.09004337173868637   } 
   kinetic_energy { 8.084666916639751   } 
   kinetic_energyvar { 10.85723277111481   } 
   potential_energy { -32.95159673283664   } 
   potential_energyvar { 29.18864749544286   } 
   nonlocal_energy { 3.806788315268576   } 
   nonlocal_energyvar { 26.64987495222352   } 
   autocorr_energy { } 
} 

block { 
   label dmc
   totweight 1280000
   nautocorr 0
   total_energy { -21.06006484329313   } 
   total_energyvar { 0.1673116805147288   } 
   weight { 0.9969476485861898   } 
   weightvar { 0.0893301962914882   } 
   kinetic_energy { 8.097072146438101   } 
   kinetic_energyvar { 10.93813507810623   } 
   potential_energy { -32.95475146377095   } 
   potential_energyvar { 29.03147035011261   } 
   nonlocal_energy { 3.797614474039723   } 
   nonlocal_energyvar { 26.97193913306587   } 
   autocorr_energy { } 
} 

block { 
   label dmc
   totweight 1280000
   nautocorr 0
   total_energy { -21.06155149457894   } 
   total_energyvar { 0.1729965555826993   } 
   weight { 0.9984936739243274   } 
   weightvar { 0.08986782727435483   } 
   kinetic_energy { 8.110994005203885   } 
   kinetic_energyvar { 10.83173165825465   } 
   potential_energy { -33.00394143370724   } 
   potential_energyvar { 29.50046793925571   } 
   nonlocal_energy { 3.83139593392441   } 
   nonlocal_energyvar { 27.38695929725144   } 
   autocorr_energy { } 
} 

block { 
   label dmc
   totweight 1280000
   nautocorr 0
   total_energy { -21.06010579066476   } 
   total_energyvar { 0.171020110156519   } 
   weight { 0.997960395003559   } 
   weightvar { 0.08864332218164839   } 
   kinetic_energy { 8.125228842558951   } 
   kinetic_energyvar { 11.08020460681614   } 
   potential_energy { -33.00403444893345   } 
   potential_energyvar { 29.20587661832997   } 
   nonlocal_energy { 3.818699815709739   } 
   nonlocal_energyvar { 27.39482781515362   } 
   autocorr_energy { } 
} 

block { 
   label dmc
   totweight 1280000
   nautocorr 0
   total_energy { -21.06093271467634   } 
   total_energyvar { 0.1704647883698271   } 
   weight { 0.997588971165783   } 
   weightvar { 0.09013878200495695   } 
   kinetic_energy { 8.095596494445715   } 
   kinetic_energyvar { 11.00825675212943   } 
   potential_energy { -32.97093151280405   } 
   potential_energyvar { 29.49203741994052   } 
   nonlocal_energy { 3.814402303681995   } 
   nonlocal_energyvar { 27.34010243870833   } 
   autocorr_energy { } 
} 

block { 
   label dmc
   totweight 1280000
   nautocorr 0
   total_energy { -21.06308771554133   } 
   total_energyvar { 0.1746544028362678   } 
   weight { 0.9986916531089736   } 
   weightvar { 0.09039843721267549   } 
   kinetic_energy { 8.072243344072072   } 
   kinetic_energyvar { 10.82408692216552   } 
   potential_energy { -32.9646617579703   } 
   potential_energyvar { 29.2505012545555   } 
   nonlocal_energy { 3.829330698356896   } 
   nonlocal_energyvar { 27.35321528309304   } 
   autocorr_energy { } 
} 

block { 
   label dmc
   totweight 1280000
   nautocorr 0
   total_energy { -21.06100242172691   } 
   total_energyvar { 0.1733956901383067   } 
   weight { 0.9986095188538299   } 
   weightvar { 0.09015252162454224   } 
   kinetic_energy { 8.110775969095604   } 
   kinetic_energyvar { 10.99386443548728   } 
   potential_energy { -33.00423036502184   } 
   potential_energyvar { 29.21966096102187   } 
   nonlocal_energy { 3.83245197419933   } 
   nonlocal_energyvar { 27.6942019147847   } 
   autocorr_energy { } 
} 

block { 
   label dmc
   totweight 1280000
   nautocorr 0
   total_energy { -21.06237508442397   } 
   total_energyvar { 0.166479675000744   } 
   weight { 0.9990075960458343   } 
   weightvar { 0.08927845528790723   } 
   kinetic_energy { 8.109397674254165   } 
   kinetic_energyvar { 10.68969958461888   } 
   potential_energy { -32.97955082148652   } 
   potential_energyvar { 28.85917803531311   } 
   nonlocal_energy { 3.807778062808395   } 
   nonlocal_energyvar { 26.97393846795233   } 
   autocorr_energy { } 
} 

block { 
   label dmc
   totweight 1280000
   nautocorr 0
   total_energy { -21.06167188370001   } 
   total_energyvar { 0.1714034063072063   } 
   weight { 0.9994606247897291   } 
   weightvar { 0.08996757638826491   } 
   kinetic_energy { 8.113687752275359   } 
   kinetic_energyvar { 10.95756050048877   } 
   potential_energy { -32.99679527332835   } 
   potential_energyvar { 29.30437096719925   } 
   nonlocal_energy { 3.821435637352973   } 
   nonlocal_energyvar { 27.41668819144293   } 
   autocorr_energy { } 
} 

block { 
   label dmc
   totweight 1280000
   nautocorr 0
   total_energy { -21.05988268021832   } 
   total_energyvar { 0.1725362045244765   } 
   weight { 0.997751171574539   } 
   weightvar { 0.08969490223303933   } 
   kinetic_energy { 8.113183172689299   } 
   kinetic_energyvar { 10.85918132041884   } 
   potential_energy { -32.9865706470602   } 
   potential_energyvar { 29.23169897179127   } 
   nonlocal_energy { 3.813504794152586   } 
   nonlocal_energyvar { 27.34353823077168   } 
   autocorr_energy { } 
} 

block { 
   label dmc
   totweight 1280000
   nautocorr 0
   total_energy { -21.06101909326216   } 
   total_energyvar { 0.1708380744932469   } 
   weight { 0.9974262976971169   } 
   weightvar { 0.08893414714877479   } 
   kinetic_energy { 8.095413909988025   } 
   kinetic_energyvar { 11.00600495960049   } 
   potential_energy { -32.97529406750326   } 
   potential_energyvar { 29.48219861442635   } 
   nonlocal_energy { 3.818861064253078   } 
   nonlocal_energyvar { 27.43698439121778   } 
   autocorr_energy { } 
} 

block { 
   label dmc
   totweight 1280000
   nautocorr 0
   total_energy { -21.06203504201773   } 
   total_energyvar { 0.1683335353982329   } 
   weight { 0.9993064593166028   } 
   weightvar { 0.08874371642001666   } 
   kinetic_energy { 8.093364815468741   } 
   kinetic_energyvar { 10.9282256038093   } 
   potential_energy { -32.98594939358043   } 
   potential_energyvar { 29.48782593884061   } 
   nonlocal_energy { 3.830549536093964   } 
   nonlocal_energyvar { 27.04697762611424   } 
   autocorr_energy { } 
} 

block { 
   label dmc
   totweight 1280000
   nautocorr 0
   total_energy { -21.06563047857212   } 
   total_energyvar { 0.1732144962409734   } 
   weight { 1.000214981710689   } 
   weightvar { 0.09024744494548931   } 
   kinetic_energy { 8.120347453728396   } 
   kinetic_energyvar { 10.84376302280934   } 
   potential_energy { -33.01883307244509   } 
   potential_energyvar { 29.44772171412887   } 
   nonlocal_energy { 3.832855140144578   } 
   nonlocal_energyvar { 27.32746353392159   } 
   autocorr_energy { } 
} 

block { 
   label dmc
   totweight 1280000
   nautocorr 0
   total_energy { -21.06286968011296   } 
   total_energyvar { 0.174458049419286   } 
   weight { 1.000899068936386   } 
   weightvar { 0.08990917652914332   } 
   kinetic_energy { 8.112739672057204   } 
   kinetic_energyvar { 10.79421727363777   } 
   potential_energy { -33.04381609220493   } 
   potential_energyvar { 29.52080869917631   } 
   nonlocal_energy { 3.868206740034766   } 
   nonlocal_energyvar { 27.82604195659586   } 
   autocorr_energy { } 
} 

block { 
   label dmc
   totweight 1280000
   nautocorr 0
   total_energy { -21.06272004409433   } 
   total_energyvar { 0.1695688599712071   } 
   weight { 1.001000407783042   } 
   weightvar { 0.08937470174099715   } 
   kinetic_energy { 8.038035688900759   } 
   kinetic_energyvar { 10.94996898598686   } 
   potential_energy { -32.92078478214339   } 
   potential_energyvar { 29.72171974439539   } 
   nonlocal_energy { 3.820029049148307   } 
   nonlocal_energyvar { 27.47911989319707   } 
   autocorr_energy { } 
} 

block { 
   label dmc
   totweight 1280000
   nautocorr 0
   total_energy { -21.05706715706943   } 
   total_energyvar { 0.1724479630797191   } 
   weight { 0.9969840892774351   } 
   weightvar { 0.09012913222212049   } 
   kinetic_energy { 8.06793471725871   } 
   kinetic_energyvar { 11.03989015707421   } 
   potential_energy { -32.97041331040531   } 
   potential_energyvar { 29.72864055080163   } 
   nonlocal_energy { 3.845411436077173   } 
   nonlocal_energyvar { 27.77300342104035   } 
   autocorr_energy { } 
} 

block { 
   label dmc
   totweight 1280000
   nautocorr 0
   total_energy { -21.05835691238563   } 
   total_energyvar { 0.1891869794549166   } 
   weight { 0.9959986474116751   } 
   weightvar { 0.09017528392696261   } 
   kinetic_energy { 8.088800429098413   } 
   kinetic_energyvar { 11.87685721263891   } 
   potential_energy { -33.0450175271666   } 
   potential_energyvar { 29.95682562865386   } 
   nonlocal_energy { 3.897860185682562   } 
   nonlocal_energyvar { 29.15332346360052   } 
   autocorr_energy { } 
} 

block { 
   label dmc
   totweight 1280000
   nautocorr 0
   total_energy { -21.06326649301143   } 
   total_energyvar { 0.1734402238031976   } 
   weight { 0.9971260596981946   } 
   weightvar { 0.08964443726658167   } 
   kinetic_energy { 8.121195635350251   } 
   kinetic_energyvar { 11.00014392325687   } 
   potential_energy { -33.04539747606215   } 
   potential_energyvar { 29.5480535757406   } 
   nonlocal_energy { 3.86093534770046   } 
   nonlocal_energyvar { 27.76700221903292   } 
   autocorr_energy { } 
} 

block { 
   label dmc
   totweight 1280000
   nautocorr 0
   total_energy { -21.05921014717206   } 
   total_energyvar { 0.1690213461058647   } 
   weight { 0.9982408191750012   } 
   weightvar { 0.09224380937651333   } 
   kinetic_energy { 8.102535473745625   } 
   kinetic_energyvar { 10.83412019178085   } 
   potential_energy { -32.97862148658622   } 
   potential_energyvar { 29.21114303965487   } 
   nonlocal_energy { 3.816875865668532   } 
   nonlocal_energyvar { 27.16933003296432   } 
   autocorr_energy { } 
} 

block { 
   label dmc
   totweight 1280000
   nautocorr 0
   total_energy { -21.06024120084677   } 
   total_energyvar { 0.1695100946736829   } 
   weight { 0.9973803459286305   } 
   weightvar { 0.0919410681574353   } 
   kinetic_energy { 8.057016162277279   } 
   kinetic_energyvar { 10.88300810392896   } 
   potential_energy { -32.90943680667053   } 
   potential_energyvar { 29.48529287178781   } 
   nonlocal_energy { 3.792179443546484   } 
   nonlocal_energyvar { 27.3412607490142   } 
   autocorr_energy { } 
} 

block { 
   label dmc
   totweight 1280000
   nautocorr 0
   total_energy { -21.06215208833881   } 
   total_energyvar { 0.1733931496335686   } 
   weight { 0.9974821229090867   } 
   weightvar { 0.0917563647136368   } 
   kinetic_energy { 8.086838073578365   } 
   kinetic_energyvar { 10.92229724588879   } 
   potential_energy { -32.96970716304767   } 
   potential_energyvar { 29.85142166589958   } 
   nonlocal_energy { 3.820717001130497   } 
   nonlocal_energyvar { 28.10635184098126   } 
   autocorr_energy { } 
} 

block { 
   label dmc
   totweight 1280000
   nautocorr 0
   total_energy { -21.06084342309693   } 
   total_energyvar { 0.169125154153619   } 
   weight { 0.9989122454723107   } 
   weightvar { 0.09110741796933874   } 
   kinetic_energy { 8.097553632457236   } 
   kinetic_energyvar { 10.9010691534842   } 
   potential_energy { -32.9791540308195   } 
   potential_energyvar { 29.60054753098507   } 
   nonlocal_energy { 3.820756975265339   } 
   nonlocal_energyvar { 27.09850839754502   } 
   autocorr_energy { } 
} 

block { 
   label dmc
   totweight 1280000
   nautocorr 0
   total_energy { -21.06044151760285   } 
   total_energyvar { 0.1696481228404991   } 
   weight { 0.9980860830586171   } 
   weightvar { 0.09063474045793563   } 
   kinetic_energy { 8.086778886483142   } 
   kinetic_energyvar { 10.85835845510464   } 
   potential_energy { -32.94036862346458   } 
   potential_energyvar { 29.39018666910965   } 
   nonlocal_energy { 3.793148219378585   } 
   nonlocal_energyvar { 27.52508411248263   } 
   autocorr_energy { } 
} 

