#-------------------------------------------------
#VMC run: timestep 2.5 nconfig 6400 steps 100
#-------------------------------------------------


init { 
   label VMC_1
}
block { 
   label VMC_1
   totweight 640000
   nautocorr 0
   total_energy { -5.394319574252335   } 
   total_energyvar { 0.05813083911494488   } 
   weight { 1   } 
   weightvar { 0   } 
   kinetic_energy { 3.553654564041081   } 
   kinetic_energyvar { 8.984001410672782   } 
   potential_energy { -9.459244950819693   } 
   potential_energyvar { 8.717225284411356   } 
   nonlocal_energy { 0.5112708125262796   } 
   nonlocal_energyvar { 5.771324660416405   } 
   autocorr_energy { } 
} 

block { 
   label VMC_1
   totweight 640000
   nautocorr 0
   total_energy { -5.394076525576727   } 
   total_energyvar { 0.05777264663864656   } 
   weight { 1   } 
   weightvar { 0   } 
   kinetic_energy { 3.558978562319615   } 
   kinetic_energyvar { 8.958639264458368   } 
   potential_energy { -9.464073483597948   } 
   potential_energyvar { 9.012335211826866   } 
   nonlocal_energy { 0.5110183957016061   } 
   nonlocal_energyvar { 6.051261642866341   } 
   autocorr_energy { } 
} 

block { 
   label VMC_1
   totweight 640000
   nautocorr 0
   total_energy { -5.39344252489803   } 
   total_energyvar { 0.05665397513304882   } 
   weight { 1   } 
   weightvar { 0   } 
   kinetic_energy { 3.545474526011613   } 
   kinetic_energyvar { 8.765935680952252   } 
   potential_energy { -9.44881127139559   } 
   potential_energyvar { 8.737578104118427   } 
   nonlocal_energy { 0.5098942204859451   } 
   nonlocal_energyvar { 5.747503059034732   } 
   autocorr_energy { } 
} 

block { 
   label VMC_1
   totweight 640000
   nautocorr 0
   total_energy { -5.394179307578753   } 
   total_energyvar { 0.06023260685202558   } 
   weight { 1   } 
   weightvar { 0   } 
   kinetic_energy { 3.554503511151245   } 
   kinetic_energyvar { 9.025920726701038   } 
   potential_energy { -9.461933682712814   } 
   potential_energyvar { 8.78710761337436   } 
   nonlocal_energy { 0.5132508639828136   } 
   nonlocal_energyvar { 5.774417596653531   } 
   autocorr_energy { } 
} 

block { 
   label VMC_1
   totweight 640000
   nautocorr 0
   total_energy { -5.394444157990248   } 
   total_energyvar { 0.06044936126405887   } 
   weight { 1   } 
   weightvar { 0   } 
   kinetic_energy { 3.567743965772943   } 
   kinetic_energyvar { 9.233990809943506   } 
   potential_energy { -9.478662472091184   } 
   potential_energyvar { 8.716683865893359   } 
   nonlocal_energy { 0.5164743483279952   } 
   nonlocal_energyvar { 6.174523791656863   } 
   autocorr_energy { } 
} 

block { 
   label VMC_1
   totweight 640000
   nautocorr 0
   total_energy { -5.39402797872511   } 
   total_energyvar { 0.06192861611242506   } 
   weight { 1   } 
   weightvar { 0   } 
   kinetic_energy { 3.564053611389302   } 
   kinetic_energyvar { 9.072344634035725   } 
   potential_energy { -9.465321977417009   } 
   potential_energyvar { 8.669418311555859   } 
   nonlocal_energy { 0.5072403873025976   } 
   nonlocal_energyvar { 5.915782094930894   } 
   autocorr_energy { } 
} 

block { 
   label VMC_1
   totweight 640000
   nautocorr 0
   total_energy { -5.394691110448784   } 
   total_energyvar { 0.05848613621683896   } 
   weight { 1   } 
   weightvar { 0   } 
   kinetic_energy { 3.577757457711782   } 
   kinetic_energyvar { 9.14754055308882   } 
   potential_energy { -9.475571214756314   } 
   potential_energyvar { 8.65122811351381   } 
   nonlocal_energy { 0.5031226465957493   } 
   nonlocal_energyvar { 5.688733153117505   } 
   autocorr_energy { } 
} 

block { 
   label VMC_1
   totweight 640000
   nautocorr 0
   total_energy { -5.39402798628474   } 
   total_energyvar { 0.05807256296177954   } 
   weight { 1   } 
   weightvar { 0   } 
   kinetic_energy { 3.563086292894084   } 
   kinetic_energyvar { 8.94647671630657   } 
   potential_energy { -9.466381864429888   } 
   potential_energyvar { 8.843141557331037   } 
   nonlocal_energy { 0.5092675852510637   } 
   nonlocal_energyvar { 5.586997146976837   } 
   autocorr_energy { } 
} 

block { 
   label VMC_1
   totweight 640000
   nautocorr 0
   total_energy { -5.393823686229832   } 
   total_energyvar { 0.05806146465091189   } 
   weight { 1   } 
   weightvar { 0   } 
   kinetic_energy { 3.566188950174058   } 
   kinetic_energyvar { 8.988398530216426   } 
   potential_energy { -9.467718343662385   } 
   potential_energyvar { 8.846808227674259   } 
   nonlocal_energy { 0.5077057072584947   } 
   nonlocal_energyvar { 5.733644538245992   } 
   autocorr_energy { } 
} 

block { 
   label VMC_1
   totweight 640000
   nautocorr 0
   total_energy { -5.394112603391226   } 
   total_energyvar { 0.05988162349532544   } 
   weight { 1   } 
   weightvar { 0   } 
   kinetic_energy { 3.560615853319839   } 
   kinetic_energyvar { 8.935047158375415   } 
   potential_energy { -9.481872638974735   } 
   potential_energyvar { 8.95821348250648   } 
   nonlocal_energy { 0.52714418226367   } 
   nonlocal_energyvar { 6.006074450388933   } 
   autocorr_energy { } 
} 

block { 
   label VMC_1
   totweight 640000
   nautocorr 0
   total_energy { -5.393489024471409   } 
   total_energyvar { 0.06267973976270724   } 
   weight { 1   } 
   weightvar { 0   } 
   kinetic_energy { 3.549824686131414   } 
   kinetic_energyvar { 9.1296574280926   } 
   potential_energy { -9.461409214902703   } 
   potential_energyvar { 9.040702642745529   } 
   nonlocal_energy { 0.5180955042998815   } 
   nonlocal_energyvar { 6.409835809967594   } 
   autocorr_energy { } 
} 

block { 
   label VMC_1
   totweight 640000
   nautocorr 0
   total_energy { -5.39426508558154   } 
   total_energyvar { 0.05900415700653028   } 
   weight { 1   } 
   weightvar { 0   } 
   kinetic_energy { 3.566395329589025   } 
   kinetic_energyvar { 8.864571220458144   } 
   potential_energy { -9.478289067806967   } 
   potential_energyvar { 8.837668065387717   } 
   nonlocal_energy { 0.5176286526364023   } 
   nonlocal_energyvar { 5.927829616916028   } 
   autocorr_energy { } 
} 

block { 
   label VMC_1
   totweight 640000
   nautocorr 0
   total_energy { -5.393927857501644   } 
   total_energyvar { 0.06000261127982753   } 
   weight { 1   } 
   weightvar { 0   } 
   kinetic_energy { 3.555918986175818   } 
   kinetic_energyvar { 8.880052247311124   } 
   potential_energy { -9.46182025179991   } 
   potential_energyvar { 8.699929634782535   } 
   nonlocal_energy { 0.5119734081224474   } 
   nonlocal_energyvar { 5.782342435272662   } 
   autocorr_energy { } 
} 

block { 
   label VMC_1
   totweight 640000
   nautocorr 0
   total_energy { -5.39496170432339   } 
   total_energyvar { 0.05910913336517964   } 
   weight { 1   } 
   weightvar { 0   } 
   kinetic_energy { 3.568673857394687   } 
   kinetic_energyvar { 9.133615365592929   } 
   potential_energy { -9.474304771733829   } 
   potential_energyvar { 8.791415120832909   } 
   nonlocal_energy { 0.5106692100157521   } 
   nonlocal_energyvar { 5.874289407820074   } 
   autocorr_energy { } 
} 

block { 
   label VMC_1
   totweight 640000
   nautocorr 0
   total_energy { -5.39417057262086   } 
   total_energyvar { 0.06076217874417011   } 
   weight { 1   } 
   weightvar { 0   } 
   kinetic_energy { 3.559513955525069   } 
   kinetic_energyvar { 9.084918820622896   } 
   potential_energy { -9.466057863928778   } 
   potential_energyvar { 8.724924949502807   } 
   nonlocal_energy { 0.512373335782852   } 
   nonlocal_energyvar { 5.758140208976083   } 
   autocorr_energy { } 
} 

block { 
   label VMC_1
   totweight 640000
   nautocorr 0
   total_energy { -5.394276368703178   } 
   total_energyvar { 0.05800550093865908   } 
   weight { 1   } 
   weightvar { 0   } 
   kinetic_energy { 3.569939787504829   } 
   kinetic_energyvar { 8.959364577251016   } 
   potential_energy { -9.474371300507581   } 
   potential_energyvar { 8.754641676775933   } 
   nonlocal_energy { 0.5101551442995744   } 
   nonlocal_energyvar { 5.729622239820258   } 
   autocorr_energy { } 
} 

block { 
   label VMC_1
   totweight 640000
   nautocorr 0
   total_energy { -5.394358536078534   } 
   total_energyvar { 0.0579009175409837   } 
   weight { 1   } 
   weightvar { 0   } 
   kinetic_energy { 3.561558759372697   } 
   kinetic_energyvar { 8.926149372306416   } 
   potential_energy { -9.471392442815333   } 
   potential_energyvar { 8.828335699356785   } 
   nonlocal_energy { 0.5154751473641023   } 
   nonlocal_energyvar { 5.767184163433079   } 
   autocorr_energy { } 
} 

block { 
   label VMC_1
   totweight 640000
   nautocorr 0
   total_energy { -5.393924574811649   } 
   total_energyvar { 0.05898182178237477   } 
   weight { 1   } 
   weightvar { 0   } 
   kinetic_energy { 3.563878296481975   } 
   kinetic_energyvar { 9.043056093817777   } 
   potential_energy { -9.463814282362499   } 
   potential_energyvar { 8.724570404742607   } 
   nonlocal_energy { 0.5060114110688742   } 
   nonlocal_energyvar { 5.757090517541363   } 
   autocorr_energy { } 
} 

block { 
   label VMC_1
   totweight 640000
   nautocorr 0
   total_energy { -5.393953194326891   } 
   total_energyvar { 0.05842302900674312   } 
   weight { 1   } 
   weightvar { 0   } 
   kinetic_energy { 3.559814931532444   } 
   kinetic_energyvar { 9.150307986888349   } 
   potential_energy { -9.470822689475943   } 
   potential_energyvar { 8.877296163763845   } 
   nonlocal_energy { 0.5170545636166071   } 
   nonlocal_energyvar { 6.045372213907977   } 
   autocorr_energy { } 
} 

block { 
   label VMC_1
   totweight 640000
   nautocorr 0
   total_energy { -5.394222932638253   } 
   total_energyvar { 0.0581453519877968   } 
   weight { 1   } 
   weightvar { 0   } 
   kinetic_energy { 3.558123747181443   } 
   kinetic_energyvar { 8.924138098805324   } 
   potential_energy { -9.458329579279603   } 
   potential_energyvar { 8.604877746517957   } 
   nonlocal_energy { 0.5059828994599096   } 
   nonlocal_energyvar { 5.772901198844205   } 
   autocorr_energy { } 
} 

block { 
   label VMC_1
   totweight 640000
   nautocorr 0
   total_energy { -5.393942871742829   } 
   total_energyvar { 0.06016436491543331   } 
   weight { 1   } 
   weightvar { 0   } 
   kinetic_energy { 3.563240457294114   } 
   kinetic_energyvar { 9.422057606626746   } 
   potential_energy { -9.476335605086733   } 
   potential_energyvar { 8.889588766836098   } 
   nonlocal_energy { 0.5191522760497904   } 
   nonlocal_energyvar { 6.297148845309458   } 
   autocorr_energy { } 
} 

block { 
   label VMC_1
   totweight 640000
   nautocorr 0
   total_energy { -5.394198009471681   } 
   total_energyvar { 0.05644027113336136   } 
   weight { 1   } 
   weightvar { 0   } 
   kinetic_energy { 3.553573184369979   } 
   kinetic_energyvar { 8.768271024839805   } 
   potential_energy { -9.462878980944545   } 
   potential_energyvar { 8.775532770224672   } 
   nonlocal_energy { 0.5151077871028847   } 
   nonlocal_energyvar { 5.59061857197198   } 
   autocorr_energy { } 
} 

block { 
   label VMC_1
   totweight 640000
   nautocorr 0
   total_energy { -5.39423317041923   } 
   total_energyvar { 0.05922008805649881   } 
   weight { 1   } 
   weightvar { 0   } 
   kinetic_energy { 3.552288819852137   } 
   kinetic_energyvar { 8.795734933942789   } 
   potential_energy { -9.454913494972049   } 
   potential_energyvar { 8.66197902014467   } 
   nonlocal_energy { 0.5083915047006835   } 
   nonlocal_energyvar { 5.760529642506277   } 
   autocorr_energy { } 
} 

block { 
   label VMC_1
   totweight 640000
   nautocorr 0
   total_energy { -5.394817050008553   } 
   total_energyvar { 0.05942119881873253   } 
   weight { 1   } 
   weightvar { 0   } 
   kinetic_energy { 3.553032648636904   } 
   kinetic_energyvar { 8.874430061744244   } 
   potential_energy { -9.47025297028028   } 
   potential_energyvar { 8.874215949425135   } 
   nonlocal_energy { 0.5224032716348217   } 
   nonlocal_energyvar { 5.750866454135758   } 
   autocorr_energy { } 
} 

block { 
   label VMC_1
   totweight 640000
   nautocorr 0
   total_energy { -5.394695447478551   } 
   total_energyvar { 0.05951068258051606   } 
   weight { 1   } 
   weightvar { 0   } 
   kinetic_energy { 3.563725003644755   } 
   kinetic_energyvar { 8.814117723138903   } 
   potential_energy { -9.456461365517162   } 
   potential_energyvar { 8.678326689099706   } 
   nonlocal_energy { 0.4980409143938574   } 
   nonlocal_energyvar { 5.510680074156811   } 
   autocorr_energy { } 
} 

block { 
   label VMC_1
   totweight 640000
   nautocorr 0
   total_energy { -5.394647260713214   } 
   total_energyvar { 0.0606950414300016   } 
   weight { 1   } 
   weightvar { 0   } 
   kinetic_energy { 3.555632950744045   } 
   kinetic_energyvar { 8.894472927966314   } 
   potential_energy { -9.466996733344654   } 
   potential_energyvar { 8.737254404606006   } 
   nonlocal_energy { 0.5167165218873983   } 
   nonlocal_energyvar { 5.719177181705295   } 
   autocorr_energy { } 
} 

block { 
   label VMC_1
   totweight 640000
   nautocorr 0
   total_energy { -5.394055143970029   } 
   total_energyvar { 0.0593043393347088   } 
   weight { 1   } 
   weightvar { 0   } 
   kinetic_energy { 3.563658887122597   } 
   kinetic_energyvar { 8.785485260589288   } 
   potential_energy { -9.468521793460644   } 
   potential_energyvar { 8.750928756290278   } 
   nonlocal_energy { 0.5108077623680156   } 
   nonlocal_energyvar { 5.735774493307216   } 
   autocorr_energy { } 
} 

block { 
   label VMC_1
   totweight 640000
   nautocorr 0
   total_energy { -5.393812330359316   } 
   total_energyvar { 0.05810963809234693   } 
   weight { 1   } 
   weightvar { 0   } 
   kinetic_energy { 3.56877188026998   } 
   kinetic_energyvar { 8.916986245241162   } 
   potential_energy { -9.473591527042602   } 
   potential_energyvar { 8.826268359511602   } 
   nonlocal_energy { 0.5110073164133069   } 
   nonlocal_energyvar { 5.681955329625434   } 
   autocorr_energy { } 
} 

block { 
   label VMC_1
   totweight 640000
   nautocorr 0
   total_energy { -5.394654501157492   } 
   total_energyvar { 0.06045346066068902   } 
   weight { 1   } 
   weightvar { 0   } 
   kinetic_energy { 3.56147069802168   } 
   kinetic_energyvar { 9.094363499853173   } 
   potential_energy { -9.464703861858309   } 
   potential_energyvar { 8.719223923971839   } 
   nonlocal_energy { 0.5085786626791351   } 
   nonlocal_energyvar { 5.8653789959461   } 
   autocorr_energy { } 
} 

block { 
   label VMC_1
   totweight 640000
   nautocorr 0
   total_energy { -5.394177059795306   } 
   total_energyvar { 0.05849170696120254   } 
   weight { 1   } 
   weightvar { 0   } 
   kinetic_energy { 3.5587694663008   } 
   kinetic_energyvar { 8.789268449047029   } 
   potential_energy { -9.468731432085667   } 
   potential_energyvar { 8.70500578749143   } 
   nonlocal_energy { 0.5157849059895595   } 
   nonlocal_energyvar { 5.662527848344606   } 
   autocorr_energy { } 
} 

block { 
   label VMC_1
   totweight 640000
   nautocorr 0
   total_energy { -5.394780763640666   } 
   total_energyvar { 0.06041864084638249   } 
   weight { 1   } 
   weightvar { 0   } 
   kinetic_energy { 3.570339679177684   } 
   kinetic_energyvar { 9.132011299515797   } 
   potential_energy { -9.484981327630482   } 
   potential_energyvar { 8.889357772871904   } 
   nonlocal_energy { 0.5198608848121304   } 
   nonlocal_energyvar { 5.994155938794357   } 
   autocorr_energy { } 
} 

block { 
   label VMC_1
   totweight 640000
   nautocorr 0
   total_energy { -5.394676743633897   } 
   total_energyvar { 0.06098256959263182   } 
   weight { 1   } 
   weightvar { 0   } 
   kinetic_energy { 3.563783177221124   } 
   kinetic_energyvar { 9.084590896913685   } 
   potential_energy { -9.459688095080432   } 
   potential_energyvar { 8.715911723174145   } 
   nonlocal_energy { 0.5012281742254108   } 
   nonlocal_energyvar { 5.845605078916435   } 
   autocorr_energy { } 
} 

block { 
   label VMC_1
   totweight 640000
   nautocorr 0
   total_energy { -5.394618537961762   } 
   total_energyvar { 0.05815595857830402   } 
   weight { 1   } 
   weightvar { 0   } 
   kinetic_energy { 3.556072196836948   } 
   kinetic_energyvar { 8.662873625670576   } 
   potential_energy { -9.455253211878528   } 
   potential_energyvar { 8.68898038895378   } 
   nonlocal_energy { 0.5045624770798183   } 
   nonlocal_energyvar { 5.562760329924709   } 
   autocorr_energy { } 
} 

block { 
   label VMC_1
   totweight 640000
   nautocorr 0
   total_energy { -5.39419186171654   } 
   total_energyvar { 0.05945180075378076   } 
   weight { 1   } 
   weightvar { 0   } 
   kinetic_energy { 3.563676814299339   } 
   kinetic_energyvar { 9.212195512230496   } 
   potential_energy { -9.469603978305436   } 
   potential_energyvar { 8.725724116863688   } 
   nonlocal_energy { 0.5117353022895555   } 
   nonlocal_energyvar { 5.88095966462557   } 
   autocorr_energy { } 
} 

block { 
   label VMC_1
   totweight 640000
   nautocorr 0
   total_energy { -5.394575812651078   } 
   total_energyvar { 0.0600859015256674   } 
   weight { 1   } 
   weightvar { 0   } 
   kinetic_energy { 3.55680213229595   } 
   kinetic_energyvar { 9.265075531202205   } 
   potential_energy { -9.464987772755997   } 
   potential_energyvar { 8.868075138989667   } 
   nonlocal_energy { 0.5136098278089692   } 
   nonlocal_energyvar { 6.114900574899123   } 
   autocorr_energy { } 
} 

block { 
   label VMC_1
   totweight 640000
   nautocorr 0
   total_energy { -5.394426354740763   } 
   total_energyvar { 0.05975860952340994   } 
   weight { 1   } 
   weightvar { 0   } 
   kinetic_energy { 3.553211481600314   } 
   kinetic_energyvar { 9.176265297199034   } 
   potential_energy { -9.462121193038614   } 
   potential_energyvar { 8.86555672628262   } 
   nonlocal_energy { 0.5144833566975352   } 
   nonlocal_energyvar { 6.160332792250017   } 
   autocorr_energy { } 
} 

block { 
   label VMC_1
   totweight 640000
   nautocorr 0
   total_energy { -5.394315997325339   } 
   total_energyvar { 0.059364834743171   } 
   weight { 1   } 
   weightvar { 0   } 
   kinetic_energy { 3.550688886392276   } 
   kinetic_energyvar { 8.877106314257547   } 
   potential_energy { -9.456364661729845   } 
   potential_energyvar { 8.832169211916494   } 
   nonlocal_energy { 0.5113597780122303   } 
   nonlocal_energyvar { 5.936215607510036   } 
   autocorr_energy { } 
} 

block { 
   label VMC_1
   totweight 640000
   nautocorr 0
   total_energy { -5.394381642932707   } 
   total_energyvar { 0.05820579366496403   } 
   weight { 1   } 
   weightvar { 0   } 
   kinetic_energy { 3.568689001033374   } 
   kinetic_energyvar { 8.804388899229483   } 
   potential_energy { -9.477415693181202   } 
   potential_energyvar { 8.699588915022915   } 
   nonlocal_energy { 0.5143450492151229   } 
   nonlocal_energyvar { 5.547395677516776   } 
   autocorr_energy { } 
} 

block { 
   label VMC_1
   totweight 640000
   nautocorr 0
   total_energy { -5.394642405967785   } 
   total_energyvar { 0.05956818267337738   } 
   weight { 1   } 
   weightvar { 0   } 
   kinetic_energy { 3.565824903699018   } 
   kinetic_energyvar { 10.26882681807405   } 
   potential_energy { -9.467650326666368   } 
   potential_energyvar { 8.671601357154827   } 
   nonlocal_energy { 0.5071830169995661   } 
   nonlocal_energyvar { 6.946336945747877   } 
   autocorr_energy { } 
} 

block { 
   label VMC_1
   totweight 640000
   nautocorr 0
   total_energy { -5.39468656018992   } 
   total_energyvar { 0.05976750160398225   } 
   weight { 1   } 
   weightvar { 0   } 
   kinetic_energy { 3.550033166116987   } 
   kinetic_energyvar { 8.664603058045694   } 
   potential_energy { -9.4641301409786   } 
   potential_energyvar { 8.732499302854734   } 
   nonlocal_energy { 0.5194104146716911   } 
   nonlocal_energyvar { 5.631633309577781   } 
   autocorr_energy { } 
} 

block { 
   label VMC_1
   totweight 640000
   nautocorr 0
   total_energy { -5.393718265052133   } 
   total_energyvar { 0.05915522162595721   } 
   weight { 1   } 
   weightvar { 0   } 
   kinetic_energy { 3.553090941871865   } 
   kinetic_energyvar { 8.86252453356305   } 
   potential_energy { -9.456510521454078   } 
   potential_energyvar { 8.599566212746311   } 
   nonlocal_energy { 0.5097013145300809   } 
   nonlocal_energyvar { 5.618616366521126   } 
   autocorr_energy { } 
} 

block { 
   label VMC_1
   totweight 640000
   nautocorr 0
   total_energy { -5.393930285578945   } 
   total_energyvar { 0.05818329781344644   } 
   weight { 1   } 
   weightvar { 0   } 
   kinetic_energy { 3.555331670015445   } 
   kinetic_energyvar { 8.793535979657713   } 
   potential_energy { -9.46031764186016   } 
   potential_energyvar { 8.678256622921538   } 
   nonlocal_energy { 0.5110556862657684   } 
   nonlocal_energyvar { 5.672924061241921   } 
   autocorr_energy { } 
} 

block { 
   label VMC_1
   totweight 640000
   nautocorr 0
   total_energy { -5.393931462940401   } 
   total_energyvar { 0.05722162285874788   } 
   weight { 1   } 
   weightvar { 0   } 
   kinetic_energy { 3.554415790927175   } 
   kinetic_energyvar { 8.745523785846265   } 
   potential_energy { -9.45993435361426   } 
   potential_energyvar { 8.703993990329025   } 
   nonlocal_energy { 0.5115870997466861   } 
   nonlocal_energyvar { 5.550881395396758   } 
   autocorr_energy { } 
} 

block { 
   label VMC_1
   totweight 640000
   nautocorr 0
   total_energy { -5.39412529676985   } 
   total_energyvar { 0.05961737252962607   } 
   weight { 1   } 
   weightvar { 0   } 
   kinetic_energy { 3.566834776747638   } 
   kinetic_energyvar { 9.008199822682668   } 
   potential_energy { -9.474106896504084   } 
   potential_energyvar { 8.927156184238953   } 
   nonlocal_energy { 0.5131468229865963   } 
   nonlocal_energyvar { 5.986094167653704   } 
   autocorr_energy { } 
} 

block { 
   label VMC_1
   totweight 640000
   nautocorr 0
   total_energy { -5.394455219568902   } 
   total_energyvar { 0.0589642494573539   } 
   weight { 1   } 
   weightvar { 0   } 
   kinetic_energy { 3.558612061693236   } 
   kinetic_energyvar { 8.778519253614871   } 
   potential_energy { -9.472079080415316   } 
   potential_energyvar { 8.737446244837656   } 
   nonlocal_energy { 0.5190117991531799   } 
   nonlocal_energyvar { 5.798108798528047   } 
   autocorr_energy { } 
} 

block { 
   label VMC_1
   totweight 640000
   nautocorr 0
   total_energy { -5.393700965032759   } 
   total_energyvar { 0.06107448119722036   } 
   weight { 1   } 
   weightvar { 0   } 
   kinetic_energy { 3.555527241693488   } 
   kinetic_energyvar { 9.100041066815228   } 
   potential_energy { -9.46892401695316   } 
   potential_energyvar { 8.855271276334904   } 
   nonlocal_energy { 0.5196958102269137   } 
   nonlocal_energyvar { 6.190583889152153   } 
   autocorr_energy { } 
} 

block { 
   label VMC_1
   totweight 640000
   nautocorr 0
   total_energy { -5.394143990151336   } 
   total_energyvar { 0.05832923846344329   } 
   weight { 1   } 
   weightvar { 0   } 
   kinetic_energy { 3.566513579289667   } 
   kinetic_energyvar { 9.145588210081215   } 
   potential_energy { -9.470806679346307   } 
   potential_energyvar { 9.046470082597637   } 
   nonlocal_energy { 0.5101491099053059   } 
   nonlocal_energyvar { 6.097053369380416   } 
   autocorr_energy { } 
} 

block { 
   label VMC_1
   totweight 640000
   nautocorr 0
   total_energy { -5.394163588534544   } 
   total_energyvar { 0.05843609984823317   } 
   weight { 1   } 
   weightvar { 0   } 
   kinetic_energy { 3.57720155352682   } 
   kinetic_energyvar { 9.185404517760286   } 
   potential_energy { -9.479360879031363   } 
   potential_energyvar { 9.006847793577322   } 
   nonlocal_energy { 0.5079957369700017   } 
   nonlocal_energyvar { 5.818800778757865   } 
   autocorr_energy { } 
} 

block { 
   label VMC_1
   totweight 640000
   nautocorr 0
   total_energy { -5.394496853558855   } 
   total_energyvar { 0.05838384678084907   } 
   weight { 1   } 
   weightvar { 0   } 
   kinetic_energy { 3.548826831271272   } 
   kinetic_energyvar { 8.639673022956421   } 
   potential_energy { -9.470891611851425   } 
   potential_energyvar { 8.7464762286167   } 
   nonlocal_energy { 0.5275679270212996   } 
   nonlocal_energyvar { 5.763388323594493   } 
   autocorr_energy { } 
} 

block { 
   label VMC_1
   totweight 640000
   nautocorr 0
   total_energy { -5.394083157330495   } 
   total_energyvar { 0.0609909148994312   } 
   weight { 1   } 
   weightvar { 0   } 
   kinetic_energy { 3.551217455584586   } 
   kinetic_energyvar { 8.87604323747192   } 
   potential_energy { -9.468053757947731   } 
   potential_energyvar { 8.727681785839962   } 
   nonlocal_energy { 0.5227531450326479   } 
   nonlocal_energyvar { 5.840537436808657   } 
   autocorr_energy { } 
} 

block { 
   label VMC_1
   totweight 640000
   nautocorr 0
   total_energy { -5.39396939232723   } 
   total_energyvar { 0.07482326040274856   } 
   weight { 1   } 
   weightvar { 0   } 
   kinetic_energy { 3.549308682836429   } 
   kinetic_energyvar { 11.18666787099652   } 
   potential_energy { -9.453803830178893   } 
   potential_energyvar { 8.651962425711133   } 
   nonlocal_energy { 0.5105257550152333   } 
   nonlocal_energyvar { 7.665767857863003   } 
   autocorr_energy { } 
} 

block { 
   label VMC_1
   totweight 640000
   nautocorr 0
   total_energy { -5.394387929525479   } 
   total_energyvar { 0.06687838052369344   } 
   weight { 1   } 
   weightvar { 0   } 
   kinetic_energy { 3.539196140165926   } 
   kinetic_energyvar { 9.09568760504192   } 
   potential_energy { -9.449550666019588   } 
   potential_energyvar { 8.855811600637182   } 
   nonlocal_energy { 0.5159665963281839   } 
   nonlocal_energyvar { 6.526275138033861   } 
   autocorr_energy { } 
} 

block { 
   label VMC_1
   totweight 640000
   nautocorr 0
   total_energy { -5.394280022750617   } 
   total_energyvar { 0.05971531178197154   } 
   weight { 1   } 
   weightvar { 0   } 
   kinetic_energy { 3.561602409837345   } 
   kinetic_energyvar { 9.023330022246244   } 
   potential_energy { -9.467187540238976   } 
   potential_energyvar { 8.801150238232964   } 
   nonlocal_energy { 0.5113051076510162   } 
   nonlocal_energyvar { 5.932719676969411   } 
   autocorr_energy { } 
} 

block { 
   label VMC_1
   totweight 640000
   nautocorr 0
   total_energy { -5.394380746337369   } 
   total_energyvar { 0.06183771804050053   } 
   weight { 1   } 
   weightvar { 0   } 
   kinetic_energy { 3.559840707283591   } 
   kinetic_energyvar { 8.793430131379381   } 
   potential_energy { -9.465420595106771   } 
   potential_energyvar { 8.706076742355194   } 
   nonlocal_energy { 0.5111991414858116   } 
   nonlocal_energyvar { 5.581427139316579   } 
   autocorr_energy { } 
} 

block { 
   label VMC_1
   totweight 640000
   nautocorr 0
   total_energy { -5.394273196399527   } 
   total_energyvar { 0.06003248693838259   } 
   weight { 1   } 
   weightvar { 0   } 
   kinetic_energy { 3.565263167858929   } 
   kinetic_energyvar { 8.89059832894856   } 
   potential_energy { -9.471142280713414   } 
   potential_energyvar { 8.666589644586665   } 
   nonlocal_energy { 0.5116059164549568   } 
   nonlocal_energyvar { 5.641298755636554   } 
   autocorr_energy { } 
} 

block { 
   label VMC_1
   totweight 640000
   nautocorr 0
   total_energy { -5.394179263648173   } 
   total_energyvar { 0.0589117658189835   } 
   weight { 1   } 
   weightvar { 0   } 
   kinetic_energy { 3.562018699616767   } 
   kinetic_energyvar { 8.909268953334493   } 
   potential_energy { -9.462210641444162   } 
   potential_energyvar { 8.669277263397234   } 
   nonlocal_energy { 0.5060126781792238   } 
   nonlocal_energyvar { 5.654000051601162   } 
   autocorr_energy { } 
} 

block { 
   label VMC_1
   totweight 640000
   nautocorr 0
   total_energy { -5.393687726284134   } 
   total_energyvar { 0.05882614781421935   } 
   weight { 1   } 
   weightvar { 0   } 
   kinetic_energy { 3.558187341789871   } 
   kinetic_energyvar { 8.809575204247047   } 
   potential_energy { -9.468669897354312   } 
   potential_energyvar { 8.910072953940158   } 
   nonlocal_energy { 0.5167948292803048   } 
   nonlocal_energyvar { 5.709798220024623   } 
   autocorr_energy { } 
} 

block { 
   label VMC_1
   totweight 640000
   nautocorr 0
   total_energy { -5.394061063673969   } 
   total_energyvar { 0.05998977057257449   } 
   weight { 1   } 
   weightvar { 0   } 
   kinetic_energy { 3.562266558663186   } 
   kinetic_energyvar { 8.926824867116624   } 
   potential_energy { -9.469592380698575   } 
   potential_energyvar { 8.826703498674206   } 
   nonlocal_energy { 0.5132647583614215   } 
   nonlocal_energyvar { 5.626779770777545   } 
   autocorr_energy { } 
} 

block { 
   label VMC_1
   totweight 640000
   nautocorr 0
   total_energy { -5.394417377263303   } 
   total_energyvar { 0.0619594620258539   } 
   weight { 1   } 
   weightvar { 0   } 
   kinetic_energy { 3.539221167581869   } 
   kinetic_energyvar { 8.801819750803606   } 
   potential_energy { -9.45113207956028   } 
   potential_energyvar { 8.620330072385769   } 
   nonlocal_energy { 0.5174935347151057   } 
   nonlocal_energyvar { 5.8823286725828   } 
   autocorr_energy { } 
} 

block { 
   label VMC_1
   totweight 640000
   nautocorr 0
   total_energy { -5.394099389728941   } 
   total_energyvar { 0.05838267037589873   } 
   weight { 1   } 
   weightvar { 0   } 
   kinetic_energy { 3.550586398525294   } 
   kinetic_energyvar { 8.8837596752774   } 
   potential_energy { -9.459230807796509   } 
   potential_energyvar { 9.127794219731044   } 
   nonlocal_energy { 0.5145450195422724   } 
   nonlocal_energyvar { 6.077741969855304   } 
   autocorr_energy { } 
} 

block { 
   label VMC_1
   totweight 640000
   nautocorr 0
   total_energy { -5.394543438819273   } 
   total_energyvar { 0.05738343205988627   } 
   weight { 1   } 
   weightvar { 0   } 
   kinetic_energy { 3.551005224773723   } 
   kinetic_energyvar { 8.857475049694802   } 
   potential_energy { -9.459354508835098   } 
   potential_energyvar { 8.648979885284348   } 
   nonlocal_energy { 0.5138058452421025   } 
   nonlocal_energyvar { 5.720450862586015   } 
   autocorr_energy { } 
} 

block { 
   label VMC_1
   totweight 640000
   nautocorr 0
   total_energy { -5.394352315325815   } 
   total_energyvar { 0.05982325927919518   } 
   weight { 1   } 
   weightvar { 0   } 
   kinetic_energy { 3.563349130399111   } 
   kinetic_energyvar { 9.038014495140114   } 
   potential_energy { -9.469562078003225   } 
   potential_energyvar { 8.719878280229409   } 
   nonlocal_energy { 0.5118606322782971   } 
   nonlocal_energyvar { 5.906219966752388   } 
   autocorr_energy { } 
} 

block { 
   label VMC_1
   totweight 640000
   nautocorr 0
   total_energy { -5.394474405099321   } 
   total_energyvar { 0.05953578757122102   } 
   weight { 1   } 
   weightvar { 0   } 
   kinetic_energy { 3.56111647399609   } 
   kinetic_energyvar { 8.813220119048555   } 
   potential_energy { -9.465430318847513   } 
   potential_energyvar { 8.685914001342411   } 
   nonlocal_energy { 0.5098394397521037   } 
   nonlocal_energyvar { 5.615367445246046   } 
   autocorr_energy { } 
} 

block { 
   label VMC_1
   totweight 640000
   nautocorr 0
   total_energy { -5.393797571374064   } 
   total_energyvar { 0.05870975954243463   } 
   weight { 1   } 
   weightvar { 0   } 
   kinetic_energy { 3.561701828502743   } 
   kinetic_energyvar { 8.964621395468686   } 
   potential_energy { -9.465658588859021   } 
   potential_energyvar { 8.755237416860183   } 
   nonlocal_energy { 0.5101591889822138   } 
   nonlocal_energyvar { 5.714102755802777   } 
   autocorr_energy { } 
} 

block { 
   label VMC_1
   totweight 640000
   nautocorr 0
   total_energy { -5.394704619386684   } 
   total_energyvar { 0.05894493258030664   } 
   weight { 1   } 
   weightvar { 0   } 
   kinetic_energy { 3.56209466449592   } 
   kinetic_energyvar { 8.892241348149637   } 
   potential_energy { -9.467423455040812   } 
   potential_energyvar { 8.757612092096451   } 
   nonlocal_energy { 0.5106241711582097   } 
   nonlocal_energyvar { 5.593205768713364   } 
   autocorr_energy { } 
} 

block { 
   label VMC_1
   totweight 640000
   nautocorr 0
   total_energy { -5.394884961920683   } 
   total_energyvar { 0.06044510447281581   } 
   weight { 1   } 
   weightvar { 0   } 
   kinetic_energy { 3.560524614478715   } 
   kinetic_energyvar { 9.356069484321234   } 
   potential_energy { -9.472303411309975   } 
   potential_energyvar { 8.783314029016282   } 
   nonlocal_energy { 0.5168938349105784   } 
   nonlocal_energyvar { 6.083449362857532   } 
   autocorr_energy { } 
} 

block { 
   label VMC_1
   totweight 640000
   nautocorr 0
   total_energy { -5.394203524200823   } 
   total_energyvar { 0.06648632244353792   } 
   weight { 1   } 
   weightvar { 0   } 
   kinetic_energy { 3.548132275247008   } 
   kinetic_energyvar { 8.957773458179652   } 
   potential_energy { -9.460977392899816   } 
   potential_energyvar { 8.686379130142981   } 
   nonlocal_energy { 0.5186415934519837   } 
   nonlocal_energyvar { 6.032122141152453   } 
   autocorr_energy { } 
} 

block { 
   label VMC_1
   totweight 640000
   nautocorr 0
   total_energy { -5.394057371706836   } 
   total_energyvar { 0.05865609225607926   } 
   weight { 1   } 
   weightvar { 0   } 
   kinetic_energy { 3.556634292694886   } 
   kinetic_energyvar { 8.843148967073756   } 
   potential_energy { -9.462949753517117   } 
   potential_energyvar { 8.722256870429234   } 
   nonlocal_energy { 0.5122580891153969   } 
   nonlocal_energyvar { 5.673892713231623   } 
   autocorr_energy { } 
} 

block { 
   label VMC_1
   totweight 640000
   nautocorr 0
   total_energy { -5.394014848140411   } 
   total_energyvar { 0.05816272607111372   } 
   weight { 1   } 
   weightvar { 0   } 
   kinetic_energy { 3.545720079729741   } 
   kinetic_energyvar { 8.993707337227633   } 
   potential_energy { -9.454154483541963   } 
   potential_energyvar { 8.685222610691696   } 
   nonlocal_energy { 0.5144195556718109   } 
   nonlocal_energyvar { 5.899258043862644   } 
   autocorr_energy { } 
} 

block { 
   label VMC_1
   totweight 640000
   nautocorr 0
   total_energy { -5.39465536789255   } 
   total_energyvar { 0.06097292363708817   } 
   weight { 1   } 
   weightvar { 0   } 
   kinetic_energy { 3.552819848057053   } 
   kinetic_energyvar { 8.874546229817341   } 
   potential_energy { -9.469788908953674   } 
   potential_energyvar { 9.026632918246293   } 
   nonlocal_energy { 0.5223136930040706   } 
   nonlocal_energyvar { 6.194147395729997   } 
   autocorr_energy { } 
} 

block { 
   label VMC_1
   totweight 640000
   nautocorr 0
   total_energy { -5.394919327681284   } 
   total_energyvar { 0.05848165499307711   } 
   weight { 1   } 
   weightvar { 0   } 
   kinetic_energy { 3.56959011925747   } 
   kinetic_energyvar { 8.875041377946722   } 
   potential_energy { -9.476377690203446   } 
   potential_energyvar { 8.746840119431482   } 
   nonlocal_energy { 0.5118682432646918   } 
   nonlocal_energyvar { 5.683122851167674   } 
   autocorr_energy { } 
} 

block { 
   label VMC_1
   totweight 640000
   nautocorr 0
   total_energy { -5.394576289704101   } 
   total_energyvar { 0.05895088728410158   } 
   weight { 1   } 
   weightvar { 0   } 
   kinetic_energy { 3.549001279268372   } 
   kinetic_energyvar { 8.973264045435062   } 
   potential_energy { -9.450701782146641   } 
   potential_energyvar { 8.788072569966232   } 
   nonlocal_energy { 0.5071242131741692   } 
   nonlocal_energyvar { 5.757212859506854   } 
   autocorr_energy { } 
} 

block { 
   label VMC_1
   totweight 640000
   nautocorr 0
   total_energy { -5.394157701632189   } 
   total_energyvar { 0.06045168272107304   } 
   weight { 1   } 
   weightvar { 0   } 
   kinetic_energy { 3.56078393883373   } 
   kinetic_energyvar { 8.818246794120054   } 
   potential_energy { -9.470773933399922   } 
   potential_energyvar { 8.767133634498592   } 
   nonlocal_energy { 0.515832292934003   } 
   nonlocal_energyvar { 5.721708649665377   } 
   autocorr_energy { } 
} 

block { 
   label VMC_1
   totweight 640000
   nautocorr 0
   total_energy { -5.39393894730041   } 
   total_energyvar { 0.05904993053624352   } 
   weight { 1   } 
   weightvar { 0   } 
   kinetic_energy { 3.573844771045844   } 
   kinetic_energyvar { 9.158421918372785   } 
   potential_energy { -9.473088790044187   } 
   potential_energyvar { 8.767407850269976   } 
   nonlocal_energy { 0.5053050716979325   } 
   nonlocal_energyvar { 5.847264784358418   } 
   autocorr_energy { } 
} 

block { 
   label VMC_1
   totweight 640000
   nautocorr 0
   total_energy { -5.394808070168182   } 
   total_energyvar { 0.05944560941119903   } 
   weight { 1   } 
   weightvar { 0   } 
   kinetic_energy { 3.576238679028921   } 
   kinetic_energyvar { 9.081432657321452   } 
   potential_energy { -9.483092693899097   } 
   potential_energyvar { 8.951619784881331   } 
   nonlocal_energy { 0.512045944701995   } 
   nonlocal_energyvar { 5.795277910004351   } 
   autocorr_energy { } 
} 

block { 
   label VMC_1
   totweight 640000
   nautocorr 0
   total_energy { -5.394037625728346   } 
   total_energyvar { 0.06674470651372744   } 
   weight { 1   } 
   weightvar { 0   } 
   kinetic_energy { 3.561059738981809   } 
   kinetic_energyvar { 9.404219380500944   } 
   potential_energy { -9.46636540978302   } 
   potential_energyvar { 8.813449210051488   } 
   nonlocal_energy { 0.5112680450728635   } 
   nonlocal_energyvar { 6.370628841410891   } 
   autocorr_energy { } 
} 

block { 
   label VMC_1
   totweight 640000
   nautocorr 0
   total_energy { -5.394530567915337   } 
   total_energyvar { 0.05877888662136499   } 
   weight { 1   } 
   weightvar { 0   } 
   kinetic_energy { 3.554305808508985   } 
   kinetic_energyvar { 8.699146177755765   } 
   potential_energy { -9.46790904891524   } 
   potential_energyvar { 9.044034190525309   } 
   nonlocal_energy { 0.5190726724909182   } 
   nonlocal_energyvar { 5.972527577497432   } 
   autocorr_energy { } 
} 

block { 
   label VMC_1
   totweight 640000
   nautocorr 0
   total_energy { -5.393965393724441   } 
   total_energyvar { 0.05772019273013385   } 
   weight { 1   } 
   weightvar { 0   } 
   kinetic_energy { 3.561463923451687   } 
   kinetic_energyvar { 8.928180660024346   } 
   potential_energy { -9.466613044608765   } 
   potential_energyvar { 8.708554919486815   } 
   nonlocal_energy { 0.5111837274326378   } 
   nonlocal_energyvar { 5.63283578168316   } 
   autocorr_energy { } 
} 

block { 
   label VMC_1
   totweight 640000
   nautocorr 0
   total_energy { -5.39471139472351   } 
   total_energyvar { 0.05811852108367432   } 
   weight { 1   } 
   weightvar { 0   } 
   kinetic_energy { 3.556686283238926   } 
   kinetic_energyvar { 8.94051319887339   } 
   potential_energy { -9.462407439852978   } 
   potential_energyvar { 8.750335828485035   } 
   nonlocal_energy { 0.511009761890543   } 
   nonlocal_energyvar { 5.880269740697637   } 
   autocorr_energy { } 
} 

block { 
   label VMC_1
   totweight 640000
   nautocorr 0
   total_energy { -5.394123352387607   } 
   total_energyvar { 0.05837445478477576   } 
   weight { 1   } 
   weightvar { 0   } 
   kinetic_energy { 3.557123798780978   } 
   kinetic_energyvar { 8.872906703452369   } 
   potential_energy { -9.465120111492434   } 
   potential_energyvar { 8.710570052864952   } 
   nonlocal_energy { 0.5138729603238495   } 
   nonlocal_energyvar { 5.700791391068137   } 
   autocorr_energy { } 
} 

block { 
   label VMC_1
   totweight 640000
   nautocorr 0
   total_energy { -5.394714698956433   } 
   total_energyvar { 0.05933055913373053   } 
   weight { 1   } 
   weightvar { 0   } 
   kinetic_energy { 3.539652032202561   } 
   kinetic_energyvar { 8.896880746741539   } 
   potential_energy { -9.440348656347211   } 
   potential_energyvar { 8.663379988484735   } 
   nonlocal_energy { 0.5059819251882186   } 
   nonlocal_energyvar { 5.7908100911667   } 
   autocorr_energy { } 
} 

block { 
   label VMC_1
   totweight 640000
   nautocorr 0
   total_energy { -5.393571157081896   } 
   total_energyvar { 0.05775458549676316   } 
   weight { 1   } 
   weightvar { 0   } 
   kinetic_energy { 3.555076819495433   } 
   kinetic_energyvar { 8.909387633653564   } 
   potential_energy { -9.464101410144924   } 
   potential_energyvar { 8.662319664845469   } 
   nonlocal_energy { 0.5154534335675948   } 
   nonlocal_energyvar { 5.701898830503721   } 
   autocorr_energy { } 
} 

block { 
   label VMC_1
   totweight 640000
   nautocorr 0
   total_energy { -5.394578683983055   } 
   total_energyvar { 0.06041751045785304   } 
   weight { 1   } 
   weightvar { 0   } 
   kinetic_energy { 3.560852785730586   } 
   kinetic_energyvar { 8.948379461349433   } 
   potential_energy { -9.468624681807659   } 
   potential_energyvar { 8.631200876207558   } 
   nonlocal_energy { 0.5131932120940179   } 
   nonlocal_energyvar { 5.748403299220279   } 
   autocorr_energy { } 
} 

block { 
   label VMC_1
   totweight 640000
   nautocorr 0
   total_energy { -5.394620791499632   } 
   total_energyvar { 0.05864715760639427   } 
   weight { 1   } 
   weightvar { 0   } 
   kinetic_energy { 3.558172912734227   } 
   kinetic_energyvar { 8.978432072453005   } 
   potential_energy { -9.466110805273795   } 
   potential_energyvar { 8.779627649378355   } 
   nonlocal_energy { 0.5133171010399372   } 
   nonlocal_energyvar { 5.842933109405929   } 
   autocorr_energy { } 
} 

block { 
   label VMC_1
   totweight 640000
   nautocorr 0
   total_energy { -5.394581744005664   } 
   total_energyvar { 0.05720871031784114   } 
   weight { 1   } 
   weightvar { 0   } 
   kinetic_energy { 3.567481042409403   } 
   kinetic_energyvar { 8.890874888819139   } 
   potential_energy { -9.469948528994106   } 
   potential_energyvar { 8.775908478605956   } 
   nonlocal_energy { 0.5078857425790384   } 
   nonlocal_energyvar { 5.484565268034034   } 
   autocorr_energy { } 
} 

block { 
   label VMC_1
   totweight 640000
   nautocorr 0
   total_energy { -5.394572188443892   } 
   total_energyvar { 0.05888071620101343   } 
   weight { 1   } 
   weightvar { 0   } 
   kinetic_energy { 3.543007128055387   } 
   kinetic_energyvar { 8.846260133255237   } 
   potential_energy { -9.454973887036129   } 
   potential_energyvar { 8.668799090603557   } 
   nonlocal_energy { 0.5173945705368513   } 
   nonlocal_energyvar { 5.777266503453961   } 
   autocorr_energy { } 
} 

block { 
   label VMC_1
   totweight 640000
   nautocorr 0
   total_energy { -5.39433146030017   } 
   total_energyvar { 0.05938775811360131   } 
   weight { 1   } 
   weightvar { 0   } 
   kinetic_energy { 3.564148397659826   } 
   kinetic_energyvar { 8.88539807836675   } 
   potential_energy { -9.463214379892888   } 
   potential_energyvar { 8.741635908595867   } 
   nonlocal_energy { 0.5047345219328928   } 
   nonlocal_energyvar { 5.79184338976825   } 
   autocorr_energy { } 
} 

block { 
   label VMC_1
   totweight 640000
   nautocorr 0
   total_energy { -5.39429617273226   } 
   total_energyvar { 0.05893564587160682   } 
   weight { 1   } 
   weightvar { 0   } 
   kinetic_energy { 3.5606860605909   } 
   kinetic_energyvar { 8.811168850379124   } 
   potential_energy { -9.462502734647831   } 
   potential_energyvar { 8.780792773036794   } 
   nonlocal_energy { 0.5075205013246727   } 
   nonlocal_energyvar { 5.570527236126427   } 
   autocorr_energy { } 
} 

block { 
   label VMC_1
   totweight 640000
   nautocorr 0
   total_energy { -5.394446958991236   } 
   total_energyvar { 0.05761872072022456   } 
   weight { 1   } 
   weightvar { 0   } 
   kinetic_energy { 3.561229489254387   } 
   kinetic_energyvar { 8.880792022998412   } 
   potential_energy { -9.47312706426483   } 
   potential_energyvar { 8.921006662944777   } 
   nonlocal_energy { 0.5174506160192062   } 
   nonlocal_energyvar { 5.856488913914271   } 
   autocorr_energy { } 
} 

block { 
   label VMC_1
   totweight 640000
   nautocorr 0
   total_energy { -5.393501954068784   } 
   total_energyvar { 0.05905932469517339   } 
   weight { 1   } 
   weightvar { 0   } 
   kinetic_energy { 3.553165284716035   } 
   kinetic_energyvar { 8.863488519683507   } 
   potential_energy { -9.46093681103037   } 
   potential_energyvar { 8.835891875706565   } 
   nonlocal_energy { 0.514269572245551   } 
   nonlocal_energyvar { 5.745132641253359   } 
   autocorr_energy { } 
} 

block { 
   label VMC_1
   totweight 640000
   nautocorr 0
   total_energy { -5.395100196782485   } 
   total_energyvar { 0.06000106811214678   } 
   weight { 1   } 
   weightvar { 0   } 
   kinetic_energy { 3.558468338538335   } 
   kinetic_energyvar { 8.674848193102649   } 
   potential_energy { -9.468653361819818   } 
   potential_energyvar { 8.807606643038909   } 
   nonlocal_energy { 0.5150848264989989   } 
   nonlocal_energyvar { 5.626972145489194   } 
   autocorr_energy { } 
} 

block { 
   label VMC_1
   totweight 640000
   nautocorr 0
   total_energy { -5.394149075341277   } 
   total_energyvar { 0.05917704924879885   } 
   weight { 1   } 
   weightvar { 0   } 
   kinetic_energy { 3.55551284285622   } 
   kinetic_energyvar { 8.818092563410426   } 
   potential_energy { -9.467273881680763   } 
   potential_energyvar { 8.731110057354883   } 
   nonlocal_energy { 0.5176119634832675   } 
   nonlocal_energyvar { 5.84307517407251   } 
   autocorr_energy { } 
} 

block { 
   label VMC_1
   totweight 640000
   nautocorr 0
   total_energy { -5.39423709245075   } 
   total_energyvar { 0.05897849829552726   } 
   weight { 1   } 
   weightvar { 0   } 
   kinetic_energy { 3.55179731865994   } 
   kinetic_energyvar { 9.124030605672088   } 
   potential_energy { -9.461880445652943   } 
   potential_energyvar { 8.696439798815462   } 
   nonlocal_energy { 0.5158460345422523   } 
   nonlocal_energyvar { 6.095425659621267   } 
   autocorr_energy { } 
} 

block { 
   label VMC_1
   totweight 640000
   nautocorr 0
   total_energy { -5.394719083925841   } 
   total_energyvar { 0.05925490484953855   } 
   weight { 1   } 
   weightvar { 0   } 
   kinetic_energy { 3.563925490042954   } 
   kinetic_energyvar { 8.96163472377344   } 
   potential_energy { -9.4707193337264   } 
   potential_energyvar { 8.570497509817756   } 
   nonlocal_energy { 0.5120747597576059   } 
   nonlocal_energyvar { 5.753691825067348   } 
   autocorr_energy { } 
} 

block { 
   label VMC_1
   totweight 640000
   nautocorr 0
   total_energy { -5.394370555313379   } 
   total_energyvar { 0.05976540740384806   } 
   weight { 1   } 
   weightvar { 0   } 
   kinetic_energy { 3.562479207361309   } 
   kinetic_energyvar { 9.017157701649268   } 
   potential_energy { -9.470399885971624   } 
   potential_energyvar { 8.751349459385708   } 
   nonlocal_energy { 0.5135501232969376   } 
   nonlocal_energyvar { 5.793497145934671   } 
   autocorr_energy { } 
} 

block { 
   label VMC_1
   totweight 640000
   nautocorr 0
   total_energy { -5.394229341316356   } 
   total_energyvar { 0.06009246668265789   } 
   weight { 1   } 
   weightvar { 0   } 
   kinetic_energy { 3.566227214864678   } 
   kinetic_energyvar { 8.946335133386487   } 
   potential_energy { -9.4808712052406   } 
   potential_energyvar { 8.744035262002114   } 
   nonlocal_energy { 0.5204146490595661   } 
   nonlocal_energyvar { 5.7227996373461   } 
   autocorr_energy { } 
} 

block { 
   label VMC_1
   totweight 640000
   nautocorr 0
   total_energy { -5.393849680831698   } 
   total_energyvar { 0.0606265510309818   } 
   weight { 1   } 
   weightvar { 0   } 
   kinetic_energy { 3.553453076616692   } 
   kinetic_energyvar { 8.717404464278726   } 
   potential_energy { -9.460234997486049   } 
   potential_energyvar { 8.898219212369199   } 
   nonlocal_energy { 0.512932240037659   } 
   nonlocal_energyvar { 5.716492363781838   } 
   autocorr_energy { } 
} 

block { 
   label VMC_1
   totweight 640000
   nautocorr 0
   total_energy { -5.394453392888006   } 
   total_energyvar { 0.0593028102269173   } 
   weight { 1   } 
   weightvar { 0   } 
   kinetic_energy { 3.557028187598121   } 
   kinetic_energyvar { 8.825251797164492   } 
   potential_energy { -9.457761120019724   } 
   potential_energyvar { 8.689784357162907   } 
   nonlocal_energy { 0.5062795395335968   } 
   nonlocal_energyvar { 5.556075151069845   } 
   autocorr_energy { } 
} 

block { 
   label VMC_1
   totweight 640000
   nautocorr 0
   total_energy { -5.394639698915592   } 
   total_energyvar { 0.06440941805636413   } 
   weight { 1   } 
   weightvar { 0   } 
   kinetic_energy { 3.557184060832617   } 
   kinetic_energyvar { 9.066927556626132   } 
   potential_energy { -9.466730497265363   } 
   potential_energyvar { 8.898387539773452   } 
   nonlocal_energy { 0.5149067375171568   } 
   nonlocal_energyvar { 5.963143923680082   } 
   autocorr_energy { } 
} 

block { 
   label VMC_1
   totweight 640000
   nautocorr 0
   total_energy { -5.394808554705856   } 
   total_energyvar { 0.05959875417022431   } 
   weight { 1   } 
   weightvar { 0   } 
   kinetic_energy { 3.566002813444044   } 
   kinetic_energyvar { 8.929715384591377   } 
   potential_energy { -9.4760796516839   } 
   potential_energyvar { 8.689732878695111   } 
   nonlocal_energy { 0.5152682835339996   } 
   nonlocal_energyvar { 5.680706902220273   } 
   autocorr_energy { } 
} 

