#-------------------------------------------------
#VMC run: timestep 2.5 nconfig 6400 steps 100
#-------------------------------------------------


init { 
   label VMC_1
}
block { 
   label VMC_1
   totweight 640000
   nautocorr 0
   total_energy { -9.742716900768697   } 
   total_energyvar { 0.09073798893648188   } 
   weight { 1   } 
   weightvar { 0   } 
   kinetic_energy { 7.090689212186366   } 
   kinetic_energyvar { 24.97344778542089   } 
   potential_energy { -17.7115831851351   } 
   potential_energyvar { 28.02429734894287   } 
   nonlocal_energy { 0.8781770721800338   } 
   nonlocal_energyvar { 12.92590868632296   } 
   autocorr_energy { } 
} 

block { 
   label VMC_1
   totweight 640000
   nautocorr 0
   total_energy { -9.742608858871007   } 
   total_energyvar { 0.09473632491139483   } 
   weight { 1   } 
   weightvar { 0   } 
   kinetic_energy { 7.097908814002863   } 
   kinetic_energyvar { 25.36762220283848   } 
   potential_energy { -17.73288719381092   } 
   potential_energyvar { 27.97045897847551   } 
   nonlocal_energy { 0.8923695209370534   } 
   nonlocal_energyvar { 12.89896631450416   } 
   autocorr_energy { } 
} 

block { 
   label VMC_1
   totweight 640000
   nautocorr 0
   total_energy { -9.74375906022189   } 
   total_energyvar { 0.09112620113164382   } 
   weight { 1   } 
   weightvar { 0   } 
   kinetic_energy { 7.083762368293099   } 
   kinetic_energyvar { 25.09895010417864   } 
   potential_energy { -17.71601844639105   } 
   potential_energyvar { 28.06618477318659   } 
   nonlocal_energy { 0.8884970178760643   } 
   nonlocal_energyvar { 13.11334403768364   } 
   autocorr_energy { } 
} 

block { 
   label VMC_1
   totweight 640000
   nautocorr 0
   total_energy { -9.742476752137916   } 
   total_energyvar { 0.1027983065427236   } 
   weight { 1   } 
   weightvar { 0   } 
   kinetic_energy { 7.109180678207976   } 
   kinetic_energyvar { 25.63049491776965   } 
   potential_energy { -17.72903513671386   } 
   potential_energyvar { 27.67044790835121   } 
   nonlocal_energy { 0.8773777063679705   } 
   nonlocal_energyvar { 12.66247639322469   } 
   autocorr_energy { } 
} 

block { 
   label VMC_1
   totweight 640000
   nautocorr 0
   total_energy { -9.743245164162992   } 
   total_energyvar { 0.09230545878791929   } 
   weight { 1   } 
   weightvar { 0   } 
   kinetic_energy { 7.092408111665953   } 
   kinetic_energyvar { 25.9137325417056   } 
   potential_energy { -17.71906876079727   } 
   potential_energyvar { 28.01582335912747   } 
   nonlocal_energy { 0.8834154849683235   } 
   nonlocal_energyvar { 12.88253684361968   } 
   autocorr_energy { } 
} 

block { 
   label VMC_1
   totweight 640000
   nautocorr 0
   total_energy { -9.742291562757975   } 
   total_energyvar { 0.08920654393737948   } 
   weight { 1   } 
   weightvar { 0   } 
   kinetic_energy { 7.098355927730381   } 
   kinetic_energyvar { 25.15213856303246   } 
   potential_energy { -17.72901734015252   } 
   potential_energyvar { 28.48408087606379   } 
   nonlocal_energy { 0.8883698496641654   } 
   nonlocal_energyvar { 13.21109491371002   } 
   autocorr_energy { } 
} 

block { 
   label VMC_1
   totweight 640000
   nautocorr 0
   total_energy { -9.743963366659052   } 
   total_energyvar { 0.0925371144079179   } 
   weight { 1   } 
   weightvar { 0   } 
   kinetic_energy { 7.088591021545868   } 
   kinetic_energyvar { 25.21954783582694   } 
   potential_energy { -17.72395418392667   } 
   potential_energyvar { 27.98643473508287   } 
   nonlocal_energy { 0.8913997957217503   } 
   nonlocal_energyvar { 13.17884539583985   } 
   autocorr_energy { } 
} 

block { 
   label VMC_1
   totweight 640000
   nautocorr 0
   total_energy { -9.74304678790452   } 
   total_energyvar { 0.09035436367209115   } 
   weight { 1   } 
   weightvar { 0   } 
   kinetic_energy { 7.090216813807492   } 
   kinetic_energyvar { 25.16770565889326   } 
   potential_energy { -17.71031422040532   } 
   potential_energyvar { 27.5990562558099   } 
   nonlocal_energy { 0.8770506186933068   } 
   nonlocal_energyvar { 12.61626792204448   } 
   autocorr_energy { } 
} 

block { 
   label VMC_1
   totweight 640000
   nautocorr 0
   total_energy { -9.743243495806519   } 
   total_energyvar { 0.09003160397341503   } 
   weight { 1   } 
   weightvar { 0   } 
   kinetic_energy { 7.105278362065613   } 
   kinetic_energyvar { 25.40039299216404   } 
   potential_energy { -17.71466179321712   } 
   potential_energyvar { 27.25508266783231   } 
   nonlocal_energy { 0.866139935344988   } 
   nonlocal_energyvar { 12.19228392216442   } 
   autocorr_energy { } 
} 

block { 
   label VMC_1
   totweight 640000
   nautocorr 0
   total_energy { -9.742507255013155   } 
   total_energyvar { 0.09652282061365725   } 
   weight { 1   } 
   weightvar { 0   } 
   kinetic_energy { 7.082573816191818   } 
   kinetic_energyvar { 25.43986754959419   } 
   potential_energy { -17.70112918514232   } 
   potential_energyvar { 27.68121064862936   } 
   nonlocal_energy { 0.8760481139373482   } 
   nonlocal_energyvar { 12.71363914333001   } 
   autocorr_energy { } 
} 

block { 
   label VMC_1
   totweight 640000
   nautocorr 0
   total_energy { -9.743418319950244   } 
   total_energyvar { 0.1140819547884888   } 
   weight { 1   } 
   weightvar { 0   } 
   kinetic_energy { 7.096100691339384   } 
   kinetic_energyvar { 29.1321719910519   } 
   potential_energy { -17.72302298832313   } 
   potential_energyvar { 27.63953482435647   } 
   nonlocal_energy { 0.8835039770334976   } 
   nonlocal_energyvar { 16.37881460964888   } 
   autocorr_energy { } 
} 

block { 
   label VMC_1
   totweight 640000
   nautocorr 0
   total_energy { -9.743910267748458   } 
   total_energyvar { 0.09279421933092635   } 
   weight { 1   } 
   weightvar { 0   } 
   kinetic_energy { 7.09180900814666   } 
   kinetic_energyvar { 25.56915460320975   } 
   potential_energy { -17.72001195075584   } 
   potential_energyvar { 28.31934485714589   } 
   nonlocal_energy { 0.8842926748607202   } 
   nonlocal_energyvar { 13.38858749108414   } 
   autocorr_energy { } 
} 

block { 
   label VMC_1
   totweight 640000
   nautocorr 0
   total_energy { -9.742977861185802   } 
   total_energyvar { 0.09005057638202629   } 
   weight { 1   } 
   weightvar { 0   } 
   kinetic_energy { 7.124552223266022   } 
   kinetic_energyvar { 25.5236529264148   } 
   potential_energy { -17.73529828161871   } 
   potential_energyvar { 26.93335560411481   } 
   nonlocal_energy { 0.8677681971668899   } 
   nonlocal_energyvar { 12.27127265264229   } 
   autocorr_energy { } 
} 

block { 
   label VMC_1
   totweight 640000
   nautocorr 0
   total_energy { -9.743236125205216   } 
   total_energyvar { 0.09512369363767448   } 
   weight { 1   } 
   weightvar { 0   } 
   kinetic_energy { 7.082515093425606   } 
   kinetic_energyvar { 25.68621840181505   } 
   potential_energy { -17.70940058291313   } 
   potential_energyvar { 27.73349499763867   } 
   nonlocal_energy { 0.883649364282315   } 
   nonlocal_energyvar { 12.84547938013969   } 
   autocorr_energy { } 
} 

block { 
   label VMC_1
   totweight 640000
   nautocorr 0
   total_energy { -9.743140133121772   } 
   total_energyvar { 0.09166757235354339   } 
   weight { 1   } 
   weightvar { 0   } 
   kinetic_energy { 7.100681054051701   } 
   kinetic_energyvar { 25.8551857489518   } 
   potential_energy { -17.72253350828186   } 
   potential_energyvar { 27.84382507179561   } 
   nonlocal_energy { 0.8787123211083899   } 
   nonlocal_energyvar { 13.30368862665847   } 
   autocorr_energy { } 
} 

block { 
   label VMC_1
   totweight 640000
   nautocorr 0
   total_energy { -9.743315994601767   } 
   total_energyvar { 0.08906817786542831   } 
   weight { 1   } 
   weightvar { 0   } 
   kinetic_energy { 7.078101307490543   } 
   kinetic_energyvar { 24.76478976407704   } 
   potential_energy { -17.69091378711397   } 
   potential_energyvar { 26.76113888570319   } 
   nonlocal_energy { 0.8694964850216557   } 
   nonlocal_energyvar { 11.99131754116206   } 
   autocorr_energy { } 
} 

block { 
   label VMC_1
   totweight 640000
   nautocorr 0
   total_energy { -9.743845303456354   } 
   total_energyvar { 0.09034353121096217   } 
   weight { 1   } 
   weightvar { 0   } 
   kinetic_energy { 7.078672192443387   } 
   kinetic_energyvar { 25.09598001368777   } 
   potential_energy { -17.69667079288443   } 
   potential_energyvar { 27.69968179534192   } 
   nonlocal_energy { 0.8741532969846824   } 
   nonlocal_energyvar { 12.67407296041588   } 
   autocorr_energy { } 
} 

block { 
   label VMC_1
   totweight 640000
   nautocorr 0
   total_energy { -9.742841079253923   } 
   total_energyvar { 0.09071773715069753   } 
   weight { 1   } 
   weightvar { 0   } 
   kinetic_energy { 7.094492485482074   } 
   kinetic_energyvar { 25.03589385707172   } 
   potential_energy { -17.72075237852999   } 
   potential_energyvar { 27.27200259642854   } 
   nonlocal_energy { 0.8834188137939935   } 
   nonlocal_energyvar { 12.48941564762465   } 
   autocorr_energy { } 
} 

block { 
   label VMC_1
   totweight 640000
   nautocorr 0
   total_energy { -9.743393674165119   } 
   total_energyvar { 0.09507812942638338   } 
   weight { 1   } 
   weightvar { 0   } 
   kinetic_energy { 7.090373572928825   } 
   kinetic_energyvar { 25.54645696187562   } 
   potential_energy { -17.70980738045515   } 
   potential_energyvar { 27.26876721354893   } 
   nonlocal_energy { 0.8760401333612042   } 
   nonlocal_energyvar { 12.88599953877839   } 
   autocorr_energy { } 
} 

block { 
   label VMC_1
   totweight 640000
   nautocorr 0
   total_energy { -9.74283407963868   } 
   total_energyvar { 0.09025621477991308   } 
   weight { 1   } 
   weightvar { 0   } 
   kinetic_energy { 7.088309054441702   } 
   kinetic_energyvar { 25.16244638076419   } 
   potential_energy { -17.70013664690286   } 
   potential_energyvar { 27.47005956323096   } 
   nonlocal_energy { 0.8689935128224799   } 
   nonlocal_energyvar { 12.15211186124941   } 
   autocorr_energy { } 
} 

block { 
   label VMC_1
   totweight 640000
   nautocorr 0
   total_energy { -9.743706586262245   } 
   total_energyvar { 0.09021889592386856   } 
   weight { 1   } 
   weightvar { 0   } 
   kinetic_energy { 7.107795696448689   } 
   kinetic_energyvar { 25.32475231761554   } 
   potential_energy { -17.7204470676655   } 
   potential_energyvar { 27.26036452133957   } 
   nonlocal_energy { 0.8689447849545675   } 
   nonlocal_energyvar { 12.43800559064159   } 
   autocorr_energy { } 
} 

block { 
   label VMC_1
   totweight 640000
   nautocorr 0
   total_energy { -9.743153039464127   } 
   total_energyvar { 0.09173946120031928   } 
   weight { 1   } 
   weightvar { 0   } 
   kinetic_energy { 7.100810691042519   } 
   kinetic_energyvar { 25.92473870650217   } 
   potential_energy { -17.72428919546019   } 
   potential_energyvar { 27.57713891302166   } 
   nonlocal_energy { 0.8803254649535418   } 
   nonlocal_energyvar { 12.57672734064175   } 
   autocorr_energy { } 
} 

block { 
   label VMC_1
   totweight 640000
   nautocorr 0
   total_energy { -9.743265525099353   } 
   total_energyvar { 0.09176743610871085   } 
   weight { 1   } 
   weightvar { 0   } 
   kinetic_energy { 7.12289804196604   } 
   kinetic_energyvar { 25.66127698519392   } 
   potential_energy { -17.75225867210291   } 
   potential_energyvar { 28.20074661008641   } 
   nonlocal_energy { 0.8860951050375181   } 
   nonlocal_energyvar { 12.91963556489363   } 
   autocorr_energy { } 
} 

block { 
   label VMC_1
   totweight 640000
   nautocorr 0
   total_energy { -9.743284473119123   } 
   total_energyvar { 0.09483033818700903   } 
   weight { 1   } 
   weightvar { 0   } 
   kinetic_energy { 7.085231706387709   } 
   kinetic_energyvar { 25.14436286504949   } 
   potential_energy { -17.70657637249984   } 
   potential_energyvar { 27.40201738543118   } 
   nonlocal_energy { 0.8780601929930064   } 
   nonlocal_energyvar { 12.71991056111479   } 
   autocorr_energy { } 
} 

block { 
   label VMC_1
   totweight 640000
   nautocorr 0
   total_energy { -9.742586126148804   } 
   total_energyvar { 0.08963247298272847   } 
   weight { 1   } 
   weightvar { 0   } 
   kinetic_energy { 7.103250497967982   } 
   kinetic_energyvar { 25.17272992895403   } 
   potential_energy { -17.72285025949935   } 
   potential_energyvar { 27.31237467650266   } 
   nonlocal_energy { 0.8770136353825654   } 
   nonlocal_energyvar { 12.20785356706722   } 
   autocorr_energy { } 
} 

block { 
   label VMC_1
   totweight 640000
   nautocorr 0
   total_energy { -9.742919361961677   } 
   total_energyvar { 0.09185967626204672   } 
   weight { 1   } 
   weightvar { 0   } 
   kinetic_energy { 7.104230906669394   } 
   kinetic_energyvar { 25.74481641880196   } 
   potential_energy { -17.70845442785937   } 
   potential_energyvar { 27.41664524341348   } 
   nonlocal_energy { 0.8613041592282945   } 
   nonlocal_energyvar { 12.49228734467259   } 
   autocorr_energy { } 
} 

block { 
   label VMC_1
   totweight 640000
   nautocorr 0
   total_energy { -9.743020453094447   } 
   total_energyvar { 0.09272282244698715   } 
   weight { 1   } 
   weightvar { 0   } 
   kinetic_energy { 7.108125140132104   } 
   kinetic_energyvar { 25.20236531594166   } 
   potential_energy { -17.72535383758384   } 
   potential_energyvar { 27.56395607084249   } 
   nonlocal_energy { 0.8742082443572865   } 
   nonlocal_energyvar { 12.19944205154131   } 
   autocorr_energy { } 
} 

block { 
   label VMC_1
   totweight 640000
   nautocorr 0
   total_energy { -9.743345814689622   } 
   total_energyvar { 0.091650529306321   } 
   weight { 1   } 
   weightvar { 0   } 
   kinetic_energy { 7.10339965256447   } 
   kinetic_energyvar { 25.36069726393933   } 
   potential_energy { -17.72257280604558   } 
   potential_energyvar { 27.87953032081896   } 
   nonlocal_energy { 0.8758273387914852   } 
   nonlocal_energyvar { 12.60087596174958   } 
   autocorr_energy { } 
} 

block { 
   label VMC_1
   totweight 640000
   nautocorr 0
   total_energy { -9.743247400393683   } 
   total_energyvar { 0.08976642820950076   } 
   weight { 1   } 
   weightvar { 0   } 
   kinetic_energy { 7.095554846991029   } 
   kinetic_energyvar { 25.26995378067352   } 
   potential_energy { -17.71801073670496   } 
   potential_energyvar { 28.11783950459517   } 
   nonlocal_energy { 0.8792084893202448   } 
   nonlocal_energyvar { 12.79918266191426   } 
   autocorr_energy { } 
} 

block { 
   label VMC_1
   totweight 640000
   nautocorr 0
   total_energy { -9.742965283284521   } 
   total_energyvar { 0.09142182582264979   } 
   weight { 1   } 
   weightvar { 0   } 
   kinetic_energy { 7.103120478437419   } 
   kinetic_energyvar { 25.64048227129802   } 
   potential_energy { -17.72596796609842   } 
   potential_energyvar { 28.52890444194259   } 
   nonlocal_energy { 0.8798822043764755   } 
   nonlocal_energyvar { 13.4850543462268   } 
   autocorr_energy { } 
} 

block { 
   label VMC_1
   totweight 640000
   nautocorr 0
   total_energy { -9.743005578371379   } 
   total_energyvar { 0.09436723502074074   } 
   weight { 1   } 
   weightvar { 0   } 
   kinetic_energy { 7.07723121068565   } 
   kinetic_energyvar { 25.21834209556375   } 
   potential_energy { -17.68945393433035   } 
   potential_energyvar { 26.75522860590746   } 
   nonlocal_energy { 0.8692171452733209   } 
   nonlocal_energyvar { 12.46279266849533   } 
   autocorr_energy { } 
} 

block { 
   label VMC_1
   totweight 640000
   nautocorr 0
   total_energy { -9.742747497560236   } 
   total_energyvar { 0.09323097098250344   } 
   weight { 1   } 
   weightvar { 0   } 
   kinetic_energy { 7.108209790551289   } 
   kinetic_energyvar { 25.75635672540273   } 
   potential_energy { -17.73854424403638   } 
   potential_energyvar { 28.22986691399683   } 
   nonlocal_energy { 0.8875869559248575   } 
   nonlocal_energyvar { 12.89265266472843   } 
   autocorr_energy { } 
} 

block { 
   label VMC_1
   totweight 640000
   nautocorr 0
   total_energy { -9.742379679880314   } 
   total_energyvar { 0.09414166269446866   } 
   weight { 1   } 
   weightvar { 0   } 
   kinetic_energy { 7.102915717654934   } 
   kinetic_energyvar { 25.69563074376455   } 
   potential_energy { -17.71929725910646   } 
   potential_energyvar { 27.37903425576582   } 
   nonlocal_energy { 0.8740018615712133   } 
   nonlocal_energyvar { 12.6054812802423   } 
   autocorr_energy { } 
} 

block { 
   label VMC_1
   totweight 640000
   nautocorr 0
   total_energy { -9.742268687953077   } 
   total_energyvar { 0.09354958754376241   } 
   weight { 1   } 
   weightvar { 0   } 
   kinetic_energy { 7.116271376905736   } 
   kinetic_energyvar { 25.49079293671073   } 
   potential_energy { -17.7432811096521   } 
   potential_energyvar { 27.48989313012828   } 
   nonlocal_energy { 0.8847410447932833   } 
   nonlocal_energyvar { 12.29431156283236   } 
   autocorr_energy { } 
} 

block { 
   label VMC_1
   totweight 640000
   nautocorr 0
   total_energy { -9.743024784868632   } 
   total_energyvar { 0.0918114825202565   } 
   weight { 1   } 
   weightvar { 0   } 
   kinetic_energy { 7.093281945650616   } 
   kinetic_energyvar { 25.51609242923812   } 
   potential_energy { -17.71577103800097   } 
   potential_energyvar { 27.15949934981393   } 
   nonlocal_energy { 0.879464307481721   } 
   nonlocal_energyvar { 12.80447827799535   } 
   autocorr_energy { } 
} 

block { 
   label VMC_1
   totweight 640000
   nautocorr 0
   total_energy { -9.743293900619703   } 
   total_energyvar { 0.09290192113846274   } 
   weight { 1   } 
   weightvar { 0   } 
   kinetic_energy { 7.100659971473101   } 
   kinetic_energyvar { 25.24990677700252   } 
   potential_energy { -17.72492490226105   } 
   potential_energyvar { 27.75423727574531   } 
   nonlocal_energy { 0.8809710301682481   } 
   nonlocal_energyvar { 12.8938495673172   } 
   autocorr_energy { } 
} 

block { 
   label VMC_1
   totweight 640000
   nautocorr 0
   total_energy { -9.741681789267902   } 
   total_energyvar { 0.09067411347854204   } 
   weight { 1   } 
   weightvar { 0   } 
   kinetic_energy { 7.126835948229045   } 
   kinetic_energyvar { 25.59356040935641   } 
   potential_energy { -17.73620949104592   } 
   potential_energyvar { 27.65685905729669   } 
   nonlocal_energy { 0.8676917535489742   } 
   nonlocal_energyvar { 12.2470684086541   } 
   autocorr_energy { } 
} 

block { 
   label VMC_1
   totweight 640000
   nautocorr 0
   total_energy { -9.74277742914456   } 
   total_energyvar { 0.08962180436964218   } 
   weight { 1   } 
   weightvar { 0   } 
   kinetic_energy { 7.096512705807902   } 
   kinetic_energyvar { 24.95153270433895   } 
   potential_energy { -17.71580705699574   } 
   potential_energyvar { 26.99517288754595   } 
   nonlocal_energy { 0.876516922043275   } 
   nonlocal_energyvar { 11.78587776111311   } 
   autocorr_energy { } 
} 

block { 
   label VMC_1
   totweight 640000
   nautocorr 0
   total_energy { -9.742241740252652   } 
   total_energyvar { 0.0961665232170219   } 
   weight { 1   } 
   weightvar { 0   } 
   kinetic_energy { 7.119063045484829   } 
   kinetic_energyvar { 26.60772346209848   } 
   potential_energy { -17.73115259931232   } 
   potential_energyvar { 28.13493337605632   } 
   nonlocal_energy { 0.8698478135748399   } 
   nonlocal_energyvar { 13.12680101067144   } 
   autocorr_energy { } 
} 

block { 
   label VMC_1
   totweight 640000
   nautocorr 0
   total_energy { -9.74297305747673   } 
   total_energyvar { 0.1089220218173921   } 
   weight { 1   } 
   weightvar { 0   } 
   kinetic_energy { 7.080883152958978   } 
   kinetic_energyvar { 31.76430283248335   } 
   potential_energy { -17.71590220984339   } 
   potential_energyvar { 27.72193449188296   } 
   nonlocal_energy { 0.8920459994076828   } 
   nonlocal_energyvar { 19.78815686818384   } 
   autocorr_energy { } 
} 

block { 
   label VMC_1
   totweight 640000
   nautocorr 0
   total_energy { -9.743289996974516   } 
   total_energyvar { 0.09253781896242685   } 
   weight { 1   } 
   weightvar { 0   } 
   kinetic_energy { 7.108380087175902   } 
   kinetic_energyvar { 25.48920161560282   } 
   potential_energy { -17.74427882771523   } 
   potential_energyvar { 30.36759106259478   } 
   nonlocal_energy { 0.8926087435648191   } 
   nonlocal_energyvar { 15.01009571947472   } 
   autocorr_energy { } 
} 

block { 
   label VMC_1
   totweight 640000
   nautocorr 0
   total_energy { -9.742775310107456   } 
   total_energyvar { 0.09004594247039677   } 
   weight { 1   } 
   weightvar { 0   } 
   kinetic_energy { 7.101974168907455   } 
   kinetic_energyvar { 25.14620991651086   } 
   potential_energy { -17.71500248100714   } 
   potential_energyvar { 27.54398232584072   } 
   nonlocal_energy { 0.87025300199223   } 
   nonlocal_energyvar { 12.4723678063916   } 
   autocorr_energy { } 
} 

block { 
   label VMC_1
   totweight 640000
   nautocorr 0
   total_energy { -9.743454487207018   } 
   total_energyvar { 0.09305567102333612   } 
   weight { 1   } 
   weightvar { 0   } 
   kinetic_energy { 7.070031349641671   } 
   kinetic_energyvar { 25.04812660961556   } 
   potential_energy { -17.67901515231205   } 
   potential_energyvar { 26.45847523651474   } 
   nonlocal_energy { 0.865529315463359   } 
   nonlocal_energyvar { 12.07142164339723   } 
   autocorr_energy { } 
} 

block { 
   label VMC_1
   totweight 640000
   nautocorr 0
   total_energy { -9.743378475486191   } 
   total_energyvar { 0.09068931226978805   } 
   weight { 1   } 
   weightvar { 0   } 
   kinetic_energy { 7.078948458571322   } 
   kinetic_energyvar { 24.95278123501079   } 
   potential_energy { -17.69013503165676   } 
   potential_energyvar { 26.75407453145806   } 
   nonlocal_energy { 0.8678080975992445   } 
   nonlocal_energyvar { 12.40414836102016   } 
   autocorr_energy { } 
} 

block { 
   label VMC_1
   totweight 640000
   nautocorr 0
   total_energy { -9.743322212556   } 
   total_energyvar { 0.08867627274862855   } 
   weight { 1   } 
   weightvar { 0   } 
   kinetic_energy { 7.077347659961772   } 
   kinetic_energyvar { 24.88257274705949   } 
   potential_energy { -17.69719030411485   } 
   potential_energyvar { 27.38301682572336   } 
   nonlocal_energy { 0.8765204315970817   } 
   nonlocal_energyvar { 12.45026777160883   } 
   autocorr_energy { } 
} 

block { 
   label VMC_1
   totweight 640000
   nautocorr 0
   total_energy { -9.742910504909943   } 
   total_energyvar { 0.09159744448885476   } 
   weight { 1   } 
   weightvar { 0   } 
   kinetic_energy { 7.108403320055571   } 
   kinetic_energyvar { 25.47179489205323   } 
   potential_energy { -17.71360517683342   } 
   potential_energyvar { 27.20642159669791   } 
   nonlocal_energy { 0.8622913518679092   } 
   nonlocal_energyvar { 12.36357251311806   } 
   autocorr_energy { } 
} 

block { 
   label VMC_1
   totweight 640000
   nautocorr 0
   total_energy { -9.743115640615072   } 
   total_energyvar { 0.09201110747233088   } 
   weight { 1   } 
   weightvar { 0   } 
   kinetic_energy { 7.074140486148593   } 
   kinetic_energyvar { 24.84343115871709   } 
   potential_energy { -17.6986886463861   } 
   potential_energyvar { 27.61913461061351   } 
   nonlocal_energy { 0.8814325196224309   } 
   nonlocal_energyvar { 12.55961173601237   } 
   autocorr_energy { } 
} 

block { 
   label VMC_1
   totweight 640000
   nautocorr 0
   total_energy { -9.742316833250783   } 
   total_energyvar { 0.09027302141772964   } 
   weight { 1   } 
   weightvar { 0   } 
   kinetic_energy { 7.106227979650811   } 
   kinetic_energyvar { 25.41802926094792   } 
   potential_energy { -17.72068766121738   } 
   potential_energyvar { 27.31129639742989   } 
   nonlocal_energy { 0.8721428483157809   } 
   nonlocal_energyvar { 11.71133480542212   } 
   autocorr_energy { } 
} 

block { 
   label VMC_1
   totweight 640000
   nautocorr 0
   total_energy { -9.742483096709883   } 
   total_energyvar { 0.09049008732026209   } 
   weight { 1   } 
   weightvar { 0   } 
   kinetic_energy { 7.101663944196707   } 
   kinetic_energyvar { 24.99015182014698   } 
   potential_energy { -17.72399649803632   } 
   potential_energyvar { 27.2394349641109   } 
   nonlocal_energy { 0.8798494571297306   } 
   nonlocal_energyvar { 12.10602046022534   } 
   autocorr_energy { } 
} 

block { 
   label VMC_1
   totweight 640000
   nautocorr 0
   total_energy { -9.74269866006466   } 
   total_energyvar { 0.08983324142586468   } 
   weight { 1   } 
   weightvar { 0   } 
   kinetic_energy { 7.112343195548686   } 
   kinetic_energyvar { 25.60242737113384   } 
   potential_energy { -17.74156579485261   } 
   potential_energyvar { 27.78036011354476   } 
   nonlocal_energy { 0.886523939239261   } 
   nonlocal_energyvar { 12.64370194531111   } 
   autocorr_energy { } 
} 

block { 
   label VMC_1
   totweight 640000
   nautocorr 0
   total_energy { -9.743698800192037   } 
   total_energyvar { 0.09435931114369112   } 
   weight { 1   } 
   weightvar { 0   } 
   kinetic_energy { 7.050845314449398   } 
   kinetic_energyvar { 25.03216258345505   } 
   potential_energy { -17.68403230983554   } 
   potential_energyvar { 27.6631658391687   } 
   nonlocal_energy { 0.8894881951941074   } 
   nonlocal_energyvar { 12.91765776402516   } 
   autocorr_energy { } 
} 

block { 
   label VMC_1
   totweight 640000
   nautocorr 0
   total_energy { -9.742923657410563   } 
   total_energyvar { 0.08996466953033178   } 
   weight { 1   } 
   weightvar { 0   } 
   kinetic_energy { 7.078351969730729   } 
   kinetic_energyvar { 24.92467315626742   } 
   potential_energy { -17.68656729544468   } 
   potential_energyvar { 29.36670106213904   } 
   nonlocal_energy { 0.8652916683033948   } 
   nonlocal_energyvar { 14.60224946917349   } 
   autocorr_energy { } 
} 

block { 
   label VMC_1
   totweight 640000
   nautocorr 0
   total_energy { -9.742438510133219   } 
   total_energyvar { 0.08759690328353997   } 
   weight { 1   } 
   weightvar { 0   } 
   kinetic_energy { 7.10945488530201   } 
   kinetic_energyvar { 25.17032712513694   } 
   potential_energy { -17.713404553798   } 
   potential_energyvar { 26.88015046677617   } 
   nonlocal_energy { 0.8615111583627751   } 
   nonlocal_energyvar { 11.89948858363042   } 
   autocorr_energy { } 
} 

block { 
   label VMC_1
   totweight 640000
   nautocorr 0
   total_energy { -9.742951446359228   } 
   total_energyvar { 0.09320311234388612   } 
   weight { 1   } 
   weightvar { 0   } 
   kinetic_energy { 7.102891336389279   } 
   kinetic_energyvar { 25.83415932086163   } 
   potential_energy { -17.72488345353615   } 
   potential_energyvar { 27.38199959643572   } 
   nonlocal_energy { 0.8790406707876433   } 
   nonlocal_energyvar { 12.72509234518564   } 
   autocorr_energy { } 
} 

block { 
   label VMC_1
   totweight 640000
   nautocorr 0
   total_energy { -9.742152632724958   } 
   total_energyvar { 0.08962026469311013   } 
   weight { 1   } 
   weightvar { 0   } 
   kinetic_energy { 7.094383099282702   } 
   kinetic_energyvar { 25.40729020194109   } 
   potential_energy { -17.72410051057128   } 
   potential_energyvar { 27.61493262455548   } 
   nonlocal_energy { 0.8875647785636135   } 
   nonlocal_energyvar { 12.42612226188645   } 
   autocorr_energy { } 
} 

block { 
   label VMC_1
   totweight 640000
   nautocorr 0
   total_energy { -9.74356076073448   } 
   total_energyvar { 0.09204918597059475   } 
   weight { 1   } 
   weightvar { 0   } 
   kinetic_energy { 7.085253213266826   } 
   kinetic_energyvar { 25.45108063924899   } 
   potential_energy { -17.7091245098776   } 
   potential_energyvar { 28.10735335087128   } 
   nonlocal_energy { 0.8803105358762908   } 
   nonlocal_energyvar { 13.07979456363581   } 
   autocorr_energy { } 
} 

block { 
   label VMC_1
   totweight 640000
   nautocorr 0
   total_energy { -9.742396607547366   } 
   total_energyvar { 0.09418241953719075   } 
   weight { 1   } 
   weightvar { 0   } 
   kinetic_energy { 7.104602456988087   } 
   kinetic_energyvar { 25.47957398013875   } 
   potential_energy { -17.71836329338014   } 
   potential_energyvar { 27.14307987188704   } 
   nonlocal_energy { 0.8713642288446861   } 
   nonlocal_energyvar { 12.33234678336878   } 
   autocorr_energy { } 
} 

block { 
   label VMC_1
   totweight 640000
   nautocorr 0
   total_energy { -9.744428982575398   } 
   total_energyvar { 0.09023080389393101   } 
   weight { 1   } 
   weightvar { 0   } 
   kinetic_energy { 7.05900202101323   } 
   kinetic_energyvar { 24.90676849948862   } 
   potential_energy { -17.67730630919043   } 
   potential_energyvar { 26.73748859980873   } 
   nonlocal_energy { 0.8738753056018118   } 
   nonlocal_energyvar { 12.39843870345729   } 
   autocorr_energy { } 
} 

block { 
   label VMC_1
   totweight 640000
   nautocorr 0
   total_energy { -9.742114771978775   } 
   total_energyvar { 0.0920683035168679   } 
   weight { 1   } 
   weightvar { 0   } 
   kinetic_energy { 7.088390988160047   } 
   kinetic_energyvar { 25.51673559147983   } 
   potential_energy { -17.69981568445052   } 
   potential_energyvar { 27.39550788940579   } 
   nonlocal_energy { 0.8693099243116987   } 
   nonlocal_energyvar { 12.65172598073961   } 
   autocorr_energy { } 
} 

block { 
   label VMC_1
   totweight 640000
   nautocorr 0
   total_energy { -9.743400827080293   } 
   total_energyvar { 0.09237157630391835   } 
   weight { 1   } 
   weightvar { 0   } 
   kinetic_energy { 7.048260633920012   } 
   kinetic_energyvar { 24.53859038433716   } 
   potential_energy { -17.6729630459413   } 
   potential_energyvar { 27.83626026813255   } 
   nonlocal_energy { 0.8813015849409892   } 
   nonlocal_energyvar { 13.73770741659071   } 
   autocorr_energy { } 
} 

block { 
   label VMC_1
   totweight 640000
   nautocorr 0
   total_energy { -9.743444291460866   } 
   total_energyvar { 0.09052725580700383   } 
   weight { 1   } 
   weightvar { 0   } 
   kinetic_energy { 7.084004208615636   } 
   kinetic_energyvar { 25.04450499221325   } 
   potential_energy { -17.69484554932806   } 
   potential_energyvar { 27.22277700399587   } 
   nonlocal_energy { 0.8673970492515615   } 
   nonlocal_energyvar { 12.21413670337643   } 
   autocorr_energy { } 
} 

block { 
   label VMC_1
   totweight 640000
   nautocorr 0
   total_energy { -9.743228805602781   } 
   total_energyvar { 0.08911553478831991   } 
   weight { 1   } 
   weightvar { 0   } 
   kinetic_energy { 7.097675917109349   } 
   kinetic_energyvar { 24.70536597969207   } 
   potential_energy { -17.71881883822537   } 
   potential_energyvar { 27.25223660336979   } 
   nonlocal_energy { 0.8779141155132379   } 
   nonlocal_energyvar { 11.93485356471066   } 
   autocorr_energy { } 
} 

block { 
   label VMC_1
   totweight 640000
   nautocorr 0
   total_energy { -9.743421718210669   } 
   total_energyvar { 0.09246608182836269   } 
   weight { 1   } 
   weightvar { 0   } 
   kinetic_energy { 7.098737936095571   } 
   kinetic_energyvar { 25.35251796008867   } 
   potential_energy { -17.73406336816306   } 
   potential_energyvar { 27.67295945485733   } 
   nonlocal_energy { 0.8919037138568215   } 
   nonlocal_energyvar { 12.56847533852707   } 
   autocorr_energy { } 
} 

block { 
   label VMC_1
   totweight 640000
   nautocorr 0
   total_energy { -9.743482047565173   } 
   total_energyvar { 0.0914819164677283   } 
   weight { 1   } 
   weightvar { 0   } 
   kinetic_energy { 7.096406594176491   } 
   kinetic_energyvar { 25.04178262225253   } 
   potential_energy { -17.71991377618817   } 
   potential_energyvar { 28.09525630543948   } 
   nonlocal_energy { 0.880025134446504   } 
   nonlocal_energyvar { 12.90394249349278   } 
   autocorr_energy { } 
} 

block { 
   label VMC_1
   totweight 640000
   nautocorr 0
   total_energy { -9.743315479921526   } 
   total_energyvar { 0.09192459472414782   } 
   weight { 1   } 
   weightvar { 0   } 
   kinetic_energy { 7.106027206068119   } 
   kinetic_energyvar { 24.88481934032183   } 
   potential_energy { -17.73500572870612   } 
   potential_energyvar { 27.39630350713105   } 
   nonlocal_energy { 0.8856630427164777   } 
   nonlocal_energyvar { 12.00867193401112   } 
   autocorr_energy { } 
} 

block { 
   label VMC_1
   totweight 640000
   nautocorr 0
   total_energy { -9.743043193427148   } 
   total_energyvar { 0.09005787547991417   } 
   weight { 1   } 
   weightvar { 0   } 
   kinetic_energy { 7.084671583609654   } 
   kinetic_energyvar { 25.47457195709838   } 
   potential_energy { -17.6983553028027   } 
   potential_energyvar { 27.17270820255862   } 
   nonlocal_energy { 0.8706405257659008   } 
   nonlocal_energyvar { 12.8313796876157   } 
   autocorr_energy { } 
} 

block { 
   label VMC_1
   totweight 640000
   nautocorr 0
   total_energy { -9.743168242921826   } 
   total_energyvar { 0.09282122189370057   } 
   weight { 1   } 
   weightvar { 0   } 
   kinetic_energy { 7.102990948279522   } 
   kinetic_energyvar { 25.51449349785668   } 
   potential_energy { -17.71978242412716   } 
   potential_energyvar { 27.12416269712202   } 
   nonlocal_energy { 0.8736232329258095   } 
   nonlocal_energyvar { 12.75770203386865   } 
   autocorr_energy { } 
} 

block { 
   label VMC_1
   totweight 640000
   nautocorr 0
   total_energy { -9.742370231622115   } 
   total_energyvar { 0.08976216217978106   } 
   weight { 1   } 
   weightvar { 0   } 
   kinetic_energy { 7.10842474925796   } 
   kinetic_energyvar { 25.08993792493328   } 
   potential_energy { -17.72710745326312   } 
   potential_energyvar { 27.35743458130457   } 
   nonlocal_energy { 0.8763124723830404   } 
   nonlocal_energyvar { 11.92876694970739   } 
   autocorr_energy { } 
} 

block { 
   label VMC_1
   totweight 640000
   nautocorr 0
   total_energy { -9.743511102161742   } 
   total_energyvar { 0.09027127370796961   } 
   weight { 1   } 
   weightvar { 0   } 
   kinetic_energy { 7.075677786934851   } 
   kinetic_energyvar { 25.14901940476793   } 
   potential_energy { -17.70291006591992   } 
   potential_energyvar { 27.54869542941975   } 
   nonlocal_energy { 0.8837211768233263   } 
   nonlocal_energyvar { 12.75279329046092   } 
   autocorr_energy { } 
} 

block { 
   label VMC_1
   totweight 640000
   nautocorr 0
   total_energy { -9.742192340941175   } 
   total_energyvar { 0.0893994231574311   } 
   weight { 1   } 
   weightvar { 0   } 
   kinetic_energy { 7.102624390552797   } 
   kinetic_energyvar { 25.25863110611462   } 
   potential_energy { -17.70739933150021   } 
   potential_energyvar { 26.61790303471099   } 
   nonlocal_energy { 0.8625826000062345   } 
   nonlocal_energyvar { 11.71529270121115   } 
   autocorr_energy { } 
} 

block { 
   label VMC_1
   totweight 640000
   nautocorr 0
   total_energy { -9.742930825563345   } 
   total_energyvar { 0.08771162138634736   } 
   weight { 1   } 
   weightvar { 0   } 
   kinetic_energy { 7.081250615228301   } 
   kinetic_energyvar { 24.88554068495266   } 
   potential_energy { -17.6832382398504   } 
   potential_energyvar { 26.83832612332651   } 
   nonlocal_energy { 0.8590567990587537   } 
   nonlocal_energyvar { 11.68294165681872   } 
   autocorr_energy { } 
} 

block { 
   label VMC_1
   totweight 640000
   nautocorr 0
   total_energy { -9.742927223925443   } 
   total_energyvar { 0.08860649742727844   } 
   weight { 1   } 
   weightvar { 0   } 
   kinetic_energy { 7.10342862922497   } 
   kinetic_energyvar { 25.02184936339544   } 
   potential_energy { -17.71579033382257   } 
   potential_energyvar { 27.70842437363683   } 
   nonlocal_energy { 0.8694344806721532   } 
   nonlocal_energyvar { 12.50891524723218   } 
   autocorr_energy { } 
} 

block { 
   label VMC_1
   totweight 640000
   nautocorr 0
   total_energy { -9.742704686071873   } 
   total_energyvar { 0.09015444870532008   } 
   weight { 1   } 
   weightvar { 0   } 
   kinetic_energy { 7.095174980363741   } 
   kinetic_energyvar { 25.4251952020797   } 
   potential_energy { -17.70197818809389   } 
   potential_energyvar { 26.77485715059771   } 
   nonlocal_energy { 0.8640985216582805   } 
   nonlocal_energyvar { 11.98995194392637   } 
   autocorr_energy { } 
} 

block { 
   label VMC_1
   totweight 640000
   nautocorr 0
   total_energy { -9.744184393213331   } 
   total_energyvar { 0.09390353685282093   } 
   weight { 1   } 
   weightvar { 0   } 
   kinetic_energy { 7.092219524400178   } 
   kinetic_energyvar { 25.64261818428889   } 
   potential_energy { -17.71551532446498   } 
   potential_energyvar { 27.72161781953787   } 
   nonlocal_energy { 0.8791114068514746   } 
   nonlocal_energyvar { 12.68775834458335   } 
   autocorr_energy { } 
} 

block { 
   label VMC_1
   totweight 640000
   nautocorr 0
   total_energy { -9.742961645741415   } 
   total_energyvar { 0.09132133190644254   } 
   weight { 1   } 
   weightvar { 0   } 
   kinetic_energy { 7.08904449915563   } 
   kinetic_energyvar { 25.28087385275281   } 
   potential_energy { -17.71171711654369   } 
   potential_energyvar { 27.38927115261066   } 
   nonlocal_energy { 0.879710971646641   } 
   nonlocal_energyvar { 12.72331016712061   } 
   autocorr_energy { } 
} 

block { 
   label VMC_1
   totweight 640000
   nautocorr 0
   total_energy { -9.742787924552539   } 
   total_energyvar { 0.09053485026372243   } 
   weight { 1   } 
   weightvar { 0   } 
   kinetic_energy { 7.104315205954519   } 
   kinetic_energyvar { 25.05567944234252   } 
   potential_energy { -17.71434874741158   } 
   potential_energyvar { 27.43665700728769   } 
   nonlocal_energy { 0.8672456169045268   } 
   nonlocal_energyvar { 12.33941785804455   } 
   autocorr_energy { } 
} 

block { 
   label VMC_1
   totweight 640000
   nautocorr 0
   total_energy { -9.7426592190506   } 
   total_energyvar { 0.09068360181377955   } 
   weight { 1   } 
   weightvar { 0   } 
   kinetic_energy { 7.131262217352281   } 
   kinetic_energyvar { 25.32612672988855   } 
   potential_energy { -17.75115473049634   } 
   potential_energyvar { 29.79213514088616   } 
   nonlocal_energy { 0.8772332940934535   } 
   nonlocal_energyvar { 14.51289840265137   } 
   autocorr_energy { } 
} 

block { 
   label VMC_1
   totweight 640000
   nautocorr 0
   total_energy { -9.743248984194313   } 
   total_energyvar { 0.08939219734934056   } 
   weight { 1   } 
   weightvar { 0   } 
   kinetic_energy { 7.104418815233895   } 
   kinetic_energyvar { 25.05659592962375   } 
   potential_energy { -17.71482984554184   } 
   potential_energyvar { 27.57070822453471   } 
   nonlocal_energy { 0.8671620461136267   } 
   nonlocal_energyvar { 12.76081278357027   } 
   autocorr_energy { } 
} 

block { 
   label VMC_1
   totweight 640000
   nautocorr 0
   total_energy { -9.743605219280218   } 
   total_energyvar { 0.09080851301338555   } 
   weight { 1   } 
   weightvar { 0   } 
   kinetic_energy { 7.089970725437478   } 
   kinetic_energyvar { 24.83122259518111   } 
   potential_energy { -17.71487101290318   } 
   potential_energyvar { 27.34075913487658   } 
   nonlocal_energy { 0.881295068185488   } 
   nonlocal_energyvar { 12.16474088241026   } 
   autocorr_energy { } 
} 

block { 
   label VMC_1
   totweight 640000
   nautocorr 0
   total_energy { -9.743605685407593   } 
   total_energyvar { 0.09111336003712722   } 
   weight { 1   } 
   weightvar { 0   } 
   kinetic_energy { 7.072920690757467   } 
   kinetic_energyvar { 25.48633635855174   } 
   potential_energy { -17.69100092911047   } 
   potential_energyvar { 26.79613530006213   } 
   nonlocal_energy { 0.8744745529454147   } 
   nonlocal_energyvar { 12.61937767405913   } 
   autocorr_energy { } 
} 

block { 
   label VMC_1
   totweight 640000
   nautocorr 0
   total_energy { -9.742345888429632   } 
   total_energyvar { 0.09376154072364784   } 
   weight { 1   } 
   weightvar { 0   } 
   kinetic_energy { 7.085103899836882   } 
   kinetic_energyvar { 25.94430161231251   } 
   potential_energy { -17.70602512546429   } 
   potential_energyvar { 27.40395639273788   } 
   nonlocal_energy { 0.8785753371977764   } 
   nonlocal_energyvar { 12.78922322950332   } 
   autocorr_energy { } 
} 

block { 
   label VMC_1
   totweight 640000
   nautocorr 0
   total_energy { -9.742997441477019   } 
   total_energyvar { 0.092901430685842   } 
   weight { 1   } 
   weightvar { 0   } 
   kinetic_energy { 7.09888089395436   } 
   kinetic_energyvar { 25.49744250237407   } 
   potential_energy { -17.71621516738317   } 
   potential_energyvar { 27.51826633813124   } 
   nonlocal_energy { 0.8743368319517922   } 
   nonlocal_energyvar { 12.45172835486061   } 
   autocorr_energy { } 
} 

block { 
   label VMC_1
   totweight 640000
   nautocorr 0
   total_energy { -9.743138708320224   } 
   total_energyvar { 0.09131848735628978   } 
   weight { 1   } 
   weightvar { 0   } 
   kinetic_energy { 7.086561006631629   } 
   kinetic_energyvar { 25.31511518617594   } 
   potential_energy { -17.70683338240924   } 
   potential_energyvar { 27.65297477794036   } 
   nonlocal_energy { 0.8771336674573911   } 
   nonlocal_energyvar { 12.90866419049848   } 
   autocorr_energy { } 
} 

block { 
   label VMC_1
   totweight 640000
   nautocorr 0
   total_energy { -9.743530424731391   } 
   total_energyvar { 0.09241036990187013   } 
   weight { 1   } 
   weightvar { 0   } 
   kinetic_energy { 7.092242145125065   } 
   kinetic_energyvar { 24.90411788426971   } 
   potential_energy { -17.7137017132642   } 
   potential_energyvar { 27.37366883423226   } 
   nonlocal_energy { 0.877929143407749   } 
   nonlocal_energyvar { 12.33291251250341   } 
   autocorr_energy { } 
} 

block { 
   label VMC_1
   totweight 640000
   nautocorr 0
   total_energy { -9.742573081111647   } 
   total_energyvar { 0.09679588772972636   } 
   weight { 1   } 
   weightvar { 0   } 
   kinetic_energy { 7.061685042866184   } 
   kinetic_energyvar { 24.49288759664249   } 
   potential_energy { -17.67293736589893   } 
   potential_energyvar { 26.69903716150066   } 
   nonlocal_energy { 0.8686792419210995   } 
   nonlocal_energyvar { 11.87570296976483   } 
   autocorr_energy { } 
} 

block { 
   label VMC_1
   totweight 640000
   nautocorr 0
   total_energy { -9.742616852469245   } 
   total_energyvar { 0.09246886298552681   } 
   weight { 1   } 
   weightvar { 0   } 
   kinetic_energy { 7.079457419777216   } 
   kinetic_energyvar { 25.38552679727406   } 
   potential_energy { -17.70634289038587   } 
   potential_energyvar { 27.83174614997893   } 
   nonlocal_energy { 0.8842686181394027   } 
   nonlocal_energyvar { 12.6898080221244   } 
   autocorr_energy { } 
} 

block { 
   label VMC_1
   totweight 640000
   nautocorr 0
   total_energy { -9.743729418740173   } 
   total_energyvar { 0.09056328111284984   } 
   weight { 1   } 
   weightvar { 0   } 
   kinetic_energy { 7.085424239279618   } 
   kinetic_energyvar { 24.43797266426868   } 
   potential_energy { -17.7034079878719   } 
   potential_energyvar { 26.94875136130128   } 
   nonlocal_energy { 0.8742543298521128   } 
   nonlocal_energyvar { 11.93972419830427   } 
   autocorr_energy { } 
} 

block { 
   label VMC_1
   totweight 640000
   nautocorr 0
   total_energy { -9.743037910058915   } 
   total_energyvar { 0.0893679004335155   } 
   weight { 1   } 
   weightvar { 0   } 
   kinetic_energy { 7.092337963881029   } 
   kinetic_energyvar { 25.01762820110493   } 
   potential_energy { -17.70214154578601   } 
   potential_energyvar { 27.35859593905298   } 
   nonlocal_energy { 0.8667656718460636   } 
   nonlocal_energyvar { 12.36405584547929   } 
   autocorr_energy { } 
} 

block { 
   label VMC_1
   totweight 640000
   nautocorr 0
   total_energy { -9.742745547854703   } 
   total_energyvar { 0.09107983720370783   } 
   weight { 1   } 
   weightvar { 0   } 
   kinetic_energy { 7.114978629335406   } 
   kinetic_energyvar { 25.52492092262455   } 
   potential_energy { -17.73565675281279   } 
   potential_energyvar { 27.28957592664034   } 
   nonlocal_energy { 0.8779325756226821   } 
   nonlocal_energyvar { 12.17732162631834   } 
   autocorr_energy { } 
} 

block { 
   label VMC_1
   totweight 640000
   nautocorr 0
   total_energy { -9.743454302545407   } 
   total_energyvar { 0.09261412264957869   } 
   weight { 1   } 
   weightvar { 0   } 
   kinetic_energy { 7.113658060182281   } 
   kinetic_energyvar { 25.88647169852587   } 
   potential_energy { -17.72864509862575   } 
   potential_energyvar { 27.44800265878109   } 
   nonlocal_energy { 0.8715327358980612   } 
   nonlocal_energyvar { 12.64982023749062   } 
   autocorr_energy { } 
} 

block { 
   label VMC_1
   totweight 640000
   nautocorr 0
   total_energy { -9.743488011333007   } 
   total_energyvar { 0.08939470633124813   } 
   weight { 1   } 
   weightvar { 0   } 
   kinetic_energy { 7.102279120869015   } 
   kinetic_energyvar { 25.19750565752474   } 
   potential_energy { -17.72039218976178   } 
   potential_energyvar { 27.80880459266365   } 
   nonlocal_energy { 0.8746250575597611   } 
   nonlocal_energyvar { 13.30862978704681   } 
   autocorr_energy { } 
} 

block { 
   label VMC_1
   totweight 640000
   nautocorr 0
   total_energy { -9.742530681388613   } 
   total_energyvar { 0.09485006381466121   } 
   weight { 1   } 
   weightvar { 0   } 
   kinetic_energy { 7.082830383284954   } 
   kinetic_energyvar { 24.95010030923832   } 
   potential_energy { -17.6929795486299   } 
   potential_energyvar { 27.14797945865155   } 
   nonlocal_energy { 0.8676184839563291   } 
   nonlocal_energyvar { 12.41610702752135   } 
   autocorr_energy { } 
} 

block { 
   label VMC_1
   totweight 640000
   nautocorr 0
   total_energy { -9.74261365710016   } 
   total_energyvar { 0.09131342979625856   } 
   weight { 1   } 
   weightvar { 0   } 
   kinetic_energy { 7.097784716251091   } 
   kinetic_energyvar { 24.85849298172723   } 
   potential_energy { -17.70938790380578   } 
   potential_energyvar { 27.27895328735059   } 
   nonlocal_energy { 0.8689895304545343   } 
   nonlocal_energyvar { 11.95584829074552   } 
   autocorr_energy { } 
} 

block { 
   label VMC_1
   totweight 640000
   nautocorr 0
   total_energy { -9.743139535585589   } 
   total_energyvar { 0.08918436704911414   } 
   weight { 1   } 
   weightvar { 0   } 
   kinetic_energy { 7.113060392920296   } 
   kinetic_energyvar { 25.2194406709785   } 
   potential_energy { -17.72904266213819   } 
   potential_energyvar { 27.97660546006932   } 
   nonlocal_energy { 0.872842733632304   } 
   nonlocal_energyvar { 12.58725802537423   } 
   autocorr_energy { } 
} 

block { 
   label VMC_1
   totweight 640000
   nautocorr 0
   total_energy { -9.742614983932755   } 
   total_energyvar { 0.09277124714270713   } 
   weight { 1   } 
   weightvar { 0   } 
   kinetic_energy { 7.151746354358991   } 
   kinetic_energyvar { 26.2074535232246   } 
   potential_energy { -17.77288139929614   } 
   potential_energyvar { 28.9728894866422   } 
   nonlocal_energy { 0.8785200610043856   } 
   nonlocal_energyvar { 13.48190598128294   } 
   autocorr_energy { } 
} 

block { 
   label VMC_1
   totweight 640000
   nautocorr 0
   total_energy { -9.742383303558679   } 
   total_energyvar { 0.09190295552794225   } 
   weight { 1   } 
   weightvar { 0   } 
   kinetic_energy { 7.095061314200625   } 
   kinetic_energyvar { 26.32789592523176   } 
   potential_energy { -17.71494145508391   } 
   potential_energyvar { 27.49380683748825   } 
   nonlocal_energy { 0.877496837324611   } 
   nonlocal_energyvar { 13.75584089099659   } 
   autocorr_energy { } 
} 

block { 
   label VMC_1
   totweight 640000
   nautocorr 0
   total_energy { -9.743732047479943   } 
   total_energyvar { 0.09162047032556586   } 
   weight { 1   } 
   weightvar { 0   } 
   kinetic_energy { 7.103680624695395   } 
   kinetic_energyvar { 25.03157704683731   } 
   potential_energy { -17.71299452148888   } 
   potential_energyvar { 26.8174778303781   } 
   nonlocal_energy { 0.8655818493135401   } 
   nonlocal_energyvar { 11.91628886200847   } 
   autocorr_energy { } 
} 

block { 
   label VMC_1
   totweight 640000
   nautocorr 0
   total_energy { -9.74259478292629   } 
   total_energyvar { 0.0906036003781594   } 
   weight { 1   } 
   weightvar { 0   } 
   kinetic_energy { 7.064212104765323   } 
   kinetic_energyvar { 25.26772119037385   } 
   potential_energy { -17.6655514732559   } 
   potential_energyvar { 26.47566908496009   } 
   nonlocal_energy { 0.8587445855642895   } 
   nonlocal_energyvar { 12.55372505086879   } 
   autocorr_energy { } 
} 

block { 
   label VMC_1
   totweight 640000
   nautocorr 0
   total_energy { -9.742410628296881   } 
   total_energyvar { 0.0987573469818841   } 
   weight { 1   } 
   weightvar { 0   } 
   kinetic_energy { 7.097598345868072   } 
   kinetic_energyvar { 25.9959645676829   } 
   potential_energy { -17.73171618625322   } 
   potential_energyvar { 28.30085235413372   } 
   nonlocal_energy { 0.8917072120882669   } 
   nonlocal_energyvar { 12.95994358288276   } 
   autocorr_energy { } 
} 

block { 
   label VMC_1
   totweight 640000
   nautocorr 0
   total_energy { -9.743193569724966   } 
   total_energyvar { 0.08928200643822493   } 
   weight { 1   } 
   weightvar { 0   } 
   kinetic_energy { 7.101623557950622   } 
   kinetic_energyvar { 25.13240396497849   } 
   potential_energy { -17.72825531003672   } 
   potential_energyvar { 27.1574929576945   } 
   nonlocal_energy { 0.8834381823611258   } 
   nonlocal_energyvar { 12.16931695088252   } 
   autocorr_energy { } 
} 

