#-------------------------------------------------
#VMC run: timestep 2.5 nconfig 6400 steps 100
#-------------------------------------------------


init { 
   label VMC_1
}
block { 
   label VMC_1
   totweight 640000
   nautocorr 0
   total_energy { -9.743650741702249   } 
   total_energyvar { 0.0964781695378889   } 
   weight { 1   } 
   weightvar { 0   } 
   kinetic_energy { 7.115766175998917   } 
   kinetic_energyvar { 25.59434976138996   } 
   potential_energy { -17.77103536248849   } 
   potential_energyvar { 27.78793687585903   } 
   nonlocal_energy { 0.9116184447873315   } 
   nonlocal_energyvar { 12.92682281517053   } 
   autocorr_energy { } 
} 

block { 
   label VMC_1
   totweight 640000
   nautocorr 0
   total_energy { -9.744011374640245   } 
   total_energyvar { 0.09505458317345017   } 
   weight { 1   } 
   weightvar { 0   } 
   kinetic_energy { 7.101323545385211   } 
   kinetic_energyvar { 24.91714952440327   } 
   potential_energy { -17.72830882184731   } 
   potential_energyvar { 27.10911463164479   } 
   nonlocal_energy { 0.8829739018218553   } 
   nonlocal_energyvar { 12.24386850644074   } 
   autocorr_energy { } 
} 

block { 
   label VMC_1
   totweight 640000
   nautocorr 0
   total_energy { -9.743857510023831   } 
   total_energyvar { 0.09476034511713749   } 
   weight { 1   } 
   weightvar { 0   } 
   kinetic_energy { 7.097659000971458   } 
   kinetic_energyvar { 25.24468979701141   } 
   potential_energy { -17.72100001491943   } 
   potential_energyvar { 27.24637534516751   } 
   nonlocal_energy { 0.8794835039241374   } 
   nonlocal_energyvar { 13.01384864232412   } 
   autocorr_energy { } 
} 

block { 
   label VMC_1
   totweight 640000
   nautocorr 0
   total_energy { -9.743830582794823   } 
   total_energyvar { 0.09684252981598718   } 
   weight { 1   } 
   weightvar { 0   } 
   kinetic_energy { 7.11087250302138   } 
   kinetic_energyvar { 25.31907260364252   } 
   potential_energy { -17.7394022101966   } 
   potential_energyvar { 27.69040823370051   } 
   nonlocal_energy { 0.8846991243803963   } 
   nonlocal_energyvar { 13.09889098179511   } 
   autocorr_energy { } 
} 

block { 
   label VMC_1
   totweight 640000
   nautocorr 0
   total_energy { -9.74281474057903   } 
   total_energyvar { 0.101476931610506   } 
   weight { 1   } 
   weightvar { 0   } 
   kinetic_energy { 7.087771635365882   } 
   kinetic_energyvar { 25.34006608489658   } 
   potential_energy { -17.73157669476679   } 
   potential_energyvar { 27.57569407947318   } 
   nonlocal_energy { 0.9009903188218801   } 
   nonlocal_energyvar { 12.95094433501812   } 
   autocorr_energy { } 
} 

block { 
   label VMC_1
   totweight 640000
   nautocorr 0
   total_energy { -9.743289269896799   } 
   total_energyvar { 0.09546071785639754   } 
   weight { 1   } 
   weightvar { 0   } 
   kinetic_energy { 7.081078214392715   } 
   kinetic_energyvar { 24.73733670138053   } 
   potential_energy { -17.70484598258081   } 
   potential_energyvar { 27.10851464083515   } 
   nonlocal_energy { 0.8804784982912948   } 
   nonlocal_energyvar { 12.30400215744066   } 
   autocorr_energy { } 
} 

block { 
   label VMC_1
   totweight 640000
   nautocorr 0
   total_energy { -9.744046706138873   } 
   total_energyvar { 0.09681854637425147   } 
   weight { 1   } 
   weightvar { 0   } 
   kinetic_energy { 7.110197086275593   } 
   kinetic_energyvar { 25.69269696644609   } 
   potential_energy { -17.75788458984896   } 
   potential_energyvar { 28.22889375955174   } 
   nonlocal_energy { 0.9036407974344962   } 
   nonlocal_energyvar { 13.43753595547298   } 
   autocorr_energy { } 
} 

block { 
   label VMC_1
   totweight 640000
   nautocorr 0
   total_energy { -9.743915081519127   } 
   total_energyvar { 0.1019503982710432   } 
   weight { 1   } 
   weightvar { 0   } 
   kinetic_energy { 7.111015895581985   } 
   kinetic_energyvar { 25.86606617220912   } 
   potential_energy { -17.75269695457653   } 
   potential_energyvar { 28.17801220217115   } 
   nonlocal_energy { 0.8977659774754233   } 
   nonlocal_energyvar { 13.61770835575447   } 
   autocorr_energy { } 
} 

block { 
   label VMC_1
   totweight 640000
   nautocorr 0
   total_energy { -9.742952302854363   } 
   total_energyvar { 0.0929112797283409   } 
   weight { 1   } 
   weightvar { 0   } 
   kinetic_energy { 7.080858964683561   } 
   kinetic_energyvar { 25.19829555843649   } 
   potential_energy { -17.70776909403622   } 
   potential_energyvar { 27.22780797337805   } 
   nonlocal_energy { 0.8839578264982995   } 
   nonlocal_energyvar { 12.63457798164456   } 
   autocorr_energy { } 
} 

block { 
   label VMC_1
   totweight 640000
   nautocorr 0
   total_energy { -9.743279225870403   } 
   total_energyvar { 0.09542032156001312   } 
   weight { 1   } 
   weightvar { 0   } 
   kinetic_energy { 7.074154859508037   } 
   kinetic_energyvar { 25.28868181033842   } 
   potential_energy { -17.70118093066836   } 
   potential_energyvar { 26.97656155717397   } 
   nonlocal_energy { 0.8837468452899211   } 
   nonlocal_energyvar { 12.65437104294805   } 
   autocorr_energy { } 
} 

block { 
   label VMC_1
   totweight 640000
   nautocorr 0
   total_energy { -9.744082817374057   } 
   total_energyvar { 0.09506057211903851   } 
   weight { 1   } 
   weightvar { 0   } 
   kinetic_energy { 7.082305416220828   } 
   kinetic_energyvar { 25.10003914212862   } 
   potential_energy { -17.71635566015138   } 
   potential_energyvar { 27.53540939289519   } 
   nonlocal_energy { 0.8899674265564892   } 
   nonlocal_energyvar { 12.55974202873803   } 
   autocorr_energy { } 
} 

block { 
   label VMC_1
   totweight 640000
   nautocorr 0
   total_energy { -9.743303114125981   } 
   total_energyvar { 0.09437007065369585   } 
   weight { 1   } 
   weightvar { 0   } 
   kinetic_energy { 7.082441433823434   } 
   kinetic_energyvar { 25.06804386349314   } 
   potential_energy { -17.71316296732286   } 
   potential_energyvar { 27.13396514172911   } 
   nonlocal_energy { 0.8874184193734466   } 
   nonlocal_energyvar { 12.35563313945545   } 
   autocorr_energy { } 
} 

block { 
   label VMC_1
   totweight 640000
   nautocorr 0
   total_energy { -9.744018215746392   } 
   total_energyvar { 0.1007358175457256   } 
   weight { 1   } 
   weightvar { 0   } 
   kinetic_energy { 7.097540618459228   } 
   kinetic_energyvar { 25.94976484256633   } 
   potential_energy { -17.74189562151167   } 
   potential_energyvar { 27.81466822087839   } 
   nonlocal_energy { 0.9003367873060557   } 
   nonlocal_energyvar { 13.21970921113912   } 
   autocorr_energy { } 
} 

block { 
   label VMC_1
   totweight 640000
   nautocorr 0
   total_energy { -9.742684644294508   } 
   total_energyvar { 0.09694023813079866   } 
   weight { 1   } 
   weightvar { 0   } 
   kinetic_energy { 7.079907439358951   } 
   kinetic_energyvar { 25.69464550503219   } 
   potential_energy { -17.71409381339993   } 
   potential_energyvar { 27.1176368045297   } 
   nonlocal_energy { 0.8915017297464705   } 
   nonlocal_energyvar { 12.61521239699275   } 
   autocorr_energy { } 
} 

block { 
   label VMC_1
   totweight 640000
   nautocorr 0
   total_energy { -9.743588458545474   } 
   total_energyvar { 0.09665025391591087   } 
   weight { 1   } 
   weightvar { 0   } 
   kinetic_energy { 7.080962991647286   } 
   kinetic_energyvar { 24.76648840733542   } 
   potential_energy { -17.70806456041552   } 
   potential_energyvar { 27.73253683477986   } 
   nonlocal_energy { 0.8835131102227595   } 
   nonlocal_energyvar { 12.94172184192533   } 
   autocorr_energy { } 
} 

block { 
   label VMC_1
   totweight 640000
   nautocorr 0
   total_energy { -9.742874517953528   } 
   total_energyvar { 0.09609348483157021   } 
   weight { 1   } 
   weightvar { 0   } 
   kinetic_energy { 7.091073990702501   } 
   kinetic_energyvar { 25.32710769404574   } 
   potential_energy { -17.72461552396131   } 
   potential_energyvar { 28.19706788783503   } 
   nonlocal_energy { 0.8906670153052819   } 
   nonlocal_energyvar { 13.20319920298388   } 
   autocorr_energy { } 
} 

block { 
   label VMC_1
   totweight 640000
   nautocorr 0
   total_energy { -9.743267364472755   } 
   total_energyvar { 0.09732379501573973   } 
   weight { 1   } 
   weightvar { 0   } 
   kinetic_energy { 7.084450179570036   } 
   kinetic_energyvar { 24.82756058330312   } 
   potential_energy { -17.70976303485659   } 
   potential_energyvar { 27.22276958670165   } 
   nonlocal_energy { 0.8820454908137976   } 
   nonlocal_energyvar { 12.2696220550969   } 
   autocorr_energy { } 
} 

block { 
   label VMC_1
   totweight 640000
   nautocorr 0
   total_energy { -9.742649960571509   } 
   total_energyvar { 0.1061136520023496   } 
   weight { 1   } 
   weightvar { 0   } 
   kinetic_energy { 7.068693977980348   } 
   kinetic_energyvar { 25.79803827356144   } 
   potential_energy { -17.70288796115513   } 
   potential_energyvar { 26.85416670636238   } 
   nonlocal_energy { 0.8915440226032769   } 
   nonlocal_energyvar { 13.57591197635426   } 
   autocorr_energy { } 
} 

block { 
   label VMC_1
   totweight 640000
   nautocorr 0
   total_energy { -9.74300493507471   } 
   total_energyvar { 0.09531764992802039   } 
   weight { 1   } 
   weightvar { 0   } 
   kinetic_energy { 7.070097576774751   } 
   kinetic_energyvar { 24.69136125247947   } 
   potential_energy { -17.71014444012962   } 
   potential_energyvar { 26.95116749872187   } 
   nonlocal_energy { 0.8970419282801576   } 
   nonlocal_energyvar { 12.35207287226286   } 
   autocorr_energy { } 
} 

block { 
   label VMC_1
   totweight 640000
   nautocorr 0
   total_energy { -9.743146965155072   } 
   total_energyvar { 0.1014497159367949   } 
   weight { 1   } 
   weightvar { 0   } 
   kinetic_energy { 7.098603246725439   } 
   kinetic_energyvar { 25.6963397189186   } 
   potential_energy { -17.72224928070828   } 
   potential_energyvar { 26.86920558614349   } 
   nonlocal_energy { 0.8804990688277634   } 
   nonlocal_energyvar { 12.70255605991564   } 
   autocorr_energy { } 
} 

block { 
   label VMC_1
   totweight 640000
   nautocorr 0
   total_energy { -9.743988018413592   } 
   total_energyvar { 0.0956970394271508   } 
   weight { 1   } 
   weightvar { 0   } 
   kinetic_energy { 7.065927192951416   } 
   kinetic_energyvar { 25.18186349881186   } 
   potential_energy { -17.70373628865778   } 
   potential_energyvar { 27.24205271063386   } 
   nonlocal_energy { 0.8938210772927719   } 
   nonlocal_energyvar { 12.72517857814872   } 
   autocorr_energy { } 
} 

block { 
   label VMC_1
   totweight 640000
   nautocorr 0
   total_energy { -9.743064939632905   } 
   total_energyvar { 0.09682013237596721   } 
   weight { 1   } 
   weightvar { 0   } 
   kinetic_energy { 7.102130383873073   } 
   kinetic_energyvar { 25.66818688621154   } 
   potential_energy { -17.73709792309663   } 
   potential_energyvar { 27.44736491611275   } 
   nonlocal_energy { 0.8919025995906497   } 
   nonlocal_energyvar { 13.10469995441523   } 
   autocorr_energy { } 
} 

block { 
   label VMC_1
   totweight 640000
   nautocorr 0
   total_energy { -9.743357429529901   } 
   total_energyvar { 0.09495414473293806   } 
   weight { 1   } 
   weightvar { 0   } 
   kinetic_energy { 7.118226301464773   } 
   kinetic_energyvar { 25.23879678114002   } 
   potential_energy { -17.75213046488113   } 
   potential_energyvar { 28.10157275620503   } 
   nonlocal_energy { 0.8905467338864604   } 
   nonlocal_energyvar { 12.69532839909026   } 
   autocorr_energy { } 
} 

block { 
   label VMC_1
   totweight 640000
   nautocorr 0
   total_energy { -9.743873750237491   } 
   total_energyvar { 0.09387546822112824   } 
   weight { 1   } 
   weightvar { 0   } 
   kinetic_energy { 7.102232066914357   } 
   kinetic_energyvar { 25.64052547736973   } 
   potential_energy { -17.73885058621711   } 
   potential_energyvar { 27.66898648553303   } 
   nonlocal_energy { 0.892744769065264   } 
   nonlocal_energyvar { 13.10598764342628   } 
   autocorr_energy { } 
} 

block { 
   label VMC_1
   totweight 640000
   nautocorr 0
   total_energy { -9.742705882463765   } 
   total_energyvar { 0.0965503288738887   } 
   weight { 1   } 
   weightvar { 0   } 
   kinetic_energy { 7.086552520434448   } 
   kinetic_energyvar { 25.02419829871248   } 
   potential_energy { -17.71094120999102   } 
   potential_energyvar { 27.01969818726889   } 
   nonlocal_energy { 0.8816828070928081   } 
   nonlocal_energyvar { 12.0756367694456   } 
   autocorr_energy { } 
} 

block { 
   label VMC_1
   totweight 640000
   nautocorr 0
   total_energy { -9.744388933423489   } 
   total_energyvar { 0.0951209853973296   } 
   weight { 1   } 
   weightvar { 0   } 
   kinetic_energy { 7.062031622680322   } 
   kinetic_energyvar { 25.10721309513628   } 
   potential_energy { -17.70593021237222   } 
   potential_energyvar { 27.11098732762662   } 
   nonlocal_energy { 0.8995096562684132   } 
   nonlocal_energyvar { 12.59767661203904   } 
   autocorr_energy { } 
} 

block { 
   label VMC_1
   totweight 640000
   nautocorr 0
   total_energy { -9.743035432151492   } 
   total_energyvar { 0.09312472421022733   } 
   weight { 1   } 
   weightvar { 0   } 
   kinetic_energy { 7.079607796488441   } 
   kinetic_energyvar { 24.89646978846584   } 
   potential_energy { -17.71195047515534   } 
   potential_energyvar { 27.72354671341765   } 
   nonlocal_energy { 0.889307246515404   } 
   nonlocal_energyvar { 12.43011014162742   } 
   autocorr_energy { } 
} 

block { 
   label VMC_1
   totweight 640000
   nautocorr 0
   total_energy { -9.743005095670544   } 
   total_energyvar { 0.09696744937528479   } 
   weight { 1   } 
   weightvar { 0   } 
   kinetic_energy { 7.079383776972485   } 
   kinetic_energyvar { 25.02909465903792   } 
   potential_energy { -17.70828881583476   } 
   potential_energyvar { 27.48687614096622   } 
   nonlocal_energy { 0.8858999431917364   } 
   nonlocal_energyvar { 12.58898400071022   } 
   autocorr_energy { } 
} 

block { 
   label VMC_1
   totweight 640000
   nautocorr 0
   total_energy { -9.742848342171859   } 
   total_energyvar { 0.09738169515591721   } 
   weight { 1   } 
   weightvar { 0   } 
   kinetic_energy { 7.085533710647979   } 
   kinetic_energyvar { 24.84206601094442   } 
   potential_energy { -17.71243556669708   } 
   potential_energyvar { 27.53107177044984   } 
   nonlocal_energy { 0.884053513877241   } 
   nonlocal_energyvar { 12.7807314462674   } 
   autocorr_energy { } 
} 

block { 
   label VMC_1
   totweight 640000
   nautocorr 0
   total_energy { -9.743170340155105   } 
   total_energyvar { 0.09489079851128679   } 
   weight { 1   } 
   weightvar { 0   } 
   kinetic_energy { 7.082038550302098   } 
   kinetic_energyvar { 25.23653211714336   } 
   potential_energy { -17.71566596242576   } 
   potential_energyvar { 28.11786617713051   } 
   nonlocal_energy { 0.8904570719685624   } 
   nonlocal_energyvar { 13.07439528494639   } 
   autocorr_energy { } 
} 

block { 
   label VMC_1
   totweight 640000
   nautocorr 0
   total_energy { -9.743615026039798   } 
   total_energyvar { 0.09457853691311868   } 
   weight { 1   } 
   weightvar { 0   } 
   kinetic_energy { 7.101158576941944   } 
   kinetic_energyvar { 25.1001190285439   } 
   potential_energy { -17.73398961767316   } 
   potential_energyvar { 27.47141241628111   } 
   nonlocal_energy { 0.889216014691411   } 
   nonlocal_energyvar { 12.42226656621819   } 
   autocorr_energy { } 
} 

block { 
   label VMC_1
   totweight 640000
   nautocorr 0
   total_energy { -9.743604652711262   } 
   total_energyvar { 0.09553350416730666   } 
   weight { 1   } 
   weightvar { 0   } 
   kinetic_energy { 7.09600900376577   } 
   kinetic_energyvar { 25.04022664897813   } 
   potential_energy { -17.73518535294596   } 
   potential_energyvar { 27.71055767525132   } 
   nonlocal_energy { 0.8955716964689276   } 
   nonlocal_energyvar { 13.09275499809462   } 
   autocorr_energy { } 
} 

block { 
   label VMC_1
   totweight 640000
   nautocorr 0
   total_energy { -9.742861553442083   } 
   total_energyvar { 0.09394249109983832   } 
   weight { 1   } 
   weightvar { 0   } 
   kinetic_energy { 7.069232596728895   } 
   kinetic_energyvar { 24.87782596074977   } 
   potential_energy { -17.70522677456514   } 
   potential_energyvar { 27.59187821041314   } 
   nonlocal_energy { 0.8931326243941591   } 
   nonlocal_energyvar { 12.87811398260812   } 
   autocorr_energy { } 
} 

block { 
   label VMC_1
   totweight 640000
   nautocorr 0
   total_energy { -9.744010745084923   } 
   total_energyvar { 0.09570542676071625   } 
   weight { 1   } 
   weightvar { 0   } 
   kinetic_energy { 7.085897224302581   } 
   kinetic_energyvar { 25.12474148185764   } 
   potential_energy { -17.72703586465342   } 
   potential_energyvar { 27.74523129987824   } 
   nonlocal_energy { 0.8971278952659082   } 
   nonlocal_energyvar { 13.03788727654206   } 
   autocorr_energy { } 
} 

block { 
   label VMC_1
   totweight 640000
   nautocorr 0
   total_energy { -9.743943394688564   } 
   total_energyvar { 0.09547526703221365   } 
   weight { 1   } 
   weightvar { 0   } 
   kinetic_energy { 7.09189195825358   } 
   kinetic_energyvar { 25.08000050676068   } 
   potential_energy { -17.73051713742479   } 
   potential_energyvar { 27.73874102361668   } 
   nonlocal_energy { 0.8946817844826405   } 
   nonlocal_energyvar { 12.49806487879017   } 
   autocorr_energy { } 
} 

block { 
   label VMC_1
   totweight 640000
   nautocorr 0
   total_energy { -9.743931693623189   } 
   total_energyvar { 0.09497794064400011   } 
   weight { 1   } 
   weightvar { 0   } 
   kinetic_energy { 7.08809869162264   } 
   kinetic_energyvar { 24.61548704327104   } 
   potential_energy { -17.72039018275904   } 
   potential_energyvar { 26.93593394179908   } 
   nonlocal_energy { 0.8883597975132128   } 
   nonlocal_energyvar { 12.3798272311591   } 
   autocorr_energy { } 
} 

block { 
   label VMC_1
   totweight 640000
   nautocorr 0
   total_energy { -9.743261239972082   } 
   total_energyvar { 0.09669398697627685   } 
   weight { 1   } 
   weightvar { 0   } 
   kinetic_energy { 7.084749936963979   } 
   kinetic_energyvar { 25.09764870392781   } 
   potential_energy { -17.72550797374759   } 
   potential_energyvar { 27.80793562536644   } 
   nonlocal_energy { 0.8974967968115271   } 
   nonlocal_energyvar { 12.62536316804493   } 
   autocorr_energy { } 
} 

block { 
   label VMC_1
   totweight 640000
   nautocorr 0
   total_energy { -9.74243152623395   } 
   total_energyvar { 0.09442922115326269   } 
   weight { 1   } 
   weightvar { 0   } 
   kinetic_energy { 7.099866577448504   } 
   kinetic_energyvar { 25.28173991518467   } 
   potential_energy { -17.72444704804492   } 
   potential_energyvar { 27.19625316098285   } 
   nonlocal_energy { 0.882148944362465   } 
   nonlocal_energyvar { 12.10419054563262   } 
   autocorr_energy { } 
} 

block { 
   label VMC_1
   totweight 640000
   nautocorr 0
   total_energy { -9.743922267693298   } 
   total_energyvar { 0.09424013220323957   } 
   weight { 1   } 
   weightvar { 0   } 
   kinetic_energy { 7.118851396948966   } 
   kinetic_energyvar { 25.20522840959253   } 
   potential_energy { -17.73465823472805   } 
   potential_energyvar { 26.87031807959738   } 
   nonlocal_energy { 0.8718845700857879   } 
   nonlocal_energyvar { 11.98493369061307   } 
   autocorr_energy { } 
} 

block { 
   label VMC_1
   totweight 640000
   nautocorr 0
   total_energy { -9.742609060600214   } 
   total_energyvar { 0.09402936768081815   } 
   weight { 1   } 
   weightvar { 0   } 
   kinetic_energy { 7.104231435559129   } 
   kinetic_energyvar { 25.63014745602952   } 
   potential_energy { -17.71780781866972   } 
   potential_energyvar { 27.25910758381968   } 
   nonlocal_energy { 0.8709673225103776   } 
   nonlocal_energyvar { 12.53578807559669   } 
   autocorr_energy { } 
} 

block { 
   label VMC_1
   totweight 640000
   nautocorr 0
   total_energy { -9.743843258346226   } 
   total_energyvar { 0.09404491065448894   } 
   weight { 1   } 
   weightvar { 0   } 
   kinetic_energy { 7.088708166000234   } 
   kinetic_energyvar { 24.84027529327038   } 
   potential_energy { -17.71316629846766   } 
   potential_energyvar { 27.19215768285267   } 
   nonlocal_energy { 0.8806148741211971   } 
   nonlocal_energyvar { 12.47277402476544   } 
   autocorr_energy { } 
} 

block { 
   label VMC_1
   totweight 640000
   nautocorr 0
   total_energy { -9.742729178647414   } 
   total_energyvar { 0.09369377750135754   } 
   weight { 1   } 
   weightvar { 0   } 
   kinetic_energy { 7.0948101677484   } 
   kinetic_energyvar { 25.23926073345712   } 
   potential_energy { -17.71358086615335   } 
   potential_energyvar { 26.90828491715189   } 
   nonlocal_energy { 0.8760415197575412   } 
   nonlocal_energyvar { 12.26066352806203   } 
   autocorr_energy { } 
} 

block { 
   label VMC_1
   totweight 640000
   nautocorr 0
   total_energy { -9.74341908523197   } 
   total_energyvar { 0.09573984765624743   } 
   weight { 1   } 
   weightvar { 0   } 
   kinetic_energy { 7.097998760481982   } 
   kinetic_energyvar { 25.54381957993223   } 
   potential_energy { -17.74164852636723   } 
   potential_energyvar { 27.78506639898217   } 
   nonlocal_energy { 0.9002306806532754   } 
   nonlocal_energyvar { 12.75784830715227   } 
   autocorr_energy { } 
} 

block { 
   label VMC_1
   totweight 640000
   nautocorr 0
   total_energy { -9.744100341318418   } 
   total_energyvar { 0.09693083114338208   } 
   weight { 1   } 
   weightvar { 0   } 
   kinetic_energy { 7.068970356704288   } 
   kinetic_energyvar { 25.16740505174916   } 
   potential_energy { -17.71273738332137   } 
   potential_energyvar { 27.35029883707398   } 
   nonlocal_energy { 0.8996666852986662   } 
   nonlocal_energyvar { 13.3514735541835   } 
   autocorr_energy { } 
} 

block { 
   label VMC_1
   totweight 640000
   nautocorr 0
   total_energy { -9.743935422698248   } 
   total_energyvar { 0.09527211469068675   } 
   weight { 1   } 
   weightvar { 0   } 
   kinetic_energy { 7.070222198178837   } 
   kinetic_energyvar { 24.60361224224791   } 
   potential_energy { -17.71374971842704   } 
   potential_energyvar { 27.83830020339838   } 
   nonlocal_energy { 0.899592097549951   } 
   nonlocal_energyvar { 13.04467324363179   } 
   autocorr_energy { } 
} 

block { 
   label VMC_1
   totweight 640000
   nautocorr 0
   total_energy { -9.743675924507867   } 
   total_energyvar { 0.1068812545057654   } 
   weight { 1   } 
   weightvar { 0   } 
   kinetic_energy { 7.090439819859105   } 
   kinetic_energyvar { 25.58371704900403   } 
   potential_energy { -17.72875411879989   } 
   potential_energyvar { 27.92363287945136   } 
   nonlocal_energy { 0.8946383744329219   } 
   nonlocal_energyvar { 13.86872005387967   } 
   autocorr_energy { } 
} 

block { 
   label VMC_1
   totweight 640000
   nautocorr 0
   total_energy { -9.743167292522971   } 
   total_energyvar { 0.09701836031577216   } 
   weight { 1   } 
   weightvar { 0   } 
   kinetic_energy { 7.088387719705999   } 
   kinetic_energyvar { 25.83220897455095   } 
   potential_energy { -17.72014799770755   } 
   potential_energyvar { 28.07066755223263   } 
   nonlocal_energy { 0.8885929854785812   } 
   nonlocal_energyvar { 13.46225707286591   } 
   autocorr_energy { } 
} 

block { 
   label VMC_1
   totweight 640000
   nautocorr 0
   total_energy { -9.744384031104438   } 
   total_energyvar { 0.09693577727234981   } 
   weight { 1   } 
   weightvar { 0   } 
   kinetic_energy { 7.052102210091797   } 
   kinetic_energyvar { 24.70508993962471   } 
   potential_energy { -17.68681926350331   } 
   potential_energyvar { 26.93082502804788   } 
   nonlocal_energy { 0.8903330223070719   } 
   nonlocal_energyvar { 12.60029438580911   } 
   autocorr_energy { } 
} 

block { 
   label VMC_1
   totweight 640000
   nautocorr 0
   total_energy { -9.743790565420431   } 
   total_energyvar { 0.09542518575183578   } 
   weight { 1   } 
   weightvar { 0   } 
   kinetic_energy { 7.094068916189986   } 
   kinetic_energyvar { 25.07207596058559   } 
   potential_energy { -17.72466158063225   } 
   potential_energyvar { 27.40591837898432   } 
   nonlocal_energy { 0.886802099021833   } 
   nonlocal_energyvar { 12.33421335884288   } 
   autocorr_energy { } 
} 

block { 
   label VMC_1
   totweight 640000
   nautocorr 0
   total_energy { -9.743334949126186   } 
   total_energyvar { 0.09589880833696895   } 
   weight { 1   } 
   weightvar { 0   } 
   kinetic_energy { 7.111170516700709   } 
   kinetic_energyvar { 25.45074582105406   } 
   potential_energy { -17.74302265311083   } 
   potential_energyvar { 27.45323793215948   } 
   nonlocal_energy { 0.8885171872839279   } 
   nonlocal_energyvar { 12.66310802538943   } 
   autocorr_energy { } 
} 

block { 
   label VMC_1
   totweight 640000
   nautocorr 0
   total_energy { -9.743506889155785   } 
   total_energyvar { 0.09488644441557881   } 
   weight { 1   } 
   weightvar { 0   } 
   kinetic_energy { 7.088745808502716   } 
   kinetic_energyvar { 25.2120048495463   } 
   potential_energy { -17.72820764842086   } 
   potential_energyvar { 27.46592257110058   } 
   nonlocal_energy { 0.8959549507623584   } 
   nonlocal_energyvar { 12.04080440172557   } 
   autocorr_energy { } 
} 

block { 
   label VMC_1
   totweight 640000
   nautocorr 0
   total_energy { -9.743539184288156   } 
   total_energyvar { 0.09634726878842059   } 
   weight { 1   } 
   weightvar { 0   } 
   kinetic_energy { 7.07275393984697   } 
   kinetic_energyvar { 25.38744036098106   } 
   potential_energy { -17.71668416283553   } 
   potential_energyvar { 27.7601637140782   } 
   nonlocal_energy { 0.9003910387004042   } 
   nonlocal_energyvar { 13.25206234132585   } 
   autocorr_energy { } 
} 

block { 
   label VMC_1
   totweight 640000
   nautocorr 0
   total_energy { -9.743346499289366   } 
   total_energyvar { 0.09565125862563661   } 
   weight { 1   } 
   weightvar { 0   } 
   kinetic_energy { 7.105099453917265   } 
   kinetic_energyvar { 25.31487829027426   } 
   potential_energy { -17.74625486010664   } 
   potential_energyvar { 27.72842363596095   } 
   nonlocal_energy { 0.897808906900013   } 
   nonlocal_energyvar { 12.54324350071052   } 
   autocorr_energy { } 
} 

block { 
   label VMC_1
   totweight 640000
   nautocorr 0
   total_energy { -9.743637336285619   } 
   total_energyvar { 0.09255434304967025   } 
   weight { 1   } 
   weightvar { 0   } 
   kinetic_energy { 7.08238611152776   } 
   kinetic_energyvar { 24.66851542187319   } 
   potential_energy { -17.70032890612892   } 
   potential_energyvar { 27.40197196333156   } 
   nonlocal_energy { 0.8743054583155461   } 
   nonlocal_energyvar { 12.50264076050252   } 
   autocorr_energy { } 
} 

block { 
   label VMC_1
   totweight 640000
   nautocorr 0
   total_energy { -9.743430566562653   } 
   total_energyvar { 0.09973606289835857   } 
   weight { 1   } 
   weightvar { 0   } 
   kinetic_energy { 7.087092342397189   } 
   kinetic_energyvar { 25.69254486783585   } 
   potential_energy { -17.72543004531665   } 
   potential_energyvar { 27.38534045709144   } 
   nonlocal_energy { 0.8949071363568133   } 
   nonlocal_energyvar { 12.8766046232422   } 
   autocorr_energy { } 
} 

block { 
   label VMC_1
   totweight 640000
   nautocorr 0
   total_energy { -9.742963276379726   } 
   total_energyvar { 0.09644225589573807   } 
   weight { 1   } 
   weightvar { 0   } 
   kinetic_energy { 7.107762519809569   } 
   kinetic_energyvar { 25.50768527937387   } 
   potential_energy { -17.73562641924667   } 
   potential_energyvar { 26.92430807263065   } 
   nonlocal_energy { 0.8849006230573746   } 
   nonlocal_energyvar { 12.38493752800025   } 
   autocorr_energy { } 
} 

block { 
   label VMC_1
   totweight 640000
   nautocorr 0
   total_energy { -9.74349447837989   } 
   total_energyvar { 0.1304977824881206   } 
   weight { 1   } 
   weightvar { 0   } 
   kinetic_energy { 7.060123315907187   } 
   kinetic_energyvar { 25.7935470672911   } 
   potential_energy { -17.6870429766851   } 
   potential_energyvar { 27.39079508168089   } 
   nonlocal_energy { 0.8834251823980194   } 
   nonlocal_energyvar { 14.37622186419993   } 
   autocorr_energy { } 
} 

block { 
   label VMC_1
   totweight 640000
   nautocorr 0
   total_energy { -9.743798947058769   } 
   total_energyvar { 0.09360934568940138   } 
   weight { 1   } 
   weightvar { 0   } 
   kinetic_energy { 7.103367882801508   } 
   kinetic_energyvar { 25.09102433585546   } 
   potential_energy { -17.73534204060839   } 
   potential_energyvar { 28.35420837763502   } 
   nonlocal_energy { 0.888175210748113   } 
   nonlocal_energyvar { 13.25172287828449   } 
   autocorr_energy { } 
} 

block { 
   label VMC_1
   totweight 640000
   nautocorr 0
   total_energy { -9.74354579967051   } 
   total_energyvar { 0.09551361110163725   } 
   weight { 1   } 
   weightvar { 0   } 
   kinetic_energy { 7.086996640897499   } 
   kinetic_energyvar { 25.75502274027336   } 
   potential_energy { -17.71540190265214   } 
   potential_energyvar { 28.12267449797463   } 
   nonlocal_energy { 0.8848594620841368   } 
   nonlocal_energyvar { 14.01878255644029   } 
   autocorr_energy { } 
} 

block { 
   label VMC_1
   totweight 640000
   nautocorr 0
   total_energy { -9.744108270822528   } 
   total_energyvar { 0.1006954737321877   } 
   weight { 1   } 
   weightvar { 0   } 
   kinetic_energy { 7.066553304617215   } 
   kinetic_energyvar { 25.50099113205339   } 
   potential_energy { -17.70623998977817   } 
   potential_energyvar { 27.93904524078562   } 
   nonlocal_energy { 0.8955784143384206   } 
   nonlocal_energyvar { 13.13973375236142   } 
   autocorr_energy { } 
} 

block { 
   label VMC_1
   totweight 640000
   nautocorr 0
   total_energy { -9.743417746494231   } 
   total_energyvar { 0.09394143817259248   } 
   weight { 1   } 
   weightvar { 0   } 
   kinetic_energy { 7.084949861811624   } 
   kinetic_energyvar { 25.30110254216948   } 
   potential_energy { -17.71727822993488   } 
   potential_energyvar { 27.3265483643122   } 
   nonlocal_energy { 0.8889106216290247   } 
   nonlocal_energyvar { 12.77659921991135   } 
   autocorr_energy { } 
} 

block { 
   label VMC_1
   totweight 640000
   nautocorr 0
   total_energy { -9.742344737608923   } 
   total_energyvar { 0.09230291957072723   } 
   weight { 1   } 
   weightvar { 0   } 
   kinetic_energy { 7.106227859422451   } 
   kinetic_energyvar { 25.33478377065672   } 
   potential_energy { -17.73629072466272   } 
   potential_energyvar { 27.50713498202282   } 
   nonlocal_energy { 0.8877181276313395   } 
   nonlocal_energyvar { 12.36349983877298   } 
   autocorr_energy { } 
} 

block { 
   label VMC_1
   totweight 640000
   nautocorr 0
   total_energy { -9.74270688548628   } 
   total_energyvar { 0.09545515982320296   } 
   weight { 1   } 
   weightvar { 0   } 
   kinetic_energy { 7.107538978095083   } 
   kinetic_energyvar { 25.32944741962475   } 
   potential_energy { -17.73959520710783   } 
   potential_energyvar { 28.09395937752743   } 
   nonlocal_energy { 0.8893493435264663   } 
   nonlocal_energyvar { 12.92983041683036   } 
   autocorr_energy { } 
} 

block { 
   label VMC_1
   totweight 640000
   nautocorr 0
   total_energy { -9.743693711962921   } 
   total_energyvar { 0.09700437263710171   } 
   weight { 1   } 
   weightvar { 0   } 
   kinetic_energy { 7.083512224807388   } 
   kinetic_energyvar { 25.13250602429628   } 
   potential_energy { -17.73168403163666   } 
   potential_energyvar { 27.74027511936845   } 
   nonlocal_energy { 0.9044780948663538   } 
   nonlocal_energyvar { 13.142797301807   } 
   autocorr_energy { } 
} 

block { 
   label VMC_1
   totweight 640000
   nautocorr 0
   total_energy { -9.744018580340489   } 
   total_energyvar { 0.1089294680795518   } 
   weight { 1   } 
   weightvar { 0   } 
   kinetic_energy { 7.081412376646679   } 
   kinetic_energyvar { 25.46583744189991   } 
   potential_energy { -17.71407513305215   } 
   potential_energyvar { 27.35410625651065   } 
   nonlocal_energy { 0.8886441760649785   } 
   nonlocal_energyvar { 12.70505726928029   } 
   autocorr_energy { } 
} 

block { 
   label VMC_1
   totweight 640000
   nautocorr 0
   total_energy { -9.742933344659226   } 
   total_energyvar { 0.09477115001276104   } 
   weight { 1   } 
   weightvar { 0   } 
   kinetic_energy { 7.102011597234187   } 
   kinetic_energyvar { 24.81066126619587   } 
   potential_energy { -17.73138577846407   } 
   potential_energyvar { 27.4875846891228   } 
   nonlocal_energy { 0.8864408365706582   } 
   nonlocal_energyvar { 12.72391196035922   } 
   autocorr_energy { } 
} 

block { 
   label VMC_1
   totweight 640000
   nautocorr 0
   total_energy { -9.743930126665648   } 
   total_energyvar { 0.1010788501827022   } 
   weight { 1   } 
   weightvar { 0   } 
   kinetic_energy { 7.063916507281492   } 
   kinetic_energyvar { 25.21407378871612   } 
   potential_energy { -17.7259420622052   } 
   potential_energyvar { 29.5308496165955   } 
   nonlocal_energy { 0.91809542825806   } 
   nonlocal_energyvar { 14.63420522259037   } 
   autocorr_energy { } 
} 

block { 
   label VMC_1
   totweight 640000
   nautocorr 0
   total_energy { -9.743664964387618   } 
   total_energyvar { 0.09764301450636026   } 
   weight { 1   } 
   weightvar { 0   } 
   kinetic_energy { 7.083598478335163   } 
   kinetic_energyvar { 25.50701607523986   } 
   potential_energy { -17.70984427751597   } 
   potential_energyvar { 28.31627664819592   } 
   nonlocal_energy { 0.8825808347931928   } 
   nonlocal_energyvar { 13.40041467888001   } 
   autocorr_energy { } 
} 

block { 
   label VMC_1
   totweight 640000
   nautocorr 0
   total_energy { -9.742342707332982   } 
   total_energyvar { 0.09558837849132829   } 
   weight { 1   } 
   weightvar { 0   } 
   kinetic_energy { 7.099675010133147   } 
   kinetic_energyvar { 25.46946287729207   } 
   potential_energy { -17.72472637795399   } 
   potential_energyvar { 27.69163066891224   } 
   nonlocal_energy { 0.8827086604878643   } 
   nonlocal_energyvar { 12.44952501703216   } 
   autocorr_energy { } 
} 

block { 
   label VMC_1
   totweight 640000
   nautocorr 0
   total_energy { -9.7438049332586   } 
   total_energyvar { 0.09933830087814499   } 
   weight { 1   } 
   weightvar { 0   } 
   kinetic_energy { 7.116094163062361   } 
   kinetic_energyvar { 25.41488120751351   } 
   potential_energy { -17.76839221326156   } 
   potential_energyvar { 28.66090006299817   } 
   nonlocal_energy { 0.9084931169405978   } 
   nonlocal_energyvar { 13.37528112748499   } 
   autocorr_energy { } 
} 

block { 
   label VMC_1
   totweight 640000
   nautocorr 0
   total_energy { -9.743977357334   } 
   total_energyvar { 0.09632956204681875   } 
   weight { 1   } 
   weightvar { 0   } 
   kinetic_energy { 7.094252112635878   } 
   kinetic_energyvar { 25.01395528340765   } 
   potential_energy { -17.74110121085886   } 
   potential_energyvar { 27.93635015997057   } 
   nonlocal_energy { 0.902871740888981   } 
   nonlocal_energyvar { 12.82950927663047   } 
   autocorr_energy { } 
} 

block { 
   label VMC_1
   totweight 640000
   nautocorr 0
   total_energy { -9.744034508807466   } 
   total_energyvar { 0.0972646584092729   } 
   weight { 1   } 
   weightvar { 0   } 
   kinetic_energy { 7.110746224250341   } 
   kinetic_energyvar { 25.32807133686019   } 
   potential_energy { -17.73528066798597   } 
   potential_energyvar { 27.56928442684915   } 
   nonlocal_energy { 0.8804999349281653   } 
   nonlocal_energyvar { 12.46965466329919   } 
   autocorr_energy { } 
} 

block { 
   label VMC_1
   totweight 640000
   nautocorr 0
   total_energy { -9.742809295484781   } 
   total_energyvar { 0.09239865583404594   } 
   weight { 1   } 
   weightvar { 0   } 
   kinetic_energy { 7.085398312224832   } 
   kinetic_energyvar { 25.13927795851285   } 
   potential_energy { -17.7083401133337   } 
   potential_energyvar { 27.17028125290858   } 
   nonlocal_energy { 0.8801325056240892   } 
   nonlocal_energyvar { 12.20295106266117   } 
   autocorr_energy { } 
} 

block { 
   label VMC_1
   totweight 640000
   nautocorr 0
   total_energy { -9.744429515539403   } 
   total_energyvar { 0.1061346993675016   } 
   weight { 1   } 
   weightvar { 0   } 
   kinetic_energy { 7.058122733903046   } 
   kinetic_energyvar { 26.81216208506326   } 
   potential_energy { -17.69717625793297   } 
   potential_energyvar { 27.02787833318951   } 
   nonlocal_energy { 0.894624008490517   } 
   nonlocal_energyvar { 14.08351737774455   } 
   autocorr_energy { } 
} 

block { 
   label VMC_1
   totweight 640000
   nautocorr 0
   total_energy { -9.743315646051814   } 
   total_energyvar { 0.09328521325410577   } 
   weight { 1   } 
   weightvar { 0   } 
   kinetic_energy { 7.067314712586337   } 
   kinetic_energyvar { 25.20070427864304   } 
   potential_energy { -17.69976936937297   } 
   potential_energyvar { 27.05486023635558   } 
   nonlocal_energy { 0.8891390107348183   } 
   nonlocal_energyvar { 12.62824128017085   } 
   autocorr_energy { } 
} 

block { 
   label VMC_1
   totweight 640000
   nautocorr 0
   total_energy { -9.743096217993312   } 
   total_energyvar { 0.09477911421203089   } 
   weight { 1   } 
   weightvar { 0   } 
   kinetic_energy { 7.08776510774279   } 
   kinetic_energyvar { 25.06552640158558   } 
   potential_energy { -17.71540571983893   } 
   potential_energyvar { 27.18375589642687   } 
   nonlocal_energy { 0.8845443941028334   } 
   nonlocal_energyvar { 12.18497039028755   } 
   autocorr_energy { } 
} 

block { 
   label VMC_1
   totweight 640000
   nautocorr 0
   total_energy { -9.743745742532052   } 
   total_energyvar { 0.09348971349739088   } 
   weight { 1   } 
   weightvar { 0   } 
   kinetic_energy { 7.08540903300202   } 
   kinetic_energyvar { 24.83726294315392   } 
   potential_energy { -17.72815393164355   } 
   potential_energyvar { 27.24068349176406   } 
   nonlocal_energy { 0.8989991561094738   } 
   nonlocal_energyvar { 12.82511756075429   } 
   autocorr_energy { } 
} 

block { 
   label VMC_1
   totweight 640000
   nautocorr 0
   total_energy { -9.743705108711559   } 
   total_energyvar { 0.09563054422302741   } 
   weight { 1   } 
   weightvar { 0   } 
   kinetic_energy { 7.117724952056502   } 
   kinetic_energyvar { 25.27347377728614   } 
   potential_energy { -17.7638503424252   } 
   potential_energyvar { 28.18144554142748   } 
   nonlocal_energy { 0.9024202816571404   } 
   nonlocal_energyvar { 13.37149758765193   } 
   autocorr_energy { } 
} 

block { 
   label VMC_1
   totweight 640000
   nautocorr 0
   total_energy { -9.744500581385195   } 
   total_energyvar { 0.09978193551776826   } 
   weight { 1   } 
   weightvar { 0   } 
   kinetic_energy { 7.088710853796572   } 
   kinetic_energyvar { 25.93179579444227   } 
   potential_energy { -17.74018953378641   } 
   potential_energyvar { 27.94445266241729   } 
   nonlocal_energy { 0.9069780986046472   } 
   nonlocal_energyvar { 13.81173860674406   } 
   autocorr_energy { } 
} 

block { 
   label VMC_1
   totweight 640000
   nautocorr 0
   total_energy { -9.742427510847945   } 
   total_energyvar { 0.09452584568514055   } 
   weight { 1   } 
   weightvar { 0   } 
   kinetic_energy { 7.05988091288785   } 
   kinetic_energyvar { 24.66101197713087   } 
   potential_energy { -17.69974903916048   } 
   potential_energyvar { 27.18552476337413   } 
   nonlocal_energy { 0.897440615424679   } 
   nonlocal_energyvar { 12.55989493159532   } 
   autocorr_energy { } 
} 

block { 
   label VMC_1
   totweight 640000
   nautocorr 0
   total_energy { -9.744636186234603   } 
   total_energyvar { 0.09546336226146934   } 
   weight { 1   } 
   weightvar { 0   } 
   kinetic_energy { 7.064988677036188   } 
   kinetic_energyvar { 24.7154065162303   } 
   potential_energy { -17.69429846351315   } 
   potential_energyvar { 26.79229528197664   } 
   nonlocal_energy { 0.8846736002423579   } 
   nonlocal_energyvar { 12.52829283620289   } 
   autocorr_energy { } 
} 

block { 
   label VMC_1
   totweight 640000
   nautocorr 0
   total_energy { -9.743635756856225   } 
   total_energyvar { 0.09642153802847986   } 
   weight { 1   } 
   weightvar { 0   } 
   kinetic_energy { 7.058726071043849   } 
   kinetic_energyvar { 24.79382340476472   } 
   potential_energy { -17.70179290142493   } 
   potential_energyvar { 27.54888400549316   } 
   nonlocal_energy { 0.8994310735248587   } 
   nonlocal_energyvar { 12.5039133742927   } 
   autocorr_energy { } 
} 

block { 
   label VMC_1
   totweight 640000
   nautocorr 0
   total_energy { -9.742903585669445   } 
   total_energyvar { 0.09992057703846058   } 
   weight { 1   } 
   weightvar { 0   } 
   kinetic_energy { 7.096890961438888   } 
   kinetic_energyvar { 26.29828109043888   } 
   potential_energy { -17.7193051632665   } 
   potential_energyvar { 27.2322086778405   } 
   nonlocal_energy { 0.8795106161581642   } 
   nonlocal_energyvar { 13.1316757894474   } 
   autocorr_energy { } 
} 

block { 
   label VMC_1
   totweight 640000
   nautocorr 0
   total_energy { -9.742992562203439   } 
   total_energyvar { 0.09962103483047713   } 
   weight { 1   } 
   weightvar { 0   } 
   kinetic_energy { 7.077272709557801   } 
   kinetic_energyvar { 25.57536073437705   } 
   potential_energy { -17.70710403175156   } 
   potential_energyvar { 27.24846218101533   } 
   nonlocal_energy { 0.8868387599903188   } 
   nonlocal_energyvar { 13.09431771748245   } 
   autocorr_energy { } 
} 

block { 
   label VMC_1
   totweight 640000
   nautocorr 0
   total_energy { -9.743830756064822   } 
   total_energyvar { 0.09588312421585954   } 
   weight { 1   } 
   weightvar { 0   } 
   kinetic_energy { 7.109423849086602   } 
   kinetic_energyvar { 25.49392352266122   } 
   potential_energy { -17.75474219703321   } 
   potential_energyvar { 27.60981081774486   } 
   nonlocal_energy { 0.9014875918817815   } 
   nonlocal_energyvar { 12.71957943859103   } 
   autocorr_energy { } 
} 

block { 
   label VMC_1
   totweight 640000
   nautocorr 0
   total_energy { -9.743048014096258   } 
   total_energyvar { 0.09467224583266898   } 
   weight { 1   } 
   weightvar { 0   } 
   kinetic_energy { 7.102602051065207   } 
   kinetic_energyvar { 25.52680306125016   } 
   potential_energy { -17.72468504297779   } 
   potential_energyvar { 27.95098551591968   } 
   nonlocal_energy { 0.8790349778163334   } 
   nonlocal_energyvar { 12.70906141447602   } 
   autocorr_energy { } 
} 

block { 
   label VMC_1
   totweight 640000
   nautocorr 0
   total_energy { -9.743658131434271   } 
   total_energyvar { 0.09494781988914269   } 
   weight { 1   } 
   weightvar { 0   } 
   kinetic_energy { 7.082030087199515   } 
   kinetic_energyvar { 25.03910383312682   } 
   potential_energy { -17.70524946099863   } 
   potential_energyvar { 26.92272279621261   } 
   nonlocal_energy { 0.8795612423648427   } 
   nonlocal_energyvar { 11.92824608899953   } 
   autocorr_energy { } 
} 

block { 
   label VMC_1
   totweight 640000
   nautocorr 0
   total_energy { -9.743269174174822   } 
   total_energyvar { 0.09329292553546509   } 
   weight { 1   } 
   weightvar { 0   } 
   kinetic_energy { 7.108152694510212   } 
   kinetic_energyvar { 25.46191087101695   } 
   potential_energy { -17.7316255920321   } 
   potential_energyvar { 27.13746379543295   } 
   nonlocal_energy { 0.8802037233470641   } 
   nonlocal_energyvar { 12.08839391818429   } 
   autocorr_energy { } 
} 

block { 
   label VMC_1
   totweight 640000
   nautocorr 0
   total_energy { -9.74323470523807   } 
   total_energyvar { 0.09451668557315429   } 
   weight { 1   } 
   weightvar { 0   } 
   kinetic_energy { 7.09063427650692   } 
   kinetic_energyvar { 25.30200223992725   } 
   potential_energy { -17.72738463426863   } 
   potential_energyvar { 27.37792889109761   } 
   nonlocal_energy { 0.8935156525236454   } 
   nonlocal_energyvar { 12.78805614049336   } 
   autocorr_energy { } 
} 

block { 
   label VMC_1
   totweight 640000
   nautocorr 0
   total_energy { -9.74358893295153   } 
   total_energyvar { 0.09780493749252628   } 
   weight { 1   } 
   weightvar { 0   } 
   kinetic_energy { 7.113942628753907   } 
   kinetic_energyvar { 25.72347816497143   } 
   potential_energy { -17.75390038859118   } 
   potential_energyvar { 27.38400016479687   } 
   nonlocal_energy { 0.8963688268857471   } 
   nonlocal_energyvar { 12.95198096574454   } 
   autocorr_energy { } 
} 

block { 
   label VMC_1
   totweight 640000
   nautocorr 0
   total_energy { -9.743213165618963   } 
   total_energyvar { 0.09751257419159742   } 
   weight { 1   } 
   weightvar { 0   } 
   kinetic_energy { 7.094491167729825   } 
   kinetic_energyvar { 25.19466620431114   } 
   potential_energy { -17.73432754106027   } 
   potential_energyvar { 27.80685411424741   } 
   nonlocal_energy { 0.8966232077114843   } 
   nonlocal_energyvar { 12.76248145786458   } 
   autocorr_energy { } 
} 

block { 
   label VMC_1
   totweight 640000
   nautocorr 0
   total_energy { -9.742523962978794   } 
   total_energyvar { 0.1001040459766784   } 
   weight { 1   } 
   weightvar { 0   } 
   kinetic_energy { 7.100982219134012   } 
   kinetic_energyvar { 25.70529368922654   } 
   potential_energy { -17.7416433222439   } 
   potential_energyvar { 27.57190835383642   } 
   nonlocal_energy { 0.8981371401310883   } 
   nonlocal_energyvar { 12.57092086804456   } 
   autocorr_energy { } 
} 

block { 
   label VMC_1
   totweight 640000
   nautocorr 0
   total_energy { -9.743771127815108   } 
   total_energyvar { 0.0953753346993409   } 
   weight { 1   } 
   weightvar { 0   } 
   kinetic_energy { 7.075443310820838   } 
   kinetic_energyvar { 25.26286788089511   } 
   potential_energy { -17.71212108799586   } 
   potential_energyvar { 27.93467615128895   } 
   nonlocal_energy { 0.8929066493599203   } 
   nonlocal_energyvar { 12.91675057036842   } 
   autocorr_energy { } 
} 

block { 
   label VMC_1
   totweight 640000
   nautocorr 0
   total_energy { -9.743030856100251   } 
   total_energyvar { 0.09692433913498633   } 
   weight { 1   } 
   weightvar { 0   } 
   kinetic_energy { 7.115195718900112   } 
   kinetic_energyvar { 25.24726829264612   } 
   potential_energy { -17.74217359918789   } 
   potential_energyvar { 27.19934041055416   } 
   nonlocal_energy { 0.8839470241875254   } 
   nonlocal_energyvar { 12.78980418728391   } 
   autocorr_energy { } 
} 

block { 
   label VMC_1
   totweight 640000
   nautocorr 0
   total_energy { -9.744215534911989   } 
   total_energyvar { 0.09642980940448354   } 
   weight { 1   } 
   weightvar { 0   } 
   kinetic_energy { 7.072226059915617   } 
   kinetic_energyvar { 25.21315491788197   } 
   potential_energy { -17.71394215220338   } 
   potential_energyvar { 28.99757532895524   } 
   nonlocal_energy { 0.8975005573757738   } 
   nonlocal_energyvar { 14.71505192113812   } 
   autocorr_energy { } 
} 

block { 
   label VMC_1
   totweight 640000
   nautocorr 0
   total_energy { -9.744177168699055   } 
   total_energyvar { 0.09676122675725196   } 
   weight { 1   } 
   weightvar { 0   } 
   kinetic_energy { 7.076599644924445   } 
   kinetic_energyvar { 25.2259688657636   } 
   potential_energy { -17.7327029131356   } 
   potential_energyvar { 27.48074877375279   } 
   nonlocal_energy { 0.9119260995121009   } 
   nonlocal_energyvar { 13.01271389739582   } 
   autocorr_energy { } 
} 

block { 
   label VMC_1
   totweight 640000
   nautocorr 0
   total_energy { -9.74421298195035   } 
   total_energyvar { 0.09299004013368517   } 
   weight { 1   } 
   weightvar { 0   } 
   kinetic_energy { 7.087507852261221   } 
   kinetic_energyvar { 24.78531271535908   } 
   potential_energy { -17.71582295843016   } 
   potential_energyvar { 27.61599919391074   } 
   nonlocal_energy { 0.8841021242185838   } 
   nonlocal_energyvar { 12.76519218957052   } 
   autocorr_energy { } 
} 

block { 
   label VMC_1
   totweight 640000
   nautocorr 0
   total_energy { -9.743846493814342   } 
   total_energyvar { 0.09597375101598971   } 
   weight { 1   } 
   weightvar { 0   } 
   kinetic_energy { 7.095053699150451   } 
   kinetic_energyvar { 25.30846007892547   } 
   potential_energy { -17.71606352647284   } 
   potential_energyvar { 27.02078208266437   } 
   nonlocal_energy { 0.8771633335080457   } 
   nonlocal_energyvar { 12.32433835849924   } 
   autocorr_energy { } 
} 

block { 
   label VMC_1
   totweight 640000
   nautocorr 0
   total_energy { -9.744061241448623   } 
   total_energyvar { 0.09784666857267155   } 
   weight { 1   } 
   weightvar { 0   } 
   kinetic_energy { 7.090529063246634   } 
   kinetic_energyvar { 25.08855189862746   } 
   potential_energy { -17.71329243244778   } 
   potential_energyvar { 27.17220505892453   } 
   nonlocal_energy { 0.8787021277525293   } 
   nonlocal_energyvar { 12.5370733453115   } 
   autocorr_energy { } 
} 

block { 
   label VMC_1
   totweight 640000
   nautocorr 0
   total_energy { -9.742626341534001   } 
   total_energyvar { 0.09437198274136449   } 
   weight { 1   } 
   weightvar { 0   } 
   kinetic_energy { 7.099413054292885   } 
   kinetic_energyvar { 24.81618308922334   } 
   potential_energy { -17.73270850565724   } 
   potential_energyvar { 27.66678388247067   } 
   nonlocal_energy { 0.8906691098303534   } 
   nonlocal_energyvar { 12.49871272661973   } 
   autocorr_energy { } 
} 

