#-------------------------------------------------
#DMC run: timestep 0.01
#-------------------------------------------------


init { 
   label dmc
}
block { 
   label dmc
   totweight 544000
   nautocorr 0
   total_energy { -103.8261222114214   } 
   total_energyvar { 1.590517442115015   } 
   weight { 0.9845605060915561   } 
   weightvar { 0.09719384168052758   } 
   kinetic_energy { 58.31873687596038   } 
   kinetic_energyvar { 472.6477816973661   } 
   potential_energy { -174.473411133857   } 
   potential_energyvar { 538.9389730518888   } 
   nonlocal_energy { 12.32855204647526   } 
   nonlocal_energyvar { 290.187557965316   } 
   autocorr_energy { } 
} 

block { 
   label dmc
   totweight 544000
   nautocorr 0
   total_energy { -103.83558174039   } 
   total_energyvar { 1.556848987433114   } 
   weight { 0.9897346539309718   } 
   weightvar { 0.09621483585921364   } 
   kinetic_energy { 58.26097780747813   } 
   kinetic_energyvar { 468.4244367675024   } 
   potential_energy { -174.4944558414648   } 
   potential_energyvar { 538.0786660507292   } 
   nonlocal_energy { 12.39789629359664   } 
   nonlocal_energyvar { 292.7084586819854   } 
   autocorr_energy { } 
} 

block { 
   label dmc
   totweight 544000
   nautocorr 0
   total_energy { -103.833517021905   } 
   total_energyvar { 1.625015739111404   } 
   weight { 0.9986585742099049   } 
   weightvar { 0.09531227204297144   } 
   kinetic_energy { 58.20262971593807   } 
   kinetic_energyvar { 480.8878433541058   } 
   potential_energy { -174.2975416897793   } 
   potential_energyvar { 544.527888841887   } 
   nonlocal_energy { 12.26139495193622   } 
   nonlocal_energyvar { 295.9638788459721   } 
   autocorr_energy { } 
} 

block { 
   label dmc
   totweight 544000
   nautocorr 0
   total_energy { -103.8320771973988   } 
   total_energyvar { 1.596575066027071   } 
   weight { 0.997264109159774   } 
   weightvar { 0.0980152015410406   } 
   kinetic_energy { 58.4479169770646   } 
   kinetic_energyvar { 471.1946556984626   } 
   potential_energy { -174.590102749758   } 
   potential_energyvar { 540.3933233781536   } 
   nonlocal_energy { 12.31010857529456   } 
   nonlocal_energyvar { 286.9767751926182   } 
   autocorr_energy { } 
} 

block { 
   label dmc
   totweight 544000
   nautocorr 0
   total_energy { -103.8317540556563   } 
   total_energyvar { 1.602338487278757   } 
   weight { 0.9977905938458106   } 
   weightvar { 0.09763760486022766   } 
   kinetic_energy { 58.39014165401385   } 
   kinetic_energyvar { 485.5074483537119   } 
   potential_energy { -174.5643165584766   } 
   potential_energyvar { 548.6863889071828   } 
   nonlocal_energy { 12.34242084880648   } 
   nonlocal_energyvar { 297.4485742531047   } 
   autocorr_energy { } 
} 

block { 
   label dmc
   totweight 544000
   nautocorr 0
   total_energy { -103.8387073888922   } 
   total_energyvar { 1.537290483387551   } 
   weight { 1.001572490994177   } 
   weightvar { 0.0952011778409676   } 
   kinetic_energy { 58.24138110668188   } 
   kinetic_energyvar { 479.447667942356   } 
   potential_energy { -174.3965415941086   } 
   potential_energyvar { 545.2137790187808   } 
   nonlocal_energy { 12.3164530985345   } 
   nonlocal_energyvar { 291.7584544447967   } 
   autocorr_energy { } 
} 

block { 
   label dmc
   totweight 544000
   nautocorr 0
   total_energy { -103.8338973611386   } 
   total_energyvar { 1.596894530022837   } 
   weight { 1.00089254425256   } 
   weightvar { 0.09544507997104823   } 
   kinetic_energy { 58.32015552356077   } 
   kinetic_energyvar { 482.9639007891674   } 
   potential_energy { -174.4053229309622   } 
   potential_energyvar { 544.4136397092516   } 
   nonlocal_energy { 12.25127004626283   } 
   nonlocal_energyvar { 293.3586357517066   } 
   autocorr_energy { } 
} 

block { 
   label dmc
   totweight 544000
   nautocorr 0
   total_energy { -103.8262980659506   } 
   total_energyvar { 1.559389351426944   } 
   weight { 0.995853699558313   } 
   weightvar { 0.09478829694669499   } 
   kinetic_energy { 58.3113687854584   } 
   kinetic_energyvar { 473.057683304075   } 
   potential_energy { -174.4570897655744   } 
   potential_energyvar { 537.4838859169613   } 
   nonlocal_energy { 12.31942291416534   } 
   nonlocal_energyvar { 288.1825987745549   } 
   autocorr_energy { } 
} 

block { 
   label dmc
   totweight 544000
   nautocorr 0
   total_energy { -103.8370382872862   } 
   total_energyvar { 1.586486828624402   } 
   weight { 0.9970313378530777   } 
   weightvar { 0.09622151360251519   } 
   kinetic_energy { 58.48625339235866   } 
   kinetic_energyvar { 476.6421759679074   } 
   potential_energy { -174.6811925701791   } 
   potential_energyvar { 546.4801851767224   } 
   nonlocal_energy { 12.3579008905343   } 
   nonlocal_energyvar { 290.5566889241597   } 
   autocorr_energy { } 
} 

block { 
   label dmc
   totweight 544000
   nautocorr 0
   total_energy { -103.8338722633717   } 
   total_energyvar { 1.637849994045609   } 
   weight { 0.9983386046735292   } 
   weightvar { 0.09607060188896832   } 
   kinetic_energy { 58.41081898139242   } 
   kinetic_energyvar { 481.2016329743351   } 
   potential_energy { -174.5224200068718   } 
   potential_energyvar { 540.011968435203   } 
   nonlocal_energy { 12.27772876210774   } 
   nonlocal_energyvar { 294.9208409217449   } 
   autocorr_energy { } 
} 

block { 
   label dmc
   totweight 544000
   nautocorr 0
   total_energy { -103.8276026417065   } 
   total_energyvar { 1.602333755654399   } 
   weight { 0.9948848594155326   } 
   weightvar { 0.09789834404833175   } 
   kinetic_energy { 58.5107374948694   } 
   kinetic_energyvar { 482.6286649413078   } 
   potential_energy { -174.6994048096831   } 
   potential_energyvar { 540.3722051704171   } 
   nonlocal_energy { 12.36106467310718   } 
   nonlocal_energyvar { 294.2619975994007   } 
   autocorr_energy { } 
} 

block { 
   label dmc
   totweight 544000
   nautocorr 0
   total_energy { -103.8322526496675   } 
   total_energyvar { 1.561917186401843   } 
   weight { 0.9950861119853068   } 
   weightvar { 0.09631705351388531   } 
   kinetic_energy { 58.45866092568576   } 
   kinetic_energyvar { 476.6147308210766   } 
   potential_energy { -174.610015153026   } 
   potential_energyvar { 540.2503258587785   } 
   nonlocal_energy { 12.3191015776727   } 
   nonlocal_energyvar { 294.2580414798668   } 
   autocorr_energy { } 
} 

block { 
   label dmc
   totweight 544000
   nautocorr 0
   total_energy { -103.8283728030592   } 
   total_energyvar { 1.590154430807161   } 
   weight { 0.9941408499507349   } 
   weightvar { 0.09653184004747806   } 
   kinetic_energy { 58.32583013540396   } 
   kinetic_energyvar { 471.3021753479629   } 
   potential_energy { -174.5609583509265   } 
   potential_energyvar { 548.6864679508435   } 
   nonlocal_energy { 12.40675541246333   } 
   nonlocal_energyvar { 289.8369514533238   } 
   autocorr_energy { } 
} 

block { 
   label dmc
   totweight 544000
   nautocorr 0
   total_energy { -103.8318095618752   } 
   total_energyvar { 1.5778678725801   } 
   weight { 0.9946124591026203   } 
   weightvar { 0.0969213521433091   } 
   kinetic_energy { 58.37951363892591   } 
   kinetic_energyvar { 476.614598641228   } 
   potential_energy { -174.5960650971643   } 
   potential_energyvar { 546.0771881884502   } 
   nonlocal_energy { 12.38474189636317   } 
   nonlocal_energyvar { 291.9029940391123   } 
   autocorr_energy { } 
} 

block { 
   label dmc
   totweight 544000
   nautocorr 0
   total_energy { -103.8367392064775   } 
   total_energyvar { 1.577377995432471   } 
   weight { 0.9975559120951073   } 
   weightvar { 0.09625847136569943   } 
   kinetic_energy { 58.44027950526052   } 
   kinetic_energyvar { 482.788504373485   } 
   potential_energy { -174.5597725459386   } 
   potential_energyvar { 543.9362694173105   } 
   nonlocal_energy { 12.28275383420058   } 
   nonlocal_energyvar { 294.2466077601225   } 
   autocorr_energy { } 
} 

block { 
   label dmc
   totweight 544000
   nautocorr 0
   total_energy { -103.8255652886132   } 
   total_energyvar { 1.550403315830408   } 
   weight { 0.9966442351005144   } 
   weightvar { 0.09537227988579644   } 
   kinetic_energy { 58.33548120667452   } 
   kinetic_energyvar { 476.927844078059   } 
   potential_energy { -174.4476086716502   } 
   potential_energyvar { 540.0876656164946   } 
   nonlocal_energy { 12.28656217636251   } 
   nonlocal_energyvar { 293.189601110634   } 
   autocorr_energy { } 
} 

block { 
   label dmc
   totweight 544000
   nautocorr 0
   total_energy { -103.8257015918437   } 
   total_energyvar { 1.567577037121737   } 
   weight { 0.9925776396091585   } 
   weightvar { 0.09528515143481275   } 
   kinetic_energy { 58.35870990498001   } 
   kinetic_energyvar { 476.669255224368   } 
   potential_energy { -174.4690785573829   } 
   potential_energyvar { 540.5304805433589   } 
   nonlocal_energy { 12.28466706055921   } 
   nonlocal_energyvar { 293.0220345103388   } 
   autocorr_energy { } 
} 

block { 
   label dmc
   totweight 544000
   nautocorr 0
   total_energy { -103.8356561444263   } 
   total_energyvar { 1.584060412809777   } 
   weight { 0.9954740717643568   } 
   weightvar { 0.09633264020208321   } 
   kinetic_energy { 58.3156510998983   } 
   kinetic_energyvar { 480.0837023261965   } 
   potential_energy { -174.4494302011336   } 
   potential_energyvar { 545.3627644484332   } 
   nonlocal_energy { 12.29812295680897   } 
   nonlocal_energyvar { 294.1209586982472   } 
   autocorr_energy { } 
} 

block { 
   label dmc
   totweight 544000
   nautocorr 0
   total_energy { -103.8286281948349   } 
   total_energyvar { 1.574015934387717   } 
   weight { 0.9972630081270037   } 
   weightvar { 0.09502859811402031   } 
   kinetic_energy { 58.27883114222787   } 
   kinetic_energyvar { 481.441396292666   } 
   potential_energy { -174.3990830229542   } 
   potential_energyvar { 547.280651295936   } 
   nonlocal_energy { 12.2916236858914   } 
   nonlocal_energyvar { 288.293385568437   } 
   autocorr_energy { } 
} 

block { 
   label dmc
   totweight 544000
   nautocorr 0
   total_energy { -103.8297730054167   } 
   total_energyvar { 1.574448398294408   } 
   weight { 0.995115020201162   } 
   weightvar { 0.09649043848154126   } 
   kinetic_energy { 58.46060572391264   } 
   kinetic_energyvar { 481.2746364552027   } 
   potential_energy { -174.5633091495923   } 
   potential_energyvar { 537.7443536756473   } 
   nonlocal_energy { 12.27293042026298   } 
   nonlocal_energyvar { 296.846543372061   } 
   autocorr_energy { } 
} 

block { 
   label dmc
   totweight 544000
   nautocorr 0
   total_energy { -103.8381286798897   } 
   total_energyvar { 1.598642265869785   } 
   weight { 0.9995152667715248   } 
   weightvar { 0.09572093932724812   } 
   kinetic_energy { 58.33062935872844   } 
   kinetic_energyvar { 477.6021517255481   } 
   potential_energy { -174.489706599665   } 
   potential_energyvar { 540.9222956728081   } 
   nonlocal_energy { 12.3209485610468   } 
   nonlocal_energyvar { 295.4331706637844   } 
   autocorr_energy { } 
} 

block { 
   label dmc
   totweight 544000
   nautocorr 0
   total_energy { -103.825883568565   } 
   total_energyvar { 1.56252640427374   } 
   weight { 0.9967066961762625   } 
   weightvar { 0.09363848494164795   } 
   kinetic_energy { 58.22242542368192   } 
   kinetic_energyvar { 478.3766390728224   } 
   potential_energy { -174.407912805976   } 
   potential_energyvar { 537.841375616139   } 
   nonlocal_energy { 12.35960381372904   } 
   nonlocal_energyvar { 298.9883019895763   } 
   autocorr_energy { } 
} 

block { 
   label dmc
   totweight 544000
   nautocorr 0
   total_energy { -103.84128333632   } 
   total_energyvar { 1.556313099916224   } 
   weight { 0.9995772901284611   } 
   weightvar { 0.09432681942862553   } 
   kinetic_energy { 58.12039875714861   } 
   kinetic_energyvar { 465.9238349056764   } 
   potential_energy { -174.3005166932367   } 
   potential_energyvar { 536.3714453610519   } 
   nonlocal_energy { 12.3388345997682   } 
   nonlocal_energyvar { 286.8853233971173   } 
   autocorr_energy { } 
} 

block { 
   label dmc
   totweight 544000
   nautocorr 0
   total_energy { -103.8331601158433   } 
   total_energyvar { 1.5859110998299   } 
   weight { 1.000642317052806   } 
   weightvar { 0.09515446866909771   } 
   kinetic_energy { 58.3574151245644   } 
   kinetic_energyvar { 476.7561062274849   } 
   potential_energy { -174.4302488999414   } 
   potential_energyvar { 538.3999948567762   } 
   nonlocal_energy { 12.23967365953365   } 
   nonlocal_energyvar { 291.4231217108116   } 
   autocorr_energy { } 
} 

block { 
   label dmc
   totweight 544000
   nautocorr 0
   total_energy { -103.8385985371629   } 
   total_energyvar { 1.566260653658901   } 
   weight { 1.001907643594971   } 
   weightvar { 0.09506236455906958   } 
   kinetic_energy { 58.24036221166764   } 
   kinetic_energyvar { 469.3945032864331   } 
   potential_energy { -174.4382944719272   } 
   potential_energyvar { 544.839041427862   } 
   nonlocal_energy { 12.35933372309664   } 
   nonlocal_energyvar { 288.1510864457255   } 
   autocorr_energy { } 
} 

block { 
   label dmc
   totweight 544000
   nautocorr 0
   total_energy { -103.8375817725668   } 
   total_energyvar { 1.566707388330542   } 
   weight { 1.002642644416955   } 
   weightvar { 0.0961591246380824   } 
   kinetic_energy { 58.20317733986948   } 
   kinetic_energyvar { 467.0486848096357   } 
   potential_energy { -174.3650854008398   } 
   potential_energyvar { 534.8796145362867   } 
   nonlocal_energy { 12.32432628840346   } 
   nonlocal_energyvar { 290.249152421619   } 
   autocorr_energy { } 
} 

block { 
   label dmc
   totweight 544000
   nautocorr 0
   total_energy { -103.8282247457021   } 
   total_energyvar { 1.544594670849619   } 
   weight { 0.9985750213003542   } 
   weightvar { 0.09624840346563546   } 
   kinetic_energy { 58.4315889490426   } 
   kinetic_energyvar { 482.9706147114116   } 
   potential_energy { -174.5970704306403   } 
   potential_energyvar { 544.726416515743   } 
   nonlocal_energy { 12.33725673589564   } 
   nonlocal_energyvar { 290.2363653671927   } 
   autocorr_energy { } 
} 

block { 
   label dmc
   totweight 544000
   nautocorr 0
   total_energy { -103.8314402279902   } 
   total_energyvar { 1.597547435885645   } 
   weight { 0.9980031017294063   } 
   weightvar { 0.09522077279453378   } 
   kinetic_energy { 58.56959662732122   } 
   kinetic_energyvar { 482.6753595852183   } 
   potential_energy { -174.7648135004499   } 
   potential_energyvar { 540.6610616846483   } 
   nonlocal_energy { 12.36377664513853   } 
   nonlocal_energyvar { 301.445852973581   } 
   autocorr_energy { } 
} 

block { 
   label dmc
   totweight 544000
   nautocorr 0
   total_energy { -103.8294431720584   } 
   total_energyvar { 1.566317841285127   } 
   weight { 0.9966334401172321   } 
   weightvar { 0.09399641161249994   } 
   kinetic_energy { 58.33238005362719   } 
   kinetic_energyvar { 471.5413273823033   } 
   potential_energy { -174.4182949133031   } 
   potential_energyvar { 535.2321188582755   } 
   nonlocal_energy { 12.25647168761753   } 
   nonlocal_energyvar { 290.256859924051   } 
   autocorr_energy { } 
} 

block { 
   label dmc
   totweight 544000
   nautocorr 0
   total_energy { -103.8298466971707   } 
   total_energyvar { 1.561211105241455   } 
   weight { 0.9949391452577984   } 
   weightvar { 0.09684899188953322   } 
   kinetic_energy { 58.4390242974107   } 
   kinetic_energyvar { 473.7483942646295   } 
   potential_energy { -174.5430941779868   } 
   potential_energyvar { 543.2495201594356   } 
   nonlocal_energy { 12.27422318340544   } 
   nonlocal_energyvar { 286.3750917448949   } 
   autocorr_energy { } 
} 

block { 
   label dmc
   totweight 544000
   nautocorr 0
   total_energy { -103.8351664557218   } 
   total_energyvar { 1.578087015564961   } 
   weight { 0.9973296661283547   } 
   weightvar { 0.09793892869730447   } 
   kinetic_energy { 58.24409178743693   } 
   kinetic_energyvar { 502.0682724987882   } 
   potential_energy { -174.489195220296   } 
   potential_energyvar { 540.1113559921796   } 
   nonlocal_energy { 12.40993697713722   } 
   nonlocal_energyvar { 319.9518900462359   } 
   autocorr_energy { } 
} 

block { 
   label dmc
   totweight 544000
   nautocorr 0
   total_energy { -103.8287948477014   } 
   total_energyvar { 1.561930024246976   } 
   weight { 0.9978896700615915   } 
   weightvar { 0.09636889196215137   } 
   kinetic_energy { 58.42488365971734   } 
   kinetic_energyvar { 473.1889870288765   } 
   potential_energy { -174.6907868592673   } 
   potential_energyvar { 546.7654677259598   } 
   nonlocal_energy { 12.43710835184854   } 
   nonlocal_energyvar { 292.7667197957761   } 
   autocorr_energy { } 
} 

block { 
   label dmc
   totweight 544000
   nautocorr 0
   total_energy { -103.8356628915327   } 
   total_energyvar { 1.583257816286277   } 
   weight { 0.9960282950473569   } 
   weightvar { 0.09675341677462501   } 
   kinetic_energy { 58.45925905439559   } 
   kinetic_energyvar { 479.1813985380941   } 
   potential_energy { -174.7134339874886   } 
   potential_energyvar { 545.7240253399541   } 
   nonlocal_energy { 12.41851204156035   } 
   nonlocal_energyvar { 293.6456099543492   } 
   autocorr_energy { } 
} 

block { 
   label dmc
   totweight 544000
   nautocorr 0
   total_energy { -103.8384078824555   } 
   total_energyvar { 1.569962242168913   } 
   weight { 1.00220349431771   } 
   weightvar { 0.09435832304457059   } 
   kinetic_energy { 58.54615195093153   } 
   kinetic_energyvar { 472.7499219081506   } 
   potential_energy { -174.7758478356014   } 
   potential_energyvar { 537.6700971786413   } 
   nonlocal_energy { 12.39128800221434   } 
   nonlocal_energyvar { 292.6272040485155   } 
   autocorr_energy { } 
} 

block { 
   label dmc
   totweight 544000
   nautocorr 0
   total_energy { -103.8287523979048   } 
   total_energyvar { 1.601649616815848   } 
   weight { 0.9970072780657417   } 
   weightvar { 0.09552985641365841   } 
   kinetic_energy { 58.28088215162275   } 
   kinetic_energyvar { 481.0696172598905   } 
   potential_energy { -174.4399302341638   } 
   potential_energyvar { 544.2543253143413   } 
   nonlocal_energy { 12.33029568463624   } 
   nonlocal_energyvar { 294.6309310667841   } 
   autocorr_energy { } 
} 

block { 
   label dmc
   totweight 544000
   nautocorr 0
   total_energy { -103.8344178124026   } 
   total_energyvar { 1.570023830186983   } 
   weight { 0.9972664936070137   } 
   weightvar { 0.09675840814913239   } 
   kinetic_energy { 58.38381552832465   } 
   kinetic_energyvar { 472.0123793918574   } 
   potential_energy { -174.6126638353936   } 
   potential_energyvar { 539.4996262409768   } 
   nonlocal_energy { 12.39443049466634   } 
   nonlocal_energyvar { 292.2915788886781   } 
   autocorr_energy { } 
} 

block { 
   label dmc
   totweight 544000
   nautocorr 0
   total_energy { -103.8435640571089   } 
   total_energyvar { 1.581120837039634   } 
   weight { 1.003309737041522   } 
   weightvar { 0.09808005582519819   } 
   kinetic_energy { 58.19594612487374   } 
   kinetic_energyvar { 481.3277951825212   } 
   potential_energy { -174.2549755441901   } 
   potential_energyvar { 540.2752168785628   } 
   nonlocal_energy { 12.21546536220749   } 
   nonlocal_energyvar { 296.0505963221515   } 
   autocorr_energy { } 
} 

block { 
   label dmc
   totweight 544000
   nautocorr 0
   total_energy { -103.8351796066658   } 
   total_energyvar { 1.573484706486852   } 
   weight { 1.003558780801665   } 
   weightvar { 0.09561695406276316   } 
   kinetic_energy { 58.30753644968471   } 
   kinetic_energyvar { 475.8155960411495   } 
   potential_energy { -174.4517619355364   } 
   potential_energyvar { 540.3719605232691   } 
   nonlocal_energy { 12.3090458791859   } 
   nonlocal_energyvar { 293.6058512498379   } 
   autocorr_energy { } 
} 

block { 
   label dmc
   totweight 544000
   nautocorr 0
   total_energy { -103.8434154535658   } 
   total_energyvar { 1.603061523319411   } 
   weight { 1.003957634562135   } 
   weightvar { 0.09325213882271921   } 
   kinetic_energy { 58.44189597921159   } 
   kinetic_energyvar { 473.8555006350371   } 
   potential_energy { -174.6658074915343   } 
   potential_energyvar { 544.1883060479813   } 
   nonlocal_energy { 12.38049605875683   } 
   nonlocal_energyvar { 295.0620326726668   } 
   autocorr_energy { } 
} 

block { 
   label dmc
   totweight 544000
   nautocorr 0
   total_energy { -103.8254304943504   } 
   total_energyvar { 1.572450759957064   } 
   weight { 1.002000779108949   } 
   weightvar { 0.09431242801975959   } 
   kinetic_energy { 58.54545369143425   } 
   kinetic_energyvar { 473.281281575481   } 
   potential_energy { -174.6561613382134   } 
   potential_energyvar { 542.3332781689023   } 
   nonlocal_energy { 12.28527715242869   } 
   nonlocal_energyvar { 287.4494158327799   } 
   autocorr_energy { } 
} 

