#-------------------------------------------------
#VMC run: timestep 1 nconfig 6400 steps 100
#-------------------------------------------------


init { 
   label vmc
}
block { 
   label vmc
   totweight 640000
   nautocorr 0
   total_energy { -15.8563366860289   } 
   total_energyvar { 0.1726483122040179   } 
   weight { 1   } 
   weightvar { 0   } 
   kinetic_energy { 11.99919679179009   } 
   kinetic_energyvar { 59.9935620703649   } 
   potential_energy { -28.95086121536706   } 
   potential_energyvar { 62.16169009243265   } 
   nonlocal_energy { 1.095327737548072   } 
   nonlocal_energyvar { 26.2343356375368   } 
   autocorr_energy { } 
} 

block { 
   label vmc
   totweight 640000
   nautocorr 0
   total_energy { -15.85659083934395   } 
   total_energyvar { 0.1683873907421685   } 
   weight { 1   } 
   weightvar { 0   } 
   kinetic_energy { 12.00068368709964   } 
   kinetic_energyvar { 60.00607188460049   } 
   potential_energy { -28.95202690574333   } 
   potential_energyvar { 62.33574899525638   } 
   nonlocal_energy { 1.094752379299746   } 
   nonlocal_energyvar { 25.41413495631538   } 
   autocorr_energy { } 
} 

block { 
   label vmc
   totweight 640000
   nautocorr 0
   total_energy { -15.85591058532082   } 
   total_energyvar { 0.164486617033873   } 
   weight { 1   } 
   weightvar { 0   } 
   kinetic_energy { 12.01661431191781   } 
   kinetic_energyvar { 59.82132128050154   } 
   potential_energy { -28.97512254888678   } 
   potential_energyvar { 62.16510031941709   } 
   nonlocal_energy { 1.102597651648161   } 
   nonlocal_energyvar { 24.38482199716564   } 
   autocorr_energy { } 
} 

block { 
   label vmc
   totweight 640000
   nautocorr 0
   total_energy { -15.85619070809189   } 
   total_energyvar { 0.1688816389799115   } 
   weight { 1   } 
   weightvar { 0   } 
   kinetic_energy { 11.9791395045745   } 
   kinetic_energyvar { 59.59303737550238   } 
   potential_energy { -28.93220444741886   } 
   potential_energyvar { 62.68914306351735   } 
   nonlocal_energy { 1.096874234752471   } 
   nonlocal_energyvar { 26.07457026678375   } 
   autocorr_energy { } 
} 

block { 
   label vmc
   totweight 640000
   nautocorr 0
   total_energy { -15.85620086142287   } 
   total_energyvar { 0.1671014090040899   } 
   weight { 1   } 
   weightvar { 0   } 
   kinetic_energy { 11.98876252690014   } 
   kinetic_energyvar { 59.57259805435726   } 
   potential_energy { -28.93529430000419   } 
   potential_energyvar { 62.18446640659079   } 
   nonlocal_energy { 1.09033091168119   } 
   nonlocal_energyvar { 24.60452473948063   } 
   autocorr_energy { } 
} 

block { 
   label vmc
   totweight 640000
   nautocorr 0
   total_energy { -15.85603078730388   } 
   total_energyvar { 0.1692309742839768   } 
   weight { 1   } 
   weightvar { 0   } 
   kinetic_energy { 12.02023157777174   } 
   kinetic_energyvar { 61.77546878433716   } 
   potential_energy { -28.96626091845888   } 
   potential_energyvar { 61.72817806606042   } 
   nonlocal_energy { 1.089998553383256   } 
   nonlocal_energyvar { 26.1910706068841   } 
   autocorr_energy { } 
} 

block { 
   label vmc
   totweight 640000
   nautocorr 0
   total_energy { -15.85508031802066   } 
   total_energyvar { 0.1670552777197258   } 
   weight { 1   } 
   weightvar { 0   } 
   kinetic_energy { 11.99149309903091   } 
   kinetic_energyvar { 59.92918335244809   } 
   potential_energy { -28.94167724872796   } 
   potential_energyvar { 61.71611367575758   } 
   nonlocal_energy { 1.095103831676396   } 
   nonlocal_energyvar { 24.70200305583739   } 
   autocorr_energy { } 
} 

block { 
   label vmc
   totweight 640000
   nautocorr 0
   total_energy { -15.85609374704818   } 
   total_energyvar { 0.1739982272388829   } 
   weight { 1   } 
   weightvar { 0   } 
   kinetic_energy { 12.01188339399   } 
   kinetic_energyvar { 60.35274154950676   } 
   potential_energy { -28.96126117194436   } 
   potential_energyvar { 62.47655301634006   } 
   nonlocal_energy { 1.093284030906183   } 
   nonlocal_energyvar { 25.40071931300137   } 
   autocorr_energy { } 
} 

block { 
   label vmc
   totweight 640000
   nautocorr 0
   total_energy { -15.85534417067326   } 
   total_energyvar { 0.1641117374415444   } 
   weight { 1   } 
   weightvar { 0   } 
   kinetic_energy { 12.00603599831638   } 
   kinetic_energyvar { 59.83959609164208   } 
   potential_energy { -28.94569230743855   } 
   potential_energyvar { 61.99997799937171   } 
   nonlocal_energy { 1.084312138448903   } 
   nonlocal_energyvar { 24.59283360366333   } 
   autocorr_energy { } 
} 

block { 
   label vmc
   totweight 640000
   nautocorr 0
   total_energy { -15.85625201511492   } 
   total_energyvar { 0.1683215041961432   } 
   weight { 1   } 
   weightvar { 0   } 
   kinetic_energy { 11.96509323221734   } 
   kinetic_energyvar { 59.53913909520725   } 
   potential_energy { -28.9130486267457   } 
   potential_energyvar { 62.00705238044202   } 
   nonlocal_energy { 1.091703379413437   } 
   nonlocal_energyvar { 25.42198436036789   } 
   autocorr_energy { } 
} 

