#-------------------------------------------------
#VMC run: timestep 1 nconfig 6400 steps 100
#-------------------------------------------------


init { 
   label vmc
}
block { 
   label vmc
   totweight 640000
   nautocorr 0
   total_energy { -6.450571496475868   } 
   total_energyvar { 0.03317616166398807   } 
   weight { 1   } 
   weightvar { 0   } 
   kinetic_energy { 2.496511652173721   } 
   kinetic_energyvar { 1.992464250736917   } 
   potential_energy { -10.07167088553342   } 
   potential_energyvar { 4.256562092405019   } 
   nonlocal_energy { 1.12458773688383   } 
   nonlocal_energyvar { 4.56089963459927   } 
   autocorr_energy { } 
} 

block { 
   label vmc
   totweight 640000
   nautocorr 0
   total_energy { -6.450184585531872   } 
   total_energyvar { 0.03304358611747205   } 
   weight { 1   } 
   weightvar { 0   } 
   kinetic_energy { 2.491668136904071   } 
   kinetic_energyvar { 2.015074885074528   } 
   potential_energy { -10.07037933526767   } 
   potential_energyvar { 4.290010883601568   } 
   nonlocal_energy { 1.128526612831729   } 
   nonlocal_energyvar { 4.639590090725422   } 
   autocorr_energy { } 
} 

block { 
   label vmc
   totweight 640000
   nautocorr 0
   total_energy { -6.449999237325163   } 
   total_energyvar { 0.0408015323459594   } 
   weight { 1   } 
   weightvar { 0   } 
   kinetic_energy { 2.495202959380939   } 
   kinetic_energyvar { 3.549451401921536   } 
   potential_energy { -10.07534670110217   } 
   potential_energyvar { 4.322985426730426   } 
   nonlocal_energy { 1.13014450439607   } 
   nonlocal_energyvar { 5.819684797775084   } 
   autocorr_energy { } 
} 

block { 
   label vmc
   totweight 640000
   nautocorr 0
   total_energy { -6.450437532173798   } 
   total_energyvar { 0.03599600981770124   } 
   weight { 1   } 
   weightvar { 0   } 
   kinetic_energy { 2.495503965763504   } 
   kinetic_energyvar { 2.384117257765751   } 
   potential_energy { -10.07579321414011   } 
   potential_energyvar { 4.285817915717715   } 
   nonlocal_energy { 1.129851716202806   } 
   nonlocal_energyvar { 5.085916443450595   } 
   autocorr_energy { } 
} 

block { 
   label vmc
   totweight 640000
   nautocorr 0
   total_energy { -6.450473312871237   } 
   total_energyvar { 0.03381689802577625   } 
   weight { 1   } 
   weightvar { 0   } 
   kinetic_energy { 2.491647891547054   } 
   kinetic_energyvar { 2.022396646590851   } 
   potential_energy { -10.07600821106915   } 
   potential_energyvar { 4.34588939675956   } 
   nonlocal_energy { 1.133887006650856   } 
   nonlocal_energyvar { 4.757035967410491   } 
   autocorr_energy { } 
} 

block { 
   label vmc
   totweight 640000
   nautocorr 0
   total_energy { -6.450540937038252   } 
   total_energyvar { 0.03498527116185102   } 
   weight { 1   } 
   weightvar { 0   } 
   kinetic_energy { 2.497112833922825   } 
   kinetic_energyvar { 2.047056753574969   } 
   potential_energy { -10.07889238068442   } 
   potential_energyvar { 4.299136947378969   } 
   nonlocal_energy { 1.131238609723346   } 
   nonlocal_energyvar { 4.694955849344297   } 
   autocorr_energy { } 
} 

block { 
   label vmc
   totweight 640000
   nautocorr 0
   total_energy { -6.450068199936396   } 
   total_energyvar { 0.03339674452671915   } 
   weight { 1   } 
   weightvar { 0   } 
   kinetic_energy { 2.493048215432817   } 
   kinetic_energyvar { 2.048485274479352   } 
   potential_energy { -10.0746773929219   } 
   potential_energyvar { 4.340877489920089   } 
   nonlocal_energy { 1.131560977552683   } 
   nonlocal_energyvar { 4.765632305095342   } 
   autocorr_energy { } 
} 

block { 
   label vmc
   totweight 640000
   nautocorr 0
   total_energy { -6.450450905072117   } 
   total_energyvar { 0.03291139275587085   } 
   weight { 1   } 
   weightvar { 0   } 
   kinetic_energy { 2.500402370900309   } 
   kinetic_energyvar { 2.003084097447886   } 
   potential_energy { -10.07945677337343   } 
   potential_energyvar { 4.281879974620168   } 
   nonlocal_energy { 1.128603497400998   } 
   nonlocal_energyvar { 4.592676492357626   } 
   autocorr_energy { } 
} 

block { 
   label vmc
   totweight 640000
   nautocorr 0
   total_energy { -6.450603826466767   } 
   total_energyvar { 0.03332277702591568   } 
   weight { 1   } 
   weightvar { 0   } 
   kinetic_energy { 2.498867350966765   } 
   kinetic_energyvar { 2.009956783320686   } 
   potential_energy { -10.07362309729415   } 
   potential_energyvar { 4.272677757141395   } 
   nonlocal_energy { 1.124151919860614   } 
   nonlocal_energyvar { 4.604092103564847   } 
   autocorr_energy { } 
} 

block { 
   label vmc
   totweight 640000
   nautocorr 0
   total_energy { -6.450323962534942   } 
   total_energyvar { 0.03379593503027678   } 
   weight { 1   } 
   weightvar { 0   } 
   kinetic_energy { 2.4971681204851   } 
   kinetic_energyvar { 2.029958514254401   } 
   potential_energy { -10.07887553648231   } 
   potential_energyvar { 4.282029543346397   } 
   nonlocal_energy { 1.131383453462273   } 
   nonlocal_energyvar { 4.691993811391292   } 
   autocorr_energy { } 
} 

#-------------------------------------------------
#VMC run: timestep 1 nconfig 6400 steps 100
#-------------------------------------------------


init { 
   label vmc
}
block { 
   label vmc
   totweight 640000
   nautocorr 0
   total_energy { -6.450652152009306   } 
   total_energyvar { 0.03170526047063049   } 
   weight { 1   } 
   weightvar { 0   } 
   kinetic_energy { 2.487617967931939   } 
   kinetic_energyvar { 2.025076406888599   } 
   potential_energy { -10.06585894717189   } 
   potential_energyvar { 4.33726135238652   } 
   nonlocal_energy { 1.127588827230645   } 
   nonlocal_energyvar { 4.757364324697796   } 
   autocorr_energy { } 
} 

block { 
   label vmc
   totweight 640000
   nautocorr 0
   total_energy { -6.450648377461216   } 
   total_energyvar { 0.03127294328700714   } 
   weight { 1   } 
   weightvar { 0   } 
   kinetic_energy { 2.484876277313475   } 
   kinetic_energyvar { 2.03499874491514   } 
   potential_energy { -10.06360799597228   } 
   potential_energyvar { 4.299100583703137   } 
   nonlocal_energy { 1.128083341197587   } 
   nonlocal_energyvar { 4.675391584772845   } 
   autocorr_energy { } 
} 

block { 
   label vmc
   totweight 640000
   nautocorr 0
   total_energy { -6.450537591513786   } 
   total_energyvar { 0.03183301298000174   } 
   weight { 1   } 
   weightvar { 0   } 
   kinetic_energy { 2.487805957388419   } 
   kinetic_energyvar { 2.025687307011985   } 
   potential_energy { -10.06575647662069   } 
   potential_energyvar { 4.289639933925784   } 
   nonlocal_energy { 1.127412927718493   } 
   nonlocal_energyvar { 4.703004963704656   } 
   autocorr_energy { } 
} 

block { 
   label vmc
   totweight 640000
   nautocorr 0
   total_energy { -6.450418365656068   } 
   total_energyvar { 0.03144221241185363   } 
   weight { 1   } 
   weightvar { 0   } 
   kinetic_energy { 2.494485484021139   } 
   kinetic_energyvar { 2.008808085478297   } 
   potential_energy { -10.07133056221264   } 
   potential_energyvar { 4.295957891728648   } 
   nonlocal_energy { 1.126426712535435   } 
   nonlocal_energyvar { 4.70519945648492   } 
   autocorr_energy { } 
} 

block { 
   label vmc
   totweight 640000
   nautocorr 0
   total_energy { -6.45034311611465   } 
   total_energyvar { 0.03177354482060935   } 
   weight { 1   } 
   weightvar { 0   } 
   kinetic_energy { 2.487095812871691   } 
   kinetic_energyvar { 1.988529352172552   } 
   potential_energy { -10.06651149425141   } 
   potential_energyvar { 4.292355311300582   } 
   nonlocal_energy { 1.129072565265069   } 
   nonlocal_energyvar { 4.645695393676944   } 
   autocorr_energy { } 
} 

block { 
   label vmc
   totweight 640000
   nautocorr 0
   total_energy { -6.450548262633713   } 
   total_energyvar { 0.03108443211575462   } 
   weight { 1   } 
   weightvar { 0   } 
   kinetic_energy { 2.491201769979479   } 
   kinetic_energyvar { 2.003833105728827   } 
   potential_energy { -10.0655209155821   } 
   potential_energyvar { 4.281371377884085   } 
   nonlocal_energy { 1.123770882968909   } 
   nonlocal_energyvar { 4.627200375026458   } 
   autocorr_energy { } 
} 

block { 
   label vmc
   totweight 640000
   nautocorr 0
   total_energy { -6.450745040395727   } 
   total_energyvar { 0.03217482506113356   } 
   weight { 1   } 
   weightvar { 0   } 
   kinetic_energy { 2.490118004638875   } 
   kinetic_energyvar { 2.081507642323108   } 
   potential_energy { -10.06759360931733   } 
   potential_energyvar { 4.325957934658348   } 
   nonlocal_energy { 1.126730564282733   } 
   nonlocal_energyvar { 4.68066539250106   } 
   autocorr_energy { } 
} 

block { 
   label vmc
   totweight 640000
   nautocorr 0
   total_energy { -6.450580805678082   } 
   total_energyvar { 0.0318256793222389   } 
   weight { 1   } 
   weightvar { 0   } 
   kinetic_energy { 2.488082488838931   } 
   kinetic_energyvar { 2.121805471575476   } 
   potential_energy { -10.06549684442527   } 
   potential_energyvar { 4.311776333480111   } 
   nonlocal_energy { 1.12683354990826   } 
   nonlocal_energyvar { 4.793718317697586   } 
   autocorr_energy { } 
} 

block { 
   label vmc
   totweight 640000
   nautocorr 0
   total_energy { -6.450376503734885   } 
   total_energyvar { 0.03106364682192719   } 
   weight { 1   } 
   weightvar { 0   } 
   kinetic_energy { 2.489486938077889   } 
   kinetic_energyvar { 1.975887610025292   } 
   potential_energy { -10.06238513311588   } 
   potential_energyvar { 4.302835239006015   } 
   nonlocal_energy { 1.122521691303104   } 
   nonlocal_energyvar { 4.635861104791122   } 
   autocorr_energy { } 
} 

block { 
   label vmc
   totweight 640000
   nautocorr 0
   total_energy { -6.450298689236306   } 
   total_energyvar { 0.03219576331063223   } 
   weight { 1   } 
   weightvar { 0   } 
   kinetic_energy { 2.491432142872797   } 
   kinetic_energyvar { 2.014648570312622   } 
   potential_energy { -10.07685701526371   } 
   potential_energyvar { 4.347667368231285   } 
   nonlocal_energy { 1.135126183154607   } 
   nonlocal_energyvar { 4.77110186229634   } 
   autocorr_energy { } 
} 

