#-------------------------------------------------
#VMC run: timestep 1 nconfig 6400 steps 100
#-------------------------------------------------


init { 
   label vmc
}
block { 
   label vmc
   totweight 640000
   nautocorr 0
   total_energy { -0.8177393377761879   } 
   total_energyvar { 0.003738651869449439   } 
   weight { 1   } 
   weightvar { 0   } 
   kinetic_energy { 0.2342371643411056   } 
   kinetic_energyvar { 0.113264835960788   } 
   potential_energy { -1.219665640044351   } 
   potential_energyvar { 0.2113466963540354   } 
   nonlocal_energy { 0.1676891379270573   } 
   nonlocal_energyvar { 0.3369384715255608   } 
   autocorr_energy { } 
} 

block { 
   label vmc
   totweight 640000
   nautocorr 0
   total_energy { -0.8177328660327211   } 
   total_energyvar { 0.003744669159867375   } 
   weight { 1   } 
   weightvar { 0   } 
   kinetic_energy { 0.233717975016143   } 
   kinetic_energyvar { 0.1155866035890355   } 
   potential_energy { -1.220464830495888   } 
   potential_energyvar { 0.2050379491173187   } 
   nonlocal_energy { 0.169013989447024   } 
   nonlocal_energyvar { 0.3349960885946833   } 
   autocorr_energy { } 
} 

block { 
   label vmc
   totweight 640000
   nautocorr 0
   total_energy { -0.817908418022677   } 
   total_energyvar { 0.003708895664531697   } 
   weight { 1   } 
   weightvar { 0   } 
   kinetic_energy { 0.2351407778069026   } 
   kinetic_energyvar { 0.1134893852655839   } 
   potential_energy { -1.22020605319596   } 
   potential_energyvar { 0.2025024512338771   } 
   nonlocal_energy { 0.1671568573663803   } 
   nonlocal_energyvar { 0.3292727957262514   } 
   autocorr_energy { } 
} 

block { 
   label vmc
   totweight 640000
   nautocorr 0
   total_energy { -0.8178025776703312   } 
   total_energyvar { 0.003691716882199381   } 
   weight { 1   } 
   weightvar { 0   } 
   kinetic_energy { 0.2337244064741937   } 
   kinetic_energyvar { 0.1136261823064994   } 
   potential_energy { -1.219811022136814   } 
   potential_energyvar { 0.2017913533319493   } 
   nonlocal_energy { 0.1682840379922888   } 
   nonlocal_energyvar { 0.3304782347463481   } 
   autocorr_energy { } 
} 

block { 
   label vmc
   totweight 640000
   nautocorr 0
   total_energy { -0.8178678236371058   } 
   total_energyvar { 0.00372411657420102   } 
   weight { 1   } 
   weightvar { 0   } 
   kinetic_energy { 0.2345112745849823   } 
   kinetic_energyvar { 0.114446726643801   } 
   potential_energy { -1.220936949072268   } 
   potential_energyvar { 0.2059146035217347   } 
   nonlocal_energy { 0.1685578508501805   } 
   nonlocal_energyvar { 0.3351357392465855   } 
   autocorr_energy { } 
} 

block { 
   label vmc
   totweight 640000
   nautocorr 0
   total_energy { -0.8179343391436553   } 
   total_energyvar { 0.003727237977486753   } 
   weight { 1   } 
   weightvar { 0   } 
   kinetic_energy { 0.2336605345558011   } 
   kinetic_energyvar { 0.1143303315728041   } 
   potential_energy { -1.220262306188528   } 
   potential_energyvar { 0.2009834921895142   } 
   nonlocal_energy { 0.1686674324890718   } 
   nonlocal_energyvar { 0.3304376312389062   } 
   autocorr_energy { } 
} 

block { 
   label vmc
   totweight 640000
   nautocorr 0
   total_energy { -0.8179799308882302   } 
   total_energyvar { 0.003675978908702415   } 
   weight { 1   } 
   weightvar { 0   } 
   kinetic_energy { 0.2336881085827632   } 
   kinetic_energyvar { 0.1151369589157002   } 
   potential_energy { -1.219336365954738   } 
   potential_energyvar { 0.2094916049579207   } 
   nonlocal_energy { 0.1676683264837442   } 
   nonlocal_energyvar { 0.33634883803913   } 
   autocorr_energy { } 
} 

block { 
   label vmc
   totweight 640000
   nautocorr 0
   total_energy { -0.8179296594906668   } 
   total_energyvar { 0.003732723067306432   } 
   weight { 1   } 
   weightvar { 0   } 
   kinetic_energy { 0.233869501002704   } 
   kinetic_energyvar { 0.1140775978957197   } 
   potential_energy { -1.220042462618499   } 
   potential_energyvar { 0.2110146355273608   } 
   nonlocal_energy { 0.1682433021251281   } 
   nonlocal_energyvar { 0.3412525657143778   } 
   autocorr_energy { } 
} 

block { 
   label vmc
   totweight 640000
   nautocorr 0
   total_energy { -0.8178003586628746   } 
   total_energyvar { 0.00375985085359809   } 
   weight { 1   } 
   weightvar { 0   } 
   kinetic_energy { 0.2331684621177356   } 
   kinetic_energyvar { 0.1158877269159762   } 
   potential_energy { -1.220859782542478   } 
   potential_energyvar { 0.2057292162170499   } 
   nonlocal_energy { 0.1698909617618677   } 
   nonlocal_energyvar { 0.3398128178239131   } 
   autocorr_energy { } 
} 

block { 
   label vmc
   totweight 640000
   nautocorr 0
   total_energy { -0.8178048215697117   } 
   total_energyvar { 0.00374412669772739   } 
   weight { 1   } 
   weightvar { 0   } 
   kinetic_energy { 0.23336182097777   } 
   kinetic_energyvar { 0.1140063704401312   } 
   potential_energy { -1.219523124326886   } 
   potential_energyvar { 0.1975855047249839   } 
   nonlocal_energy { 0.1683564817794038   } 
   nonlocal_energyvar { 0.3240661254439128   } 
   autocorr_energy { } 
} 

