#-------------------------------------------------
#DMC run: timestep 0.0025
#-------------------------------------------------


init { 
   label dmc
}
block { 
   label dmc
   totweight 2176000
   nautocorr 0
   total_energy { -226.2830141854215   } 
   total_energyvar { 3.636791750031989   } 
   weight { 1.003523805610741   } 
   weightvar { 0.09298394538050858   } 
   kinetic_energy { 150.9976312733249   } 
   kinetic_energyvar { 2005.082232857385   } 
   potential_energy { -396.925650182849   } 
   potential_energyvar { 2157.527102617518   } 
   nonlocal_energy { 19.64500472410255   } 
   nonlocal_energyvar { 805.2643346563941   } 
   autocorr_energy { } 
} 

block { 
   label dmc
   totweight 2176000
   nautocorr 0
   total_energy { -226.2771988237472   } 
   total_energyvar { 3.677554673027771   } 
   weight { 1.002350344355573   } 
   weightvar { 0.09375748319835875   } 
   kinetic_energy { 151.1499356033069   } 
   kinetic_energyvar { 2029.475096952545   } 
   potential_energy { -397.12751960562   } 
   potential_energyvar { 2188.260538306437   } 
   nonlocal_energy { 19.70038517856585   } 
   nonlocal_energyvar { 812.1036653152386   } 
   autocorr_energy { } 
} 

block { 
   label dmc
   totweight 2176000
   nautocorr 0
   total_energy { -226.271345454128   } 
   total_energyvar { 3.623350265013869   } 
   weight { 0.9938283151072755   } 
   weightvar { 0.09583460406262201   } 
   kinetic_energy { 151.3625281904215   } 
   kinetic_energyvar { 2009.913778912622   } 
   potential_energy { -397.3436221794027   } 
   potential_energyvar { 2180.168522311462   } 
   nonlocal_energy { 19.70974853485324   } 
   nonlocal_energyvar { 796.9518344966486   } 
   autocorr_energy { } 
} 

block { 
   label dmc
   totweight 2176000
   nautocorr 0
   total_energy { -226.2842632907257   } 
   total_energyvar { 3.647713257712894   } 
   weight { 0.9947315352559163   } 
   weightvar { 0.09403114401340229   } 
   kinetic_energy { 151.4639902018509   } 
   kinetic_energyvar { 2040.242077080984   } 
   potential_energy { -397.4376728993475   } 
   potential_energyvar { 2184.207494831731   } 
   nonlocal_energy { 19.68941940677093   } 
   nonlocal_energyvar { 827.4766883512433   } 
   autocorr_energy { } 
} 

block { 
   label dmc
   totweight 2176000
   nautocorr 0
   total_energy { -226.2831601349394   } 
   total_energyvar { 3.605247347906698   } 
   weight { 1.001123921770294   } 
   weightvar { 0.09298110954027372   } 
   kinetic_energy { 150.9555921603331   } 
   kinetic_energyvar { 2002.730649720041   } 
   potential_energy { -396.7979772586208   } 
   potential_energyvar { 2170.075311714871   } 
   nonlocal_energy { 19.55922496334834   } 
   nonlocal_energyvar { 790.4318540288493   } 
   autocorr_energy { } 
} 

block { 
   label dmc
   totweight 2176000
   nautocorr 0
   total_energy { -226.2721759438997   } 
   total_energyvar { 3.615677141548076   } 
   weight { 0.9971050607394746   } 
   weightvar { 0.0953695154715607   } 
   kinetic_energy { 151.2874764358935   } 
   kinetic_energyvar { 2023.290656890771   } 
   potential_energy { -397.1557120781232   } 
   potential_energyvar { 2180.270286103914   } 
   nonlocal_energy { 19.59605969832999   } 
   nonlocal_energyvar { 798.9673621442828   } 
   autocorr_energy { } 
} 

block { 
   label dmc
   totweight 2176000
   nautocorr 0
   total_energy { -226.2735025793644   } 
   total_energyvar { 3.640985161466233   } 
   weight { 0.9923491822469801   } 
   weightvar { 0.0974969584516725   } 
   kinetic_energy { 151.5100685255695   } 
   kinetic_energyvar { 2001.660741923835   } 
   potential_energy { -397.5667431151401   } 
   potential_energyvar { 2177.05950565025   } 
   nonlocal_energy { 19.78317201020625   } 
   nonlocal_energyvar { 791.3514385494503   } 
   autocorr_energy { } 
} 

block { 
   label dmc
   totweight 2176000
   nautocorr 0
   total_energy { -226.2802207630013   } 
   total_energyvar { 3.615374875778798   } 
   weight { 0.9967572590989824   } 
   weightvar { 0.09537700308156649   } 
   kinetic_energy { 151.6687777575228   } 
   kinetic_energyvar { 2014.067528256979   } 
   potential_energy { -397.6335905658669   } 
   potential_energyvar { 2185.41820937171   } 
   nonlocal_energy { 19.68459204534279   } 
   nonlocal_energyvar { 796.2994913481932   } 
   autocorr_energy { } 
} 

block { 
   label dmc
   totweight 2176000
   nautocorr 0
   total_energy { -226.2730580625519   } 
   total_energyvar { 3.609854958071082   } 
   weight { 0.9946994086092579   } 
   weightvar { 0.09551886083108452   } 
   kinetic_energy { 151.545630872486   } 
   kinetic_energyvar { 2024.18786266695   } 
   potential_energy { -397.3922200572939   } 
   potential_energyvar { 2184.92301959396   } 
   nonlocal_energy { 19.57353112225589   } 
   nonlocal_energyvar { 802.1743655001217   } 
   autocorr_energy { } 
} 

block { 
   label dmc
   totweight 2176000
   nautocorr 0
   total_energy { -226.2728059836194   } 
   total_energyvar { 3.675821841781726   } 
   weight { 0.9941172801933132   } 
   weightvar { 0.09620808295441252   } 
   kinetic_energy { 151.2171004151456   } 
   kinetic_energyvar { 2031.896491346284   } 
   potential_energy { -397.1904435242708   } 
   potential_energyvar { 2199.297533984645   } 
   nonlocal_energy { 19.7005371255058   } 
   nonlocal_energyvar { 797.5202493373029   } 
   autocorr_energy { } 
} 

block { 
   label dmc
   totweight 2176000
   nautocorr 0
   total_energy { -226.2789557748961   } 
   total_energyvar { 3.660335105727427   } 
   weight { 0.9950596810504713   } 
   weightvar { 0.09549753286090623   } 
   kinetic_energy { 151.4958907592561   } 
   kinetic_energyvar { 2041.288422582122   } 
   potential_energy { -397.5238497331404   } 
   potential_energyvar { 2203.543460390647   } 
   nonlocal_energy { 19.74900319898825   } 
   nonlocal_energyvar { 811.521774591494   } 
   autocorr_energy { } 
} 

block { 
   label dmc
   totweight 2176000
   nautocorr 0
   total_energy { -226.2810697880264   } 
   total_energyvar { 3.596684428892331   } 
   weight { 0.9983328345358216   } 
   weightvar { 0.09377472804235176   } 
   kinetic_energy { 151.1641511486738   } 
   kinetic_energyvar { 1996.290085365534   } 
   potential_energy { -397.0556135651538   } 
   potential_energyvar { 2168.301410655637   } 
   nonlocal_energy { 19.6103926284537   } 
   nonlocal_energyvar { 790.9144298744284   } 
   autocorr_energy { } 
} 

block { 
   label dmc
   totweight 2176000
   nautocorr 0
   total_energy { -226.2763487260371   } 
   total_energyvar { 3.663699278404238   } 
   weight { 0.9995257781737066   } 
   weightvar { 0.09330073231523028   } 
   kinetic_energy { 151.5177285289161   } 
   kinetic_energyvar { 2025.047509141386   } 
   potential_energy { -397.476211262094   } 
   potential_energyvar { 2189.898549470643   } 
   nonlocal_energy { 19.68213400714079   } 
   nonlocal_energyvar { 799.4251706167131   } 
   autocorr_energy { } 
} 

block { 
   label dmc
   totweight 2176000
   nautocorr 0
   total_energy { -226.2800937832792   } 
   total_energyvar { 3.608630767244904   } 
   weight { 0.9992146687578773   } 
   weightvar { 0.09375556500913418   } 
   kinetic_energy { 151.2574906602062   } 
   kinetic_energyvar { 2018.143207594967   } 
   potential_energy { -397.1713124660528   } 
   potential_energyvar { 2187.06680218596   } 
   nonlocal_energy { 19.63372802256732   } 
   nonlocal_energyvar { 798.188208191006   } 
   autocorr_energy { } 
} 

block { 
   label dmc
   totweight 2176000
   nautocorr 0
   total_energy { -226.2777900282222   } 
   total_energyvar { 3.659297593658266   } 
   weight { 0.997101827855051   } 
   weightvar { 0.09300312356556073   } 
   kinetic_energy { 151.4142211856332   } 
   kinetic_energyvar { 2000.8272395243   } 
   potential_energy { -397.4362139864986   } 
   potential_energyvar { 2162.017186782847   } 
   nonlocal_energy { 19.74420277264319   } 
   nonlocal_energyvar { 807.1971300962441   } 
   autocorr_energy { } 
} 

block { 
   label dmc
   totweight 2176000
   nautocorr 0
   total_energy { -226.2888042044067   } 
   total_energyvar { 3.713208089131513   } 
   weight { 1.002510303118472   } 
   weightvar { 0.09213604176873424   } 
   kinetic_energy { 151.4992206139734   } 
   kinetic_energyvar { 2024.960179025406   } 
   potential_energy { -397.4381303145023   } 
   potential_energyvar { 2185.120527844963   } 
   nonlocal_energy { 19.65010549612218   } 
   nonlocal_energyvar { 812.239017113054   } 
   autocorr_energy { } 
} 

block { 
   label dmc
   totweight 2176000
   nautocorr 0
   total_energy { -226.2791864564904   } 
   total_energyvar { 3.664892111090012   } 
   weight { 1.001369301143832   } 
   weightvar { 0.09225808690417447   } 
   kinetic_energy { 151.3814855370465   } 
   kinetic_energyvar { 2002.106278074712   } 
   potential_energy { -397.3474155636337   } 
   potential_energyvar { 2172.594810385344   } 
   nonlocal_energy { 19.68674357009681   } 
   nonlocal_energyvar { 791.1170122041054   } 
   autocorr_energy { } 
} 

block { 
   label dmc
   totweight 2176000
   nautocorr 0
   total_energy { -226.2793084698598   } 
   total_energyvar { 3.704834415919322   } 
   weight { 0.9986562756853514   } 
   weightvar { 0.09333406501845587   } 
   kinetic_energy { 151.6082458736755   } 
   kinetic_energyvar { 2002.00311223272   } 
   potential_energy { -397.4897594084521   } 
   potential_energyvar { 2169.362088393944   } 
   nonlocal_energy { 19.60220506491682   } 
   nonlocal_energyvar { 785.1169682560285   } 
   autocorr_energy { } 
} 

block { 
   label dmc
   totweight 2176000
   nautocorr 0
   total_energy { -226.2834529020422   } 
   total_energyvar { 3.633811022620648   } 
   weight { 0.9990419175720741   } 
   weightvar { 0.09338008072330872   } 
   kinetic_energy { 151.4854090469266   } 
   kinetic_energyvar { 1998.081151110073   } 
   potential_energy { -397.4604009916421   } 
   potential_energyvar { 2181.307992716582   } 
   nonlocal_energy { 19.69153904267325   } 
   nonlocal_energyvar { 780.4411935936405   } 
   autocorr_energy { } 
} 

block { 
   label dmc
   totweight 2176000
   nautocorr 0
   total_energy { -226.2748607848023   } 
   total_energyvar { 3.6634055749455   } 
   weight { 0.9972405637604275   } 
   weightvar { 0.09393659901235996   } 
   kinetic_energy { 151.3294009598435   } 
   kinetic_energyvar { 2027.53536882843   } 
   potential_energy { -397.1650788048319   } 
   potential_energyvar { 2179.631791954511   } 
   nonlocal_energy { 19.56081706018614   } 
   nonlocal_energyvar { 807.1376901510448   } 
   autocorr_energy { } 
} 

block { 
   label dmc
   totweight 2176000
   nautocorr 0
   total_energy { -226.2820493454368   } 
   total_energyvar { 3.616433607487124   } 
   weight { 0.9973934870223163   } 
   weightvar { 0.09145971176748913   } 
   kinetic_energy { 151.5515218901811   } 
   kinetic_energyvar { 2009.124016319121   } 
   potential_energy { -397.5453756623093   } 
   potential_energyvar { 2186.547244598274   } 
   nonlocal_energy { 19.71180442669127   } 
   nonlocal_energyvar { 797.4688171371955   } 
   autocorr_energy { } 
} 

block { 
   label dmc
   totweight 2176000
   nautocorr 0
   total_energy { -226.2816397677259   } 
   total_energyvar { 3.630640073650284   } 
   weight { 0.9988741337866084   } 
   weightvar { 0.09160876433700404   } 
   kinetic_energy { 150.8599221340251   } 
   kinetic_energyvar { 2006.857591880493   } 
   potential_energy { -396.6956283484864   } 
   potential_energyvar { 2189.289915021567   } 
   nonlocal_energy { 19.55406644673536   } 
   nonlocal_energyvar { 785.0377188729467   } 
   autocorr_energy { } 
} 

block { 
   label dmc
   totweight 2176000
   nautocorr 0
   total_energy { -226.279259142463   } 
   total_energyvar { 3.613013258291176   } 
   weight { 0.9986715849746279   } 
   weightvar { 0.09173910594594337   } 
   kinetic_energy { 151.2564937084712   } 
   kinetic_energyvar { 2017.1164543337   } 
   potential_energy { -397.1771903585606   } 
   potential_energyvar { 2183.635495158553   } 
   nonlocal_energy { 19.64143750762638   } 
   nonlocal_energyvar { 795.2661249381138   } 
   autocorr_energy { } 
} 

block { 
   label dmc
   totweight 2176000
   nautocorr 0
   total_energy { -226.2857935990721   } 
   total_energyvar { 3.621913785456854   } 
   weight { 1.000098582588737   } 
   weightvar { 0.09406206463833566   } 
   kinetic_energy { 151.5476520469451   } 
   kinetic_energyvar { 2013.981856217317   } 
   potential_energy { -397.5208771797695   } 
   potential_energyvar { 2186.300210676913   } 
   nonlocal_energy { 19.6874315337523   } 
   nonlocal_energyvar { 795.9253669864879   } 
   autocorr_energy { } 
} 

block { 
   label dmc
   totweight 2176000
   nautocorr 0
   total_energy { -226.2793346758864   } 
   total_energyvar { 3.634932631503034   } 
   weight { 1.000488208316376   } 
   weightvar { 0.09286140375537011   } 
   kinetic_energy { 151.4394635856361   } 
   kinetic_energyvar { 2024.180268516193   } 
   potential_energy { -397.3693226318628   } 
   potential_energyvar { 2195.738367414189   } 
   nonlocal_energy { 19.65052437034024   } 
   nonlocal_energyvar { 795.5638545133165   } 
   autocorr_energy { } 
} 

block { 
   label dmc
   totweight 2176000
   nautocorr 0
   total_energy { -226.279285902295   } 
   total_energyvar { 3.628099679903244   } 
   weight { 0.998545548470546   } 
   weightvar { 0.09202820001841738   } 
   kinetic_energy { 151.1275584018113   } 
   kinetic_energyvar { 2020.962563399084   } 
   potential_energy { -396.9996595531097   } 
   potential_energyvar { 2163.134249213064   } 
   nonlocal_energy { 19.59281524900335   } 
   nonlocal_energyvar { 813.1146149847166   } 
   autocorr_energy { } 
} 

block { 
   label dmc
   totweight 2176000
   nautocorr 0
   total_energy { -226.287649284284   } 
   total_energyvar { 3.595791116960754   } 
   weight { 1.001424624396394   } 
   weightvar { 0.09381420013791142   } 
   kinetic_energy { 151.3740728556477   } 
   kinetic_energyvar { 2003.641707626171   } 
   potential_energy { -397.2861292810613   } 
   potential_energyvar { 2182.382498908497   } 
   nonlocal_energy { 19.62440714112955   } 
   nonlocal_energyvar { 791.2882760773041   } 
   autocorr_energy { } 
} 

block { 
   label dmc
   totweight 2176000
   nautocorr 0
   total_energy { -226.2723904095675   } 
   total_energyvar { 3.705651440875954   } 
   weight { 0.9971999830415454   } 
   weightvar { 0.09235789525612659   } 
   kinetic_energy { 151.6072444877938   } 
   kinetic_energyvar { 2021.162100793019   } 
   potential_energy { -397.5821293343899   } 
   potential_energyvar { 2184.662955304229   } 
   nonlocal_energy { 19.70249443702853   } 
   nonlocal_energyvar { 799.6281945538083   } 
   autocorr_energy { } 
} 

block { 
   label dmc
   totweight 2176000
   nautocorr 0
   total_energy { -226.2797342261894   } 
   total_energyvar { 3.616170471046644   } 
   weight { 0.9962627826160884   } 
   weightvar { 0.09598783971373526   } 
   kinetic_energy { 151.386730201763   } 
   kinetic_energyvar { 2048.412875822352   } 
   potential_energy { -397.360695138898   } 
   potential_energyvar { 2195.120166206063   } 
   nonlocal_energy { 19.69423071094561   } 
   nonlocal_energyvar { 821.0266008600133   } 
   autocorr_energy { } 
} 

block { 
   label dmc
   totweight 2176000
   nautocorr 0
   total_energy { -226.2848187549999   } 
   total_energyvar { 3.655439849135291   } 
   weight { 0.9979477099570774   } 
   weightvar { 0.09455378435903372   } 
   kinetic_energy { 151.183931714106   } 
   kinetic_energyvar { 2049.53576768484   } 
   potential_energy { -397.0856564073224   } 
   potential_energyvar { 2208.416909271735   } 
   nonlocal_energy { 19.61690593821653   } 
   nonlocal_energyvar { 805.6742448903072   } 
   autocorr_energy { } 
} 

block { 
   label dmc
   totweight 2176000
   nautocorr 0
   total_energy { -226.2894923822595   } 
   total_energyvar { 3.615983614523429   } 
   weight { 1.002623460723791   } 
   weightvar { 0.0956761696865549   } 
   kinetic_energy { 151.2347929692899   } 
   kinetic_energyvar { 2009.278568446527   } 
   potential_energy { -397.0937943514504   } 
   potential_energyvar { 2166.630197915219   } 
   nonlocal_energy { 19.56950899990095   } 
   nonlocal_energyvar { 798.3950519138058   } 
   autocorr_energy { } 
} 

block { 
   label dmc
   totweight 2176000
   nautocorr 0
   total_energy { -226.2778318176101   } 
   total_energyvar { 3.649466282804497   } 
   weight { 1.00275021978285   } 
   weightvar { 0.09411316843951933   } 
   kinetic_energy { 151.6839776268163   } 
   kinetic_energyvar { 2038.287701602523   } 
   potential_energy { -397.4731854548197   } 
   potential_energyvar { 2191.806024534919   } 
   nonlocal_energy { 19.51137601039329   } 
   nonlocal_energyvar { 804.6717040912329   } 
   autocorr_energy { } 
} 

block { 
   label dmc
   totweight 2176000
   nautocorr 0
   total_energy { -226.272542444193   } 
   total_energyvar { 3.694033575840876   } 
   weight { 0.9948213682204521   } 
   weightvar { 0.09275341286237992   } 
   kinetic_energy { 151.2541339478131   } 
   kinetic_energyvar { 2021.478115799593   } 
   potential_energy { -397.1474561666502   } 
   potential_energyvar { 2189.210608512221   } 
   nonlocal_energy { 19.62077977464411   } 
   nonlocal_energyvar { 790.2049178881784   } 
   autocorr_energy { } 
} 

block { 
   label dmc
   totweight 2176000
   nautocorr 0
   total_energy { -226.2857902584012   } 
   total_energyvar { 3.627566349423432   } 
   weight { 0.9951232935797474   } 
   weightvar { 0.09338907533331198   } 
   kinetic_energy { 151.3574405946171   } 
   kinetic_energyvar { 2005.525978621408   } 
   potential_energy { -397.2319231085034   } 
   potential_energyvar { 2182.748398398311   } 
   nonlocal_energy { 19.58869225548507   } 
   nonlocal_energyvar { 783.4910736694724   } 
   autocorr_energy { } 
} 

block { 
   label dmc
   totweight 2176000
   nautocorr 0
   total_energy { -226.2814176247703   } 
   total_energyvar { 3.637155303105828   } 
   weight { 0.9987776690629847   } 
   weightvar { 0.09321623624170128   } 
   kinetic_energy { 150.9772755839575   } 
   kinetic_energyvar { 2014.712620950333   } 
   potential_energy { -396.8197602228175   } 
   potential_energyvar { 2166.947097293218   } 
   nonlocal_energy { 19.56106701408968   } 
   nonlocal_energyvar { 808.146387992844   } 
   autocorr_energy { } 
} 

block { 
   label dmc
   totweight 2176000
   nautocorr 0
   total_energy { -226.2882053113068   } 
   total_energyvar { 3.614848952485772   } 
   weight { 1.000939656468439   } 
   weightvar { 0.09237846729691235   } 
   kinetic_energy { 151.5009286966165   } 
   kinetic_energyvar { 2002.392253663078   } 
   potential_energy { -397.3863565084575   } 
   potential_energyvar { 2159.48650437218   } 
   nonlocal_energy { 19.59722250053419   } 
   nonlocal_energyvar { 792.6920568559265   } 
   autocorr_energy { } 
} 

block { 
   label dmc
   totweight 2176000
   nautocorr 0
   total_energy { -226.2858253534166   } 
   total_energyvar { 3.669318546628347   } 
   weight { 1.00332379826749   } 
   weightvar { 0.09196418072225354   } 
   kinetic_energy { 151.3096048616961   } 
   kinetic_energyvar { 2030.684143408471   } 
   potential_energy { -397.0934828486303   } 
   potential_energyvar { 2185.049730434665   } 
   nonlocal_energy { 19.49805263351774   } 
   nonlocal_energyvar { 811.5135441106127   } 
   autocorr_energy { } 
} 

block { 
   label dmc
   totweight 2176000
   nautocorr 0
   total_energy { -226.277606306428   } 
   total_energyvar { 3.662467918482434   } 
   weight { 0.9989044512301142   } 
   weightvar { 0.09231884452220396   } 
   kinetic_energy { 151.381774365316   } 
   kinetic_energyvar { 2041.028825587007   } 
   potential_energy { -397.3696882244142   } 
   potential_energyvar { 2203.065130359493   } 
   nonlocal_energy { 19.71030755267011   } 
   nonlocal_energyvar { 817.4593433122593   } 
   autocorr_energy { } 
} 

block { 
   label dmc
   totweight 2176000
   nautocorr 0
   total_energy { -226.2789507632317   } 
   total_energyvar { 3.656206815612677   } 
   weight { 0.9960401554795488   } 
   weightvar { 0.09366257812694923   } 
   kinetic_energy { 151.9098458986914   } 
   kinetic_energyvar { 2047.952099914863   } 
   potential_energy { -397.8093668152166   } 
   potential_energyvar { 2204.554153253819   } 
   nonlocal_energy { 19.62057015329346   } 
   nonlocal_energyvar { 813.6815343497922   } 
   autocorr_energy { } 
} 

block { 
   label dmc
   totweight 2176000
   nautocorr 0
   total_energy { -226.2709788049316   } 
   total_energyvar { 3.593934664313565   } 
   weight { 0.993153183959665   } 
   weightvar { 0.09399070103094864   } 
   kinetic_energy { 151.6074536438303   } 
   kinetic_energyvar { 2012.119105443566   } 
   potential_energy { -397.5787860742805   } 
   potential_energyvar { 2190.937342990306   } 
   nonlocal_energy { 19.70035362551866   } 
   nonlocal_energyvar { 782.1371607037354   } 
   autocorr_energy { } 
} 

