#-------------------------------------------------
#DMC run: timestep 0.001
#-------------------------------------------------


init { 
   label dmc
}
block { 
   label dmc
   totweight 5440000
   nautocorr 0
   total_energy { -226.2796096784949   } 
   total_energyvar { 3.649425174262433   } 
   weight { 0.9907672130681615   } 
   weightvar { 0.09465845110245308   } 
   kinetic_energy { 151.4011521703631   } 
   kinetic_energyvar { 1991.579897104817   } 
   potential_energy { -397.5977611612647   } 
   potential_energyvar { 2175.422890416026   } 
   nonlocal_energy { 19.91699931240666   } 
   nonlocal_energyvar { 798.7247675077124   } 
   autocorr_energy { } 
} 

block { 
   label dmc
   totweight 5440000
   nautocorr 0
   total_energy { -226.2812392054892   } 
   total_energyvar { 3.585678864212241   } 
   weight { 0.9960265799519512   } 
   weightvar { 0.09492692113072076   } 
   kinetic_energy { 151.1362485239745   } 
   kinetic_energyvar { 1981.799154520286   } 
   potential_energy { -397.2533860950929   } 
   potential_energyvar { 2185.894966306107   } 
   nonlocal_energy { 19.83589836562924   } 
   nonlocal_energyvar { 774.1077311593988   } 
   autocorr_energy { } 
} 

block { 
   label dmc
   totweight 5440000
   nautocorr 0
   total_energy { -226.2698893680443   } 
   total_energyvar { 3.631248042474908   } 
   weight { 0.9909836062639258   } 
   weightvar { 0.09225705977957599   } 
   kinetic_energy { 151.0039530401993   } 
   kinetic_energyvar { 1982.603044760155   } 
   potential_energy { -397.1420248373075   } 
   potential_energyvar { 2182.64385515693   } 
   nonlocal_energy { 19.86818242906385   } 
   nonlocal_energyvar { 792.4621229688897   } 
   autocorr_energy { } 
} 

block { 
   label dmc
   totweight 5440000
   nautocorr 0
   total_energy { -226.2754180518887   } 
   total_energyvar { 3.61641228076769   } 
   weight { 0.9918537792519714   } 
   weightvar { 0.0920026875809361   } 
   kinetic_energy { 150.8210170693594   } 
   kinetic_energyvar { 1994.057316297283   } 
   potential_energy { -396.9766524258705   } 
   potential_energyvar { 2194.820011766686   } 
   nonlocal_energy { 19.88021730462234   } 
   nonlocal_energyvar { 785.5817774558566   } 
   autocorr_energy { } 
} 

block { 
   label dmc
   totweight 5440000
   nautocorr 0
   total_energy { -226.2807859841408   } 
   total_energyvar { 3.587416003261751   } 
   weight { 0.995635244635258   } 
   weightvar { 0.09189352827135711   } 
   kinetic_energy { 150.803689964584   } 
   kinetic_energyvar { 1990.295876321987   } 
   potential_energy { -396.873213631755   } 
   potential_energyvar { 2188.88575133172   } 
   nonlocal_energy { 19.78873768303007   } 
   nonlocal_energyvar { 783.5244822247956   } 
   autocorr_energy { } 
} 

block { 
   label dmc
   totweight 5440000
   nautocorr 0
   total_energy { -226.2885215294594   } 
   total_energyvar { 3.731852232129313   } 
   weight { 1.001441865992698   } 
   weightvar { 0.09140170487051402   } 
   kinetic_energy { 151.204009463072   } 
   kinetic_energyvar { 1991.179374341067   } 
   potential_energy { -397.3709435053399   } 
   potential_energyvar { 2185.07123074602   } 
   nonlocal_energy { 19.87841251280856   } 
   nonlocal_energyvar { 793.1928921519109   } 
   autocorr_energy { } 
} 

block { 
   label dmc
   totweight 5440000
   nautocorr 0
   total_energy { -226.2774196760362   } 
   total_energyvar { 3.924997927802906   } 
   weight { 1.001337484753977   } 
   weightvar { 0.09064554637725419   } 
   kinetic_energy { 150.6796430998332   } 
   kinetic_energyvar { 2029.104184202239   } 
   potential_energy { -396.7438116332245   } 
   potential_energyvar { 2172.219787694397   } 
   nonlocal_energy { 19.78674885735513   } 
   nonlocal_energyvar { 840.9992917206941   } 
   autocorr_energy { } 
} 

block { 
   label dmc
   totweight 5440000
   nautocorr 0
   total_energy { -226.2694563682701   } 
   total_energyvar { 3.611051444757322   } 
   weight { 0.9940154742984296   } 
   weightvar { 0.09237719541005562   } 
   kinetic_energy { 150.9398523641785   } 
   kinetic_energyvar { 2000.996835703605   } 
   potential_energy { -397.1387158884583   } 
   potential_energyvar { 2195.863556035736   } 
   nonlocal_energy { 19.92940715600968   } 
   nonlocal_energyvar { 788.6349716879795   } 
   autocorr_energy { } 
} 

block { 
   label dmc
   totweight 5440000
   nautocorr 0
   total_energy { -226.2737464975719   } 
   total_energyvar { 3.636849623035232   } 
   weight { 0.9927721233686029   } 
   weightvar { 0.09477530716016302   } 
   kinetic_energy { 151.0248535297619   } 
   kinetic_energyvar { 1992.119578714293   } 
   potential_energy { -397.2104321256933   } 
   potential_energyvar { 2184.481506617769   } 
   nonlocal_energy { 19.91183209835951   } 
   nonlocal_energyvar { 795.9822195573219   } 
   autocorr_energy { } 
} 

block { 
   label dmc
   totweight 5440000
   nautocorr 0
   total_energy { -226.2792379274477   } 
   total_energyvar { 3.63191431301675   } 
   weight { 0.994395993051875   } 
   weightvar { 0.09275036004590664   } 
   kinetic_energy { 150.9388925839953   } 
   kinetic_energyvar { 1977.569541214642   } 
   potential_energy { -397.1161337541097   } 
   potential_energyvar { 2178.47585798963   } 
   nonlocal_energy { 19.89800324266677   } 
   nonlocal_energyvar { 783.3055331037467   } 
   autocorr_energy { } 
} 

block { 
   label dmc
   totweight 5440000
   nautocorr 0
   total_energy { -226.2777599552595   } 
   total_energyvar { 3.579061838368943   } 
   weight { 0.9970287576220447   } 
   weightvar { 0.09282028722226932   } 
   kinetic_energy { 150.7593448097357   } 
   kinetic_energyvar { 1983.049897657645   } 
   potential_energy { -396.8852496227348   } 
   potential_energyvar { 2169.227481119684   } 
   nonlocal_energy { 19.84814485773953   } 
   nonlocal_energyvar { 789.9672268476463   } 
   autocorr_energy { } 
} 

block { 
   label dmc
   totweight 5440000
   nautocorr 0
   total_energy { -226.2767412502599   } 
   total_energyvar { 3.603209089444135   } 
   weight { 0.9978945227605833   } 
   weightvar { 0.09332804859046095   } 
   kinetic_energy { 151.195872298986   } 
   kinetic_energyvar { 1987.135003898344   } 
   potential_energy { -397.3398768935509   } 
   potential_energyvar { 2166.539487465285   } 
   nonlocal_energy { 19.86726334430499   } 
   nonlocal_energyvar { 793.3798553534374   } 
   autocorr_energy { } 
} 

block { 
   label dmc
   totweight 5440000
   nautocorr 0
   total_energy { -226.2722953738182   } 
   total_energyvar { 3.586125762056326   } 
   weight { 0.9933288486354112   } 
   weightvar { 0.09294990739204234   } 
   kinetic_energy { 150.5064833895732   } 
   kinetic_energyvar { 1973.263289607636   } 
   potential_energy { -396.6563034913105   } 
   potential_energyvar { 2170.658862746059   } 
   nonlocal_energy { 19.87752472791916   } 
   nonlocal_energyvar { 789.8640933322051   } 
   autocorr_energy { } 
} 

block { 
   label dmc
   totweight 5440000
   nautocorr 0
   total_energy { -226.2778389969749   } 
   total_energyvar { 3.599136788398027   } 
   weight { 0.9946497437081384   } 
   weightvar { 0.09093346319430606   } 
   kinetic_energy { 151.2599615826673   } 
   kinetic_energyvar { 1984.428961293324   } 
   potential_energy { -397.403087935177   } 
   potential_energyvar { 2185.793998134264   } 
   nonlocal_energy { 19.86528735553487   } 
   nonlocal_energyvar { 783.9624000198376   } 
   autocorr_energy { } 
} 

block { 
   label dmc
   totweight 5440000
   nautocorr 0
   total_energy { -226.2755383206403   } 
   total_energyvar { 3.640799918503035   } 
   weight { 0.9958746585554139   } 
   weightvar { 0.09154815179070008   } 
   kinetic_energy { 151.2321653714589   } 
   kinetic_energyvar { 1979.537739738866   } 
   potential_energy { -397.4508667767325   } 
   potential_energyvar { 2182.783574960515   } 
   nonlocal_energy { 19.94316308463335   } 
   nonlocal_energyvar { 787.5673434019534   } 
   autocorr_energy { } 
} 

block { 
   label dmc
   totweight 5440000
   nautocorr 0
   total_energy { -226.2761731821404   } 
   total_energyvar { 3.678094190836418   } 
   weight { 0.9958096228320805   } 
   weightvar { 0.09461526789514019   } 
   kinetic_energy { 151.2460595493118   } 
   kinetic_energyvar { 1995.167912790166   } 
   potential_energy { -397.5369786738569   } 
   potential_energyvar { 2178.273826458404   } 
   nonlocal_energy { 20.0147459424047   } 
   nonlocal_energyvar { 803.5979974255349   } 
   autocorr_energy { } 
} 

block { 
   label dmc
   totweight 5440000
   nautocorr 0
   total_energy { -226.2725460084679   } 
   total_energyvar { 3.589380937417445   } 
   weight { 0.9941894365914878   } 
   weightvar { 0.09527400882797221   } 
   kinetic_energy { 151.4067014636028   } 
   kinetic_energyvar { 1995.988060743992   } 
   potential_energy { -397.4091794474902   } 
   potential_energyvar { 2198.930282825226   } 
   nonlocal_energy { 19.72993197541945   } 
   nonlocal_energyvar { 781.1984038352048   } 
   autocorr_energy { } 
} 

block { 
   label dmc
   totweight 5440000
   nautocorr 0
   total_energy { -226.2764311570466   } 
   total_energyvar { 3.647433351536165   } 
   weight { 0.9936989389911076   } 
   weightvar { 0.09425824019472584   } 
   kinetic_energy { 151.1315802022781   } 
   kinetic_energyvar { 1973.369952505676   } 
   potential_energy { -397.291199414447   } 
   potential_energyvar { 2176.972794401867   } 
   nonlocal_energy { 19.88318805512226   } 
   nonlocal_energyvar { 781.6236290940581   } 
   autocorr_energy { } 
} 

block { 
   label dmc
   totweight 5440000
   nautocorr 0
   total_energy { -226.2799312120298   } 
   total_energyvar { 3.58169043782982   } 
   weight { 0.9966038741207965   } 
   weightvar { 0.09388814138658774   } 
   kinetic_energy { 151.2748689542788   } 
   kinetic_energyvar { 1971.832524087946   } 
   potential_energy { -397.4948723390615   } 
   potential_energyvar { 2162.152177035779   } 
   nonlocal_energy { 19.940072172753   } 
   nonlocal_energyvar { 784.5850509325558   } 
   autocorr_energy { } 
} 

block { 
   label dmc
   totweight 5440000
   nautocorr 0
   total_energy { -226.2774159409939   } 
   total_energyvar { 3.622173467687389   } 
   weight { 0.9979921165647128   } 
   weightvar { 0.09248639146186999   } 
   kinetic_energy { 150.7557559273114   } 
   kinetic_energyvar { 1971.85472435343   } 
   potential_energy { -396.9414367483325   } 
   potential_energyvar { 2173.628699217603   } 
   nonlocal_energy { 19.90826488002716   } 
   nonlocal_energyvar { 786.3984855733916   } 
   autocorr_energy { } 
} 

block { 
   label dmc
   totweight 5440000
   nautocorr 0
   total_energy { -226.2796202415907   } 
   total_energyvar { 3.596526943292702   } 
   weight { 0.9986059624869421   } 
   weightvar { 0.09255039275810528   } 
   kinetic_energy { 151.4994495815177   } 
   kinetic_energyvar { 2007.478518288983   } 
   potential_energy { -397.6142440844296   } 
   potential_energyvar { 2192.256393480202   } 
   nonlocal_energy { 19.83517426132124   } 
   nonlocal_energyvar { 783.9104422068597   } 
   autocorr_energy { } 
} 

block { 
   label dmc
   totweight 5440000
   nautocorr 0
   total_energy { -226.2716304748993   } 
   total_energyvar { 3.644083324361418   } 
   weight { 0.995906842164374   } 
   weightvar { 0.09198081814542447   } 
   kinetic_energy { 150.6231934589662   } 
   kinetic_energyvar { 1980.050410817843   } 
   potential_energy { -396.7206205629091   } 
   potential_energyvar { 2179.975126580277   } 
   nonlocal_energy { 19.82579662904358   } 
   nonlocal_energyvar { 779.3429902352655   } 
   autocorr_energy { } 
} 

block { 
   label dmc
   totweight 5440000
   nautocorr 0
   total_energy { -226.2664335180029   } 
   total_energyvar { 3.71343042521039   } 
   weight { 0.990311537537047   } 
   weightvar { 0.09345941759888843   } 
   kinetic_energy { 151.082912170206   } 
   kinetic_energyvar { 1992.025137503526   } 
   potential_energy { -397.1524227690414   } 
   potential_energyvar { 2176.114090770396   } 
   nonlocal_energy { 19.80307708083244   } 
   nonlocal_energyvar { 796.5781662983939   } 
   autocorr_energy { } 
} 

block { 
   label dmc
   totweight 5440000
   nautocorr 0
   total_energy { -226.2701008126807   } 
   total_energyvar { 3.616694221476791   } 
   weight { 0.9902645209295254   } 
   weightvar { 0.09336174269893649   } 
   kinetic_energy { 151.2332281470696   } 
   kinetic_energyvar { 2000.728463936295   } 
   potential_energy { -397.3879951133931   } 
   potential_energyvar { 2190.404512993642   } 
   nonlocal_energy { 19.88466615364279   } 
   nonlocal_energyvar { 792.6129423486989   } 
   autocorr_energy { } 
} 

block { 
   label dmc
   totweight 5440000
   nautocorr 0
   total_energy { -226.2880440947094   } 
   total_energyvar { 3.60093873929145   } 
   weight { 0.9963347916531907   } 
   weightvar { 0.0937409257354036   } 
   kinetic_energy { 150.6895369417422   } 
   kinetic_energyvar { 1981.547224823138   } 
   potential_energy { -396.9098528063107   } 
   potential_energyvar { 2168.216107912507   } 
   nonlocal_energy { 19.93227176985907   } 
   nonlocal_energyvar { 794.9268186555771   } 
   autocorr_energy { } 
} 

block { 
   label dmc
   totweight 5440000
   nautocorr 0
   total_energy { -226.2814330699106   } 
   total_energyvar { 3.62156127486378   } 
   weight { 1.002459260244186   } 
   weightvar { 0.09292119148591493   } 
   kinetic_energy { 150.9076217512468   } 
   kinetic_energyvar { 1980.568380001518   } 
   potential_energy { -397.1577026229849   } 
   potential_energyvar { 2184.414532506489   } 
   nonlocal_energy { 19.96864780182756   } 
   nonlocal_energyvar { 785.5441930451213   } 
   autocorr_energy { } 
} 

block { 
   label dmc
   totweight 5440000
   nautocorr 0
   total_energy { -226.2844837395197   } 
   total_energyvar { 3.607686008544988   } 
   weight { 1.00197062003834   } 
   weightvar { 0.0941798945463006   } 
   kinetic_energy { 151.2037044866857   } 
   kinetic_energyvar { 1993.088627990131   } 
   potential_energy { -397.3747373837745   } 
   potential_energyvar { 2180.821137700841   } 
   nonlocal_energy { 19.88654915756911   } 
   nonlocal_energyvar { 798.2849128516077   } 
   autocorr_energy { } 
} 

block { 
   label dmc
   totweight 5440000
   nautocorr 0
   total_energy { -226.2840979934426   } 
   total_energyvar { 3.583527652051998   } 
   weight { 1.004198370408528   } 
   weightvar { 0.09322046128037287   } 
   kinetic_energy { 151.1663796043886   } 
   kinetic_energyvar { 1980.517541673507   } 
   potential_energy { -397.3141722049355   } 
   potential_energyvar { 2185.901420520328   } 
   nonlocal_energy { 19.86369460710428   } 
   nonlocal_energyvar { 787.6442702490876   } 
   autocorr_energy { } 
} 

block { 
   label dmc
   totweight 5440000
   nautocorr 0
   total_energy { -226.2810286796938   } 
   total_energyvar { 3.596747539304488   } 
   weight { 1.003515471081591   } 
   weightvar { 0.09107565750130364   } 
   kinetic_energy { 151.0916832608719   } 
   kinetic_energyvar { 1986.687420854305   } 
   potential_energy { -397.2769467023661   } 
   potential_energyvar { 2182.060716785287   } 
   nonlocal_energy { 19.90423476180048   } 
   nonlocal_energyvar { 791.7196218556751   } 
   autocorr_energy { } 
} 

block { 
   label dmc
   totweight 5440000
   nautocorr 0
   total_energy { -226.2810070394951   } 
   total_energyvar { 3.641918647175771   } 
   weight { 0.9990072414179968   } 
   weightvar { 0.09297599936359702   } 
   kinetic_energy { 151.5811527185695   } 
   kinetic_energyvar { 2005.363207564351   } 
   potential_energy { -397.8244200164417   } 
   potential_energyvar { 2204.086393659032   } 
   nonlocal_energy { 19.96226025837707   } 
   nonlocal_energyvar { 799.1311003299852   } 
   autocorr_energy { } 
} 

block { 
   label dmc
   totweight 5440000
   nautocorr 0
   total_energy { -226.2792540420974   } 
   total_energyvar { 3.602219531785522   } 
   weight { 1.000878799981308   } 
   weightvar { 0.09401920905549876   } 
   kinetic_energy { 150.9338660886181   } 
   kinetic_energyvar { 1979.128213835793   } 
   potential_energy { -397.1387444137181   } 
   potential_energyvar { 2179.319285788893   } 
   nonlocal_energy { 19.92562428300262   } 
   nonlocal_energyvar { 784.9669371443945   } 
   autocorr_energy { } 
} 

block { 
   label dmc
   totweight 5440000
   nautocorr 0
   total_energy { -226.2799122825018   } 
   total_energyvar { 3.596581329300534   } 
   weight { 0.9994247571122827   } 
   weightvar { 0.0920900067397612   } 
   kinetic_energy { 151.3010098857044   } 
   kinetic_energyvar { 1977.324764291876   } 
   potential_energy { -397.4789773631722   } 
   potential_energyvar { 2170.437578528421   } 
   nonlocal_energy { 19.89805519496611   } 
   nonlocal_energyvar { 784.8148134611456   } 
   autocorr_energy { } 
} 

block { 
   label dmc
   totweight 5440000
   nautocorr 0
   total_energy { -226.2703927324797   } 
   total_energyvar { 3.629986818908947   } 
   weight { 0.9944410425298484   } 
   weightvar { 0.09222938023458871   } 
   kinetic_energy { 151.198014972176   } 
   kinetic_energyvar { 1993.523466632018   } 
   potential_energy { -397.3500603296217   } 
   potential_energyvar { 2186.87695417981   } 
   nonlocal_energy { 19.88165262496605   } 
   nonlocal_energyvar { 793.6574899391497   } 
   autocorr_energy { } 
} 

block { 
   label dmc
   totweight 5440000
   nautocorr 0
   total_energy { -226.2776683915824   } 
   total_energyvar { 3.660120074688166   } 
   weight { 0.9950952855459885   } 
   weightvar { 0.09023273871179893   } 
   kinetic_energy { 150.8358198971656   } 
   kinetic_energyvar { 1954.723232859236   } 
   potential_energy { -396.9218209993746   } 
   potential_energyvar { 2160.450296779134   } 
   nonlocal_energy { 19.8083327106266   } 
   nonlocal_energyvar { 773.4795201208765   } 
   autocorr_energy { } 
} 

block { 
   label dmc
   totweight 5440000
   nautocorr 0
   total_energy { -226.2805379568755   } 
   total_energyvar { 3.593725088532665   } 
   weight { 0.9966183175651737   } 
   weightvar { 0.09015156246303502   } 
   kinetic_energy { 151.3694144127518   } 
   kinetic_energyvar { 1972.143357701498   } 
   potential_energy { -397.5379579557695   } 
   potential_energyvar { 2175.006160276273   } 
   nonlocal_energy { 19.8880055861423   } 
   nonlocal_energyvar { 777.8699718633032   } 
   autocorr_energy { } 
} 

block { 
   label dmc
   totweight 5440000
   nautocorr 0
   total_energy { -226.2768929947376   } 
   total_energyvar { 3.561747616375214   } 
   weight { 0.9988784685584731   } 
   weightvar { 0.0915164858543922   } 
   kinetic_energy { 151.032036204996   } 
   kinetic_energyvar { 1977.25757857912   } 
   potential_energy { -397.210446100336   } 
   potential_energyvar { 2187.535138278268   } 
   nonlocal_energy { 19.90151690060248   } 
   nonlocal_energyvar { 778.837052292823   } 
   autocorr_energy { } 
} 

block { 
   label dmc
   totweight 5440000
   nautocorr 0
   total_energy { -226.2703339725324   } 
   total_energyvar { 3.579915028334653   } 
   weight { 0.9933125562728763   } 
   weightvar { 0.09225730650012531   } 
   kinetic_energy { 150.9381950844575   } 
   kinetic_energyvar { 2013.772358751376   } 
   potential_energy { -397.0548802047835   } 
   potential_energyvar { 2189.372165244247   } 
   nonlocal_energy { 19.84635114779354   } 
   nonlocal_energyvar { 812.9621817020607   } 
   autocorr_energy { } 
} 

block { 
   label dmc
   totweight 5440000
   nautocorr 0
   total_energy { -226.2784509646094   } 
   total_energyvar { 3.6077773193756   } 
   weight { 0.9938083955027553   } 
   weightvar { 0.09277733223654405   } 
   kinetic_energy { 151.0334744586214   } 
   kinetic_energyvar { 1973.585664825081   } 
   potential_energy { -397.1829820728213   } 
   potential_energyvar { 2173.957184838771   } 
   nonlocal_energy { 19.87105664959053   } 
   nonlocal_energyvar { 782.3475714226241   } 
   autocorr_energy { } 
} 

block { 
   label dmc
   totweight 5440000
   nautocorr 0
   total_energy { -226.2754091226378   } 
   total_energyvar { 3.592920577284531   } 
   weight { 0.994933040143206   } 
   weightvar { 0.09344629744990118   } 
   kinetic_energy { 151.1567766306488   } 
   kinetic_energyvar { 1971.613996067361   } 
   potential_energy { -397.299708042912   } 
   potential_energyvar { 2174.729187292309   } 
   nonlocal_energy { 19.86752228962541   } 
   nonlocal_energyvar { 779.8025096180527   } 
   autocorr_energy { } 
} 

block { 
   label dmc
   totweight 5440000
   nautocorr 0
   total_energy { -226.2805380643034   } 
   total_energyvar { 3.637188902917842   } 
   weight { 0.9969679776712983   } 
   weightvar { 0.09335286119895048   } 
   kinetic_energy { 151.4951795397942   } 
   kinetic_energyvar { 1993.232111943602   } 
   potential_energy { -397.6785156071461   } 
   potential_energyvar { 2194.21471370451   } 
   nonlocal_energy { 19.90279800304849   } 
   nonlocal_energyvar { 787.9103860466555   } 
   autocorr_energy { } 
} 

