#-------------------------------------------------
#VMC run: timestep 1 nconfig 1024 steps 100
#-------------------------------------------------


init { 
   label vmc
}
block { 
   label vmc
   totweight 102400
   nautocorr 0
   total_energy { -15.68473739043036   } 
   total_energyvar { 2.125562147066944   } 
   weight { 1   } 
   weightvar { 0   } 
   kinetic_energy { 11.89919379227486   } 
   kinetic_energyvar { 63.16796007895837   } 
   potential_energy { -28.66656237881526   } 
   potential_energyvar { 70.70414938301349   } 
   nonlocal_energy { 1.082631196110041   } 
   nonlocal_energyvar { 23.25019504340939   } 
   autocorr_energy { } 
} 

block { 
   label vmc
   totweight 102400
   nautocorr 0
   total_energy { -15.69510470180637   } 
   total_energyvar { 2.141140168837381   } 
   weight { 1   } 
   weightvar { 0   } 
   kinetic_energy { 11.79029533699088   } 
   kinetic_energyvar { 82.66046762210638   } 
   potential_energy { -28.58377405266176   } 
   potential_energyvar { 70.60022684729836   } 
   nonlocal_energy { 1.098374013864498   } 
   nonlocal_energyvar { 45.224295190772   } 
   autocorr_energy { } 
} 

block { 
   label vmc
   totweight 102400
   nautocorr 0
   total_energy { -15.69351802582932   } 
   total_energyvar { 2.11825739770839   } 
   weight { 1   } 
   weightvar { 0   } 
   kinetic_energy { 11.83611852271839   } 
   kinetic_energyvar { 61.13841420624016   } 
   potential_energy { -28.59874385853689   } 
   potential_energyvar { 68.55677966618919   } 
   nonlocal_energy { 1.069107309989177   } 
   nonlocal_energyvar { 22.7515566261079   } 
   autocorr_energy { } 
} 

block { 
   label vmc
   totweight 102400
   nautocorr 0
   total_energy { -15.68641979150823   } 
   total_energyvar { 2.026079407444399   } 
   weight { 1   } 
   weightvar { 0   } 
   kinetic_energy { 11.84560098227707   } 
   kinetic_energyvar { 62.94664879544544   } 
   potential_energy { -28.60718547958004   } 
   potential_energyvar { 71.26112762031153   } 
   nonlocal_energy { 1.075164705794744   } 
   nonlocal_energyvar { 26.3006373165822   } 
   autocorr_energy { } 
} 

block { 
   label vmc
   totweight 102400
   nautocorr 0
   total_energy { -15.68480594798865   } 
   total_energyvar { 2.953053530541808   } 
   weight { 1   } 
   weightvar { 0   } 
   kinetic_energy { 11.87049843416346   } 
   kinetic_energyvar { 62.1173420554351   } 
   potential_energy { -28.64405638940408   } 
   potential_energyvar { 70.48791228994844   } 
   nonlocal_energy { 1.088752007251981   } 
   nonlocal_energyvar { 24.00424937587208   } 
   autocorr_energy { } 
} 

block { 
   label vmc
   totweight 102400
   nautocorr 0
   total_energy { -15.68794366764256   } 
   total_energyvar { 2.038873390927705   } 
   weight { 1   } 
   weightvar { 0   } 
   kinetic_energy { 11.85381462410588   } 
   kinetic_energyvar { 62.48554063012315   } 
   potential_energy { -28.61198958923494   } 
   potential_energyvar { 68.54386391035098   } 
   nonlocal_energy { 1.070231297486494   } 
   nonlocal_energyvar { 23.80720045130187   } 
   autocorr_energy { } 
} 

block { 
   label vmc
   totweight 102400
   nautocorr 0
   total_energy { -15.6941123986988   } 
   total_energyvar { 2.050992021530277   } 
   weight { 1   } 
   weightvar { 0   } 
   kinetic_energy { 11.81723368036905   } 
   kinetic_energyvar { 62.53817173079239   } 
   potential_energy { -28.58818512316918   } 
   potential_energyvar { 69.84798815078852   } 
   nonlocal_energy { 1.07683904410133   } 
   nonlocal_energyvar { 24.01156641108123   } 
   autocorr_energy { } 
} 

block { 
   label vmc
   totweight 102400
   nautocorr 0
   total_energy { -15.69628490537647   } 
   total_energyvar { 2.045335509211753   } 
   weight { 1   } 
   weightvar { 0   } 
   kinetic_energy { 11.91344487528415   } 
   kinetic_energyvar { 66.616072602478   } 
   potential_energy { -28.72076272179079   } 
   potential_energyvar { 73.10687505025192   } 
   nonlocal_energy { 1.111032941130169   } 
   nonlocal_energyvar { 27.76680593272665   } 
   autocorr_energy { } 
} 

block { 
   label vmc
   totweight 102400
   nautocorr 0
   total_energy { -15.69407647721509   } 
   total_energyvar { 1.948292024720729   } 
   weight { 1   } 
   weightvar { 0   } 
   kinetic_energy { 11.87878998037512   } 
   kinetic_energyvar { 63.01659277555535   } 
   potential_energy { -28.66231307547472   } 
   potential_energyvar { 70.15005356628001   } 
   nonlocal_energy { 1.089446617884507   } 
   nonlocal_energyvar { 24.29139651073295   } 
   autocorr_energy { } 
} 

block { 
   label vmc
   totweight 102400
   nautocorr 0
   total_energy { -15.69287677599945   } 
   total_energyvar { 2.063111350948617   } 
   weight { 1   } 
   weightvar { 0   } 
   kinetic_energy { 11.79073409728222   } 
   kinetic_energyvar { 61.32058922630435   } 
   potential_energy { -28.61028531073853   } 
   potential_energyvar { 70.02055578670013   } 
   nonlocal_energy { 1.126674437456858   } 
   nonlocal_energyvar { 22.69317931114307   } 
   autocorr_energy { } 
} 

block { 
   label vmc
   totweight 102400
   nautocorr 0
   total_energy { -15.68903763993965   } 
   total_energyvar { 2.084984663648328   } 
   weight { 1   } 
   weightvar { 0   } 
   kinetic_energy { 11.85358123022684   } 
   kinetic_energyvar { 62.62465142938322   } 
   potential_energy { -28.62013203912693   } 
   potential_energyvar { 68.41011230842594   } 
   nonlocal_energy { 1.077513168960431   } 
   nonlocal_energyvar { 23.74091367790577   } 
   autocorr_energy { } 
} 

block { 
   label vmc
   totweight 102400
   nautocorr 0
   total_energy { -15.68617241719637   } 
   total_energyvar { 1.991629091432969   } 
   weight { 1   } 
   weightvar { 0   } 
   kinetic_energy { 11.82032852541161   } 
   kinetic_energyvar { 61.51537219532653   } 
   potential_energy { -28.60886759750534   } 
   potential_energyvar { 71.13077195356914   } 
   nonlocal_energy { 1.102366654897359   } 
   nonlocal_energyvar { 24.55871020789645   } 
   autocorr_energy { } 
} 

block { 
   label vmc
   totweight 102400
   nautocorr 0
   total_energy { -15.69585379187845   } 
   total_energyvar { 2.021451436188528   } 
   weight { 1   } 
   weightvar { 0   } 
   kinetic_energy { 11.88709953649757   } 
   kinetic_energyvar { 65.51812789041176   } 
   potential_energy { -28.67008792037322   } 
   potential_energyvar { 69.56247046032217   } 
   nonlocal_energy { 1.087134591997211   } 
   nonlocal_energyvar { 25.94084664949995   } 
   autocorr_energy { } 
} 

block { 
   label vmc
   totweight 102400
   nautocorr 0
   total_energy { -15.68827142652793   } 
   total_energyvar { 2.105787875715521   } 
   weight { 1   } 
   weightvar { 0   } 
   kinetic_energy { 11.89168424823765   } 
   kinetic_energyvar { 62.53599771451076   } 
   potential_energy { -28.69387452967743   } 
   potential_energyvar { 70.89385389785343   } 
   nonlocal_energy { 1.113918854911848   } 
   nonlocal_energyvar { 24.51913947950925   } 
   autocorr_energy { } 
} 

block { 
   label vmc
   totweight 102400
   nautocorr 0
   total_energy { -15.68831978208193   } 
   total_energyvar { 2.047619551296123   } 
   weight { 1   } 
   weightvar { 0   } 
   kinetic_energy { 11.79998895998503   } 
   kinetic_energyvar { 62.16904096688853   } 
   potential_energy { -28.54988757428785   } 
   potential_energyvar { 67.7213467539159   } 
   nonlocal_energy { 1.061578832220901   } 
   nonlocal_energyvar { 22.32882055618263   } 
   autocorr_energy { } 
} 

block { 
   label vmc
   totweight 102400
   nautocorr 0
   total_energy { -15.6929830874647   } 
   total_energyvar { 1.985359785031847   } 
   weight { 1   } 
   weightvar { 0   } 
   kinetic_energy { 11.87704028287623   } 
   kinetic_energyvar { 63.46540518971381   } 
   potential_energy { -28.66191050095966   } 
   potential_energyvar { 69.50054288417766   } 
   nonlocal_energy { 1.091887130618729   } 
   nonlocal_energyvar { 24.36215187216954   } 
   autocorr_energy { } 
} 

block { 
   label vmc
   totweight 102400
   nautocorr 0
   total_energy { -15.69207551610171   } 
   total_energyvar { 1.972979993226204   } 
   weight { 1   } 
   weightvar { 0   } 
   kinetic_energy { 11.8383085640406   } 
   kinetic_energyvar { 62.53935571912641   } 
   potential_energy { -28.59413633497742   } 
   potential_energyvar { 68.01052679220209   } 
   nonlocal_energy { 1.06375225483511   } 
   nonlocal_energyvar { 24.15823054688504   } 
   autocorr_energy { } 
} 

block { 
   label vmc
   totweight 102400
   nautocorr 0
   total_energy { -15.69513249434197   } 
   total_energyvar { 2.041667271551034   } 
   weight { 1   } 
   weightvar { 0   } 
   kinetic_energy { 11.80691862380124   } 
   kinetic_energyvar { 70.09577800519389   } 
   potential_energy { -28.54532641434007   } 
   potential_energyvar { 69.04696455766634   } 
   nonlocal_energy { 1.043275296196862   } 
   nonlocal_energyvar { 29.99532978244168   } 
   autocorr_energy { } 
} 

block { 
   label vmc
   totweight 102400
   nautocorr 0
   total_energy { -15.69418903933406   } 
   total_energyvar { 1.996338058561662   } 
   weight { 1   } 
   weightvar { 0   } 
   kinetic_energy { 11.96382368560177   } 
   kinetic_energyvar { 67.54072236750656   } 
   potential_energy { -28.75167454933845   } 
   potential_energyvar { 69.47358333982982   } 
   nonlocal_energy { 1.093661824402618   } 
   nonlocal_energyvar { 27.77620979736804   } 
   autocorr_energy { } 
} 

block { 
   label vmc
   totweight 102400
   nautocorr 0
   total_energy { -15.6910741550789   } 
   total_energyvar { 2.002047848241887   } 
   weight { 1   } 
   weightvar { 0   } 
   kinetic_energy { 11.8046379148863   } 
   kinetic_energyvar { 61.45264234074315   } 
   potential_energy { -28.57511344488713   } 
   potential_energyvar { 67.27754627625382   } 
   nonlocal_energy { 1.079401374921928   } 
   nonlocal_energyvar { 23.8726806701133   } 
   autocorr_energy { } 
} 

block { 
   label vmc
   totweight 102400
   nautocorr 0
   total_energy { -15.69523314821214   } 
   total_energyvar { 1.967576032625516   } 
   weight { 1   } 
   weightvar { 0   } 
   kinetic_energy { 11.87889840753089   } 
   kinetic_energyvar { 61.20747017780391   } 
   potential_energy { -28.64033247820735   } 
   potential_energyvar { 68.47331136618971   } 
   nonlocal_energy { 1.066200922464318   } 
   nonlocal_energyvar { 21.42198414139477   } 
   autocorr_energy { } 
} 

block { 
   label vmc
   totweight 102400
   nautocorr 0
   total_energy { -15.69447770846921   } 
   total_energyvar { 2.073251355766132   } 
   weight { 1   } 
   weightvar { 0   } 
   kinetic_energy { 11.85369273157585   } 
   kinetic_energyvar { 62.42153883056497   } 
   potential_energy { -28.62143560714111   } 
   potential_energyvar { 67.74191772940878   } 
   nonlocal_energy { 1.073265167096041   } 
   nonlocal_energyvar { 23.40718676299096   } 
   autocorr_energy { } 
} 

block { 
   label vmc
   totweight 102400
   nautocorr 0
   total_energy { -15.69310522573522   } 
   total_energyvar { 1.935784135376423   } 
   weight { 1   } 
   weightvar { 0   } 
   kinetic_energy { 11.78162499410635   } 
   kinetic_energyvar { 60.96043748905419   } 
   potential_energy { -28.52351999843119   } 
   potential_energyvar { 67.84431377498936   } 
   nonlocal_energy { 1.048789778589618   } 
   nonlocal_energyvar { 22.63226233117417   } 
   autocorr_energy { } 
} 

block { 
   label vmc
   totweight 102400
   nautocorr 0
   total_energy { -15.68775549702639   } 
   total_energyvar { 2.120926920856903   } 
   weight { 1   } 
   weightvar { 0   } 
   kinetic_energy { 11.88845563565465   } 
   kinetic_energyvar { 64.40688824422048   } 
   potential_energy { -28.69057872406804   } 
   potential_energyvar { 71.34996603173215   } 
   nonlocal_energy { 1.114367591387002   } 
   nonlocal_energyvar { 25.60345370358343   } 
   autocorr_energy { } 
} 

block { 
   label vmc
   totweight 102400
   nautocorr 0
   total_energy { -15.69299393501131   } 
   total_energyvar { 1.956916779289372   } 
   weight { 1   } 
   weightvar { 0   } 
   kinetic_energy { 11.90151298019447   } 
   kinetic_energyvar { 62.35632281791965   } 
   potential_energy { -28.64090433451546   } 
   potential_energyvar { 68.9598542048634   } 
   nonlocal_energy { 1.04639741930968   } 
   nonlocal_energyvar { 21.32027951647932   } 
   autocorr_energy { } 
} 

block { 
   label vmc
   totweight 102400
   nautocorr 0
   total_energy { -15.68860863918473   } 
   total_energyvar { 2.055535392596624   } 
   weight { 1   } 
   weightvar { 0   } 
   kinetic_energy { 11.82894428593248   } 
   kinetic_energyvar { 62.67109086713697   } 
   potential_energy { -28.62403095807358   } 
   potential_energyvar { 68.12275480023709   } 
   nonlocal_energy { 1.106478032956364   } 
   nonlocal_energyvar { 24.8253937023664   } 
   autocorr_energy { } 
} 

block { 
   label vmc
   totweight 102400
   nautocorr 0
   total_energy { -15.69019668724445   } 
   total_energyvar { 1.994121740260539   } 
   weight { 1   } 
   weightvar { 0   } 
   kinetic_energy { 11.79707858635126   } 
   kinetic_energyvar { 61.69238984695042   } 
   potential_energy { -28.57474065052218   } 
   potential_energyvar { 67.38482788586043   } 
   nonlocal_energy { 1.087465376926464   } 
   nonlocal_energyvar { 24.12367538832888   } 
   autocorr_energy { } 
} 

block { 
   label vmc
   totweight 102400
   nautocorr 0
   total_energy { -15.68040966076909   } 
   total_energyvar { 2.140070201599912   } 
   weight { 1   } 
   weightvar { 0   } 
   kinetic_energy { 11.87521805958527   } 
   kinetic_energyvar { 62.0166430770341   } 
   potential_energy { -28.63459661535195   } 
   potential_energyvar { 70.24470235954038   } 
   nonlocal_energy { 1.078968894997597   } 
   nonlocal_energyvar { 23.76390355103717   } 
   autocorr_energy { } 
} 

block { 
   label vmc
   totweight 102400
   nautocorr 0
   total_energy { -15.67887096019967   } 
   total_energyvar { 2.2878422046997   } 
   weight { 1   } 
   weightvar { 0   } 
   kinetic_energy { 11.80824001037095   } 
   kinetic_energyvar { 62.44058538259398   } 
   potential_energy { -28.58792412582393   } 
   potential_energyvar { 70.62394352176909   } 
   nonlocal_energy { 1.100813155253319   } 
   nonlocal_energyvar { 24.05056497033089   } 
   autocorr_energy { } 
} 

block { 
   label vmc
   totweight 102400
   nautocorr 0
   total_energy { -15.68157726018866   } 
   total_energyvar { 2.739226967547751   } 
   weight { 1   } 
   weightvar { 0   } 
   kinetic_energy { 11.84470883147435   } 
   kinetic_energyvar { 62.51693160404537   } 
   potential_energy { -28.61534953900151   } 
   potential_energyvar { 70.28147798320788   } 
   nonlocal_energy { 1.089063447338505   } 
   nonlocal_energyvar { 23.61412257030833   } 
   autocorr_energy { } 
} 

block { 
   label vmc
   totweight 102400
   nautocorr 0
   total_energy { -15.68537935695833   } 
   total_energyvar { 2.075343654465939   } 
   weight { 1   } 
   weightvar { 0   } 
   kinetic_energy { 11.87242397590698   } 
   kinetic_energyvar { 63.64251821572063   } 
   potential_energy { -28.63649177933508   } 
   potential_energyvar { 71.61776552164361   } 
   nonlocal_energy { 1.078688446469751   } 
   nonlocal_energyvar { 24.82722789689073   } 
   autocorr_energy { } 
} 

block { 
   label vmc
   totweight 102400
   nautocorr 0
   total_energy { -15.68802572342832   } 
   total_energyvar { 1.99740081823478   } 
   weight { 1   } 
   weightvar { 0   } 
   kinetic_energy { 11.85074649784786   } 
   kinetic_energyvar { 63.01878837514619   } 
   potential_energy { -28.60299784515198   } 
   potential_energyvar { 68.99690267147753   } 
   nonlocal_energy { 1.064225623875792   } 
   nonlocal_energyvar { 21.41613448513241   } 
   autocorr_energy { } 
} 

block { 
   label vmc
   totweight 102400
   nautocorr 0
   total_energy { -15.69691129817462   } 
   total_energyvar { 2.38613340770749   } 
   weight { 1   } 
   weightvar { 0   } 
   kinetic_energy { 11.78892889038173   } 
   kinetic_energyvar { 60.77820938492999   } 
   potential_energy { -28.55653658496673   } 
   potential_energyvar { 68.12410838734661   } 
   nonlocal_energy { 1.070696396410388   } 
   nonlocal_energyvar { 25.48548287180981   } 
   autocorr_energy { } 
} 

block { 
   label vmc
   totweight 102400
   nautocorr 0
   total_energy { -15.69069737806876   } 
   total_energyvar { 1.971519784786437   } 
   weight { 1   } 
   weightvar { 0   } 
   kinetic_energy { 11.75526048263945   } 
   kinetic_energyvar { 61.55806899755547   } 
   potential_energy { -28.51772157194103   } 
   potential_energyvar { 67.69102524674838   } 
   nonlocal_energy { 1.071763711232827   } 
   nonlocal_energyvar { 23.13598660578236   } 
   autocorr_energy { } 
} 

block { 
   label vmc
   totweight 102400
   nautocorr 0
   total_energy { -15.69626081223538   } 
   total_energyvar { 1.909061263006919   } 
   weight { 1   } 
   weightvar { 0   } 
   kinetic_energy { 11.82662776826679   } 
   kinetic_energyvar { 63.08583958695755   } 
   potential_energy { -28.60233669270897   } 
   potential_energyvar { 69.17350664642834   } 
   nonlocal_energy { 1.079448112206801   } 
   nonlocal_energyvar { 23.78454950677535   } 
   autocorr_energy { } 
} 

block { 
   label vmc
   totweight 102400
   nautocorr 0
   total_energy { -15.69154236972697   } 
   total_energyvar { 2.16433878590118   } 
   weight { 1   } 
   weightvar { 0   } 
   kinetic_energy { 11.9330168581606   } 
   kinetic_energyvar { 64.22788970082061   } 
   potential_energy { -28.68521754616587   } 
   potential_energyvar { 68.25954197797739   } 
   nonlocal_energy { 1.060658318278296   } 
   nonlocal_energyvar { 22.70080588716807   } 
   autocorr_energy { } 
} 

block { 
   label vmc
   totweight 102400
   nautocorr 0
   total_energy { -15.69137795012362   } 
   total_energyvar { 2.02424948242188   } 
   weight { 1   } 
   weightvar { 0   } 
   kinetic_energy { 11.83289138269937   } 
   kinetic_energyvar { 62.45906103747549   } 
   potential_energy { -28.62295518487657   } 
   potential_energyvar { 68.89621117434979   } 
   nonlocal_energy { 1.098685852053582   } 
   nonlocal_energyvar { 24.51718895006142   } 
   autocorr_energy { } 
} 

block { 
   label vmc
   totweight 102400
   nautocorr 0
   total_energy { -15.68418551402285   } 
   total_energyvar { 1.987327009030594   } 
   weight { 1   } 
   weightvar { 0   } 
   kinetic_energy { 11.92007349907903   } 
   kinetic_energyvar { 68.40683280878454   } 
   potential_energy { -28.71344209975549   } 
   potential_energyvar { 71.9366961893619   } 
   nonlocal_energy { 1.109183086653614   } 
   nonlocal_energyvar { 28.25929493672243   } 
   autocorr_energy { } 
} 

block { 
   label vmc
   totweight 102400
   nautocorr 0
   total_energy { -15.69474073472325   } 
   total_energyvar { 1.947739243889998   } 
   weight { 1   } 
   weightvar { 0   } 
   kinetic_energy { 11.84580364312292   } 
   kinetic_energyvar { 61.81180488520943   } 
   potential_energy { -28.62702710290185   } 
   potential_energyvar { 67.97154866786036   } 
   nonlocal_energy { 1.08648272505569   } 
   nonlocal_energyvar { 23.79509827614222   } 
   autocorr_energy { } 
} 

block { 
   label vmc
   totweight 102400
   nautocorr 0
   total_energy { -15.69608039507835   } 
   total_energyvar { 1.97171194934208   } 
   weight { 1   } 
   weightvar { 0   } 
   kinetic_energy { 11.87261191949662   } 
   kinetic_energyvar { 62.40160987369802   } 
   potential_energy { -28.66293850485066   } 
   potential_energyvar { 69.80017449326806   } 
   nonlocal_energy { 1.094246190275685   } 
   nonlocal_energyvar { 23.3384098746067   } 
   autocorr_energy { } 
} 

block { 
   label vmc
   totweight 102400
   nautocorr 0
   total_energy { -15.68666308630224   } 
   total_energyvar { 1.994023065684843   } 
   weight { 1   } 
   weightvar { 0   } 
   kinetic_energy { 11.85309376611357   } 
   kinetic_energyvar { 62.48977802682342   } 
   potential_energy { -28.59617575034073   } 
   potential_energyvar { 68.17908280466986   } 
   nonlocal_energy { 1.056418897924928   } 
   nonlocal_energyvar { 21.29926449272258   } 
   autocorr_energy { } 
} 

block { 
   label vmc
   totweight 102400
   nautocorr 0
   total_energy { -15.68508721455858   } 
   total_energyvar { 2.091189719022651   } 
   weight { 1   } 
   weightvar { 0   } 
   kinetic_energy { 11.83508947694999   } 
   kinetic_energyvar { 66.77087105569808   } 
   potential_energy { -28.58359514278032   } 
   potential_energyvar { 70.06051232412085   } 
   nonlocal_energy { 1.06341845127176   } 
   nonlocal_energyvar { 26.68005858819486   } 
   autocorr_energy { } 
} 

block { 
   label vmc
   totweight 102400
   nautocorr 0
   total_energy { -15.68229259270549   } 
   total_energyvar { 2.315510870598416   } 
   weight { 1   } 
   weightvar { 0   } 
   kinetic_energy { 11.85332864758574   } 
   kinetic_energyvar { 63.22205863725026   } 
   potential_energy { -28.64564451716611   } 
   potential_energyvar { 71.46834430544561   } 
   nonlocal_energy { 1.110023276874877   } 
   nonlocal_energyvar { 25.9584234900321   } 
   autocorr_energy { } 
} 

block { 
   label vmc
   totweight 102400
   nautocorr 0
   total_energy { -15.6923679260332   } 
   total_energyvar { 2.087004139412471   } 
   weight { 1   } 
   weightvar { 0   } 
   kinetic_energy { 11.81668793690303   } 
   kinetic_energyvar { 64.60006853267686   } 
   potential_energy { -28.59587844393358   } 
   potential_energyvar { 67.53353557952266   } 
   nonlocal_energy { 1.086822580997356   } 
   nonlocal_energyvar { 27.0729514271312   } 
   autocorr_energy { } 
} 

block { 
   label vmc
   totweight 102400
   nautocorr 0
   total_energy { -15.69436822572734   } 
   total_energyvar { 2.043292786418505   } 
   weight { 1   } 
   weightvar { 0   } 
   kinetic_energy { 11.91162389023784   } 
   kinetic_energyvar { 66.86085398456359   } 
   potential_energy { -28.6768183654623   } 
   potential_energyvar { 69.63946813367329   } 
   nonlocal_energy { 1.070826249497103   } 
   nonlocal_energyvar { 25.82700510195217   } 
   autocorr_energy { } 
} 

block { 
   label vmc
   totweight 102400
   nautocorr 0
   total_energy { -15.69393858265796   } 
   total_energyvar { 2.071964837949309   } 
   weight { 1   } 
   weightvar { 0   } 
   kinetic_energy { 11.82213945966199   } 
   kinetic_energyvar { 62.21906058183089   } 
   potential_energy { -28.60180121401554   } 
   potential_energyvar { 69.3720925441196   } 
   nonlocal_energy { 1.085723171695603   } 
   nonlocal_energyvar { 24.39868074130805   } 
   autocorr_energy { } 
} 

block { 
   label vmc
   totweight 102400
   nautocorr 0
   total_energy { -15.69884816754865   } 
   total_energyvar { 2.057051350260082   } 
   weight { 1   } 
   weightvar { 0   } 
   kinetic_energy { 11.80812921368668   } 
   kinetic_energyvar { 61.57564698742871   } 
   potential_energy { -28.62664538242302   } 
   potential_energyvar { 70.30363970829933   } 
   nonlocal_energy { 1.119668001187703   } 
   nonlocal_energyvar { 27.80169740492736   } 
   autocorr_energy { } 
} 

block { 
   label vmc
   totweight 102400
   nautocorr 0
   total_energy { -15.68811953001783   } 
   total_energyvar { 1.949704020380182   } 
   weight { 1   } 
   weightvar { 0   } 
   kinetic_energy { 11.86664687348954   } 
   kinetic_energyvar { 63.77892060430133   } 
   potential_energy { -28.62131822584954   } 
   potential_energyvar { 69.85923680584551   } 
   nonlocal_energy { 1.066551822342161   } 
   nonlocal_energyvar { 24.41810927142694   } 
   autocorr_energy { } 
} 

block { 
   label vmc
   totweight 102400
   nautocorr 0
   total_energy { -15.69438080433431   } 
   total_energyvar { 2.066476119661132   } 
   weight { 1   } 
   weightvar { 0   } 
   kinetic_energy { 11.84674150507623   } 
   kinetic_energyvar { 62.09083186491122   } 
   potential_energy { -28.60707065342461   } 
   potential_energyvar { 68.07318243496388   } 
   nonlocal_energy { 1.065948344014063   } 
   nonlocal_energyvar { 24.22265815563404   } 
   autocorr_energy { } 
} 

block { 
   label vmc
   totweight 102400
   nautocorr 0
   total_energy { -15.68305035833819   } 
   total_energyvar { 2.240115198192285   } 
   weight { 1   } 
   weightvar { 0   } 
   kinetic_energy { 11.87864960074253   } 
   kinetic_energyvar { 65.46198898130905   } 
   potential_energy { -28.65783707558651   } 
   potential_energyvar { 71.18015591814492   } 
   nonlocal_energy { 1.096137116505787   } 
   nonlocal_energyvar { 25.58659849469329   } 
   autocorr_energy { } 
} 

block { 
   label vmc
   totweight 102400
   nautocorr 0
   total_energy { -15.69182062617006   } 
   total_energyvar { 1.972092183253238   } 
   weight { 1   } 
   weightvar { 0   } 
   kinetic_energy { 11.82019166010575   } 
   kinetic_energyvar { 65.9722248512079   } 
   potential_energy { -28.57685212389207   } 
   potential_energyvar { 70.27132884184482   } 
   nonlocal_energy { 1.064839837616264   } 
   nonlocal_energyvar { 27.71382275898553   } 
   autocorr_energy { } 
} 

block { 
   label vmc
   totweight 102400
   nautocorr 0
   total_energy { -15.69514480273927   } 
   total_energyvar { 1.890176152768703   } 
   weight { 1   } 
   weightvar { 0   } 
   kinetic_energy { 11.84301190894855   } 
   kinetic_energyvar { 61.24819300425   } 
   potential_energy { -28.59044462680716   } 
   potential_energyvar { 67.94992219024357   } 
   nonlocal_energy { 1.052287915119343   } 
   nonlocal_energyvar { 21.52972198384253   } 
   autocorr_energy { } 
} 

block { 
   label vmc
   totweight 102400
   nautocorr 0
   total_energy { -15.67856347174386   } 
   total_energyvar { 2.05033227235981   } 
   weight { 1   } 
   weightvar { 0   } 
   kinetic_energy { 11.83381043377279   } 
   kinetic_energyvar { 64.26129576161244   } 
   potential_energy { -28.61754759821893   } 
   potential_energyvar { 69.6147211591184   } 
   nonlocal_energy { 1.105173692702294   } 
   nonlocal_energyvar { 25.37759641918283   } 
   autocorr_energy { } 
} 

block { 
   label vmc
   totweight 102400
   nautocorr 0
   total_energy { -15.6947834506216   } 
   total_energyvar { 2.012176061976817   } 
   weight { 1   } 
   weightvar { 0   } 
   kinetic_energy { 11.86779096300936   } 
   kinetic_energyvar { 72.08762097894626   } 
   potential_energy { -28.65583652073423   } 
   potential_energyvar { 71.0263935176107   } 
   nonlocal_energy { 1.093262107103274   } 
   nonlocal_energyvar { 33.25417297613702   } 
   autocorr_energy { } 
} 

block { 
   label vmc
   totweight 102400
   nautocorr 0
   total_energy { -15.68924709225753   } 
   total_energyvar { 1.969716240426095   } 
   weight { 1   } 
   weightvar { 0   } 
   kinetic_energy { 11.77319464843778   } 
   kinetic_energyvar { 61.23399459733594   } 
   potential_energy { -28.54250844940569   } 
   potential_energyvar { 69.24358802300173   } 
   nonlocal_energy { 1.080066708710383   } 
   nonlocal_energyvar { 24.60314201344717   } 
   autocorr_energy { } 
} 

block { 
   label vmc
   totweight 102400
   nautocorr 0
   total_energy { -15.67612196945224   } 
   total_energyvar { 2.131432900407731   } 
   weight { 1   } 
   weightvar { 0   } 
   kinetic_energy { 11.84560417554333   } 
   kinetic_energyvar { 60.38421718452781   } 
   potential_energy { -28.61582730671505   } 
   potential_energyvar { 69.26612195187761   } 
   nonlocal_energy { 1.094101161719479   } 
   nonlocal_energyvar { 22.33869619045836   } 
   autocorr_energy { } 
} 

block { 
   label vmc
   totweight 102400
   nautocorr 0
   total_energy { -15.69838871980784   } 
   total_energyvar { 1.911425920739646   } 
   weight { 1   } 
   weightvar { 0   } 
   kinetic_energy { 11.8335241337488   } 
   kinetic_energyvar { 60.25206762453476   } 
   potential_energy { -28.60834189330307   } 
   potential_energyvar { 68.08267113686622   } 
   nonlocal_energy { 1.076429039746435   } 
   nonlocal_energyvar { 22.79279365471149   } 
   autocorr_energy { } 
} 

block { 
   label vmc
   totweight 102400
   nautocorr 0
   total_energy { -15.69717929397718   } 
   total_energyvar { 1.918510522770731   } 
   weight { 1   } 
   weightvar { 0   } 
   kinetic_energy { 11.81503480064783   } 
   kinetic_energyvar { 61.2793199800428   } 
   potential_energy { -28.59977020567232   } 
   potential_energyvar { 68.9766552706476   } 
   nonlocal_energy { 1.087556111047294   } 
   nonlocal_energyvar { 21.98838276106818   } 
   autocorr_energy { } 
} 

block { 
   label vmc
   totweight 102400
   nautocorr 0
   total_energy { -15.68223133112262   } 
   total_energyvar { 2.034465162268987   } 
   weight { 1   } 
   weightvar { 0   } 
   kinetic_energy { 11.79677436697466   } 
   kinetic_energyvar { 62.43497886680848   } 
   potential_energy { -28.5892842252129   } 
   potential_energyvar { 70.64239939175138   } 
   nonlocal_energy { 1.110278527115608   } 
   nonlocal_energyvar { 24.49026583118588   } 
   autocorr_energy { } 
} 

block { 
   label vmc
   totweight 102400
   nautocorr 0
   total_energy { -15.6973976678503   } 
   total_energyvar { 1.955377621254087   } 
   weight { 1   } 
   weightvar { 0   } 
   kinetic_energy { 11.90497180022933   } 
   kinetic_energyvar { 64.37239824079882   } 
   potential_energy { -28.66757141852484   } 
   potential_energyvar { 69.55529011125225   } 
   nonlocal_energy { 1.065201950445213   } 
   nonlocal_energyvar { 24.12875694255228   } 
   autocorr_energy { } 
} 

block { 
   label vmc
   totweight 102400
   nautocorr 0
   total_energy { -15.68573048708197   } 
   total_energyvar { 2.077588612930498   } 
   weight { 1   } 
   weightvar { 0   } 
   kinetic_energy { 11.82727352828165   } 
   kinetic_energyvar { 61.74716601538967   } 
   potential_energy { -28.61239759814943   } 
   potential_energyvar { 70.2471997947689   } 
   nonlocal_energy { 1.099393582785808   } 
   nonlocal_energyvar { 24.70793156344926   } 
   autocorr_energy { } 
} 

block { 
   label vmc
   totweight 102400
   nautocorr 0
   total_energy { -15.68734509556922   } 
   total_energyvar { 2.134827668186517   } 
   weight { 1   } 
   weightvar { 0   } 
   kinetic_energy { 11.82627187390517   } 
   kinetic_energyvar { 64.05481369719692   } 
   potential_energy { -28.62488436958446   } 
   potential_energyvar { 73.50749832943268   } 
   nonlocal_energy { 1.111267400110081   } 
   nonlocal_energyvar { 28.93831521755581   } 
   autocorr_energy { } 
} 

block { 
   label vmc
   totweight 102400
   nautocorr 0
   total_energy { -15.68806754491896   } 
   total_energyvar { 2.058840636766121   } 
   weight { 1   } 
   weightvar { 0   } 
   kinetic_energy { 11.86831602942787   } 
   kinetic_energyvar { 62.97726106400566   } 
   potential_energy { -28.64797577978963   } 
   potential_energyvar { 70.23728835884947   } 
   nonlocal_energy { 1.091592205442789   } 
   nonlocal_energyvar { 23.63621069735595   } 
   autocorr_energy { } 
} 

block { 
   label vmc
   totweight 102400
   nautocorr 0
   total_energy { -15.6850905771618   } 
   total_energyvar { 2.079279642496118   } 
   weight { 1   } 
   weightvar { 0   } 
   kinetic_energy { 11.90921157555335   } 
   kinetic_energyvar { 63.76455590234588   } 
   potential_energy { -28.69989595456797   } 
   potential_energyvar { 71.77689042596262   } 
   nonlocal_energy { 1.105593801852823   } 
   nonlocal_energyvar { 24.01422205465181   } 
   autocorr_energy { } 
} 

block { 
   label vmc
   totweight 102400
   nautocorr 0
   total_energy { -15.69833090904716   } 
   total_energyvar { 1.929741868482864   } 
   weight { 1   } 
   weightvar { 0   } 
   kinetic_energy { 11.81018817152471   } 
   kinetic_energyvar { 60.91237635258273   } 
   potential_energy { -28.61637835571138   } 
   potential_energyvar { 69.0392169245074   } 
   nonlocal_energy { 1.107859275139506   } 
   nonlocal_energyvar { 23.55546004283028   } 
   autocorr_energy { } 
} 

block { 
   label vmc
   totweight 102400
   nautocorr 0
   total_energy { -15.68713249910118   } 
   total_energyvar { 2.011537409679704   } 
   weight { 1   } 
   weightvar { 0   } 
   kinetic_energy { 11.81844789615622   } 
   kinetic_energyvar { 61.81172731332856   } 
   potential_energy { -28.65066606439138   } 
   potential_energyvar { 70.41400684809241   } 
   nonlocal_energy { 1.14508566913399   } 
   nonlocal_energyvar { 26.70214338642802   } 
   autocorr_energy { } 
} 

block { 
   label vmc
   totweight 102400
   nautocorr 0
   total_energy { -15.69054289056162   } 
   total_energyvar { 2.25609376475353   } 
   weight { 1   } 
   weightvar { 0   } 
   kinetic_energy { 11.84873118905576   } 
   kinetic_energyvar { 64.20962045274598   } 
   potential_energy { -28.65831976027929   } 
   potential_energyvar { 71.01885444262416   } 
   nonlocal_energy { 1.119045680661918   } 
   nonlocal_energyvar { 25.39838175258784   } 
   autocorr_energy { } 
} 

block { 
   label vmc
   totweight 102400
   nautocorr 0
   total_energy { -15.6929227634136   } 
   total_energyvar { 2.059424242671469   } 
   weight { 1   } 
   weightvar { 0   } 
   kinetic_energy { 11.80919184924321   } 
   kinetic_energyvar { 64.19825982260977   } 
   potential_energy { -28.58453918266029   } 
   potential_energyvar { 68.60342781482234   } 
   nonlocal_energy { 1.082424570003479   } 
   nonlocal_energyvar { 25.84686055950849   } 
   autocorr_energy { } 
} 

block { 
   label vmc
   totweight 102400
   nautocorr 0
   total_energy { -15.68826078755576   } 
   total_energyvar { 2.03784666355574   } 
   weight { 1   } 
   weightvar { 0   } 
   kinetic_energy { 11.82191624507018   } 
   kinetic_energyvar { 64.4084943464708   } 
   potential_energy { -28.5870381188467   } 
   potential_energyvar { 70.08812840163705   } 
   nonlocal_energy { 1.076861086220773   } 
   nonlocal_energyvar { 23.82383048133632   } 
   autocorr_energy { } 
} 

block { 
   label vmc
   totweight 102400
   nautocorr 0
   total_energy { -15.68802056624816   } 
   total_energyvar { 2.211431509167937   } 
   weight { 1   } 
   weightvar { 0   } 
   kinetic_energy { 11.79723418009348   } 
   kinetic_energyvar { 61.69199937937572   } 
   potential_energy { -28.56508204026066   } 
   potential_energyvar { 67.60114549129219   } 
   nonlocal_energy { 1.079827293919011   } 
   nonlocal_energyvar { 22.83554025547613   } 
   autocorr_energy { } 
} 

block { 
   label vmc
   totweight 102400
   nautocorr 0
   total_energy { -15.68436532905243   } 
   total_energyvar { 1.985756827031963   } 
   weight { 1   } 
   weightvar { 0   } 
   kinetic_energy { 11.87064716890207   } 
   kinetic_energyvar { 63.43398468388764   } 
   potential_energy { -28.64071748596759   } 
   potential_energyvar { 69.23328838533234   } 
   nonlocal_energy { 1.085704988013092   } 
   nonlocal_energyvar { 23.12074416025256   } 
   autocorr_energy { } 
} 

block { 
   label vmc
   totweight 102400
   nautocorr 0
   total_energy { -15.68020555952729   } 
   total_energyvar { 5.324256264875856   } 
   weight { 1   } 
   weightvar { 0   } 
   kinetic_energy { 11.83952120556807   } 
   kinetic_energyvar { 63.79143187410094   } 
   potential_energy { -28.58314116837902   } 
   potential_energyvar { 72.96412695088645   } 
   nonlocal_energy { 1.063414403283669   } 
   nonlocal_energyvar { 25.20094284932649   } 
   autocorr_energy { } 
} 

block { 
   label vmc
   totweight 102400
   nautocorr 0
   total_energy { -15.68614069747375   } 
   total_energyvar { 2.013470522732888   } 
   weight { 1   } 
   weightvar { 0   } 
   kinetic_energy { 11.93226639497814   } 
   kinetic_energyvar { 63.40904623911553   } 
   potential_energy { -28.71947158013427   } 
   potential_energyvar { 70.71040164328292   } 
   nonlocal_energy { 1.101064487682374   } 
   nonlocal_energyvar { 24.21717173276437   } 
   autocorr_energy { } 
} 

block { 
   label vmc
   totweight 102400
   nautocorr 0
   total_energy { -15.67788703107651   } 
   total_energyvar { 2.246910618559127   } 
   weight { 1   } 
   weightvar { 0   } 
   kinetic_energy { 11.87442050465345   } 
   kinetic_energyvar { 64.37333022476284   } 
   potential_energy { -28.64055259657435   } 
   potential_energyvar { 69.66394684438194   } 
   nonlocal_energy { 1.088245060844399   } 
   nonlocal_energyvar { 25.11790295853485   } 
   autocorr_energy { } 
} 

block { 
   label vmc
   totweight 102400
   nautocorr 0
   total_energy { -15.67332049808366   } 
   total_energyvar { 2.609134842069437   } 
   weight { 1   } 
   weightvar { 0   } 
   kinetic_energy { 11.88525771279787   } 
   kinetic_energyvar { 66.31894994551317   } 
   potential_energy { -28.61742637967389   } 
   potential_energyvar { 69.31743796070941   } 
   nonlocal_energy { 1.058848168792369   } 
   nonlocal_energyvar { 25.9746315980351   } 
   autocorr_energy { } 
} 

block { 
   label vmc
   totweight 102400
   nautocorr 0
   total_energy { -15.68789311193163   } 
   total_energyvar { 2.158254328038367   } 
   weight { 1   } 
   weightvar { 0   } 
   kinetic_energy { 11.8291630629612   } 
   kinetic_energyvar { 61.37496673178413   } 
   potential_energy { -28.61612859812458   } 
   potential_energyvar { 69.18869444165171   } 
   nonlocal_energy { 1.099072423231737   } 
   nonlocal_energyvar { 23.68306047761972   } 
   autocorr_energy { } 
} 

block { 
   label vmc
   totweight 102400
   nautocorr 0
   total_energy { -15.68972823196731   } 
   total_energyvar { 1.995887286513721   } 
   weight { 1   } 
   weightvar { 0   } 
   kinetic_energy { 11.89318282575957   } 
   kinetic_energyvar { 64.27555812792372   } 
   potential_energy { -28.6705582059882   } 
   potential_energyvar { 71.17783032244836   } 
   nonlocal_energy { 1.087647148261319   } 
   nonlocal_energyvar { 23.27886823376888   } 
   autocorr_energy { } 
} 

block { 
   label vmc
   totweight 102400
   nautocorr 0
   total_energy { -15.69244139262983   } 
   total_energyvar { 1.985528188304443   } 
   weight { 1   } 
   weightvar { 0   } 
   kinetic_energy { 11.93034818055208   } 
   kinetic_energyvar { 63.63948991679928   } 
   potential_energy { -28.73272661899685   } 
   potential_energyvar { 70.90599549168621   } 
   nonlocal_energy { 1.109937045814934   } 
   nonlocal_energyvar { 24.22295345445917   } 
   autocorr_energy { } 
} 

block { 
   label vmc
   totweight 102400
   nautocorr 0
   total_energy { -15.6930263679663   } 
   total_energyvar { 1.996286103017809   } 
   weight { 1   } 
   weightvar { 0   } 
   kinetic_energy { 11.87539655581345   } 
   kinetic_energyvar { 64.01475731968165   } 
   potential_energy { -28.63350105138601   } 
   potential_energyvar { 69.64263537025658   } 
   nonlocal_energy { 1.065078127606268   } 
   nonlocal_energyvar { 26.93315233362534   } 
   autocorr_energy { } 
} 

block { 
   label vmc
   totweight 102400
   nautocorr 0
   total_energy { -15.68482135516385   } 
   total_energyvar { 2.076553139324204   } 
   weight { 1   } 
   weightvar { 0   } 
   kinetic_energy { 11.86089491536905   } 
   kinetic_energyvar { 72.4417419621472   } 
   potential_energy { -28.64012720604159   } 
   potential_energyvar { 70.57897954817145   } 
   nonlocal_energy { 1.094410935508695   } 
   nonlocal_energyvar { 34.40511337168884   } 
   autocorr_energy { } 
} 

block { 
   label vmc
   totweight 102400
   nautocorr 0
   total_energy { -15.69780318912558   } 
   total_energyvar { 2.036349967132963   } 
   weight { 1   } 
   weightvar { 0   } 
   kinetic_energy { 11.77045034101537   } 
   kinetic_energyvar { 61.01406909183527   } 
   potential_energy { -28.57407558356901   } 
   potential_energyvar { 69.96078882208963   } 
   nonlocal_energy { 1.105822053428065   } 
   nonlocal_energyvar { 25.04729123056892   } 
   autocorr_energy { } 
} 

block { 
   label vmc
   totweight 102400
   nautocorr 0
   total_energy { -15.68241906113305   } 
   total_energyvar { 2.023710890896041   } 
   weight { 1   } 
   weightvar { 0   } 
   kinetic_energy { 11.81660933330347   } 
   kinetic_energyvar { 62.19636209917957   } 
   potential_energy { -28.58708073660064   } 
   potential_energyvar { 70.93199649997302   } 
   nonlocal_energy { 1.088052342164114   } 
   nonlocal_energyvar { 23.86098153066999   } 
   autocorr_energy { } 
} 

block { 
   label vmc
   totweight 102400
   nautocorr 0
   total_energy { -15.69708665984035   } 
   total_energyvar { 1.946934695783625   } 
   weight { 1   } 
   weightvar { 0   } 
   kinetic_energy { 11.8917069015088   } 
   kinetic_energyvar { 61.37465754444565   } 
   potential_energy { -28.6950963233608   } 
   potential_energyvar { 69.92842743268568   } 
   nonlocal_energy { 1.10630276201164   } 
   nonlocal_energyvar { 23.40579590120222   } 
   autocorr_energy { } 
} 

block { 
   label vmc
   totweight 102400
   nautocorr 0
   total_energy { -15.68789105010325   } 
   total_energyvar { 2.309260922456843   } 
   weight { 1   } 
   weightvar { 0   } 
   kinetic_energy { 11.8127925348427   } 
   kinetic_energyvar { 62.06644625727867   } 
   potential_energy { -28.58450090835626   } 
   potential_energyvar { 69.41669380787437   } 
   nonlocal_energy { 1.083817323410302   } 
   nonlocal_energyvar { 23.86234519782406   } 
   autocorr_energy { } 
} 

block { 
   label vmc
   totweight 102400
   nautocorr 0
   total_energy { -15.6930087116822   } 
   total_energyvar { 1.972715805922491   } 
   weight { 1   } 
   weightvar { 0   } 
   kinetic_energy { 11.77576222032811   } 
   kinetic_energyvar { 61.40997790104961   } 
   potential_energy { -28.56336730058517   } 
   potential_energyvar { 68.09314748384463   } 
   nonlocal_energy { 1.094596368574865   } 
   nonlocal_energyvar { 24.18813314529206   } 
   autocorr_energy { } 
} 

block { 
   label vmc
   totweight 102400
   nautocorr 0
   total_energy { -15.6927930633085   } 
   total_energyvar { 1.929650228708027   } 
   weight { 1   } 
   weightvar { 0   } 
   kinetic_energy { 11.87507615061266   } 
   kinetic_energyvar { 61.44067172664427   } 
   potential_energy { -28.68281902304726   } 
   potential_energyvar { 71.54487421948124   } 
   nonlocal_energy { 1.114949809126092   } 
   nonlocal_energyvar { 23.94712814293424   } 
   autocorr_energy { } 
} 

block { 
   label vmc
   totweight 102400
   nautocorr 0
   total_energy { -15.69460582423212   } 
   total_energyvar { 1.990095957904856   } 
   weight { 1   } 
   weightvar { 0   } 
   kinetic_energy { 11.88946593512535   } 
   kinetic_energyvar { 70.63513466143689   } 
   potential_energy { -28.64812270814048   } 
   potential_energyvar { 71.44025709002779   } 
   nonlocal_energy { 1.064050948783001   } 
   nonlocal_energyvar { 31.55138827875206   } 
   autocorr_energy { } 
} 

block { 
   label vmc
   totweight 102400
   nautocorr 0
   total_energy { -15.68426638378853   } 
   total_energyvar { 2.215369864509512   } 
   weight { 1   } 
   weightvar { 0   } 
   kinetic_energy { 11.8170640893219   } 
   kinetic_energyvar { 73.46978017705243   } 
   potential_energy { -28.60650822585371   } 
   potential_energyvar { 69.54722371026935   } 
   nonlocal_energy { 1.105177752743281   } 
   nonlocal_energyvar { 36.22796640627563   } 
   autocorr_energy { } 
} 

block { 
   label vmc
   totweight 102400
   nautocorr 0
   total_energy { -15.68815727795533   } 
   total_energyvar { 2.117462029472222   } 
   weight { 1   } 
   weightvar { 0   } 
   kinetic_energy { 11.91997275449975   } 
   kinetic_energyvar { 62.6057882038242   } 
   potential_energy { -28.67901350751167   } 
   potential_energyvar { 68.88566877780181   } 
   nonlocal_energy { 1.070883475056605   } 
   nonlocal_energyvar { 23.61037743079661   } 
   autocorr_energy { } 
} 

block { 
   label vmc
   totweight 102400
   nautocorr 0
   total_energy { -15.68303530732493   } 
   total_energyvar { 2.272102325299159   } 
   weight { 1   } 
   weightvar { 0   } 
   kinetic_energy { 11.82672559825701   } 
   kinetic_energyvar { 63.23129867183144   } 
   potential_energy { -28.5677742294946   } 
   potential_energyvar { 69.58604264504129   } 
   nonlocal_energy { 1.058013323912654   } 
   nonlocal_energyvar { 23.84947544435068   } 
   autocorr_energy { } 
} 

block { 
   label vmc
   totweight 102400
   nautocorr 0
   total_energy { -15.69168533390022   } 
   total_energyvar { 1.996626424240759   } 
   weight { 1   } 
   weightvar { 0   } 
   kinetic_energy { 11.87443783740157   } 
   kinetic_energyvar { 63.16588344104213   } 
   potential_energy { -28.68992521399824   } 
   potential_energyvar { 71.70235475015625   } 
   nonlocal_energy { 1.123802042696443   } 
   nonlocal_energyvar { 24.84350693305915   } 
   autocorr_energy { } 
} 

block { 
   label vmc
   totweight 102400
   nautocorr 0
   total_energy { -15.69852313813672   } 
   total_energyvar { 1.870652826241781   } 
   weight { 1   } 
   weightvar { 0   } 
   kinetic_energy { 11.86325174013434   } 
   kinetic_energyvar { 62.26909748434051   } 
   potential_energy { -28.66763764692066   } 
   potential_energyvar { 68.45612461554117   } 
   nonlocal_energy { 1.105862768649606   } 
   nonlocal_energyvar { 24.53471390702499   } 
   autocorr_energy { } 
} 

block { 
   label vmc
   totweight 102400
   nautocorr 0
   total_energy { -15.68788866615388   } 
   total_energyvar { 2.075396767236299   } 
   weight { 1   } 
   weightvar { 0   } 
   kinetic_energy { 11.87645889584824   } 
   kinetic_energyvar { 64.98495243987202   } 
   potential_energy { -28.66594380921784   } 
   potential_energyvar { 70.28295693694315   } 
   nonlocal_energy { 1.101596247215711   } 
   nonlocal_energyvar { 26.0524475827121   } 
   autocorr_energy { } 
} 

block { 
   label vmc
   totweight 102400
   nautocorr 0
   total_energy { -15.69152215714957   } 
   total_energyvar { 1.968848868529932   } 
   weight { 1   } 
   weightvar { 0   } 
   kinetic_energy { 11.84239529365868   } 
   kinetic_energyvar { 61.54290005681779   } 
   potential_energy { -28.57079703012259   } 
   potential_energyvar { 68.01572848895501   } 
   nonlocal_energy { 1.036879579314336   } 
   nonlocal_energyvar { 21.75683008627541   } 
   autocorr_energy { } 
} 

block { 
   label vmc
   totweight 102400
   nautocorr 0
   total_energy { -15.69813750955918   } 
   total_energyvar { 2.037444409512204   } 
   weight { 1   } 
   weightvar { 0   } 
   kinetic_energy { 11.88612744305739   } 
   kinetic_energyvar { 64.5033750241889   } 
   potential_energy { -28.67329668374175   } 
   potential_energyvar { 68.44588835796333   } 
   nonlocal_energy { 1.089031731125183   } 
   nonlocal_energyvar { 27.33806370047681   } 
   autocorr_energy { } 
} 

block { 
   label vmc
   totweight 102400
   nautocorr 0
   total_energy { -15.69068260887773   } 
   total_energyvar { 2.190932522194458   } 
   weight { 1   } 
   weightvar { 0   } 
   kinetic_energy { 11.86814802013208   } 
   kinetic_energyvar { 63.94457011746752   } 
   potential_energy { -28.65269191850846   } 
   potential_energyvar { 72.18625450580487   } 
   nonlocal_energy { 1.093861289498641   } 
   nonlocal_energyvar { 27.44856801124576   } 
   autocorr_energy { } 
} 

block { 
   label vmc
   totweight 102400
   nautocorr 0
   total_energy { -15.69085445685841   } 
   total_energyvar { 2.001815096941783   } 
   weight { 1   } 
   weightvar { 0   } 
   kinetic_energy { 11.8379241820511   } 
   kinetic_energyvar { 62.0237310739079   } 
   potential_energy { -28.61425188576858   } 
   potential_energyvar { 70.33763760506076   } 
   nonlocal_energy { 1.085473246859075   } 
   nonlocal_energyvar { 24.45346322598666   } 
   autocorr_energy { } 
} 

block { 
   label vmc
   totweight 102400
   nautocorr 0
   total_energy { -15.69002802026048   } 
   total_energyvar { 1.90709367201984   } 
   weight { 1   } 
   weightvar { 0   } 
   kinetic_energy { 11.79262793586778   } 
   kinetic_energyvar { 66.45803269954152   } 
   potential_energy { -28.55482081509997   } 
   potential_energyvar { 67.81284762396467   } 
   nonlocal_energy { 1.072164858971711   } 
   nonlocal_energyvar { 26.67225626152102   } 
   autocorr_energy { } 
} 

block { 
   label vmc
   totweight 102400
   nautocorr 0
   total_energy { -15.68168664633447   } 
   total_energyvar { 2.517975211885528   } 
   weight { 1   } 
   weightvar { 0   } 
   kinetic_energy { 11.82318881307127   } 
   kinetic_energyvar { 60.18040694197981   } 
   potential_energy { -28.60756829381312   } 
   potential_energyvar { 70.53799905288952   } 
   nonlocal_energy { 1.102692834407394   } 
   nonlocal_energyvar { 23.49806006397953   } 
   autocorr_energy { } 
} 

block { 
   label vmc
   totweight 102400
   nautocorr 0
   total_energy { -15.69200152685846   } 
   total_energyvar { 2.076217108724165   } 
   weight { 1   } 
   weightvar { 0   } 
   kinetic_energy { 11.8629266279874   } 
   kinetic_energyvar { 63.81480305058884   } 
   potential_energy { -28.64574368918543   } 
   potential_energyvar { 69.06741085982082   } 
   nonlocal_energy { 1.090815534339568   } 
   nonlocal_energyvar { 25.56524103538622   } 
   autocorr_energy { } 
} 

