#-------------------------------------------------
#VMC run: timestep 1 nconfig 6400 steps 100
#-------------------------------------------------


init { 
   label vmc
}
block { 
   label vmc
   totweight 640000
   nautocorr 0
   total_energy { -5.314272651251572   } 
   total_energyvar { 0.4727167414149207   } 
   weight { 1   } 
   weightvar { 0   } 
   kinetic_energy { 3.435502119204786   } 
   kinetic_energyvar { 8.862763950563131   } 
   potential_energy { -9.269565503474517   } 
   potential_energyvar { 9.529255785540585   } 
   nonlocal_energy { 0.5197907330181603   } 
   nonlocal_energyvar { 5.862054724606056   } 
   autocorr_energy { } 
} 

block { 
   label vmc
   totweight 640000
   nautocorr 0
   total_energy { -5.315704732126277   } 
   total_energyvar { 0.4522775722352463   } 
   weight { 1   } 
   weightvar { 0   } 
   kinetic_energy { 3.426146834391112   } 
   kinetic_energyvar { 8.993408527573589   } 
   potential_energy { -9.253761691549316   } 
   potential_energyvar { 9.431301837692459   } 
   nonlocal_energy { 0.5119101250319283   } 
   nonlocal_energyvar { 5.723328006012681   } 
   autocorr_energy { } 
} 

block { 
   label vmc
   totweight 640000
   nautocorr 0
   total_energy { -5.312671165297573   } 
   total_energyvar { 0.5038720916422719   } 
   weight { 1   } 
   weightvar { 0   } 
   kinetic_energy { 3.442482158366912   } 
   kinetic_energyvar { 9.065691310604029   } 
   potential_energy { -9.266739600107888   } 
   potential_energyvar { 9.639623871255083   } 
   nonlocal_energy { 0.5115862764434045   } 
   nonlocal_energyvar { 5.971154764307926   } 
   autocorr_energy { } 
} 

block { 
   label vmc
   totweight 640000
   nautocorr 0
   total_energy { -5.313403040636346   } 
   total_energyvar { 0.436380406513873   } 
   weight { 1   } 
   weightvar { 0   } 
   kinetic_energy { 3.433679586330108   } 
   kinetic_energyvar { 8.823867867523532   } 
   potential_energy { -9.258118188759733   } 
   potential_energyvar { 9.341639571351067   } 
   nonlocal_energy { 0.51103556179328   } 
   nonlocal_energyvar { 5.545293100153467   } 
   autocorr_energy { } 
} 

block { 
   label vmc
   totweight 640000
   nautocorr 0
   total_energy { -5.313831604781676   } 
   total_energyvar { 0.4866292444275189   } 
   weight { 1   } 
   weightvar { 0   } 
   kinetic_energy { 3.431813648717603   } 
   kinetic_energyvar { 9.121303699847136   } 
   potential_energy { -9.259498616073877   } 
   potential_energyvar { 9.581946399930729   } 
   nonlocal_energy { 0.5138533625745976   } 
   nonlocal_energyvar { 5.951798805245113   } 
   autocorr_energy { } 
} 

block { 
   label vmc
   totweight 640000
   nautocorr 0
   total_energy { -5.315190782463278   } 
   total_energyvar { 0.4368220089952466   } 
   weight { 1   } 
   weightvar { 0   } 
   kinetic_energy { 3.441946656647268   } 
   kinetic_energyvar { 8.882694656174127   } 
   potential_energy { -9.272303370083691   } 
   potential_energyvar { 9.563528932089653   } 
   nonlocal_energy { 0.5151659309731447   } 
   nonlocal_energyvar { 5.714693482231212   } 
   autocorr_energy { } 
} 

block { 
   label vmc
   totweight 640000
   nautocorr 0
   total_energy { -5.315496289625412   } 
   total_energyvar { 0.4430371140290745   } 
   weight { 1   } 
   weightvar { 0   } 
   kinetic_energy { 3.437640325002786   } 
   kinetic_energyvar { 8.844185793733743   } 
   potential_energy { -9.264303873923398   } 
   potential_energyvar { 9.554168826410006   } 
   nonlocal_energy { 0.5111672592951997   } 
   nonlocal_energyvar { 5.779060261095462   } 
   autocorr_energy { } 
} 

block { 
   label vmc
   totweight 640000
   nautocorr 0
   total_energy { -5.3157961340798   } 
   total_energyvar { 0.4449758390987348   } 
   weight { 1   } 
   weightvar { 0   } 
   kinetic_energy { 3.431438265037823   } 
   kinetic_energyvar { 8.981053810534817   } 
   potential_energy { -9.257454396167313   } 
   potential_energyvar { 9.560735530566845   } 
   nonlocal_energy { 0.5102199970496897   } 
   nonlocal_energyvar { 5.917786979376902   } 
   autocorr_energy { } 
} 

block { 
   label vmc
   totweight 640000
   nautocorr 0
   total_energy { -5.314305998922666   } 
   total_energyvar { 0.443404819515905   } 
   weight { 1   } 
   weightvar { 0   } 
   kinetic_energy { 3.432615172512307   } 
   kinetic_energyvar { 9.003335927900704   } 
   potential_energy { -9.258164040269707   } 
   potential_energyvar { 9.662935645101001   } 
   nonlocal_energy { 0.5112428688347346   } 
   nonlocal_energyvar { 5.942370419727832   } 
   autocorr_energy { } 
} 

block { 
   label vmc
   totweight 640000
   nautocorr 0
   total_energy { -5.314553195996758   } 
   total_energyvar { 0.4522257127965794   } 
   weight { 1   } 
   weightvar { 0   } 
   kinetic_energy { 3.430576443488576   } 
   kinetic_energyvar { 8.865786387833676   } 
   potential_energy { -9.26545423884772   } 
   potential_energyvar { 9.599866065243177   } 
   nonlocal_energy { 0.5203245993623847   } 
   nonlocal_energyvar { 5.897740576409661   } 
   autocorr_energy { } 
} 

block { 
   label vmc
   totweight 640000
   nautocorr 0
   total_energy { -5.314023823118387   } 
   total_energyvar { 0.4393264614883314   } 
   weight { 1   } 
   weightvar { 0   } 
   kinetic_energy { 3.441512604328559   } 
   kinetic_energyvar { 8.950399428969366   } 
   potential_energy { -9.265964920325647   } 
   potential_energyvar { 9.431106736004054   } 
   nonlocal_energy { 0.5104284928787001   } 
   nonlocal_energyvar { 5.61270949018807   } 
   autocorr_energy { } 
} 

block { 
   label vmc
   totweight 640000
   nautocorr 0
   total_energy { -5.314943459923986   } 
   total_energyvar { 0.4509459024837632   } 
   weight { 1   } 
   weightvar { 0   } 
   kinetic_energy { 3.439521488752525   } 
   kinetic_energyvar { 8.826672852934212   } 
   potential_energy { -9.258912508780481   } 
   potential_energyvar { 9.395223205011391   } 
   nonlocal_energy { 0.5044475601039695   } 
   nonlocal_energyvar { 5.505089385488394   } 
   autocorr_energy { } 
} 

block { 
   label vmc
   totweight 640000
   nautocorr 0
   total_energy { -5.313443065286877   } 
   total_energyvar { 0.4436358765440112   } 
   weight { 1   } 
   weightvar { 0   } 
   kinetic_energy { 3.436626015539351   } 
   kinetic_energyvar { 8.922456195966287   } 
   potential_energy { -9.265774018348189   } 
   potential_energyvar { 9.522534908421534   } 
   nonlocal_energy { 0.5157049375219621   } 
   nonlocal_energyvar { 5.738175511307011   } 
   autocorr_energy { } 
} 

block { 
   label vmc
   totweight 640000
   nautocorr 0
   total_energy { -5.314101758180973   } 
   total_energyvar { 0.4406170061358097   } 
   weight { 1   } 
   weightvar { 0   } 
   kinetic_energy { 3.439545154484799   } 
   kinetic_energyvar { 8.957314380349862   } 
   potential_energy { -9.273070970878949   } 
   potential_energyvar { 9.577623577929742   } 
   nonlocal_energy { 0.5194240582131769   } 
   nonlocal_energyvar { 5.877671020577035   } 
   autocorr_energy { } 
} 

block { 
   label vmc
   totweight 640000
   nautocorr 0
   total_energy { -5.313919630664833   } 
   total_energyvar { 0.4386727134124158   } 
   weight { 1   } 
   weightvar { 0   } 
   kinetic_energy { 3.441774437936478   } 
   kinetic_energyvar { 9.036783626467276   } 
   potential_energy { -9.26642432028159   } 
   potential_energyvar { 9.522040015831834   } 
   nonlocal_energy { 0.5107302516802795   } 
   nonlocal_energyvar { 5.84754994064457   } 
   autocorr_energy { } 
} 

block { 
   label vmc
   totweight 640000
   nautocorr 0
   total_energy { -5.314571026222078   } 
   total_energyvar { 0.4516381047664915   } 
   weight { 1   } 
   weightvar { 0   } 
   kinetic_energy { 3.436659956085685   } 
   kinetic_energyvar { 9.063523569862369   } 
   potential_energy { -9.270145875966648   } 
   potential_energyvar { 9.553521958646868   } 
   nonlocal_energy { 0.5189148936588838   } 
   nonlocal_energyvar { 5.976188677428653   } 
   autocorr_energy { } 
} 

block { 
   label vmc
   totweight 640000
   nautocorr 0
   total_energy { -5.314505288825026   } 
   total_energyvar { 0.4685046277066398   } 
   weight { 1   } 
   weightvar { 0   } 
   kinetic_energy { 3.431005256181145   } 
   kinetic_energyvar { 8.984712536038025   } 
   potential_energy { -9.256832354821709   } 
   potential_energyvar { 10.53339986235825   } 
   nonlocal_energy { 0.5113218098155369   } 
   nonlocal_energyvar { 6.925273869538345   } 
   autocorr_energy { } 
} 

block { 
   label vmc
   totweight 640000
   nautocorr 0
   total_energy { -5.314361969581433   } 
   total_energyvar { 0.4287111776523069   } 
   weight { 1   } 
   weightvar { 0   } 
   kinetic_energy { 3.443815981782995   } 
   kinetic_energyvar { 9.190309710478791   } 
   potential_energy { -9.267931485111674   } 
   potential_energyvar { 9.595983579457794   } 
   nonlocal_energy { 0.5097535337472462   } 
   nonlocal_energyvar { 5.874694442263144   } 
   autocorr_energy { } 
} 

block { 
   label vmc
   totweight 640000
   nautocorr 0
   total_energy { -5.314950812329233   } 
   total_energyvar { 0.4371952585193526   } 
   weight { 1   } 
   weightvar { 0   } 
   kinetic_energy { 3.428571846797167   } 
   kinetic_energyvar { 9.027794181327391   } 
   potential_energy { -9.257495959141847   } 
   potential_energyvar { 9.452522036476296   } 
   nonlocal_energy { 0.5139733000154474   } 
   nonlocal_energyvar { 5.967988891074468   } 
   autocorr_energy { } 
} 

block { 
   label vmc
   totweight 640000
   nautocorr 0
   total_energy { -5.314270474163323   } 
   total_energyvar { 0.4430824367278063   } 
   weight { 1   } 
   weightvar { 0   } 
   kinetic_energy { 3.432683322751125   } 
   kinetic_energyvar { 8.980144525858616   } 
   potential_energy { -9.264369518887939   } 
   potential_energyvar { 9.586428270160411   } 
   nonlocal_energy { 0.5174157219734909   } 
   nonlocal_energyvar { 5.919348823233706   } 
   autocorr_energy { } 
} 

block { 
   label vmc
   totweight 640000
   nautocorr 0
   total_energy { -5.314992776278237   } 
   total_energyvar { 0.4386282126508334   } 
   weight { 1   } 
   weightvar { 0   } 
   kinetic_energy { 3.438857180680869   } 
   kinetic_energyvar { 9.04286778721646   } 
   potential_energy { -9.260695911906186   } 
   potential_energyvar { 9.430773695584165   } 
   nonlocal_energy { 0.5068459549470803   } 
   nonlocal_energyvar { 5.667391208869605   } 
   autocorr_energy { } 
} 

block { 
   label vmc
   totweight 640000
   nautocorr 0
   total_energy { -5.315320376905769   } 
   total_energyvar { 0.4300149420355375   } 
   weight { 1   } 
   weightvar { 0   } 
   kinetic_energy { 3.439049562421555   } 
   kinetic_energyvar { 8.87352103246131   } 
   potential_energy { -9.265527155336446   } 
   potential_energyvar { 9.363547209354991   } 
   nonlocal_energy { 0.5111572160091218   } 
   nonlocal_energyvar { 5.644503671925121   } 
   autocorr_energy { } 
} 

block { 
   label vmc
   totweight 640000
   nautocorr 0
   total_energy { -5.314425023498297   } 
   total_energyvar { 0.4575767351610445   } 
   weight { 1   } 
   weightvar { 0   } 
   kinetic_energy { 3.439113420509996   } 
   kinetic_energyvar { 8.817009027964895   } 
   potential_energy { -9.264694260560031   } 
   potential_energyvar { 9.399524240058852   } 
   nonlocal_energy { 0.5111558165517383   } 
   nonlocal_energyvar { 5.502472035637734   } 
   autocorr_energy { } 
} 

block { 
   label vmc
   totweight 640000
   nautocorr 0
   total_energy { -5.314145025723429   } 
   total_energyvar { 0.4759208643081614   } 
   weight { 1   } 
   weightvar { 0   } 
   kinetic_energy { 3.433644292309155   } 
   kinetic_energyvar { 8.827337400415473   } 
   potential_energy { -9.2595034720669   } 
   potential_energyvar { 9.441517135188533   } 
   nonlocal_energy { 0.5117141540343175   } 
   nonlocal_energyvar { 5.586636198303205   } 
   autocorr_energy { } 
} 

block { 
   label vmc
   totweight 640000
   nautocorr 0
   total_energy { -5.312664778426412   } 
   total_energyvar { 0.4736516355957825   } 
   weight { 1   } 
   weightvar { 0   } 
   kinetic_energy { 3.440015203794092   } 
   kinetic_energyvar { 9.049047614706616   } 
   potential_energy { -9.261788656726576   } 
   potential_energyvar { 9.472090173672598   } 
   nonlocal_energy { 0.5091086745060722   } 
   nonlocal_energyvar { 5.742730433776335   } 
   autocorr_energy { } 
} 

block { 
   label vmc
   totweight 640000
   nautocorr 0
   total_energy { -5.314708464710425   } 
   total_energyvar { 0.4531949218673645   } 
   weight { 1   } 
   weightvar { 0   } 
   kinetic_energy { 3.435400050906057   } 
   kinetic_energyvar { 8.711008821604585   } 
   potential_energy { -9.267795887546804   } 
   potential_energyvar { 9.425600436535632   } 
   nonlocal_energy { 0.5176873719303232   } 
   nonlocal_energyvar { 5.48209892110409   } 
   autocorr_energy { } 
} 

block { 
   label vmc
   totweight 640000
   nautocorr 0
   total_energy { -5.313002841547084   } 
   total_energyvar { 0.4484532576091063   } 
   weight { 1   } 
   weightvar { 0   } 
   kinetic_energy { 3.425334125728173   } 
   kinetic_energyvar { 8.846308834400814   } 
   potential_energy { -9.257978589223223   } 
   potential_energyvar { 9.474705031154855   } 
   nonlocal_energy { 0.519641621947967   } 
   nonlocal_energyvar { 5.885748145922982   } 
   autocorr_energy { } 
} 

block { 
   label vmc
   totweight 640000
   nautocorr 0
   total_energy { -5.314186586917024   } 
   total_energyvar { 0.4582106107341097   } 
   weight { 1   } 
   weightvar { 0   } 
   kinetic_energy { 3.437248847474227   } 
   kinetic_energyvar { 8.93982998266752   } 
   potential_energy { -9.268059528639991   } 
   potential_energyvar { 9.440046255286006   } 
   nonlocal_energy { 0.516624094248741   } 
   nonlocal_energyvar { 5.801432441359972   } 
   autocorr_energy { } 
} 

block { 
   label vmc
   totweight 640000
   nautocorr 0
   total_energy { -5.315341871475389   } 
   total_energyvar { 0.4386184351223399   } 
   weight { 1   } 
   weightvar { 0   } 
   kinetic_energy { 3.426379535385778   } 
   kinetic_energyvar { 8.915390648784705   } 
   potential_energy { -9.263623216377894   } 
   potential_energyvar { 9.583890352557987   } 
   nonlocal_energy { 0.5219018095167289   } 
   nonlocal_energyvar { 5.965718375842767   } 
   autocorr_energy { } 
} 

block { 
   label vmc
   totweight 640000
   nautocorr 0
   total_energy { -5.313388882120186   } 
   total_energyvar { 0.4640424823482938   } 
   weight { 1   } 
   weightvar { 0   } 
   kinetic_energy { 3.442519979727751   } 
   kinetic_energyvar { 8.89425368536472   } 
   potential_energy { -9.267368433524828   } 
   potential_energyvar { 9.562887058780532   } 
   nonlocal_energy { 0.5114595716768909   } 
   nonlocal_energyvar { 5.656330662109748   } 
   autocorr_energy { } 
} 

block { 
   label vmc
   totweight 640000
   nautocorr 0
   total_energy { -5.313874946360905   } 
   total_energyvar { 0.4460747197408885   } 
   weight { 1   } 
   weightvar { 0   } 
   kinetic_energy { 3.431441375982692   } 
   kinetic_energyvar { 8.774523275584722   } 
   potential_energy { -9.257479448920087   } 
   potential_energyvar { 9.442246483801981   } 
   nonlocal_energy { 0.5121631265764894   } 
   nonlocal_energyvar { 5.686687296044331   } 
   autocorr_energy { } 
} 

block { 
   label vmc
   totweight 640000
   nautocorr 0
   total_energy { -5.315224928762095   } 
   total_energyvar { 0.4570203950342311   } 
   weight { 1   } 
   weightvar { 0   } 
   kinetic_energy { 3.435734338610524   } 
   kinetic_energyvar { 8.897772376751607   } 
   potential_energy { -9.265941376705301   } 
   potential_energyvar { 9.45859397019548   } 
   nonlocal_energy { 0.5149821093326796   } 
   nonlocal_energyvar { 5.785099558709771   } 
   autocorr_energy { } 
} 

block { 
   label vmc
   totweight 640000
   nautocorr 0
   total_energy { -5.314076684588678   } 
   total_energyvar { 0.470465639772744   } 
   weight { 1   } 
   weightvar { 0   } 
   kinetic_energy { 3.434034916848401   } 
   kinetic_energyvar { 8.887560616015513   } 
   potential_energy { -9.271816653742178   } 
   potential_energyvar { 9.620611047119311   } 
   nonlocal_energy { 0.523705052305099   } 
   nonlocal_energyvar { 5.754365480215845   } 
   autocorr_energy { } 
} 

block { 
   label vmc
   totweight 640000
   nautocorr 0
   total_energy { -5.316378011259816   } 
   total_energyvar { 0.4763143583250837   } 
   weight { 1   } 
   weightvar { 0   } 
   kinetic_energy { 3.430980065782071   } 
   kinetic_energyvar { 8.945412439554339   } 
   potential_energy { -9.261983048715079   } 
   potential_energyvar { 9.466968204987751   } 
   nonlocal_energy { 0.5146249716731914   } 
   nonlocal_energyvar { 5.792164285709637   } 
   autocorr_energy { } 
} 

block { 
   label vmc
   totweight 640000
   nautocorr 0
   total_energy { -5.315380997933916   } 
   total_energyvar { 0.4544002371234761   } 
   weight { 1   } 
   weightvar { 0   } 
   kinetic_energy { 3.428084189114755   } 
   kinetic_energyvar { 9.018530788200669   } 
   potential_energy { -9.255994002701545   } 
   potential_energyvar { 9.324969007636909   } 
   nonlocal_energy { 0.5125288156528748   } 
   nonlocal_energyvar { 5.82324367859826   } 
   autocorr_energy { } 
} 

block { 
   label vmc
   totweight 640000
   nautocorr 0
   total_energy { -5.314716038325423   } 
   total_energyvar { 0.4623791393625929   } 
   weight { 1   } 
   weightvar { 0   } 
   kinetic_energy { 3.435404699675681   } 
   kinetic_energyvar { 9.477928958740808   } 
   potential_energy { -9.262724469106489   } 
   potential_energyvar { 9.507754258912868   } 
   nonlocal_energy { 0.5126037311053827   } 
   nonlocal_energyvar { 6.347283637848478   } 
   autocorr_energy { } 
} 

block { 
   label vmc
   totweight 640000
   nautocorr 0
   total_energy { -5.314822781247662   } 
   total_energyvar { 0.4396463176707073   } 
   weight { 1   } 
   weightvar { 0   } 
   kinetic_energy { 3.42903456583384   } 
   kinetic_energyvar { 10.09010226769345   } 
   potential_energy { -9.264013461174516   } 
   potential_energyvar { 9.509831517251897   } 
   nonlocal_energy { 0.5201561140930144   } 
   nonlocal_energyvar { 6.997123350236677   } 
   autocorr_energy { } 
} 

block { 
   label vmc
   totweight 640000
   nautocorr 0
   total_energy { -5.314853320187613   } 
   total_energyvar { 0.4323686105041133   } 
   weight { 1   } 
   weightvar { 0   } 
   kinetic_energy { 3.438759504510878   } 
   kinetic_energyvar { 8.950372731915287   } 
   potential_energy { -9.266137004196642   } 
   potential_energyvar { 9.352657781718577   } 
   nonlocal_energy { 0.5125241794981522   } 
   nonlocal_energyvar { 5.77121048815975   } 
   autocorr_energy { } 
} 

block { 
   label vmc
   totweight 640000
   nautocorr 0
   total_energy { -5.313705582976334   } 
   total_energyvar { 0.4573714988379933   } 
   weight { 1   } 
   weightvar { 0   } 
   kinetic_energy { 3.439380072733532   } 
   kinetic_energyvar { 8.892164510999891   } 
   potential_energy { -9.265875711415109   } 
   potential_energyvar { 9.608139972321794   } 
   nonlocal_energy { 0.5127900557052427   } 
   nonlocal_energyvar { 5.752579798340675   } 
   autocorr_energy { } 
} 

block { 
   label vmc
   totweight 640000
   nautocorr 0
   total_energy { -5.31479220971308   } 
   total_energyvar { 0.4468421655870785   } 
   weight { 1   } 
   weightvar { 0   } 
   kinetic_energy { 3.432944221284273   } 
   kinetic_energyvar { 8.861669108076811   } 
   potential_energy { -9.263183334433736   } 
   potential_energyvar { 9.597260973102891   } 
   nonlocal_energy { 0.515446903436382   } 
   nonlocal_energyvar { 5.815592793456958   } 
   autocorr_energy { } 
} 

block { 
   label vmc
   totweight 640000
   nautocorr 0
   total_energy { -5.314181644460898   } 
   total_energyvar { 0.4695393238003334   } 
   weight { 1   } 
   weightvar { 0   } 
   kinetic_energy { 3.442151721424519   } 
   kinetic_energyvar { 8.96560603016222   } 
   potential_energy { -9.26553791662564   } 
   potential_energyvar { 9.518007102676734   } 
   nonlocal_energy { 0.509204550740223   } 
   nonlocal_energyvar { 5.560044173605876   } 
   autocorr_energy { } 
} 

block { 
   label vmc
   totweight 640000
   nautocorr 0
   total_energy { -5.316347218815184   } 
   total_energyvar { 0.4297317760502786   } 
   weight { 1   } 
   weightvar { 0   } 
   kinetic_energy { 3.441871654742824   } 
   kinetic_energyvar { 8.742916935242631   } 
   potential_energy { -9.272434372006217   } 
   potential_energyvar { 9.405537542450205   } 
   nonlocal_energy { 0.5142154984482078   } 
   nonlocal_energyvar { 5.529227740468055   } 
   autocorr_energy { } 
} 

block { 
   label vmc
   totweight 640000
   nautocorr 0
   total_energy { -5.314072816331271   } 
   total_energyvar { 0.4715684769195683   } 
   weight { 1   } 
   weightvar { 0   } 
   kinetic_energy { 3.425151111676264   } 
   kinetic_energyvar { 8.84185658767511   } 
   potential_energy { -9.254604996602303   } 
   potential_energyvar { 9.52206944152411   } 
   nonlocal_energy { 0.5153810685947696   } 
   nonlocal_energyvar { 5.651585506910368   } 
   autocorr_energy { } 
} 

block { 
   label vmc
   totweight 640000
   nautocorr 0
   total_energy { -5.314763488094983   } 
   total_energyvar { 0.4491707372044722   } 
   weight { 1   } 
   weightvar { 0   } 
   kinetic_energy { 3.428512354976437   } 
   kinetic_energyvar { 8.985498296540712   } 
   potential_energy { -9.253641803929945   } 
   potential_energyvar { 9.359673869022615   } 
   nonlocal_energy { 0.5103659608585261   } 
   nonlocal_energyvar { 5.720405289517643   } 
   autocorr_energy { } 
} 

block { 
   label vmc
   totweight 640000
   nautocorr 0
   total_energy { -5.315450185778049   } 
   total_energyvar { 0.4463023404676214   } 
   weight { 1   } 
   weightvar { 0   } 
   kinetic_energy { 3.429643625224758   } 
   kinetic_energyvar { 8.93685548054111   } 
   potential_energy { -9.258974009805268   } 
   potential_energyvar { 9.510920094713924   } 
   nonlocal_energy { 0.5138801988024617   } 
   nonlocal_energyvar { 5.908103903415633   } 
   autocorr_energy { } 
} 

block { 
   label vmc
   totweight 640000
   nautocorr 0
   total_energy { -5.315074117616753   } 
   total_energyvar { 0.4555779904433628   } 
   weight { 1   } 
   weightvar { 0   } 
   kinetic_energy { 3.43552267996234   } 
   kinetic_energyvar { 8.944986079208412   } 
   potential_energy { -9.262883089728973   } 
   potential_energyvar { 9.541521822003247   } 
   nonlocal_energy { 0.512286292149881   } 
   nonlocal_energyvar { 5.774799439118498   } 
   autocorr_energy { } 
} 

block { 
   label vmc
   totweight 640000
   nautocorr 0
   total_energy { -5.3135100268105   } 
   total_energyvar { 0.4526403553008862   } 
   weight { 1   } 
   weightvar { 0   } 
   kinetic_energy { 3.438994452554042   } 
   kinetic_energyvar { 9.208071877521311   } 
   potential_energy { -9.262815868037773   } 
   potential_energyvar { 9.633356397554323   } 
   nonlocal_energy { 0.5103113886732327   } 
   nonlocal_energyvar { 6.159197610078358   } 
   autocorr_energy { } 
} 

block { 
   label vmc
   totweight 640000
   nautocorr 0
   total_energy { -5.313845239065286   } 
   total_energyvar { 0.4716454742054452   } 
   weight { 1   } 
   weightvar { 0   } 
   kinetic_energy { 3.429775392189628   } 
   kinetic_energyvar { 8.795136246515019   } 
   potential_energy { -9.256984482051989   } 
   potential_energyvar { 9.496509435028315   } 
   nonlocal_energy { 0.5133638507970765   } 
   nonlocal_energyvar { 5.675127273340668   } 
   autocorr_energy { } 
} 

block { 
   label vmc
   totweight 640000
   nautocorr 0
   total_energy { -5.314400606950382   } 
   total_energyvar { 0.433129812085145   } 
   weight { 1   } 
   weightvar { 0   } 
   kinetic_energy { 3.433672185371563   } 
   kinetic_energyvar { 8.944147057002587   } 
   potential_energy { -9.2537322462469   } 
   potential_energyvar { 9.439863914500705   } 
   nonlocal_energy { 0.5056594539249548   } 
   nonlocal_energyvar { 5.843578475611248   } 
   autocorr_energy { } 
} 

block { 
   label vmc
   totweight 640000
   nautocorr 0
   total_energy { -5.314529866947944   } 
   total_energyvar { 0.4523264037634078   } 
   weight { 1   } 
   weightvar { 0   } 
   kinetic_energy { 3.431332214767274   } 
   kinetic_energyvar { 8.883242160771433   } 
   potential_energy { -9.264613014671516   } 
   potential_energyvar { 9.409413420251852   } 
   nonlocal_energy { 0.5187509329562974   } 
   nonlocal_energyvar { 5.716062732951729   } 
   autocorr_energy { } 
} 

