#-------------------------------------------------
#DMC run: timestep 0.02
#-------------------------------------------------


init { 
   label dmc
}
block { 
   label dmc
   totweight 272000
   nautocorr 0
   total_energy { -58.05575882230551   } 
   total_energyvar { 1.102588581029977   } 
   weight { 0.9852032908207882   } 
   weightvar { 0.09864347592740097   } 
   kinetic_energy { 26.42124308216592   } 
   kinetic_energyvar { 122.3883557436922   } 
   potential_energy { -92.83196894611396   } 
   potential_energyvar { 164.3615894084069   } 
   nonlocal_energy { 8.354967041642546   } 
   nonlocal_energyvar { 138.1465823566121   } 
   autocorr_energy { } 
} 

block { 
   label dmc
   totweight 272000
   nautocorr 0
   total_energy { -58.05242086828144   } 
   total_energyvar { 0.9917136310700698   } 
   weight { 0.9845817982684418   } 
   weightvar { 0.1013710863897975   } 
   kinetic_energy { 26.45846745009026   } 
   kinetic_energyvar { 120.3772996395261   } 
   potential_energy { -92.79965893641037   } 
   potential_energyvar { 163.1637896022276   } 
   nonlocal_energy { 8.288770618038656   } 
   nonlocal_energyvar { 136.2467366001083   } 
   autocorr_energy { } 
} 

block { 
   label dmc
   totweight 272000
   nautocorr 0
   total_energy { -58.05756524055891   } 
   total_energyvar { 1.01958871504803   } 
   weight { 0.991809182058812   } 
   weightvar { 0.1005311930322865   } 
   kinetic_energy { 26.56357503585275   } 
   kinetic_energyvar { 117.4991939963869   } 
   potential_energy { -92.84869301651236   } 
   potential_energyvar { 165.105146932061   } 
   nonlocal_energy { 8.227552740100693   } 
   nonlocal_energyvar { 133.6323111288009   } 
   autocorr_energy { } 
} 

block { 
   label dmc
   totweight 272000
   nautocorr 0
   total_energy { -58.04628562780176   } 
   total_energyvar { 0.9821472105095381   } 
   weight { 0.9937459352455249   } 
   weightvar { 0.09964042884862301   } 
   kinetic_energy { 26.3797531356731   } 
   kinetic_energyvar { 119.7496687449892   } 
   potential_energy { -92.65312410215854   } 
   potential_energyvar { 161.1863066677488   } 
   nonlocal_energy { 8.227085338683695   } 
   nonlocal_energyvar { 138.6898612433597   } 
   autocorr_energy { } 
} 

block { 
   label dmc
   totweight 272000
   nautocorr 0
   total_energy { -58.05555029491629   } 
   total_energyvar { 0.9296121463275995   } 
   weight { 0.993621402993684   } 
   weightvar { 0.09919545406997943   } 
   kinetic_energy { 26.4207108293405   } 
   kinetic_energyvar { 112.2866105110692   } 
   potential_energy { -92.76470443083821   } 
   potential_energyvar { 162.4789390158894   } 
   nonlocal_energy { 8.288443306581419   } 
   nonlocal_energyvar { 129.6808399521229   } 
   autocorr_energy { } 
} 

block { 
   label dmc
   totweight 272000
   nautocorr 0
   total_energy { -58.04626813380704   } 
   total_energyvar { 0.960649063958499   } 
   weight { 0.9934764337951248   } 
   weightvar { 0.101507227235206   } 
   kinetic_energy { 26.44557368221385   } 
   kinetic_energyvar { 113.8644595119218   } 
   potential_energy { -92.7735412712759   } 
   potential_energyvar { 166.1060646218102   } 
   nonlocal_energy { 8.281699455255024   } 
   nonlocal_energyvar { 132.4123460713699   } 
   autocorr_energy { } 
} 

block { 
   label dmc
   totweight 272000
   nautocorr 0
   total_energy { -58.05684999188504   } 
   total_energyvar { 0.9651931644825709   } 
   weight { 0.9955367765442446   } 
   weightvar { 0.1018002439805765   } 
   kinetic_energy { 26.38278781327476   } 
   kinetic_energyvar { 118.0628538956922   } 
   potential_energy { -92.72505728423094   } 
   potential_energyvar { 164.4849320661069   } 
   nonlocal_energy { 8.285419479071138   } 
   nonlocal_energyvar { 135.582817444213   } 
   autocorr_energy { } 
} 

block { 
   label dmc
   totweight 272000
   nautocorr 0
   total_energy { -58.05064225259906   } 
   total_energyvar { 0.9746065856461428   } 
   weight { 0.9974211034099413   } 
   weightvar { 0.09944734700914726   } 
   kinetic_energy { 26.42328658874875   } 
   kinetic_energyvar { 113.8439702489197   } 
   potential_energy { -92.78297588576459   } 
   potential_energyvar { 164.1021237366858   } 
   nonlocal_energy { 8.309047044416774   } 
   nonlocal_energyvar { 132.4931823418878   } 
   autocorr_energy { } 
} 

block { 
   label dmc
   totweight 272000
   nautocorr 0
   total_energy { -58.054648552316   } 
   total_energyvar { 1.266008646651244   } 
   weight { 0.9968908864685301   } 
   weightvar { 0.09995975461638462   } 
   kinetic_energy { 26.34579153948972   } 
   kinetic_energyvar { 150.5979285861773   } 
   potential_energy { -92.69590787874643   } 
   potential_energyvar { 162.5285506573582   } 
   nonlocal_energy { 8.295467786940698   } 
   nonlocal_energyvar { 178.3216267231613   } 
   autocorr_energy { } 
} 

block { 
   label dmc
   totweight 272000
   nautocorr 0
   total_energy { -58.05457882972574   } 
   total_energyvar { 1.067497653635201   } 
   weight { 0.9962502612099813   } 
   weightvar { 0.09858450369482241   } 
   kinetic_energy { 26.51539644210828   } 
   kinetic_energyvar { 112.5878195274503   } 
   potential_energy { -92.86133170559906   } 
   potential_energyvar { 162.9560722872811   } 
   nonlocal_energy { 8.29135643376504   } 
   nonlocal_energyvar { 129.9060230227531   } 
   autocorr_energy { } 
} 

block { 
   label dmc
   totweight 272000
   nautocorr 0
   total_energy { -58.05656439540677   } 
   total_energyvar { 1.000287569551347   } 
   weight { 0.9988126697220577   } 
   weightvar { 0.09874132802169033   } 
   kinetic_energy { 26.42839990049269   } 
   kinetic_energyvar { 116.0542186749336   } 
   potential_energy { -92.76547075954061   } 
   potential_energyvar { 162.7891040413924   } 
   nonlocal_energy { 8.280506463641133   } 
   nonlocal_energyvar { 136.2234493285858   } 
   autocorr_energy { } 
} 

block { 
   label dmc
   totweight 272000
   nautocorr 0
   total_energy { -58.05078274880825   } 
   total_energyvar { 0.939233762486765   } 
   weight { 0.9965848940143729   } 
   weightvar { 0.0986418387889707   } 
   kinetic_energy { 26.48681298103527   } 
   kinetic_energyvar { 116.1330542928724   } 
   potential_energy { -92.8095286498377   } 
   potential_energyvar { 164.3876126079504   } 
   nonlocal_energy { 8.271932919994184   } 
   nonlocal_energyvar { 132.7368190157478   } 
   autocorr_energy { } 
} 

block { 
   label dmc
   totweight 272000
   nautocorr 0
   total_energy { -58.0564272387643   } 
   total_energyvar { 1.108168557589124   } 
   weight { 0.9971562792516002   } 
   weightvar { 0.0997647320179248   } 
   kinetic_energy { 26.45158131816353   } 
   kinetic_energyvar { 121.1976745236135   } 
   potential_energy { -92.71546100951993   } 
   potential_energyvar { 160.6461093791622   } 
   nonlocal_energy { 8.207452452592095   } 
   nonlocal_energyvar { 142.975832437426   } 
   autocorr_energy { } 
} 

block { 
   label dmc
   totweight 272000
   nautocorr 0
   total_energy { -58.0530287175477   } 
   total_energyvar { 0.9948540988289096   } 
   weight { 0.9987005896111075   } 
   weightvar { 0.09849733672921734   } 
   kinetic_energy { 26.34086724464847   } 
   kinetic_energyvar { 129.181590072325   } 
   potential_energy { -92.63153540585954   } 
   potential_energyvar { 161.9581761461432   } 
   nonlocal_energy { 8.237639443663364   } 
   nonlocal_energyvar { 149.0744425746499   } 
   autocorr_energy { } 
} 

block { 
   label dmc
   totweight 272000
   nautocorr 0
   total_energy { -58.05305894667768   } 
   total_energyvar { 0.9769930219435992   } 
   weight { 0.9956551578350469   } 
   weightvar { 0.0987185483057319   } 
   kinetic_energy { 26.41971505797512   } 
   kinetic_energyvar { 111.1890297015141   } 
   potential_energy { -92.81196945068956   } 
   potential_energyvar { 163.8075567275973   } 
   nonlocal_energy { 8.339195446036777   } 
   nonlocal_energyvar { 131.8570084457164   } 
   autocorr_energy { } 
} 

block { 
   label dmc
   totweight 272000
   nautocorr 0
   total_energy { -58.05823325240199   } 
   total_energyvar { 0.9813878837671837   } 
   weight { 0.9974494949728314   } 
   weightvar { 0.09873506978938684   } 
   kinetic_energy { 26.42187165024602   } 
   kinetic_energyvar { 117.8740850300366   } 
   potential_energy { -92.86652667600444   } 
   potential_energyvar { 164.5468760732892   } 
   nonlocal_energy { 8.386421773356419   } 
   nonlocal_energyvar { 139.2778146507727   } 
   autocorr_energy { } 
} 

block { 
   label dmc
   totweight 272000
   nautocorr 0
   total_energy { -58.06142938893466   } 
   total_energyvar { 0.928329084114921   } 
   weight { 1.001710825245707   } 
   weightvar { 0.09719905157642095   } 
   kinetic_energy { 26.34755719802776   } 
   kinetic_energyvar { 115.0180324501583   } 
   potential_energy { -92.68451456058988   } 
   potential_energyvar { 163.0345473928701   } 
   nonlocal_energy { 8.275527973627446   } 
   nonlocal_energyvar { 134.2788232467787   } 
   autocorr_energy { } 
} 

block { 
   label dmc
   totweight 272000
   nautocorr 0
   total_energy { -58.04955663680854   } 
   total_energyvar { 0.9631072658289668   } 
   weight { 0.9998813932162386   } 
   weightvar { 0.0990659044128317   } 
   kinetic_energy { 26.3760198600028   } 
   kinetic_energyvar { 115.2392969367519   } 
   potential_energy { -92.78828398734218   } 
   potential_energyvar { 162.5767926148128   } 
   nonlocal_energy { 8.362707490530843   } 
   nonlocal_energyvar { 135.903026409077   } 
   autocorr_energy { } 
} 

block { 
   label dmc
   totweight 272000
   nautocorr 0
   total_energy { -58.04894094144088   } 
   total_energyvar { 1.008396957368404   } 
   weight { 0.9949893072061539   } 
   weightvar { 0.09930461227205867   } 
   kinetic_energy { 26.36538162057286   } 
   kinetic_energyvar { 115.2433900229491   } 
   potential_energy { -92.73773622758571   } 
   potential_energyvar { 162.8623630086349   } 
   nonlocal_energy { 8.323413665571984   } 
   nonlocal_energyvar { 134.8793485092419   } 
   autocorr_energy { } 
} 

block { 
   label dmc
   totweight 272000
   nautocorr 0
   total_energy { -58.05542813522324   } 
   total_energyvar { 0.9583764855965455   } 
   weight { 0.9954591184679438   } 
   weightvar { 0.09801647029597127   } 
   kinetic_energy { 26.40255418984743   } 
   kinetic_energyvar { 112.9696730263292   } 
   potential_energy { -92.75896270069468   } 
   potential_energyvar { 163.8918596365093   } 
   nonlocal_energy { 8.300980375624   } 
   nonlocal_energyvar { 131.7746175747219   } 
   autocorr_energy { } 
} 

block { 
   label dmc
   totweight 272000
   nautocorr 0
   total_energy { -58.05734679865405   } 
   total_energyvar { 1.107043944537509   } 
   weight { 0.9996198340860797   } 
   weightvar { 0.1013428485247708   } 
   kinetic_energy { 26.30643038621037   } 
   kinetic_energyvar { 114.8202499857132   } 
   potential_energy { -92.62257487468797   } 
   potential_energyvar { 161.3356175811077   } 
   nonlocal_energy { 8.258797689823563   } 
   nonlocal_energyvar { 133.6471005536036   } 
   autocorr_energy { } 
} 

block { 
   label dmc
   totweight 272000
   nautocorr 0
   total_energy { -58.05352411147862   } 
   total_energyvar { 0.9707667225216028   } 
   weight { 0.9973804110980876   } 
   weightvar { 0.09957475196229693   } 
   kinetic_energy { 26.43000256139521   } 
   kinetic_energyvar { 117.73156436463   } 
   potential_energy { -92.81570882092623   } 
   potential_energyvar { 164.1142559843975   } 
   nonlocal_energy { 8.332182148052416   } 
   nonlocal_energyvar { 136.4394940211121   } 
   autocorr_energy { } 
} 

block { 
   label dmc
   totweight 272000
   nautocorr 0
   total_energy { -58.05455762830646   } 
   total_energyvar { 0.9544993117960985   } 
   weight { 0.9983498526866715   } 
   weightvar { 0.101851148754901   } 
   kinetic_energy { 26.45467255588574   } 
   kinetic_energyvar { 114.4057495999233   } 
   potential_energy { -92.77458813228723   } 
   potential_energyvar { 163.6075945199973   } 
   nonlocal_energy { 8.265357948095017   } 
   nonlocal_energyvar { 131.6521946057083   } 
   autocorr_energy { } 
} 

block { 
   label dmc
   totweight 272000
   nautocorr 0
   total_energy { -58.04864162012149   } 
   total_energyvar { 0.9418934201780758   } 
   weight { 0.9957616054885169   } 
   weightvar { 0.1010865636239847   } 
   kinetic_energy { 26.3388454612688   } 
   kinetic_energyvar { 116.3766290777295   } 
   potential_energy { -92.74041823323645   } 
   potential_energyvar { 164.9171222631921   } 
   nonlocal_energy { 8.352931151846159   } 
   nonlocal_energyvar { 136.5841342367852   } 
   autocorr_energy { } 
} 

block { 
   label dmc
   totweight 272000
   nautocorr 0
   total_energy { -58.05069452099544   } 
   total_energyvar { 0.9652376176827602   } 
   weight { 0.9947204394070124   } 
   weightvar { 0.09959347113359263   } 
   kinetic_energy { 26.37180619528748   } 
   kinetic_energyvar { 117.5817401256908   } 
   potential_energy { -92.76046006538753   } 
   potential_energyvar { 163.1475457543911   } 
   nonlocal_energy { 8.337959349104619   } 
   nonlocal_energyvar { 138.5251741651456   } 
   autocorr_energy { } 
} 

block { 
   label dmc
   totweight 272000
   nautocorr 0
   total_energy { -58.05725767210829   } 
   total_energyvar { 0.9642680454448964   } 
   weight { 0.9965352106382626   } 
   weightvar { 0.10060441411601   } 
   kinetic_energy { 26.31404140039309   } 
   kinetic_energyvar { 113.6204207130121   } 
   potential_energy { -92.67948701383762   } 
   potential_energyvar { 162.0838638949099   } 
   nonlocal_energy { 8.308187941336241   } 
   nonlocal_energyvar { 131.4615150699038   } 
   autocorr_energy { } 
} 

block { 
   label dmc
   totweight 272000
   nautocorr 0
   total_energy { -58.04760840920435   } 
   total_energyvar { 0.9676687854225747   } 
   weight { 0.9948102564104661   } 
   weightvar { 0.09990567790273286   } 
   kinetic_energy { 26.32098772372715   } 
   kinetic_energyvar { 114.0796473671776   } 
   potential_energy { -92.64515569341719   } 
   potential_energyvar { 160.5313276557099   } 
   nonlocal_energy { 8.276559560485683   } 
   nonlocal_energyvar { 132.9954062027917   } 
   autocorr_energy { } 
} 

block { 
   label dmc
   totweight 272000
   nautocorr 0
   total_energy { -58.05275142280151   } 
   total_energyvar { 0.9578436933929879   } 
   weight { 0.9940189057373315   } 
   weightvar { 0.1001470471984103   } 
   kinetic_energy { 26.35282749113789   } 
   kinetic_energyvar { 114.1430685568351   } 
   potential_energy { -92.62410669061157   } 
   potential_energyvar { 162.9046428543807   } 
   nonlocal_energy { 8.218527776672163   } 
   nonlocal_energyvar { 132.1032961398868   } 
   autocorr_energy { } 
} 

block { 
   label dmc
   totweight 272000
   nautocorr 0
   total_energy { -58.04673673335445   } 
   total_energyvar { 0.9242056904704441   } 
   weight { 0.9942674020121844   } 
   weightvar { 0.09967598216546181   } 
   kinetic_energy { 26.42440801163975   } 
   kinetic_energyvar { 110.6782333253652   } 
   potential_energy { -92.73152648453642   } 
   potential_energyvar { 162.2477589341906   } 
   nonlocal_energy { 8.260381739542215   } 
   nonlocal_energyvar { 129.2535532979781   } 
   autocorr_energy { } 
} 

block { 
   label dmc
   totweight 272000
   nautocorr 0
   total_energy { -58.05299417116449   } 
   total_energyvar { 0.9812975593563351   } 
   weight { 0.9941135354411681   } 
   weightvar { 0.09942128621266488   } 
   kinetic_energy { 26.3828340935986   } 
   kinetic_energyvar { 121.0587421472281   } 
   potential_energy { -92.7744886318052   } 
   potential_energyvar { 165.9804209243266   } 
   nonlocal_energy { 8.338660367042117   } 
   nonlocal_energyvar { 141.0977224116155   } 
   autocorr_energy { } 
} 

block { 
   label dmc
   totweight 272000
   nautocorr 0
   total_energy { -58.05542788459429   } 
   total_energyvar { 0.9634088774455449   } 
   weight { 0.9960017359228223   } 
   weightvar { 0.09959117202165002   } 
   kinetic_energy { 26.37185098188034   } 
   kinetic_energyvar { 114.2496378240005   } 
   potential_energy { -92.67659409995653   } 
   potential_energyvar { 161.4559077489139   } 
   nonlocal_energy { 8.249315233481894   } 
   nonlocal_energyvar { 133.2643012512536   } 
   autocorr_energy { } 
} 

block { 
   label dmc
   totweight 272000
   nautocorr 0
   total_energy { -58.05777675892132   } 
   total_energyvar { 0.948492213071404   } 
   weight { 1.00002501310713   } 
   weightvar { 0.09820728568776182   } 
   kinetic_energy { 26.35501145187277   } 
   kinetic_energyvar { 114.3998539977279   } 
   potential_energy { -92.68837258188921   } 
   potential_energyvar { 164.2653977246937   } 
   nonlocal_energy { 8.275584371095116   } 
   nonlocal_energyvar { 134.134317275753   } 
   autocorr_energy { } 
} 

block { 
   label dmc
   totweight 272000
   nautocorr 0
   total_energy { -58.05198275326858   } 
   total_energyvar { 0.8939191385807135   } 
   weight { 0.9981894194790456   } 
   weightvar { 0.09696096548655553   } 
   kinetic_energy { 26.32558625748521   } 
   kinetic_energyvar { 114.7666290367835   } 
   potential_energy { -92.7317648098347   } 
   potential_energyvar { 164.1122214513707   } 
   nonlocal_energy { 8.354195799080905   } 
   nonlocal_energyvar { 135.5282004403584   } 
   autocorr_energy { } 
} 

block { 
   label dmc
   totweight 272000
   nautocorr 0
   total_energy { -58.04890432678484   } 
   total_energyvar { 0.9588791384239812   } 
   weight { 0.998340656599478   } 
   weightvar { 0.09790618913677374   } 
   kinetic_energy { 26.4644859981474   } 
   kinetic_energyvar { 116.6749656805621   } 
   potential_energy { -92.78163866191754   } 
   potential_energyvar { 164.7178166569338   } 
   nonlocal_energy { 8.268248336985311   } 
   nonlocal_energyvar { 136.1539672303385   } 
   autocorr_energy { } 
} 

block { 
   label dmc
   totweight 272000
   nautocorr 0
   total_energy { -58.05377107151864   } 
   total_energyvar { 0.9763586196045253   } 
   weight { 0.9949699567833886   } 
   weightvar { 0.09839069709071191   } 
   kinetic_energy { 26.45398720279131   } 
   kinetic_energyvar { 114.6683338298367   } 
   potential_energy { -92.88847341014784   } 
   potential_energyvar { 164.0963874665304   } 
   nonlocal_energy { 8.380715135837887   } 
   nonlocal_energyvar { 134.848217538634   } 
   autocorr_energy { } 
} 

block { 
   label dmc
   totweight 272000
   nautocorr 0
   total_energy { -58.05571010923639   } 
   total_energyvar { 0.978302648551562   } 
   weight { 0.9979819098319679   } 
   weightvar { 0.09968595269380376   } 
   kinetic_energy { 26.37634610085841   } 
   kinetic_energyvar { 123.248498396048   } 
   potential_energy { -92.63288252501337   } 
   potential_energyvar { 164.0615748353885   } 
   nonlocal_energy { 8.200826314918574   } 
   nonlocal_energyvar { 139.5522755010605   } 
   autocorr_energy { } 
} 

block { 
   label dmc
   totweight 272000
   nautocorr 0
   total_energy { -58.05367558173164   } 
   total_energyvar { 0.9926009267314839   } 
   weight { 0.996224656975122   } 
   weightvar { 0.09948447751173861   } 
   kinetic_energy { 26.34870883735968   } 
   kinetic_energyvar { 115.9535296321277   } 
   potential_energy { -92.68501724606331   } 
   potential_energyvar { 162.5980196035598   } 
   nonlocal_energy { 8.282632826971991   } 
   nonlocal_energyvar { 135.4831812830331   } 
   autocorr_energy { } 
} 

block { 
   label dmc
   totweight 272000
   nautocorr 0
   total_energy { -58.05314192440262   } 
   total_energyvar { 1.018119349961125   } 
   weight { 0.9965155333294521   } 
   weightvar { 0.09958092042445355   } 
   kinetic_energy { 26.39504237900836   } 
   kinetic_energyvar { 115.2907988291757   } 
   potential_energy { -92.66718660755122   } 
   potential_energyvar { 162.9839118745567   } 
   nonlocal_energy { 8.219002304140238   } 
   nonlocal_energyvar { 132.5326145473968   } 
   autocorr_energy { } 
} 

block { 
   label dmc
   totweight 272000
   nautocorr 0
   total_energy { -58.05667633801522   } 
   total_energyvar { 1.067171711818446   } 
   weight { 0.9992856275385595   } 
   weightvar { 0.09969499904437318   } 
   kinetic_energy { 26.39718632378031   } 
   kinetic_energyvar { 112.7318572121801   } 
   potential_energy { -92.77244922720043   } 
   potential_energyvar { 162.6432695217991   } 
   nonlocal_energy { 8.318586565404921   } 
   nonlocal_energyvar { 135.0245508583746   } 
   autocorr_energy { } 
} 

block { 
   label dmc
   totweight 272000
   nautocorr 0
   total_energy { -58.05792570232268   } 
   total_energyvar { 0.9929016577052607   } 
   weight { 0.9994451272266768   } 
   weightvar { 0.09933965120167876   } 
   kinetic_energy { 26.31860115229032   } 
   kinetic_energyvar { 123.5871738359599   } 
   potential_energy { -92.71962839910503   } 
   potential_energyvar { 163.4528575699314   } 
   nonlocal_energy { 8.343101544492038   } 
   nonlocal_energyvar { 142.2333173093622   } 
   autocorr_energy { } 
} 

