#-------------------------------------------------
#DMC run: timestep 0.02
#-------------------------------------------------


init { 
   label dmc
}
block { 
   label dmc
   totweight 320000
   nautocorr 0
   total_energy { -1.934085750622724   } 
   total_energyvar { 0.01354346061927636   } 
   weight { 1.00036439807976   } 
   weightvar { 0.001459158071287492   } 
   kinetic_energy { 0.6795407169382749   } 
   kinetic_energyvar { 0.4987496506809544   } 
   potential_energy { -2.9580665443953   } 
   potential_energyvar { 0.6384481403783795   } 
   nonlocal_energy { 0.3444400768343001   } 
   nonlocal_energyvar { 1.018834051496205   } 
   autocorr_energy { } 
} 

block { 
   label dmc
   totweight 320000
   nautocorr 0
   total_energy { -1.935009940717956   } 
   total_energyvar { 0.01129444656942136   } 
   weight { 1.000926976788503   } 
   weightvar { 0.006413530570353876   } 
   kinetic_energy { 0.6828048711729706   } 
   kinetic_energyvar { 0.4451702486369908   } 
   potential_energy { -2.952329080136296   } 
   potential_energyvar { 0.6332701048722349   } 
   nonlocal_energy { 0.3345142682453699   } 
   nonlocal_energyvar { 0.9205035144176023   } 
   autocorr_energy { } 
} 

block { 
   label dmc
   totweight 320000
   nautocorr 0
   total_energy { -1.934958037419819   } 
   total_energyvar { 0.01135799900412948   } 
   weight { 1.000636694785991   } 
   weightvar { 0.01255692479241111   } 
   kinetic_energy { 0.6872070710164067   } 
   kinetic_energyvar { 0.4402070517965591   } 
   potential_energy { -2.949200398087112   } 
   potential_energyvar { 0.6277755174928981   } 
   nonlocal_energy { 0.3270352896508856   } 
   nonlocal_energyvar { 0.8790254769541711   } 
   autocorr_energy { } 
} 

block { 
   label dmc
   totweight 320000
   nautocorr 0
   total_energy { -1.935100855930152   } 
   total_energyvar { 0.0118773968014394   } 
   weight { 1.000223217150358   } 
   weightvar { 0.01910222144409346   } 
   kinetic_energy { 0.6840477174545451   } 
   kinetic_energyvar { 0.4638333358076205   } 
   potential_energy { -2.958151769570107   } 
   potential_energyvar { 0.6408022780682039   } 
   nonlocal_energy { 0.3390031961854094   } 
   nonlocal_energyvar { 0.9698408199015404   } 
   autocorr_energy { } 
} 

block { 
   label dmc
   totweight 320000
   nautocorr 0
   total_energy { -1.934020277585928   } 
   total_energyvar { 0.01146127145870901   } 
   weight { 0.9996200973964297   } 
   weightvar { 0.0261342555143188   } 
   kinetic_energy { 0.6874364279747408   } 
   kinetic_energyvar { 0.4474491656304703   } 
   potential_energy { -2.962125483607279   } 
   potential_energyvar { 0.6368818884278085   } 
   nonlocal_energy { 0.3406687780466105   } 
   nonlocal_energyvar { 0.935381816781471   } 
   autocorr_energy { } 
} 

block { 
   label dmc
   totweight 320000
   nautocorr 0
   total_energy { -1.934886286238696   } 
   total_energyvar { 0.01160791048835197   } 
   weight { 0.9995942185207211   } 
   weightvar { 0.03277703289903444   } 
   kinetic_energy { 0.6859236373649904   } 
   kinetic_energyvar { 0.4412154810356506   } 
   potential_energy { -2.956950858064888   } 
   potential_energyvar { 0.6393184701140147   } 
   nonlocal_energy { 0.3361409344612013   } 
   nonlocal_energyvar { 0.9408228811912358   } 
   autocorr_energy { } 
} 

block { 
   label dmc
   totweight 320000
   nautocorr 0
   total_energy { -1.935851755442317   } 
   total_energyvar { 0.01217106759036035   } 
   weight { 1.000165142855562   } 
   weightvar { 0.03939568046415642   } 
   kinetic_energy { 0.6775287394307881   } 
   kinetic_energyvar { 0.4308278791564801   } 
   potential_energy { -2.955370790166393   } 
   potential_energyvar { 0.6297420440096833   } 
   nonlocal_energy { 0.3419902952932878   } 
   nonlocal_energyvar { 0.9126467220897889   } 
   autocorr_energy { } 
} 

block { 
   label dmc
   totweight 320000
   nautocorr 0
   total_energy { -1.935114751124031   } 
   total_energyvar { 0.01203335203592726   } 
   weight { 1.000384022490592   } 
   weightvar { 0.04548440025424028   } 
   kinetic_energy { 0.686022074172047   } 
   kinetic_energyvar { 0.444998196588859   } 
   potential_energy { -2.964771201598002   } 
   potential_energyvar { 0.6357663532502809   } 
   nonlocal_energy { 0.3436343763019238   } 
   nonlocal_energyvar { 0.9634545460658352   } 
   autocorr_energy { } 
} 

block { 
   label dmc
   totweight 320000
   nautocorr 0
   total_energy { -1.935407439329147   } 
   total_energyvar { 0.01181179573548574   } 
   weight { 1.00002181824607   } 
   weightvar { 0.05065076610949681   } 
   kinetic_energy { 0.695487895820684   } 
   kinetic_energyvar { 0.4465243018076688   } 
   potential_energy { -2.974873709218592   } 
   potential_energyvar { 0.6420565849259159   } 
   nonlocal_energy { 0.3439783740687612   } 
   nonlocal_energyvar { 0.9624481518550215   } 
   autocorr_energy { } 
} 

block { 
   label dmc
   totweight 320000
   nautocorr 0
   total_energy { -1.936937677215916   } 
   total_energyvar { 0.01272750001550671   } 
   weight { 1.000799957479853   } 
   weightvar { 0.05626588563274981   } 
   kinetic_energy { 0.6886678176937003   } 
   kinetic_energyvar { 0.4477803271390195   } 
   potential_energy { -2.968272242097563   } 
   potential_energyvar { 0.6275965360987854   } 
   nonlocal_energy { 0.3426667471879465   } 
   nonlocal_energyvar { 0.9320484489094585   } 
   autocorr_energy { } 
} 

block { 
   label dmc
   totweight 320000
   nautocorr 0
   total_energy { -1.937110436327032   } 
   total_energyvar { 0.01187435496122058   } 
   weight { 1.001304041997506   } 
   weightvar { 0.06021628528369716   } 
   kinetic_energy { 0.6893773099998571   } 
   kinetic_energyvar { 0.4504981085719723   } 
   potential_energy { -2.979783542715739   } 
   potential_energyvar { 0.6355182946933233   } 
   nonlocal_energy { 0.3532957963888495   } 
   nonlocal_energyvar { 0.9400397548109716   } 
   autocorr_energy { } 
} 

block { 
   label dmc
   totweight 320000
   nautocorr 0
   total_energy { -1.935850544558138   } 
   total_energyvar { 0.01238125810853274   } 
   weight { 1.000948382543208   } 
   weightvar { 0.06377057330864355   } 
   kinetic_energy { 0.6972592162215572   } 
   kinetic_energyvar { 0.4636628951936606   } 
   potential_energy { -2.985123185978149   } 
   potential_energyvar { 0.6470666964639324   } 
   nonlocal_energy { 0.352013425198453   } 
   nonlocal_energyvar { 0.9985814520669255   } 
   autocorr_energy { } 
} 

block { 
   label dmc
   totweight 320000
   nautocorr 0
   total_energy { -1.935561451329236   } 
   total_energyvar { 0.01266296016543489   } 
   weight { 1.000101080120846   } 
   weightvar { 0.0681627411714496   } 
   kinetic_energy { 0.6935576209208587   } 
   kinetic_energyvar { 0.4741058329297303   } 
   potential_energy { -2.985612040104408   } 
   potential_energyvar { 0.6335899881180023   } 
   nonlocal_energy { 0.356492967854313   } 
   nonlocal_energyvar { 0.9853089014354722   } 
   autocorr_energy { } 
} 

block { 
   label dmc
   totweight 320000
   nautocorr 0
   total_energy { -1.935139523244805   } 
   total_energyvar { 0.01161466385731069   } 
   weight { 0.9996459407843228   } 
   weightvar { 0.07177548224308183   } 
   kinetic_energy { 0.6945027287569921   } 
   kinetic_energyvar { 0.4281908319597676   } 
   potential_energy { -2.967562531973931   } 
   potential_energyvar { 0.6245730649347827   } 
   nonlocal_energy { 0.3379202799721344   } 
   nonlocal_energyvar { 0.8737228881564365   } 
   autocorr_energy { } 
} 

block { 
   label dmc
   totweight 320000
   nautocorr 0
   total_energy { -1.936574825089945   } 
   total_energyvar { 0.01157421075774012   } 
   weight { 1.000113914468238   } 
   weightvar { 0.07435793785827083   } 
   kinetic_energy { 0.680958078852084   } 
   kinetic_energyvar { 0.4398463725310172   } 
   potential_energy { -2.955505828399696   } 
   potential_energyvar { 0.6287426915420475   } 
   nonlocal_energy { 0.3379729244576661   } 
   nonlocal_energyvar { 0.9148052271857103   } 
   autocorr_energy { } 
} 

block { 
   label dmc
   totweight 320000
   nautocorr 0
   total_energy { -1.936272416413434   } 
   total_energyvar { 0.01129347472069142   } 
   weight { 1.000463865835348   } 
   weightvar { 0.07745650456353448   } 
   kinetic_energy { 0.6889811251340441   } 
   kinetic_energyvar { 0.4209305090596105   } 
   potential_energy { -2.960037819583696   } 
   potential_energyvar { 0.6259839805987877   } 
   nonlocal_energy { 0.3347842780362185   } 
   nonlocal_energyvar { 0.8668104150991186   } 
   autocorr_energy { } 
} 

block { 
   label dmc
   totweight 320000
   nautocorr 0
   total_energy { -1.937462937386921   } 
   total_energyvar { 0.01196344140013261   } 
   weight { 1.000731308844152   } 
   weightvar { 0.08029961276978015   } 
   kinetic_energy { 0.6769483811518943   } 
   kinetic_energyvar { 0.4793809496974034   } 
   potential_energy { -2.9649019115469   } 
   potential_energyvar { 0.6387985657867699   } 
   nonlocal_energy { 0.3504905930080847   } 
   nonlocal_energyvar { 0.9833888658497786   } 
   autocorr_energy { } 
} 

block { 
   label dmc
   totweight 320000
   nautocorr 0
   total_energy { -1.93757329555303   } 
   total_energyvar { 0.01065639851136968   } 
   weight { 1.001268562877531   } 
   weightvar { 0.08134370362172127   } 
   kinetic_energy { 0.6832392485282175   } 
   kinetic_energyvar { 0.4069894552592357   } 
   potential_energy { -2.941168477148148   } 
   potential_energyvar { 0.6096277999003323   } 
   nonlocal_energy { 0.3203559330669002   } 
   nonlocal_energyvar { 0.7961146053275533   } 
   autocorr_energy { } 
} 

block { 
   label dmc
   totweight 320000
   nautocorr 0
   total_energy { -1.936715307985978   } 
   total_energyvar { 0.0124063589850687   } 
   weight { 1.000940759038759   } 
   weightvar { 0.08305494867965901   } 
   kinetic_energy { 0.6691000413979726   } 
   kinetic_energyvar { 0.4517072851160133   } 
   potential_energy { -2.947297605860694   } 
   potential_energyvar { 0.6422195539225122   } 
   nonlocal_energy { 0.3414822564767432   } 
   nonlocal_energyvar { 0.9527534309222723   } 
   autocorr_energy { } 
} 

block { 
   label dmc
   totweight 320000
   nautocorr 0
   total_energy { -1.93728528723393   } 
   total_energyvar { 0.01056077390684385   } 
   weight { 1.001070767980166   } 
   weightvar { 0.08439310884329942   } 
   kinetic_energy { 0.6892425258886128   } 
   kinetic_energyvar { 0.3984880807898255   } 
   potential_energy { -2.943851865334259   } 
   potential_energyvar { 0.6033262606090641   } 
   nonlocal_energy { 0.3173240522117158   } 
   nonlocal_energyvar { 0.7815847197006762   } 
   autocorr_energy { } 
} 

block { 
   label dmc
   totweight 320000
   nautocorr 0
   total_energy { -1.935710783687617   } 
   total_energyvar { 0.01094508525025395   } 
   weight { 1.000395374670709   } 
   weightvar { 0.08440374557942265   } 
   kinetic_energy { 0.6854771594527593   } 
   kinetic_energyvar { 0.426205511662791   } 
   potential_energy { -2.956899173601784   } 
   potential_energyvar { 0.6305615220278327   } 
   nonlocal_energy { 0.3357112304614078   } 
   nonlocal_energyvar { 0.8867485374496096   } 
   autocorr_energy { } 
} 

block { 
   label dmc
   totweight 320000
   nautocorr 0
   total_energy { -1.934792136824272   } 
   total_energyvar { 0.01158073502540846   } 
   weight { 0.9992786588514231   } 
   weightvar { 0.08514649979082645   } 
   kinetic_energy { 0.6870229246501365   } 
   kinetic_energyvar { 0.4228640688878308   } 
   potential_energy { -2.953483260474348   } 
   potential_energyvar { 0.609242791815106   } 
   nonlocal_energy { 0.3316681989999388   } 
   nonlocal_energyvar { 0.8719156078708813   } 
   autocorr_energy { } 
} 

block { 
   label dmc
   totweight 320000
   nautocorr 0
   total_energy { -1.935518718728168   } 
   total_energyvar { 0.01128277866026739   } 
   weight { 0.9988671686102536   } 
   weightvar { 0.0859214027234434   } 
   kinetic_energy { 0.6970037427190748   } 
   kinetic_energyvar { 0.4173092932962723   } 
   potential_energy { -2.967232921230065   } 
   potential_energyvar { 0.617959832615286   } 
   nonlocal_energy { 0.3347104597828215   } 
   nonlocal_energyvar { 0.8439207027729088   } 
   autocorr_energy { } 
} 

block { 
   label dmc
   totweight 320000
   nautocorr 0
   total_energy { -1.935960747597165   } 
   total_energyvar { 0.01223250538141096   } 
   weight { 0.9993790332613643   } 
   weightvar { 0.08640207851566128   } 
   kinetic_energy { 0.6938926872817477   } 
   kinetic_energyvar { 0.470962436180717   } 
   potential_energy { -2.987863455025844   } 
   potential_energyvar { 0.6433851949563305   } 
   nonlocal_energy { 0.3580100201469312   } 
   nonlocal_energyvar { 0.9882994310140834   } 
   autocorr_energy { } 
} 

block { 
   label dmc
   totweight 320000
   nautocorr 0
   total_energy { -1.934563411639329   } 
   total_energyvar { 0.01149517106166265   } 
   weight { 0.9991528773962715   } 
   weightvar { 0.0865162457326224   } 
   kinetic_energy { 0.6985203961880683   } 
   kinetic_energyvar { 0.4454022955098399   } 
   potential_energy { -2.969386666383274   } 
   potential_energyvar { 0.6189158617395485   } 
   nonlocal_energy { 0.3363028585558765   } 
   nonlocal_energyvar { 0.9126834125674156   } 
   autocorr_energy { } 
} 

block { 
   label dmc
   totweight 320000
   nautocorr 0
   total_energy { -1.934749223775568   } 
   total_energyvar { 0.0114985521989821   } 
   weight { 0.9986413820799774   } 
   weightvar { 0.08644939686630393   } 
   kinetic_energy { 0.6944355289688469   } 
   kinetic_energyvar { 0.4754350513388447   } 
   potential_energy { -2.968961329168614   } 
   potential_energyvar { 0.6583026366900331   } 
   nonlocal_energy { 0.3397765764241997   } 
   nonlocal_energyvar { 1.011390414037314   } 
   autocorr_energy { } 
} 

block { 
   label dmc
   totweight 320000
   nautocorr 0
   total_energy { -1.936697310378809   } 
   total_energyvar { 0.01182751633004919   } 
   weight { 0.9990975799242792   } 
   weightvar { 0.08769648427937426   } 
   kinetic_energy { 0.6925536717455493   } 
   kinetic_energyvar { 0.4365711926023165   } 
   potential_energy { -2.9692512745016   } 
   potential_energyvar { 0.6340556130235928   } 
   nonlocal_energy { 0.3400002923772427   } 
   nonlocal_energyvar { 0.884278725217854   } 
   autocorr_energy { } 
} 

block { 
   label dmc
   totweight 320000
   nautocorr 0
   total_energy { -1.936544135761039   } 
   total_energyvar { 0.0116641366114516   } 
   weight { 1.000039001143059   } 
   weightvar { 0.08845501225698915   } 
   kinetic_energy { 0.6931100180566127   } 
   kinetic_energyvar { 0.4509936047232389   } 
   potential_energy { -2.968199070135648   } 
   potential_energyvar { 0.6446439696051804   } 
   nonlocal_energy { 0.3385449163179959   } 
   nonlocal_energyvar { 0.9090390555450444   } 
   autocorr_energy { } 
} 

block { 
   label dmc
   totweight 320000
   nautocorr 0
   total_energy { -1.936409420224177   } 
   total_energyvar { 0.01150334540068876   } 
   weight { 1.000145548252473   } 
   weightvar { 0.08879602493047156   } 
   kinetic_energy { 0.6879492128225844   } 
   kinetic_energyvar { 0.4729763858708915   } 
   potential_energy { -2.958837052423513   } 
   potential_energyvar { 0.6367946191372305   } 
   nonlocal_energy { 0.3344784193767517   } 
   nonlocal_energyvar { 0.9775832016606882   } 
   autocorr_energy { } 
} 

block { 
   label dmc
   totweight 320000
   nautocorr 0
   total_energy { -1.935485377549407   } 
   total_energyvar { 0.01093708234447188   } 
   weight { 0.9997838833427595   } 
   weightvar { 0.08845867381109496   } 
   kinetic_energy { 0.6916789815843445   } 
   kinetic_energyvar { 0.4126715730051601   } 
   potential_energy { -2.96083605747655   } 
   potential_energyvar { 0.6125749383995984   } 
   nonlocal_energy { 0.3336716983427989   } 
   nonlocal_energyvar { 0.8271404119918302   } 
   autocorr_energy { } 
} 

block { 
   label dmc
   totweight 320000
   nautocorr 0
   total_energy { -1.934847654566921   } 
   total_energyvar { 0.01119084494123124   } 
   weight { 0.9991094612137263   } 
   weightvar { 0.08922876835651972   } 
   kinetic_energy { 0.6930781948286112   } 
   kinetic_energyvar { 0.4525073025904893   } 
   potential_energy { -2.958428136674746   } 
   potential_energyvar { 0.6246582554989644   } 
   nonlocal_energy { 0.3305022872792134   } 
   nonlocal_energyvar { 0.8925446209789697   } 
   autocorr_energy { } 
} 

block { 
   label dmc
   totweight 320000
   nautocorr 0
   total_energy { -1.936208531317573   } 
   total_energyvar { 0.01076927014429829   } 
   weight { 0.999172915042862   } 
   weightvar { 0.09062458222204084   } 
   kinetic_energy { 0.6861581396375119   } 
   kinetic_energyvar { 0.4449257009304929   } 
   potential_energy { -2.96009739677754   } 
   potential_energyvar { 0.6289225225168575   } 
   nonlocal_energy { 0.3377307258224547   } 
   nonlocal_energyvar { 0.9208477266978736   } 
   autocorr_energy { } 
} 

block { 
   label dmc
   totweight 320000
   nautocorr 0
   total_energy { -1.935636513444541   } 
   total_energyvar { 0.012271287459928   } 
   weight { 0.9995690073707849   } 
   weightvar { 0.09175376860557216   } 
   kinetic_energy { 0.6788359073585024   } 
   kinetic_energyvar { 0.4551986164607527   } 
   potential_energy { -2.963530150903402   } 
   potential_energyvar { 0.6491457399824689   } 
   nonlocal_energy { 0.3490577301003582   } 
   nonlocal_energyvar { 0.9586046174780705   } 
   autocorr_energy { } 
} 

block { 
   label dmc
   totweight 320000
   nautocorr 0
   total_energy { -1.936263574501652   } 
   total_energyvar { 0.01164852006339823   } 
   weight { 0.9995299350669519   } 
   weightvar { 0.09253611143442764   } 
   kinetic_energy { 0.6826653536127527   } 
   kinetic_energyvar { 0.4412081224075334   } 
   potential_energy { -2.965182612853002   } 
   potential_energyvar { 0.6348549881615693   } 
   nonlocal_energy { 0.3462536847385972   } 
   nonlocal_energyvar { 0.9031821489014833   } 
   autocorr_energy { } 
} 

block { 
   label dmc
   totweight 320000
   nautocorr 0
   total_energy { -1.936058574003857   } 
   total_energyvar { 0.01121440370104843   } 
   weight { 0.9997146698172182   } 
   weightvar { 0.09272721734641642   } 
   kinetic_energy { 0.6843759948111012   } 
   kinetic_energyvar { 0.4275972110818559   } 
   potential_energy { -2.953000613274864   } 
   potential_energyvar { 0.6443669874683717   } 
   nonlocal_energy { 0.3325660444599052   } 
   nonlocal_energyvar { 0.9032622331951647   } 
   autocorr_energy { } 
} 

block { 
   label dmc
   totweight 320000
   nautocorr 0
   total_energy { -1.933811173267868   } 
   total_energyvar { 0.01171853749046914   } 
   weight { 0.9990184525556628   } 
   weightvar { 0.0919881780650178   } 
   kinetic_energy { 0.6877741968473531   } 
   kinetic_energyvar { 0.4562037547385462   } 
   potential_energy { -2.960855062972915   } 
   potential_energyvar { 0.6333612141500762   } 
   nonlocal_energy { 0.3392696928576938   } 
   nonlocal_energyvar { 0.9070800928156386   } 
   autocorr_energy { } 
} 

block { 
   label dmc
   totweight 320000
   nautocorr 0
   total_energy { -1.934454222486799   } 
   total_energyvar { 0.01179433439296007   } 
   weight { 0.998083948621809   } 
   weightvar { 0.09205558032954619   } 
   kinetic_energy { 0.6789390003692566   } 
   kinetic_energyvar { 0.433373767730006   } 
   potential_energy { -2.940235464483044   } 
   potential_energyvar { 0.6206132445405164   } 
   nonlocal_energy { 0.3268422416269895   } 
   nonlocal_energyvar { 0.881762497835515   } 
   autocorr_energy { } 
} 

block { 
   label dmc
   totweight 320000
   nautocorr 0
   total_energy { -1.934143022256776   } 
   total_energyvar { 0.01099058655419372   } 
   weight { 0.998248445209867   } 
   weightvar { 0.09144865487995613   } 
   kinetic_energy { 0.6831089472688006   } 
   kinetic_energyvar { 0.4409077235648269   } 
   potential_energy { -2.947687590295346   } 
   potential_energyvar { 0.6201724779220275   } 
   nonlocal_energy { 0.3304356207697698   } 
   nonlocal_energyvar { 0.9014960075695237   } 
   autocorr_energy { } 
} 

block { 
   label dmc
   totweight 320000
   nautocorr 0
   total_energy { -1.936140389558581   } 
   total_energyvar { 0.01150162803192556   } 
   weight { 0.9989344559267876   } 
   weightvar { 0.09229829733072969   } 
   kinetic_energy { 0.6804384124217249   } 
   kinetic_energyvar { 0.4430476162249526   } 
   potential_energy { -2.949222496247529   } 
   potential_energyvar { 0.6108735614160921   } 
   nonlocal_energy { 0.3326436942672226   } 
   nonlocal_energyvar { 0.8856631745960128   } 
   autocorr_energy { } 
} 

block { 
   label dmc
   totweight 320000
   nautocorr 0
   total_energy { -1.933487466405439   } 
   total_energyvar { 0.01143791875883071   } 
   weight { 0.9988819436599231   } 
   weightvar { 0.0938289785356704   } 
   kinetic_energy { 0.688590843158751   } 
   kinetic_energyvar { 0.4484070334562582   } 
   potential_energy { -2.964266230905829   } 
   potential_energyvar { 0.6209994575877218   } 
   nonlocal_energy { 0.3421879213416392   } 
   nonlocal_energyvar { 0.9457481349746187   } 
   autocorr_energy { } 
} 

block { 
   label dmc
   totweight 320000
   nautocorr 0
   total_energy { -1.933626516131476   } 
   total_energyvar { 0.01162367891223015   } 
   weight { 0.9979196941612443   } 
   weightvar { 0.09421841715047818   } 
   kinetic_energy { 0.6929203456962834   } 
   kinetic_energyvar { 0.4949596665944921   } 
   potential_energy { -2.967809231742499   } 
   potential_energyvar { 0.6328880763634466   } 
   nonlocal_energy { 0.3412623699147399   } 
   nonlocal_energyvar { 0.9552042271589906   } 
   autocorr_energy { } 
} 

block { 
   label dmc
   totweight 320000
   nautocorr 0
   total_energy { -1.935041051141617   } 
   total_energyvar { 0.01189078446538705   } 
   weight { 0.9983144063237008   } 
   weightvar { 0.09384782807542025   } 
   kinetic_energy { 0.6887660362978886   } 
   kinetic_energyvar { 0.4414687135234287   } 
   potential_energy { -2.966421572297127   } 
   potential_energyvar { 0.6330858897193306   } 
   nonlocal_energy { 0.3426144848576216   } 
   nonlocal_energyvar { 0.9305626428353103   } 
   autocorr_energy { } 
} 

block { 
   label dmc
   totweight 320000
   nautocorr 0
   total_energy { -1.936041156171308   } 
   total_energyvar { 0.01155295772692266   } 
   weight { 0.9991716791969555   } 
   weightvar { 0.09309702053720104   } 
   kinetic_energy { 0.6838771348763939   } 
   kinetic_energyvar { 0.4402446510565186   } 
   potential_energy { -2.960962660857937   } 
   potential_energyvar { 0.6245041151188939   } 
   nonlocal_energy { 0.3410443698102341   } 
   nonlocal_energyvar { 0.8991517013142372   } 
   autocorr_energy { } 
} 

block { 
   label dmc
   totweight 320000
   nautocorr 0
   total_energy { -1.936029079939648   } 
   total_energyvar { 0.01119892366376618   } 
   weight { 1.000014257641852   } 
   weightvar { 0.09289670924118831   } 
   kinetic_energy { 0.6929494538053043   } 
   kinetic_energyvar { 0.4386706925482093   } 
   potential_energy { -2.968029820285402   } 
   potential_energyvar { 0.6227586865019479   } 
   nonlocal_energy { 0.3390512865404508   } 
   nonlocal_energyvar { 0.8838393629528272   } 
   autocorr_energy { } 
} 

block { 
   label dmc
   totweight 320000
   nautocorr 0
   total_energy { -1.935489012553079   } 
   total_energyvar { 0.01118208484547845   } 
   weight { 0.9998005139531743   } 
   weightvar { 0.09246893997880345   } 
   kinetic_energy { 0.6964172059178108   } 
   kinetic_energyvar { 0.4588949107875613   } 
   potential_energy { -2.968583212293674   } 
   potential_energyvar { 0.626767753344085   } 
   nonlocal_energy { 0.3366769938227829   } 
   nonlocal_energyvar { 0.9236420184937796   } 
   autocorr_energy { } 
} 

block { 
   label dmc
   totweight 320000
   nautocorr 0
   total_energy { -1.936268944871173   } 
   total_energyvar { 0.01163965014714075   } 
   weight { 0.9999130176941522   } 
   weightvar { 0.09160641838247996   } 
   kinetic_energy { 0.6960125035219097   } 
   kinetic_energyvar { 0.435313254980942   } 
   potential_energy { -2.974594687735892   } 
   potential_energyvar { 0.6248355496119942   } 
   nonlocal_energy { 0.3423132393428084   } 
   nonlocal_energyvar { 0.8895436455514142   } 
   autocorr_energy { } 
} 

block { 
   label dmc
   totweight 320000
   nautocorr 0
   total_energy { -1.936018683175924   } 
   total_energyvar { 0.01142904375634002   } 
   weight { 1.000054063852542   } 
   weightvar { 0.09230374180118472   } 
   kinetic_energy { 0.7002694392258808   } 
   kinetic_energyvar { 0.4594166816338453   } 
   potential_energy { -2.969333223499942   } 
   potential_energyvar { 0.6415159745744141   } 
   nonlocal_energy { 0.3330451010981374   } 
   nonlocal_energyvar { 0.9414899549975582   } 
   autocorr_energy { } 
} 

block { 
   label dmc
   totweight 320000
   nautocorr 0
   total_energy { -1.936780114625624   } 
   total_energyvar { 0.01109037883730624   } 
   weight { 1.000584226085153   } 
   weightvar { 0.09319423797926274   } 
   kinetic_energy { 0.6959194585929277   } 
   kinetic_energyvar { 0.4347424330338143   } 
   potential_energy { -2.965076966808293   } 
   potential_energyvar { 0.6264997021108325   } 
   nonlocal_energy { 0.3323773935897411   } 
   nonlocal_energyvar { 0.8808563132480378   } 
   autocorr_energy { } 
} 

block { 
   label dmc
   totweight 320000
   nautocorr 0
   total_energy { -1.935880558987144   } 
   total_energyvar { 0.01116446712778485   } 
   weight { 1.0004053518236   } 
   weightvar { 0.09280343595000051   } 
   kinetic_energy { 0.6991495355899265   } 
   kinetic_energyvar { 0.4286349262836053   } 
   potential_energy { -2.965161578318573   } 
   potential_energyvar { 0.6346252512709931   } 
   nonlocal_energy { 0.3301314837415031   } 
   nonlocal_energyvar { 0.9023085214562216   } 
   autocorr_energy { } 
} 

block { 
   label dmc
   totweight 320000
   nautocorr 0
   total_energy { -1.936135018592312   } 
   total_energyvar { 0.01204013871733833   } 
   weight { 1.000396024403446   } 
   weightvar { 0.09396142356832438   } 
   kinetic_energy { 0.6955673929618181   } 
   kinetic_energyvar { 0.4388013902194116   } 
   potential_energy { -2.981219552924826   } 
   potential_energyvar { 0.6387498330287062   } 
   nonlocal_energy { 0.3495171413706964   } 
   nonlocal_energyvar { 0.919087634514013   } 
   autocorr_energy { } 
} 

block { 
   label dmc
   totweight 320000
   nautocorr 0
   total_energy { -1.934623447221839   } 
   total_energyvar { 0.01166705034852367   } 
   weight { 0.9994034398265834   } 
   weightvar { 0.09437552208153788   } 
   kinetic_energy { 0.7015234671424156   } 
   kinetic_energyvar { 0.4355878947504516   } 
   potential_energy { -2.973675630747492   } 
   potential_energyvar { 0.6348560276795912   } 
   nonlocal_energy { 0.337528716383237   } 
   nonlocal_energyvar { 0.9074746485758529   } 
   autocorr_energy { } 
} 

block { 
   label dmc
   totweight 320000
   nautocorr 0
   total_energy { -1.936725511438473   } 
   total_energyvar { 0.01161026437968848   } 
   weight { 0.999711061296964   } 
   weightvar { 0.09539390209858911   } 
   kinetic_energy { 0.6960992656592447   } 
   kinetic_energyvar { 0.4525846945539974   } 
   potential_energy { -2.972730215964677   } 
   potential_energyvar { 0.6375416650354513   } 
   nonlocal_energy { 0.3399054388669592   } 
   nonlocal_energyvar { 0.9438836461659454   } 
   autocorr_energy { } 
} 

block { 
   label dmc
   totweight 320000
   nautocorr 0
   total_energy { -1.93654508175569   } 
   total_energyvar { 0.01200739077612978   } 
   weight { 1.000466943284527   } 
   weightvar { 0.09639414984076167   } 
   kinetic_energy { 0.6856871827157035   } 
   kinetic_energyvar { 0.4840383868821971   } 
   potential_energy { -2.981004098395856   } 
   potential_energyvar { 0.6580557476277278   } 
   nonlocal_energy { 0.358771833924463   } 
   nonlocal_energyvar { 1.046422444632827   } 
   autocorr_energy { } 
} 

block { 
   label dmc
   totweight 320000
   nautocorr 0
   total_energy { -1.935476778275408   } 
   total_energyvar { 0.01186598830371999   } 
   weight { 1.000045389014048   } 
   weightvar { 0.09633663781742641   } 
   kinetic_energy { 0.6917665683488859   } 
   kinetic_energyvar { 0.4408773897091395   } 
   potential_energy { -2.971646919683476   } 
   potential_energyvar { 0.6386515478196735   } 
   nonlocal_energy { 0.3444035730591812   } 
   nonlocal_energyvar { 0.9075537063279494   } 
   autocorr_energy { } 
} 

block { 
   label dmc
   totweight 320000
   nautocorr 0
   total_energy { -1.936207000026374   } 
   total_energyvar { 0.01183956039142364   } 
   weight { 0.9999138056897616   } 
   weightvar { 0.09565015719867753   } 
   kinetic_energy { 0.689053876294774   } 
   kinetic_energyvar { 0.4576837165805697   } 
   potential_energy { -2.974475810261277   } 
   potential_energyvar { 0.6537279073705822   } 
   nonlocal_energy { 0.3492149339401293   } 
   nonlocal_energyvar { 0.9534200684959085   } 
   autocorr_energy { } 
} 

block { 
   label dmc
   totweight 320000
   nautocorr 0
   total_energy { -1.936096528429939   } 
   total_energyvar { 0.01113086335388269   } 
   weight { 1.000180464158513   } 
   weightvar { 0.09477770528107254   } 
   kinetic_energy { 0.6919231574254935   } 
   kinetic_energyvar { 0.4110808621004228   } 
   potential_energy { -2.960244562828164   } 
   potential_energyvar { 0.624803331313684   } 
   nonlocal_energy { 0.3322248769727315   } 
   nonlocal_energyvar { 0.8305377192011297   } 
   autocorr_energy { } 
} 

block { 
   label dmc
   totweight 320000
   nautocorr 0
   total_energy { -1.935702617974302   } 
   total_energyvar { 0.0110963295900306   } 
   weight { 1.000141228142416   } 
   weightvar { 0.0945836302877876   } 
   kinetic_energy { 0.6957100961735303   } 
   kinetic_energyvar { 0.4323626595992912   } 
   potential_energy { -2.961704208113679   } 
   potential_energyvar { 0.6208114244951499   } 
   nonlocal_energy { 0.3302914939658474   } 
   nonlocal_energyvar { 0.8626816949552218   } 
   autocorr_energy { } 
} 

block { 
   label dmc
   totweight 320000
   nautocorr 0
   total_energy { -1.93577095695876   } 
   total_energyvar { 0.01148679339118441   } 
   weight { 0.9996650983295589   } 
   weightvar { 0.09434723931092948   } 
   kinetic_energy { 0.6911948445142579   } 
   kinetic_energyvar { 0.4364586851695474   } 
   potential_energy { -2.960862971803278   } 
   potential_energyvar { 0.6332208126977648   } 
   nonlocal_energy { 0.3338971703302597   } 
   nonlocal_energyvar { 0.9053437712784362   } 
   autocorr_energy { } 
} 

block { 
   label dmc
   totweight 320000
   nautocorr 0
   total_energy { -1.935825184973505   } 
   total_energyvar { 0.01246172595377004   } 
   weight { 0.9997113705458922   } 
   weightvar { 0.09466710549599577   } 
   kinetic_energy { 0.6885312681325738   } 
   kinetic_energyvar { 0.4785173850861325   } 
   potential_energy { -2.977468548052873   } 
   potential_energyvar { 0.6499038237654027   } 
   nonlocal_energy { 0.3531120949467944   } 
   nonlocal_energyvar { 1.026290130092953   } 
   autocorr_energy { } 
} 

block { 
   label dmc
   totweight 320000
   nautocorr 0
   total_energy { -1.935735319125455   } 
   total_energyvar { 0.01189759532389756   } 
   weight { 0.9995686741919783   } 
   weightvar { 0.0939918831386678   } 
   kinetic_energy { 0.6928259343022923   } 
   kinetic_energyvar { 0.4602087053681161   } 
   potential_energy { -2.969634144523458   } 
   potential_energyvar { 0.6317679769229176   } 
   nonlocal_energy { 0.3410728910957106   } 
   nonlocal_energyvar { 0.9522561179001862   } 
   autocorr_energy { } 
} 

block { 
   label dmc
   totweight 320000
   nautocorr 0
   total_energy { -1.93449088282698   } 
   total_energyvar { 0.01265054838320445   } 
   weight { 0.999232002091926   } 
   weightvar { 0.09383525969346052   } 
   kinetic_energy { 0.6963992416783346   } 
   kinetic_energyvar { 0.4617026745454215   } 
   potential_energy { -2.979471789379168   } 
   potential_energyvar { 0.6235040447013649   } 
   nonlocal_energy { 0.3485816648738535   } 
   nonlocal_energyvar { 0.9558038981582544   } 
   autocorr_energy { } 
} 

block { 
   label dmc
   totweight 320000
   nautocorr 0
   total_energy { -1.935812662769015   } 
   total_energyvar { 0.01141742858026618   } 
   weight { 0.9994873491284146   } 
   weightvar { 0.09373263963376655   } 
   kinetic_energy { 0.6825281661278471   } 
   kinetic_energyvar { 0.4900674708692582   } 
   potential_energy { -2.973056750401983   } 
   potential_energyvar { 0.6575145732122607   } 
   nonlocal_energy { 0.3547159215051212   } 
   nonlocal_energyvar { 1.077855018139402   } 
   autocorr_energy { } 
} 

block { 
   label dmc
   totweight 320000
   nautocorr 0
   total_energy { -1.935637911800357   } 
   total_energyvar { 0.01109732439868694   } 
   weight { 0.9995705057013718   } 
   weightvar { 0.09367389228759726   } 
   kinetic_energy { 0.6903738657211937   } 
   kinetic_energyvar { 0.4119472790575293   } 
   potential_energy { -2.968027198009799   } 
   potential_energyvar { 0.6154537682413252   } 
   nonlocal_energy { 0.3420154204882485   } 
   nonlocal_energyvar { 0.8528787439678169   } 
   autocorr_energy { } 
} 

block { 
   label dmc
   totweight 320000
   nautocorr 0
   total_energy { -1.935864271657657   } 
   total_energyvar { 0.01193916547948248   } 
   weight { 0.9996493872414154   } 
   weightvar { 0.09454520708559766   } 
   kinetic_energy { 0.6829614781087352   } 
   kinetic_energyvar { 0.4416841691509759   } 
   potential_energy { -2.970459603814569   } 
   potential_energyvar { 0.6362106767146045   } 
   nonlocal_energy { 0.3516338540481762   } 
   nonlocal_energyvar { 0.9459230866385212   } 
   autocorr_energy { } 
} 

block { 
   label dmc
   totweight 320000
   nautocorr 0
   total_energy { -1.93565501668829   } 
   total_energyvar { 0.01115846763313133   } 
   weight { 0.9999723070802166   } 
   weightvar { 0.09331859243065932   } 
   kinetic_energy { 0.6946526518744478   } 
   kinetic_energyvar { 0.4258962016536724   } 
   potential_energy { -2.972797261517931   } 
   potential_energyvar { 0.624776108551492   } 
   nonlocal_energy { 0.3424895929551929   } 
   nonlocal_energyvar { 0.8794505985831735   } 
   autocorr_energy { } 
} 

block { 
   label dmc
   totweight 320000
   nautocorr 0
   total_energy { -1.934967101922647   } 
   total_energyvar { 0.01176132087725801   } 
   weight { 0.999374493419344   } 
   weightvar { 0.09293655050664984   } 
   kinetic_energy { 0.6991821139841645   } 
   kinetic_energyvar { 0.4603465929204313   } 
   potential_energy { -2.984305502088322   } 
   potential_energyvar { 0.6236405745366778   } 
   nonlocal_energy { 0.3501562861815101   } 
   nonlocal_energyvar { 0.9181291430498898   } 
   autocorr_energy { } 
} 

block { 
   label dmc
   totweight 320000
   nautocorr 0
   total_energy { -1.935826513657549   } 
   total_energyvar { 0.01196146985084345   } 
   weight { 0.9993784878235554   } 
   weightvar { 0.09276952071159916   } 
   kinetic_energy { 0.6915318473768319   } 
   kinetic_energyvar { 0.4350496997931117   } 
   potential_energy { -2.972472728147621   } 
   potential_energyvar { 0.6276220850144636   } 
   nonlocal_energy { 0.3451143671132406   } 
   nonlocal_energyvar { 0.9107579069399745   } 
   autocorr_energy { } 
} 

block { 
   label dmc
   totweight 320000
   nautocorr 0
   total_energy { -1.935673535849644   } 
   total_energyvar { 0.01168917737958797   } 
   weight { 0.999805023981597   } 
   weightvar { 0.09331960833226183   } 
   kinetic_energy { 0.6937558659555743   } 
   kinetic_energyvar { 0.417533119278322   } 
   potential_energy { -2.966785817682742   } 
   potential_energyvar { 0.621867877241888   } 
   nonlocal_energy { 0.3373564158775234   } 
   nonlocal_energyvar { 0.8863715310783035   } 
   autocorr_energy { } 
} 

block { 
   label dmc
   totweight 320000
   nautocorr 0
   total_energy { -1.934562228936188   } 
   total_energyvar { 0.01272565062880648   } 
   weight { 0.9990234269010094   } 
   weightvar { 0.0938539973196435   } 
   kinetic_energy { 0.6934390886886403   } 
   kinetic_energyvar { 0.4438901815313597   } 
   potential_energy { -2.962944673442611   } 
   potential_energyvar { 0.6301001204002716   } 
   nonlocal_energy { 0.3349433558177825   } 
   nonlocal_energyvar { 0.9287212364237009   } 
   autocorr_energy { } 
} 

block { 
   label dmc
   totweight 320000
   nautocorr 0
   total_energy { -1.936001773653734   } 
   total_energyvar { 0.01282125170547799   } 
   weight { 0.9993498675258193   } 
   weightvar { 0.09474211134867849   } 
   kinetic_energy { 0.6902053797311942   } 
   kinetic_energyvar { 0.461506807020542   } 
   potential_energy { -2.968670828841139   } 
   potential_energyvar { 0.6415227937529462   } 
   nonlocal_energy { 0.3424636754562105   } 
   nonlocal_energyvar { 0.9530298553752856   } 
   autocorr_energy { } 
} 

block { 
   label dmc
   totweight 320000
   nautocorr 0
   total_energy { -1.936049522830154   } 
   total_energyvar { 0.01219078875888746   } 
   weight { 0.9993087725368052   } 
   weightvar { 0.09550102183183595   } 
   kinetic_energy { 0.6918918225940719   } 
   kinetic_energyvar { 0.4566622732246103   } 
   potential_energy { -2.96511014096379   } 
   potential_energyvar { 0.6261243089236554   } 
   nonlocal_energy { 0.3371687955395638   } 
   nonlocal_energyvar { 0.9151976055599836   } 
   autocorr_energy { } 
} 

block { 
   label dmc
   totweight 320000
   nautocorr 0
   total_energy { -1.935477572884972   } 
   total_energyvar { 0.01174223399449836   } 
   weight { 0.9997681135071851   } 
   weightvar { 0.09418552270342206   } 
   kinetic_energy { 0.6928534016032878   } 
   kinetic_energyvar { 0.4771228542370564   } 
   potential_energy { -2.969361692424323   } 
   potential_energyvar { 0.6389967074012368   } 
   nonlocal_energy { 0.3410307179360627   } 
   nonlocal_energyvar { 1.006900708904314   } 
   autocorr_energy { } 
} 

block { 
   label dmc
   totweight 320000
   nautocorr 0
   total_energy { -1.935954968408753   } 
   total_energyvar { 0.01087082544555473   } 
   weight { 0.9997991756613548   } 
   weightvar { 0.09280928512363507   } 
   kinetic_energy { 0.6971692027944221   } 
   kinetic_energyvar { 0.4361892897594689   } 
   potential_energy { -2.967266025554034   } 
   potential_energyvar { 0.6133912268165531   } 
   nonlocal_energy { 0.3341418543508582   } 
   nonlocal_energyvar { 0.8844474910165223   } 
   autocorr_energy { } 
} 

block { 
   label dmc
   totweight 320000
   nautocorr 0
   total_energy { -1.935258944195952   } 
   total_energyvar { 0.01178041725369994   } 
   weight { 0.9995880089447748   } 
   weightvar { 0.09340252954411832   } 
   kinetic_energy { 0.6920946073954671   } 
   kinetic_energyvar { 0.4672030712568557   } 
   potential_energy { -2.965561468430408   } 
   potential_energyvar { 0.6517478818358899   } 
   nonlocal_energy { 0.3382079168389889   } 
   nonlocal_energyvar { 0.9450444183483336   } 
   autocorr_energy { } 
} 

block { 
   label dmc
   totweight 320000
   nautocorr 0
   total_energy { -1.935865177536913   } 
   total_energyvar { 0.01131373284089587   } 
   weight { 0.9997824245019133   } 
   weightvar { 0.09274705709593156   } 
   kinetic_energy { 0.6953651076588283   } 
   kinetic_energyvar { 0.4136449698115888   } 
   potential_energy { -2.973512386988692   } 
   potential_energyvar { 0.6159679058318268   } 
   nonlocal_energy { 0.3422821017929503   } 
   nonlocal_energyvar { 0.8768073613641416   } 
   autocorr_energy { } 
} 

block { 
   label dmc
   totweight 320000
   nautocorr 0
   total_energy { -1.936548678685363   } 
   total_energyvar { 0.01114083542861977   } 
   weight { 1.000075014086706   } 
   weightvar { 0.09296127375794971   } 
   kinetic_energy { 0.6937369855767096   } 
   kinetic_energyvar { 0.4259026312382921   } 
   potential_energy { -2.963612892866308   } 
   potential_energyvar { 0.6146254703296172   } 
   nonlocal_energy { 0.3333272286042351   } 
   nonlocal_energyvar { 0.8769190680589704   } 
   autocorr_energy { } 
} 

block { 
   label dmc
   totweight 320000
   nautocorr 0
   total_energy { -1.936081475788726   } 
   total_energyvar { 0.01075201400120029   } 
   weight { 1.000323653130284   } 
   weightvar { 0.09297702001862573   } 
   kinetic_energy { 0.693083268452037   } 
   kinetic_energyvar { 0.4864777271847792   } 
   potential_energy { -2.964491026385187   } 
   potential_energyvar { 0.6618092941592195   } 
   nonlocal_energy { 0.3353262821444231   } 
   nonlocal_energyvar { 0.8999240463255034   } 
   autocorr_energy { } 
} 

block { 
   label dmc
   totweight 320000
   nautocorr 0
   total_energy { -1.936184226711458   } 
   total_energyvar { 0.01222659523125813   } 
   weight { 1.000003240437245   } 
   weightvar { 0.09250561116754197   } 
   kinetic_energy { 0.6906824439380245   } 
   kinetic_energyvar { 0.4431883652159342   } 
   potential_energy { -2.979017196728253   } 
   potential_energyvar { 0.6354655026991498   } 
   nonlocal_energy { 0.3521505260787716   } 
   nonlocal_energyvar { 0.9423329689020105   } 
   autocorr_energy { } 
} 

block { 
   label dmc
   totweight 320000
   nautocorr 0
   total_energy { -1.936095545744995   } 
   total_energyvar { 0.01154015984508083   } 
   weight { 1.000277896004717   } 
   weightvar { 0.0929061469542436   } 
   kinetic_energy { 0.6951134819306601   } 
   kinetic_energyvar { 0.4462800699754376   } 
   potential_energy { -2.976225784421848   } 
   potential_energyvar { 0.636941178960754   } 
   nonlocal_energy { 0.3450167567461939   } 
   nonlocal_energyvar { 0.9347205649254775   } 
   autocorr_energy { } 
} 

block { 
   label dmc
   totweight 320000
   nautocorr 0
   total_energy { -1.934500038869682   } 
   total_energyvar { 0.01206421976976113   } 
   weight { 0.9995380484643851   } 
   weightvar { 0.09246101517522265   } 
   kinetic_energy { 0.692955168545947   } 
   kinetic_energyvar { 0.4481516995900621   } 
   potential_energy { -2.974728034540116   } 
   potential_energyvar { 0.6365687897650005   } 
   nonlocal_energy { 0.3472728271244876   } 
   nonlocal_energyvar { 0.9338920124059699   } 
   autocorr_energy { } 
} 

block { 
   label dmc
   totweight 320000
   nautocorr 0
   total_energy { -1.935733402848543   } 
   total_energyvar { 0.01198900109460599   } 
   weight { 0.9993862401976952   } 
   weightvar { 0.09254944478589888   } 
   kinetic_energy { 0.6946550779634401   } 
   kinetic_energyvar { 0.449404244907508   } 
   potential_energy { -2.966052849699043   } 
   potential_energyvar { 0.6252527172483227   } 
   nonlocal_energy { 0.3356643688870596   } 
   nonlocal_energyvar { 0.9119522225388316   } 
   autocorr_energy { } 
} 

block { 
   label dmc
   totweight 320000
   nautocorr 0
   total_energy { -1.934910331984252   } 
   total_energyvar { 0.01174772461239693   } 
   weight { 0.9993062037468587   } 
   weightvar { 0.09315880907369656   } 
   kinetic_energy { 0.6949150477081523   } 
   kinetic_energyvar { 0.4424706050777545   } 
   potential_energy { -2.966953439931022   } 
   potential_energyvar { 0.6329730264405562   } 
   nonlocal_energy { 0.3371280602386179   } 
   nonlocal_energyvar { 0.8958133252656063   } 
   autocorr_energy { } 
} 

block { 
   label dmc
   totweight 320000
   nautocorr 0
   total_energy { -1.93555747019379   } 
   total_energyvar { 0.01137383839449413   } 
   weight { 0.9993664271310049   } 
   weightvar { 0.09298514796389667   } 
   kinetic_energy { 0.6981559894350132   } 
   kinetic_energyvar { 0.4335756455628014   } 
   potential_energy { -2.968917727655302   } 
   potential_energyvar { 0.6309944635619686   } 
   nonlocal_energy { 0.3352042680264982   } 
   nonlocal_energyvar { 0.8841783440149988   } 
   autocorr_energy { } 
} 

block { 
   label dmc
   totweight 320000
   nautocorr 0
   total_energy { -1.935777049360801   } 
   total_energyvar { 0.01135942581857474   } 
   weight { 0.9995442807554878   } 
   weightvar { 0.09373659539097368   } 
   kinetic_energy { 0.6909431254055038   } 
   kinetic_energyvar { 0.4198845238047353   } 
   potential_energy { -2.961412331997591   } 
   potential_energyvar { 0.6227542579394072   } 
   nonlocal_energy { 0.3346921572312862   } 
   nonlocal_energyvar { 0.8602428471245036   } 
   autocorr_energy { } 
} 

block { 
   label dmc
   totweight 320000
   nautocorr 0
   total_energy { -1.934917220227156   } 
   total_energyvar { 0.01201201931268248   } 
   weight { 0.9993390924657506   } 
   weightvar { 0.09465371416438895   } 
   kinetic_energy { 0.6890342070059225   } 
   kinetic_energyvar { 0.4581804271270328   } 
   potential_energy { -2.970563012365218   } 
   potential_energyvar { 0.6345481330543521   } 
   nonlocal_energy { 0.3466115851321385   } 
   nonlocal_energyvar { 0.9426269435482859   } 
   autocorr_energy { } 
} 

block { 
   label dmc
   totweight 320000
   nautocorr 0
   total_energy { -1.936771157334691   } 
   total_energyvar { 0.01105195954926552   } 
   weight { 0.9997255642725621   } 
   weightvar { 0.09577951679274288   } 
   kinetic_energy { 0.7017315737064905   } 
   kinetic_energyvar { 0.4238447574733714   } 
   potential_energy { -2.976828895967628   } 
   potential_energyvar { 0.6239484508894702   } 
   nonlocal_energy { 0.3383261649264458   } 
   nonlocal_energyvar { 0.8627304575222242   } 
   autocorr_energy { } 
} 

block { 
   label dmc
   totweight 320000
   nautocorr 0
   total_energy { -1.9355486740696   } 
   total_energyvar { 0.01187345056031575   } 
   weight { 1.000002957474934   } 
   weightvar { 0.09645793992999807   } 
   kinetic_energy { 0.698889515182051   } 
   kinetic_energyvar { 0.4720669179729289   } 
   potential_energy { -2.987705547323081   } 
   potential_energyvar { 0.6463469947448619   } 
   nonlocal_energy { 0.3532673580714297   } 
   nonlocal_energyvar { 1.002537489771793   } 
   autocorr_energy { } 
} 

block { 
   label dmc
   totweight 320000
   nautocorr 0
   total_energy { -1.936230888476848   } 
   total_energyvar { 0.01249694867305928   } 
   weight { 0.9999614015237792   } 
   weightvar { 0.09630414613481408   } 
   kinetic_energy { 0.6948589658803183   } 
   kinetic_energyvar { 0.4827990033051369   } 
   potential_energy { -2.978670236024135   } 
   potential_energyvar { 0.6380776427022568   } 
   nonlocal_energy { 0.3475803816669693   } 
   nonlocal_energyvar { 0.9937546608500472   } 
   autocorr_energy { } 
} 

block { 
   label dmc
   totweight 320000
   nautocorr 0
   total_energy { -1.936780597904863   } 
   total_energyvar { 0.01128571572314963   } 
   weight { 1.00032275565641   } 
   weightvar { 0.09712589840508046   } 
   kinetic_energy { 0.6981720520719645   } 
   kinetic_energyvar { 0.470002048788714   } 
   potential_energy { -2.969793435432881   } 
   potential_energyvar { 0.6472189296078614   } 
   nonlocal_energy { 0.3348407854560533   } 
   nonlocal_energyvar { 0.9675403886222724   } 
   autocorr_energy { } 
} 

block { 
   label dmc
   totweight 320000
   nautocorr 0
   total_energy { -1.936755081918129   } 
   total_energyvar { 0.01117050352328564   } 
   weight { 1.000800902960479   } 
   weightvar { 0.0971607369438352   } 
   kinetic_energy { 0.6966321561166686   } 
   kinetic_energyvar { 0.4318416667366385   } 
   potential_energy { -2.977347199060456   } 
   potential_energyvar { 0.63660625713446   } 
   nonlocal_energy { 0.343959961025658   } 
   nonlocal_energyvar { 0.8853547664362926   } 
   autocorr_energy { } 
} 

block { 
   label dmc
   totweight 320000
   nautocorr 0
   total_energy { -1.935884297876231   } 
   total_energyvar { 0.0113209571586772   } 
   weight { 1.000524023036014   } 
   weightvar { 0.0978542942564864   } 
   kinetic_energy { 0.7069507554392499   } 
   kinetic_energyvar { 0.4235147887227774   } 
   potential_energy { -2.983225160484066   } 
   potential_energyvar { 0.6235964530098261   } 
   nonlocal_energy { 0.3403901071685844   } 
   nonlocal_energyvar { 0.8495676940021309   } 
   autocorr_energy { } 
} 

block { 
   label dmc
   totweight 320000
   nautocorr 0
   total_energy { -1.935576341213184   } 
   total_energyvar { 0.01144173108657309   } 
   weight { 0.9998487921380521   } 
   weightvar { 0.09786046957313488   } 
   kinetic_energy { 0.6986669722499059   } 
   kinetic_energyvar { 0.4358644688293287   } 
   potential_energy { -2.973688707593201   } 
   potential_energyvar { 0.6208065572072829   } 
   nonlocal_energy { 0.3394453941301111   } 
   nonlocal_energyvar { 0.882200003048675   } 
   autocorr_energy { } 
} 

block { 
   label dmc
   totweight 320000
   nautocorr 0
   total_energy { -1.935964758258373   } 
   total_energyvar { 0.01215954847213485   } 
   weight { 0.9997218852379761   } 
   weightvar { 0.09876990764575999   } 
   kinetic_energy { 0.69485445005756   } 
   kinetic_energyvar { 0.4265035813862399   } 
   potential_energy { -2.97674249839762   } 
   potential_energyvar { 0.6225275090184255   } 
   nonlocal_energy { 0.3459232900816863   } 
   nonlocal_energyvar { 0.9112284468310341   } 
   autocorr_energy { } 
} 

block { 
   label dmc
   totweight 320000
   nautocorr 0
   total_energy { -1.936458859740916   } 
   total_energyvar { 0.01098277923982716   } 
   weight { 1.000196791671906   } 
   weightvar { 0.099894172369281   } 
   kinetic_energy { 0.6945314099948627   } 
   kinetic_energyvar { 0.4355168149941837   } 
   potential_energy { -2.969010973398051   } 
   potential_energyvar { 0.6357118460725708   } 
   nonlocal_energy { 0.3380207036622724   } 
   nonlocal_energyvar { 0.9424563007128346   } 
   autocorr_energy { } 
} 

block { 
   label dmc
   totweight 320000
   nautocorr 0
   total_energy { -1.93498605364574   } 
   total_energyvar { 0.01158986747239421   } 
   weight { 1.000034348448759   } 
   weightvar { 0.09967653033879142   } 
   kinetic_energy { 0.7010135944903551   } 
   kinetic_energyvar { 0.4483860785703092   } 
   potential_energy { -2.975703054163702   } 
   potential_energyvar { 0.6311671864220507   } 
   nonlocal_energy { 0.3397034060276075   } 
   nonlocal_energyvar { 0.942718351184478   } 
   autocorr_energy { } 
} 

block { 
   label dmc
   totweight 320000
   nautocorr 0
   total_energy { -1.934573912220227   } 
   total_energyvar { 0.01202573282199282   } 
   weight { 0.9991782537263348   } 
   weightvar { 0.0978203788511548   } 
   kinetic_energy { 0.7001193456794496   } 
   kinetic_energyvar { 0.4507126114203836   } 
   potential_energy { -2.984079383439216   } 
   potential_energyvar { 0.6473787378997002   } 
   nonlocal_energy { 0.3493861255395398   } 
   nonlocal_energyvar { 0.967207489063588   } 
   autocorr_energy { } 
} 

block { 
   label dmc
   totweight 320000
   nautocorr 0
   total_energy { -1.935115819662087   } 
   total_energyvar { 0.01187213059991921   } 
   weight { 0.9990071542781778   } 
   weightvar { 0.0977180878558741   } 
   kinetic_energy { 0.7027378822773501   } 
   kinetic_energyvar { 0.4436008911335957   } 
   potential_energy { -2.984203193690337   } 
   potential_energyvar { 0.6273105688389045   } 
   nonlocal_energy { 0.3463494917508991   } 
   nonlocal_energyvar { 0.9180688445986259   } 
   autocorr_energy { } 
} 

block { 
   label dmc
   totweight 320000
   nautocorr 0
   total_energy { -1.934825898902435   } 
   total_energyvar { 0.0119083070859185   } 
   weight { 0.9988433517888138   } 
   weightvar { 0.09754300300598162   } 
   kinetic_energy { 0.6925093194929641   } 
   kinetic_energyvar { 0.4704815497691581   } 
   potential_energy { -2.983127336279384   } 
   potential_energyvar { 0.6416454013213801   } 
   nonlocal_energy { 0.355792117883985   } 
   nonlocal_energyvar { 0.993645448310768   } 
   autocorr_energy { } 
} 

block { 
   label dmc
   totweight 320000
   nautocorr 0
   total_energy { -1.935166721262245   } 
   total_energyvar { 0.01176826243944173   } 
   weight { 0.9990132806506821   } 
   weightvar { 0.09801188615457423   } 
   kinetic_energy { 0.693569594037563   } 
   kinetic_energyvar { 0.4597682795804358   } 
   potential_energy { -2.971893565121841   } 
   potential_energyvar { 0.6328303533865718   } 
   nonlocal_energy { 0.3431572498220333   } 
   nonlocal_energyvar { 0.9332669541745547   } 
   autocorr_energy { } 
} 

block { 
   label dmc
   totweight 320000
   nautocorr 0
   total_energy { -1.935881822488555   } 
   total_energyvar { 0.01063940403223596   } 
   weight { 0.9995219907788458   } 
   weightvar { 0.0980405256436232   } 
   kinetic_energy { 0.6900497862907975   } 
   kinetic_energyvar { 0.4288175229901449   } 
   potential_energy { -2.957221078018733   } 
   potential_energyvar { 0.614058309355725   } 
   nonlocal_energy { 0.3312894692393808   } 
   nonlocal_energyvar { 0.846309262234311   } 
   autocorr_energy { } 
} 

block { 
   label dmc
   totweight 320000
   nautocorr 0
   total_energy { -1.935231471321911   } 
   total_energyvar { 0.01089385985408464   } 
   weight { 0.9993856778113521   } 
   weightvar { 0.09798546930868091   } 
   kinetic_energy { 0.6911972105387086   } 
   kinetic_energyvar { 0.4495981563112115   } 
   potential_energy { -2.949532405347344   } 
   potential_energyvar { 0.620566632692972   } 
   nonlocal_energy { 0.3231037234867241   } 
   nonlocal_energyvar { 0.9048698721165143   } 
   autocorr_energy { } 
} 

block { 
   label dmc
   totweight 320000
   nautocorr 0
   total_energy { -1.935533939878246   } 
   total_energyvar { 0.01095579022068449   } 
   weight { 0.9995080583631363   } 
   weightvar { 0.09735461178416593   } 
   kinetic_energy { 0.6958927858326615   } 
   kinetic_energyvar { 0.428900185780702   } 
   potential_energy { -2.952238491220953   } 
   potential_energyvar { 0.6130006613323165   } 
   nonlocal_energy { 0.3208117655100454   } 
   nonlocal_energyvar { 0.8413225072461864   } 
   autocorr_energy { } 
} 

block { 
   label dmc
   totweight 320000
   nautocorr 0
   total_energy { -1.936394207793288   } 
   total_energyvar { 0.01160136801154055   } 
   weight { 0.9998257002114438   } 
   weightvar { 0.09655657004217566   } 
   kinetic_energy { 0.6817150625032122   } 
   kinetic_energyvar { 0.4442293497255613   } 
   potential_energy { -2.963219686817915   } 
   potential_energyvar { 0.6321506681475135   } 
   nonlocal_energy { 0.3451104165214148   } 
   nonlocal_energyvar { 0.9306240687235905   } 
   autocorr_energy { } 
} 

block { 
   label dmc
   totweight 320000
   nautocorr 0
   total_energy { -1.934821293658725   } 
   total_energyvar { 0.01151237550397433   } 
   weight { 0.9996149354384621   } 
   weightvar { 0.09599419160574163   } 
   kinetic_energy { 0.6870909894697886   } 
   kinetic_energyvar { 0.454991974215964   } 
   potential_energy { -2.963048104467271   } 
   potential_energyvar { 0.6246157983645073   } 
   nonlocal_energy { 0.3411358213387567   } 
   nonlocal_energyvar { 0.9323067270808644   } 
   autocorr_energy { } 
} 

block { 
   label dmc
   totweight 320000
   nautocorr 0
   total_energy { -1.93479669020362   } 
   total_energyvar { 0.012141332697019   } 
   weight { 0.9990840331286046   } 
   weightvar { 0.09554192899665281   } 
   kinetic_energy { 0.6911253878375918   } 
   kinetic_energyvar { 0.4441259339496608   } 
   potential_energy { -2.97071574525391   } 
   potential_energyvar { 0.6289643104287013   } 
   nonlocal_energy { 0.3447936672126986   } 
   nonlocal_energyvar { 0.9179322028347786   } 
   autocorr_energy { } 
} 

block { 
   label dmc
   totweight 320000
   nautocorr 0
   total_energy { -1.935488216878783   } 
   total_energyvar { 0.01140020658468321   } 
   weight { 0.9991527986279212   } 
   weightvar { 0.09526026611135641   } 
   kinetic_energy { 0.6912580562601512   } 
   kinetic_energyvar { 0.4621077403087296   } 
   potential_energy { -2.972663321424873   } 
   potential_energyvar { 0.6307886407624412   } 
   nonlocal_energy { 0.3459170482859382   } 
   nonlocal_energyvar { 0.9743581869574796   } 
   autocorr_energy { } 
} 

block { 
   label dmc
   totweight 320000
   nautocorr 0
   total_energy { -1.935501140930989   } 
   total_energyvar { 0.01176760048292991   } 
   weight { 0.9994370561869967   } 
   weightvar { 0.09471062263133956   } 
   kinetic_energy { 0.691188810289004   } 
   kinetic_energyvar { 0.4533672782386766   } 
   potential_energy { -2.97452172341277   } 
   potential_energyvar { 0.6314706425343797   } 
   nonlocal_energy { 0.3478317721927772   } 
   nonlocal_energyvar { 0.9436702097298068   } 
   autocorr_energy { } 
} 

block { 
   label dmc
   totweight 320000
   nautocorr 0
   total_energy { -1.935685862303177   } 
   total_energyvar { 0.01147464011710753   } 
   weight { 0.9996941017312297   } 
   weightvar { 0.0939082052470136   } 
   kinetic_energy { 0.6937403302671429   } 
   kinetic_energyvar { 0.4276198466412688   } 
   potential_energy { -2.97820702778103   } 
   potential_energyvar { 0.6291668476285341   } 
   nonlocal_energy { 0.3487808352107107   } 
   nonlocal_energyvar { 0.8751930160960179   } 
   autocorr_energy { } 
} 

block { 
   label dmc
   totweight 320000
   nautocorr 0
   total_energy { -1.93465581244814   } 
   total_energyvar { 0.01153016504983784   } 
   weight { 0.9990828387820433   } 
   weightvar { 0.09370376453203821   } 
   kinetic_energy { 0.6899704715017773   } 
   kinetic_energyvar { 0.464590500345797   } 
   potential_energy { -2.970141087319703   } 
   potential_energyvar { 0.6360106934410261   } 
   nonlocal_energy { 0.3455148033697863   } 
   nonlocal_energyvar { 0.9804045315959775   } 
   autocorr_energy { } 
} 

block { 
   label dmc
   totweight 320000
   nautocorr 0
   total_energy { -1.93596737425387   } 
   total_energyvar { 0.01158788752216822   } 
   weight { 0.9994691532344481   } 
   weightvar { 0.09435743191415913   } 
   kinetic_energy { 0.6943803405871706   } 
   kinetic_energyvar { 0.4354396446884001   } 
   potential_energy { -2.977446220239955   } 
   potential_energyvar { 0.6346137788025548   } 
   nonlocal_energy { 0.3470985053989143   } 
   nonlocal_energyvar { 0.8986638753296485   } 
   autocorr_energy { } 
} 

block { 
   label dmc
   totweight 320000
   nautocorr 0
   total_energy { -1.936358327546381   } 
   total_energyvar { 0.01188003475167809   } 
   weight { 1.000017180332311   } 
   weightvar { 0.09475217369052524   } 
   kinetic_energy { 0.6905901556332286   } 
   kinetic_energyvar { 0.4398968392716003   } 
   potential_energy { -2.965029895589081   } 
   potential_energyvar { 0.642376503725659   } 
   nonlocal_energy { 0.3380814124094706   } 
   nonlocal_energyvar { 0.9368286281567149   } 
   autocorr_energy { } 
} 

block { 
   label dmc
   totweight 320000
   nautocorr 0
   total_energy { -1.934869819800543   } 
   total_energyvar { 0.01083151875524813   } 
   weight { 0.9996530940659494   } 
   weightvar { 0.09464029881771252   } 
   kinetic_energy { 0.6995335796383214   } 
   kinetic_energyvar { 0.4164622837220086   } 
   potential_energy { -2.965716470005794   } 
   potential_energyvar { 0.6170629922945494   } 
   nonlocal_energy { 0.3313130705669295   } 
   nonlocal_energyvar { 0.8461913824861577   } 
   autocorr_energy { } 
} 

block { 
   label dmc
   totweight 320000
   nautocorr 0
   total_energy { -1.934917590405968   } 
   total_energyvar { 0.01120875817574474   } 
   weight { 0.9991885572004854   } 
   weightvar { 0.09375613226246859   } 
   kinetic_energy { 0.6943767924657783   } 
   kinetic_energyvar { 0.4498254967048388   } 
   potential_energy { -2.969327144288901   } 
   potential_energyvar { 0.6455207098740665   } 
   nonlocal_energy { 0.3400327614171541   } 
   nonlocal_energyvar { 0.9543221759012408   } 
   autocorr_energy { } 
} 

block { 
   label dmc
   totweight 320000
   nautocorr 0
   total_energy { -1.935636784150045   } 
   total_energyvar { 0.01122437366272244   } 
   weight { 0.9993647494515522   } 
   weightvar { 0.09363684383363191   } 
   kinetic_energy { 0.698303335426349   } 
   kinetic_energyvar { 0.4435582375146395   } 
   potential_energy { -2.967844784165477   } 
   potential_energyvar { 0.6320993936445909   } 
   nonlocal_energy { 0.3339046645890832   } 
   nonlocal_energyvar { 0.8846863498781563   } 
   autocorr_energy { } 
} 

block { 
   label dmc
   totweight 320000
   nautocorr 0
   total_energy { -1.935523489074348   } 
   total_energyvar { 0.01161957867766406   } 
   weight { 0.9994133982318857   } 
   weightvar { 0.09329392651643043   } 
   kinetic_energy { 0.6957505114457488   } 
   kinetic_energyvar { 0.4398367553368061   } 
   potential_energy { -2.967415410557345   } 
   potential_energyvar { 0.6228009811016602   } 
   nonlocal_energy { 0.3361414100372491   } 
   nonlocal_energyvar { 0.8801014233692703   } 
   autocorr_energy { } 
} 

block { 
   label dmc
   totweight 320000
   nautocorr 0
   total_energy { -1.935496851593191   } 
   total_energyvar { 0.01235916890371991   } 
   weight { 0.9994619760855352   } 
   weightvar { 0.09374962726511649   } 
   kinetic_energy { 0.6861398083098074   } 
   kinetic_energyvar { 0.4527269701031753   } 
   potential_energy { -2.964437042746109   } 
   potential_energyvar { 0.6432009529953167   } 
   nonlocal_energy { 0.3428003828431105   } 
   nonlocal_energyvar { 0.9643235173157532   } 
   autocorr_energy { } 
} 

block { 
   label dmc
   totweight 320000
   nautocorr 0
   total_energy { -1.935107520776074   } 
   total_energyvar { 0.01139041101235305   } 
   weight { 0.9992445132661527   } 
   weightvar { 0.09368784850263168   } 
   kinetic_energy { 0.6900417335294036   } 
   kinetic_energyvar { 0.4570298255535277   } 
   potential_energy { -2.960122528916488   } 
   potential_energyvar { 0.6275700843616967   } 
   nonlocal_energy { 0.3349732746110103   } 
   nonlocal_energyvar { 0.959708792551391   } 
   autocorr_energy { } 
} 

block { 
   label dmc
   totweight 320000
   nautocorr 0
   total_energy { -1.933910161581434   } 
   total_energyvar { 0.01197354889593072   } 
   weight { 0.9989445509762301   } 
   weightvar { 0.09393938259462853   } 
   kinetic_energy { 0.6967853356965952   } 
   kinetic_energyvar { 0.4718393417361941   } 
   potential_energy { -2.968180946741505   } 
   potential_energyvar { 0.6260501500316966   } 
   nonlocal_energy { 0.3374854494634756   } 
   nonlocal_energyvar { 0.9255200975407358   } 
   autocorr_energy { } 
} 

block { 
   label dmc
   totweight 320000
   nautocorr 0
   total_energy { -1.936087003443223   } 
   total_energyvar { 0.01137021350352629   } 
   weight { 0.9989474829746101   } 
   weightvar { 0.09493927073512909   } 
   kinetic_energy { 0.6930720614662085   } 
   kinetic_energyvar { 0.4248459262188821   } 
   potential_energy { -2.962623608369521   } 
   potential_energyvar { 0.6307023993207697   } 
   nonlocal_energy { 0.3334645434600886   } 
   nonlocal_energyvar { 0.8727143905141497   } 
   autocorr_energy { } 
} 

block { 
   label dmc
   totweight 320000
   nautocorr 0
   total_energy { -1.936605741012702   } 
   total_energyvar { 0.01273655738225354   } 
   weight { 1.000011309895128   } 
   weightvar { 0.095111538987108   } 
   kinetic_energy { 0.6855113964094409   } 
   kinetic_energyvar { 0.4965409617333592   } 
   potential_energy { -2.966331536711907   } 
   potential_energyvar { 0.6575977836844764   } 
   nonlocal_energy { 0.3442143992897641   } 
   nonlocal_energyvar { 1.022792824037853   } 
   autocorr_energy { } 
} 

block { 
   label dmc
   totweight 320000
   nautocorr 0
   total_energy { -1.935222640024715   } 
   total_energyvar { 0.01144325721771633   } 
   weight { 0.9998337776146445   } 
   weightvar { 0.09419755445415656   } 
   kinetic_energy { 0.6945463229082299   } 
   kinetic_energyvar { 0.4209224626080468   } 
   potential_energy { -2.968359996991398   } 
   potential_energyvar { 0.6352057790218506   } 
   nonlocal_energy { 0.3385910340584524   } 
   nonlocal_energyvar { 0.8618864738109792   } 
   autocorr_energy { } 
} 

block { 
   label dmc
   totweight 320000
   nautocorr 0
   total_energy { -1.934844493703138   } 
   total_energyvar { 0.01201505896242372   } 
   weight { 0.9993422697622875   } 
   weightvar { 0.09418126818301553   } 
   kinetic_energy { 0.6937613518389152   } 
   kinetic_energyvar { 0.5257363827690642   } 
   potential_energy { -2.970169314664408   } 
   potential_energyvar { 0.6318491534821575   } 
   nonlocal_energy { 0.3415634691223541   } 
   nonlocal_energyvar { 1.050540285109976   } 
   autocorr_energy { } 
} 

block { 
   label dmc
   totweight 320000
   nautocorr 0
   total_energy { -1.936656196601819   } 
   total_energyvar { 0.01226544621594172   } 
   weight { 0.9996808875759426   } 
   weightvar { 0.09453334494390753   } 
   kinetic_energy { 0.6929110547167515   } 
   kinetic_energyvar { 0.4486763032374923   } 
   potential_energy { -2.976012301952256   } 
   potential_energyvar { 0.6334010566209543   } 
   nonlocal_energy { 0.3464450506336854   } 
   nonlocal_energyvar { 0.9270744835150889   } 
   autocorr_energy { } 
} 

block { 
   label dmc
   totweight 320000
   nautocorr 0
   total_energy { -1.935702145450574   } 
   total_energyvar { 0.01209010563925661   } 
   weight { 1.000005818971641   } 
   weightvar { 0.09416381614507952   } 
   kinetic_energy { 0.6939581510591017   } 
   kinetic_energyvar { 0.4226737517286244   } 
   potential_energy { -2.970577882436322   } 
   potential_energyvar { 0.6247394013413583   } 
   nonlocal_energy { 0.3409175859266455   } 
   nonlocal_energyvar { 0.8689619149813537   } 
   autocorr_energy { } 
} 

block { 
   label dmc
   totweight 320000
   nautocorr 0
   total_energy { -1.936725370028889   } 
   total_energyvar { 0.01211353001015336   } 
   weight { 1.0004550431107   } 
   weightvar { 0.09377324027932454   } 
   kinetic_energy { 0.6856644565423979   } 
   kinetic_energyvar { 0.4825542356723725   } 
   potential_energy { -2.962792250151793   } 
   potential_energyvar { 0.6467753043558631   } 
   nonlocal_energy { 0.340402423580507   } 
   nonlocal_energyvar { 1.011550363020343   } 
   autocorr_energy { } 
} 

block { 
   label dmc
   totweight 320000
   nautocorr 0
   total_energy { -1.935617793995644   } 
   total_energyvar { 0.01181997217668362   } 
   weight { 0.9999076580925743   } 
   weightvar { 0.09377320988237947   } 
   kinetic_energy { 0.6911545866075041   } 
   kinetic_energyvar { 0.4464488476191282   } 
   potential_energy { -2.968361568616921   } 
   potential_energyvar { 0.6253981889929623   } 
   nonlocal_energy { 0.3415891880137727   } 
   nonlocal_energyvar { 0.9530533477385701   } 
   autocorr_energy { } 
} 

block { 
   label dmc
   totweight 320000
   nautocorr 0
   total_energy { -1.937191191265366   } 
   total_energyvar { 0.01122702238131268   } 
   weight { 1.000764420974455   } 
   weightvar { 0.09398274644474736   } 
   kinetic_energy { 0.6897047160839224   } 
   kinetic_energyvar { 0.4463461904455068   } 
   potential_energy { -2.965143627617451   } 
   potential_energyvar { 0.6212143559165   } 
   nonlocal_energy { 0.3382477202681621   } 
   nonlocal_energyvar { 0.9444595348158858   } 
   autocorr_energy { } 
} 

block { 
   label dmc
   totweight 320000
   nautocorr 0
   total_energy { -1.935466120122805   } 
   total_energyvar { 0.01165040601359113   } 
   weight { 1.000183887315777   } 
   weightvar { 0.09398622519466748   } 
   kinetic_energy { 0.6882582449520083   } 
   kinetic_energyvar { 0.427063927278814   } 
   potential_energy { -2.959657924759581   } 
   potential_energyvar { 0.6197772726189328   } 
   nonlocal_energy { 0.3359335596847674   } 
   nonlocal_energyvar { 0.8724191637127112   } 
   autocorr_energy { } 
} 

block { 
   label dmc
   totweight 320000
   nautocorr 0
   total_energy { -1.934504389472573   } 
   total_energyvar { 0.01105000749403651   } 
   weight { 0.9996250086763629   } 
   weightvar { 0.09424715709240283   } 
   kinetic_energy { 0.6886474963049178   } 
   kinetic_energyvar { 0.4389435159755754   } 
   potential_energy { -2.957608132863497   } 
   potential_energyvar { 0.6205749180732543   } 
   nonlocal_energy { 0.3344562470860066   } 
   nonlocal_energyvar { 0.9210386496301273   } 
   autocorr_energy { } 
} 

block { 
   label dmc
   totweight 320000
   nautocorr 0
   total_energy { -1.934707242497539   } 
   total_energyvar { 0.01116516511277776   } 
   weight { 0.9990581583846002   } 
   weightvar { 0.09375200229779868   } 
   kinetic_energy { 0.6889798402113689   } 
   kinetic_energyvar { 0.4785911074029724   } 
   potential_energy { -2.965410284236004   } 
   potential_energyvar { 0.6296575589510685   } 
   nonlocal_energy { 0.341723201527095   } 
   nonlocal_energyvar { 0.960797089876428   } 
   autocorr_energy { } 
} 

block { 
   label dmc
   totweight 320000
   nautocorr 0
   total_energy { -1.935759988440641   } 
   total_energyvar { 0.01142302801677708   } 
   weight { 0.9991480372775641   } 
   weightvar { 0.09504948482069953   } 
   kinetic_energy { 0.6844213008953841   } 
   kinetic_energyvar { 0.4804613681330593   } 
   potential_energy { -2.966369665683612   } 
   potential_energyvar { 0.6548065655423283   } 
   nonlocal_energy { 0.3461883763475874   } 
   nonlocal_energyvar { 1.054003602134328   } 
   autocorr_energy { } 
} 

block { 
   label dmc
   totweight 320000
   nautocorr 0
   total_energy { -1.935690481985793   } 
   total_energyvar { 0.01153664498327212   } 
   weight { 0.9995896927978672   } 
   weightvar { 0.09534383186440354   } 
   kinetic_energy { 0.6879801608631368   } 
   kinetic_energyvar { 0.4347831704180562   } 
   potential_energy { -2.96177156130627   } 
   potential_energyvar { 0.6159432471116482   } 
   nonlocal_energy { 0.3381009184573398   } 
   nonlocal_energyvar { 0.8946203110458911   } 
   autocorr_energy { } 
} 

block { 
   label dmc
   totweight 320000
   nautocorr 0
   total_energy { -1.936162869842488   } 
   total_energyvar { 0.01181616143895603   } 
   weight { 0.9997918301760341   } 
   weightvar { 0.09710870211554745   } 
   kinetic_energy { 0.6929591328626735   } 
   kinetic_energyvar { 0.4599502597265068   } 
   potential_energy { -2.967772718158244   } 
   potential_energyvar { 0.6280658210848582   } 
   nonlocal_energy { 0.3386507154530813   } 
   nonlocal_energyvar { 0.9510623454573222   } 
   autocorr_energy { } 
} 

block { 
   label dmc
   totweight 320000
   nautocorr 0
   total_energy { -1.93622879140065   } 
   total_energyvar { 0.0110349517555246   } 
   weight { 1.000000088849076   } 
   weightvar { 0.09591018716978761   } 
   kinetic_energy { 0.6951909324924177   } 
   kinetic_energyvar { 0.4367330825879467   } 
   potential_energy { -2.962554318734256   } 
   potential_energyvar { 0.631247911111215   } 
   nonlocal_energy { 0.3311345948411882   } 
   nonlocal_energyvar { 0.8603999313970894   } 
   autocorr_energy { } 
} 

block { 
   label dmc
   totweight 320000
   nautocorr 0
   total_energy { -1.935723468111355   } 
   total_energyvar { 0.01197550836208361   } 
   weight { 1.000056959041028   } 
   weightvar { 0.09472534201561267   } 
   kinetic_energy { 0.6820187544487931   } 
   kinetic_energyvar { 0.4530540985459213   } 
   potential_energy { -2.976693681319664   } 
   potential_energyvar { 0.6553147525912237   } 
   nonlocal_energy { 0.358951458759515   } 
   nonlocal_energyvar { 0.9529152960716548   } 
   autocorr_energy { } 
} 

block { 
   label dmc
   totweight 320000
   nautocorr 0
   total_energy { -1.935239912103857   } 
   total_energyvar { 0.0115362291349812   } 
   weight { 0.9995286761485881   } 
   weightvar { 0.09568573043520623   } 
   kinetic_energy { 0.6876848223062807   } 
   kinetic_energyvar { 0.4495104198180572   } 
   potential_energy { -2.966949396667161   } 
   potential_energyvar { 0.6469435352649491   } 
   nonlocal_energy { 0.344024662257024   } 
   nonlocal_energyvar { 0.9598845650139451   } 
   autocorr_energy { } 
} 

block { 
   label dmc
   totweight 320000
   nautocorr 0
   total_energy { -1.937020739660016   } 
   total_energyvar { 0.01132172570618506   } 
   weight { 1.000193815762461   } 
   weightvar { 0.09592224579965114   } 
   kinetic_energy { 0.6860650711071092   } 
   kinetic_energyvar { 0.4424049502329476   } 
   potential_energy { -2.971148389263452   } 
   potential_energyvar { 0.6376001114374432   } 
   nonlocal_energy { 0.3480625784963269   } 
   nonlocal_energyvar { 0.9333854276331931   } 
   autocorr_energy { } 
} 

block { 
   label dmc
   totweight 320000
   nautocorr 0
   total_energy { -1.936346450012516   } 
   total_energyvar { 0.0116035241797765   } 
   weight { 1.000550653851006   } 
   weightvar { 0.09421285512980404   } 
   kinetic_energy { 0.6954800904000531   } 
   kinetic_energyvar { 0.4353497945043144   } 
   potential_energy { -2.982870752686973   } 
   potential_energyvar { 0.6285103917602637   } 
   nonlocal_energy { 0.3510442122744039   } 
   nonlocal_energyvar { 0.9227961720342173   } 
   autocorr_energy { } 
} 

block { 
   label dmc
   totweight 320000
   nautocorr 0
   total_energy { -1.936340207128587   } 
   total_energyvar { 0.01175186432775588   } 
   weight { 1.000281380694521   } 
   weightvar { 0.09362244766575567   } 
   kinetic_energy { 0.6976576004800522   } 
   kinetic_energyvar { 0.4206402233358529   } 
   potential_energy { -2.972546583614084   } 
   potential_energyvar { 0.6049710745743866   } 
   nonlocal_energy { 0.3385487760054441   } 
   nonlocal_energyvar { 0.8645419821340381   } 
   autocorr_energy { } 
} 

block { 
   label dmc
   totweight 320000
   nautocorr 0
   total_energy { -1.93589065965944   } 
   total_energyvar { 0.01130977729291516   } 
   weight { 1.00010317393366   } 
   weightvar { 0.09300760483567583   } 
   kinetic_energy { 0.6974272073943893   } 
   kinetic_energyvar { 0.4190797202273076   } 
   potential_energy { -2.965616899190124   } 
   potential_energyvar { 0.6066888873815302   } 
   nonlocal_energy { 0.3322990321362941   } 
   nonlocal_energyvar { 0.8501714724180167   } 
   autocorr_energy { } 
} 

