#-------------------------------------------------
#VMC run: timestep 1 nconfig 6400 steps 100
#-------------------------------------------------


init { 
   label vmc
}
block { 
   label vmc
   totweight 640000
   nautocorr 0
   total_energy { -1.929933598961056   } 
   total_energyvar { 0.01100342426212286   } 
   weight { 1   } 
   weightvar { 0   } 
   kinetic_energy { 0.661932806175531   } 
   kinetic_energyvar { 0.4281383638444408   } 
   potential_energy { -2.929516655408097   } 
   potential_energyvar { 0.6321505721414376   } 
   nonlocal_energy { 0.3376502502715094   } 
   nonlocal_energyvar { 0.9013805717842294   } 
   autocorr_energy { } 
} 

block { 
   label vmc
   totweight 640000
   nautocorr 0
   total_energy { -1.929936060410899   } 
   total_energyvar { 0.01111807643275187   } 
   weight { 1   } 
   weightvar { 0   } 
   kinetic_energy { 0.6624288904102558   } 
   kinetic_energyvar { 0.4225899291495676   } 
   potential_energy { -2.931635124595315   } 
   potential_energyvar { 0.6335264899057371   } 
   nonlocal_energy { 0.3392701737741607   } 
   nonlocal_energyvar { 0.9019941886558037   } 
   autocorr_energy { } 
} 

block { 
   label vmc
   totweight 640000
   nautocorr 0
   total_energy { -1.930187580399215   } 
   total_energyvar { 0.01101905648376045   } 
   weight { 1   } 
   weightvar { 0   } 
   kinetic_energy { 0.6622832077359613   } 
   kinetic_energyvar { 0.4217639271894917   } 
   potential_energy { -2.930587046351276   } 
   potential_energyvar { 0.6334606856103679   } 
   nonlocal_energy { 0.3381162582161004   } 
   nonlocal_energyvar { 0.8869789634729487   } 
   autocorr_energy { } 
} 

block { 
   label vmc
   totweight 640000
   nautocorr 0
   total_energy { -1.93013388922131   } 
   total_energyvar { 0.01117840890794009   } 
   weight { 1   } 
   weightvar { 0   } 
   kinetic_energy { 0.6609962028567576   } 
   kinetic_energyvar { 0.4321114581325203   } 
   potential_energy { -2.931081995658192   } 
   potential_energyvar { 0.6408216899305987   } 
   nonlocal_energy { 0.3399519035801237   } 
   nonlocal_energyvar { 0.9296183422708284   } 
   autocorr_energy { } 
} 

block { 
   label vmc
   totweight 640000
   nautocorr 0
   total_energy { -1.930222482040048   } 
   total_energyvar { 0.01126449716768896   } 
   weight { 1   } 
   weightvar { 0   } 
   kinetic_energy { 0.6624044990170752   } 
   kinetic_energyvar { 0.4227206122471986   } 
   potential_energy { -2.929649929556762   } 
   potential_energyvar { 0.6353239753259903   } 
   nonlocal_energy { 0.3370229484996388   } 
   nonlocal_energyvar { 0.8881698222707943   } 
   autocorr_energy { } 
} 

block { 
   label vmc
   totweight 640000
   nautocorr 0
   total_energy { -1.93024738422262   } 
   total_energyvar { 0.01114730991734536   } 
   weight { 1   } 
   weightvar { 0   } 
   kinetic_energy { 0.6623110864691863   } 
   kinetic_energyvar { 0.4131977119241052   } 
   potential_energy { -2.929393151757695   } 
   potential_energyvar { 0.6297590433492353   } 
   nonlocal_energy { 0.3368346810658881   } 
   nonlocal_energyvar { 0.8772951879933293   } 
   autocorr_energy { } 
} 

block { 
   label vmc
   totweight 640000
   nautocorr 0
   total_energy { -1.929997552443483   } 
   total_energyvar { 0.01115373155380617   } 
   weight { 1   } 
   weightvar { 0   } 
   kinetic_energy { 0.6608052667555212   } 
   kinetic_energyvar { 0.4260041558484427   } 
   potential_energy { -2.931853769708663   } 
   potential_energyvar { 0.6379422551798317   } 
   nonlocal_energy { 0.3410509505096595   } 
   nonlocal_energyvar { 0.9148461203078091   } 
   autocorr_energy { } 
} 

block { 
   label vmc
   totweight 640000
   nautocorr 0
   total_energy { -1.930023341212262   } 
   total_energyvar { 0.01126072355557639   } 
   weight { 1   } 
   weightvar { 0   } 
   kinetic_energy { 0.6616465621127294   } 
   kinetic_energyvar { 0.4313163255923497   } 
   potential_energy { -2.93163811107144   } 
   potential_energyvar { 0.6380624224232641   } 
   nonlocal_energy { 0.3399682077464489   } 
   nonlocal_energyvar { 0.927038089208379   } 
   autocorr_energy { } 
} 

block { 
   label vmc
   totweight 640000
   nautocorr 0
   total_energy { -1.930248111120368   } 
   total_energyvar { 0.01118913849379455   } 
   weight { 1   } 
   weightvar { 0   } 
   kinetic_energy { 0.6626956882988868   } 
   kinetic_energyvar { 0.4272126168320422   } 
   potential_energy { -2.931589343256845   } 
   potential_energyvar { 0.6351753360653731   } 
   nonlocal_energy { 0.3386455438375897   } 
   nonlocal_energyvar { 0.9063717738935764   } 
   autocorr_energy { } 
} 

block { 
   label vmc
   totweight 640000
   nautocorr 0
   total_energy { -1.930096508723772   } 
   total_energyvar { 0.01115487103306823   } 
   weight { 1   } 
   weightvar { 0   } 
   kinetic_energy { 0.6629708297484788   } 
   kinetic_energyvar { 0.4257750790783739   } 
   potential_energy { -2.931220354161534   } 
   potential_energyvar { 0.6337191649340408   } 
   nonlocal_energy { 0.3381530156892819   } 
   nonlocal_energyvar { 0.9011717478102268   } 
   autocorr_energy { } 
} 

#-------------------------------------------------
#VMC run: timestep 1 nconfig 6400 steps 100
#-------------------------------------------------


init { 
   label vmc
}
block { 
   label vmc
   totweight 640000
   nautocorr 0
   total_energy { -1.929522766024881   } 
   total_energyvar { 0.01034958947494591   } 
   weight { 1   } 
   weightvar { 0   } 
   kinetic_energy { 0.6645457399296091   } 
   kinetic_energyvar { 0.4458860907516602   } 
   potential_energy { -2.931827898148707   } 
   potential_energyvar { 0.6599361241963795   } 
   nonlocal_energy { 0.3377593921942174   } 
   nonlocal_energyvar { 0.9091986605506386   } 
   autocorr_energy { } 
} 

block { 
   label vmc
   totweight 640000
   nautocorr 0
   total_energy { -1.929338001523603   } 
   total_energyvar { 0.01043594804215831   } 
   weight { 1   } 
   weightvar { 0   } 
   kinetic_energy { 0.6643008407055118   } 
   kinetic_energyvar { 0.4201309949112919   } 
   potential_energy { -2.929104621377598   } 
   potential_energyvar { 0.6325444630575046   } 
   nonlocal_energy { 0.3354657791484826   } 
   nonlocal_energyvar { 0.8962368639100411   } 
   autocorr_energy { } 
} 

block { 
   label vmc
   totweight 640000
   nautocorr 0
   total_energy { -1.929534869883635   } 
   total_energyvar { 0.010454156103886   } 
   weight { 1   } 
   weightvar { 0   } 
   kinetic_energy { 0.6638524908166695   } 
   kinetic_energyvar { 0.4293997661495546   } 
   potential_energy { -2.929945425404794   } 
   potential_energyvar { 0.6418010949885318   } 
   nonlocal_energy { 0.3365580647044895   } 
   nonlocal_energyvar { 0.9295557779706223   } 
   autocorr_energy { } 
} 

block { 
   label vmc
   totweight 640000
   nautocorr 0
   total_energy { -1.929267229511773   } 
   total_energyvar { 0.01026073441354125   } 
   weight { 1   } 
   weightvar { 0   } 
   kinetic_energy { 0.6640584340790081   } 
   kinetic_energyvar { 0.4193130661458413   } 
   potential_energy { -2.928095568434556   } 
   potential_energyvar { 0.6305482037508803   } 
   nonlocal_energy { 0.3347699048437747   } 
   nonlocal_energyvar { 0.8972599750875502   } 
   autocorr_energy { } 
} 

block { 
   label vmc
   totweight 640000
   nautocorr 0
   total_energy { -1.929185563609402   } 
   total_energyvar { 0.01039871775295831   } 
   weight { 1   } 
   weightvar { 0   } 
   kinetic_energy { 0.6643195507282614   } 
   kinetic_energyvar { 0.4233191104851608   } 
   potential_energy { -2.930051461542278   } 
   potential_energyvar { 0.636937904636655   } 
   nonlocal_energy { 0.3365463472046152   } 
   nonlocal_energyvar { 0.9141863226333888   } 
   autocorr_energy { } 
} 

block { 
   label vmc
   totweight 640000
   nautocorr 0
   total_energy { -1.929277999890428   } 
   total_energyvar { 0.01035496504645206   } 
   weight { 1   } 
   weightvar { 0   } 
   kinetic_energy { 0.6625700989406494   } 
   kinetic_energyvar { 0.4363165948375684   } 
   potential_energy { -2.929649473615223   } 
   potential_energyvar { 0.6405776146754469   } 
   nonlocal_energy { 0.3378013747841448   } 
   nonlocal_energyvar { 0.9478037816926476   } 
   autocorr_energy { } 
} 

block { 
   label vmc
   totweight 640000
   nautocorr 0
   total_energy { -1.929657398616528   } 
   total_energyvar { 0.01032298320564928   } 
   weight { 1   } 
   weightvar { 0   } 
   kinetic_energy { 0.6626807884925781   } 
   kinetic_energyvar { 0.4249156048626069   } 
   potential_energy { -2.927746223040125   } 
   potential_energyvar { 0.6336343932386068   } 
   nonlocal_energy { 0.3354080359310188   } 
   nonlocal_energyvar { 0.906548687098361   } 
   autocorr_energy { } 
} 

block { 
   label vmc
   totweight 640000
   nautocorr 0
   total_energy { -1.929609151785681   } 
   total_energyvar { 0.0104719302008176   } 
   weight { 1   } 
   weightvar { 0   } 
   kinetic_energy { 0.6624000221069278   } 
   kinetic_energyvar { 0.425530074232023   } 
   potential_energy { -2.928957368695833   } 
   potential_energyvar { 0.6383638192374139   } 
   nonlocal_energy { 0.3369481948032243   } 
   nonlocal_energyvar { 0.9280406178453003   } 
   autocorr_energy { } 
} 

block { 
   label vmc
   totweight 640000
   nautocorr 0
   total_energy { -1.929572918747793   } 
   total_energyvar { 0.01026246909861284   } 
   weight { 1   } 
   weightvar { 0   } 
   kinetic_energy { 0.66357489978955   } 
   kinetic_energyvar { 0.4215240689083508   } 
   potential_energy { -2.930080454601965   } 
   potential_energyvar { 0.6443386072046771   } 
   nonlocal_energy { 0.3369326360646217   } 
   nonlocal_energyvar { 0.927130802970344   } 
   autocorr_energy { } 
} 

block { 
   label vmc
   totweight 640000
   nautocorr 0
   total_energy { -1.929373348154206   } 
   total_energyvar { 0.01059113670303313   } 
   weight { 1   } 
   weightvar { 0   } 
   kinetic_energy { 0.6635750145013746   } 
   kinetic_energyvar { 0.4308703118777739   } 
   potential_energy { -2.930379554372708   } 
   potential_energyvar { 0.6363526438662674   } 
   nonlocal_energy { 0.3374311917171273   } 
   nonlocal_energyvar { 0.927940364503408   } 
   autocorr_energy { } 
} 

