#-------------------------------------------------
#DMC run: timestep 0.005
#-------------------------------------------------


init { 
   label dmc
}
block { 
   label dmc
   totweight 1088000
   nautocorr 0
   total_energy { -123.3204271740562   } 
   total_energyvar { 2.033312332290734   } 
   weight { 1.00146601517131   } 
   weightvar { 0.09437302477757248   } 
   kinetic_energy { 72.85874012724999   } 
   kinetic_energyvar { 694.752181583789   } 
   potential_energy { -210.093500303228   } 
   potential_energyvar { 755.7960593259049   } 
   nonlocal_energy { 13.91433300192187   } 
   nonlocal_energyvar { 372.7639224386211   } 
   autocorr_energy { } 
} 

block { 
   label dmc
   totweight 1088000
   nautocorr 0
   total_energy { -123.3165662940358   } 
   total_energyvar { 2.013548700531828   } 
   weight { 0.9991826307243624   } 
   weightvar { 0.09512586656354427   } 
   kinetic_energy { 72.85148166095817   } 
   kinetic_energyvar { 700.2593728451238   } 
   potential_energy { -210.1347052028636   } 
   potential_energyvar { 766.305508343612   } 
   nonlocal_energy { 13.96665724786966   } 
   nonlocal_energyvar { 374.5996022921055   } 
   autocorr_energy { } 
} 

block { 
   label dmc
   totweight 1088000
   nautocorr 0
   total_energy { -123.3154561379221   } 
   total_energyvar { 1.979358033267999   } 
   weight { 0.9960099906079749   } 
   weightvar { 0.09663249994674927   } 
   kinetic_energy { 72.9104538476315   } 
   kinetic_energyvar { 687.5190563815995   } 
   potential_energy { -210.1717061512645   } 
   potential_energyvar { 757.8672384978709   } 
   nonlocal_energy { 13.94579616571087   } 
   nonlocal_energyvar { 366.4340725209214   } 
   autocorr_energy { } 
} 

block { 
   label dmc
   totweight 1088000
   nautocorr 0
   total_energy { -123.3100841287973   } 
   total_energyvar { 1.983301024720276   } 
   weight { 0.9931768931190167   } 
   weightvar { 0.09654086675688511   } 
   kinetic_energy { 72.76507867187516   } 
   kinetic_energyvar { 688.9542082853204   } 
   potential_energy { -210.0670409688284   } 
   potential_energyvar { 762.4359633068307   } 
   nonlocal_energy { 13.99187816815595   } 
   nonlocal_energyvar { 362.7560602184726   } 
   autocorr_energy { } 
} 

block { 
   label dmc
   totweight 1088000
   nautocorr 0
   total_energy { -123.3035602157033   } 
   total_energyvar { 2.018660212863324   } 
   weight { 0.9883169820484707   } 
   weightvar { 0.09477566515894709   } 
   kinetic_energy { 72.57708798494612   } 
   kinetic_energyvar { 691.6487790142255   } 
   potential_energy { -209.8990109868614   } 
   potential_energyvar { 763.8523289774312   } 
   nonlocal_energy { 14.01836278621196   } 
   nonlocal_energyvar { 370.6581918734303   } 
   autocorr_energy { } 
} 

block { 
   label dmc
   totweight 1088000
   nautocorr 0
   total_energy { -123.3141446268445   } 
   total_energyvar { 1.951001904741133   } 
   weight { 0.9926512042599018   } 
   weightvar { 0.0939496931520275   } 
   kinetic_energy { 72.77141977094942   } 
   kinetic_energyvar { 686.9154423944092   } 
   potential_energy { -210.0325498909336   } 
   potential_energyvar { 755.3921024028896   } 
   nonlocal_energy { 13.94698549313975   } 
   nonlocal_energyvar { 369.7304844062592   } 
   autocorr_energy { } 
} 

block { 
   label dmc
   totweight 1088000
   nautocorr 0
   total_energy { -123.3128580196511   } 
   total_energyvar { 1.93273408688583   } 
   weight { 0.9960910871205779   } 
   weightvar { 0.09523316372584301   } 
   kinetic_energy { 72.61080153707434   } 
   kinetic_energyvar { 680.1185739114926   } 
   potential_energy { -209.7829615331765   } 
   potential_energyvar { 752.8363386445781   } 
   nonlocal_energy { 13.85930197645106   } 
   nonlocal_energyvar { 357.658115135081   } 
   autocorr_energy { } 
} 

block { 
   label dmc
   totweight 1088000
   nautocorr 0
   total_energy { -123.31585005542   } 
   total_energyvar { 2.006947355370357   } 
   weight { 0.9973769817739137   } 
   weightvar { 0.09397924965489313   } 
   kinetic_energy { 72.63453968976481   } 
   kinetic_energyvar { 691.1733673742101   } 
   potential_energy { -209.8630294016641   } 
   potential_energyvar { 761.05343336019   } 
   nonlocal_energy { 13.91263965647931   } 
   nonlocal_energyvar { 371.5760181103699   } 
   autocorr_energy { } 
} 

block { 
   label dmc
   totweight 1088000
   nautocorr 0
   total_energy { -123.3180143893279   } 
   total_energyvar { 1.959237990562542   } 
   weight { 1.000812372302511   } 
   weightvar { 0.09324972613276339   } 
   kinetic_energy { 72.6778843701435   } 
   kinetic_energyvar { 702.9576890728767   } 
   potential_energy { -209.897698603212   } 
   potential_energyvar { 765.5774991075377   } 
   nonlocal_energy { 13.90179984374062   } 
   nonlocal_energyvar { 374.4973110446033   } 
   autocorr_energy { } 
} 

block { 
   label dmc
   totweight 1088000
   nautocorr 0
   total_energy { -123.3095148931835   } 
   total_energyvar { 1.980872782274673   } 
   weight { 1.000035659575455   } 
   weightvar { 0.09264340473096699   } 
   kinetic_energy { 72.46452297389628   } 
   kinetic_energyvar { 708.4908619723174   } 
   potential_energy { -209.7997327523522   } 
   potential_energyvar { 760.1307279471657   } 
   nonlocal_energy { 14.02569488527235   } 
   nonlocal_energyvar { 391.974183500279   } 
   autocorr_energy { } 
} 

block { 
   label dmc
   totweight 1088000
   nautocorr 0
   total_energy { -123.3104828086797   } 
   total_energyvar { 2.067131887599317   } 
   weight { 0.9938004921828861   } 
   weightvar { 0.09400055301161647   } 
   kinetic_energy { 72.50974146675723   } 
   kinetic_energyvar { 712.8325820745495   } 
   potential_energy { -209.6735417301385   } 
   potential_energyvar { 764.7275229385195   } 
   nonlocal_energy { 13.85331745470156   } 
   nonlocal_energyvar { 386.2658056298096   } 
   autocorr_energy { } 
} 

block { 
   label dmc
   totweight 1088000
   nautocorr 0
   total_energy { -123.3139055276442   } 
   total_energyvar { 1.968176255022627   } 
   weight { 0.995971464075138   } 
   weightvar { 0.09559793518507798   } 
   kinetic_energy { 72.74148862361416   } 
   kinetic_energyvar { 704.7211492395454   } 
   potential_energy { -210.0051469315358   } 
   potential_energyvar { 768.6495404122106   } 
   nonlocal_energy { 13.94975278027752   } 
   nonlocal_energyvar { 377.5206126243495   } 
   autocorr_energy { } 
} 

block { 
   label dmc
   totweight 1088000
   nautocorr 0
   total_energy { -123.3153074890931   } 
   total_energyvar { 1.919144081573904   } 
   weight { 0.99880586186631   } 
   weightvar { 0.09584081866731287   } 
   kinetic_energy { 72.62689824559303   } 
   kinetic_energyvar { 687.1962835545382   } 
   potential_energy { -209.8424833804554   } 
   potential_energyvar { 757.2871228963486   } 
   nonlocal_energy { 13.90027764576927   } 
   nonlocal_energyvar { 361.5974034727424   } 
   autocorr_energy { } 
} 

block { 
   label dmc
   totweight 1088000
   nautocorr 0
   total_energy { -123.3175197897308   } 
   total_energyvar { 1.948308640516188   } 
   weight { 1.000075819750251   } 
   weightvar { 0.09309962641797043   } 
   kinetic_energy { 72.77798484429485   } 
   kinetic_energyvar { 693.9331260447861   } 
   potential_energy { -210.0610911192545   } 
   potential_energyvar { 759.406932530379   } 
   nonlocal_energy { 13.96558648522883   } 
   nonlocal_energyvar { 371.5223480804295   } 
   autocorr_energy { } 
} 

block { 
   label dmc
   totweight 1088000
   nautocorr 0
   total_energy { -123.311692563527   } 
   total_energyvar { 1.986682129765541   } 
   weight { 0.9999664937494137   } 
   weightvar { 0.09498392906336028   } 
   kinetic_energy { 72.95021620210962   } 
   kinetic_energyvar { 691.0846163917304   } 
   potential_energy { -210.2173460790816   } 
   potential_energyvar { 763.3492326370979   } 
   nonlocal_energy { 13.955437313445   } 
   nonlocal_energyvar { 370.1671266938554   } 
   autocorr_energy { } 
} 

block { 
   label dmc
   totweight 1088000
   nautocorr 0
   total_energy { -123.3129942194284   } 
   total_energyvar { 1.999177221392529   } 
   weight { 0.9958170762178185   } 
   weightvar { 0.09550412827637511   } 
   kinetic_energy { 72.78456772884714   } 
   kinetic_energyvar { 690.9337473339237   } 
   potential_energy { -210.132149515746   } 
   potential_energyvar { 755.0061058035062   } 
   nonlocal_energy { 14.03458756747045   } 
   nonlocal_energyvar { 372.1219619554414   } 
   autocorr_energy { } 
} 

block { 
   label dmc
   totweight 1088000
   nautocorr 0
   total_energy { -123.3149808918689   } 
   total_energyvar { 1.93416596156203   } 
   weight { 0.9984547921135424   } 
   weightvar { 0.09730618748025621   } 
   kinetic_energy { 72.66621073394232   } 
   kinetic_energyvar { 694.7297790161956   } 
   potential_energy { -209.9628765688188   } 
   potential_energyvar { 763.5041269476278   } 
   nonlocal_energy { 13.98168494300756   } 
   nonlocal_energyvar { 369.4832464841095   } 
   autocorr_energy { } 
} 

block { 
   label dmc
   totweight 1088000
   nautocorr 0
   total_energy { -123.3197328514855   } 
   total_energyvar { 1.942099565669196   } 
   weight { 1.000263980744145   } 
   weightvar { 0.09472850827030044   } 
   kinetic_energy { 72.64050613618204   } 
   kinetic_energyvar { 682.030256539545   } 
   potential_energy { -209.8952708403795   } 
   potential_energyvar { 751.3481626634966   } 
   nonlocal_energy { 13.93503185271199   } 
   nonlocal_energyvar { 365.5088702831296   } 
   autocorr_energy { } 
} 

block { 
   label dmc
   totweight 1088000
   nautocorr 0
   total_energy { -123.30869520726   } 
   total_energyvar { 2.005322469949533   } 
   weight { 0.9987673589203696   } 
   weightvar { 0.08997944203728603   } 
   kinetic_energy { 72.75334390171096   } 
   kinetic_energyvar { 705.2164330030464   } 
   potential_energy { -210.0458744275359   } 
   potential_energyvar { 761.9312952266919   } 
   nonlocal_energy { 13.98383531856501   } 
   nonlocal_energyvar { 380.8165593422319   } 
   autocorr_energy { } 
} 

block { 
   label dmc
   totweight 1088000
   nautocorr 0
   total_energy { -123.312945291945   } 
   total_energyvar { 1.959194050037695   } 
   weight { 0.9954787612375959   } 
   weightvar { 0.09228210196120823   } 
   kinetic_energy { 73.00773473684163   } 
   kinetic_energyvar { 696.9348792225255   } 
   potential_energy { -210.3260307537949   } 
   potential_energyvar { 762.3948655049535   } 
   nonlocal_energy { 14.00535072500833   } 
   nonlocal_energyvar { 374.2395848440987   } 
   autocorr_energy { } 
} 

block { 
   label dmc
   totweight 1088000
   nautocorr 0
   total_energy { -123.3123804226197   } 
   total_energyvar { 1.937475844482833   } 
   weight { 0.9961408023094546   } 
   weightvar { 0.09584373521386458   } 
   kinetic_energy { 72.52649418708995   } 
   kinetic_energyvar { 684.8645443742944   } 
   potential_energy { -209.6648288678945   } 
   potential_energyvar { 759.9970508632177   } 
   nonlocal_energy { 13.82595425818483   } 
   nonlocal_energyvar { 361.8604900047083   } 
   autocorr_energy { } 
} 

block { 
   label dmc
   totweight 1088000
   nautocorr 0
   total_energy { -123.3178763920923   } 
   total_energyvar { 2.014731113407834   } 
   weight { 0.99877736484613   } 
   weightvar { 0.09641530910032792   } 
   kinetic_energy { 72.45676115884352   } 
   kinetic_energyvar { 686.8535530380377   } 
   potential_energy { -209.633575191241   } 
   potential_energyvar { 751.5084345060313   } 
   nonlocal_energy { 13.85893764030524   } 
   nonlocal_energyvar { 365.9981414544767   } 
   autocorr_energy { } 
} 

block { 
   label dmc
   totweight 1088000
   nautocorr 0
   total_energy { -123.3164937565914   } 
   total_energyvar { 1.94633877608976   } 
   weight { 1.000219647052972   } 
   weightvar { 0.09403480578707502   } 
   kinetic_energy { 72.25879664368263   } 
   kinetic_energyvar { 687.0500856398703   } 
   potential_energy { -209.33439881238   } 
   potential_energyvar { 755.0259629640495   } 
   nonlocal_energy { 13.7591084121059   } 
   nonlocal_energyvar { 369.7850398786093   } 
   autocorr_energy { } 
} 

block { 
   label dmc
   totweight 1088000
   nautocorr 0
   total_energy { -123.31204930967   } 
   total_energyvar { 1.986291706087286   } 
   weight { 0.9979569967588117   } 
   weightvar { 0.09344257282976243   } 
   kinetic_energy { 72.96130964584123   } 
   kinetic_energyvar { 686.0357387237764   } 
   potential_energy { -210.2892688957053   } 
   potential_energyvar { 758.1495376571911   } 
   nonlocal_energy { 14.01590994019404   } 
   nonlocal_energyvar { 373.0376598533038   } 
   autocorr_energy { } 
} 

block { 
   label dmc
   totweight 1088000
   nautocorr 0
   total_energy { -123.3135769534661   } 
   total_energyvar { 1.987718992410009   } 
   weight { 0.9948872551439043   } 
   weightvar { 0.09387417556137612   } 
   kinetic_energy { 72.79933490791349   } 
   kinetic_energyvar { 703.4190546650852   } 
   potential_energy { -210.0157331517068   } 
   potential_energyvar { 758.8126305173719   } 
   nonlocal_energy { 13.90282129032718   } 
   nonlocal_energyvar { 381.1435692588497   } 
   autocorr_energy { } 
} 

block { 
   label dmc
   totweight 1088000
   nautocorr 0
   total_energy { -123.3182761663685   } 
   total_energyvar { 1.962966704941209   } 
   weight { 0.9994685441262146   } 
   weightvar { 0.09292306750094226   } 
   kinetic_energy { 72.56056554264062   } 
   kinetic_energyvar { 681.5853427471638   } 
   potential_energy { -209.9254959301083   } 
   potential_energyvar { 753.7451562169445   } 
   nonlocal_energy { 14.04665422109913   } 
   nonlocal_energyvar { 366.011772904893   } 
   autocorr_energy { } 
} 

block { 
   label dmc
   totweight 1088000
   nautocorr 0
   total_energy { -123.3204176762884   } 
   total_energyvar { 1.963827857784054   } 
   weight { 1.000819972983918   } 
   weightvar { 0.09426262881769287   } 
   kinetic_energy { 72.58816805174911   } 
   kinetic_energyvar { 696.2075043863069   } 
   potential_energy { -209.8595098566854   } 
   potential_energyvar { 752.5904186572516   } 
   nonlocal_energy { 13.95092412864789   } 
   nonlocal_energyvar { 380.0550130329743   } 
   autocorr_energy { } 
} 

block { 
   label dmc
   totweight 1088000
   nautocorr 0
   total_energy { -123.321008395696   } 
   total_energyvar { 1.987184136547512   } 
   weight { 1.003437540892827   } 
   weightvar { 0.09349453981663958   } 
   kinetic_energy { 72.6888356178363   } 
   kinetic_energyvar { 699.4184140427169   } 
   potential_energy { -209.9020406920822   } 
   potential_energyvar { 756.2620216448922   } 
   nonlocal_energy { 13.89219667854983   } 
   nonlocal_energyvar { 379.1338578073868   } 
   autocorr_energy { } 
} 

block { 
   label dmc
   totweight 1088000
   nautocorr 0
   total_energy { -123.3167525083914   } 
   total_energyvar { 2.066258091412237   } 
   weight { 1.000981550845547   } 
   weightvar { 0.09297066124188613   } 
   kinetic_energy { 72.57188927618452   } 
   kinetic_energyvar { 692.3477906720591   } 
   potential_energy { -209.7234215184664   } 
   potential_energyvar { 759.6653657303759   } 
   nonlocal_energy { 13.83477973389046   } 
   nonlocal_energyvar { 366.9056597616604   } 
   autocorr_energy { } 
} 

block { 
   label dmc
   totweight 1088000
   nautocorr 0
   total_energy { -123.3107294626971   } 
   total_energyvar { 1.95987399445039   } 
   weight { 0.9988813323835855   } 
   weightvar { 0.09433052310007839   } 
   kinetic_energy { 72.82471037459146   } 
   kinetic_energyvar { 698.3825395802542   } 
   potential_energy { -210.0941296723342   } 
   potential_energyvar { 766.5662132562502   } 
   nonlocal_energy { 13.95868983504573   } 
   nonlocal_energyvar { 374.9458136288162   } 
   autocorr_energy { } 
} 

block { 
   label dmc
   totweight 1088000
   nautocorr 0
   total_energy { -123.3158141485242   } 
   total_energyvar { 1.941153742456663   } 
   weight { 0.9961288460743496   } 
   weightvar { 0.09567012821654419   } 
   kinetic_energy { 72.52389957345197   } 
   kinetic_energyvar { 684.8113649387342   } 
   potential_energy { -209.7483413705203   } 
   potential_energyvar { 761.9013514009421   } 
   nonlocal_energy { 13.90862764854415   } 
   nonlocal_energyvar { 363.488615118392   } 
   autocorr_energy { } 
} 

block { 
   label dmc
   totweight 1088000
   nautocorr 0
   total_energy { -123.3172693663449   } 
   total_energyvar { 1.975870335138097   } 
   weight { 0.9980272163764333   } 
   weightvar { 0.09481413141329087   } 
   kinetic_energy { 72.9538439196087   } 
   kinetic_energyvar { 698.3360008880345   } 
   potential_energy { -210.2627122402295   } 
   potential_energyvar { 763.558537782068   } 
   nonlocal_energy { 13.9915989542759   } 
   nonlocal_energyvar { 372.8372591382758   } 
   autocorr_energy { } 
} 

block { 
   label dmc
   totweight 1088000
   nautocorr 0
   total_energy { -123.3184511148099   } 
   total_energyvar { 1.991088693928759   } 
   weight { 0.9996725558539029   } 
   weightvar { 0.09460235562548103   } 
   kinetic_energy { 72.65273525967211   } 
   kinetic_energyvar { 701.0705985036457   } 
   potential_energy { -209.8811840555364   } 
   potential_energyvar { 754.5304534936877   } 
   nonlocal_energy { 13.90999768105434   } 
   nonlocal_energyvar { 385.378070170143   } 
   autocorr_energy { } 
} 

block { 
   label dmc
   totweight 1088000
   nautocorr 0
   total_energy { -123.3063157078926   } 
   total_energyvar { 2.01003503181164   } 
   weight { 0.9942505181452975   } 
   weightvar { 0.09388564430369684   } 
   kinetic_energy { 72.70450778974676   } 
   kinetic_energyvar { 693.1458790305205   } 
   potential_energy { -209.9997196559698   } 
   potential_energyvar { 764.20329022855   } 
   nonlocal_energy { 13.98889615833044   } 
   nonlocal_energyvar { 372.9331693703818   } 
   autocorr_energy { } 
} 

block { 
   label dmc
   totweight 1088000
   nautocorr 0
   total_energy { -123.3158776498863   } 
   total_energyvar { 1.98519963880608   } 
   weight { 0.9973708447642924   } 
   weightvar { 0.09420134068906072   } 
   kinetic_energy { 72.44017536839324   } 
   kinetic_energyvar { 680.9635021880758   } 
   potential_energy { -209.670152916069   } 
   potential_energyvar { 754.3515697417097   } 
   nonlocal_energy { 13.91409989778942   } 
   nonlocal_energyvar { 367.2008224601673   } 
   autocorr_energy { } 
} 

block { 
   label dmc
   totweight 1088000
   nautocorr 0
   total_energy { -123.3164509017933   } 
   total_energyvar { 1.990868889648482   } 
   weight { 0.9971810681030406   } 
   weightvar { 0.09421904093756583   } 
   kinetic_energy { 72.81867155117631   } 
   kinetic_energyvar { 699.6684262678073   } 
   potential_energy { -210.0409618355577   } 
   potential_energyvar { 757.7911739353149   } 
   nonlocal_energy { 13.90583938258816   } 
   nonlocal_energyvar { 375.5510488644155   } 
   autocorr_energy { } 
} 

block { 
   label dmc
   totweight 1088000
   nautocorr 0
   total_energy { -123.3124626196061   } 
   total_energyvar { 1.964321329185623   } 
   weight { 0.9966201371256119   } 
   weightvar { 0.09474714019189379   } 
   kinetic_energy { 72.76664359796096   } 
   kinetic_energyvar { 686.6180687699452   } 
   potential_energy { -210.0629538370643   } 
   potential_energyvar { 763.3284722911558   } 
   nonlocal_energy { 13.98384761949722   } 
   nonlocal_energyvar { 368.1111035843329   } 
   autocorr_energy { } 
} 

block { 
   label dmc
   totweight 1088000
   nautocorr 0
   total_energy { -123.317328712866   } 
   total_energyvar { 1.948273439818877   } 
   weight { 0.9990928497512396   } 
   weightvar { 0.09361546201962301   } 
   kinetic_energy { 72.6826552189393   } 
   kinetic_energyvar { 682.7768032545891   } 
   potential_energy { -209.9178238229382   } 
   potential_energyvar { 757.0136096770875   } 
   nonlocal_energy { 13.91783989113286   } 
   nonlocal_energyvar { 364.6600119620823   } 
   autocorr_energy { } 
} 

block { 
   label dmc
   totweight 1088000
   nautocorr 0
   total_energy { -123.3111691380128   } 
   total_energyvar { 1.953515734576285   } 
   weight { 0.9972403374684704   } 
   weightvar { 0.09312709622736359   } 
   kinetic_energy { 72.5834988274906   } 
   kinetic_energyvar { 685.6321471515921   } 
   potential_energy { -209.8194246452451   } 
   potential_energyvar { 756.2948274547452   } 
   nonlocal_energy { 13.92475667974168   } 
   nonlocal_energyvar { 368.9809313619272   } 
   autocorr_energy { } 
} 

block { 
   label dmc
   totweight 1088000
   nautocorr 0
   total_energy { -123.3145886955856   } 
   total_energyvar { 2.045626754828845   } 
   weight { 0.9967814512493758   } 
   weightvar { 0.09464745391454421   } 
   kinetic_energy { 72.58095825439584   } 
   kinetic_energyvar { 699.1167587149739   } 
   potential_energy { -209.7624967481552   } 
   potential_energyvar { 764.7145712319834   } 
   nonlocal_energy { 13.86694979817381   } 
   nonlocal_energyvar { 376.9129276481717   } 
   autocorr_energy { } 
} 

