#-------------------------------------------------
#VMC run: timestep 0.6 nconfig 3200 steps 100
#-------------------------------------------------


init { 
   label VMC_1
}
block { 
   label VMC_1
   totweight 320000
   nautocorr 0
   total_energy { -123.2101047384288   } 
   total_energyvar { 1.709105348032608   } 
   weight { 1   } 
   weightvar { 0   } 
   kinetic_energy { 71.72159439179811   } 
   kinetic_energyvar { 684.6685272754476   } 
   potential_energy { -209.055465704073   } 
   potential_energyvar { 779.989154863375   } 
   nonlocal_energy { 14.12376657384608   } 
   nonlocal_energyvar { 356.914516812161   } 
   autocorr_energy { } 
} 

block { 
   label VMC_1
   totweight 320000
   nautocorr 0
   total_energy { -123.2150217100021   } 
   total_energyvar { 1.730472599421773   } 
   weight { 1   } 
   weightvar { 0   } 
   kinetic_energy { 71.76791315831028   } 
   kinetic_energyvar { 675.333871330803   } 
   potential_energy { -209.1044554526991   } 
   potential_energyvar { 789.4008405882123   } 
   nonlocal_energy { 14.12152058438672   } 
   nonlocal_energyvar { 354.5372626009613   } 
   autocorr_energy { } 
} 

block { 
   label VMC_1
   totweight 320000
   nautocorr 0
   total_energy { -123.2094600947247   } 
   total_energyvar { 1.746054826360705   } 
   weight { 1   } 
   weightvar { 0   } 
   kinetic_energy { 71.70411688215977   } 
   kinetic_energyvar { 680.8773961899378   } 
   potential_energy { -209.044926807596   } 
   potential_energyvar { 790.4841223627081   } 
   nonlocal_energy { 14.13134983071151   } 
   nonlocal_energyvar { 354.6454959419768   } 
   autocorr_energy { } 
} 

block { 
   label VMC_1
   totweight 320000
   nautocorr 0
   total_energy { -123.2167568107769   } 
   total_energyvar { 1.819403674062414   } 
   weight { 1   } 
   weightvar { 0   } 
   kinetic_energy { 71.63603140559219   } 
   kinetic_energyvar { 716.012516671105   } 
   potential_energy { -208.9528496452529   } 
   potential_energyvar { 786.6368310996768   } 
   nonlocal_energy { 14.10006142888379   } 
   nonlocal_energyvar { 397.449687493409   } 
   autocorr_energy { } 
} 

block { 
   label VMC_1
   totweight 320000
   nautocorr 0
   total_energy { -123.2071751347931   } 
   total_energyvar { 1.747021551054786   } 
   weight { 1   } 
   weightvar { 0   } 
   kinetic_energy { 71.64181865911938   } 
   kinetic_energyvar { 668.0427713826184   } 
   potential_energy { -208.9238367104148   } 
   potential_energyvar { 780.8358233673789   } 
   nonlocal_energy { 14.07484291650231   } 
   nonlocal_energyvar { 343.3236988576288   } 
   autocorr_energy { } 
} 

block { 
   label VMC_1
   totweight 320000
   nautocorr 0
   total_energy { -123.2156197999587   } 
   total_energyvar { 1.7556021972905   } 
   weight { 1   } 
   weightvar { 0   } 
   kinetic_energy { 71.80984845394671   } 
   kinetic_energyvar { 676.4861058189726   } 
   potential_energy { -209.1587990096511   } 
   potential_energyvar { 785.3481559177671   } 
   nonlocal_energy { 14.13333075574566   } 
   nonlocal_energyvar { 356.6587228932154   } 
   autocorr_energy { } 
} 

block { 
   label VMC_1
   totweight 320000
   nautocorr 0
   total_energy { -123.2105042796343   } 
   total_energyvar { 1.73230478664118   } 
   weight { 1   } 
   weightvar { 0   } 
   kinetic_energy { 71.71578953507642   } 
   kinetic_energyvar { 686.1464749301022   } 
   potential_energy { -209.1360678258417   } 
   potential_energyvar { 785.4402902539732   } 
   nonlocal_energy { 14.20977401113089   } 
   nonlocal_energyvar { 360.7512148225489   } 
   autocorr_energy { } 
} 

block { 
   label VMC_1
   totweight 320000
   nautocorr 0
   total_energy { -123.2113148563692   } 
   total_energyvar { 1.755492156733453   } 
   weight { 1   } 
   weightvar { 0   } 
   kinetic_energy { 71.69182965662542   } 
   kinetic_energyvar { 696.6887850549247   } 
   potential_energy { -209.1056562657247   } 
   potential_energyvar { 782.6645366332232   } 
   nonlocal_energy { 14.2025117527301   } 
   nonlocal_energyvar { 381.3228627529306   } 
   autocorr_energy { } 
} 

block { 
   label VMC_1
   totweight 320000
   nautocorr 0
   total_energy { -123.2139438439119   } 
   total_energyvar { 1.711423398184706   } 
   weight { 1   } 
   weightvar { 0   } 
   kinetic_energy { 71.74419575610573   } 
   kinetic_energyvar { 667.7118545191324   } 
   potential_energy { -209.0879040634857   } 
   potential_energyvar { 783.4463535625546   } 
   nonlocal_energy { 14.1297644634681   } 
   nonlocal_energyvar { 344.3527520826678   } 
   autocorr_energy { } 
} 

block { 
   label VMC_1
   totweight 320000
   nautocorr 0
   total_energy { -123.2149946305871   } 
   total_energyvar { 1.745067191082853   } 
   weight { 1   } 
   weightvar { 0   } 
   kinetic_energy { 71.83346851248852   } 
   kinetic_energyvar { 676.2656385525861   } 
   potential_energy { -209.2344916245571   } 
   potential_energyvar { 791.0503722575377   } 
   nonlocal_energy { 14.18602848148156   } 
   nonlocal_energyvar { 351.8701857082563   } 
   autocorr_energy { } 
} 

block { 
   label VMC_1
   totweight 320000
   nautocorr 0
   total_energy { -123.2126692421451   } 
   total_energyvar { 1.768143183093343   } 
   weight { 1   } 
   weightvar { 0   } 
   kinetic_energy { 71.768412211971   } 
   kinetic_energyvar { 686.7465836239626   } 
   potential_energy { -209.1541866241192   } 
   potential_energyvar { 789.1230383201837   } 
   nonlocal_energy { 14.17310517000307   } 
   nonlocal_energyvar { 367.8443194579436   } 
   autocorr_energy { } 
} 

block { 
   label VMC_1
   totweight 320000
   nautocorr 0
   total_energy { -123.2125227531621   } 
   total_energyvar { 1.735682155862378   } 
   weight { 1   } 
   weightvar { 0   } 
   kinetic_energy { 71.66723145185905   } 
   kinetic_energyvar { 677.7019704850345   } 
   potential_energy { -209.0560649126689   } 
   potential_energyvar { 786.1669609192468   } 
   nonlocal_energy { 14.17631070764771   } 
   nonlocal_energyvar { 354.7944750103294   } 
   autocorr_energy { } 
} 

block { 
   label VMC_1
   totweight 320000
   nautocorr 0
   total_energy { -123.2064960455445   } 
   total_energyvar { 1.734351708604663   } 
   weight { 1   } 
   weightvar { 0   } 
   kinetic_energy { 71.6173439308281   } 
   kinetic_energyvar { 671.7932972589088   } 
   potential_energy { -208.9377026831783   } 
   potential_energyvar { 783.9591963995699   } 
   nonlocal_energy { 14.11386270680571   } 
   nonlocal_energyvar { 349.6307089489889   } 
   autocorr_energy { } 
} 

block { 
   label VMC_1
   totweight 320000
   nautocorr 0
   total_energy { -123.2142377025171   } 
   total_energyvar { 1.718915099476362   } 
   weight { 1   } 
   weightvar { 0   } 
   kinetic_energy { 71.85306734035386   } 
   kinetic_energyvar { 682.8616790747465   } 
   potential_energy { -209.20095059495   } 
   potential_energyvar { 790.1750171655658   } 
   nonlocal_energy { 14.1336455520791   } 
   nonlocal_energyvar { 353.7341755652434   } 
   autocorr_energy { } 
} 

block { 
   label VMC_1
   totweight 320000
   nautocorr 0
   total_energy { -123.2152672293039   } 
   total_energyvar { 1.749545229480646   } 
   weight { 1   } 
   weightvar { 0   } 
   kinetic_energy { 71.70212910242358   } 
   kinetic_energyvar { 702.1212947823442   } 
   potential_energy { -209.0678641992055   } 
   potential_energyvar { 780.4213506542364   } 
   nonlocal_energy { 14.15046786747804   } 
   nonlocal_energyvar { 383.8344233593575   } 
   autocorr_energy { } 
} 

block { 
   label VMC_1
   totweight 320000
   nautocorr 0
   total_energy { -123.2117126929591   } 
   total_energyvar { 1.714225402767624   } 
   weight { 1   } 
   weightvar { 0   } 
   kinetic_energy { 71.79106571138657   } 
   kinetic_energyvar { 674.4401338839543   } 
   potential_energy { -209.1187133293467   } 
   potential_energyvar { 788.229563581488   } 
   nonlocal_energy { 14.11593492500103   } 
   nonlocal_energyvar { 345.0455700553782   } 
   autocorr_energy { } 
} 

block { 
   label VMC_1
   totweight 320000
   nautocorr 0
   total_energy { -123.2078457984868   } 
   total_energyvar { 1.701998098958938   } 
   weight { 1   } 
   weightvar { 0   } 
   kinetic_energy { 71.67889499730749   } 
   kinetic_energyvar { 673.370516933418   } 
   potential_energy { -208.9598142679946   } 
   potential_energyvar { 782.1548578881702   } 
   nonlocal_energy { 14.07307347220024   } 
   nonlocal_energyvar { 348.5363620062881   } 
   autocorr_energy { } 
} 

block { 
   label VMC_1
   totweight 320000
   nautocorr 0
   total_energy { -123.2101300200582   } 
   total_energyvar { 1.712772018587202   } 
   weight { 1   } 
   weightvar { 0   } 
   kinetic_energy { 71.73724211330861   } 
   kinetic_energyvar { 669.5265242954902   } 
   potential_energy { -209.0825458208697   } 
   potential_energyvar { 784.3667411168281   } 
   nonlocal_energy { 14.13517368750288   } 
   nonlocal_energyvar { 343.5102874786699   } 
   autocorr_energy { } 
} 

block { 
   label VMC_1
   totweight 320000
   nautocorr 0
   total_energy { -123.2124588097502   } 
   total_energyvar { 1.720061509211519   } 
   weight { 1   } 
   weightvar { 0   } 
   kinetic_energy { 71.69358278555062   } 
   kinetic_energyvar { 667.5522029661088   } 
   potential_energy { -209.042001311177   } 
   potential_energyvar { 788.9211536915245   } 
   nonlocal_energy { 14.13595971587617   } 
   nonlocal_energyvar { 341.151599462824   } 
   autocorr_energy { } 
} 

block { 
   label VMC_1
   totweight 320000
   nautocorr 0
   total_energy { -123.2100443584689   } 
   total_energyvar { 1.719016926648692   } 
   weight { 1   } 
   weightvar { 0   } 
   kinetic_energy { 71.62032250943801   } 
   kinetic_energyvar { 672.1856907879919   } 
   potential_energy { -208.9567683793334   } 
   potential_energyvar { 779.5355025017125   } 
   nonlocal_energy { 14.12640151142642   } 
   nonlocal_energyvar { 351.1724682544492   } 
   autocorr_energy { } 
} 

block { 
   label VMC_1
   totweight 320000
   nautocorr 0
   total_energy { -123.211037378188   } 
   total_energyvar { 1.750885522968019   } 
   weight { 1   } 
   weightvar { 0   } 
   kinetic_energy { 71.62826628715409   } 
   kinetic_energyvar { 655.55930538554   } 
   potential_energy { -208.9567755022142   } 
   potential_energyvar { 782.3751542282698   } 
   nonlocal_energy { 14.11747183687212   } 
   nonlocal_energyvar { 339.2368790386059   } 
   autocorr_energy { } 
} 

block { 
   label VMC_1
   totweight 320000
   nautocorr 0
   total_energy { -123.2122546951302   } 
   total_energyvar { 1.759066865564819   } 
   weight { 1   } 
   weightvar { 0   } 
   kinetic_energy { 71.78474562957227   } 
   kinetic_energyvar { 671.2292661078054   } 
   potential_energy { -209.131835470809   } 
   potential_energyvar { 778.0515990059212   } 
   nonlocal_energy { 14.13483514610655   } 
   nonlocal_energyvar { 351.1908345577574   } 
   autocorr_energy { } 
} 

block { 
   label VMC_1
   totweight 320000
   nautocorr 0
   total_energy { -123.2134021228413   } 
   total_energyvar { 1.735182109083325   } 
   weight { 1   } 
   weightvar { 0   } 
   kinetic_energy { 71.78257523745054   } 
   kinetic_energyvar { 679.7168501199276   } 
   potential_energy { -209.1072158926148   } 
   potential_energyvar { 788.3550373221806   } 
   nonlocal_energy { 14.11123853232293   } 
   nonlocal_energyvar { 359.1251282728773   } 
   autocorr_energy { } 
} 

block { 
   label VMC_1
   totweight 320000
   nautocorr 0
   total_energy { -123.2178654342416   } 
   total_energyvar { 1.745287927446043   } 
   weight { 1   } 
   weightvar { 0   } 
   kinetic_energy { 71.72818664970787   } 
   kinetic_energyvar { 666.1934698885316   } 
   potential_energy { -209.149010142214   } 
   potential_energyvar { 783.9666800232735   } 
   nonlocal_energy { 14.20295805826458   } 
   nonlocal_energyvar { 350.6195707682647   } 
   autocorr_energy { } 
} 

block { 
   label VMC_1
   totweight 320000
   nautocorr 0
   total_energy { -123.2113448988708   } 
   total_energyvar { 1.721364613507831   } 
   weight { 1   } 
   weightvar { 0   } 
   kinetic_energy { 71.80004705466271   } 
   kinetic_energyvar { 675.4749379285076   } 
   potential_energy { -209.1086609687632   } 
   potential_energyvar { 790.3095770702421   } 
   nonlocal_energy { 14.09726901522969   } 
   nonlocal_energyvar { 346.4248922368389   } 
   autocorr_energy { } 
} 

block { 
   label VMC_1
   totweight 320000
   nautocorr 0
   total_energy { -123.210384438485   } 
   total_energyvar { 1.795137749488276   } 
   weight { 1   } 
   weightvar { 0   } 
   kinetic_energy { 71.79197070160252   } 
   kinetic_energyvar { 688.4369446989185   } 
   potential_energy { -209.1994983768753   } 
   potential_energyvar { 789.3510478185708   } 
   nonlocal_energy { 14.19714323678777   } 
   nonlocal_energyvar { 358.7283808424431   } 
   autocorr_energy { } 
} 

block { 
   label VMC_1
   totweight 320000
   nautocorr 0
   total_energy { -123.2131209923494   } 
   total_energyvar { 1.764639705967056   } 
   weight { 1   } 
   weightvar { 0   } 
   kinetic_energy { 71.89440082400981   } 
   kinetic_energyvar { 676.0756012322636   } 
   potential_energy { -209.2890464965172   } 
   potential_energyvar { 791.5853936334752   } 
   nonlocal_energy { 14.18152468015803   } 
   nonlocal_energyvar { 347.9077540964117   } 
   autocorr_energy { } 
} 

block { 
   label VMC_1
   totweight 320000
   nautocorr 0
   total_energy { -123.212699154839   } 
   total_energyvar { 1.733105834462549   } 
   weight { 1   } 
   weightvar { 0   } 
   kinetic_energy { 71.7825905210249   } 
   kinetic_energyvar { 685.7858703786242   } 
   potential_energy { -209.1750090342612   } 
   potential_energyvar { 785.6843903936169   } 
   nonlocal_energy { 14.17971935839725   } 
   nonlocal_energyvar { 362.6095060979924   } 
   autocorr_energy { } 
} 

block { 
   label VMC_1
   totweight 320000
   nautocorr 0
   total_energy { -123.2171960385484   } 
   total_energyvar { 1.725452272661641   } 
   weight { 1   } 
   weightvar { 0   } 
   kinetic_energy { 71.74670644928919   } 
   kinetic_energyvar { 680.519023403881   } 
   potential_energy { -209.1047083499615   } 
   potential_energyvar { 786.9708470204278   } 
   nonlocal_energy { 14.14080586212393   } 
   nonlocal_energyvar { 354.4403220964716   } 
   autocorr_energy { } 
} 

block { 
   label VMC_1
   totweight 320000
   nautocorr 0
   total_energy { -123.2085371366515   } 
   total_energyvar { 1.68855955955587   } 
   weight { 1   } 
   weightvar { 0   } 
   kinetic_energy { 71.82660700305529   } 
   kinetic_energyvar { 671.2813246966489   } 
   potential_energy { -209.168643150328   } 
   potential_energyvar { 784.4916928866223   } 
   nonlocal_energy { 14.13349901062116   } 
   nonlocal_energyvar { 341.878953578697   } 
   autocorr_energy { } 
} 

block { 
   label VMC_1
   totweight 320000
   nautocorr 0
   total_energy { -123.2144125932902   } 
   total_energyvar { 1.729601728953639   } 
   weight { 1   } 
   weightvar { 0   } 
   kinetic_energy { 71.74950477234991   } 
   kinetic_energyvar { 690.412598752182   } 
   potential_energy { -209.0925749426248   } 
   potential_energyvar { 787.5042294331724   } 
   nonlocal_energy { 14.12865757698468   } 
   nonlocal_energyvar { 367.8542582748814   } 
   autocorr_energy { } 
} 

block { 
   label VMC_1
   totweight 320000
   nautocorr 0
   total_energy { -123.2132365619851   } 
   total_energyvar { 1.732009679097246   } 
   weight { 1   } 
   weightvar { 0   } 
   kinetic_energy { 71.67087760245008   } 
   kinetic_energyvar { 666.0198480765366   } 
   potential_energy { -208.9737352931813   } 
   potential_energyvar { 782.4608795056338   } 
   nonlocal_energy { 14.0896211287462   } 
   nonlocal_energyvar { 345.7538861294557   } 
   autocorr_energy { } 
} 

block { 
   label VMC_1
   totweight 320000
   nautocorr 0
   total_energy { -123.2110110587458   } 
   total_energyvar { 1.737491451416645   } 
   weight { 1   } 
   weightvar { 0   } 
   kinetic_energy { 71.71714326451658   } 
   kinetic_energyvar { 672.9894473449122   } 
   potential_energy { -209.1051276525234   } 
   potential_energyvar { 782.5482205047738   } 
   nonlocal_energy { 14.176973329261   } 
   nonlocal_energyvar { 348.1531478470108   } 
   autocorr_energy { } 
} 

block { 
   label VMC_1
   totweight 320000
   nautocorr 0
   total_energy { -123.2102284075364   } 
   total_energyvar { 1.718518798834339   } 
   weight { 1   } 
   weightvar { 0   } 
   kinetic_energy { 71.72573070345149   } 
   kinetic_energyvar { 668.3706080215889   } 
   potential_energy { -209.1013559699383   } 
   potential_energyvar { 781.2022405659736   } 
   nonlocal_energy { 14.16539685895036   } 
   nonlocal_energyvar { 343.9559106001306   } 
   autocorr_energy { } 
} 

block { 
   label VMC_1
   totweight 320000
   nautocorr 0
   total_energy { -123.2116992939912   } 
   total_energyvar { 1.747192257669667   } 
   weight { 1   } 
   weightvar { 0   } 
   kinetic_energy { 71.73742473828511   } 
   kinetic_energyvar { 663.6947695625659   } 
   potential_energy { -209.1838611181832   } 
   potential_energyvar { 778.972498002644   } 
   nonlocal_energy { 14.23473708590696   } 
   nonlocal_energyvar { 346.7817088663924   } 
   autocorr_energy { } 
} 

block { 
   label VMC_1
   totweight 320000
   nautocorr 0
   total_energy { -123.212668852494   } 
   total_energyvar { 1.726817238293734   } 
   weight { 1   } 
   weightvar { 0   } 
   kinetic_energy { 71.84468584241071   } 
   kinetic_energyvar { 678.0069163697744   } 
   potential_energy { -209.2278311556528   } 
   potential_energyvar { 788.753883884805   } 
   nonlocal_energy { 14.17047646074806   } 
   nonlocal_energyvar { 349.798530418527   } 
   autocorr_energy { } 
} 

block { 
   label VMC_1
   totweight 320000
   nautocorr 0
   total_energy { -123.2147050277865   } 
   total_energyvar { 1.739059800585892   } 
   weight { 1   } 
   weightvar { 0   } 
   kinetic_energy { 71.61804968968394   } 
   kinetic_energyvar { 720.696932029151   } 
   potential_energy { -208.9658591675877   } 
   potential_energyvar { 789.6470447212923   } 
   nonlocal_energy { 14.1331044501173   } 
   nonlocal_energyvar { 401.92932858162   } 
   autocorr_energy { } 
} 

block { 
   label VMC_1
   totweight 320000
   nautocorr 0
   total_energy { -123.2131459039977   } 
   total_energyvar { 1.746163819359936   } 
   weight { 1   } 
   weightvar { 0   } 
   kinetic_energy { 71.77469380027762   } 
   kinetic_energyvar { 678.310949611604   } 
   potential_energy { -209.1409062985913   } 
   potential_energyvar { 787.4338272581008   } 
   nonlocal_energy { 14.153066594316   } 
   nonlocal_energyvar { 352.5338535328122   } 
   autocorr_energy { } 
} 

block { 
   label VMC_1
   totweight 320000
   nautocorr 0
   total_energy { -123.2133073881258   } 
   total_energyvar { 1.753708882755745   } 
   weight { 1   } 
   weightvar { 0   } 
   kinetic_energy { 71.67632862077124   } 
   kinetic_energyvar { 668.0664776983158   } 
   potential_energy { -208.9895293306969   } 
   potential_energyvar { 786.6458343663035   } 
   nonlocal_energy { 14.09989332179985   } 
   nonlocal_energyvar { 350.0981156327023   } 
   autocorr_energy { } 
} 

block { 
   label VMC_1
   totweight 320000
   nautocorr 0
   total_energy { -123.2092685152836   } 
   total_energyvar { 1.725030800495006   } 
   weight { 1   } 
   weightvar { 0   } 
   kinetic_energy { 71.74804039856484   } 
   kinetic_energyvar { 668.0635359825064   } 
   potential_energy { -209.1020205110981   } 
   potential_energyvar { 784.8819714185229   } 
   nonlocal_energy { 14.14471159724978   } 
   nonlocal_energyvar { 344.5198402455156   } 
   autocorr_energy { } 
} 

block { 
   label VMC_1
   totweight 320000
   nautocorr 0
   total_energy { -123.2121010768217   } 
   total_energyvar { 1.714775955255391   } 
   weight { 1   } 
   weightvar { 0   } 
   kinetic_energy { 71.80211186450585   } 
   kinetic_energyvar { 662.9484344019929   } 
   potential_energy { -209.2049267303609   } 
   potential_energyvar { 781.3579697365712   } 
   nonlocal_energy { 14.19071378903344   } 
   nonlocal_energyvar { 344.0939089337014   } 
   autocorr_energy { } 
} 

block { 
   label VMC_1
   totweight 320000
   nautocorr 0
   total_energy { -123.2129216366343   } 
   total_energyvar { 1.807799269712632   } 
   weight { 1   } 
   weightvar { 0   } 
   kinetic_energy { 71.76307224154078   } 
   kinetic_energyvar { 670.775095463443   } 
   potential_energy { -209.0715414203956   } 
   potential_energyvar { 782.2623871299729   } 
   nonlocal_energy { 14.0955475422205   } 
   nonlocal_energyvar { 344.6478046268993   } 
   autocorr_energy { } 
} 

block { 
   label VMC_1
   totweight 320000
   nautocorr 0
   total_energy { -123.2158474950793   } 
   total_energyvar { 1.921681059997354   } 
   weight { 1   } 
   weightvar { 0   } 
   kinetic_energy { 71.95714521586893   } 
   kinetic_energyvar { 694.7572820270934   } 
   potential_energy { -209.308553432159   } 
   potential_energyvar { 784.8446481915962   } 
   nonlocal_energy { 14.13556072121084   } 
   nonlocal_energyvar { 364.5765436426735   } 
   autocorr_energy { } 
} 

block { 
   label VMC_1
   totweight 320000
   nautocorr 0
   total_energy { -123.2151476374091   } 
   total_energyvar { 1.729595686101675   } 
   weight { 1   } 
   weightvar { 0   } 
   kinetic_energy { 71.73167178591338   } 
   kinetic_energyvar { 671.3511179220486   } 
   potential_energy { -209.1072414195202   } 
   potential_energyvar { 786.4317365966708   } 
   nonlocal_energy { 14.16042199619777   } 
   nonlocal_energyvar { 350.3593809081905   } 
   autocorr_energy { } 
} 

block { 
   label VMC_1
   totweight 320000
   nautocorr 0
   total_energy { -123.2131559936912   } 
   total_energyvar { 1.71247874114124   } 
   weight { 1   } 
   weightvar { 0   } 
   kinetic_energy { 71.75423722172607   } 
   kinetic_energyvar { 690.0964863976105   } 
   potential_energy { -209.0829050968813   } 
   potential_energyvar { 791.6285356310545   } 
   nonlocal_energy { 14.11551188146404   } 
   nonlocal_energyvar { 357.703298591322   } 
   autocorr_energy { } 
} 

block { 
   label VMC_1
   totweight 320000
   nautocorr 0
   total_energy { -123.2135185444082   } 
   total_energyvar { 1.849906881125207   } 
   weight { 1   } 
   weightvar { 0   } 
   kinetic_energy { 71.79768936679262   } 
   kinetic_energyvar { 675.3157536905865   } 
   potential_energy { -209.0656631165828   } 
   potential_energyvar { 780.4267288116243   } 
   nonlocal_energy { 14.05445520538197   } 
   nonlocal_energyvar { 351.8887262069377   } 
   autocorr_energy { } 
} 

block { 
   label VMC_1
   totweight 320000
   nautocorr 0
   total_energy { -123.2120730622598   } 
   total_energyvar { 1.727928643422274   } 
   weight { 1   } 
   weightvar { 0   } 
   kinetic_energy { 71.74674441552898   } 
   kinetic_energyvar { 665.1898716937976   } 
   potential_energy { -209.11825628195   } 
   potential_energyvar { 777.0890135679365   } 
   nonlocal_energy { 14.15943880416114   } 
   nonlocal_energyvar { 345.8728430039677   } 
   autocorr_energy { } 
} 

block { 
   label VMC_1
   totweight 320000
   nautocorr 0
   total_energy { -123.2189671668855   } 
   total_energyvar { 1.698672303331477   } 
   weight { 1   } 
   weightvar { 0   } 
   kinetic_energy { 71.72616807744961   } 
   kinetic_energyvar { 671.0178838837646   } 
   potential_energy { -209.0151639948883   } 
   potential_energyvar { 782.3455483864964   } 
   nonlocal_energy { 14.07002875055316   } 
   nonlocal_energyvar { 345.1307232722929   } 
   autocorr_energy { } 
} 

block { 
   label VMC_1
   totweight 320000
   nautocorr 0
   total_energy { -123.2105637767798   } 
   total_energyvar { 1.764497606980513   } 
   weight { 1   } 
   weightvar { 0   } 
   kinetic_energy { 71.7482752002874   } 
   kinetic_energyvar { 681.6338941110071   } 
   potential_energy { -209.0423400357766   } 
   potential_energyvar { 784.8597814180393   } 
   nonlocal_energy { 14.08350105870944   } 
   nonlocal_energyvar { 359.6342875821255   } 
   autocorr_energy { } 
} 

block { 
   label VMC_1
   totweight 320000
   nautocorr 0
   total_energy { -123.2115763963122   } 
   total_energyvar { 1.721733900980325   } 
   weight { 1   } 
   weightvar { 0   } 
   kinetic_energy { 71.73540227580993   } 
   kinetic_energyvar { 671.7817341586779   } 
   potential_energy { -209.1298104188207   } 
   potential_energyvar { 786.4771431226109   } 
   nonlocal_energy { 14.18283174669855   } 
   nonlocal_energyvar { 351.7857121917864   } 
   autocorr_energy { } 
} 

