

******** <class 'pyscf.scf.hf_symm.SymAdaptedROHF'> flags ********
method = SymAdaptedROHF-ROHF-RHF
initial guess = minao
damping factor = 0
level shift factor = 0
DIIS = <class 'pyscf.scf.diis.CDIIS'>
DIIS start cycle = 1
DIIS space = 8
SCF tol = 1e-09
SCF gradient tol = None
max. SCF cycles = 150
direct_scf = True
direct_scf_tol = 1e-13
chkfile to save SCF result = V.chkfile
max_memory 4000 MB (current use 70 MB)
num. doubly occ = 5  num. singly occ = 3
irrep_nelec {'Ag': (4, 2), 'B3u': (1, 1), 'B1u': (1, 1), 'B2u': (1, 1), 'B1g': (0, 0), 'B3g': (0, 0), 'B2g': (1, 0), 'Au': (0, 0)}
Set gradient conv threshold to 3.16228e-05
init E= -70.886080756779
HOMO (B2g) = -0.0877907370909124  LUMO (B2u) = 0.0182939132028042
cycle= 1 E= -70.8869185399883  delta_E= -0.000838  |g|= 0.00707  |ddm|= 0.118
HOMO (B2g) = -0.0875932727487607  LUMO (B2u) = 0.0183387741364579
cycle= 2 E= -70.8869239131377  delta_E= -5.37e-06  |g|= 0.00168  |ddm|= 0.0227
HOMO (B2g) = -0.0876268651044602  LUMO (B2u) = 0.0183257234676946
cycle= 3 E= -70.8869180765976  delta_E= 5.84e-06  |g|= 0.00223  |ddm|= 0.0232
HOMO (B2g) = -0.0876650175169907  LUMO (B2u) = 0.018325241370612
cycle= 4 E= -70.8869278872831  delta_E= -9.81e-06  |g|= 0.000415  |ddm|= 0.0105
HOMO (B2g) = -0.0877729036591011  LUMO (B2u) = 0.0183179599932212
cycle= 5 E= -70.886928135169  delta_E= -2.48e-07  |g|= 0.000102  |ddm|= 0.00263
HOMO (B2g) = -0.0877522072640885  LUMO (B2u) = 0.0183170551830629
cycle= 6 E= -70.8869281411657  delta_E= -6e-09  |g|= 4.35e-05  |ddm|= 0.000732
HOMO (B2g) = -0.0877502229563885  LUMO (B2u) = 0.0183162773897552
cycle= 7 E= -70.8869281428975  delta_E= -1.73e-09  |g|= 2.97e-05  |ddm|= 0.000482
HOMO (B2g) = -0.0877531629862902  LUMO (B2u) = 0.0183156016948937
cycle= 8 E= -70.88692814444  delta_E= -1.54e-09  |g|= 9.8e-06  |ddm|= 0.00029
HOMO (B2g) = -0.0877539671639094  LUMO (B2u) = 0.0183154170081598
cycle= 9 E= -70.8869281446256  delta_E= -1.86e-10  |g|= 2.59e-06  |ddm|= 9.25e-05
HOMO (B2g) = -0.087753890816806  LUMO (B2u) = 0.0183153248089113
Extra cycle  E= -70.886928144604  delta_E= 2.16e-11  |g|= 3.97e-06  |ddm|= 4.74e-05
converged SCF energy = -70.886928144604
Wave-function symmetry = B2g
occupancy for each irrep:     Ag  B1g  B2g  B3g   Au  B1u  B2u  B3u
double occ                     2    0    0    0    0    1    1    1
single occ                     2    0    1    0    0    0    0    0
**** MO energy ****
                          Roothaan           | alpha              | beta
MO #1   (Ag  #1 ) energy= -3.23435189450563  | -3.34573380281564  | -3.12296998240002  occ= 2
MO #2   (B2u #1 ) energy= -2.03812115063871  | -2.13829777898186  | -1.93794452229556  occ= 2
MO #3   (B1u #1 ) energy= -2.02971108154625  | -2.18579541367564  | -1.87362674941688  occ= 2
MO #4   (B3u #1 ) energy= -2.02971108154626  | -2.18579541367564  | -1.87362674941688  occ= 2
MO #5   (Ag  #2 ) energy= -0.232566065648687 | -0.243899725322848 | -0.221232403201091 occ= 2
MO #6   (Ag  #3 ) energy= -0.126833563258875 | -0.535951072325612 | 0.282283779236446  occ= 1
MO #7   (Ag  #4 ) energy= -0.0877538908168448 | -0.480395113332024 | 0.304887408409082  occ= 1
MO #8   (B2g #1 ) energy= -0.087753890816806 | -0.48039511333204  | 0.304887408409174  occ= 1
MO #9   (B2u #2 ) energy= 0.0183153248089113 | 0.0172126426825043 | 0.0194180069353188 occ= 0
MO #10  (B1u #2 ) energy= 0.0202128357191621 | 0.0185635535469426 | 0.02186211789138   occ= 0
MO #11  (B3u #2 ) energy= 0.0202128357191619 | 0.0185635535469437 | 0.0218621178913812 occ= 0
MO #12  (Ag  #5 ) energy= 0.0275594181110338 | 0.0269057386559976 | 0.0282130675240613 occ= 0
MO #13  (B2u #3 ) energy= 0.0717813026744713 | 0.0697660225461493 | 0.0737965828027934 occ= 0
MO #14  (B1u #3 ) energy= 0.0747328386031596 | 0.0712741873953676 | 0.0781914898109524 occ= 0
MO #15  (B3u #3 ) energy= 0.0747328386031692 | 0.0712741873953749 | 0.0781914898109615 occ= 0
MO #16  (B1g #1 ) energy= 0.0759260163806514 | 0.074756320213674  | 0.0770957125476326 occ= 0
MO #17  (B3g #1 ) energy= 0.0759260163806518 | 0.0747563202136744 | 0.0770957125476324 occ= 0
MO #18  (Ag  #6 ) energy= 0.0802627448911993 | 0.0797529327571447 | 0.0807727257874196 occ= 0
MO #19  (Ag  #7 ) energy= 0.0808110714656996 | 0.0802362805599682 | 0.0813856079853188 occ= 0
MO #20  (B2g #2 ) energy= 0.0808110714657019 | 0.0802362805599706 | 0.0813856079853208 occ= 0
MO #21  (B1g #2 ) energy= 0.147359068226518  | 0.128313304457872  | 0.166404831995164  occ= 0
MO #22  (B3g #2 ) energy= 0.147359068226519  | 0.128313304457874  | 0.166404831995165  occ= 0
MO #23  (Ag  #8 ) energy= 0.246413722759243  | 0.24015446049628   | 0.252672991132998  occ= 0
MO #24  (Ag  #9 ) energy= 0.250504147567886  | 0.243682100433242  | 0.257326369637868  occ= 0
MO #25  (B2g #3 ) energy= 0.250504147567922  | 0.24368210043327   | 0.257326369637914  occ= 0
MO #26  (Ag  #10) energy= 0.266749580014358  | 0.258325687306886  | 0.275173476787547  occ= 0
MO #27  (B2u #4 ) energy= 0.27201462860277   | 0.266233824379065  | 0.277795432826477  occ= 0
MO #28  (B1u #4 ) energy= 0.277985520746488  | 0.268496729512711  | 0.287474311980265  occ= 0
MO #29  (B3u #4 ) energy= 0.277985520746504  | 0.268496729512723  | 0.287474311980283  occ= 0
MO #30  (B1g #3 ) energy= 0.291910758298059  | 0.2788470462143    | 0.304974470381818  occ= 0
MO #31  (B3g #3 ) energy= 0.291910758298071  | 0.27884704621431   | 0.304974470381833  occ= 0
MO #32  (B2u #5 ) energy= 0.504492228012639  | 0.500730926959954  | 0.508253529065326  occ= 0
MO #33  (B1u #5 ) energy= 0.504803353199209  | 0.501661173910354  | 0.507945532488065  occ= 0
MO #34  (B3u #5 ) energy= 0.504803353199209  | 0.501661173910354  | 0.507945532488065  occ= 0
MO #35  (Au  #1 ) energy= 0.505835773244385  | 0.503473194348153  | 0.508198352140617  occ= 0
MO #36  (B2u #6 ) energy= 0.505835773244382  | 0.503473194348149  | 0.508198352140615  occ= 0
MO #37  (B1u #6 ) energy= 0.507692283805122  | 0.501882834136464  | 0.51350173347378   occ= 0
MO #38  (B3u #6 ) energy= 0.507692283805123  | 0.501882834136465  | 0.513501733473781  occ= 0
MO #39  (Ag  #11) energy= 0.777158737606547  | 0.74167930656906   | 0.812638172281063  occ= 0
MO #40  (Ag  #12) energy= 0.792778839563923  | 0.756656296282723  | 0.828901377631451  occ= 0
MO #41  (B2g #4 ) energy= 0.792778839564193  | 0.756656296282993  | 0.828901377631714  occ= 0
MO #42  (B1g #4 ) energy= 0.829887969457583  | 0.816217061706136  | 0.843558877209031  occ= 0
MO #43  (B3g #4 ) energy= 0.829887969457615  | 0.816217061706163  | 0.843558877209063  occ= 0
MO #44  (Ag  #13) energy= 1.22188044425706   | 1.20632015142199   | 1.23744073725366   occ= 0
MO #45  (B2u #7 ) energy= 1.22283074823291   | 1.20408853574999   | 1.24157296071584   occ= 0
MO #46  (B1u #7 ) energy= 1.24062214698985   | 1.21245293664312   | 1.26879135733657   occ= 0
MO #47  (B3u #7 ) energy= 1.24062214698985   | 1.21245293664313   | 1.26879135733658   occ= 0
MO #48  (B2u #8 ) energy= 1.88332598736534   | 1.83890992525545   | 1.92774204947524   occ= 0
MO #49  (B1u #8 ) energy= 1.88815620278522   | 1.85224747699007   | 1.92406492858037   occ= 0
MO #50  (B3u #8 ) energy= 1.88815620278522   | 1.85224747699007   | 1.92406492858037   occ= 0
MO #51  (B1u #9 ) energy= 1.89383718036965   | 1.83173263374339   | 1.9559417269959    occ= 0
MO #52  (B3u #9 ) energy= 1.89383718036965   | 1.83173263374339   | 1.9559417269959    occ= 0
MO #53  (Au  #2 ) energy= 1.89710378107791   | 1.87138566235978   | 1.92282189979604   occ= 0
MO #54  (B2u #9 ) energy= 1.89710378107791   | 1.87138566235979   | 1.92282189979604   occ= 0
MO #55  (Ag  #14) energy= 2.79781636689806   | 2.77864562239979   | 2.81698711151159   occ= 0
MO #56  (B1g #5 ) energy= 2.79787956752072   | 2.78096293610923   | 2.81479619893221   occ= 0
MO #57  (B3g #5 ) energy= 2.79787956752072   | 2.78096293610923   | 2.81479619893221   occ= 0
MO #58  (Ag  #15) energy= 2.79847872384378   | 2.78520408610212   | 2.81175336211635   occ= 0
MO #59  (B2g #5 ) energy= 2.79847872384378   | 2.78520408610212   | 2.81175336211634   occ= 0
MO #60  (B1g #6 ) energy= 2.80375710889263   | 2.78930789448652   | 2.81820632329875   occ= 0
MO #61  (B3g #6 ) energy= 2.80375710889264   | 2.78930789448652   | 2.81820632329875   occ= 0
MO #62  (Ag  #16) energy= 2.8173761775772    | 2.79062183726538   | 2.84413051788902   occ= 0
MO #63  (B2g #6 ) energy= 2.8173761775772    | 2.79062183726537   | 2.84413051788902   occ= 0
MO #64  (Ag  #17) energy= 2.88903685925412   | 2.81337854386161   | 2.96469518185911   occ= 0
MO #65  (Ag  #18) energy= 2.91754395765182   | 2.8443415191245    | 2.99074640401522   occ= 0
MO #66  (B2g #7 ) energy= 2.9175439576522    | 2.84434151912486   | 2.99074640401561   occ= 0
MO #67  (B1g #7 ) energy= 2.93275177140317   | 2.91306357848145   | 2.95243996432488   occ= 0
MO #68  (B3g #7 ) energy= 2.93275177140325   | 2.91306357848153   | 2.95243996432496   occ= 0
MO #69  (Ag  #19) energy= 4.38388898266257   | 4.35081940142158   | 4.41695856394154   occ= 0
MO #70  (B2u #10) energy= 5.12120089267375   | 5.0921649569353    | 5.15023682841218   occ= 0
MO #71  (B1u #10) energy= 5.15350735459974   | 5.11092961343495   | 5.19608509576454   occ= 0
MO #72  (B3u #10) energy= 5.15350735459974   | 5.11092961343494   | 5.19608509576454   occ= 0
MO #73  (B2u #11) energy= 6.74540678318588   | 6.66722951238071   | 6.82358405399104   occ= 0
MO #74  (B1u #11) energy= 6.75246416100056   | 6.6893431784327    | 6.81558514356841   occ= 0
MO #75  (B3u #11) energy= 6.75246416100055   | 6.68934317843269   | 6.81558514356841   occ= 0
MO #76  (Au  #3 ) energy= 6.76712396883447   | 6.7225384175708    | 6.81170952009815   occ= 0
MO #77  (B2u #12) energy= 6.76712396883447   | 6.7225384175708    | 6.81170952009814   occ= 0
MO #78  (B1u #12) energy= 6.76940153269063   | 6.66568512464662   | 6.87311794073465   occ= 0
MO #79  (B3u #12) energy= 6.76940153269063   | 6.6656851246466    | 6.87311794073464   occ= 0
MO #80  (B1g #8 ) energy= 9.05751465556744   | 9.01751633601877   | 9.09751297511611   occ= 0
MO #81  (B3g #8 ) energy= 9.05751465556746   | 9.01751633601879   | 9.09751297511612   occ= 0
MO #82  (Ag  #20) energy= 9.05787856735385   | 9.01411733348499   | 9.10163980116419   occ= 0
MO #83  (Ag  #21) energy= 9.05848878461627   | 9.02618543987175   | 9.0907921289475    occ= 0
MO #84  (B2g #8 ) energy= 9.05848878461624   | 9.02618543987173   | 9.09079212894748   occ= 0
MO #85  (B1g #9 ) energy= 9.06737613428699   | 9.03447563395427   | 9.10027663461971   occ= 0
MO #86  (B3g #9 ) energy= 9.06737613428699   | 9.03447563395428   | 9.10027663461972   occ= 0
MO #87  (Ag  #22) energy= 9.09489925513213   | 9.0343699193354    | 9.15542859092885   occ= 0
MO #88  (B2g #9 ) energy= 9.09489925513212   | 9.03436991933539   | 9.15542859092884   occ= 0
 ** Mulliken pop on meta-lowdin orthogonal AOs  **
 ** Mulliken pop  **
pop of  0 V 3s        1.99976
pop of  0 V 4s        1.99897
pop of  0 V 5s        0.00001
pop of  0 V 6s        0.00000
pop of  0 V 7s        0.00000
pop of  0 V 8s        0.00000
pop of  0 V 3px       1.99861
pop of  0 V 3py       1.99855
pop of  0 V 3pz       1.99861
pop of  0 V 4px       0.00076
pop of  0 V 4py       0.00056
pop of  0 V 4pz       0.00076
pop of  0 V 5px       0.00054
pop of  0 V 5py       0.00045
pop of  0 V 5pz       0.00054
pop of  0 V 6px       0.00002
pop of  0 V 6py       0.00001
pop of  0 V 6pz       0.00002
pop of  0 V 7px       0.00004
pop of  0 V 7py       0.00002
pop of  0 V 7pz       0.00004
pop of  0 V 8px       0.00000
pop of  0 V 8py       0.00000
pop of  0 V 8pz       0.00000
pop of  0 V 3dxy      0.00000
pop of  0 V 3dyz      0.00000
pop of  0 V 3dz^2     0.99549
pop of  0 V 3dxz      0.99620
pop of  0 V 3dx2-y2    0.99408
pop of  0 V 4dxy      0.00000
pop of  0 V 4dyz      0.00000
pop of  0 V 4dz^2     0.00368
pop of  0 V 4dxz      0.00285
pop of  0 V 4dx2-y2    0.00534
pop of  0 V 5dxy      0.00000
pop of  0 V 5dyz      0.00000
pop of  0 V 5dz^2     0.00001
pop of  0 V 5dxz      0.00000
pop of  0 V 5dx2-y2    0.00003
pop of  0 V 6dxy      0.00000
pop of  0 V 6dyz      0.00000
pop of  0 V 6dz^2     0.00099
pop of  0 V 6dxz      0.00083
pop of  0 V 6dx2-y2    0.00129
pop of  0 V 7dxy      0.00000
pop of  0 V 7dyz      0.00000
pop of  0 V 7dz^2     0.00012
pop of  0 V 7dxz      0.00010
pop of  0 V 7dx2-y2    0.00016
pop of  0 V 4fy^3     0.00000
pop of  0 V 4fxyz     0.00000
pop of  0 V 4fyz^2    0.00000
pop of  0 V 4fz^3     0.00000
pop of  0 V 4fxz^2    0.00000
pop of  0 V 4fzx^2    0.00000
pop of  0 V 4fx^3     0.00000
pop of  0 V 5fy^3     0.00013
pop of  0 V 5fxyz     0.00000
pop of  0 V 5fyz^2    0.00008
pop of  0 V 5fz^3     0.00001
pop of  0 V 5fxz^2    0.00000
pop of  0 V 5fzx^2    0.00001
pop of  0 V 5fx^3     0.00002
pop of  0 V 6fy^3     0.00012
pop of  0 V 6fxyz     0.00000
pop of  0 V 6fyz^2    0.00007
pop of  0 V 6fz^3     0.00000
pop of  0 V 6fxz^2    0.00000
pop of  0 V 6fzx^2    0.00000
pop of  0 V 6fx^3     0.00001
pop of  0 V 5g-4      0.00000
pop of  0 V 5g-3      0.00000
pop of  0 V 5g-2      0.00000
pop of  0 V 5g-1      0.00000
pop of  0 V 5g 0      0.00001
pop of  0 V 5g 1      0.00000
pop of  0 V 5g 2      0.00001
pop of  0 V 5g 3      0.00001
pop of  0 V 5g 4      0.00002
pop of  0 V 6g-4      0.00000
pop of  0 V 6g-3      0.00000
pop of  0 V 6g-2      0.00000
pop of  0 V 6g-1      0.00000
pop of  0 V 6g 0      0.00000
pop of  0 V 6g 1      0.00000
pop of  0 V 6g 2      0.00001
pop of  0 V 6g 3      0.00000
pop of  0 V 6g 4      0.00001
 ** Mulliken atomic charges  **
charge of  0V =     -0.00000
Dipole moment(X, Y, Z, Debye):  0.00000,  0.00000,  0.00000
 ** Mulliken pop  **
pop of  0 V 3s        1.99967
pop of  0 V 4s        1.99923
pop of  0 V 5s        0.00001
pop of  0 V 6s       -0.00000
pop of  0 V 7s       -0.00071
pop of  0 V 8s        0.00053
pop of  0 V 3px       2.00008
pop of  0 V 3py       1.99991
pop of  0 V 3pz       2.00008
pop of  0 V 4px       0.00095
pop of  0 V 4py       0.00070
pop of  0 V 4pz       0.00095
pop of  0 V 5px      -0.00008
pop of  0 V 5py      -0.00010
pop of  0 V 5pz      -0.00008
pop of  0 V 6px      -0.00000
pop of  0 V 6py      -0.00001
pop of  0 V 6pz      -0.00000
pop of  0 V 7px      -0.00090
pop of  0 V 7py      -0.00086
pop of  0 V 7pz      -0.00090
pop of  0 V 8px      -0.00007
pop of  0 V 8py      -0.00005
pop of  0 V 8pz      -0.00007
pop of  0 V 3dxy      0.00000
pop of  0 V 3dyz      0.00000
pop of  0 V 3dz^2     0.98999
pop of  0 V 3dxz      0.99191
pop of  0 V 3dx2-y2    0.98617
pop of  0 V 4dxy      0.00000
pop of  0 V 4dyz      0.00000
pop of  0 V 4dz^2     0.00669
pop of  0 V 4dxz      0.00522
pop of  0 V 4dx2-y2    0.00964
pop of  0 V 5dxy      0.00000
pop of  0 V 5dyz      0.00000
pop of  0 V 5dz^2     0.00016
pop of  0 V 5dxz      0.00015
pop of  0 V 5dx2-y2    0.00017
pop of  0 V 6dxy      0.00000
pop of  0 V 6dyz      0.00000
pop of  0 V 6dz^2     0.00330
pop of  0 V 6dxz      0.00255
pop of  0 V 6dx2-y2    0.00479
pop of  0 V 7dxy      0.00000
pop of  0 V 7dyz      0.00000
pop of  0 V 7dz^2     0.00015
pop of  0 V 7dxz      0.00017
pop of  0 V 7dx2-y2    0.00013
pop of  0 V 4fy^3     0.00000
pop of  0 V 4fxyz     0.00000
pop of  0 V 4fyz^2    0.00000
pop of  0 V 4fz^3     0.00000
pop of  0 V 4fxz^2    0.00000
pop of  0 V 4fzx^2    0.00000
pop of  0 V 4fx^3     0.00000
pop of  0 V 5fy^3     0.00013
pop of  0 V 5fxyz     0.00000
pop of  0 V 5fyz^2    0.00008
pop of  0 V 5fz^3     0.00001
pop of  0 V 5fxz^2    0.00000
pop of  0 V 5fzx^2    0.00001
pop of  0 V 5fx^3     0.00002
pop of  0 V 6fy^3     0.00012
pop of  0 V 6fxyz     0.00000
pop of  0 V 6fyz^2    0.00007
pop of  0 V 6fz^3     0.00000
pop of  0 V 6fxz^2    0.00000
pop of  0 V 6fzx^2    0.00000
pop of  0 V 6fx^3     0.00001
pop of  0 V 5g-4      0.00000
pop of  0 V 5g-3      0.00000
pop of  0 V 5g-2      0.00000
pop of  0 V 5g-1      0.00000
pop of  0 V 5g 0      0.00001
pop of  0 V 5g 1      0.00000
pop of  0 V 5g 2      0.00001
pop of  0 V 5g 3      0.00001
pop of  0 V 5g 4      0.00002
pop of  0 V 6g-4      0.00000
pop of  0 V 6g-3      0.00000
pop of  0 V 6g-2      0.00000
pop of  0 V 6g-1      0.00000
pop of  0 V 6g 0      0.00000
pop of  0 V 6g 1      0.00000
pop of  0 V 6g 2      0.00001
pop of  0 V 6g 3      0.00000
pop of  0 V 6g 4      0.00001
 ** Mulliken atomic charges  **
charge of  0V =      0.00000
