#-------------------------------------------------
#DMC run: timestep 0.02
#-------------------------------------------------


init { 
   label dmc
}
block { 
   label dmc
   totweight 272000
   nautocorr 0
   total_energy { -103.8467068114533   } 
   total_energyvar { 1.708574013857287   } 
   weight { 1.001330035430446   } 
   weightvar { 0.09651492959385699   } 
   kinetic_energy { 58.45135313346606   } 
   kinetic_energyvar { 509.7707362895676   } 
   potential_energy { -174.5435174762873   } 
   potential_energyvar { 540.080056522107   } 
   nonlocal_energy { 12.24545753136791   } 
   nonlocal_energyvar { 322.7454807278591   } 
   autocorr_energy { } 
} 

block { 
   label dmc
   totweight 272000
   nautocorr 0
   total_energy { -103.8424574236773   } 
   total_energyvar { 1.672120422919761   } 
   weight { 0.9991465005542153   } 
   weightvar { 0.09929597890297703   } 
   kinetic_energy { 58.60306320891166   } 
   kinetic_energyvar { 508.5145526145243   } 
   potential_energy { -174.706272206822   } 
   potential_energyvar { 544.3110550698912   } 
   nonlocal_energy { 12.26075157423305   } 
   nonlocal_energyvar { 315.1840474685663   } 
   autocorr_energy { } 
} 

block { 
   label dmc
   totweight 272000
   nautocorr 0
   total_energy { -103.8345756233914   } 
   total_energyvar { 1.586966993543683   } 
   weight { 0.9930325785516305   } 
   weightvar { 0.1004623912190952   } 
   kinetic_energy { 58.48358951830567   } 
   kinetic_energyvar { 503.9743714675151   } 
   potential_energy { -174.5500593040727   } 
   potential_energyvar { 550.1405875120836   } 
   nonlocal_energy { 12.23189416237572   } 
   nonlocal_energyvar { 309.5511442690939   } 
   autocorr_energy { } 
} 

block { 
   label dmc
   totweight 272000
   nautocorr 0
   total_energy { -103.8461472403187   } 
   total_energyvar { 1.645810866135434   } 
   weight { 0.9942920632260509   } 
   weightvar { 0.09984859557077685   } 
   kinetic_energy { 58.59291576528566   } 
   kinetic_energyvar { 487.4948484483198   } 
   potential_energy { -174.7764947699049   } 
   potential_energyvar { 540.7393321227682   } 
   nonlocal_energy { 12.3374317643005   } 
   nonlocal_energyvar { 303.6045999655033   } 
   autocorr_energy { } 
} 

block { 
   label dmc
   totweight 272000
   nautocorr 0
   total_energy { -103.8450209515543   } 
   total_energyvar { 1.592664717896696   } 
   weight { 0.9976808418406115   } 
   weightvar { 0.1017567649215178   } 
   kinetic_energy { 58.62638537480607   } 
   kinetic_energyvar { 480.8760059405731   } 
   potential_energy { -174.7167387433236   } 
   potential_energyvar { 542.5079247854555   } 
   nonlocal_energy { 12.24533241696327   } 
   nonlocal_energyvar { 292.0560142165419   } 
   autocorr_energy { } 
} 

block { 
   label dmc
   totweight 272000
   nautocorr 0
   total_energy { -103.8493895992475   } 
   total_energyvar { 1.654985710179972   } 
   weight { 0.9999121021056935   } 
   weightvar { 0.1012103824464641   } 
   kinetic_energy { 58.47564922915385   } 
   kinetic_energyvar { 484.8561659519937   } 
   potential_energy { -174.6684302974342   } 
   potential_energyvar { 542.9011895560106   } 
   nonlocal_energy { 12.34339146903285   } 
   nonlocal_energyvar { 301.3415679205185   } 
   autocorr_energy { } 
} 

block { 
   label dmc
   totweight 272000
   nautocorr 0
   total_energy { -103.8475316815988   } 
   total_energyvar { 1.619597863551462   } 
   weight { 1.00160292954459   } 
   weightvar { 0.1009323681757504   } 
   kinetic_energy { 58.39444564846585   } 
   kinetic_energyvar { 481.3709555942128   } 
   potential_energy { -174.4279763136396   } 
   potential_energyvar { 544.3352420509509   } 
   nonlocal_energy { 12.18599898357494   } 
   nonlocal_energyvar { 295.9530854285404   } 
   autocorr_energy { } 
} 

block { 
   label dmc
   totweight 272000
   nautocorr 0
   total_energy { -103.847579560085   } 
   total_energyvar { 1.575745664982605   } 
   weight { 1.000005878589812   } 
   weightvar { 0.1007576266745851   } 
   kinetic_energy { 58.2033322999922   } 
   kinetic_energyvar { 485.9777281324264   } 
   potential_energy { -174.2373671982336   } 
   potential_energyvar { 541.3060726699296   } 
   nonlocal_energy { 12.18645533815641   } 
   nonlocal_energyvar { 294.1067218444828   } 
   autocorr_energy { } 
} 

block { 
   label dmc
   totweight 272000
   nautocorr 0
   total_energy { -103.8421492996262   } 
   total_energyvar { 1.634225012401657   } 
   weight { 0.9961931098907439   } 
   weightvar { 0.09831022357149544   } 
   kinetic_energy { 58.57392636283608   } 
   kinetic_energyvar { 507.1103296226329   } 
   potential_energy { -174.6021232369556   } 
   potential_energyvar { 545.752498805603   } 
   nonlocal_energy { 12.18604757449329   } 
   nonlocal_energyvar { 312.9357595031363   } 
   autocorr_energy { } 
} 

block { 
   label dmc
   totweight 272000
   nautocorr 0
   total_energy { -103.8430237795409   } 
   total_energyvar { 1.610131602708861   } 
   weight { 0.9945746495574499   } 
   weightvar { 0.0994411248502759   } 
   kinetic_energy { 58.31629576392933   } 
   kinetic_energyvar { 481.3304512338277   } 
   potential_energy { -174.4915312144824   } 
   potential_energyvar { 543.9685960047864   } 
   nonlocal_energy { 12.33221167101221   } 
   nonlocal_energyvar { 297.8071313362472   } 
   autocorr_energy { } 
} 

block { 
   label dmc
   totweight 272000
   nautocorr 0
   total_energy { -103.8410997343238   } 
   total_energyvar { 1.609285102556896   } 
   weight { 0.9940523777741815   } 
   weightvar { 0.09951626694582028   } 
   kinetic_energy { 58.46638647828524   } 
   kinetic_energyvar { 482.3957379044409   } 
   potential_energy { -174.5150839592342   } 
   potential_energyvar { 538.0870530247266   } 
   nonlocal_energy { 12.20759774662517   } 
   nonlocal_energyvar { 299.1525466061129   } 
   autocorr_energy { } 
} 

block { 
   label dmc
   totweight 272000
   nautocorr 0
   total_energy { -103.8437843993276   } 
   total_energyvar { 1.617972522310083   } 
   weight { 0.9957024661878987   } 
   weightvar { 0.1024950860412236   } 
   kinetic_energy { 58.38869253278872   } 
   kinetic_energyvar { 485.0569077268929   } 
   potential_energy { -174.3617259239657   } 
   potential_energyvar { 539.3870411503194   } 
   nonlocal_energy { 12.12924899184934   } 
   nonlocal_energyvar { 293.2310648228573   } 
   autocorr_energy { } 
} 

block { 
   label dmc
   totweight 272000
   nautocorr 0
   total_energy { -103.8424085421018   } 
   total_energyvar { 1.587208567445487   } 
   weight { 0.9953652306596431   } 
   weightvar { 0.101746935730937   } 
   kinetic_energy { 58.46546034300874   } 
   kinetic_energyvar { 481.3169019055645   } 
   potential_energy { -174.5608584825235   } 
   potential_energyvar { 545.3565557823022   } 
   nonlocal_energy { 12.2529895974129   } 
   nonlocal_energyvar { 292.6041717413923   } 
   autocorr_energy { } 
} 

block { 
   label dmc
   totweight 272000
   nautocorr 0
   total_energy { -103.8390406884816   } 
   total_energyvar { 1.599636523618756   } 
   weight { 0.9938353761366302   } 
   weightvar { 0.1000188748464824   } 
   kinetic_energy { 58.63324279902916   } 
   kinetic_energyvar { 492.109565051449   } 
   potential_energy { -174.6253962777733   } 
   potential_energyvar { 541.7224842620926   } 
   nonlocal_energy { 12.15311279026254   } 
   nonlocal_energyvar { 292.281736453902   } 
   autocorr_energy { } 
} 

block { 
   label dmc
   totweight 272000
   nautocorr 0
   total_energy { -103.8428771200056   } 
   total_energyvar { 1.687968060570711   } 
   weight { 0.993434666353018   } 
   weightvar { 0.1030399728894676   } 
   kinetic_energy { 58.73308566295091   } 
   kinetic_energyvar { 507.3579001969365   } 
   potential_energy { -174.7289550546564   } 
   potential_energyvar { 549.2226508229905   } 
   nonlocal_energy { 12.15299227169993   } 
   nonlocal_energyvar { 307.9693523555013   } 
   autocorr_energy { } 
} 

block { 
   label dmc
   totweight 272000
   nautocorr 0
   total_energy { -103.8474442138212   } 
   total_energyvar { 1.60024701437942   } 
   weight { 0.9962144452134265   } 
   weightvar { 0.1020703089993407   } 
   kinetic_energy { 58.67145206179021   } 
   kinetic_energyvar { 490.1488361272613   } 
   potential_energy { -174.7879587264351   } 
   potential_energyvar { 548.1323407318014   } 
   nonlocal_energy { 12.2690624508236   } 
   nonlocal_energyvar { 297.3929628362422   } 
   autocorr_energy { } 
} 

block { 
   label dmc
   totweight 272000
   nautocorr 0
   total_energy { -103.8409375881534   } 
   total_energyvar { 1.668985211965264   } 
   weight { 0.996071181723445   } 
   weightvar { 0.1002946515641987   } 
   kinetic_energy { 58.55214511318216   } 
   kinetic_energyvar { 495.9000754129506   } 
   potential_energy { -174.5729394497351   } 
   potential_energyvar { 543.544332895588   } 
   nonlocal_energy { 12.17985674839955   } 
   nonlocal_energyvar { 301.9180172266382   } 
   autocorr_energy { } 
} 

block { 
   label dmc
   totweight 272000
   nautocorr 0
   total_energy { -103.8450343074949   } 
   total_energyvar { 1.588862605112809   } 
   weight { 0.9954290030291313   } 
   weightvar { 0.1011958548518708   } 
   kinetic_energy { 58.53542494625441   } 
   kinetic_energyvar { 493.4966569171188   } 
   potential_energy { -174.5937004113009   } 
   potential_energyvar { 544.1935416367014   } 
   nonlocal_energy { 12.21324115755161   } 
   nonlocal_energyvar { 301.6377382948117   } 
   autocorr_energy { } 
} 

block { 
   label dmc
   totweight 272000
   nautocorr 0
   total_energy { -103.8461900702352   } 
   total_energyvar { 1.634216745167578   } 
   weight { 0.9970246371971394   } 
   weightvar { 0.101657195274425   } 
   kinetic_energy { 58.47529710278655   } 
   kinetic_energyvar { 495.3555300052931   } 
   potential_energy { -174.5170900826317   } 
   potential_energyvar { 547.5897314797112   } 
   nonlocal_energy { 12.1956029096099   } 
   nonlocal_energyvar { 303.1774934883049   } 
   autocorr_energy { } 
} 

block { 
   label dmc
   totweight 272000
   nautocorr 0
   total_energy { -103.8385919944744   } 
   total_energyvar { 1.592590757487415   } 
   weight { 0.9958854272528911   } 
   weightvar { 0.09702587896639914   } 
   kinetic_energy { 58.28814070075403   } 
   kinetic_energyvar { 482.8770744267972   } 
   potential_energy { -174.3268063307539   } 
   potential_energyvar { 540.8699072500385   } 
   nonlocal_energy { 12.20007363552541   } 
   nonlocal_energyvar { 293.3289883799122   } 
   autocorr_energy { } 
} 

block { 
   label dmc
   totweight 272000
   nautocorr 0
   total_energy { -103.8427307049438   } 
   total_energyvar { 1.633398931950069   } 
   weight { 0.9947637962828181   } 
   weightvar { 0.1006487474734489   } 
   kinetic_energy { 58.39355373737881   } 
   kinetic_energyvar { 493.4602426488154   } 
   potential_energy { -174.4446727749437   } 
   potential_energyvar { 544.8644873037993   } 
   nonlocal_energy { 12.20838833262103   } 
   nonlocal_energyvar { 302.9657044827516   } 
   autocorr_energy { } 
} 

block { 
   label dmc
   totweight 272000
   nautocorr 0
   total_energy { -103.842799707578   } 
   total_energyvar { 1.65136214690574   } 
   weight { 0.9934169551882653   } 
   weightvar { 0.1015734677800928   } 
   kinetic_energy { 58.63609620189861   } 
   kinetic_energyvar { 518.5418353328828   } 
   potential_energy { -174.7681694688071   } 
   potential_energyvar { 552.618281650437   } 
   nonlocal_energy { 12.28927355933049   } 
   nonlocal_energyvar { 324.9244353640045   } 
   autocorr_energy { } 
} 

block { 
   label dmc
   totweight 272000
   nautocorr 0
   total_energy { -103.8390150057242   } 
   total_energyvar { 1.621640559782463   } 
   weight { 0.9939937072257714   } 
   weightvar { 0.1019553695165146   } 
   kinetic_energy { 58.513505402775   } 
   kinetic_energyvar { 478.4934411895506   } 
   potential_energy { -174.573927362218   } 
   potential_energyvar { 543.5271152142959   } 
   nonlocal_energy { 12.22140695371883   } 
   nonlocal_energyvar { 296.1823186920436   } 
   autocorr_energy { } 
} 

block { 
   label dmc
   totweight 272000
   nautocorr 0
   total_energy { -103.8402907047792   } 
   total_energyvar { 1.591740189034681   } 
   weight { 0.9941375162887819   } 
   weightvar { 0.1038169399355643   } 
   kinetic_energy { 58.53362896303189   } 
   kinetic_energyvar { 488.7320680674097   } 
   potential_energy { -174.6389064869636   } 
   potential_energyvar { 546.0309547747056   } 
   nonlocal_energy { 12.26498681915256   } 
   nonlocal_energyvar { 300.9981256384887   } 
   autocorr_energy { } 
} 

block { 
   label dmc
   totweight 272000
   nautocorr 0
   total_energy { -103.8412317008795   } 
   total_energyvar { 1.633641635164167   } 
   weight { 0.9936525745287998   } 
   weightvar { 0.1023278457366572   } 
   kinetic_energy { 58.41723146980654   } 
   kinetic_energyvar { 488.3373189420963   } 
   potential_energy { -174.3629232832683   } 
   potential_energyvar { 540.0022473421013   } 
   nonlocal_energy { 12.10446011258224   } 
   nonlocal_energyvar { 297.1483098307103   } 
   autocorr_energy { } 
} 

block { 
   label dmc
   totweight 272000
   nautocorr 0
   total_energy { -103.8543386365105   } 
   total_energyvar { 1.678667102116378   } 
   weight { 0.9987589909459427   } 
   weightvar { 0.1028488347184681   } 
   kinetic_energy { 58.61216492152862   } 
   kinetic_energyvar { 499.0999276072685   } 
   potential_energy { -174.6587491564622   } 
   potential_energyvar { 539.7874135943057   } 
   nonlocal_energy { 12.19224559842313   } 
   nonlocal_energyvar { 312.0143460997483   } 
   autocorr_energy { } 
} 

block { 
   label dmc
   totweight 272000
   nautocorr 0
   total_energy { -103.8443693925527   } 
   total_energyvar { 1.565066107454186   } 
   weight { 1.001458454570528   } 
   weightvar { 0.1008215888812243   } 
   kinetic_energy { 58.65916195325835   } 
   kinetic_energyvar { 480.6812771196974   } 
   potential_energy { -174.7408551381248   } 
   potential_energyvar { 541.8497372918318   } 
   nonlocal_energy { 12.23732379231378   } 
   nonlocal_energyvar { 288.7463439308827   } 
   autocorr_energy { } 
} 

block { 
   label dmc
   totweight 272000
   nautocorr 0
   total_energy { -103.8418513232344   } 
   total_energyvar { 1.63907386617575   } 
   weight { 0.9987036060447105   } 
   weightvar { 0.1003649634894641   } 
   kinetic_energy { 58.6186674194152   } 
   kinetic_energyvar { 496.240681963779   } 
   potential_energy { -174.6338568684274   } 
   potential_energyvar { 543.9667980191516   } 
   nonlocal_energy { 12.17333812577786   } 
   nonlocal_energyvar { 299.8637678972908   } 
   autocorr_energy { } 
} 

block { 
   label dmc
   totweight 272000
   nautocorr 0
   total_energy { -103.8363342775427   } 
   total_energyvar { 1.654634423946845   } 
   weight { 0.9927038120075682   } 
   weightvar { 0.09935219238242665   } 
   kinetic_energy { 58.627855104818   } 
   kinetic_energyvar { 494.8800981214335   } 
   potential_energy { -174.6725341444595   } 
   potential_energyvar { 544.558359900202   } 
   nonlocal_energy { 12.20834476209884   } 
   nonlocal_energyvar { 303.1665342420246   } 
   autocorr_energy { } 
} 

block { 
   label dmc
   totweight 272000
   nautocorr 0
   total_energy { -103.8385257760508   } 
   total_energyvar { 1.603331520529537   } 
   weight { 0.9912317491116123   } 
   weightvar { 0.1004788103302607   } 
   kinetic_energy { 58.58851888680744   } 
   kinetic_energyvar { 493.0137763747671   } 
   potential_energy { -174.6466940676652   } 
   potential_energyvar { 547.4208819959131   } 
   nonlocal_energy { 12.21964940480695   } 
   nonlocal_energyvar { 300.3865324064095   } 
   autocorr_energy { } 
} 

block { 
   label dmc
   totweight 272000
   nautocorr 0
   total_energy { -103.8297896139316   } 
   total_energyvar { 1.56567915371852   } 
   weight { 0.9894846758856422   } 
   weightvar { 0.1013065133997002   } 
   kinetic_energy { 58.39937599269503   } 
   kinetic_energyvar { 479.3413938431072   } 
   potential_energy { -174.4189496999872   } 
   potential_energyvar { 541.9534339814381   } 
   nonlocal_energy { 12.18978409336053   } 
   nonlocal_energyvar { 287.6292960058749   } 
   autocorr_energy { } 
} 

block { 
   label dmc
   totweight 272000
   nautocorr 0
   total_energy { -103.8382798245837   } 
   total_energyvar { 1.557551542100555   } 
   weight { 0.9878752072170258   } 
   weightvar { 0.09999967821129219   } 
   kinetic_energy { 58.23316806060651   } 
   kinetic_energyvar { 485.6020563083962   } 
   potential_energy { -174.2150797341336   } 
   potential_energyvar { 541.3691877897654   } 
   nonlocal_energy { 12.14363184894337   } 
   nonlocal_energyvar { 290.6844652079492   } 
   autocorr_energy { } 
} 

block { 
   label dmc
   totweight 272000
   nautocorr 0
   total_energy { -103.848502291647   } 
   total_energyvar { 1.88622559302712   } 
   weight { 0.9960224931506947   } 
   weightvar { 0.1014520335762458   } 
   kinetic_energy { 58.61585805752658   } 
   kinetic_energyvar { 513.2768380019602   } 
   potential_energy { -174.5718380779142   } 
   potential_energyvar { 546.1259545455723   } 
   nonlocal_energy { 12.10747772874063   } 
   nonlocal_energyvar { 316.926458043179   } 
   autocorr_energy { } 
} 

block { 
   label dmc
   totweight 272000
   nautocorr 0
   total_energy { -103.843040515517   } 
   total_energyvar { 1.567325178983083   } 
   weight { 0.9982956087367784   } 
   weightvar { 0.1013033580828059   } 
   kinetic_energy { 58.41807813390182   } 
   kinetic_energyvar { 485.3342363630659   } 
   potential_energy { -174.5240753279633   } 
   potential_energyvar { 545.374039299284   } 
   nonlocal_energy { 12.26295667854444   } 
   nonlocal_energyvar { 295.8571640559394   } 
   autocorr_energy { } 
} 

block { 
   label dmc
   totweight 272000
   nautocorr 0
   total_energy { -103.8410751478254   } 
   total_energyvar { 1.611117808430208   } 
   weight { 0.9957055189175598   } 
   weightvar { 0.1022915114318486   } 
   kinetic_energy { 58.42902622561603   } 
   kinetic_energyvar { 492.0349058876877   } 
   potential_energy { -174.5468487900698   } 
   potential_energyvar { 544.4418007480635   } 
   nonlocal_energy { 12.27674741662834   } 
   nonlocal_energyvar { 300.2289882151023   } 
   autocorr_energy { } 
} 

block { 
   label dmc
   totweight 272000
   nautocorr 0
   total_energy { -103.8325326334836   } 
   total_energyvar { 1.607687392039225   } 
   weight { 0.9936492240314294   } 
   weightvar { 0.1008137183224256   } 
   kinetic_energy { 58.31271841376019   } 
   kinetic_energyvar { 477.9268402030521   } 
   potential_energy { -174.3804722463765   } 
   potential_energyvar { 545.7194462402585   } 
   nonlocal_energy { 12.23522119913266   } 
   nonlocal_energyvar { 289.5851378669259   } 
   autocorr_energy { } 
} 

block { 
   label dmc
   totweight 272000
   nautocorr 0
   total_energy { -103.8398289025136   } 
   total_energyvar { 1.586526651642998   } 
   weight { 0.9905205342753755   } 
   weightvar { 0.1025079905578455   } 
   kinetic_energy { 58.55391527930372   } 
   kinetic_energyvar { 485.7503960053959   } 
   potential_energy { -174.6337389066442   } 
   potential_energyvar { 543.8881198754025   } 
   nonlocal_energy { 12.23999472482691   } 
   nonlocal_energyvar { 294.3552996727216   } 
   autocorr_energy { } 
} 

block { 
   label dmc
   totweight 272000
   nautocorr 0
   total_energy { -103.8414834312765   } 
   total_energyvar { 1.653878994047773   } 
   weight { 0.9932129219165848   } 
   weightvar { 0.1006666391438715   } 
   kinetic_energy { 58.25808524609825   } 
   kinetic_energyvar { 504.492903086008   } 
   potential_energy { -174.2497270881289   } 
   potential_energyvar { 541.8108644236672   } 
   nonlocal_energy { 12.15015841075421   } 
   nonlocal_energyvar { 312.767798369951   } 
   autocorr_energy { } 
} 

block { 
   label dmc
   totweight 272000
   nautocorr 0
   total_energy { -103.8430762897225   } 
   total_energyvar { 1.55796872971041   } 
   weight { 0.9963318801259807   } 
   weightvar { 0.1023671738810622   } 
   kinetic_energy { 58.51246192562746   } 
   kinetic_energyvar { 493.6424923967047   } 
   potential_energy { -174.4325029588279   } 
   potential_energyvar { 546.2223213302132   } 
   nonlocal_energy { 12.07696474347795   } 
   nonlocal_energyvar { 293.8563263760965   } 
   autocorr_energy { } 
} 

block { 
   label dmc
   totweight 272000
   nautocorr 0
   total_energy { -103.8427820851315   } 
   total_energyvar { 1.666063870317885   } 
   weight { 0.9967768889920839   } 
   weightvar { 0.1001240862649598   } 
   kinetic_energy { 58.67617869645032   } 
   kinetic_energyvar { 509.2230060770103   } 
   potential_energy { -174.7388572734795   } 
   potential_energyvar { 546.7220458851079   } 
   nonlocal_energy { 12.21989649189763   } 
   nonlocal_energyvar { 312.2972959624532   } 
   autocorr_energy { } 
} 

