#-------------------------------------------------
#DMC run: timestep 0.0025
#-------------------------------------------------


init { 
   label dmc
}
block { 
   label dmc
   totweight 2560000
   nautocorr 0
   total_energy { -9.755293578240149   } 
   total_energyvar { 0.08529351930837947   } 
   weight { 0.9978747028973521   } 
   weightvar { 0.08767812659127072   } 
   kinetic_energy { 6.984986458433054   } 
   kinetic_energyvar { 24.99523581386058   } 
   potential_energy { -17.65147381891826   } 
   potential_energyvar { 27.76945832968755   } 
   nonlocal_energy { 0.9111937822450553   } 
   nonlocal_energyvar { 13.63801470492531   } 
   autocorr_energy { } 
} 

block { 
   label dmc
   totweight 2560000
   nautocorr 0
   total_energy { -9.752991714169537   } 
   total_energyvar { 0.08293220129310441   } 
   weight { 0.9972873823916522   } 
   weightvar { 0.08749035249051718   } 
   kinetic_energy { 6.953796668784373   } 
   kinetic_energyvar { 24.60277230313499   } 
   potential_energy { -17.62473343577876   } 
   potential_energyvar { 27.20610100440575   } 
   nonlocal_energy { 0.9179450528248481   } 
   nonlocal_energyvar { 13.01035832669189   } 
   autocorr_energy { } 
} 

block { 
   label dmc
   totweight 2560000
   nautocorr 0
   total_energy { -9.756249381463048   } 
   total_energyvar { 0.08713416517517203   } 
   weight { 0.9984842465155349   } 
   weightvar { 0.0871613822257814   } 
   kinetic_energy { 7.017388583887157   } 
   kinetic_energyvar { 25.66333231476283   } 
   potential_energy { -17.6657698308343   } 
   potential_energyvar { 27.13791044931475   } 
   nonlocal_energy { 0.8921318654840866   } 
   nonlocal_energyvar { 13.51570586488203   } 
   autocorr_energy { } 
} 

block { 
   label dmc
   totweight 2560000
   nautocorr 0
   total_energy { -9.755056588664294   } 
   total_energyvar { 0.08150673334904468   } 
   weight { 0.9998510167619723   } 
   weightvar { 0.08963504573188974   } 
   kinetic_energy { 7.036395888954206   } 
   kinetic_energyvar { 24.95678385960419   } 
   potential_energy { -17.68513492766853   } 
   potential_energyvar { 27.48819339244881   } 
   nonlocal_energy { 0.8936824500500283   } 
   nonlocal_energyvar { 12.94336074432003   } 
   autocorr_energy { } 
} 

block { 
   label dmc
   totweight 2560000
   nautocorr 0
   total_energy { -9.752178749266308   } 
   total_energyvar { 0.08472224527092465   } 
   weight { 0.9984226827671784   } 
   weightvar { 0.08936565012496533   } 
   kinetic_energy { 6.962727510409066   } 
   kinetic_energyvar { 24.60681999832219   } 
   potential_energy { -17.57754478221029   } 
   potential_energyvar { 26.56346334520947   } 
   nonlocal_energy { 0.862638522534915   } 
   nonlocal_energyvar { 12.60911154347097   } 
   autocorr_energy { } 
} 

block { 
   label dmc
   totweight 2560000
   nautocorr 0
   total_energy { -9.754154013672613   } 
   total_energyvar { 0.08343293374615257   } 
   weight { 0.9980984935544668   } 
   weightvar { 0.08892978155028253   } 
   kinetic_energy { 6.994442215728796   } 
   kinetic_energyvar { 25.00942458015945   } 
   potential_energy { -17.61290997197548   } 
   potential_energyvar { 27.12009511399037   } 
   nonlocal_energy { 0.8643137425740685   } 
   nonlocal_energyvar { 13.08012332600113   } 
   autocorr_energy { } 
} 

block { 
   label dmc
   totweight 2560000
   nautocorr 0
   total_energy { -9.753239628317845   } 
   total_energyvar { 0.0842130881259493   } 
   weight { 0.9982578659130662   } 
   weightvar { 0.08807953912299737   } 
   kinetic_energy { 6.977351231300501   } 
   kinetic_energyvar { 24.7734141787228   } 
   potential_energy { -17.60032849351367   } 
   potential_energyvar { 26.82167962325605   } 
   nonlocal_energy { 0.8697376338953224   } 
   nonlocal_energyvar { 12.63346095714431   } 
   autocorr_energy { } 
} 

block { 
   label dmc
   totweight 2560000
   nautocorr 0
   total_energy { -9.752082326030294   } 
   total_energyvar { 0.08185410700285445   } 
   weight { 0.9980428196637242   } 
   weightvar { 0.08876369566430642   } 
   kinetic_energy { 6.987898244765891   } 
   kinetic_energyvar { 24.6710134719345   } 
   potential_energy { -17.60277278256503   } 
   potential_energyvar { 26.88407140669176   } 
   nonlocal_energy { 0.8627922117688459   } 
   nonlocal_energyvar { 12.80327376821521   } 
   autocorr_energy { } 
} 

block { 
   label dmc
   totweight 2560000
   nautocorr 0
   total_energy { -9.753007889086579   } 
   total_energyvar { 0.08303867163516543   } 
   weight { 0.9976441780309498   } 
   weightvar { 0.09103516168514703   } 
   kinetic_energy { 7.016814130327697   } 
   kinetic_energyvar { 24.65220649842165   } 
   potential_energy { -17.6399655467055   } 
   potential_energyvar { 27.03160399251948   } 
   nonlocal_energy { 0.8701435272912224   } 
   nonlocal_energyvar { 12.75190404947121   } 
   autocorr_energy { } 
} 

block { 
   label dmc
   totweight 2560000
   nautocorr 0
   total_energy { -9.7553108221343   } 
   total_energyvar { 0.08479963909655908   } 
   weight { 0.9992510897387028   } 
   weightvar { 0.09028384071391271   } 
   kinetic_energy { 6.978301434949954   } 
   kinetic_energyvar { 24.73230283218511   } 
   potential_energy { -17.64013607541833   } 
   potential_energyvar { 28.47866240197817   } 
   nonlocal_energy { 0.9065238183340717   } 
   nonlocal_energyvar { 14.16809622432361   } 
   autocorr_energy { } 
} 

block { 
   label dmc
   totweight 2560000
   nautocorr 0
   total_energy { -9.754368616580299   } 
   total_energyvar { 0.08340661409062022   } 
   weight { 0.999725698374991   } 
   weightvar { 0.08835361412702547   } 
   kinetic_energy { 6.986286462926936   } 
   kinetic_energyvar { 25.7722325919375   } 
   potential_energy { -17.62656080934779   } 
   potential_energyvar { 27.7550413163616   } 
   nonlocal_energy { 0.8859057298405579   } 
   nonlocal_energyvar { 14.07381317257224   } 
   autocorr_energy { } 
} 

block { 
   label dmc
   totweight 2560000
   nautocorr 0
   total_energy { -9.753354561278094   } 
   total_energyvar { 0.081514245087277   } 
   weight { 0.9992191420079686   } 
   weightvar { 0.08722891947346667   } 
   kinetic_energy { 7.015695815269043   } 
   kinetic_energyvar { 25.04508675896071   } 
   potential_energy { -17.66765325007657   } 
   potential_energyvar { 27.13267086360617   } 
   nonlocal_energy { 0.8986028735294298   } 
   nonlocal_energyvar { 13.1996149616345   } 
   autocorr_energy { } 
} 

block { 
   label dmc
   totweight 2560000
   nautocorr 0
   total_energy { -9.756254020835973   } 
   total_energyvar { 0.08120408843271321   } 
   weight { 0.999941601933985   } 
   weightvar { 0.08783420656159502   } 
   kinetic_energy { 7.011319544840918   } 
   kinetic_energyvar { 25.07203632070195   } 
   potential_energy { -17.65544881541112   } 
   potential_energyvar { 27.55177480734471   } 
   nonlocal_energy { 0.8878752497342258   } 
   nonlocal_energyvar { 13.08529088469882   } 
   autocorr_energy { } 
} 

block { 
   label dmc
   totweight 2560000
   nautocorr 0
   total_energy { -9.755477066326991   } 
   total_energyvar { 0.08258343088596121   } 
   weight { 1.000827975425309   } 
   weightvar { 0.08804017381967322   } 
   kinetic_energy { 7.017532488967398   } 
   kinetic_energyvar { 24.86292612269205   } 
   potential_energy { -17.64174619690787   } 
   potential_energyvar { 26.96226518807617   } 
   nonlocal_energy { 0.8687366416134769   } 
   nonlocal_energyvar { 13.12409395620331   } 
   autocorr_energy { } 
} 

block { 
   label dmc
   totweight 2560000
   nautocorr 0
   total_energy { -9.752578543190699   } 
   total_energyvar { 0.08123027925451254   } 
   weight { 0.9991554761690089   } 
   weightvar { 0.087249363143036   } 
   kinetic_energy { 7.034489628513257   } 
   kinetic_energyvar { 24.65559353504122   } 
   potential_energy { -17.67487285823976   } 
   potential_energyvar { 27.11313845339652   } 
   nonlocal_energy { 0.887804686535803   } 
   nonlocal_energyvar { 12.63906162407623   } 
   autocorr_energy { } 
} 

block { 
   label dmc
   totweight 2560000
   nautocorr 0
   total_energy { -9.752753140296026   } 
   total_energyvar { 0.08408872242472398   } 
   weight { 0.9986059921848951   } 
   weightvar { 0.0876226795291738   } 
   kinetic_energy { 6.959522831415013   } 
   kinetic_energyvar { 24.5260484269788   } 
   potential_energy { -17.61248478309966   } 
   potential_energyvar { 26.88711873527416   } 
   nonlocal_energy { 0.9002088113886189   } 
   nonlocal_energyvar { 12.89741683148667   } 
   autocorr_energy { } 
} 

block { 
   label dmc
   totweight 2560000
   nautocorr 0
   total_energy { -9.753402554015263   } 
   total_energyvar { 0.08364775546596093   } 
   weight { 0.9976864023584847   } 
   weightvar { 0.08716247831735957   } 
   kinetic_energy { 6.975121035828359   } 
   kinetic_energyvar { 24.69824451959064   } 
   potential_energy { -17.62795388012237   } 
   potential_energyvar { 27.27951126526079   } 
   nonlocal_energy { 0.8994302902787487   } 
   nonlocal_energyvar { 13.41139337715664   } 
   autocorr_energy { } 
} 

block { 
   label dmc
   totweight 2560000
   nautocorr 0
   total_energy { -9.755680340074454   } 
   total_energyvar { 0.08056775888596235   } 
   weight { 0.9998749325616991   } 
   weightvar { 0.0879595495287423   } 
   kinetic_energy { 7.021603794489579   } 
   kinetic_energyvar { 24.53218301476257   } 
   potential_energy { -17.6624502388323   } 
   potential_energyvar { 27.24134165673712   } 
   nonlocal_energy { 0.8851661042682678   } 
   nonlocal_energyvar { 12.97772136581802   } 
   autocorr_energy { } 
} 

block { 
   label dmc
   totweight 2560000
   nautocorr 0
   total_energy { -9.754892717388993   } 
   total_energyvar { 0.08192553849661977   } 
   weight { 1.000203887134069   } 
   weightvar { 0.08795614605765389   } 
   kinetic_energy { 7.012159549114653   } 
   kinetic_energyvar { 24.59927743447066   } 
   potential_energy { -17.66428907654063   } 
   potential_energyvar { 27.181662606884   } 
   nonlocal_energy { 0.8972368100369867   } 
   nonlocal_energyvar { 13.03940794725358   } 
   autocorr_energy { } 
} 

block { 
   label dmc
   totweight 2560000
   nautocorr 0
   total_energy { -9.75246594163953   } 
   total_energyvar { 0.08179062516224178   } 
   weight { 0.9988648703542796   } 
   weightvar { 0.08827228546314791   } 
   kinetic_energy { 7.078086015818458   } 
   kinetic_energyvar { 25.06605861526508   } 
   potential_energy { -17.72695103514789   } 
   potential_energyvar { 27.69124140460713   } 
   nonlocal_energy { 0.8963990776899073   } 
   nonlocal_energyvar { 12.77926024388039   } 
   autocorr_energy { } 
} 

block { 
   label dmc
   totweight 2560000
   nautocorr 0
   total_energy { -9.75654094099575   } 
   total_energyvar { 0.08392845536921811   } 
   weight { 0.9997813809386443   } 
   weightvar { 0.08977151427571506   } 
   kinetic_energy { 6.984872894195111   } 
   kinetic_energyvar { 24.67873719775046   } 
   potential_energy { -17.66493950469391   } 
   potential_energyvar { 27.32050074895068   } 
   nonlocal_energy { 0.9235256695030448   } 
   nonlocal_energyvar { 13.38637691896114   } 
   autocorr_energy { } 
} 

block { 
   label dmc
   totweight 2560000
   nautocorr 0
   total_energy { -9.754013701627368   } 
   total_energyvar { 0.0826826283757498   } 
   weight { 1.000277230427383   } 
   weightvar { 0.08978498585651273   } 
   kinetic_energy { 6.99153397532134   } 
   kinetic_energyvar { 24.62257998033212   } 
   potential_energy { -17.64972662235065   } 
   potential_energyvar { 27.15199444595618   } 
   nonlocal_energy { 0.9041789454019435   } 
   nonlocal_energyvar { 12.77045389106995   } 
   autocorr_energy { } 
} 

block { 
   label dmc
   totweight 2560000
   nautocorr 0
   total_energy { -9.752865468005563   } 
   total_energyvar { 0.08494041896331339   } 
   weight { 0.9987177304440472   } 
   weightvar { 0.09100984277193069   } 
   kinetic_energy { 7.038118366734072   } 
   kinetic_energyvar { 24.65313587176797   } 
   potential_energy { -17.68900564106768   } 
   potential_energyvar { 27.00885198765508   } 
   nonlocal_energy { 0.8980218063280406   } 
   nonlocal_energyvar { 12.75923481666047   } 
   autocorr_energy { } 
} 

block { 
   label dmc
   totweight 2560000
   nautocorr 0
   total_energy { -9.755348145097235   } 
   total_energyvar { 0.08406819967643742   } 
   weight { 0.9994141649671529   } 
   weightvar { 0.08993405140963484   } 
   kinetic_energy { 6.997859366476483   } 
   kinetic_energyvar { 24.68799137141359   } 
   potential_energy { -17.64869373171275   } 
   potential_energyvar { 27.30115166886856   } 
   nonlocal_energy { 0.8954862201390287   } 
   nonlocal_energyvar { 13.05975537529299   } 
   autocorr_energy { } 
} 

block { 
   label dmc
   totweight 2560000
   nautocorr 0
   total_energy { -9.753337133451362   } 
   total_energyvar { 0.08384537852531082   } 
   weight { 0.9990256397609979   } 
   weightvar { 0.08921545152736987   } 
   kinetic_energy { 6.977215637079677   } 
   kinetic_energyvar { 25.29099360106453   } 
   potential_energy { -17.61298560412725   } 
   potential_energyvar { 27.43266872646723   } 
   nonlocal_energy { 0.8824328335962106   } 
   nonlocal_energyvar { 13.12871181866982   } 
   autocorr_energy { } 
} 

block { 
   label dmc
   totweight 2560000
   nautocorr 0
   total_energy { -9.753567464491276   } 
   total_energyvar { 0.08321565227184635   } 
   weight { 0.9987290134141978   } 
   weightvar { 0.08872100388093662   } 
   kinetic_energy { 7.036034330988062   } 
   kinetic_energyvar { 24.9198389717042   } 
   potential_energy { -17.66636902572224   } 
   potential_energyvar { 27.90916067439639   } 
   nonlocal_energy { 0.8767672302429069   } 
   nonlocal_energyvar { 13.28281633510672   } 
   autocorr_energy { } 
} 

block { 
   label dmc
   totweight 2560000
   nautocorr 0
   total_energy { -9.752780704902692   } 
   total_energyvar { 0.08589577300753604   } 
   weight { 0.9985704013788376   } 
   weightvar { 0.08822603027178755   } 
   kinetic_energy { 7.041174083506361   } 
   kinetic_energyvar { 24.28532801005302   } 
   potential_energy { -17.68884927915812   } 
   potential_energyvar { 26.58900172325315   } 
   nonlocal_energy { 0.8948944907490616   } 
   nonlocal_energyvar { 12.61793726871784   } 
   autocorr_energy { } 
} 

block { 
   label dmc
   totweight 2560000
   nautocorr 0
   total_energy { -9.752286128899511   } 
   total_energyvar { 0.0818086410615706   } 
   weight { 0.9973382664334982   } 
   weightvar { 0.08666805617317652   } 
   kinetic_energy { 7.02751330441398   } 
   kinetic_energyvar { 24.9724467580195   } 
   potential_energy { -17.66766745457259   } 
   potential_energyvar { 27.61650123620745   } 
   nonlocal_energy { 0.8878680212590933   } 
   nonlocal_energyvar { 13.29011092632747   } 
   autocorr_energy { } 
} 

block { 
   label dmc
   totweight 2560000
   nautocorr 0
   total_energy { -9.754233830241764   } 
   total_energyvar { 0.08106801300981203   } 
   weight { 0.9989738734525352   } 
   weightvar { 0.08848841402158614   } 
   kinetic_energy { 7.023288223037004   } 
   kinetic_energyvar { 24.98330897409333   } 
   potential_energy { -17.66156779449642   } 
   potential_energyvar { 27.37995588113438   } 
   nonlocal_energy { 0.8840457412176507   } 
   nonlocal_energyvar { 12.70373336975693   } 
   autocorr_energy { } 
} 

block { 
   label dmc
   totweight 2560000
   nautocorr 0
   total_energy { -9.755013043267786   } 
   total_energyvar { 0.08615443200122286   } 
   weight { 0.9990743081842814   } 
   weightvar { 0.08794564907484659   } 
   kinetic_energy { 7.037423178910857   } 
   kinetic_energyvar { 24.86396519183696   } 
   potential_energy { -17.71869006066699   } 
   potential_energyvar { 27.4706785229418   } 
   nonlocal_energy { 0.9262538384883509   } 
   nonlocal_energyvar { 13.6075781541899   } 
   autocorr_energy { } 
} 

block { 
   label dmc
   totweight 2560000
   nautocorr 0
   total_energy { -9.754557038647464   } 
   total_energyvar { 0.08199114304302668   } 
   weight { 0.9994956532474382   } 
   weightvar { 0.08760104850914918   } 
   kinetic_energy { 7.019526413510413   } 
   kinetic_energyvar { 24.81784267921608   } 
   potential_energy { -17.66070678871782   } 
   potential_energyvar { 27.06251064350158   } 
   nonlocal_energy { 0.8866233365599437   } 
   nonlocal_energyvar { 12.39551594235709   } 
   autocorr_energy { } 
} 

block { 
   label dmc
   totweight 2560000
   nautocorr 0
   total_energy { -9.756947521734812   } 
   total_energyvar { 0.08460822901608367   } 
   weight { 1.000562980331474   } 
   weightvar { 0.08816652326675145   } 
   kinetic_energy { 7.027203817180553   } 
   kinetic_energyvar { 24.61626648312597   } 
   potential_energy { -17.68229655952625   } 
   potential_energyvar { 27.1894426531095   } 
   nonlocal_energy { 0.8981452206108889   } 
   nonlocal_energyvar { 13.10917543655288   } 
   autocorr_energy { } 
} 

block { 
   label dmc
   totweight 2560000
   nautocorr 0
   total_energy { -9.755242881119337   } 
   total_energyvar { 0.0821031469984348   } 
   weight { 1.000565947717403   } 
   weightvar { 0.08704833962203606   } 
   kinetic_energy { 6.992032242919565   } 
   kinetic_energyvar { 25.03354620731874   } 
   potential_energy { -17.63097263741595   } 
   potential_energyvar { 27.36416293163967   } 
   nonlocal_energy { 0.8836975133770487   } 
   nonlocal_energyvar { 12.76722858921884   } 
   autocorr_energy { } 
} 

block { 
   label dmc
   totweight 2560000
   nautocorr 0
   total_energy { -9.752450906892088   } 
   total_energyvar { 0.08475524934414125   } 
   weight { 0.9999132309133143   } 
   weightvar { 0.08720034915402075   } 
   kinetic_energy { 7.033757260088624   } 
   kinetic_energyvar { 25.40544818798897   } 
   potential_energy { -17.68991010589952   } 
   potential_energyvar { 27.63191206795403   } 
   nonlocal_energy { 0.9037019389188072   } 
   nonlocal_energyvar { 13.4679213115909   } 
   autocorr_energy { } 
} 

block { 
   label dmc
   totweight 2560000
   nautocorr 0
   total_energy { -9.75430346215008   } 
   total_energyvar { 0.08708942562032007   } 
   weight { 0.998645847133405   } 
   weightvar { 0.08777935786436619   } 
   kinetic_energy { 7.072738105998738   } 
   kinetic_energyvar { 24.98299511399541   } 
   potential_energy { -17.74394512865474   } 
   potential_energyvar { 27.90917253815087   } 
   nonlocal_energy { 0.9169035605059228   } 
   nonlocal_energyvar { 13.58977667235105   } 
   autocorr_energy { } 
} 

block { 
   label dmc
   totweight 2560000
   nautocorr 0
   total_energy { -9.754909704217578   } 
   total_energyvar { 0.08500017180696773   } 
   weight { 0.9991771508312922   } 
   weightvar { 0.087428622731473   } 
   kinetic_energy { 7.089636277647845   } 
   kinetic_energyvar { 25.09308125206922   } 
   potential_energy { -17.74482556461197   } 
   potential_energyvar { 27.48089226423212   } 
   nonlocal_energy { 0.9002795827465467   } 
   nonlocal_energyvar { 13.41939498680564   } 
   autocorr_energy { } 
} 

block { 
   label dmc
   totweight 2560000
   nautocorr 0
   total_energy { -9.755121041393144   } 
   total_energyvar { 0.08424653085133116   } 
   weight { 0.9999663319460429   } 
   weightvar { 0.0859561145012594   } 
   kinetic_energy { 7.051774517097492   } 
   kinetic_energyvar { 24.98121983293222   } 
   potential_energy { -17.70983196473602   } 
   potential_energyvar { 27.64105860299634   } 
   nonlocal_energy { 0.9029364062453823   } 
   nonlocal_energyvar { 13.23269229053598   } 
   autocorr_energy { } 
} 

block { 
   label dmc
   totweight 2560000
   nautocorr 0
   total_energy { -9.752461537780102   } 
   total_energyvar { 0.08282151083128042   } 
   weight { 0.9989769907665371   } 
   weightvar { 0.08671034315965176   } 
   kinetic_energy { 6.995313348550669   } 
   kinetic_energyvar { 24.9043081113057   } 
   potential_energy { -17.64744163298715   } 
   potential_energyvar { 27.24219372159104   } 
   nonlocal_energy { 0.8996667466563724   } 
   nonlocal_energyvar { 13.29381902659117   } 
   autocorr_energy { } 
} 

block { 
   label dmc
   totweight 2560000
   nautocorr 0
   total_energy { -9.754601680506008   } 
   total_energyvar { 0.08522101279186245   } 
   weight { 0.9990151306166556   } 
   weightvar { 0.08737491808621545   } 
   kinetic_energy { 6.995144378089575   } 
   kinetic_energyvar { 25.10780222488899   } 
   potential_energy { -17.64371488996993   } 
   potential_energyvar { 27.26954245876027   } 
   nonlocal_energy { 0.8939688313743452   } 
   nonlocal_energyvar { 13.47722414459633   } 
   autocorr_energy { } 
} 

block { 
   label dmc
   totweight 2560000
   nautocorr 0
   total_energy { -9.75256019242382   } 
   total_energyvar { 0.08488305712012334   } 
   weight { 0.9985321035736253   } 
   weightvar { 0.08751213065074326   } 
   kinetic_energy { 7.026652215706918   } 
   kinetic_energyvar { 24.7987378169599   } 
   potential_energy { -17.65744478043234   } 
   potential_energyvar { 26.93550587926444   } 
   nonlocal_energy { 0.8782323723015998   } 
   nonlocal_energyvar { 12.99753837855314   } 
   autocorr_energy { } 
} 

block { 
   label dmc
   totweight 2560000
   nautocorr 0
   total_energy { -9.751985890263567   } 
   total_energyvar { 0.08202408061326594   } 
   weight { 0.9980044697202392   } 
   weightvar { 0.08801289577909099   } 
   kinetic_energy { 7.016585030805928   } 
   kinetic_energyvar { 24.66208399375901   } 
   potential_energy { -17.64574690060684   } 
   potential_energyvar { 26.68413561654057   } 
   nonlocal_energy { 0.8771759795373429   } 
   nonlocal_energyvar { 12.7956640262078   } 
   autocorr_energy { } 
} 

block { 
   label dmc
   totweight 2560000
   nautocorr 0
   total_energy { -9.753097750179636   } 
   total_energyvar { 0.08282493270247926   } 
   weight { 0.9976497344901171   } 
   weightvar { 0.08612242140438575   } 
   kinetic_energy { 7.002319797366627   } 
   kinetic_energyvar { 24.65634960729334   } 
   potential_energy { -17.64016949861159   } 
   potential_energyvar { 26.78975167044297   } 
   nonlocal_energy { 0.8847519510653326   } 
   nonlocal_energyvar { 12.64509518225228   } 
   autocorr_energy { } 
} 

block { 
   label dmc
   totweight 2560000
   nautocorr 0
   total_energy { -9.753164601577829   } 
   total_energyvar { 0.08207767602252147   } 
   weight { 0.9975389728133618   } 
   weightvar { 0.0852310545216145   } 
   kinetic_energy { 7.019822009997315   } 
   kinetic_energyvar { 24.74616556237803   } 
   potential_energy { -17.66369728510976   } 
   potential_energyvar { 27.04672230336541   } 
   nonlocal_energy { 0.8907106735346185   } 
   nonlocal_energyvar { 13.14474258439435   } 
   autocorr_energy { } 
} 

block { 
   label dmc
   totweight 2560000
   nautocorr 0
   total_energy { -9.753265822027915   } 
   total_energyvar { 0.08379051024427042   } 
   weight { 0.9989048960168915   } 
   weightvar { 0.08616759637959004   } 
   kinetic_energy { 7.045524209757559   } 
   kinetic_energyvar { 25.25842216375258   } 
   potential_energy { -17.67189369701703   } 
   potential_energyvar { 27.49900064772697   } 
   nonlocal_energy { 0.8731036652315542   } 
   nonlocal_energyvar { 12.95538475989932   } 
   autocorr_energy { } 
} 

block { 
   label dmc
   totweight 2560000
   nautocorr 0
   total_energy { -9.754494266762089   } 
   total_energyvar { 0.08306660255206566   } 
   weight { 0.9981533499583058   } 
   weightvar { 0.08621817946896548   } 
   kinetic_energy { 7.008797410953542   } 
   kinetic_energyvar { 24.51074867549465   } 
   potential_energy { -17.6499565750038   } 
   potential_energyvar { 27.24723106723559   } 
   nonlocal_energy { 0.8866648972881714   } 
   nonlocal_energyvar { 13.22241713640911   } 
   autocorr_energy { } 
} 

block { 
   label dmc
   totweight 2560000
   nautocorr 0
   total_energy { -9.754805840917228   } 
   total_energyvar { 0.08411427404361405   } 
   weight { 0.9999246774708612   } 
   weightvar { 0.08715686895052122   } 
   kinetic_energy { 7.055469772141284   } 
   kinetic_energyvar { 24.80334526877287   } 
   potential_energy { -17.70973090209543   } 
   potential_energyvar { 27.07307802451083   } 
   nonlocal_energy { 0.8994552890369181   } 
   nonlocal_energyvar { 12.99134340565658   } 
   autocorr_energy { } 
} 

block { 
   label dmc
   totweight 2560000
   nautocorr 0
   total_energy { -9.755388228855161   } 
   total_energyvar { 0.08464394174370682   } 
   weight { 0.9998236621612719   } 
   weightvar { 0.08628629010805933   } 
   kinetic_energy { 6.971117042396318   } 
   kinetic_energyvar { 24.28522524230126   } 
   potential_energy { -17.6379003979906   } 
   potential_energyvar { 27.22949489636187   } 
   nonlocal_energy { 0.9113951267391209   } 
   nonlocal_energyvar { 13.38106763682423   } 
   autocorr_energy { } 
} 

block { 
   label dmc
   totweight 2560000
   nautocorr 0
   total_energy { -9.754873734056339   } 
   total_energyvar { 0.08424766789525506   } 
   weight { 1.000025293557156   } 
   weightvar { 0.08512789615494065   } 
   kinetic_energy { 7.020164741086969   } 
   kinetic_energyvar { 25.0704822982941   } 
   potential_energy { -17.68105607049128   } 
   potential_energyvar { 27.47116297232481   } 
   nonlocal_energy { 0.9060175953479668   } 
   nonlocal_energyvar { 13.32708728499576   } 
   autocorr_energy { } 
} 

block { 
   label dmc
   totweight 2560000
   nautocorr 0
   total_energy { -9.756436082449975   } 
   total_energyvar { 0.08349693894307109   } 
   weight { 1.000355193669721   } 
   weightvar { 0.08607676378566365   } 
   kinetic_energy { 6.971254585914515   } 
   kinetic_energyvar { 24.80861277763931   } 
   potential_energy { -17.64451297350594   } 
   potential_energyvar { 27.75610656392593   } 
   nonlocal_energy { 0.91682230514145   } 
   nonlocal_energyvar { 13.58649552670386   } 
   autocorr_energy { } 
} 

block { 
   label dmc
   totweight 2560000
   nautocorr 0
   total_energy { -9.754812875347108   } 
   total_energyvar { 0.0827203682411124   } 
   weight { 1.000817312606841   } 
   weightvar { 0.08640603549723602   } 
   kinetic_energy { 7.019035523825612   } 
   kinetic_energyvar { 24.09027534471072   } 
   potential_energy { -17.67665546936946   } 
   potential_energyvar { 27.2953796881834   } 
   nonlocal_energy { 0.9028070701967437   } 
   nonlocal_energyvar { 12.64092720558853   } 
   autocorr_energy { } 
} 

block { 
   label dmc
   totweight 2560000
   nautocorr 0
   total_energy { -9.752196831284454   } 
   total_energyvar { 0.08527479980915587   } 
   weight { 0.9989237772093209   } 
   weightvar { 0.08603553156123322   } 
   kinetic_energy { 7.026100064177773   } 
   kinetic_energyvar { 24.78992663875393   } 
   potential_energy { -17.66684890839276   } 
   potential_energyvar { 27.44237442046841   } 
   nonlocal_energy { 0.8885520129305342   } 
   nonlocal_energyvar { 13.43315346996314   } 
   autocorr_energy { } 
} 

block { 
   label dmc
   totweight 2560000
   nautocorr 0
   total_energy { -9.754254069502011   } 
   total_energyvar { 0.08390399835269591   } 
   weight { 0.9990589198008191   } 
   weightvar { 0.08780044777959262   } 
   kinetic_energy { 7.055873001518106   } 
   kinetic_energyvar { 25.17407999552802   } 
   potential_energy { -17.71229754773475   } 
   potential_energyvar { 27.41034685148003   } 
   nonlocal_energy { 0.9021704767146337   } 
   nonlocal_energyvar { 13.24706916809296   } 
   autocorr_energy { } 
} 

block { 
   label dmc
   totweight 2560000
   nautocorr 0
   total_energy { -9.756510401037646   } 
   total_energyvar { 0.08311953742311573   } 
   weight { 0.9999121432797335   } 
   weightvar { 0.0879413695459591   } 
   kinetic_energy { 7.082109230124266   } 
   kinetic_energyvar { 25.63088691738402   } 
   potential_energy { -17.74028138651973   } 
   potential_energyvar { 27.73465008925638   } 
   nonlocal_energy { 0.9016617553578152   } 
   nonlocal_energyvar { 13.3246943817046   } 
   autocorr_energy { } 
} 

block { 
   label dmc
   totweight 2560000
   nautocorr 0
   total_energy { -9.754154034943671   } 
   total_energyvar { 0.08726423348734613   } 
   weight { 1.000294508878338   } 
   weightvar { 0.08741606349046438   } 
   kinetic_energy { 7.080585263383415   } 
   kinetic_energyvar { 25.04488965581366   } 
   potential_energy { -17.7509640889491   } 
   potential_energyvar { 27.76665365956472   } 
   nonlocal_energy { 0.916224790622021   } 
   nonlocal_energyvar { 13.20238741598173   } 
   autocorr_energy { } 
} 

block { 
   label dmc
   totweight 2560000
   nautocorr 0
   total_energy { -9.753975437052288   } 
   total_energyvar { 0.0840165935735655   } 
   weight { 0.9993373395259827   } 
   weightvar { 0.08686968751868196   } 
   kinetic_energy { 6.974248921513023   } 
   kinetic_energyvar { 24.80040298121202   } 
   potential_energy { -17.6003358731958   } 
   potential_energyvar { 26.89245738163908   } 
   nonlocal_energy { 0.872111514630486   } 
   nonlocal_energyvar { 12.76338789233998   } 
   autocorr_energy { } 
} 

block { 
   label dmc
   totweight 2560000
   nautocorr 0
   total_energy { -9.754119786438395   } 
   total_energyvar { 0.08770661470406083   } 
   weight { 0.9986548260265939   } 
   weightvar { 0.08716143194493475   } 
   kinetic_energy { 6.98504820269449   } 
   kinetic_energyvar { 25.59319901389072   } 
   potential_energy { -17.63993744044311   } 
   potential_energyvar { 27.51691165947443   } 
   nonlocal_energy { 0.900769451310225   } 
   nonlocal_energyvar { 14.1675558927454   } 
   autocorr_energy { } 
} 

block { 
   label dmc
   totweight 2560000
   nautocorr 0
   total_energy { -9.756012216260144   } 
   total_energyvar { 0.08180741568146743   } 
   weight { 1.00004484436147   } 
   weightvar { 0.08812022153625065   } 
   kinetic_energy { 7.022135930007547   } 
   kinetic_energyvar { 24.61667966331736   } 
   potential_energy { -17.67381161108725   } 
   potential_energyvar { 27.35847941911618   } 
   nonlocal_energy { 0.8956634648195584   } 
   nonlocal_energyvar { 13.15308016643868   } 
   autocorr_energy { } 
} 

block { 
   label dmc
   totweight 2560000
   nautocorr 0
   total_energy { -9.753959625276593   } 
   total_energyvar { 0.0829146585209628   } 
   weight { 0.9999658799020812   } 
   weightvar { 0.08883300455566678   } 
   kinetic_energy { 7.020331703869013   } 
   kinetic_energyvar { 24.50507110760152   } 
   potential_energy { -17.70281626513069   } 
   potential_energyvar { 27.17661450947486   } 
   nonlocal_energy { 0.9285249359850788   } 
   nonlocal_energyvar { 13.43180194158933   } 
   autocorr_energy { } 
} 

block { 
   label dmc
   totweight 2560000
   nautocorr 0
   total_energy { -9.752491120266516   } 
   total_energyvar { 0.08328398846884966   } 
   weight { 0.9988603547131708   } 
   weightvar { 0.08944431690780874   } 
   kinetic_energy { 6.987172970774728   } 
   kinetic_energyvar { 24.54487253682407   } 
   potential_energy { -17.64476551424456   } 
   potential_energyvar { 26.98157040856108   } 
   nonlocal_energy { 0.9051014232033189   } 
   nonlocal_energyvar { 13.2027806198163   } 
   autocorr_energy { } 
} 

block { 
   label dmc
   totweight 2560000
   nautocorr 0
   total_energy { -9.753149427765235   } 
   total_energyvar { 0.08383135959893195   } 
   weight { 0.9979064196448298   } 
   weightvar { 0.0883861024146475   } 
   kinetic_energy { 7.034867987174143   } 
   kinetic_energyvar { 24.76896358868404   } 
   potential_energy { -17.673511942833   } 
   potential_energyvar { 27.42665828808435   } 
   nonlocal_energy { 0.8854945278936127   } 
   nonlocal_energyvar { 13.04983362893038   } 
   autocorr_energy { } 
} 

block { 
   label dmc
   totweight 2560000
   nautocorr 0
   total_energy { -9.753110535430585   } 
   total_energyvar { 0.08444136649684708   } 
   weight { 0.9981810941655637   } 
   weightvar { 0.08772015406103795   } 
   kinetic_energy { 7.029744378410813   } 
   kinetic_energyvar { 25.29019771992836   } 
   potential_energy { -17.68261772382764   } 
   potential_energyvar { 27.56624613773738   } 
   nonlocal_energy { 0.8997628099862467   } 
   nonlocal_energyvar { 13.86914189372646   } 
   autocorr_energy { } 
} 

block { 
   label dmc
   totweight 2560000
   nautocorr 0
   total_energy { -9.753394084631342   } 
   total_energyvar { 0.08380039697570396   } 
   weight { 0.9982888365144196   } 
   weightvar { 0.08826542601309983   } 
   kinetic_energy { 7.043493078336359   } 
   kinetic_energyvar { 24.92787626096786   } 
   potential_energy { -17.67722688470394   } 
   potential_energyvar { 27.17146798162975   } 
   nonlocal_energy { 0.8803397217362459   } 
   nonlocal_energyvar { 13.17629389224132   } 
   autocorr_energy { } 
} 

block { 
   label dmc
   totweight 2560000
   nautocorr 0
   total_energy { -9.75415338978083   } 
   total_energyvar { 0.08423696347432497   } 
   weight { 0.9985339573996629   } 
   weightvar { 0.08876000323452604   } 
   kinetic_energy { 6.955807256013519   } 
   kinetic_energyvar { 24.9779221805261   } 
   potential_energy { -17.62506176647966   } 
   potential_energyvar { 27.39946317548976   } 
   nonlocal_energy { 0.9151011206853125   } 
   nonlocal_energyvar { 13.5144299066212   } 
   autocorr_energy { } 
} 

block { 
   label dmc
   totweight 2560000
   nautocorr 0
   total_energy { -9.754602895274768   } 
   total_energyvar { 0.08264832631715535   } 
   weight { 0.999097071207831   } 
   weightvar { 0.08882103021691956   } 
   kinetic_energy { 7.004171391709241   } 
   kinetic_energyvar { 24.70777513041763   } 
   potential_energy { -17.66153075310773   } 
   potential_energyvar { 27.61299633910534   } 
   nonlocal_energy { 0.9027564661237236   } 
   nonlocal_energyvar { 13.80046534504958   } 
   autocorr_energy { } 
} 

block { 
   label dmc
   totweight 2560000
   nautocorr 0
   total_energy { -9.753740430047257   } 
   total_energyvar { 0.08489574866752037   } 
   weight { 0.9990601613369485   } 
   weightvar { 0.08750593619652658   } 
   kinetic_energy { 7.031876683252236   } 
   kinetic_energyvar { 24.91505019325849   } 
   potential_energy { -17.66824455253989   } 
   potential_energyvar { 27.35714566203649   } 
   nonlocal_energy { 0.8826274392403974   } 
   nonlocal_energyvar { 12.98008218652857   } 
   autocorr_energy { } 
} 

block { 
   label dmc
   totweight 2560000
   nautocorr 0
   total_energy { -9.757092810598435   } 
   total_energyvar { 0.08085205815197583   } 
   weight { 0.9997710435362129   } 
   weightvar { 0.08859262090219022   } 
   kinetic_energy { 7.016630143773675   } 
   kinetic_energyvar { 24.63980481439385   } 
   potential_energy { -17.67753713026587   } 
   potential_energyvar { 27.43146097430838   } 
   nonlocal_energy { 0.9038141758937622   } 
   nonlocal_energyvar { 13.56611957632414   } 
   autocorr_energy { } 
} 

block { 
   label dmc
   totweight 2560000
   nautocorr 0
   total_energy { -9.756379735105522   } 
   total_energyvar { 0.08488207429876127   } 
   weight { 1.001652214960794   } 
   weightvar { 0.08681919070399946   } 
   kinetic_energy { 6.984145075056457   } 
   kinetic_energyvar { 24.99994068048024   } 
   potential_energy { -17.65440265205781   } 
   potential_energyvar { 27.7156497319645   } 
   nonlocal_energy { 0.9138778418958302   } 
   nonlocal_energyvar { 13.69578878390606   } 
   autocorr_energy { } 
} 

block { 
   label dmc
   totweight 2560000
   nautocorr 0
   total_energy { -9.752758197473375   } 
   total_energyvar { 0.08729105663591952   } 
   weight { 0.9999904972395014   } 
   weightvar { 0.08657986078676982   } 
   kinetic_energy { 7.005669724385206   } 
   kinetic_energyvar { 24.96095853186556   } 
   potential_energy { -17.66257465082148   } 
   potential_energyvar { 27.64104371307809   } 
   nonlocal_energy { 0.9041467289628989   } 
   nonlocal_energyvar { 13.60493106121228   } 
   autocorr_energy { } 
} 

block { 
   label dmc
   totweight 2560000
   nautocorr 0
   total_energy { -9.753552142113524   } 
   total_energyvar { 0.08819525768225844   } 
   weight { 0.9987305838552079   } 
   weightvar { 0.08701077785325828   } 
   kinetic_energy { 7.062281320897384   } 
   kinetic_energyvar { 25.29556793380763   } 
   potential_energy { -17.73590836055935   } 
   potential_energyvar { 27.76105208409723   } 
   nonlocal_energy { 0.9200748975484478   } 
   nonlocal_energyvar { 13.35808953956795   } 
   autocorr_energy { } 
} 

block { 
   label dmc
   totweight 2560000
   nautocorr 0
   total_energy { -9.752602942157086   } 
   total_energyvar { 0.0806390318923178   } 
   weight { 0.9983390266676886   } 
   weightvar { 0.08753528137389488   } 
   kinetic_energy { 7.011898117229001   } 
   kinetic_energyvar { 24.58041072166969   } 
   potential_energy { -17.65655151144384   } 
   potential_energyvar { 27.17434843320899   } 
   nonlocal_energy { 0.8920504520577487   } 
   nonlocal_energyvar { 12.76996130667287   } 
   autocorr_energy { } 
} 

block { 
   label dmc
   totweight 2560000
   nautocorr 0
   total_energy { -9.753428763205793   } 
   total_energyvar { 0.07967155250145197   } 
   weight { 0.9983612575437574   } 
   weightvar { 0.08889299434404829   } 
   kinetic_energy { 6.987295943063515   } 
   kinetic_energyvar { 24.77833753583368   } 
   potential_energy { -17.62828892349869   } 
   potential_energyvar { 27.27467501566753   } 
   nonlocal_energy { 0.8875642172293788   } 
   nonlocal_energyvar { 12.92468410881643   } 
   autocorr_energy { } 
} 

block { 
   label dmc
   totweight 2560000
   nautocorr 0
   total_energy { -9.753816180135507   } 
   total_energyvar { 0.08262391395140867   } 
   weight { 0.9983506583431486   } 
   weightvar { 0.08960398691673543   } 
   kinetic_energy { 6.98054089557242   } 
   kinetic_energyvar { 24.82895369435617   } 
   potential_energy { -17.63907630285757   } 
   potential_energyvar { 27.32215132150435   } 
   nonlocal_energy { 0.9047192271496447   } 
   nonlocal_energyvar { 13.38354391099857   } 
   autocorr_energy { } 
} 

block { 
   label dmc
   totweight 2560000
   nautocorr 0
   total_energy { -9.752623395634883   } 
   total_energyvar { 0.08090179119990637   } 
   weight { 0.9983980912793206   } 
   weightvar { 0.08845754310315612   } 
   kinetic_energy { 7.011632738871601   } 
   kinetic_energyvar { 24.51732447381928   } 
   potential_energy { -17.64336068791874   } 
   potential_energyvar { 26.97205998884317   } 
   nonlocal_energy { 0.879104553412252   } 
   nonlocal_energyvar { 12.21433983745981   } 
   autocorr_energy { } 
} 

block { 
   label dmc
   totweight 2560000
   nautocorr 0
   total_energy { -9.752300323249678   } 
   total_energyvar { 0.08053196246640937   } 
   weight { 0.9978086201860235   } 
   weightvar { 0.08884554570497827   } 
   kinetic_energy { 6.97330384627204   } 
   kinetic_energyvar { 24.26537690756866   } 
   potential_energy { -17.58747364611542   } 
   potential_energyvar { 26.65675097815557   } 
   nonlocal_energy { 0.8618694765937026   } 
   nonlocal_energyvar { 12.17550206261894   } 
   autocorr_energy { } 
} 

block { 
   label dmc
   totweight 2560000
   nautocorr 0
   total_energy { -9.755867466972619   } 
   total_energyvar { 0.0872248687277164   } 
   weight { 0.9990940099828883   } 
   weightvar { 0.08782646481171008   } 
   kinetic_energy { 7.009981065354758   } 
   kinetic_energyvar { 24.97260035164511   } 
   potential_energy { -17.67765015694944   } 
   potential_energyvar { 27.42593295713658   } 
   nonlocal_energy { 0.911801624622062   } 
   nonlocal_energyvar { 13.34714118127808   } 
   autocorr_energy { } 
} 

block { 
   label dmc
   totweight 2560000
   nautocorr 0
   total_energy { -9.756876256386558   } 
   total_energyvar { 0.08574346438592784   } 
   weight { 1.000467206386071   } 
   weightvar { 0.08860278465760918   } 
   kinetic_energy { 6.958701498115297   } 
   kinetic_energyvar { 24.87494166592244   } 
   potential_energy { -17.64715488560132   } 
   potential_energyvar { 27.61511666791466   } 
   nonlocal_energy { 0.9315771310994676   } 
   nonlocal_energyvar { 13.61796902914545   } 
   autocorr_energy { } 
} 

block { 
   label dmc
   totweight 2560000
   nautocorr 0
   total_energy { -9.752028853365166   } 
   total_energyvar { 0.08115596403946768   } 
   weight { 0.9993712385253831   } 
   weightvar { 0.08941226769335953   } 
   kinetic_energy { 6.940761369674612   } 
   kinetic_energyvar { 23.84939863982184   } 
   potential_energy { -17.5981968395505   } 
   potential_energyvar { 27.11956399508097   } 
   nonlocal_energy { 0.9054066165107267   } 
   nonlocal_energyvar { 13.45243865048705   } 
   autocorr_energy { } 
} 

block { 
   label dmc
   totweight 2560000
   nautocorr 0
   total_energy { -9.755246929587411   } 
   total_energyvar { 0.08265556526431794   } 
   weight { 0.999591327408194   } 
   weightvar { 0.08846790903096025   } 
   kinetic_energy { 6.931969359030311   } 
   kinetic_energyvar { 24.18269255799208   } 
   potential_energy { -17.59601906967547   } 
   potential_energyvar { 27.14300752139536   } 
   nonlocal_energy { 0.9088027810577483   } 
   nonlocal_energyvar { 12.79197675451633   } 
   autocorr_energy { } 
} 

block { 
   label dmc
   totweight 2560000
   nautocorr 0
   total_energy { -9.75456602289908   } 
   total_energyvar { 0.08215849043752144   } 
   weight { 0.9996250899842259   } 
   weightvar { 0.08806445334533219   } 
   kinetic_energy { 6.984181362304396   } 
   kinetic_energyvar { 24.40985933088894   } 
   potential_energy { -17.59984161884651   } 
   potential_energyvar { 26.5768808192696   } 
   nonlocal_energy { 0.8610942336430348   } 
   nonlocal_energyvar { 12.31907668054983   } 
   autocorr_energy { } 
} 

block { 
   label dmc
   totweight 2560000
   nautocorr 0
   total_energy { -9.754890979707927   } 
   total_energyvar { 0.08423510371633824   } 
   weight { 0.9994135770435465   } 
   weightvar { 0.0883518720840788   } 
   kinetic_energy { 6.948753717687124   } 
   kinetic_energyvar { 24.70836546661229   } 
   potential_energy { -17.60036587849065   } 
   potential_energyvar { 27.07713340679896   } 
   nonlocal_energy { 0.8967211810955956   } 
   nonlocal_energyvar { 12.73219495630939   } 
   autocorr_energy { } 
} 

block { 
   label dmc
   totweight 2560000
   nautocorr 0
   total_energy { -9.753818979611351   } 
   total_energyvar { 0.08082500090094413   } 
   weight { 0.999593704157942   } 
   weightvar { 0.0869381483059517   } 
   kinetic_energy { 6.968314330008094   } 
   kinetic_energyvar { 24.70171181756193   } 
   potential_energy { -17.60959419472722   } 
   potential_energyvar { 27.7102127013685   } 
   nonlocal_energy { 0.8874608851077748   } 
   nonlocal_energyvar { 13.43138044039142   } 
   autocorr_energy { } 
} 

block { 
   label dmc
   totweight 2560000
   nautocorr 0
   total_energy { -9.753349236915698   } 
   total_energyvar { 0.08192582864418796   } 
   weight { 0.998945505489118   } 
   weightvar { 0.08548450340639213   } 
   kinetic_energy { 6.977630151810125   } 
   kinetic_energyvar { 24.910774913122   } 
   potential_energy { -17.62503131007425   } 
   potential_energyvar { 27.40815261147083   } 
   nonlocal_energy { 0.8940519213484234   } 
   nonlocal_energyvar { 12.9460059209293   } 
   autocorr_energy { } 
} 

block { 
   label dmc
   totweight 2560000
   nautocorr 0
   total_energy { -9.752176705463592   } 
   total_energyvar { 0.08156812317334072   } 
   weight { 0.9983265048217747   } 
   weightvar { 0.08558809553287727   } 
   kinetic_energy { 7.011721707754689   } 
   kinetic_energyvar { 24.93288179910575   } 
   potential_energy { -17.65448154798541   } 
   potential_energyvar { 27.42722701012411   } 
   nonlocal_energy { 0.8905831347671309   } 
   nonlocal_energyvar { 13.0078112851184   } 
   autocorr_energy { } 
} 

block { 
   label dmc
   totweight 2560000
   nautocorr 0
   total_energy { -9.753667569154819   } 
   total_energyvar { 0.08398818634491079   } 
   weight { 0.9978044244463635   } 
   weightvar { 0.08492523370579097   } 
   kinetic_energy { 7.027952029973853   } 
   kinetic_energyvar { 25.40795478129375   } 
   potential_energy { -17.67976656058049   } 
   potential_energyvar { 27.49481237032853   } 
   nonlocal_energy { 0.8981469614518159   } 
   nonlocal_energyvar { 13.84659886642056   } 
   autocorr_energy { } 
} 

block { 
   label dmc
   totweight 2560000
   nautocorr 0
   total_energy { -9.752582367917576   } 
   total_energyvar { 0.08197748239518887   } 
   weight { 0.9981537883180767   } 
   weightvar { 0.08638408578416745   } 
   kinetic_energy { 6.97302672584443   } 
   kinetic_energyvar { 24.51088242709832   } 
   potential_energy { -17.61450506256731   } 
   potential_energyvar { 28.12033241585704   } 
   nonlocal_energy { 0.8888959688053111   } 
   nonlocal_energyvar { 13.64533103372869   } 
   autocorr_energy { } 
} 

block { 
   label dmc
   totweight 2560000
   nautocorr 0
   total_energy { -9.754929711807531   } 
   total_energyvar { 0.08068649791810856   } 
   weight { 0.99881831538516   } 
   weightvar { 0.08685826159471943   } 
   kinetic_energy { 6.991697644833581   } 
   kinetic_energyvar { 24.15739334268542   } 
   potential_energy { -17.61530816601625   } 
   potential_energyvar { 26.31301541738554   } 
   nonlocal_energy { 0.868680809375143   } 
   nonlocal_energyvar { 12.16735043615101   } 
   autocorr_energy { } 
} 

block { 
   label dmc
   totweight 2560000
   nautocorr 0
   total_energy { -9.751942793381648   } 
   total_energyvar { 0.08191387266663241   } 
   weight { 0.9983172224285254   } 
   weightvar { 0.08755297599592704   } 
   kinetic_energy { 7.001574943088176   } 
   kinetic_energyvar { 25.01280539832134   } 
   potential_energy { -17.61615204616303   } 
   potential_energyvar { 26.892277497929   } 
   nonlocal_energy { 0.8626343096932015   } 
   nonlocal_energyvar { 13.13028561660194   } 
   autocorr_energy { } 
} 

block { 
   label dmc
   totweight 2560000
   nautocorr 0
   total_energy { -9.755222251853725   } 
   total_energyvar { 0.08467474764719896   } 
   weight { 0.9988127170160078   } 
   weightvar { 0.08740794865619739   } 
   kinetic_energy { 6.982144635806698   } 
   kinetic_energyvar { 24.95815892781029   } 
   potential_energy { -17.63092812300113   } 
   potential_energyvar { 27.31036107531821   } 
   nonlocal_energy { 0.893561235340706   } 
   nonlocal_energyvar { 13.47330088187696   } 
   autocorr_energy { } 
} 

block { 
   label dmc
   totweight 2560000
   nautocorr 0
   total_energy { -9.754447415119049   } 
   total_energyvar { 0.08407565754998814   } 
   weight { 0.9997059498966256   } 
   weightvar { 0.08711764044421255   } 
   kinetic_energy { 6.96502156386539   } 
   kinetic_energyvar { 24.76712883263728   } 
   potential_energy { -17.62254652431108   } 
   potential_energyvar { 27.18695248618855   } 
   nonlocal_energy { 0.9030775453266455   } 
   nonlocal_energyvar { 12.99584917790823   } 
   autocorr_energy { } 
} 

block { 
   label dmc
   totweight 2560000
   nautocorr 0
   total_energy { -9.753807263346053   } 
   total_energyvar { 0.08253789609267415   } 
   weight { 0.9991447479950434   } 
   weightvar { 0.08704931716659137   } 
   kinetic_energy { 6.944851920440035   } 
   kinetic_energyvar { 24.86833713771416   } 
   potential_energy { -17.60722909851994   } 
   potential_energyvar { 28.43764743388346   } 
   nonlocal_energy { 0.9085699147338565   } 
   nonlocal_energyvar { 14.43785203869323   } 
   autocorr_energy { } 
} 

block { 
   label dmc
   totweight 2560000
   nautocorr 0
   total_energy { -9.753146174920815   } 
   total_energyvar { 0.08232011728527766   } 
   weight { 0.9985539100450082   } 
   weightvar { 0.08827445746458829   } 
   kinetic_energy { 7.012741694361959   } 
   kinetic_energyvar { 24.68848319829656   } 
   potential_energy { -17.65204715021174   } 
   potential_energyvar { 26.90422833652002   } 
   nonlocal_energy { 0.8861592809289641   } 
   nonlocal_energyvar { 12.74756646580746   } 
   autocorr_energy { } 
} 

block { 
   label dmc
   totweight 2560000
   nautocorr 0
   total_energy { -9.754774221198501   } 
   total_energyvar { 0.08319768733812793   } 
   weight { 0.999087764768844   } 
   weightvar { 0.0882875687131609   } 
   kinetic_energy { 7.04582527788803   } 
   kinetic_energyvar { 24.62133413877392   } 
   potential_energy { -17.70316675058972   } 
   potential_energyvar { 27.52190598163878   } 
   nonlocal_energy { 0.9025672515031872   } 
   nonlocal_energyvar { 13.59641667437751   } 
   autocorr_energy { } 
} 

block { 
   label dmc
   totweight 2560000
   nautocorr 0
   total_energy { -9.754290112179708   } 
   total_energyvar { 0.08152780162291151   } 
   weight { 0.9996578628711901   } 
   weightvar { 0.0878565044347609   } 
   kinetic_energy { 7.012455263075391   } 
   kinetic_energyvar { 24.46867803752455   } 
   potential_energy { -17.63203977402152   } 
   potential_energyvar { 27.49709455259062   } 
   nonlocal_energy { 0.8652943987664279   } 
   nonlocal_energyvar { 13.9240643203945   } 
   autocorr_energy { } 
} 

block { 
   label dmc
   totweight 2560000
   nautocorr 0
   total_energy { -9.754871085898985   } 
   total_energyvar { 0.08456554239566572   } 
   weight { 0.9991151402679801   } 
   weightvar { 0.0889026764965134   } 
   kinetic_energy { 7.000766614535688   } 
   kinetic_energyvar { 24.80618412236745   } 
   potential_energy { -17.6682946386818   } 
   potential_energyvar { 27.36894390501715   } 
   nonlocal_energy { 0.9126569382471261   } 
   nonlocal_energyvar { 13.89324225401079   } 
   autocorr_energy { } 
} 

block { 
   label dmc
   totweight 2560000
   nautocorr 0
   total_energy { -9.755055108366889   } 
   total_energyvar { 0.08224311187304068   } 
   weight { 0.9999475819599718   } 
   weightvar { 0.08820895730244527   } 
   kinetic_energy { 7.020982311854472   } 
   kinetic_energyvar { 24.87790567721814   } 
   potential_energy { -17.66565832945406   } 
   potential_energyvar { 28.05710743581852   } 
   nonlocal_energy { 0.8896209092326952   } 
   nonlocal_energyvar { 13.4921892895407   } 
   autocorr_energy { } 
} 

block { 
   label dmc
   totweight 2560000
   nautocorr 0
   total_energy { -9.754458619038193   } 
   total_energyvar { 0.08176385261859309   } 
   weight { 0.9996878043429942   } 
   weightvar { 0.08869767026182895   } 
   kinetic_energy { 7.0408044343189   } 
   kinetic_energyvar { 24.78031600475951   } 
   potential_energy { -17.7124619917467   } 
   potential_energyvar { 27.16006711075926   } 
   nonlocal_energy { 0.9171989383896149   } 
   nonlocal_energyvar { 13.0963870610366   } 
   autocorr_energy { } 
} 

block { 
   label dmc
   totweight 2560000
   nautocorr 0
   total_energy { -9.756132217976251   } 
   total_energyvar { 0.08382459383994956   } 
   weight { 1.000504363149887   } 
   weightvar { 0.08757671920581056   } 
   kinetic_energy { 7.006210276395518   } 
   kinetic_energyvar { 24.45980252959953   } 
   potential_energy { -17.66848660248382   } 
   potential_energyvar { 26.99405582954586   } 
   nonlocal_energy { 0.9061441081120492   } 
   nonlocal_energyvar { 12.58826372693535   } 
   autocorr_energy { } 
} 

block { 
   label dmc
   totweight 2560000
   nautocorr 0
   total_energy { -9.754355748978876   } 
   total_energyvar { 0.08603568750228874   } 
   weight { 1.000079296747554   } 
   weightvar { 0.08730880269356978   } 
   kinetic_energy { 7.020901737102578   } 
   kinetic_energyvar { 25.14314038390386   } 
   potential_energy { -17.66970732875003   } 
   potential_energyvar { 27.38841380768037   } 
   nonlocal_energy { 0.89444984266858   } 
   nonlocal_energyvar { 13.20371288602804   } 
   autocorr_energy { } 
} 

block { 
   label dmc
   totweight 2560000
   nautocorr 0
   total_energy { -9.754478296791522   } 
   total_energyvar { 0.08013339334591763   } 
   weight { 0.9999443223321952   } 
   weightvar { 0.087481247554688   } 
   kinetic_energy { 6.97171105535524   } 
   kinetic_energyvar { 24.15944985862146   } 
   potential_energy { -17.61607411934509   } 
   potential_energyvar { 27.16618103650285   } 
   nonlocal_energy { 0.8898847671983265   } 
   nonlocal_energyvar { 12.65108596580906   } 
   autocorr_energy { } 
} 

block { 
   label dmc
   totweight 2560000
   nautocorr 0
   total_energy { -9.754002233125705   } 
   total_energyvar { 0.08292091394254442   } 
   weight { 0.99975355143024   } 
   weightvar { 0.08911464034643579   } 
   kinetic_energy { 6.982370281425355   } 
   kinetic_energyvar { 24.65601193583498   } 
   potential_energy { -17.61409742743464   } 
   potential_energyvar { 27.12615431508601   } 
   nonlocal_energy { 0.8777249128835769   } 
   nonlocal_energyvar { 13.12763247586758   } 
   autocorr_energy { } 
} 

block { 
   label dmc
   totweight 2560000
   nautocorr 0
   total_energy { -9.752349215974327   } 
   total_energyvar { 0.0822487979453399   } 
   weight { 0.9985733393469908   } 
   weightvar { 0.08652126363856361   } 
   kinetic_energy { 7.001657142849297   } 
   kinetic_energyvar { 24.81714194864315   } 
   potential_energy { -17.63249136979964   } 
   potential_energyvar { 27.3161509746285   } 
   nonlocal_energy { 0.8784850109760137   } 
   nonlocal_energyvar { 13.14190629576016   } 
   autocorr_energy { } 
} 

block { 
   label dmc
   totweight 2560000
   nautocorr 0
   total_energy { -9.755882518292173   } 
   total_energyvar { 0.08240493376729319   } 
   weight { 0.9989089794355801   } 
   weightvar { 0.08456693374825786   } 
   kinetic_energy { 6.949061989029307   } 
   kinetic_energyvar { 24.70005038712655   } 
   potential_energy { -17.59812086852656   } 
   potential_energyvar { 26.87948165579706   } 
   nonlocal_energy { 0.8931763612050849   } 
   nonlocal_energyvar { 13.03254071963761   } 
   autocorr_energy { } 
} 

block { 
   label dmc
   totweight 2560000
   nautocorr 0
   total_energy { -9.754052699996482   } 
   total_energyvar { 0.0792823512550882   } 
   weight { 0.9997110636695453   } 
   weightvar { 0.08490089385297095   } 
   kinetic_energy { 6.950279019673901   } 
   kinetic_energyvar { 25.25121612740912   } 
   potential_energy { -17.59569483603404   } 
   potential_energyvar { 27.12394862613866   } 
   nonlocal_energy { 0.8913631163636583   } 
   nonlocal_energyvar { 13.39330499016089   } 
   autocorr_energy { } 
} 

block { 
   label dmc
   totweight 2560000
   nautocorr 0
   total_energy { -9.753273893104067   } 
   total_energyvar { 0.08212747872376269   } 
   weight { 0.9987609933951955   } 
   weightvar { 0.08508897848114638   } 
   kinetic_energy { 6.981920059958268   } 
   kinetic_energyvar { 24.61437179247758   } 
   potential_energy { -17.59897037160315   } 
   potential_energyvar { 27.1943219552914   } 
   nonlocal_energy { 0.8637764185408132   } 
   nonlocal_energyvar { 12.59877289171901   } 
   autocorr_energy { } 
} 

block { 
   label dmc
   totweight 2560000
   nautocorr 0
   total_energy { -9.751621902650468   } 
   total_energyvar { 0.08634724917112635   } 
   weight { 0.9980795001338955   } 
   weightvar { 0.08494053588372419   } 
   kinetic_energy { 7.013974324168956   } 
   kinetic_energyvar { 24.99100554292605   } 
   potential_energy { -17.66155849617058   } 
   potential_energyvar { 27.41145316474024   } 
   nonlocal_energy { 0.895962269351152   } 
   nonlocal_energyvar { 13.34137115319243   } 
   autocorr_energy { } 
} 

block { 
   label dmc
   totweight 2560000
   nautocorr 0
   total_energy { -9.753662722918266   } 
   total_energyvar { 0.08164108283180838   } 
   weight { 0.9979197446192004   } 
   weightvar { 0.08627359005606106   } 
   kinetic_energy { 6.969437236048706   } 
   kinetic_energyvar { 24.9165408953159   } 
   potential_energy { -17.58726419948817   } 
   potential_energyvar { 26.91781726769273   } 
   nonlocal_energy { 0.8641642405211943   } 
   nonlocal_energyvar { 12.70108696137163   } 
   autocorr_energy { } 
} 

block { 
   label dmc
   totweight 2560000
   nautocorr 0
   total_energy { -9.75279070982598   } 
   total_energyvar { 0.08101265993400375   } 
   weight { 0.9978046331359732   } 
   weightvar { 0.08677288589848664   } 
   kinetic_energy { 6.971444281544742   } 
   kinetic_energyvar { 24.79965160797613   } 
   potential_energy { -17.59686114792776   } 
   potential_energyvar { 26.88173969141729   } 
   nonlocal_energy { 0.87262615655704   } 
   nonlocal_energyvar { 13.09441127540462   } 
   autocorr_energy { } 
} 

block { 
   label dmc
   totweight 2560000
   nautocorr 0
   total_energy { -9.753248966654077   } 
   total_energyvar { 0.08075987200813017   } 
   weight { 0.9982845382276567   } 
   weightvar { 0.0861154709493579   } 
   kinetic_energy { 7.072504660145726   } 
   kinetic_energyvar { 25.05457965879859   } 
   potential_energy { -17.72603292698719   } 
   potential_energyvar { 27.98679333343284   } 
   nonlocal_energy { 0.9002793001873796   } 
   nonlocal_energyvar { 13.40811621257637   } 
   autocorr_energy { } 
} 

block { 
   label dmc
   totweight 2560000
   nautocorr 0
   total_energy { -9.753480155741482   } 
   total_energyvar { 0.08168354943171607   } 
   weight { 0.9984236285830878   } 
   weightvar { 0.08545329006608249   } 
   kinetic_energy { 7.033004385606016   } 
   kinetic_energyvar { 25.00192565405539   } 
   potential_energy { -17.67898057629276   } 
   potential_energyvar { 27.29904760385949   } 
   nonlocal_energy { 0.8924960349452694   } 
   nonlocal_energyvar { 13.29213460027303   } 
   autocorr_energy { } 
} 

block { 
   label dmc
   totweight 2560000
   nautocorr 0
   total_energy { -9.754442167826282   } 
   total_energyvar { 0.08057699909092264   } 
   weight { 0.9990636165142454   } 
   weightvar { 0.08535931816475884   } 
   kinetic_energy { 7.050211467294576   } 
   kinetic_energyvar { 25.01386071696756   } 
   potential_energy { -17.66947469594078   } 
   potential_energyvar { 27.48641940783483   } 
   nonlocal_energy { 0.8648210608199164   } 
   nonlocal_energyvar { 12.67009829293894   } 
   autocorr_energy { } 
} 

block { 
   label dmc
   totweight 2560000
   nautocorr 0
   total_energy { -9.754257328094916   } 
   total_energyvar { 0.08336101474723989   } 
   weight { 0.9992067584306611   } 
   weightvar { 0.08685586271507428   } 
   kinetic_energy { 7.050740522882906   } 
   kinetic_energyvar { 24.53106053740593   } 
   potential_energy { -17.68226160292795   } 
   potential_energyvar { 26.88640153397932   } 
   nonlocal_energy { 0.8772637519501277   } 
   nonlocal_energyvar { 12.61714225596998   } 
   autocorr_energy { } 
} 

block { 
   label dmc
   totweight 2560000
   nautocorr 0
   total_energy { -9.752201260696717   } 
   total_energyvar { 0.08424259362109865   } 
   weight { 0.9985587927057662   } 
   weightvar { 0.08711914668935883   } 
   kinetic_energy { 6.957977812078767   } 
   kinetic_energyvar { 24.28854485759825   } 
   potential_energy { -17.63595577035991   } 
   potential_energyvar { 26.87030410629421   } 
   nonlocal_energy { 0.925776697584432   } 
   nonlocal_energyvar { 13.29199340627743   } 
   autocorr_energy { } 
} 

block { 
   label dmc
   totweight 2560000
   nautocorr 0
   total_energy { -9.75520398952041   } 
   total_energyvar { 0.08295051429962541   } 
   weight { 0.9990212347770564   } 
   weightvar { 0.08521760810994927   } 
   kinetic_energy { 6.986561162944603   } 
   kinetic_energyvar { 24.52748739505781   } 
   potential_energy { -17.64682633632217   } 
   potential_energyvar { 27.05282115142398   } 
   nonlocal_energy { 0.9050611838571583   } 
   nonlocal_energyvar { 13.1494021670189   } 
   autocorr_energy { } 
} 

block { 
   label dmc
   totweight 2560000
   nautocorr 0
   total_energy { -9.754508961729218   } 
   total_energyvar { 0.08474254823757121   } 
   weight { 0.9992769721214537   } 
   weightvar { 0.08602577900185082   } 
   kinetic_energy { 7.030898595560958   } 
   kinetic_energyvar { 24.69821454431519   } 
   potential_energy { -17.69318780381761   } 
   potential_energyvar { 27.63315901430832   } 
   nonlocal_energy { 0.9077802465274266   } 
   nonlocal_energyvar { 13.14001879257807   } 
   autocorr_energy { } 
} 

block { 
   label dmc
   totweight 2560000
   nautocorr 0
   total_energy { -9.755089947476847   } 
   total_energyvar { 0.08226552644710239   } 
   weight { 1.000045765818633   } 
   weightvar { 0.08636203813803034   } 
   kinetic_energy { 6.979768191119865   } 
   kinetic_energyvar { 24.85727357224994   } 
   potential_energy { -17.61834209295942   } 
   potential_energyvar { 26.95831384157191   } 
   nonlocal_energy { 0.8834839543627054   } 
   nonlocal_energyvar { 13.21328372816997   } 
   autocorr_energy { } 
} 

block { 
   label dmc
   totweight 2560000
   nautocorr 0
   total_energy { -9.756547198874197   } 
   total_energyvar { 0.08414972086382022   } 
   weight { 1.000397586559952   } 
   weightvar { 0.08837275868044392   } 
   kinetic_energy { 7.036486878856103   } 
   kinetic_energyvar { 24.99504144041742   } 
   potential_energy { -17.66496047051747   } 
   potential_energyvar { 26.97787460684481   } 
   nonlocal_energy { 0.8719263927871684   } 
   nonlocal_energyvar { 12.68211075856327   } 
   autocorr_energy { } 
} 

block { 
   label dmc
   totweight 2560000
   nautocorr 0
   total_energy { -9.754042577561748   } 
   total_energyvar { 0.08187599007513313   } 
   weight { 1.000470470055125   } 
   weightvar { 0.08776880589287916   } 
   kinetic_energy { 7.007703090374514   } 
   kinetic_energyvar { 24.72089330175371   } 
   potential_energy { -17.64674013703289   } 
   potential_energyvar { 26.91207317925688   } 
   nonlocal_energy { 0.8849944690966296   } 
   nonlocal_energyvar { 12.52210444721084   } 
   autocorr_energy { } 
} 

block { 
   label dmc
   totweight 2560000
   nautocorr 0
   total_energy { -9.753011794027158   } 
   total_energyvar { 0.08140176095643881   } 
   weight { 0.9986490410571656   } 
   weightvar { 0.0869735358961029   } 
   kinetic_energy { 7.016574163052456   } 
   kinetic_energyvar { 24.62780204473512   } 
   potential_energy { -17.66623795118144   } 
   potential_energyvar { 27.65049325892051   } 
   nonlocal_energy { 0.8966519941018315   } 
   nonlocal_energyvar { 12.68815817951243   } 
   autocorr_energy { } 
} 

block { 
   label dmc
   totweight 2560000
   nautocorr 0
   total_energy { -9.755188995211119   } 
   total_energyvar { 0.08105977980257251   } 
   weight { 0.9995313898222338   } 
   weightvar { 0.08704151505973345   } 
   kinetic_energy { 6.97912661778359   } 
   kinetic_energyvar { 24.31208109341469   } 
   potential_energy { -17.63259542102678   } 
   potential_energyvar { 26.99355517865342   } 
   nonlocal_energy { 0.8982798080320665   } 
   nonlocal_energyvar { 12.77342928878957   } 
   autocorr_energy { } 
} 

block { 
   label dmc
   totweight 2560000
   nautocorr 0
   total_energy { -9.751963477240773   } 
   total_energyvar { 0.08358694202442507   } 
   weight { 0.9986254629255258   } 
   weightvar { 0.08691887869781323   } 
   kinetic_energy { 7.034039131750925   } 
   kinetic_energyvar { 24.90145174353501   } 
   potential_energy { -17.70345004249975   } 
   potential_energyvar { 27.53226057003934   } 
   nonlocal_energy { 0.9174474335080556   } 
   nonlocal_energyvar { 13.31940883574973   } 
   autocorr_energy { } 
} 

block { 
   label dmc
   totweight 2560000
   nautocorr 0
   total_energy { -9.75176678869872   } 
   total_energyvar { 0.08736000037049507   } 
   weight { 0.9975197256152949   } 
   weightvar { 0.0870425863060249   } 
   kinetic_energy { 7.076500315622073   } 
   kinetic_energyvar { 25.6417811530155   } 
   potential_energy { -17.73642677814053   } 
   potential_energyvar { 27.95220399044717   } 
   nonlocal_energy { 0.9081596738197404   } 
   nonlocal_energyvar { 13.43267312742881   } 
   autocorr_energy { } 
} 

block { 
   label dmc
   totweight 2560000
   nautocorr 0
   total_energy { -9.752587293060094   } 
   total_energyvar { 0.08389192732309425   } 
   weight { 0.9976091474323304   } 
   weightvar { 0.08804907973330689   } 
   kinetic_energy { 7.09815737234088   } 
   kinetic_energyvar { 25.37787113381989   } 
   potential_energy { -17.75162748943708   } 
   potential_energyvar { 27.88395917427613   } 
   nonlocal_energy { 0.900882824036104   } 
   nonlocal_energyvar { 13.17755140379069   } 
   autocorr_energy { } 
} 

block { 
   label dmc
   totweight 2560000
   nautocorr 0
   total_energy { -9.755698256885884   } 
   total_energyvar { 0.08269414635437045   } 
   weight { 0.9986131193624765   } 
   weightvar { 0.08837617400159248   } 
   kinetic_energy { 6.96078301976527   } 
   kinetic_energyvar { 24.45556203359806   } 
   potential_energy { -17.58842663271563   } 
   potential_energyvar { 26.83968713989543   } 
   nonlocal_energy { 0.8719453560644798   } 
   nonlocal_energyvar { 12.27562317557349   } 
   autocorr_energy { } 
} 

block { 
   label dmc
   totweight 2560000
   nautocorr 0
   total_energy { -9.754362586731794   } 
   total_energyvar { 0.08308118189506786   } 
   weight { 0.9996194696857785   } 
   weightvar { 0.088188653349077   } 
   kinetic_energy { 6.929602588746534   } 
   kinetic_energyvar { 24.63324633690439   } 
   potential_energy { -17.58459763224761   } 
   potential_energyvar { 27.156351036361   } 
   nonlocal_energy { 0.9006324567692833   } 
   nonlocal_energyvar { 13.42828359482178   } 
   autocorr_energy { } 
} 

block { 
   label dmc
   totweight 2560000
   nautocorr 0
   total_energy { -9.754900810573899   } 
   total_energyvar { 0.08047768182619564   } 
   weight { 0.9997610245486536   } 
   weightvar { 0.08679448121983968   } 
   kinetic_energy { 6.912097203282862   } 
   kinetic_energyvar { 24.76267551799532   } 
   potential_energy { -17.55244227834219   } 
   potential_energyvar { 27.18959664446857   } 
   nonlocal_energy { 0.8854442644854321   } 
   nonlocal_energyvar { 12.8857983198169   } 
   autocorr_energy { } 
} 

block { 
   label dmc
   totweight 2560000
   nautocorr 0
   total_energy { -9.753691977239065   } 
   total_energyvar { 0.080494388768102   } 
   weight { 0.999076332709649   } 
   weightvar { 0.08699607533884979   } 
   kinetic_energy { 6.947811028366058   } 
   kinetic_energyvar { 25.02186262017136   } 
   potential_energy { -17.58915766997835   } 
   potential_energyvar { 26.54327414101198   } 
   nonlocal_energy { 0.8876546643732286   } 
   nonlocal_energyvar { 13.05173735989048   } 
   autocorr_energy { } 
} 

block { 
   label dmc
   totweight 2560000
   nautocorr 0
   total_energy { -9.754071007461121   } 
   total_energyvar { 0.07901435140409774   } 
   weight { 0.9995441166364363   } 
   weightvar { 0.08661037561451657   } 
   kinetic_energy { 7.072748147864777   } 
   kinetic_energyvar { 24.64393421579658   } 
   potential_energy { -17.7158666799895   } 
   potential_energyvar { 27.46708099917572   } 
   nonlocal_energy { 0.8890475246636065   } 
   nonlocal_energyvar { 13.27481167830787   } 
   autocorr_energy { } 
} 

block { 
   label dmc
   totweight 2560000
   nautocorr 0
   total_energy { -9.753470347114963   } 
   total_energyvar { 0.08260411110094878   } 
   weight { 0.9989254265620088   } 
   weightvar { 0.08761443794055035   } 
   kinetic_energy { 7.022355407983737   } 
   kinetic_energyvar { 25.14473277865363   } 
   potential_energy { -17.66903879288986   } 
   potential_energyvar { 27.28854529109543   } 
   nonlocal_energy { 0.8932130377911572   } 
   nonlocal_energyvar { 13.0705695819858   } 
   autocorr_energy { } 
} 

block { 
   label dmc
   totweight 2560000
   nautocorr 0
   total_energy { -9.751643535079541   } 
   total_energyvar { 0.08085666248470602   } 
   weight { 0.9986534145601148   } 
   weightvar { 0.0892230785453707   } 
   kinetic_energy { 7.011488547245541   } 
   kinetic_energyvar { 24.48190560518213   } 
   potential_energy { -17.64855564750925   } 
   potential_energyvar { 27.21867073737849   } 
   nonlocal_energy { 0.8854235651841713   } 
   nonlocal_energyvar { 12.44065094659596   } 
   autocorr_energy { } 
} 

block { 
   label dmc
   totweight 2560000
   nautocorr 0
   total_energy { -9.753129168446044   } 
   total_energyvar { 0.08403871259938001   } 
   weight { 0.9975742405025551   } 
   weightvar { 0.08900068556284435   } 
   kinetic_energy { 6.988002807444557   } 
   kinetic_energyvar { 24.80834852040802   } 
   potential_energy { -17.62619482161875   } 
   potential_energyvar { 26.904869547462   } 
   nonlocal_energy { 0.8850628457281496   } 
   nonlocal_energyvar { 12.91469745559821   } 
   autocorr_energy { } 
} 

block { 
   label dmc
   totweight 2560000
   nautocorr 0
   total_energy { -9.75322774083399   } 
   total_energyvar { 0.08359019049173355   } 
   weight { 0.9980821043179272   } 
   weightvar { 0.08787717424185737   } 
   kinetic_energy { 6.996935234424144   } 
   kinetic_energyvar { 24.45930236055322   } 
   potential_energy { -17.63194928635823   } 
   potential_energyvar { 27.37146588873065   } 
   nonlocal_energy { 0.8817863111000935   } 
   nonlocal_energyvar { 12.73438481583256   } 
   autocorr_energy { } 
} 

block { 
   label dmc
   totweight 2560000
   nautocorr 0
   total_energy { -9.751970079026385   } 
   total_energyvar { 0.08477384286841527   } 
   weight { 0.9977295605497375   } 
   weightvar { 0.0882795732922006   } 
   kinetic_energy { 7.022513272332487   } 
   kinetic_energyvar { 24.97934638544383   } 
   potential_energy { -17.69914319238288   } 
   potential_energyvar { 27.80187262355145   } 
   nonlocal_energy { 0.9246598410240084   } 
   nonlocal_energyvar { 13.44278183193345   } 
   autocorr_energy { } 
} 

block { 
   label dmc
   totweight 2560000
   nautocorr 0
   total_energy { -9.752992751273743   } 
   total_energyvar { 0.08474609148808554   } 
   weight { 0.997980388519211   } 
   weightvar { 0.08870855098464836   } 
   kinetic_energy { 6.963554310705409   } 
   kinetic_energyvar { 24.84821120834039   } 
   potential_energy { -17.61109616517712   } 
   potential_energyvar { 27.3269518916909   } 
   nonlocal_energy { 0.8945491031979707   } 
   nonlocal_energyvar { 13.22366373431921   } 
   autocorr_energy { } 
} 

block { 
   label dmc
   totweight 2560000
   nautocorr 0
   total_energy { -9.753765569249241   } 
   total_energyvar { 0.08446573403234936   } 
   weight { 0.9986171371736409   } 
   weightvar { 0.08978363789341637   } 
   kinetic_energy { 7.024573735231929   } 
   kinetic_energyvar { 25.10833215636661   } 
   potential_energy { -17.66256914375535   } 
   potential_energyvar { 27.61660549526044   } 
   nonlocal_energy { 0.8842298392741818   } 
   nonlocal_energyvar { 13.25690403742849   } 
   autocorr_energy { } 
} 

block { 
   label dmc
   totweight 2560000
   nautocorr 0
   total_energy { -9.753489444060317   } 
   total_energyvar { 0.08338452489942938   } 
   weight { 0.9982702520028299   } 
   weightvar { 0.08943783326208754   } 
   kinetic_energy { 7.052642625952632   } 
   kinetic_energyvar { 25.14545503682777   } 
   potential_energy { -17.67441772711604   } 
   potential_energyvar { 27.19024203920941   } 
   nonlocal_energy { 0.8682856571030919   } 
   nonlocal_energyvar { 12.71551662320004   } 
   autocorr_energy { } 
} 

block { 
   label dmc
   totweight 2560000
   nautocorr 0
   total_energy { -9.753103803455561   } 
   total_energyvar { 0.08411054111843441   } 
   weight { 0.9984612450702584   } 
   weightvar { 0.08846258808987506   } 
   kinetic_energy { 6.993035247732611   } 
   kinetic_energyvar { 24.36637727968071   } 
   potential_energy { -17.65196193263592   } 
   potential_energyvar { 26.82126499685842   } 
   nonlocal_energy { 0.9058228814477484   } 
   nonlocal_energyvar { 12.83562229019605   } 
   autocorr_energy { } 
} 

block { 
   label dmc
   totweight 2560000
   nautocorr 0
   total_energy { -9.754763461524462   } 
   total_energyvar { 0.08283309537908679   } 
   weight { 0.9991692374486323   } 
   weightvar { 0.08683512439634444   } 
   kinetic_energy { 7.018476034351318   } 
   kinetic_energyvar { 24.60610680513456   } 
   potential_energy { -17.67194070402197   } 
   potential_energyvar { 27.14109130900408   } 
   nonlocal_energy { 0.8987012081461894   } 
   nonlocal_energyvar { 13.03964507762575   } 
   autocorr_energy { } 
} 

block { 
   label dmc
   totweight 2560000
   nautocorr 0
   total_energy { -9.754524052043584   } 
   total_energyvar { 0.081052570835908   } 
   weight { 0.9991008611569739   } 
   weightvar { 0.08875424677302823   } 
   kinetic_energy { 7.019273785127488   } 
   kinetic_energyvar { 25.06343488201036   } 
   potential_energy { -17.65976812555979   } 
   potential_energyvar { 27.67560603970691   } 
   nonlocal_energy { 0.8859702883887227   } 
   nonlocal_energyvar { 12.96695900168609   } 
   autocorr_energy { } 
} 

block { 
   label dmc
   totweight 2560000
   nautocorr 0
   total_energy { -9.755257559020817   } 
   total_energyvar { 0.08220147729312544   } 
   weight { 1.000158196514786   } 
   weightvar { 0.08906350952234887   } 
   kinetic_energy { 6.989280232058099   } 
   kinetic_energyvar { 24.78753060096259   } 
   potential_energy { -17.62238063766984   } 
   potential_energyvar { 26.59389291360651   } 
   nonlocal_energy { 0.8778428465909243   } 
   nonlocal_energyvar { 12.7859862731966   } 
   autocorr_energy { } 
} 

block { 
   label dmc
   totweight 2560000
   nautocorr 0
   total_energy { -9.755141927756039   } 
   total_energyvar { 0.0841014184965303   } 
   weight { 1.000565778307225   } 
   weightvar { 0.08837618860202867   } 
   kinetic_energy { 7.054522570313956   } 
   kinetic_energyvar { 24.87775028506309   } 
   potential_energy { -17.73566326992577   } 
   potential_energyvar { 27.72344242472093   } 
   nonlocal_energy { 0.9259987718557734   } 
   nonlocal_energyvar { 13.85528167519681   } 
   autocorr_energy { } 
} 

block { 
   label dmc
   totweight 2560000
   nautocorr 0
   total_energy { -9.752737127925558   } 
   total_energyvar { 0.08485610561410795   } 
   weight { 0.999001448424217   } 
   weightvar { 0.08847849365438654   } 
   kinetic_energy { 7.068314268886375   } 
   kinetic_energyvar { 24.88605568323971   } 
   potential_energy { -17.72435611619515   } 
   potential_energyvar { 27.04723200141768   } 
   nonlocal_energy { 0.903304719383216   } 
   nonlocal_energyvar { 13.08332354471324   } 
   autocorr_energy { } 
} 

block { 
   label dmc
   totweight 2560000
   nautocorr 0
   total_energy { -9.755393057995034   } 
   total_energyvar { 0.08272410223187876   } 
   weight { 0.9991852244593907   } 
   weightvar { 0.08706599760688927   } 
   kinetic_energy { 7.013061240991985   } 
   kinetic_energyvar { 24.90437237402195   } 
   potential_energy { -17.67095798927195   } 
   potential_energyvar { 27.50079671535912   } 
   nonlocal_energy { 0.9025036902849297   } 
   nonlocal_energyvar { 13.60072016841987   } 
   autocorr_energy { } 
} 

block { 
   label dmc
   totweight 2560000
   nautocorr 0
   total_energy { -9.754013549512369   } 
   total_energyvar { 0.08307212022332067   } 
   weight { 0.9997049072394   } 
   weightvar { 0.08721518386749361   } 
   kinetic_energy { 7.044402530019384   } 
   kinetic_energyvar { 24.98223388283148   } 
   potential_energy { -17.68937337556503   } 
   potential_energyvar { 27.42129452877617   } 
   nonlocal_energy { 0.8909572960332749   } 
   nonlocal_energyvar { 13.41075513599794   } 
   autocorr_energy { } 
} 

block { 
   label dmc
   totweight 2560000
   nautocorr 0
   total_energy { -9.754659921411799   } 
   total_energyvar { 0.08084243069654917   } 
   weight { 0.9996840153270227   } 
   weightvar { 0.08713613878338322   } 
   kinetic_energy { 7.008280718655392   } 
   kinetic_energyvar { 25.10462243068783   } 
   potential_energy { -17.65618578089386   } 
   potential_energyvar { 27.43891094191986   } 
   nonlocal_energy { 0.8932451408266777   } 
   nonlocal_energyvar { 13.26030729923704   } 
   autocorr_energy { } 
} 

block { 
   label dmc
   totweight 2560000
   nautocorr 0
   total_energy { -9.754054311973883   } 
   total_energyvar { 0.08051236807591522   } 
   weight { 0.9994417117851423   } 
   weightvar { 0.0869640907381698   } 
   kinetic_energy { 6.994320632118955   } 
   kinetic_energyvar { 24.8524067702998   } 
   potential_energy { -17.63796056112258   } 
   potential_energyvar { 27.43224936137943   } 
   nonlocal_energy { 0.8895856170297384   } 
   nonlocal_energyvar { 12.82246907416423   } 
   autocorr_energy { } 
} 

block { 
   label dmc
   totweight 2560000
   nautocorr 0
   total_energy { -9.753489206757409   } 
   total_energyvar { 0.08214704685107677   } 
   weight { 0.9992257529523307   } 
   weightvar { 0.08755150792370192   } 
   kinetic_energy { 6.985709133257398   } 
   kinetic_energyvar { 24.54801054338559   } 
   potential_energy { -17.62494543731509   } 
   potential_energyvar { 27.15391435061929   } 
   nonlocal_energy { 0.8857470973002851   } 
   nonlocal_energyvar { 12.28609557677973   } 
   autocorr_energy { } 
} 

block { 
   label dmc
   totweight 2560000
   nautocorr 0
   total_energy { -9.753858624042119   } 
   total_energyvar { 0.08287938146082752   } 
   weight { 0.9988343528058434   } 
   weightvar { 0.08691867644476103   } 
   kinetic_energy { 6.974255373586248   } 
   kinetic_energyvar { 24.55016603992628   } 
   potential_energy { -17.60506800959122   } 
   potential_energyvar { 27.10475456137158   } 
   nonlocal_energy { 0.8769540119628605   } 
   nonlocal_energyvar { 12.67929859971428   } 
   autocorr_energy { } 
} 

block { 
   label dmc
   totweight 2560000
   nautocorr 0
   total_energy { -9.75325552465605   } 
   total_energyvar { 0.08194519773903153   } 
   weight { 0.9990603081425458   } 
   weightvar { 0.08526225501929097   } 
   kinetic_energy { 6.944111165590792   } 
   kinetic_energyvar { 24.49282233354624   } 
   potential_energy { -17.58153922377188   } 
   potential_energyvar { 26.85639506032453   } 
   nonlocal_energy { 0.88417253352504   } 
   nonlocal_energyvar { 12.72786231296976   } 
   autocorr_energy { } 
} 

block { 
   label dmc
   totweight 2560000
   nautocorr 0
   total_energy { -9.754080526742055   } 
   total_energyvar { 0.08366137253528905   } 
   weight { 0.9985063356725837   } 
   weightvar { 0.08548111738102959   } 
   kinetic_energy { 6.987587650433037   } 
   kinetic_energyvar { 25.00865546568617   } 
   potential_energy { -17.62173167487751   } 
   potential_energyvar { 26.96778943332009   } 
   nonlocal_energy { 0.880063497702422   } 
   nonlocal_energyvar { 13.09923512352619   } 
   autocorr_energy { } 
} 

block { 
   label dmc
   totweight 2560000
   nautocorr 0
   total_energy { -9.755539197697139   } 
   total_energyvar { 0.08244427826367939   } 
   weight { 0.9995757390957691   } 
   weightvar { 0.08641683096355046   } 
   kinetic_energy { 7.024029407773615   } 
   kinetic_energyvar { 24.59196467279454   } 
   potential_energy { -17.67806752359601   } 
   potential_energyvar { 26.7293678498761   } 
   nonlocal_energy { 0.8984989181252556   } 
   nonlocal_energyvar { 12.7300320185377   } 
   autocorr_energy { } 
} 

