
 Primary working directories    : /global/cscratch1/sd/aannabe
 Secondary working directories  : /global/cscratch1/sd/aannabe
 Wavefunction directory         : /global/homes/a/aannabe/wfu/
 Main file repository           : /global/cscratch1/sd/aannabe/

 SHA1      : 2873118e99aab1bc19f5b6fc1784693c06d15c95
 NAME      : 2015.1.8
 ARCHNAME  : linux/x86_64
 FC        : /opt/cray/pe/craype/2.5.5/bin/ftn
 BLASLIB   : -Wl,-_start-group /opt/intel/compilers_and_libraries_2016.3.210/linux/mkl/lib/intel64/libmkl_intel_ilp64.a /opt/intel/compilers_and_libraries_2016.3.210/linux/mkl/lib/intel64/libmkl_intel_thread.a /opt/intel/compilers_and_libraries_2016.3.210/linux/mkl/lib/intel64/libmkl_core.a -Wl,-_end-group
 id        : lbl

 Nodes     nprocs
 nid00499     1

 Using customized tuning parameters: mindgm=8; mindgv=16; mindgc=4; mindgr=1; noblas=0; minvec=7
 default implementation of scratch files=df  

 ***,Ni
 memory,8,g
 gthresh,twoint=1.e-12
 
 gprint,basis,orbitals
 gexpec,ekin,pot
 
 angstrom
 geometry={
 1                                                                               ! Number of atoms
 Ni 0.0 0.0 0.0
 }
 
 basis={
 Including file /global/homes/a/aannabe/docs/accurate/ccECP_Kh/pps/Ni.pp
                                              !include,/global/homes/a/aannabe/docs/accurate/ccECP_Kh/basis/aug-cc-pVnZ/Ni_dz.basis
 Including file /global/homes/a/aannabe/docs/accurate/ccECP_Kh/basis/cc-pVnZ/Ni_dz.basis
 }
 
 {rhf
  start,atden
  print,orbitals=2
  wf,18,6,2
  occ,4,1,1,1,1,1,1,0
  open,1.4,1.7
  sym,1,1,1,3,2
  orbital,4202.2
 }
 pop
 {multi
  start,4202.2
  occ,4,1,1,1,1,1,1,0
  closed,2,1,1,0,1,0,0
  wf,18,1,2;state,1
  wf,18,4,2;state,3
  wf,18,6,2;state,3
  wf,18,7,2;state,3
  natorb,ci,print
  orbital,5202.2
 }
 {rhf,nitord=1,maxit=0
  start,5202.2
  wf,18,1,2
  occ,4,1,1,1,1,1,1,0
  open,3.1,4.1
 }
 
 scf(i)=energy
 
 _CC_NORM_MAX=2.0
  !NOTE: Perturbative MRCC works only with UHF reference. So, here we will trick MRCC by doing zero UHF iteration right after ROHF.
 
 {uhf
 maxit,0
 }
 scf(i)=energy
 
 {mrcc,method=CCSDT(Q)
 orbital,ignore_error=1                                                          !Ignore the fact that UHF WF is not converged
 maxit,100
 core
 }
 posthf(i)=energy
 
 table,scf,posthf,ekin,pot
 save,2.csv,new
 
 

 Variables initialized (889), CPU time= 0.01 sec
 Commands  initialized (702), CPU time= 0.01 sec, 572 directives.
 Default parameters read. Elapsed time= 0.19 sec

 Checking input...
 Passed
1


                                         ***  PROGRAM SYSTEM MOLPRO  ***
                                       Copyright, TTI GmbH Stuttgart, 2015
                                    Version 2015.1 linked Sep  7 2016 23:09:38


 **********************************************************************************************************************************
 LABEL *   Ni                                                                            
  64 bit serial version                                                                  DATE: 14-Nov-18          TIME: 00:22:29  
 **********************************************************************************************************************************

 SHA1:             2873118e99aab1bc19f5b6fc1784693c06d15c95
 **********************************************************************************************************************************

 THRESHOLDS:

 ZERO    =  1.00D-12  ONEINT  =  1.00D-12  TWOINT  =  1.00D-12  PREFAC  =  1.00D-14  LOCALI  =  1.00D-09  EORDER  =  1.00D-04
 ENERGY  =  0.00D+00  ETEST   =  0.00D+00  EDENS   =  0.00D+00  THRDEDEF=  1.00D-06  GRADIENT=  1.00D-02  STEP    =  1.00D-03
 ORBITAL =  1.00D-05  CIVEC   =  1.00D-05  COEFF   =  1.00D-04  PRINTCI =  5.00D-02  PUNCHCI =  9.90D+01  OPTGRAD =  3.00D-04
 OPTENERG=  1.00D-06  OPTSTEP =  3.00D-04  THRGRAD =  1.00D-10  COMPRESS=  1.00D-11  VARMIN  =  1.00D-07  VARMAX  =  1.00D-03
 THRDOUB =  0.00D+00  THRDIV  =  1.00D-05  THRRED  =  1.00D-07  THRPSP  =  1.00D+00  THRDC   =  1.00D-10  THRCS   =  1.00D-10
 THRNRM  =  1.00D-08  THREQ   =  0.00D+00  THRDE   =  1.00D+00  THRREF  =  1.00D-05  SPARFAC =  1.00D+00  THRDLP  =  1.00D-07
 THRDIA  =  1.00D-10  THRDLS  =  1.00D-07  THRGPS  =  0.00D+00  THRKEX  =  0.00D+00  THRDIS  =  2.00D-01  THRVAR  =  1.00D-10
 THRLOC  =  1.00D-06  THRGAP  =  1.00D-06  THRLOCT = -1.00D+00  THRGAPT = -1.00D+00  THRORB  =  1.00D-06  THRMLTP =  0.00D+00
 THRCPQCI=  1.00D-10  KEXTA   =  0.00D+00  THRCOARS=  0.00D+00  SYMTOL  =  1.00D-06  GRADTOL =  1.00D-06  THROVL  =  1.00D-08
 THRORTH =  1.00D-08  GRID    =  1.00D-06  GRIDMAX =  1.00D-03  DTMAX   =  0.00D+00  THROCCDE=  1.00D-01  THROCCDE=  1.00D-01



 ZUNIT=ANG
 

Geometry recognized as XYZ


 Variable memory set to 8000000000 words,  buffer space   230000 words

 SETTING BASIS          =    USERDEF


 Recomputing integrals since basis changed


 Using spherical harmonics



 PROGRAM * SEWARD (Integral evaluation for generally contracted gaussian basis sets)     Author: Roland Lindh, 1990

 Geometry written to block  1 of record 700

 Orientation using atomic masses  
 Molecule type: Atom
 Symmetry elements: X,Y,Z
 Rotational constants:       0.0000000      0.0000000      0.0000000 GHz  (calculated with average atomic masses)

 Point group  D2h 



 ATOMIC COORDINATES

 NR  ATOM    CHARGE       X              Y              Z

   1  NI     18.00    0.000000000    0.000000000    0.000000000


          NI  CORE POTENTIAL

          d POTENTIAL

 POWERS             1              3              2              2
 EXPONENTIALS   28.26300       26.93603       27.08601       12.21300    
 COEFFICIENTS   18.00000       508.7340      -220.1000      -2.134933    

          s - d POTENTIAL

 POWERS             2              2
 EXPONENTIALS   26.43202       11.74897    
 COEFFICIENTS   321.2400       60.34701    

          p - d POTENTIAL

 POWERS             2              2
 EXPONENTIALS   29.49300       11.55698    
 COEFFICIENTS   236.5400       44.39699    


 BASIS DATA

   Nr Sym  Nuc  Type         Exponents   Contraction coefficients

    1.1 Ag    1  1s          97.161835     0.000709   -0.000140    0.000121    0.000000
    2.1 Ag                   51.187866    -0.012399    0.002756    0.003322    0.000000
    3.1 Ag                   26.996725     0.107220   -0.025482   -0.045785    0.000000
    4.1 Ag                   15.523536    -0.124556    0.032182    0.053415    0.000000
                              8.916168    -0.351023    0.086226    0.222270    0.000000
                              4.795806    -0.025758    0.001104   -0.073065    0.000000
                              2.619926     0.498948   -0.135790   -0.293998    0.000000
                              1.330111     0.568986   -0.215724   -0.668938    0.000000
                              0.668901     0.191121   -0.158367    0.297504    0.000000
                              0.230439     0.010278    0.143499    1.233748    0.000000
                              0.121518    -0.003627    0.443672    0.129317    0.000000
                              0.057951     0.001295    0.472558   -0.603407    0.000000
                              0.027201    -0.000307    0.110173   -0.533062    1.000000
    5.1 Ag    1  1s           1.099912     1.000000
    6.1 Ag    1  1s           4.266474     1.000000
    7.1 Ag    1  3d0        177.900125     0.000049
                             57.372112     0.007519
                             29.881432     0.036455
                             13.971757     0.086901
                              6.841152     0.180568
                              3.379983     0.268187
                              1.651827     0.296756
                              0.799251     0.251558
                              0.388057     0.162319
                              0.191191     0.072119
                              0.093358     0.023689
    8.1 Ag    1  3d2+       177.900125     0.000049
                             57.372112     0.007519
                             29.881432     0.036455
                             13.971757     0.086901
                              6.841152     0.180568
                              3.379983     0.268187
                              1.651827     0.296756
                              0.799251     0.251558
                              0.388057     0.162319
                              0.191191     0.072119
                              0.093358     0.023689
    9.1 Ag    1  3d0        177.900125    -0.000053
                             57.372112    -0.008850
                             29.881432    -0.041916
                             13.971757    -0.104691
                              6.841152    -0.219464
                              3.379983    -0.283712
                              1.651827    -0.122127
                              0.799251     0.190123
                              0.388057     0.376598
                              0.191191     0.295122
                              0.093358     0.178252
   10.1 Ag    1  3d2+       177.900125    -0.000053
                             57.372112    -0.008850
                             29.881432    -0.041916
                             13.971757    -0.104691
                              6.841152    -0.219464
                              3.379983    -0.283712
                              1.651827    -0.122127
                              0.799251     0.190123
                              0.388057     0.376598
                              0.191191     0.295122
                              0.093358     0.178252
   11.1 Ag    1  3d0        177.900125     0.000000
                             57.372112     0.000000
                             29.881432     0.000000
                             13.971757     0.000000
                              6.841152     0.000000
                              3.379983     0.000000
                              1.651827     0.000000
                              0.799251     0.000000
                              0.388057     0.000000
                              0.191191     0.000000
                              0.093358     1.000000
   12.1 Ag    1  3d2+       177.900125     0.000000
                             57.372112     0.000000
                             29.881432     0.000000
                             13.971757     0.000000
                              6.841152     0.000000
                              3.379983     0.000000
                              1.651827     0.000000
                              0.799251     0.000000
                              0.388057     0.000000
                              0.191191     0.000000
                              0.093358     1.000000
   13.1 Ag    1  3d0          1.406397     1.000000
   14.1 Ag    1  3d2+         1.406397     1.000000
   15.1 Ag    1  3d0          3.410393     1.000000
   16.1 Ag    1  3d2+         3.410393     1.000000
    1.2 B3u   1  2px        148.087630     0.000055    0.000027   -0.000237    0.000000
    2.2 B3u                  77.452187    -0.000548   -0.000088    0.001456    0.000000
    3.2 B3u                  40.915636     0.006979   -0.000773   -0.009745    0.000000
    4.2 B3u                  22.575667    -0.023658    0.003345    0.037799    0.000000
                             13.218268    -0.075682    0.019405    0.052521    0.000000
                              7.232093     0.027253   -0.014288   -0.035006    0.000000
                              4.054870     0.284778   -0.054527   -0.455577    0.000000
                              2.122089     0.427632   -0.116454   -0.368306    0.000000
                              1.092769     0.309937   -0.060236    0.100392    0.000000
                              0.548240     0.088535   -0.023928    1.076652    0.000000
                              0.238886     0.006427    0.347869   -0.045326    0.000000
                              0.084667     0.000708    0.522626   -0.703186    0.000000
                              0.038921     0.000186    0.276471    0.004580    1.000000
    5.2 B3u   1  2px          1.398024     1.000000
    6.2 B3u   1  2px          6.294441     1.000000
    7.2 B3u   1  4f1+         2.317543     1.000000
    8.2 B3u   1  4f3+         2.317543     1.000000
    9.2 B3u   1  4f1+         6.722827     1.000000
   10.2 B3u   1  4f3+         6.722827     1.000000
    1.3 B2u   1  2py        148.087630     0.000055    0.000027   -0.000237    0.000000
    2.3 B2u                  77.452187    -0.000548   -0.000088    0.001456    0.000000
    3.3 B2u                  40.915636     0.006979   -0.000773   -0.009745    0.000000
    4.3 B2u                  22.575667    -0.023658    0.003345    0.037799    0.000000
                             13.218268    -0.075682    0.019405    0.052521    0.000000
                              7.232093     0.027253   -0.014288   -0.035006    0.000000
                              4.054870     0.284778   -0.054527   -0.455577    0.000000
                              2.122089     0.427632   -0.116454   -0.368306    0.000000
                              1.092769     0.309937   -0.060236    0.100392    0.000000
                              0.548240     0.088535   -0.023928    1.076652    0.000000
                              0.238886     0.006427    0.347869   -0.045326    0.000000
                              0.084667     0.000708    0.522626   -0.703186    0.000000
                              0.038921     0.000186    0.276471    0.004580    1.000000
    5.3 B2u   1  2py          1.398024     1.000000
    6.3 B2u   1  2py          6.294441     1.000000
    7.3 B2u   1  4f1-         2.317543     1.000000
    8.3 B2u   1  4f3-         2.317543     1.000000
    9.3 B2u   1  4f1-         6.722827     1.000000
   10.3 B2u   1  4f3-         6.722827     1.000000
    1.4 B1g   1  3d2-       177.900125     0.000049   -0.000053    0.000000
    2.4 B1g                  57.372112     0.007519   -0.008850    0.000000
    3.4 B1g                  29.881432     0.036455   -0.041916    0.000000
                             13.971757     0.086901   -0.104691    0.000000
                              6.841152     0.180568   -0.219464    0.000000
                              3.379983     0.268187   -0.283712    0.000000
                              1.651827     0.296756   -0.122127    0.000000
                              0.799251     0.251558    0.190123    0.000000
                              0.388057     0.162319    0.376598    0.000000
                              0.191191     0.072119    0.295122    0.000000
                              0.093358     0.023689    0.178252    1.000000
    4.4 B1g   1  3d2-         1.406397     1.000000
    5.4 B1g   1  3d2-         3.410393     1.000000
    1.5 B1u   1  2pz        148.087630     0.000055    0.000027   -0.000237    0.000000
    2.5 B1u                  77.452187    -0.000548   -0.000088    0.001456    0.000000
    3.5 B1u                  40.915636     0.006979   -0.000773   -0.009745    0.000000
    4.5 B1u                  22.575667    -0.023658    0.003345    0.037799    0.000000
                             13.218268    -0.075682    0.019405    0.052521    0.000000
                              7.232093     0.027253   -0.014288   -0.035006    0.000000
                              4.054870     0.284778   -0.054527   -0.455577    0.000000
                              2.122089     0.427632   -0.116454   -0.368306    0.000000
                              1.092769     0.309937   -0.060236    0.100392    0.000000
                              0.548240     0.088535   -0.023928    1.076652    0.000000
                              0.238886     0.006427    0.347869   -0.045326    0.000000
                              0.084667     0.000708    0.522626   -0.703186    0.000000
                              0.038921     0.000186    0.276471    0.004580    1.000000
    5.5 B1u   1  2pz          1.398024     1.000000
    6.5 B1u   1  2pz          6.294441     1.000000
    7.5 B1u   1  4f0          2.317543     1.000000
    8.5 B1u   1  4f2+         2.317543     1.000000
    9.5 B1u   1  4f0          6.722827     1.000000
   10.5 B1u   1  4f2+         6.722827     1.000000
    1.6 B2g   1  3d1+       177.900125     0.000049   -0.000053    0.000000
    2.6 B2g                  57.372112     0.007519   -0.008850    0.000000
    3.6 B2g                  29.881432     0.036455   -0.041916    0.000000
                             13.971757     0.086901   -0.104691    0.000000
                              6.841152     0.180568   -0.219464    0.000000
                              3.379983     0.268187   -0.283712    0.000000
                              1.651827     0.296756   -0.122127    0.000000
                              0.799251     0.251558    0.190123    0.000000
                              0.388057     0.162319    0.376598    0.000000
                              0.191191     0.072119    0.295122    0.000000
                              0.093358     0.023689    0.178252    1.000000
    4.6 B2g   1  3d1+         1.406397     1.000000
    5.6 B2g   1  3d1+         3.410393     1.000000
    1.7 B3g   1  3d1-       177.900125     0.000049   -0.000053    0.000000
    2.7 B3g                  57.372112     0.007519   -0.008850    0.000000
    3.7 B3g                  29.881432     0.036455   -0.041916    0.000000
                             13.971757     0.086901   -0.104691    0.000000
                              6.841152     0.180568   -0.219464    0.000000
                              3.379983     0.268187   -0.283712    0.000000
                              1.651827     0.296756   -0.122127    0.000000
                              0.799251     0.251558    0.190123    0.000000
                              0.388057     0.162319    0.376598    0.000000
                              0.191191     0.072119    0.295122    0.000000
                              0.093358     0.023689    0.178252    1.000000
    4.7 B3g   1  3d1-         1.406397     1.000000
    5.7 B3g   1  3d1-         3.410393     1.000000
    1.8 Au    1  4f2-         2.317543     1.000000
    2.8 Au    1  4f2-         6.722827     1.000000

 NUCLEAR CHARGE:                   18
 NUMBER OF PRIMITIVE AOS:         158
 NUMBER OF SYMMETRY AOS:          139
 NUMBER OF CONTRACTIONS:           63   (  16Ag  +  10B3u +  10B2u +   5B1g +  10B1u +   5B2g +   5B3g +   2Au  )
 NUMBER OF CORE ORBITALS:           4   (   1Ag  +   1B3u +   1B2u +   0B1g +   1B1u +   0B2g +   0B3g +   0Au  )
 NUMBER OF VALENCE ORBITALS:        6   (   3Ag  +   0B3u +   0B2u +   1B1g +   0B1u +   1B2g +   1B3g +   0Au  )


 NUCLEAR REPULSION ENERGY    0.00000000

 EXTRA SYMMETRY OF AOS IN SYMMETRY 1:   1 1 1 1 1 1 2 3 2 3   2 3 2 3 2 3
 EXTRA SYMMETRY OF AOS IN SYMMETRY 2:   1 1 1 1 1 1 2 3 2 3
 EXTRA SYMMETRY OF AOS IN SYMMETRY 3:   1 1 1 1 1 1 2 3 2 3
 EXTRA SYMMETRY OF AOS IN SYMMETRY 5:   1 1 1 1 1 1 2 3 2 3

 Eigenvalues of metric

         1 0.111E-01 0.416E-01 0.416E-01 0.449E-01 0.102E+00 0.102E+00 0.339E+00 0.503E+00
         2 0.801E-02 0.130E+00 0.242E+00 0.457E+00 0.457E+00 0.110E+01 0.154E+01 0.154E+01
         3 0.801E-02 0.130E+00 0.242E+00 0.457E+00 0.457E+00 0.110E+01 0.154E+01 0.154E+01
         4 0.416E-01 0.102E+00 0.503E+00 0.168E+01 0.267E+01
         5 0.801E-02 0.130E+00 0.242E+00 0.457E+00 0.457E+00 0.110E+01 0.154E+01 0.154E+01
         6 0.416E-01 0.102E+00 0.503E+00 0.168E+01 0.267E+01
         7 0.416E-01 0.102E+00 0.503E+00 0.168E+01 0.267E+01
         8 0.457E+00 0.154E+01


 Contracted 2-electron integrals neglected if value below      1.0D-12
 AO integral compression algorithm  1   Integral accuracy      1.0D-12

     3.408 MB (compressed) written to integral file ( 74.7%)


 NUMBER OF SORTED TWO-ELECTRON INTEGRALS:     280021.     BUFFER LENGTH:  32768
 NUMBER OF SEGMENTS:   1  SEGMENT LENGTH:     280021      RECORD LENGTH: 524288

 Memory used in sort:       0.84 MW

 SORT1 READ      606445. AND WROTE      231448. INTEGRALS IN      1 RECORDS. CPU TIME:     0.02 SEC, REAL TIME:     0.02 SEC
 SORT2 READ      231448. AND WROTE      280021. INTEGRALS IN     13 RECORDS. CPU TIME:     0.03 SEC, REAL TIME:     0.07 SEC

 FILE SIZES:   FILE 1:    22.6 MBYTE,  FILE 4:     4.2 MBYTE,   TOTAL:     26.8 MBYTE

 OPERATOR DM      FOR CENTER  0  COORDINATES:    0.000000    0.000000    0.000000
 OPERATOR EKIN    FOR CENTER  0  COORDINATES:    0.000000    0.000000    0.000000
 OPERATOR POT     FOR CENTER  0  COORDINATES:    0.000000    0.000000    0.000000


 **********************************************************************************************************************************
 DATASETS  * FILE   NREC   LENGTH (MB)   RECORD NAMES
              1      20       20.77       500      610      700      900      950      970     1000      129      960     1100   
                                          VAR    BASINP    GEOM    SYMINP    ZMAT    AOBASIS   BASIS     P2S    ABASIS      S 
                                         1400     1410     1420     1200     1210     1080     1600     1650     1300     1700   
                                         EKIN       V       ECP      H0       H01     AOSYM     SMH    MOLCAS    ERIS     OPER   

 PROGRAMS   *        TOTAL       INT
 CPU TIMES  *         2.91      2.79
 REAL TIME  *        14.28 SEC
 DISK USED  *        27.11 MB      
 **********************************************************************************************************************************


 PROGRAM * RHF-SCF (OPEN SHELL)       Authors: W. Meyer, H.-J. Werner


 NUMBER OF ELECTRONS:      10+    8-    SPACE SYMMETRY=6    SPIN SYMMETRY: Triplet 
 CONVERGENCE THRESHOLDS:    1.00E-05 (Density)    1.00E-07 (Energy)
 MAX. NUMBER OF ITERATIONS:       60
 INTERPOLATION TYPE:            DIIS
 INTERPOLATION STEPS:              2 (START)      1 (STEP)
 LEVEL SHIFTS:                 -0.60 (CLOSED) -0.30 (OPEN) 


 Singly occupied orbitals:      1.4       1.7
 
 Extra symmetries of mos in symmetry 1:   1   1   3   2

   Atom=NI basis=ECP10MDF_GUESS    lmin=0  lmax=2

 Orbital guess generated from atomic densities. Full valence occupancy:    4   1   1   1   1   1   1   0


 Molecular orbital dump at record        4202.2

 ITERATION    DDIFF          GRAD             ENERGY        2-EL.EN.            DIPOLE MOMENTS         DIIS   ORB.
    1      0.000D+00      0.000D+00      -166.85116344    227.201576    0.00000    0.00000    0.00000    0    start
    2      0.000D+00      0.210D+00      -167.88443980    279.515303    0.00000    0.00000    0.00000    1    diag,B
    3      0.725D-01      0.167D+00      -168.43468942    265.043782    0.00000    0.00000    0.00000    2    diag,B
    4      0.387D-01      0.237D-01      -168.45598006    263.743384    0.00000    0.00000    0.00000    3    diag,B
    5      0.184D-01      0.417D-02      -168.46023960    264.188619    0.00000    0.00000    0.00000    4    diag,B
    6      0.174D-01      0.158D-02      -168.46120255    264.518963    0.00000    0.00000    0.00000    5    diag,B
    7      0.126D-01      0.661D-03      -168.46146447    264.662818    0.00000    0.00000    0.00000    6    fixocc
    8      0.870D-02      0.232D-03      -168.46149074    264.706348    0.00000    0.00000    0.00000    7    diag,B
    9      0.243D-02      0.550D-04      -168.46149163    264.714470    0.00000    0.00000    0.00000    8    diag,B
   10      0.257D-03      0.125D-04      -168.46149166    264.715494    0.00000    0.00000    0.00000    9    orth
   11      0.184D-04      0.202D-05      -168.46149166    264.715378    0.00000    0.00000    0.00000    9    diag,B
   12      0.190D-05      0.589D-06      -168.46149166    264.715346    0.00000    0.00000    0.00000    0    orth

 Final alpha occupancy:   4   1   1   1   1   1   1   0
 Final beta  occupancy:   4   1   1   0   1   1   0   0

 !RHF STATE 1.6 Energy               -168.461491664453
 Nuclear energy                         0.00000000
 One-electron energy                 -300.81916473
 Two-electron energy                  132.35767306
 Virial quotient                       -1.57460390
 !RHF STATE 1.6 Dipole moment           0.00000000     0.00000000     0.00000000
 Dipole moment /Debye                   0.00000000     0.00000000     0.00000000
 

 !RHF expec          <1.6|EKIN|1.6>   106.986583675352
 
 !RHF expec           <1.6|POT|1.6>   -23.586388760309

 ELECTRON ORBITALS
 =================


   Orb  Occ    Energy  Couls-En    Coefficients

                                   1 1s      1 1s      1 1s      1 1s      1 1s      1 1s      1 3d0     1 3d2+    1 3d0     1 3d2+ 
                                   1 3d0     1 3d2+    1 3d0     1 3d2+    1 3d0     1 3d2+ 

   1.1   2    -5.0543  -26.4339  0.999892  0.000027 -0.000021 -0.000032  0.000123 -0.000046 -0.001971 -0.003414  0.001074  0.001860
                                -0.000266 -0.000461 -0.000334 -0.000579 -0.000925 -0.001601

   2.1   2    -0.2816   -7.0877  0.000340  1.000589  0.000618 -0.000788 -0.000285  0.000121 -0.002087 -0.003615 -0.004423 -0.007661
                                -0.002340 -0.004053  0.001767  0.003061  0.000276  0.000479

   3.1   2    -0.7042  -16.6661  0.005829  0.000548  0.000826  0.000532  0.000565 -0.000237  0.495892  0.858910 -0.014830 -0.025686
                                -0.007214 -0.012494  0.005845  0.010124 -0.000020 -0.000035

   4.1   2    -0.6432  -16.4943  0.000000 -0.000000  0.000000  0.000000 -0.000000  0.000000  0.864020 -0.498842 -0.013574  0.007837
                                -0.010292  0.005942  0.005208 -0.003007 -0.000835  0.000482

   5.1   0     0.0902   -3.2059  0.141952  1.889345 -0.302885 -2.295669  0.267108 -0.043836 -0.001233 -0.002135 -0.003150 -0.005457
                                -0.001207 -0.002090  0.001135  0.001966  0.000154  0.000267

   6.1   0     0.2777   -4.0576 -0.000304  0.025371 -0.004655 -0.018383  0.002859 -0.000607 -0.121245 -0.210002 -0.033306 -0.057687
                                 0.535302  0.927171  0.026370  0.045674 -0.006196 -0.010733

                                   1 2px     1 2px     1 2px     1 2px     1 2px     1 2px     1 4f1+    1 4f3+    1 4f1+    1 4f3+ 


   1.2   2    -3.3148  -22.8024  1.001166  0.014488  0.013694 -0.003261 -0.001505  0.000837  0.000382  0.001480  0.000108  0.000417

   2.2   0     0.0468   -3.9938 -0.025536  0.202929  0.024145  0.834985 -0.034089  0.001768  0.000045  0.000174  0.000070  0.000270

   3.2   0     0.2467   -4.9907 -0.117648  1.881709 -0.228047 -1.789176  0.240423 -0.020310  0.000074  0.000287  0.000138  0.000535

                                   1 2py     1 2py     1 2py     1 2py     1 2py     1 2py     1 4f1-    1 4f3-    1 4f1-    1 4f3- 


   1.3   2    -3.3259  -22.8240  0.999785  0.011452  0.011303 -0.002488  0.000334  0.000097 -0.004938 -0.006375 -0.001582 -0.002042

   2.3   0     0.0424   -4.0975 -0.023783  0.254317  0.023048  0.787736 -0.031979  0.001716 -0.000010 -0.000013  0.000052  0.000067

   3.3   0     0.2370   -4.9436 -0.105183  1.873325 -0.216135 -1.805003  0.229744 -0.019147 -0.000015 -0.000019  0.000095  0.000122

                                   1 3d2-    1 3d2-    1 3d2-    1 3d2-    1 3d2- 

   1.4   +    -0.7699  -16.8564  0.983199 -0.046414 -0.015544  0.018648  0.001918

   2.4   0     0.2766   -4.0370 -0.228140 -0.062943  1.067776  0.051070 -0.012471

   3.4   0     1.3236   -6.9837  0.867596  1.362796 -0.902829 -0.779640  0.088238

                                   1 2pz     1 2pz     1 2pz     1 2pz     1 2pz     1 2pz     1 4f0     1 4f2+    1 4f0     1 4f2+ 


   1.5   2    -3.3148  -22.8024  1.001166  0.014488  0.013694 -0.003261 -0.001505  0.000837  0.000936  0.001208  0.000264  0.000340

   2.5   0     0.0468   -3.9938 -0.025536  0.202929  0.024145  0.834985 -0.034089  0.001768  0.000110  0.000142  0.000171  0.000220

   3.5   0     0.2467   -4.9907 -0.117648  1.881709 -0.228047 -1.789176  0.240423 -0.020310  0.000182  0.000235  0.000338  0.000437

                                   1 3d1+    1 3d1+    1 3d1+    1 3d1+    1 3d1+ 

   1.6   2    -0.6432  -16.4943  0.997685 -0.015674 -0.011884  0.006014 -0.000965

   2.6   0     0.2815   -4.0708 -0.257675 -0.072651  1.074965  0.055941 -0.012627

   3.6   0     1.3577   -7.1083  0.845351  1.364948 -0.895629 -0.788635  0.092402

                                   1 3d1-    1 3d1-    1 3d1-    1 3d1-    1 3d1- 

   1.7   +    -0.7699  -16.8564  0.983199 -0.046414 -0.015544  0.018648  0.001918

   2.7   0     0.2766   -4.0370 -0.228140 -0.062943  1.067776  0.051070 -0.012471

   3.7   0     1.3236   -6.9837  0.867596  1.362796 -0.902829 -0.779640  0.088238

                                   1 4f2-    1 4f2- 

   1.8   0     6.1610   -3.4087  0.999097  0.001660

   2.8   0    20.6469   21.5240 -0.648665  1.191200

 HOMO      4.1    -0.643175 =     -17.5017eV
 LUMO      2.3     0.042398 =       1.1537eV
 LUMO-HOMO         0.685574 =      18.6554eV


 **********************************************************************************************************************************
 DATASETS  * FILE   NREC   LENGTH (MB)   RECORD NAMES
              1      20       20.77       500      610      700      900      950      970     1000      129      960     1100   
                                          VAR    BASINP    GEOM    SYMINP    ZMAT    AOBASIS   BASIS     P2S    ABASIS      S 
                                         1400     1410     1420     1200     1210     1080     1600     1650     1300     1700   
                                         EKIN       V       ECP      H0       H01     AOSYM     SMH    MOLCAS    ERIS     OPER   

              2       4        2.77       700     1000      520     4202   
                                         GEOM     BASIS   MCVARS     RHF  

 PROGRAMS   *        TOTAL       RHF       INT
 CPU TIMES  *         2.98      0.07      2.79
 REAL TIME  *        14.57 SEC
 DISK USED  *        27.11 MB      
 **********************************************************************************************************************************


 PROGRAM * POP (Mulliken population analysis)

 
 Density matrix read from record         4202.2  Type=RHF/CHARGE (state 1.6)
 
 Population analysis by basis function type

 Unique atom        s        p        d        f        g    Total    Charge
   1  NI      3.99967  5.99980  8.00033  0.00020  0.00000 18.00000  - 0.00000


 **********************************************************************************************************************************
 DATASETS  * FILE   NREC   LENGTH (MB)   RECORD NAMES
              1      20       20.77       500      610      700      900      950      970     1000      129      960     1100   
                                          VAR    BASINP    GEOM    SYMINP    ZMAT    AOBASIS   BASIS     P2S    ABASIS      S 
                                         1400     1410     1420     1200     1210     1080     1600     1650     1300     1700   
                                         EKIN       V       ECP      H0       H01     AOSYM     SMH    MOLCAS    ERIS     OPER   

              2       4        2.77       700     1000      520     4202   
                                         GEOM     BASIS   MCVARS     RHF  

 PROGRAMS   *        TOTAL       POP       RHF       INT
 CPU TIMES  *         2.98      0.00      0.07      2.79
 REAL TIME  *        14.59 SEC
 DISK USED  *        27.11 MB      
 **********************************************************************************************************************************


 PROGRAM * MULTI (Direct Multiconfiguration SCF)       Authors: P.J. Knowles, H.-J. Werner (1984)     S.T. Elbert (1988)


 Number of closed-shell orbitals:   5 (   2   1   1   0   1   0   0   0 )
 Number of active  orbitals:        5 (   2   0   0   1   0   1   1   0 )
 Number of external orbitals:      53 (  12   9   9   4   9   4   4   2 )

 State symmetry 1

 Number of electrons:     8    Spin symmetry=Triplet   Space symmetry=1
 Number of states:        1
 Number of CSFs:          1   (1 determinants, 10 intermediate states)

 State symmetry 2

 Number of electrons:     8    Spin symmetry=Triplet   Space symmetry=4
 Number of states:        3
 Number of CSFs:          3   (3 determinants, 10 intermediate states)

 State symmetry 3

 Number of electrons:     8    Spin symmetry=Triplet   Space symmetry=6
 Number of states:        3
 Number of CSFs:          3   (3 determinants, 10 intermediate states)

 State symmetry 4

 Number of electrons:     8    Spin symmetry=Triplet   Space symmetry=7
 Number of states:        3
 Number of CSFs:          3   (3 determinants, 10 intermediate states)

 Molecular orbitals read from record     4202.2  Type=RHF/CANONICAL (state 1.6)
 *** IN SYMMETRY 1 ORBITAL  1 SYMMETRY CONTAMINATION OF 0.123D-01 HAS BEEN REMOVED
 *** IN SYMMETRY 1 ORBITAL  2 SYMMETRY CONTAMINATION OF 0.288D-01 HAS BEEN REMOVED
 *** IN SYMMETRY 1 ORBITAL  3 SYMMETRY CONTAMINATION OF 0.370D+00 HAS BEEN REMOVED
 *** IN SYMMETRY 1 ORBITAL  4 SYMMETRY CONTAMINATION OF 0.366D+00 HAS BEEN REMOVED

 EXTRA SYMMETRY OF MOS IN SYMMETRY 1:   1 1 3 2 1 3 2 1 3 2   3 2 1 3 2 1
 *** IN SYMMETRY 2 ORBITAL  1 SYMMETRY CONTAMINATION OF 0.230D-02 HAS BEEN REMOVED
 EXTRA SYMMETRY OF MOS IN SYMMETRY 2:   1 1 1 1 3 2 1 3 2 1
 *** IN SYMMETRY 3 ORBITAL  1 SYMMETRY CONTAMINATION OF 0.144D-01 HAS BEEN REMOVED
 EXTRA SYMMETRY OF MOS IN SYMMETRY 3:   1 1 1 1 2 3 1 2 3 1
 *** IN SYMMETRY 5 ORBITAL  1 SYMMETRY CONTAMINATION OF 0.265D-02 HAS BEEN REMOVED
 EXTRA SYMMETRY OF MOS IN SYMMETRY 5:   1 1 1 1 3 2 1 3 2 1

 Wavefunction dump at record             5202.2

 Convergence thresholds  0.10E-01 (gradient)  0.10E-05 (energy)  0.10E-02 (step length)

 Weight factors for state symmetry  1:    0.10000
 Weight factors for state symmetry  2:    0.10000   0.10000   0.10000
 Weight factors for state symmetry  3:    0.10000   0.10000   0.10000
 Weight factors for state symmetry  4:    0.10000   0.10000   0.10000

 Number of orbital rotations:       91   (     4 Core/Active     51 Core/Virtual   0 Active/Active     36 Active/Virtual)
 Total number of variables:        119


 ITER. MIC  NCI  NEG     ENERGY(VAR)     ENERGY(PROJ)   ENERGY CHANGE     GRAD(0)  GRAD(ORB)   GRAD(CI)     STEP       TIME

   1   31   16    0    -168.44617634    -168.44864772   -0.00247137    0.09116002 0.00000000 0.00000000  0.36D-01      0.03
   2   27   20    0    -168.44865517    -168.44865538   -0.00000021    0.00084332 0.00000000 0.00000000  0.48D-03      0.03
   3   85   48    0    -168.44865538    -168.44865538   -0.00000000    0.00000011 0.00000000 0.00000000  0.71D-07      0.06

 ** WVFN ****  CONVERGENCE REACHED, FINAL GRADIENT:  0.16D-12



 Results for state 1.1
 =====================

 !MCSCF STATE 1.1 Energy             -168.475074243041
 Nuclear energy                         0.00000000
 Kinetic energy                       106.96245721
 One electron energy                 -300.81434499
 Two electron energy                  132.33927075
 Virial ratio                           2.57508605

 !MCSCF STATE 1.1 Dipole moment         0.00000000     0.00000000     0.00000000
 Dipole moment /Debye                   0.00000000     0.00000000     0.00000000



 Results for state 1.4
 =====================

 !MCSCF STATE 1.4 Energy             -168.475074243041
 Nuclear energy                         0.00000000
 Kinetic energy                       106.96245721
 One electron energy                 -300.81434499
 Two electron energy                  132.33927075
 Virial ratio                           2.57508605

 !MCSCF STATE 1.4 Dipole moment         0.00000000     0.00000000     0.00000000
 Dipole moment /Debye                   0.00000000     0.00000000     0.00000000

 Results for state 2.4
 =====================

 !MCSCF STATE 2.4 Energy             -168.475074243041
 Nuclear energy                         0.00000000
 Kinetic energy                       106.96245721
 One electron energy                 -300.81434499
 Two electron energy                  132.33927075
 Virial ratio                           2.57508605

 !MCSCF STATE 2.4 Dipole moment         0.00000000     0.00000000     0.00000000
 Dipole moment /Debye                   0.00000000     0.00000000     0.00000000

 Results for state 3.4
 =====================

 !MCSCF STATE 3.4 Energy             -168.387011380344
 Nuclear energy                         0.00000000
 Kinetic energy                       106.96245721
 One electron energy                 -300.81434499
 Two electron energy                  132.42733361
 Virial ratio                           2.57426274

 !MCSCF STATE 3.4 Dipole moment         0.00000000     0.00000000     0.00000000
 Dipole moment /Debye                   0.00000000     0.00000000     0.00000000



 Results for state 1.6
 =====================

 !MCSCF STATE 1.6 Energy             -168.475074243041
 Nuclear energy                         0.00000000
 Kinetic energy                       106.96245721
 One electron energy                 -300.81434499
 Two electron energy                  132.33927075
 Virial ratio                           2.57508605

 !MCSCF STATE 1.6 Dipole moment         0.00000000     0.00000000     0.00000000
 Dipole moment /Debye                   0.00000000     0.00000000     0.00000000

 Results for state 2.6
 =====================

 !MCSCF STATE 2.6 Energy             -168.475074243041
 Nuclear energy                         0.00000000
 Kinetic energy                       106.96245721
 One electron energy                 -300.81434499
 Two electron energy                  132.33927075
 Virial ratio                           2.57508605

 !MCSCF STATE 2.6 Dipole moment         0.00000000     0.00000000     0.00000000
 Dipole moment /Debye                   0.00000000     0.00000000     0.00000000

 Results for state 3.6
 =====================

 !MCSCF STATE 3.6 Energy             -168.387011380344
 Nuclear energy                         0.00000000
 Kinetic energy                       106.96245721
 One electron energy                 -300.81434499
 Two electron energy                  132.42733361
 Virial ratio                           2.57426274

 !MCSCF STATE 3.6 Dipole moment         0.00000000     0.00000000     0.00000000
 Dipole moment /Debye                   0.00000000     0.00000000     0.00000000



 Results for state 1.7
 =====================

 !MCSCF STATE 1.7 Energy             -168.475074243041
 Nuclear energy                         0.00000000
 Kinetic energy                       106.96245721
 One electron energy                 -300.81434499
 Two electron energy                  132.33927075
 Virial ratio                           2.57508605

 !MCSCF STATE 1.7 Dipole moment         0.00000000     0.00000000     0.00000000
 Dipole moment /Debye                   0.00000000     0.00000000     0.00000000

 Results for state 2.7
 =====================

 !MCSCF STATE 2.7 Energy             -168.475074243041
 Nuclear energy                         0.00000000
 Kinetic energy                       106.96245721
 One electron energy                 -300.81434499
 Two electron energy                  132.33927075
 Virial ratio                           2.57508605

 !MCSCF STATE 2.7 Dipole moment         0.00000000     0.00000000     0.00000000
 Dipole moment /Debye                   0.00000000     0.00000000     0.00000000

 Results for state 3.7
 =====================

 !MCSCF STATE 3.7 Energy             -168.387011380344
 Nuclear energy                         0.00000000
 Kinetic energy                       106.96245721
 One electron energy                 -300.81434499
 Two electron energy                  132.42733361
 Virial ratio                           2.57426274

 !MCSCF STATE 3.7 Dipole moment         0.00000000     0.00000000     0.00000000
 Dipole moment /Debye                   0.00000000     0.00000000     0.00000000

 State-averaged charge density matrix saved on record  5202.2 (density set 1)

 !MCSCF expec        <1.1|EKIN|1.1>   106.962457211360
 !MCSCF expec        <1.4|EKIN|1.4>   106.962457211359
 !MCSCF expec        <2.4|EKIN|2.4>   106.962457211360
 !MCSCF expec        <3.4|EKIN|3.4>   106.962457211359
 !MCSCF expec        <1.6|EKIN|1.6>   106.962457211360
 !MCSCF expec        <2.6|EKIN|2.6>   106.962457211359
 !MCSCF expec        <3.6|EKIN|3.6>   106.962457211360
 !MCSCF expec        <1.7|EKIN|1.7>   106.962457211360
 !MCSCF expec        <2.7|EKIN|2.7>   106.962457211359
 !MCSCF expec        <3.7|EKIN|3.7>   106.962457211360

 !MCSCF expec         <1.1|POT|1.1>   -23.584949155806
 !MCSCF expec         <1.4|POT|1.4>   -23.584949155806
 !MCSCF expec         <2.4|POT|2.4>   -23.584949155806
 !MCSCF expec         <3.4|POT|3.4>   -23.584949155806
 !MCSCF expec         <1.6|POT|1.6>   -23.584949155806
 !MCSCF expec         <2.6|POT|2.6>   -23.584949155806
 !MCSCF expec         <3.6|POT|3.6>   -23.584949155806
 !MCSCF expec         <1.7|POT|1.7>   -23.584949155806
 !MCSCF expec         <2.7|POT|2.7>   -23.584949155806
 !MCSCF expec         <3.7|POT|3.7>   -23.584949155806


 NATURAL ORBITALS (state averaged)
 =================================

   Orb     Occ        Energy       Coefficients

                                   1 1s      1 1s      1 1s      1 1s      1 1s      1 1s      1 3d0     1 3d2+    1 3d0     1 3d2+ 
                                   1 3d0     1 3d2+    1 3d0     1 3d2+    1 3d0     1 3d2+ 

   1.1  2.00000    -5.054811     0.999999  0.000031 -0.000031 -0.000042  0.000010 -0.000004  0.000000  0.000000  0.000000  0.000000
                                 0.000000  0.000000  0.000000  0.000000  0.000000  0.000000

   2.1  2.00000    -0.281463     0.000234  1.000475  0.000523 -0.000560 -0.000198  0.000083  0.000000  0.000000  0.000000  0.000000
                                 0.000000  0.000000  0.000000  0.000000  0.000000  0.000000

   3.1  1.60000    -0.492558     0.000000  0.000000  0.000000  0.000000  0.000000  0.000000  0.000000  0.993025  0.000000 -0.026419
                                 0.000000 -0.013815  0.000000  0.010436  0.000000 -0.000130

   4.1  1.60000    -0.492558     0.000000  0.000000  0.000000  0.000000  0.000000  0.000000  0.993025  0.000000 -0.026419  0.000000
                                -0.013815  0.000000  0.010436  0.000000 -0.000130  0.000000

                                   1 2px     1 2px     1 2px     1 2px     1 2px     1 2px     1 4f1+    1 4f3+    1 4f1+    1 4f3+ 


   1.2  2.00000    -3.318820     1.000774  0.013446  0.012867 -0.003000 -0.000949  0.000596  0.000000  0.000000  0.000000  0.000000

                                   1 2py     1 2py     1 2py     1 2py     1 2py     1 2py     1 4f1-    1 4f3-    1 4f1-    1 4f3- 


   1.3  2.00000    -3.318820     1.000774  0.013446  0.012867 -0.003000 -0.000949  0.000596  0.000000  0.000000  0.000000  0.000000

                                   1 3d2-    1 3d2-    1 3d2-    1 3d2-    1 3d2- 

   1.4  1.60000    -0.492558     0.993025 -0.026419 -0.013815  0.010436 -0.000130

                                   1 2pz     1 2pz     1 2pz     1 2pz     1 2pz     1 2pz     1 4f0     1 4f2+    1 4f0     1 4f2+ 


   1.5  2.00000    -3.318820     1.000774  0.013446  0.012867 -0.003000 -0.000949  0.000596  0.000000  0.000000  0.000000  0.000000

                                   1 3d1+    1 3d1+    1 3d1+    1 3d1+    1 3d1+ 

   1.6  1.60000    -0.492558     0.993025 -0.026419 -0.013815  0.010436 -0.000130

                                   1 3d1-    1 3d1-    1 3d1-    1 3d1-    1 3d1- 

   1.7  1.60000    -0.492558     0.993025 -0.026419 -0.013815  0.010436 -0.000130
 

 EXTRA SYMMETRY OF MOS IN SYMMETRY 2:   1 1 1 1 2 3 1 3 2 1
 EXTRA SYMMETRY OF MOS IN SYMMETRY 3:   1 1 1 1 2 3 1 3 2 1
 EXTRA SYMMETRY OF MOS IN SYMMETRY 5:   1 1 1 1 2 3 1 2 3 1

 Natural orbital dump (state averaged) at molpro section  5202.2    (Orbital set 2)


 CI vector for state symmetry 1
 ==============================

 aa 2 2 2          1.0000000

 TOTAL ENERGIES                      -168.47507424

 CI vector for state symmetry 2
 ==============================

 2a a 2 2          0.0000000   1.0000000   0.0000000
 a2 a 2 2         -0.4472136   0.0000000   0.8944272
 22 2 a a          0.8944272   0.0000000   0.4472136

 TOTAL ENERGIES                      -168.47507424  -168.47507424  -168.38701138

 CI vector for state symmetry 3
 ==============================

 22 a 2 a          0.2366271   0.8625588  -0.4472136
 a2 2 a 2          0.7760122  -0.4447529  -0.4472136
 2a 2 a 2          0.5846475   0.2412203   0.7745967

 TOTAL ENERGIES                      -168.47507424  -168.47507424  -168.38701138

 CI vector for state symmetry 4
 ==============================

 22 a a 2         -0.3092023   0.8392818  -0.4472136
 2a 2 2 a         -0.6030613   0.1905703   0.7745967
 a2 2 2 a          0.7353305   0.5092043   0.4472136

 TOTAL ENERGIES                      -168.47507424  -168.47507424  -168.38701138



 **********************************************************************************************************************************
 DATASETS  * FILE   NREC   LENGTH (MB)   RECORD NAMES
              1      21       21.14       500      610      700      900      950      970     1000      129      960     1100   
                                          VAR    BASINP    GEOM    SYMINP    ZMAT    AOBASIS   BASIS     P2S    ABASIS      S 
                                         1400     1410     1420     1200     1210     1080     1600     1650     1300     1700   
                                         EKIN       V       ECP      H0       H01     AOSYM     SMH    MOLCAS    ERIS     OPER   
                                         1380   
                                         JKOP   

              2       5        5.28       700     1000      520     4202     5202   
                                         GEOM     BASIS   MCVARS     RHF     MCSCF   

 PROGRAMS   *        TOTAL     MULTI       POP       RHF       INT
 CPU TIMES  *         3.08      0.10      0.00      0.07      2.79
 REAL TIME  *        16.06 SEC
 DISK USED  *        39.57 MB      
 **********************************************************************************************************************************


 PROGRAM * RHF-SCF (OPEN SHELL)       Authors: W. Meyer, H.-J. Werner


 NUMBER OF ELECTRONS:      10+    8-    SPACE SYMMETRY=1    SPIN SYMMETRY: Triplet 
 CONVERGENCE THRESHOLDS:    1.00E-05 (Density)    1.00E-07 (Energy)
 MAX. NUMBER OF ITERATIONS:        0
 INTERPOLATION TYPE:            DIIS
 INTERPOLATION STEPS:              2 (START)      1 (STEP)
 LEVEL SHIFTS:                 -0.60 (CLOSED) -0.30 (OPEN) 


 Singly occupied orbitals:      3.1       4.1
 Molecular orbitals read from record     5202.2  Type=MCSCF/NATURAL (state averaged)

 Molecular orbital dump at record        2101.2

 ITERATION    DDIFF          GRAD             ENERGY        2-EL.EN.            DIPOLE MOMENTS         DIIS   ORB.
    1      0.000D+00      0.000D+00      -168.47507424    264.678541    0.00000    0.00000    0.00000    0    start

 Final alpha occupancy:   4   1   1   1   1   1   1   0
 Final beta  occupancy:   2   1   1   1   1   1   1   0

 !RHF STATE 1.1 Energy               -168.475074243041
 Nuclear energy                         0.00000000
 One-electron energy                 -300.81434499
 Two-electron energy                  132.33927075
 Virial quotient                       -1.57508605
 !RHF STATE 1.1 Dipole moment           0.00000000     0.00000000     0.00000000
 Dipole moment /Debye                   0.00000000     0.00000000     0.00000000
 

 !RHF expec          <1.1|EKIN|1.1>   106.962457211360
 
 !RHF expec           <1.1|POT|1.1>   -23.584949155806

 ELECTRON ORBITALS
 =================


   Orb  Occ    Energy  Couls-En    Coefficients

                                   1 1s      1 1s      1 1s      1 1s      1 1s      1 1s      1 3d0     1 3d2+    1 3d0     1 3d2+ 
                                   1 3d0     1 3d2+    1 3d0     1 3d2+    1 3d0     1 3d2+ 

   1.1   2    -5.0548  -26.4348  0.999999  0.000031 -0.000031 -0.000042  0.000010 -0.000004  0.000000  0.000000  0.000000  0.000000
                                 0.000000  0.000000  0.000000  0.000000  0.000000  0.000000

   2.1   2    -0.2815   -7.0867  0.000234  1.000475  0.000523 -0.000560 -0.000198  0.000083  0.000000  0.000000  0.000000  0.000000
                                 0.000000  0.000000  0.000000  0.000000  0.000000  0.000000

   3.1   +    -0.4926  -16.4293  0.000000  0.000000  0.000000  0.000000  0.000000  0.000000  0.000000  0.993025  0.000000 -0.026419
                                 0.000000 -0.013815  0.000000  0.010436  0.000000 -0.000130

   4.1   +    -0.4926  -16.4293  0.000000  0.000000  0.000000  0.000000  0.000000  0.000000  0.993025  0.000000 -0.026419  0.000000
                                -0.013815  0.000000  0.010436  0.000000 -0.000130  0.000000

                                   1 2px     1 2px     1 2px     1 2px     1 2px     1 2px     1 4f1+    1 4f3+    1 4f1+    1 4f3+ 


   1.2   2    -3.3188  -22.8105  1.000774  0.013446  0.012867 -0.003000 -0.000949  0.000596  0.000000  0.000000  0.000000  0.000000

                                   1 2py     1 2py     1 2py     1 2py     1 2py     1 2py     1 4f1-    1 4f3-    1 4f1-    1 4f3- 


   1.3   2    -3.3188  -22.8105  1.000774  0.013446  0.012867 -0.003000 -0.000949  0.000596  0.000000  0.000000  0.000000  0.000000

                                   1 3d2-    1 3d2-    1 3d2-    1 3d2-    1 3d2- 

   1.4   2    -0.4926  -16.4293  0.993025 -0.026419 -0.013815  0.010436 -0.000130

                                   1 2pz     1 2pz     1 2pz     1 2pz     1 2pz     1 2pz     1 4f0     1 4f2+    1 4f0     1 4f2+ 


   1.5   2    -3.3188  -22.8105  1.000774  0.013446  0.012867 -0.003000 -0.000949  0.000596  0.000000  0.000000  0.000000  0.000000

                                   1 3d1+    1 3d1+    1 3d1+    1 3d1+    1 3d1+ 

   1.6   2    -0.4926  -16.4293  0.993025 -0.026419 -0.013815  0.010436 -0.000130

                                   1 3d1-    1 3d1-    1 3d1-    1 3d1-    1 3d1- 

   1.7   2    -0.4926  -16.4293  0.993025 -0.026419 -0.013815  0.010436 -0.000130

 HOMO      4.1    -0.492558 =     -13.4032eV
 LUMO      2.2     0.046799 =       1.2735eV
 LUMO-HOMO         0.539358 =      14.6767eV


 **********************************************************************************************************************************
 DATASETS  * FILE   NREC   LENGTH (MB)   RECORD NAMES
              1      21       21.14       500      610      700      900      950      970     1000      129      960     1100   
                                          VAR    BASINP    GEOM    SYMINP    ZMAT    AOBASIS   BASIS     P2S    ABASIS      S 
                                         1400     1410     1420     1200     1210     1080     1600     1650     1300     1700   
                                         EKIN       V       ECP      H0       H01     AOSYM     SMH    MOLCAS    ERIS     OPER   
                                         1380   
                                         JKOP   

              2       6        7.83       700     1000      520     4202     5202     2101   
                                         GEOM     BASIS   MCVARS     RHF     MCSCF     RHF  

 PROGRAMS   *        TOTAL       RHF     MULTI       POP       RHF       INT
 CPU TIMES  *         3.09      0.01      0.10      0.00      0.07      2.79
 REAL TIME  *        16.18 SEC
 DISK USED  *        39.57 MB      
 **********************************************************************************************************************************
 SETTING SCF(I)         =      -168.47507424  AU                              
 SETTING _CC_NORM_MAX   =         2.00000000                                  


 PROGRAM * UHF-SCF       Authors: W. Meyer, H.-J. Werner


 NUMBER OF ELECTRONS:      10+    8-    SPACE SYMMETRY=1    SPIN SYMMETRY: Triplet 
 CONVERGENCE THRESHOLDS:    1.00E-05 (Density)    1.00E-07 (Energy)
 MAX. NUMBER OF ITERATIONS:        0
 INTERPOLATION TYPE:            DIIS
 INTERPOLATION STEPS:              2 (START)      1 (STEP)
 LEVEL SHIFTS:                  0.20 (ALPHA)   0.20 (BETA) 



 Molecular orbitals read from record     2101.2  Type=RHF/CANONICAL (state 1.1)

 Molecular orbital dump at record        2200.2

 Initial alpha occupation   4   1   1   1   1   1   1   0
 Initial beta  occupation   2   1   1   1   1   1   1   0

 ITERATION    DDIFF          GRAD             ENERGY        2-EL.EN.            DIPOLE MOMENTS         DIIS
    1      0.000D+00      0.000D+00      -168.47507424    264.678541    0.00000    0.00000    0.00000    0
 
 Final alpha occupancy:   4   1   1   1   1   1   1   0
 Final beta  occupancy:   2   1   1   1   1   1   1   0

 !UHF STATE 1.1 Energy               -168.475074243041
 Nuclear energy                         0.00000000
 One-electron energy                 -300.81434499
 Two-electron energy                  132.33927075
 Virial quotient                       -1.57508605
 !UHF STATE 1.1 Dipole moment           0.00000000     0.00000000     0.00000000
 Dipole moment /Debye                   0.00000000     0.00000000     0.00000000
 

 !UHF expec          <1.1|EKIN|1.1>   106.962457211360
 
 !UHF expec           <1.1|POT|1.1>   -23.584949155806

 ELECTRON ORBITALS FOR POSITIVE SPIN
 ===================================


   Orb  Occ    Energy  Couls-En    Coefficients

                                   1 1s      1 1s      1 1s      1 1s      1 1s      1 1s      1 3d0     1 3d2+    1 3d0     1 3d2+ 
                                   1 3d0     1 3d2+    1 3d0     1 3d2+    1 3d0     1 3d2+ 

   1.1   +    -5.0548  -26.4348  0.999999  0.000031 -0.000031 -0.000042  0.000010 -0.000004  0.000000  0.000000  0.000000  0.000000
                                 0.000000  0.000000  0.000000  0.000000  0.000000  0.000000

   2.1   +    -0.2815   -7.0867  0.000234  1.000475  0.000523 -0.000560 -0.000198  0.000083  0.000000  0.000000  0.000000  0.000000
                                 0.000000  0.000000  0.000000  0.000000  0.000000  0.000000

   3.1   +    -0.4926  -16.4293  0.000000  0.000000  0.000000  0.000000  0.000000  0.000000  0.000000  0.993025  0.000000 -0.026419
                                 0.000000 -0.013815  0.000000  0.010436  0.000000 -0.000130

   4.1   +    -0.4926  -16.4293  0.000000  0.000000  0.000000  0.000000  0.000000  0.000000  0.993025  0.000000 -0.026419  0.000000
                                -0.013815  0.000000  0.010436  0.000000 -0.000130  0.000000

                                   1 2px     1 2px     1 2px     1 2px     1 2px     1 2px     1 4f1+    1 4f3+    1 4f1+    1 4f3+ 


   1.2   +    -3.3188  -22.8105  1.000774  0.013446  0.012867 -0.003000 -0.000949  0.000596  0.000000  0.000000  0.000000  0.000000

                                   1 2py     1 2py     1 2py     1 2py     1 2py     1 2py     1 4f1-    1 4f3-    1 4f1-    1 4f3- 


   1.3   +    -3.3188  -22.8105  1.000774  0.013446  0.012867 -0.003000 -0.000949  0.000596  0.000000  0.000000  0.000000  0.000000

                                   1 3d2-    1 3d2-    1 3d2-    1 3d2-    1 3d2- 

   1.4   +    -0.4926  -16.4293  0.993025 -0.026419 -0.013815  0.010436 -0.000130

                                   1 2pz     1 2pz     1 2pz     1 2pz     1 2pz     1 2pz     1 4f0     1 4f2+    1 4f0     1 4f2+ 


   1.5   +    -3.3188  -22.8105  1.000774  0.013446  0.012867 -0.003000 -0.000949  0.000596  0.000000  0.000000  0.000000  0.000000

                                   1 3d1+    1 3d1+    1 3d1+    1 3d1+    1 3d1+ 

   1.6   +    -0.4926  -16.4293  0.993025 -0.026419 -0.013815  0.010436 -0.000130

                                   1 3d1-    1 3d1-    1 3d1-    1 3d1-    1 3d1- 

   1.7   +    -0.4926  -16.4293  0.993025 -0.026419 -0.013815  0.010436 -0.000130

 ELECTRON ORBITALS FOR NEGATIVE SPIN
 ===================================


   Orb  Occ    Energy  Couls-En    Coefficients

                                   1 1s      1 1s      1 1s      1 1s      1 1s      1 1s      1 3d0     1 3d2+    1 3d0     1 3d2+ 
                                   1 3d0     1 3d2+    1 3d0     1 3d2+    1 3d0     1 3d2+ 

   1.1   -    -5.0548  -26.4348  0.999999  0.000031 -0.000031 -0.000042  0.000010 -0.000004  0.000000  0.000000  0.000000  0.000000
                                 0.000000  0.000000  0.000000  0.000000  0.000000  0.000000

   2.1   -    -0.2815   -7.0867  0.000234  1.000475  0.000523 -0.000560 -0.000198  0.000083  0.000000  0.000000  0.000000  0.000000
                                 0.000000  0.000000  0.000000  0.000000  0.000000  0.000000

                                   1 2px     1 2px     1 2px     1 2px     1 2px     1 2px     1 4f1+    1 4f3+    1 4f1+    1 4f3+ 


   1.2   -    -3.3188  -22.8105  1.000774  0.013446  0.012867 -0.003000 -0.000949  0.000596  0.000000  0.000000  0.000000  0.000000

                                   1 2py     1 2py     1 2py     1 2py     1 2py     1 2py     1 4f1-    1 4f3-    1 4f1-    1 4f3- 


   1.3   -    -3.3188  -22.8105  1.000774  0.013446  0.012867 -0.003000 -0.000949  0.000596  0.000000  0.000000  0.000000  0.000000

                                   1 3d2-    1 3d2-    1 3d2-    1 3d2-    1 3d2- 

   1.4   -    -0.4926  -16.4293  0.993025 -0.026419 -0.013815  0.010436 -0.000130

                                   1 2pz     1 2pz     1 2pz     1 2pz     1 2pz     1 2pz     1 4f0     1 4f2+    1 4f0     1 4f2+ 


   1.5   -    -3.3188  -22.8105  1.000774  0.013446  0.012867 -0.003000 -0.000949  0.000596  0.000000  0.000000  0.000000  0.000000

                                   1 3d1+    1 3d1+    1 3d1+    1 3d1+    1 3d1+ 

   1.6   -    -0.4926  -16.4293  0.993025 -0.026419 -0.013815  0.010436 -0.000130

                                   1 3d1-    1 3d1-    1 3d1-    1 3d1-    1 3d1- 

   1.7   -    -0.4926  -16.4293  0.993025 -0.026419 -0.013815  0.010436 -0.000130

 HOMO     -2.1    -0.281463 =      -7.6590eV
 LUMO     -3.1    -0.492558 =     -13.4032eV
 LUMO-HOMO        -0.211095 =      -5.7442eV

 EXPECTATION VALUE OF S**2:             2.00000000

 Occupation number threshold for canonical orbitals:  1.999000 (occupied),  0.001000 (virtual)

 Number of pseudo-canonical orbitals per symmetry:    2   1   1   1   1   1   1   0
 Number of active natural orbitals per symmetry:      2   0   0   0   0   0   0   0

 NATURAL CHARGE ORBITALS
 =======================


   Orb     Occ        Energy       Coefficients

                                   1 1s      1 1s      1 1s      1 1s      1 1s      1 1s      1 3d0     1 3d2+    1 3d0     1 3d2+ 
                                   1 3d0     1 3d2+    1 3d0     1 3d2+    1 3d0     1 3d2+ 

   1.1  2.00000    -5.054811     0.999999  0.000031 -0.000031 -0.000042  0.000010 -0.000004  0.000000  0.000000  0.000000  0.000000
                                 0.000000  0.000000  0.000000  0.000000  0.000000  0.000000

   2.1  2.00000    -0.281463     0.000234  1.000475  0.000523 -0.000560 -0.000198  0.000083  0.000000  0.000000  0.000000  0.000000
                                 0.000000  0.000000  0.000000  0.000000  0.000000  0.000000

   3.1  1.00000    -0.219388     0.000000  0.000000  0.000000  0.000000  0.000000  0.000000  0.702175 -0.702175 -0.018681  0.018681
                                -0.009768  0.009768  0.007380 -0.007380 -0.000092  0.000092

   4.1  1.00000    -0.219388     0.000000  0.000000  0.000000  0.000000  0.000000  0.000000  0.702175  0.702175 -0.018681 -0.018681
                                -0.009768 -0.009768  0.007380  0.007380 -0.000092 -0.000092

                                   1 2px     1 2px     1 2px     1 2px     1 2px     1 2px     1 4f1+    1 4f3+    1 4f1+    1 4f3+ 


   1.2  2.00000    -3.318820     1.000774  0.013446  0.012867 -0.003000 -0.000949  0.000596  0.000000  0.000000  0.000000  0.000000

                                   1 2py     1 2py     1 2py     1 2py     1 2py     1 2py     1 4f1-    1 4f3-    1 4f1-    1 4f3- 


   1.3  2.00000    -3.318820     1.000774  0.013446  0.012867 -0.003000 -0.000949  0.000596  0.000000  0.000000  0.000000  0.000000

                                   1 3d2-    1 3d2-    1 3d2-    1 3d2-    1 3d2- 

   1.4  2.00000    -0.492558     0.993025 -0.026419 -0.013815  0.010436 -0.000130

                                   1 2pz     1 2pz     1 2pz     1 2pz     1 2pz     1 2pz     1 4f0     1 4f2+    1 4f0     1 4f2+ 


   1.5  2.00000    -3.318820     1.000774  0.013446  0.012867 -0.003000 -0.000949  0.000596  0.000000  0.000000  0.000000  0.000000

                                   1 3d1+    1 3d1+    1 3d1+    1 3d1+    1 3d1+ 

   1.6  2.00000    -0.492558     0.993025 -0.026419 -0.013815  0.010436 -0.000130

                                   1 3d1-    1 3d1-    1 3d1-    1 3d1-    1 3d1- 

   1.7  2.00000    -0.492558     0.993025 -0.026419 -0.013815  0.010436 -0.000130

 Natural orbitals saved to record    2200.2 (Orbital set 3)

 Orbital spaces for UNO-CAS (Min. occupation: 0.020  Max. occupation: 1.980):

 Closed:        2   1   1   1   1   1   1   0
 Active:        2   0   0   0   0   0   0   0

 No convergence



 **********************************************************************************************************************************
 DATASETS  * FILE   NREC   LENGTH (MB)   RECORD NAMES
              1      21       21.14       500      610      700      900      950      970     1000      129      960     1100   
                                          VAR    BASINP    GEOM    SYMINP    ZMAT    AOBASIS   BASIS     P2S    ABASIS      S 
                                         1400     1410     1420     1200     1210     1080     1600     1650     1300     1700   
                                         EKIN       V       ECP      H0       H01     AOSYM     SMH    MOLCAS    ERIS     OPER   
                                         1380   
                                         JKOP   

              2       7       10.35       700     1000      520     4202     5202     2101     2200   
                                         GEOM     BASIS   MCVARS     RHF     MCSCF     RHF      UHF  

 PROGRAMS   *        TOTAL       UHF       RHF     MULTI       POP       RHF       INT
 CPU TIMES  *         3.11      0.02      0.01      0.10      0.00      0.07      2.79
 REAL TIME  *        16.38 SEC
 DISK USED  *        39.57 MB      
 **********************************************************************************************************************************
 SETTING SCF(I)         =      -168.47507424  AU                              


 PROGRAM * MRCC (General Multireference Coupled Cluster)    Author: M. Kallay, 2000-2005

 ***  Initialisation ***

   0 Spin projections
 
 Molecular orbitals read from record     2200.2  Type=UHF/ALPHA (state 1.1)

 ?Warning: UHF not converged
 Molecular orbitals read from record     2200.2  Type=UHF/BETA (state 1.1)

 ?Warning: UHF not converged
 
 Frozen orbitals:              0 (  0  0  0  0  0  0  0  0)
 Active orbitals:             63 ( 16 10 10  5 10  5  5  2)
 Active electrons:            18
 Spin quantum number:          1.0

 Transformed integrals will be written to file mrcc_60351/fort.55

 Load integrals                3.1 sec
 Transform integrals           3.3 sec
 Storage for integrals:        1597106
 Remaining memory:           *********

 Core energy:               0.00000000
 
 MRCC Input:
     4     0     0     0     3     0     0     1     0     0     0     1     1     0     0     7     0     0   0.000     0   64000
  ex.lev,nsing,ntrip, rest,method,dens,conver,symm, diag, CS ,spatial, HF, ndoub,nacto,nactv, tol, maxex, sacc, freq,  dboc,   mem
  2  2  1  1  0  0  0  0  0  0  0  0  0  0  0  0  2  0  0  0  0  0  0  0  0  0  2  0  0  0  0  0  0  0  0  0  2  0  0  0  0  2  0  0  0  0  0  0  0  0  0  2  0  0  0  0  2  0  0  0  0  0  0
 MRCC Input end
 Variable memory released
 MRCC now being run, temporary output in /global/cscratch1/sd/aannabe/mrcc_60351/mrcc.out
 **********************************************************************
                          MRCC program system
 **********************************************************************

                              Written by
  Mihaly Kallay, Zoltan Rolik, Jozsef Csontos, Peter Nagy, Gyula Samu,
      David Mester, Jozsef Csoka, Bernat Szabo, Istvan Ladjanszki,
       Lorant Szegedy, Bence Ladoczki, Klara Petrov, Mate Farkas,
                    Pal D. Mezei, and Bence Hegely

        Department of Physical Chemistry and Materials Science
            Budapest University of Technology and Economics
                  Budapest P.O.Box 91, H-1521 Hungary

                              www.mrcc.hu

                       Release date: May 23, 2018

 ************************ 2018-11-14 00:23:13 *************************
 Executing goldstone...

 Generation of CC equations in terms of H and T...
 Generation of antisymmetrized Goldstone diagrams...
 Number of diagrams in T^1 equations:    15
 Number of diagrams in T^2 equations:    38
 Number of diagrams in T^3 equations:    49
 Number of diagrams in T^4 equations:     5
 Translation of diagrams to factorized equations...
 Optimizing intermediate calculation...
 Number of floating-point operations per iteration step:   1.3256E+12
 Probable CPU time per iteration step (hours):     13.26
 Required memory (Mbytes):   15639.1
 Number of intermediates:                                  80
 Number of intermediates to be stored:                     31
 Length of intermediate file (Mbytes):     126.4

 ************************ 2018-11-14 00:23:14 *************************
 Executing xmrcc...

 **********************************************************************
 CC(3)(4) calculation


 Allocation of****** Mbytes of memory...
 Number of spinorbitals:                   126
 Number of alpha electrons:                       10
 Number of beta electrons:                         8
 Spin multiplicity:                     2
 z-component of spin:  1.0
 Spatial symmetry:                      1
 Convergence criterion:  1.0E-07
 Construction of occupation graphs...
 Number of                     0 -fold excitations:                      1
 Number of                     1 -fold excitations:                    154
 Number of                     2 -fold excitations:                  42952
 Number of                     3 -fold excitations:                6696867
 Total number of configurations:                6739974
 Calculation of coupling coefficients...
 Length of intermediate file (Mbytes):      87.0

 ======================================================================

 Spin case  1   Alpha:  0   Beta:  4
 Number of excitations:                2984787
 Spin case  2   Alpha:  1   Beta:  3
 Number of excitations:               97284810
 Spin case  3   Alpha:  2   Beta:  2
 Number of excitations:              322276785
 Spin case  4   Alpha:  3   Beta:  1
 Number of excitations:              154594920
 Spin case  5   Alpha:  4   Beta:  0
 Number of excitations:                7689238
 Number of                     4 -fold excitations:              584830540

 Memory requirements /Mbyte/:
               Minimal        Optimal
 Real*8:        119.7321       120.2500
 Integer:        16.7430
 Total:         136.4750       136.9930


 ************************ 2018-11-14 00:23:19 *************************
 Executing mrcc...

 **********************************************************************
 CCSDT(Q) calculation


 Allocation of  120.3 Mbytes of memory...
 Number of spinorbitals: 126
 Number of alpha electrons: 10
 Number of beta  electrons:  8
 Spin multiplicity: 2
 z-component of spin:  1.0
 Spatial symmetry: 1
 Convergence criterion:  1.0E-07
 Construction of occupation graphs...
 Number of 0-fold excitations: 1
 Number of 1-fold excitations: 154
 Number of 2-fold excitations: 42952
 Number of 3-fold excitations: 6696867
 Total number of determinants: 6739974
 Calculation of coupling coefficients...
 Initial cluster amplitudes are generated.
 Length of intermediate file (Mbytes):      87.0
 Reading integral list from unit 55...
 Sorting integrals...
 Sorting integrals...
 Sorting integrals...
 Sorting integrals...
 Energy of reference determinant [au]:    -168.475074243041
 Calculation of MP denominators...

 Starting CC iteration...
 ======================================================================
 Norm of residual vector:     3.13149241
 CPU time [min]:     1.570                   Wall time [min]:     1.798

 Iteration  1  CC energy:  -169.16237644  Energy decrease:   0.68730219
 ======================================================================
 Norm of residual vector:     0.66565455
 CPU time [min]:     3.045                   Wall time [min]:     3.516

 Iteration  2  CC energy:  -169.11670402  Energy decrease:   0.04567242
 ======================================================================
 Norm of residual vector:     0.16013064
 CPU time [min]:     4.742                   Wall time [min]:     5.421

 Iteration  3  CC energy:  -169.13901165  Energy decrease:   0.02230763
 ======================================================================
 Norm of residual vector:     0.06891380
 CPU time [min]:     6.374                   Wall time [min]:     7.292

 Iteration  4  CC energy:  -169.15104681  Energy decrease:   0.01203516
 ======================================================================
 Norm of residual vector:     0.03339771
 CPU time [min]:     8.004                   Wall time [min]:     9.037

 Iteration  5  CC energy:  -169.14984396  Energy decrease:   0.00120285
 ======================================================================
 Norm of residual vector:     0.01478058
 CPU time [min]:     9.648                   Wall time [min]:    10.851

 Iteration  6  CC energy:  -169.14908964  Energy decrease:   0.00075432
 ======================================================================
 Norm of residual vector:     0.00680705
 CPU time [min]:    11.290                   Wall time [min]:    12.712

 Iteration  7  CC energy:  -169.14926485  Energy decrease:   0.00017520
 ======================================================================
 Norm of residual vector:     0.00356817
 CPU time [min]:    12.964                   Wall time [min]:    14.596

 Iteration  8  CC energy:  -169.14949728  Energy decrease:   0.00023244
 ======================================================================
 Norm of residual vector:     0.00214622
 CPU time [min]:    14.653                   Wall time [min]:    16.438

 Iteration  9  CC energy:  -169.14956404  Energy decrease:   0.00006675
 ======================================================================
 Norm of residual vector:     0.00129961
 CPU time [min]:    16.355                   Wall time [min]:    18.364

 Iteration 10  CC energy:  -169.14953795  Energy decrease:   0.00002609
 ======================================================================
 Norm of residual vector:     0.00080736
 CPU time [min]:    18.057                   Wall time [min]:    20.271

 Iteration 11  CC energy:  -169.14952642  Energy decrease:   0.00001153
 ======================================================================
 Norm of residual vector:     0.00047908
 CPU time [min]:    19.781                   Wall time [min]:    22.306

 Iteration 12  CC energy:  -169.14954041  Energy decrease:   0.00001399
 ======================================================================
 Norm of residual vector:     0.00029862
 CPU time [min]:    21.499                   Wall time [min]:    24.208

 Iteration 13  CC energy:  -169.14953991  Energy decrease:   0.00000050
 ======================================================================
 Norm of residual vector:     0.00019333
 CPU time [min]:    23.240                   Wall time [min]:    26.178

 Iteration 14  CC energy:  -169.14953470  Energy decrease:   0.00000521
 ======================================================================
 Norm of residual vector:     0.00010551
 CPU time [min]:    24.993                   Wall time [min]:    28.228

 Iteration 15  CC energy:  -169.14953584  Energy decrease:   0.00000114
 ======================================================================
 Norm of residual vector:     0.00005512
 CPU time [min]:    26.754                   Wall time [min]:    30.430

 Iteration 16  CC energy:  -169.14953683  Energy decrease:   0.00000100
 ======================================================================
 Norm of residual vector:     0.00002503
 CPU time [min]:    28.531                   Wall time [min]:    32.405

 Iteration 17  CC energy:  -169.14953663  Energy decrease:   0.00000021
 ======================================================================
 Norm of residual vector:     0.00001099
 CPU time [min]:    30.315                   Wall time [min]:    34.488

 Iteration 18  CC energy:  -169.14953672  Energy decrease:   0.00000010
 ======================================================================
 Norm of residual vector:     0.00000554
 CPU time [min]:    32.109                   Wall time [min]:    36.580

 Iteration 19  CC energy:  -169.14953680  Energy decrease:   0.00000008
 ======================================================================
 Norm of residual vector:     0.00000285
 CPU time [min]:    33.915                   Wall time [min]:    38.400

 Iteration 20  CC energy:  -169.14953677  Energy decrease:   0.00000003
 ======================================================================
 Norm of residual vector:     0.00000140
 CPU time [min]:    35.733                   Wall time [min]:    40.227

 Iteration 21  CC energy:  -169.14953675  Energy decrease:   0.00000002
 ======================================================================
 Norm of residual vector:     0.00000066
 CPU time [min]:    37.564                   Wall time [min]:    42.077

 Iteration 22  CC energy:  -169.14953675  Energy decrease:   6.9204E-10
 ======================================================================
 Norm of residual vector:     0.00000032
 CPU time [min]:    39.401                   Wall time [min]:    43.928

 Iteration 23  CC energy:  -169.14953675  Energy decrease:   2.0189E-09
 ======================================================================
 Norm of residual vector:     0.00000014
 CPU time [min]:    41.253                   Wall time [min]:    45.801

 Iteration 24  CC energy:  -169.14953675  Energy decrease:   8.1002E-11
 ======================================================================
 Norm of residual vector:     0.00000007
 CPU time [min]:    42.789                   Wall time [min]:    47.350

 Iteration 25  CC energy:  -169.14953675  Energy decrease:   1.8926E-09
 ======================================================================

 Iteration has converged in 25 steps.

 Final results:
 Total CCSDT energy [au]:           -169.149536750727
 Total MP2 energy [au]:             -169.162376437319

 Perturbative corrections are calculated...
 ======================================================================
 Spin case  1   Alpha:  0   Beta:  4
 Number of excitations:        2984787
 CPU time [min]:    45.329                   Wall time [min]:    49.894
 ======================================================================
 Spin case  2   Alpha:  1   Beta:  3
 Number of excitations:        97284810
 CPU time [min]:    79.160                   Wall time [min]:    83.727
 ======================================================================
 Spin case  3   Alpha:  2   Beta:  2
 Number of excitations:        322276785
 CPU time [min]:   169.912                   Wall time [min]:   174.487
 ======================================================================
 Spin case  4   Alpha:  3   Beta:  1
 Number of excitations:        154594920
 CPU time [min]:   214.329                   Wall time [min]:   218.923
 ======================================================================
 Spin case  5   Alpha:  4   Beta:  0
 Number of excitations:        7689238
 CPU time [min]:   217.275                   Wall time [min]:   221.888
 ======================================================================
 Number of 4-fold excitations: 584830540
 CPU time [min]:   217.275                   Wall time [min]:   221.892

 Total CCSDT[Q] energy [au]:        -169.148772328368
 Total CCSDT(Q) energy [au]:        -169.149843959351

 ************************ 2018-11-14 04:05:13 *************************
                      Normal termination of mrcc.
 **********************************************************************
 !CCSDT STATE 1.1 Energy             -169.149536750727
 !MP2 STATE 1.1 Energy               -169.162376437319
 !CCSDT[Q] STATE 1.1 Energy          -169.148772328368
 !CCSDT(Q) STATE 1.1 Energy          -169.149843959351
 
 CPU-time for MRCC:          13036.5 sec
 Elapsed-time for MRCC:      13322.5 sec

 Variable memory set to 8000000000 words,  buffer space   230000 words



 **********************************************************************************************************************************
 DATASETS  * FILE   NREC   LENGTH (MB)   RECORD NAMES
              1      21       21.14       500      610      700      900      950      970     1000      129      960     1100   
                                          VAR    BASINP    GEOM    SYMINP    ZMAT    AOBASIS   BASIS     P2S    ABASIS      S 
                                         1400     1410     1420     1200     1210     1080     1600     1650     1300     1700   
                                         EKIN       V       ECP      H0       H01     AOSYM     SMH    MOLCAS    ERIS     OPER   
                                         1380   
                                         JKOP   

              2       7       10.35       700     1000      520     4202     5202     2101     2200   
                                         GEOM     BASIS   MCVARS     RHF     MCSCF     RHF      UHF  

 PROGRAMS   *        TOTAL      MRCC       UHF       RHF     MULTI       POP       RHF       INT
 CPU TIMES  *     13044.11  13040.99      0.02      0.01      0.10      0.00      0.07      2.79
 REAL TIME  *     13364.57 SEC
 DISK USED  *        39.57 MB      
 **********************************************************************************************************************************
 SETTING POSTHF(I)      =      -169.14984396  AU                              
                                                                                                                                                                                                                                                                

         SCF            POSTHF        EKIN          POT
    -168.4750742   -169.1498440   106.9624572   -23.58494916
                                                  

 CCSDT(Q)/USERDEF energy=   -169.149843959351

        CCSDT(Q)        UHF-SCF         RHF-SCF         MULTI           RHF-SCF 
   -169.14984396   -168.47507424   -168.47507424   -168.38701138   -168.46149166
 **********************************************************************************************************************************
 Variable memory released
