

******** <class 'pyscf.scf.hf_symm.SymAdaptedROHF'> ********
method = SymAdaptedROHF-ROHF-RHF
initial guess = minao
damping factor = 0
level shift factor = 0
DIIS = <class 'pyscf.scf.diis.CDIIS'>
DIIS start cycle = 1
DIIS space = 8
SCF tol = 1e-09
SCF gradient tol = None
max. SCF cycles = 100
direct_scf = True
direct_scf_tol = 1e-13
chkfile to save SCF result = /home/gani/docs/accurate/mcscf/Ni_s_fci_solver/TZ/tmpw67894i2
max_memory 4000 MB (current use 79 MB)
num. doubly occ = 8  num. singly occ = 2
irrep_nelec {'Ag': (4, 3), 'B3u': (1, 1), 'B1u': (1, 1), 'B2u': (1, 1), 'B1g': (1, 0), 'B3g': (1, 1), 'B2g': (1, 1), 'Au': (0, 0)}
Set gradient conv threshold to 3.16228e-05
init E= -168.417679628594
HOMO (B1g) = -0.0467339146865077  LUMO (B3u) = 3.61692961915968
cycle= 1 E= -168.417683272792  delta_E= -3.64e-06  |g|= 0.000578  |ddm|= 0.000938
HOMO (B1g) = -0.0467484462684007  LUMO (B2u) = 3.61697695161809
cycle= 2 E= -168.417683319303  delta_E= -4.65e-08  |g|= 7.5e-05  |ddm|= 0.000278
HOMO (B1g) = -0.0467520742880345  LUMO (B3u) = 3.61697804822571
cycle= 3 E= -168.417683331135  delta_E= -1.18e-08  |g|= 3.09e-05  |ddm|= 0.000219
HOMO (B1g) = -0.0467531557716322  LUMO (B2u) = 3.61697242554608
cycle= 4 E= -168.417683341388  delta_E= -1.03e-08  |g|= 7.51e-06  |ddm|= 0.000383
HOMO (B1g) = -0.0467532209647466  LUMO (B3u) = 3.6169708618349
cycle= 5 E= -168.417683341988  delta_E= -6e-10  |g|= 6.01e-09  |ddm|= 0.000118
HOMO (B1g) = -0.0467532303039471  LUMO (B3u) = 3.61697085570562
Extra cycle  E= -168.417683341988  delta_E= -1.14e-13  |g|= 3.66e-09  |ddm|= 2.23e-08
converged SCF energy = -168.417683341988
 ** Mulliken pop  **
pop of  0 Ni 3s        2.00000
pop of  0 Ni 4s        1.00000
pop of  0 Ni 3px       1.99995
pop of  0 Ni 3py       1.99995
pop of  0 Ni 3pz       1.99998
pop of  0 Ni 3dxy      1.00000
pop of  0 Ni 3dyz      2.00000
pop of  0 Ni 3dz^2     2.00000
pop of  0 Ni 3dxz      2.00000
pop of  0 Ni 3dx2-y2    2.00000
pop of  0 Ni 4fy^3     0.00005
pop of  0 Ni 4fxyz     0.00000
pop of  0 Ni 4fyz^2    0.00000
pop of  0 Ni 4fz^3     0.00002
pop of  0 Ni 4fxz^2    0.00000
pop of  0 Ni 4fzx^2    0.00000
pop of  0 Ni 4fx^3     0.00005
 ** Mulliken atomic charges  **
charge of  0Ni =      0.00000
Wave-function symmetry = B1g
occupancy for each irrep:     Ag  B1g  B2g  B3g   Au  B1u  B2u  B3u
double occ                     3    0    1    1    0    1    1    1
single occ                     1    1    0    0    0    0    0    0
**** MO energy ****
                          Roothaan           | alpha              | beta
MO #1   (Ag  #1 ) energy= -4.82541815976266  | -4.87740073819813  | -4.77343558132341  occ= 2
MO #2   (B2u #1 ) energy= -3.10981945496336  | -3.192950723408    | -3.02668818651871  occ= 2
MO #3   (B3u #1 ) energy= -3.10981945496335  | -3.192950723408    | -3.02668818651871  occ= 2
MO #4   (B1u #1 ) energy= -3.09837879744681  | -3.11185153587499  | -3.08490605901862  occ= 2
MO #5   (Ag  #2 ) energy= -0.474160422127462 | -0.487659274690064 | -0.460661569564861 occ= 2
MO #6   (B2g #1 ) energy= -0.433434712948087 | -0.45499368980658  | -0.411875736089595 occ= 2
MO #7   (B3g #1 ) energy= -0.433434712948091 | -0.454993689806584 | -0.411875736089599 occ= 2
MO #8   (Ag  #3 ) energy= -0.41969240570172  | -0.44360197916058  | -0.395782832178064 occ= 2
MO #9   (Ag  #4 ) energy= -0.101567851385796 | -0.242244384252814 | 0.0391086814126536 occ= 1
MO #10  (B1g #1 ) energy= -0.0467532303039471 | -0.524642537329062 | 0.431136076721167  occ= 1
MO #11  (B2u #2 ) energy= 3.61697085570562   | 3.58061181869657   | 3.65332989271468   occ= 0
MO #12  (B3u #2 ) energy= 3.61697085570562   | 3.58061181869657   | 3.65332989271467   occ= 0
MO #13  (B1u #2 ) energy= 3.62037279134511   | 3.6146671581673    | 3.62607842452292   occ= 0
MO #14  (Au  #1 ) energy= 3.63139123993084   | 3.59612328217668   | 3.666659197685     occ= 0
MO #15  (B2u #3 ) energy= 3.63397916609031   | 3.61379887660517   | 3.65415945557545   occ= 0
MO #16  (B3u #3 ) energy= 3.63397916609031   | 3.61379887660516   | 3.65415945557545   occ= 0
MO #17  (B1u #3 ) energy= 3.63559584776281   | 3.62490668672978   | 3.64628500879584   occ= 0
 ** Mulliken pop on meta-lowdin orthogonal AOs  **
 ** Mulliken pop  **
pop of  0 Ni 3s        2.00000
pop of  0 Ni 4s        1.00000
pop of  0 Ni 3px       1.99995
pop of  0 Ni 3py       1.99995
pop of  0 Ni 3pz       1.99998
pop of  0 Ni 3dxy      1.00000
pop of  0 Ni 3dyz      2.00000
pop of  0 Ni 3dz^2     2.00000
pop of  0 Ni 3dxz      2.00000
pop of  0 Ni 3dx2-y2    2.00000
pop of  0 Ni 4fy^3     0.00005
pop of  0 Ni 4fxyz     0.00000
pop of  0 Ni 4fyz^2    0.00000
pop of  0 Ni 4fz^3     0.00002
pop of  0 Ni 4fxz^2    0.00000
pop of  0 Ni 4fzx^2    0.00000
pop of  0 Ni 4fx^3     0.00005
 ** Mulliken atomic charges  **
charge of  0Ni =     -0.00000
Dipole moment(X, Y, Z, Debye):  0.00000,  0.00000,  0.00000
[0.2 0.2 0.2 0.2 0.2]
CASSCF energy = -168.416957543294
CASCI E = -168.416957543294  E(CI) = -38.9508704621994  S^2 = 2.0000000
CASCI energy for each state
  State 0 weight 0.2  E = -168.416957555888 S^2 = 2.0000000
  State 1 weight 0.2  E = -168.416957478705 S^2 = 2.0000000
  State 2 weight 0.2  E = -168.416957783105 S^2 = 2.0000000
  State 3 weight 0.2  E = -168.416957449377 S^2 = 2.0000000
  State 4 weight 0.2  E = -168.416957449394 S^2 = 2.0000000
CASCI E = -168.416957711061  E(CI) = -38.9508706299665  S^2 = 2.0000000
Natural occ [2. 2. 2. 2. 1. 1.]
Natural orbital (expansion on meta-Lowdin AOs) in CAS space
               #1        #2        #3        #4        #5       
 0 Ni 3s       0.00001   0.00000   0.00000  -0.00000  -0.00000
 0 Ni 4s       0.00091   0.00000   0.00000   0.00000   1.00000
 0 Ni 3px      0.00000   0.00000   0.00000   0.00000   0.00000
 0 Ni 3py      0.00000   0.00000   0.00000   0.00000   0.00000
 0 Ni 3pz      0.00000   0.00000   0.00000   0.00000   0.00000
 0 Ni 3dxy     0.00000   0.00000   0.00000   0.00000   0.00000
 0 Ni 3dyz     0.00000   0.00000   1.00000   0.00000   0.00000
 0 Ni 3dz^2    1.00000   0.00000   0.00000   0.00000  -0.00091
 0 Ni 3dxz     0.00000   1.00000   0.00000   0.00000   0.00000
0 Ni 3dx2-y2  -0.00000   0.00000   0.00000   1.00000  -0.00000
 0 Ni 4fy^3    0.00000   0.00000   0.00000   0.00000   0.00000
 0 Ni 4fxyz    0.00000   0.00000   0.00000   0.00000   0.00000
 0 Ni 4fyz^2   0.00000   0.00000   0.00000   0.00000   0.00000
 0 Ni 4fz^3    0.00000   0.00000   0.00000   0.00000   0.00000
 0 Ni 4fxz^2   0.00000   0.00000   0.00000   0.00000   0.00000
 0 Ni 4fzx^2   0.00000   0.00000   0.00000   0.00000   0.00000
 0 Ni 4fx^3    0.00000   0.00000   0.00000   0.00000   0.00000
               #6       
 0 Ni 3s       0.00000
 0 Ni 4s       0.00000
 0 Ni 3px      0.00000
 0 Ni 3py      0.00000
 0 Ni 3pz      0.00000
 0 Ni 3dxy     1.00000
 0 Ni 3dyz     0.00000
 0 Ni 3dz^2    0.00000
 0 Ni 3dxz     0.00000
0 Ni 3dx2-y2   0.00000
 0 Ni 4fy^3    0.00000
 0 Ni 4fxyz    0.00000
 0 Ni 4fyz^2   0.00000
 0 Ni 4fz^3    0.00000
 0 Ni 4fxz^2   0.00000
 0 Ni 4fzx^2   0.00000
 0 Ni 4fx^3    0.00000
<mo_coeff-mcscf|mo_coeff-hf>  1  1    0.99998111
<mo_coeff-mcscf|mo_coeff-hf>  2  2    0.99998766
<mo_coeff-mcscf|mo_coeff-hf>  3  3    0.99998766
<mo_coeff-mcscf|mo_coeff-hf>  4  4    0.99999458
<mo_coeff-mcscf|mo_coeff-hf>  5  5    1.00000000
<mo_coeff-mcscf|mo_coeff-hf>  6  6    1.00000000
<mo_coeff-mcscf|mo_coeff-hf>  7  7    1.00000000
<mo_coeff-mcscf|mo_coeff-hf>  8  8    0.99998111
<mo_coeff-mcscf|mo_coeff-hf>  9  9    1.00000000
<mo_coeff-mcscf|mo_coeff-hf>  10  10    1.00000000
<mo_coeff-mcscf|mo_coeff-hf>  11  11    0.99987989
<mo_coeff-mcscf|mo_coeff-hf>  12  12    0.99987989
<mo_coeff-mcscf|mo_coeff-hf>  13  13    1.00000000
<mo_coeff-mcscf|mo_coeff-hf>  14  14    1.00000000
<mo_coeff-mcscf|mo_coeff-hf>  15  15    0.99989218
<mo_coeff-mcscf|mo_coeff-hf>  16  16    0.99989218
<mo_coeff-mcscf|mo_coeff-hf>  17  17    0.99999458
** Largest CI components **
  [alpha occ-orbitals] [beta occ-orbitals]            CI coefficient
  [0 1 2 3 4 5]        [0 1 2 3]                      -0.999999999997
 ** Mulliken pop on meta-lowdin orthogonal AOs  **
 ** Mulliken pop  **
pop of  0 Ni 3s        2.00000
pop of  0 Ni 4s        1.00000
pop of  0 Ni 3px       2.00000
pop of  0 Ni 3py       2.00000
pop of  0 Ni 3pz       2.00000
pop of  0 Ni 3dxy      1.00000
pop of  0 Ni 3dyz      2.00000
pop of  0 Ni 3dz^2     2.00000
pop of  0 Ni 3dxz      2.00000
pop of  0 Ni 3dx2-y2    2.00000
pop of  0 Ni 4fy^3     0.00000
pop of  0 Ni 4fxyz     0.00000
pop of  0 Ni 4fyz^2    0.00000
pop of  0 Ni 4fz^3     0.00000
pop of  0 Ni 4fxz^2    0.00000
pop of  0 Ni 4fzx^2    0.00000
pop of  0 Ni 4fx^3     0.00000
 ** Mulliken atomic charges  **
charge of  0Ni =     -0.00000
CI coefficients: 
 [[-1.00000000e+00  2.52167872e-06  0.00000000e+00  0.00000000e+00
   4.13912079e-14  0.00000000e+00  0.00000000e+00  0.00000000e+00
   0.00000000e+00  0.00000000e+00  0.00000000e+00  0.00000000e+00
  -1.05083658e-19  0.00000000e+00 -4.86723758e-07]]
