converged SCF energy = -57.6097259717593
 ** Mulliken pop  **
pop of  0 Ti 3s        1.99992
pop of  0 Ti 4s        1.99999
pop of  0 Ti 5s       -0.00002
pop of  0 Ti 6s       -0.00000
pop of  0 Ti 7s        0.00000
pop of  0 Ti 8s        0.00000
pop of  0 Ti 9s        0.00004
pop of  0 Ti 10s        0.00007
pop of  0 Ti 3px       2.00222
pop of  0 Ti 3py       2.00222
pop of  0 Ti 3pz       2.00222
pop of  0 Ti 4px       0.00227
pop of  0 Ti 4py       0.00227
pop of  0 Ti 4pz       0.00227
pop of  0 Ti 5px      -0.00048
pop of  0 Ti 5py      -0.00048
pop of  0 Ti 5pz      -0.00048
pop of  0 Ti 6px      -0.00003
pop of  0 Ti 6py      -0.00003
pop of  0 Ti 6pz      -0.00003
pop of  0 Ti 7px       0.00000
pop of  0 Ti 7py       0.00000
pop of  0 Ti 7pz       0.00000
pop of  0 Ti 8px      -0.00000
pop of  0 Ti 8py      -0.00000
pop of  0 Ti 8pz      -0.00000
pop of  0 Ti 9px      -0.00419
pop of  0 Ti 9py      -0.00419
pop of  0 Ti 9pz      -0.00419
pop of  0 Ti 10px       0.00001
pop of  0 Ti 10py       0.00001
pop of  0 Ti 10pz       0.00001
pop of  0 Ti 3dxy      0.00000
pop of  0 Ti 3dyz      0.00000
pop of  0 Ti 3dz^2     0.24413
pop of  0 Ti 3dxz      0.97653
pop of  0 Ti 3dx2-y2    0.73239
pop of  0 Ti 4dxy      0.00000
pop of  0 Ti 4dyz      0.00000
pop of  0 Ti 4dz^2     0.00566
pop of  0 Ti 4dxz      0.02263
pop of  0 Ti 4dx2-y2    0.01698
pop of  0 Ti 5dxy      0.00000
pop of  0 Ti 5dyz      0.00000
pop of  0 Ti 5dz^2     0.00004
pop of  0 Ti 5dxz      0.00018
pop of  0 Ti 5dx2-y2    0.00013
pop of  0 Ti 6dxy      0.00000
pop of  0 Ti 6dyz      0.00000
pop of  0 Ti 6dz^2     0.00000
pop of  0 Ti 6dxz      0.00002
pop of  0 Ti 6dx2-y2    0.00001
pop of  0 Ti 7dxy      0.00000
pop of  0 Ti 7dyz      0.00000
pop of  0 Ti 7dz^2    -0.00000
pop of  0 Ti 7dxz     -0.00000
pop of  0 Ti 7dx2-y2   -0.00000
pop of  0 Ti 8dxy      0.00000
pop of  0 Ti 8dyz      0.00000
pop of  0 Ti 8dz^2     0.00015
pop of  0 Ti 8dxz      0.00061
pop of  0 Ti 8dx2-y2    0.00046
pop of  0 Ti 9dxy      0.00000
pop of  0 Ti 9dyz      0.00000
pop of  0 Ti 9dz^2    -0.00000
pop of  0 Ti 9dxz     -0.00001
pop of  0 Ti 9dx2-y2   -0.00001
pop of  0 Ti 4fy^3     0.00000
pop of  0 Ti 4fxyz     0.00000
pop of  0 Ti 4fyz^2    0.00000
pop of  0 Ti 4fz^3     0.00000
pop of  0 Ti 4fxz^2    0.00000
pop of  0 Ti 4fzx^2    0.00000
pop of  0 Ti 4fx^3     0.00000
pop of  0 Ti 5fy^3     0.00000
pop of  0 Ti 5fxyz     0.00000
pop of  0 Ti 5fyz^2    0.00000
pop of  0 Ti 5fz^3     0.00000
pop of  0 Ti 5fxz^2    0.00000
pop of  0 Ti 5fzx^2    0.00000
pop of  0 Ti 5fx^3     0.00000
pop of  0 Ti 6fy^3     0.00005
pop of  0 Ti 6fxyz     0.00000
pop of  0 Ti 6fyz^2    0.00003
pop of  0 Ti 6fz^3     0.00001
pop of  0 Ti 6fxz^2    0.00007
pop of  0 Ti 6fzx^2    0.00008
pop of  0 Ti 6fx^3     0.00001
pop of  0 Ti 7fy^3     0.00006
pop of  0 Ti 7fxyz     0.00000
pop of  0 Ti 7fyz^2    0.00003
pop of  0 Ti 7fz^3     0.00001
pop of  0 Ti 7fxz^2    0.00008
pop of  0 Ti 7fzx^2    0.00009
pop of  0 Ti 7fx^3     0.00001
pop of  0 Ti 8fy^3     0.00001
pop of  0 Ti 8fxyz     0.00000
pop of  0 Ti 8fyz^2    0.00001
pop of  0 Ti 8fz^3     0.00000
pop of  0 Ti 8fxz^2    0.00002
pop of  0 Ti 8fzx^2    0.00002
pop of  0 Ti 8fx^3     0.00000
pop of  0 Ti 5g-4      0.00000
pop of  0 Ti 5g-3      0.00000
pop of  0 Ti 5g-2      0.00000
pop of  0 Ti 5g-1      0.00000
pop of  0 Ti 5g 0      0.00000
pop of  0 Ti 5g 1      0.00000
pop of  0 Ti 5g 2      0.00000
pop of  0 Ti 5g 3      0.00000
pop of  0 Ti 5g 4      0.00000
pop of  0 Ti 6g-4      0.00000
pop of  0 Ti 6g-3      0.00000
pop of  0 Ti 6g-2      0.00000
pop of  0 Ti 6g-1      0.00000
pop of  0 Ti 6g 0      0.00001
pop of  0 Ti 6g 1      0.00000
pop of  0 Ti 6g 2      0.00000
pop of  0 Ti 6g 3      0.00001
pop of  0 Ti 6g 4      0.00000
pop of  0 Ti 7g-4      0.00000
pop of  0 Ti 7g-3      0.00000
pop of  0 Ti 7g-2      0.00000
pop of  0 Ti 7g-1      0.00000
pop of  0 Ti 7g 0      0.00002
pop of  0 Ti 7g 1      0.00000
pop of  0 Ti 7g 2      0.00000
pop of  0 Ti 7g 3      0.00002
pop of  0 Ti 7g 4      0.00001
pop of  0 Ti 8g-4      0.00000
pop of  0 Ti 8g-3      0.00000
pop of  0 Ti 8g-2      0.00000
pop of  0 Ti 8g-1      0.00000
pop of  0 Ti 8g 0      0.00000
pop of  0 Ti 8g 1      0.00000
pop of  0 Ti 8g 2      0.00000
pop of  0 Ti 8g 3      0.00001
pop of  0 Ti 8g 4      0.00000
 ** Mulliken atomic charges  **
charge of  0Ti =     -0.00000
