
 Primary working directories    : /global/cscratch1/sd/aannabe
 Secondary working directories  : /global/cscratch1/sd/aannabe
 Wavefunction directory         : /global/homes/a/aannabe/wfu/
 Main file repository           : /global/cscratch1/sd/aannabe/

 SHA1      : 2873118e99aab1bc19f5b6fc1784693c06d15c95
 NAME      : 2015.1.8
 ARCHNAME  : linux/x86_64
 FC        : /opt/cray/pe/craype/2.5.5/bin/ftn
 BLASLIB   : -Wl,-_start-group /opt/intel/compilers_and_libraries_2016.3.210/linux/mkl/lib/intel64/libmkl_intel_ilp64.a /opt/intel/compilers_and_libraries_2016.3.210/linux/mkl/lib/intel64/libmkl_intel_thread.a /opt/intel/compilers_and_libraries_2016.3.210/linux/mkl/lib/intel64/libmkl_core.a -Wl,-_end-group
 id        : lbl

 Nodes     nprocs
 nid00465     1

 Using customized tuning parameters: mindgm=8; mindgv=16; mindgc=4; mindgr=1; noblas=0; minvec=7
 default implementation of scratch files=df  

 ***,Cu
 memory,8,g
 gthresh,twoint=1.e-12
 
 gprint,basis,orbitals
 gexpec,ekin,pot
 
 angstrom
 geometry={
 1                                                                               ! Number of atoms
 Cu 0.0 0.0 0.0
 }
 
 basis={
 Including file /global/homes/a/aannabe/docs/accurate/ccECP_Kh/pps/Cu.pp
                                              !include,/global/homes/a/aannabe/docs/accurate/ccECP_Kh/basis/aug-cc-pVnZ/Cu_tz.basis
 Including file /global/homes/a/aannabe/docs/accurate/ccECP_Kh/basis/cc-pVnZ/Cu_tz.basis
 }
 
 {rhf
  start,atden
  print,orbitals=2
  wf,19,1,1
  occ,4,1,1,1,1,1,1,0
  open,4.1
  sym,1,1,3,2,1
  orbital,4202.2
 }
 pop
 {multi
  start,4202.2
  occ,4,1,1,1,1,1,1,0
  closed,3,1,1,1,1,1,1,0
  wf,19,1,1;state,1
  restrict,1,1,4.1
  natorb,ci,print
  orbital,5202.2
 }
 {rhf,nitord=1,maxit=0
  start,5202.2
  wf,19,1,1
  occ,4,1,1,1,1,1,1,0
  open,4.1
 }
 
 scf(i)=energy
 
 _CC_NORM_MAX=2.0
  !NOTE: Perturbative MRCC works only with UHF reference. So, here we will trick MRCC by doing zero UHF iteration right after ROHF.
 
 {uhf
 maxit,0
 }
 scf(i)=energy
 
 {mrcc,method=CCSDT(Q)
 orbital,ignore_error=1                                                          !Ignore the fact that UHF WF is not converged
 maxit,100
 core
 }
 posthf(i)=energy
 
 table,scf,posthf,ekin,pot
 save,3.csv,new
 
 

 Variables initialized (889), CPU time= 0.00 sec
 Commands  initialized (702), CPU time= 0.01 sec, 572 directives.
 Default parameters read. Elapsed time= 0.25 sec

 Checking input...
 Passed
1


                                         ***  PROGRAM SYSTEM MOLPRO  ***
                                       Copyright, TTI GmbH Stuttgart, 2015
                                    Version 2015.1 linked Sep  7 2016 23:09:38


 **********************************************************************************************************************************
 LABEL *   Cu                                                                            
  64 bit serial version                                                                  DATE: 14-Nov-18          TIME: 03:44:58  
 **********************************************************************************************************************************

 SHA1:             2873118e99aab1bc19f5b6fc1784693c06d15c95
 **********************************************************************************************************************************

 THRESHOLDS:

 ZERO    =  1.00D-12  ONEINT  =  1.00D-12  TWOINT  =  1.00D-12  PREFAC  =  1.00D-14  LOCALI  =  1.00D-09  EORDER  =  1.00D-04
 ENERGY  =  0.00D+00  ETEST   =  0.00D+00  EDENS   =  0.00D+00  THRDEDEF=  1.00D-06  GRADIENT=  1.00D-02  STEP    =  1.00D-03
 ORBITAL =  1.00D-05  CIVEC   =  1.00D-05  COEFF   =  1.00D-04  PRINTCI =  5.00D-02  PUNCHCI =  9.90D+01  OPTGRAD =  3.00D-04
 OPTENERG=  1.00D-06  OPTSTEP =  3.00D-04  THRGRAD =  1.00D-10  COMPRESS=  1.00D-11  VARMIN  =  1.00D-07  VARMAX  =  1.00D-03
 THRDOUB =  0.00D+00  THRDIV  =  1.00D-05  THRRED  =  1.00D-07  THRPSP  =  1.00D+00  THRDC   =  1.00D-10  THRCS   =  1.00D-10
 THRNRM  =  1.00D-08  THREQ   =  0.00D+00  THRDE   =  1.00D+00  THRREF  =  1.00D-05  SPARFAC =  1.00D+00  THRDLP  =  1.00D-07
 THRDIA  =  1.00D-10  THRDLS  =  1.00D-07  THRGPS  =  0.00D+00  THRKEX  =  0.00D+00  THRDIS  =  2.00D-01  THRVAR  =  1.00D-10
 THRLOC  =  1.00D-06  THRGAP  =  1.00D-06  THRLOCT = -1.00D+00  THRGAPT = -1.00D+00  THRORB  =  1.00D-06  THRMLTP =  0.00D+00
 THRCPQCI=  1.00D-10  KEXTA   =  0.00D+00  THRCOARS=  0.00D+00  SYMTOL  =  1.00D-06  GRADTOL =  1.00D-06  THROVL  =  1.00D-08
 THRORTH =  1.00D-08  GRID    =  1.00D-06  GRIDMAX =  1.00D-03  DTMAX   =  0.00D+00  THROCCDE=  1.00D-01  THROCCDE=  1.00D-01



 ZUNIT=ANG
 

Geometry recognized as XYZ


 Variable memory set to 8000000000 words,  buffer space   230000 words

 SETTING BASIS          =    USERDEF


 Recomputing integrals since basis changed


 Using spherical harmonics



 PROGRAM * SEWARD (Integral evaluation for generally contracted gaussian basis sets)     Author: Roland Lindh, 1990

 Geometry written to block  1 of record 700

 Orientation using atomic masses  
 Molecule type: Atom
 Symmetry elements: X,Y,Z
 Rotational constants:       0.0000000      0.0000000      0.0000000 GHz  (calculated with average atomic masses)

 Point group  D2h 



 ATOMIC COORDINATES

 NR  ATOM    CHARGE       X              Y              Z

   1  CU     19.00    0.000000000    0.000000000    0.000000000


          CU  CORE POTENTIAL

          d POTENTIAL

 POWERS             1              3              2              2
 EXPONENTIALS   31.53811       31.06926       30.59036       14.05141    
 COEFFICIENTS   19.00000       599.2241      -244.6892      -1.293495    

          s - d POTENTIAL

 POWERS             2              2
 EXPONENTIALS   12.77236       29.35562    
 COEFFICIENTS   66.27561       370.7137    

          p - d POTENTIAL

 POWERS             2              2
 EXPONENTIALS   12.52471       33.51695    
 COEFFICIENTS   49.76265       271.6628    


 BASIS DATA

   Nr Sym  Nuc  Type         Exponents   Contraction coefficients

    1.1 Ag    1  1s         104.471138     0.000741   -0.000133    0.000210    0.000366    0.000000
    2.1 Ag                   55.955221    -0.013953    0.002999    0.003806    0.006720    0.000000
    3.1 Ag                   30.553953     0.105266   -0.024310   -0.047312   -0.091493    0.000000
    4.1 Ag                   16.942394    -0.129399    0.031986    0.059957    0.142263    0.000000
    5.1 Ag                    9.452707    -0.362738    0.089149    0.250642    0.471881    0.000000
                              5.174537     0.013266   -0.010750   -0.119102   -0.319708    0.000000
                              2.779171     0.489288   -0.128224   -0.314069   -1.068255    0.000000
                              1.441817     0.562088   -0.215720   -0.689300   -0.615049    0.000000
                              0.710674     0.190047   -0.149559    0.403050    2.261282    0.000000
                              0.241540     0.005635    0.142917    1.270440   -0.020059    0.000000
                              0.129621    -0.000582    0.446307   -0.029029   -1.815746    0.000000
                              0.059229    -0.000024    0.484643   -0.622157    0.474174    0.000000
                              0.027110     0.000030    0.093069   -0.442074    0.713597    1.000000
    6.1 Ag    1  1s           1.753253     1.000000
    7.1 Ag    1  1s           4.527313     1.000000
    8.1 Ag    1  3d0        226.693527     0.000015
                             73.010278     0.004108
                             38.536518     0.028223
                             18.726700     0.069323
                              9.155485     0.156045
                              4.540884     0.251238
                              2.241175     0.297463
                              1.085869     0.274981
                              0.510612     0.193098
                              0.229608     0.086393
                              0.095781     0.014645
    9.1 Ag    1  3d2+       226.693527     0.000015
                             73.010278     0.004108
                             38.536518     0.028223
                             18.726700     0.069323
                              9.155485     0.156045
                              4.540884     0.251238
                              2.241175     0.297463
                              1.085869     0.274981
                              0.510612     0.193098
                              0.229608     0.086393
                              0.095781     0.014645
   10.1 Ag    1  3d0        226.693527    -0.000013
                             73.010278    -0.005252
                             38.536518    -0.034982
                             18.726700    -0.088950
                              9.155485    -0.207194
                              4.540884    -0.302597
                              2.241175    -0.179327
                              1.085869     0.169069
                              0.510612     0.405904
                              0.229608     0.341871
                              0.095781     0.117080
   11.1 Ag    1  3d2+       226.693527    -0.000013
                             73.010278    -0.005252
                             38.536518    -0.034982
                             18.726700    -0.088950
                              9.155485    -0.207194
                              4.540884    -0.302597
                              2.241175    -0.179327
                              1.085869     0.169069
                              0.510612     0.405904
                              0.229608     0.341871
                              0.095781     0.117080
   12.1 Ag    1  3d0        226.693527     0.000016
                             73.010278     0.006157
                             38.536518     0.040361
                             18.726700     0.106038
                              9.155485     0.263299
                              4.540884     0.288496
                              2.241175    -0.186745
                              1.085869    -0.591539
                              0.510612    -0.138681
                              0.229608     0.547749
                              0.095781     0.362353
   13.1 Ag    1  3d2+       226.693527     0.000016
                             73.010278     0.006157
                             38.536518     0.040361
                             18.726700     0.106038
                              9.155485     0.263299
                              4.540884     0.288496
                              2.241175    -0.186745
                              1.085869    -0.591539
                              0.510612    -0.138681
                              0.229608     0.547749
                              0.095781     0.362353
   14.1 Ag    1  3d0        226.693527     0.000000
                             73.010278     0.000000
                             38.536518     0.000000
                             18.726700     0.000000
                              9.155485     0.000000
                              4.540884     0.000000
                              2.241175     0.000000
                              1.085869     0.000000
                              0.510612     0.000000
                              0.229608     0.000000
                              0.095781     1.000000
   15.1 Ag    1  3d2+       226.693527     0.000000
                             73.010278     0.000000
                             38.536518     0.000000
                             18.726700     0.000000
                              9.155485     0.000000
                              4.540884     0.000000
                              2.241175     0.000000
                              1.085869     0.000000
                              0.510612     0.000000
                              0.229608     0.000000
                              0.095781     1.000000
   16.1 Ag    1  3d0          2.849045     1.000000
   17.1 Ag    1  3d2+         2.849045     1.000000
   18.1 Ag    1  3d0          5.133828     1.000000
   19.1 Ag    1  3d2+         5.133828     1.000000
   20.1 Ag    1  5g0          3.445758     1.000000
   21.1 Ag    1  5g4+         3.445758     1.000000
   22.1 Ag    1  5g2+         3.445758     1.000000
   23.1 Ag    1  5g0          8.017573     1.000000
   24.1 Ag    1  5g4+         8.017573     1.000000
   25.1 Ag    1  5g2+         8.017573     1.000000
    1.2 B3u   1  2px        159.152840     0.000026    0.000034   -0.000228   -0.000412    0.000000
    2.2 B3u                  83.322776    -0.000402   -0.000129    0.001414    0.001957    0.000000
    3.2 B3u                  44.840311     0.007405   -0.000802   -0.010290    0.000640    0.000000
    4.2 B3u                  25.020360    -0.030714    0.004747    0.043896   -0.036753    0.000000
    5.2 B3u                  13.610016    -0.074348    0.018595    0.052865   -0.147193    0.000000
                              7.761318     0.043430   -0.017692   -0.056565    0.297782    0.000000
                              4.303947     0.289703   -0.052614   -0.480715    0.705271    0.000000
                              2.290080     0.413467   -0.110349   -0.315984    0.196466    0.000000
                              1.202173     0.303762   -0.054701    0.075679   -1.659406    0.000000
                              0.607647     0.093494   -0.026655    1.060747    0.391500    0.000000
                              0.257656     0.006663    0.335880   -0.008061    1.243284    0.000000
                              0.090897     0.000567    0.509478   -0.701601   -0.957529    0.000000
                              0.041925     0.000176    0.302559    0.006941   -0.056091    1.000000
    6.2 B3u   1  2px          2.153325     1.000000
    7.2 B3u   1  2px          8.444453     1.000000
    8.2 B3u   1  4f1+         1.316717     1.000000
    9.2 B3u   1  4f3+         1.316717     1.000000
   10.2 B3u   1  4f1+         5.230236     1.000000
   11.2 B3u   1  4f3+         5.230236     1.000000
   12.2 B3u   1  4f1+        10.218472     1.000000
   13.2 B3u   1  4f3+        10.218472     1.000000
    1.3 B2u   1  2py        159.152840     0.000026    0.000034   -0.000228   -0.000412    0.000000
    2.3 B2u                  83.322776    -0.000402   -0.000129    0.001414    0.001957    0.000000
    3.3 B2u                  44.840311     0.007405   -0.000802   -0.010290    0.000640    0.000000
    4.3 B2u                  25.020360    -0.030714    0.004747    0.043896   -0.036753    0.000000
    5.3 B2u                  13.610016    -0.074348    0.018595    0.052865   -0.147193    0.000000
                              7.761318     0.043430   -0.017692   -0.056565    0.297782    0.000000
                              4.303947     0.289703   -0.052614   -0.480715    0.705271    0.000000
                              2.290080     0.413467   -0.110349   -0.315984    0.196466    0.000000
                              1.202173     0.303762   -0.054701    0.075679   -1.659406    0.000000
                              0.607647     0.093494   -0.026655    1.060747    0.391500    0.000000
                              0.257656     0.006663    0.335880   -0.008061    1.243284    0.000000
                              0.090897     0.000567    0.509478   -0.701601   -0.957529    0.000000
                              0.041925     0.000176    0.302559    0.006941   -0.056091    1.000000
    6.3 B2u   1  2py          2.153325     1.000000
    7.3 B2u   1  2py          8.444453     1.000000
    8.3 B2u   1  4f1-         1.316717     1.000000
    9.3 B2u   1  4f3-         1.316717     1.000000
   10.3 B2u   1  4f1-         5.230236     1.000000
   11.3 B2u   1  4f3-         5.230236     1.000000
   12.3 B2u   1  4f1-        10.218472     1.000000
   13.3 B2u   1  4f3-        10.218472     1.000000
    1.4 B1g   1  3d2-       226.693527     0.000015   -0.000013    0.000016    0.000000
    2.4 B1g                  73.010278     0.004108   -0.005252    0.006157    0.000000
    3.4 B1g                  38.536518     0.028223   -0.034982    0.040361    0.000000
    4.4 B1g                  18.726700     0.069323   -0.088950    0.106038    0.000000
                              9.155485     0.156045   -0.207194    0.263299    0.000000
                              4.540884     0.251238   -0.302597    0.288496    0.000000
                              2.241175     0.297463   -0.179327   -0.186745    0.000000
                              1.085869     0.274981    0.169069   -0.591539    0.000000
                              0.510612     0.193098    0.405904   -0.138681    0.000000
                              0.229608     0.086393    0.341871    0.547749    0.000000
                              0.095781     0.014645    0.117080    0.362353    1.000000
    5.4 B1g   1  3d2-         2.849045     1.000000
    6.4 B1g   1  3d2-         5.133828     1.000000
    7.4 B1g   1  5g2-         3.445758     1.000000
    8.4 B1g   1  5g4-         3.445758     1.000000
    9.4 B1g   1  5g2-         8.017573     1.000000
   10.4 B1g   1  5g4-         8.017573     1.000000
    1.5 B1u   1  2pz        159.152840     0.000026    0.000034   -0.000228   -0.000412    0.000000
    2.5 B1u                  83.322776    -0.000402   -0.000129    0.001414    0.001957    0.000000
    3.5 B1u                  44.840311     0.007405   -0.000802   -0.010290    0.000640    0.000000
    4.5 B1u                  25.020360    -0.030714    0.004747    0.043896   -0.036753    0.000000
    5.5 B1u                  13.610016    -0.074348    0.018595    0.052865   -0.147193    0.000000
                              7.761318     0.043430   -0.017692   -0.056565    0.297782    0.000000
                              4.303947     0.289703   -0.052614   -0.480715    0.705271    0.000000
                              2.290080     0.413467   -0.110349   -0.315984    0.196466    0.000000
                              1.202173     0.303762   -0.054701    0.075679   -1.659406    0.000000
                              0.607647     0.093494   -0.026655    1.060747    0.391500    0.000000
                              0.257656     0.006663    0.335880   -0.008061    1.243284    0.000000
                              0.090897     0.000567    0.509478   -0.701601   -0.957529    0.000000
                              0.041925     0.000176    0.302559    0.006941   -0.056091    1.000000
    6.5 B1u   1  2pz          2.153325     1.000000
    7.5 B1u   1  2pz          8.444453     1.000000
    8.5 B1u   1  4f0          1.316717     1.000000
    9.5 B1u   1  4f2+         1.316717     1.000000
   10.5 B1u   1  4f0          5.230236     1.000000
   11.5 B1u   1  4f2+         5.230236     1.000000
   12.5 B1u   1  4f0         10.218472     1.000000
   13.5 B1u   1  4f2+        10.218472     1.000000
    1.6 B2g   1  3d1+       226.693527     0.000015   -0.000013    0.000016    0.000000
    2.6 B2g                  73.010278     0.004108   -0.005252    0.006157    0.000000
    3.6 B2g                  38.536518     0.028223   -0.034982    0.040361    0.000000
    4.6 B2g                  18.726700     0.069323   -0.088950    0.106038    0.000000
                              9.155485     0.156045   -0.207194    0.263299    0.000000
                              4.540884     0.251238   -0.302597    0.288496    0.000000
                              2.241175     0.297463   -0.179327   -0.186745    0.000000
                              1.085869     0.274981    0.169069   -0.591539    0.000000
                              0.510612     0.193098    0.405904   -0.138681    0.000000
                              0.229608     0.086393    0.341871    0.547749    0.000000
                              0.095781     0.014645    0.117080    0.362353    1.000000
    5.6 B2g   1  3d1+         2.849045     1.000000
    6.6 B2g   1  3d1+         5.133828     1.000000
    7.6 B2g   1  5g1+         3.445758     1.000000
    8.6 B2g   1  5g3+         3.445758     1.000000
    9.6 B2g   1  5g1+         8.017573     1.000000
   10.6 B2g   1  5g3+         8.017573     1.000000
    1.7 B3g   1  3d1-       226.693527     0.000015   -0.000013    0.000016    0.000000
    2.7 B3g                  73.010278     0.004108   -0.005252    0.006157    0.000000
    3.7 B3g                  38.536518     0.028223   -0.034982    0.040361    0.000000
    4.7 B3g                  18.726700     0.069323   -0.088950    0.106038    0.000000
                              9.155485     0.156045   -0.207194    0.263299    0.000000
                              4.540884     0.251238   -0.302597    0.288496    0.000000
                              2.241175     0.297463   -0.179327   -0.186745    0.000000
                              1.085869     0.274981    0.169069   -0.591539    0.000000
                              0.510612     0.193098    0.405904   -0.138681    0.000000
                              0.229608     0.086393    0.341871    0.547749    0.000000
                              0.095781     0.014645    0.117080    0.362353    1.000000
    5.7 B3g   1  3d1-         2.849045     1.000000
    6.7 B3g   1  3d1-         5.133828     1.000000
    7.7 B3g   1  5g1-         3.445758     1.000000
    8.7 B3g   1  5g3-         3.445758     1.000000
    9.7 B3g   1  5g1-         8.017573     1.000000
   10.7 B3g   1  5g3-         8.017573     1.000000
    1.8 Au    1  4f2-         1.316717     1.000000
    2.8 Au    1  4f2-         5.230236     1.000000
    3.8 Au    1  4f2-        10.218472     1.000000

 NUCLEAR CHARGE:                   19
 NUMBER OF PRIMITIVE AOS:         198
 NUMBER OF SYMMETRY AOS:          164
 NUMBER OF CONTRACTIONS:           97   (  25Ag  +  13B3u +  13B2u +  10B1g +  13B1u +  10B2g +  10B3g +   3Au  )
 NUMBER OF CORE ORBITALS:           4   (   1Ag  +   1B3u +   1B2u +   0B1g +   1B1u +   0B2g +   0B3g +   0Au  )
 NUMBER OF VALENCE ORBITALS:        6   (   3Ag  +   0B3u +   0B2u +   1B1g +   0B1u +   1B2g +   1B3g +   0Au  )


 NUCLEAR REPULSION ENERGY    0.00000000

 EXTRA SYMMETRY OF AOS IN SYMMETRY 1:   1 1 1 1 1 1 1 2 3 2   3 2 3 2 3 2 3 2 3 4   5 6 4 5 6
 EXTRA SYMMETRY OF AOS IN SYMMETRY 2:   1 1 1 1 1 1 1 2 3 2   3 2 3
 EXTRA SYMMETRY OF AOS IN SYMMETRY 3:   1 1 1 1 1 1 1 2 3 2   3 2 3
 EXTRA SYMMETRY OF AOS IN SYMMETRY 4:   1 1 1 1 1 1 2 3 2 3
 EXTRA SYMMETRY OF AOS IN SYMMETRY 5:   1 1 1 1 1 1 1 2 3 2   3 2 3
 EXTRA SYMMETRY OF AOS IN SYMMETRY 6:   1 1 1 1 1 1 2 3 2 3
 EXTRA SYMMETRY OF AOS IN SYMMETRY 7:   1 1 1 1 1 1 2 3 2 3

 Eigenvalues of metric

         1 0.337E-02 0.192E-01 0.262E-01 0.262E-01 0.440E-01 0.440E-01 0.187E+00 0.187E+00
         2 0.323E-02 0.767E-01 0.181E+00 0.181E+00 0.226E+00 0.743E+00 0.900E+00 0.900E+00
         3 0.323E-02 0.767E-01 0.181E+00 0.181E+00 0.226E+00 0.743E+00 0.900E+00 0.900E+00
         4 0.262E-01 0.440E-01 0.187E+00 0.379E+00 0.379E+00 0.108E+01 0.162E+01 0.162E+01
         5 0.323E-02 0.767E-01 0.181E+00 0.181E+00 0.226E+00 0.743E+00 0.900E+00 0.900E+00
         6 0.262E-01 0.440E-01 0.187E+00 0.379E+00 0.379E+00 0.108E+01 0.162E+01 0.162E+01
         7 0.262E-01 0.440E-01 0.187E+00 0.379E+00 0.379E+00 0.108E+01 0.162E+01 0.162E+01
         8 0.181E+00 0.900E+00 0.192E+01


 Contracted 2-electron integrals neglected if value below      1.0D-12
 AO integral compression algorithm  1   Integral accuracy      1.0D-12

     14.418 MB (compressed) written to integral file ( 66.1%)


 NUMBER OF SORTED TWO-ELECTRON INTEGRALS:    1497820.     BUFFER LENGTH:  32768
 NUMBER OF SEGMENTS:   1  SEGMENT LENGTH:    1497820      RECORD LENGTH: 524288

 Memory used in sort:       2.05 MW

 SORT1 READ     2746375. AND WROTE     1138997. INTEGRALS IN      4 RECORDS. CPU TIME:     0.08 SEC, REAL TIME:     0.11 SEC
 SORT2 READ     1138997. AND WROTE     1497820. INTEGRALS IN     55 RECORDS. CPU TIME:     0.09 SEC, REAL TIME:     0.19 SEC

 FILE SIZES:   FILE 1:    33.7 MBYTE,  FILE 4:    16.8 MBYTE,   TOTAL:     50.6 MBYTE

 OPERATOR DM      FOR CENTER  0  COORDINATES:    0.000000    0.000000    0.000000
 OPERATOR EKIN    FOR CENTER  0  COORDINATES:    0.000000    0.000000    0.000000
 OPERATOR POT     FOR CENTER  0  COORDINATES:    0.000000    0.000000    0.000000


 **********************************************************************************************************************************
 DATASETS  * FILE   NREC   LENGTH (MB)   RECORD NAMES
              1      20       27.00       500      610      700      900      950      970     1000      129      960     1100   
                                          VAR    BASINP    GEOM    SYMINP    ZMAT    AOBASIS   BASIS     P2S    ABASIS      S 
                                         1400     1410     1420     1200     1210     1080     1600     1650     1300     1700   
                                         EKIN       V       ECP      H0       H01     AOSYM     SMH    MOLCAS    ERIS     OPER   

 PROGRAMS   *        TOTAL       INT
 CPU TIMES  *         3.57      3.44
 REAL TIME  *        15.30 SEC
 DISK USED  *        50.86 MB      
 **********************************************************************************************************************************


 PROGRAM * RHF-SCF (OPEN SHELL)       Authors: W. Meyer, H.-J. Werner


 NUMBER OF ELECTRONS:      10+    9-    SPACE SYMMETRY=1    SPIN SYMMETRY: Doublet 
 CONVERGENCE THRESHOLDS:    1.00E-05 (Density)    1.00E-07 (Energy)
 MAX. NUMBER OF ITERATIONS:       60
 INTERPOLATION TYPE:            DIIS
 INTERPOLATION STEPS:              2 (START)      1 (STEP)
 LEVEL SHIFTS:                 -0.60 (CLOSED) -0.30 (OPEN) 


 Singly occupied orbitals:      4.1
 
 Extra symmetries of mos in symmetry 1:   1   3   2   1

   Atom=CU basis=cc-pVTZ-PP        lmin=0  lmax=2

 Orbital guess generated from atomic densities. Full valence occupancy:    4   1   1   1   1   1   1   0


 Molecular orbital dump at record        4202.2

 ITERATION    DDIFF          GRAD             ENERGY        2-EL.EN.            DIPOLE MOMENTS         DIIS   ORB.
    1      0.000D+00      0.000D+00      -195.20785969    307.210529    0.00000    0.00000    0.00000    0    start
    2      0.000D+00      0.556D-01      -195.24710414    326.894432    0.00000    0.00000    0.00000    1    diag,B
    3      0.156D-01      0.536D-01      -195.33576101    319.137857    0.00000    0.00000    0.00000    2    diag,B
    4      0.636D-02      0.391D-02      -195.33686753    318.903241    0.00000    0.00000    0.00000    3    diag,B
    5      0.311D-02      0.665D-03      -195.33722826    319.054446    0.00000    0.00000    0.00000    4    diag,B
    6      0.340D-02      0.232D-03      -195.33734566    319.152398    0.00000    0.00000    0.00000    5    diag,B
    7      0.278D-02      0.929D-04      -195.33736668    319.185098    0.00000    0.00000    0.00000    6    fixocc
    8      0.123D-02      0.381D-04      -195.33736988    319.200773    0.00000    0.00000    0.00000    7    diag,B
    9      0.603D-03      0.390D-05      -195.33736988    319.200912    0.00000    0.00000    0.00000    8    diag,B
   10      0.840D-05      0.507D-06      -195.33736988    319.200911    0.00000    0.00000    0.00000    0    orth

 Final alpha occupancy:   4   1   1   1   1   1   1   0
 Final beta  occupancy:   3   1   1   1   1   1   1   0

 !RHF STATE 1.1 Energy               -195.337369884688
 Nuclear energy                         0.00000000
 One-electron energy                 -354.93782542
 Two-electron energy                  159.60045553
 Virial quotient                       -1.50189592
 !RHF STATE 1.1 Dipole moment           0.00000000     0.00000000     0.00000000
 Dipole moment /Debye                   0.00000000     0.00000000     0.00000000
 

 !RHF expec          <1.1|EKIN|1.1>   130.060523961906
 
 !RHF expec           <1.1|POT|1.1>   -26.460805493041

 ELECTRON ORBITALS
 =================


   Orb  Occ    Energy  Couls-En    Coefficients

                                   1 1s      1 1s      1 1s      1 1s      1 1s      1 1s      1 1s      1 3d0     1 3d2+    1 3d0  
                                   1 3d2+    1 3d0     1 3d2+    1 3d0     1 3d2+    1 3d0     1 3d2+    1 3d0     1 3d2+    1 5g0  
                                   1 5g4+    1 5g2+    1 5g0     1 5g4+    1 5g2+ 

   1.1   2    -5.2080  -28.7579  1.002291  0.007182  0.004455  0.004300 -0.002550 -0.003214  0.001709  0.000000  0.000000 -0.000000
                                -0.000000 -0.000000 -0.000000  0.000000  0.000000 -0.000000 -0.000000  0.000000  0.000000 -0.000000
                                 0.000000  0.000000  0.000000 -0.000000  0.000000

   2.1   2    -0.4809  -17.6806 -0.000000 -0.000000  0.000000 -0.000000  0.000000  0.000000 -0.000000 -0.023709  0.994078 -0.001199
                                 0.050287 -0.000492  0.020628 -0.000128  0.005350 -0.000110  0.004612  0.000010 -0.000403  0.000000
                                 0.000000 -0.000000 -0.000000  0.000000  0.000000

   3.1   2    -0.4809  -17.6806  0.000000  0.000000 -0.000000  0.000000 -0.000000 -0.000000  0.000000  0.994078  0.023709  0.050287
                                 0.001199  0.020628  0.000492  0.005350  0.000128  0.004612  0.000110 -0.000403 -0.000010 -0.000000
                                -0.000000 -0.000000  0.000000  0.000000  0.000000

   4.1   +    -0.2447   -7.0157 -0.008594  0.935459 -0.092852  0.019250  0.067623 -0.008606  0.002798 -0.000000  0.000000 -0.000000
                                 0.000000 -0.000000  0.000000 -0.000000  0.000000 -0.000000  0.000000  0.000000 -0.000000 -0.000000
                                 0.000000 -0.000000 -0.000000 -0.000000  0.000000

   5.1   0     0.0888   -3.2933 -0.489861 -2.478735  0.683664 -0.276697  2.918439  0.142894 -0.138008  0.000000 -0.000000  0.000000
                                -0.000000  0.000000 -0.000000 -0.000000 -0.000000  0.000000 -0.000000 -0.000000 -0.000000  0.000000
                                -0.000000  0.000000 -0.000000  0.000000 -0.000000

   6.1   0     0.2883   -4.2805  0.000000  0.000000 -0.000000  0.000000 -0.000000 -0.000000  0.000000 -0.212284 -0.000021 -0.197182
                                -0.000019 -0.160576 -0.000016  1.210641  0.000118 -0.093641 -0.000009  0.027933  0.000003 -0.000000
                                -0.000000  0.000000  0.000000  0.000000 -0.000000

                                   1 2px     1 2px     1 2px     1 2px     1 2px     1 2px     1 2px     1 4f1+    1 4f3+    1 4f1+ 
                                   1 4f3+    1 4f1+    1 4f3+ 

   1.2   2    -3.3779  -24.8895  1.008250  0.023289  0.019823 -0.000549 -0.006738 -0.008807  0.001354 -0.000000 -0.000000  0.000000
                                 0.000000  0.000000 -0.000000

   2.2   0     0.0509   -4.0605 -0.128867  0.014453  0.046572  0.041013  1.025451  0.064947 -0.009528  0.000000  0.000000 -0.000000
                                 0.000000  0.000000 -0.000000

   3.2   0     0.2624   -5.0336  0.441743  2.086711 -0.377664 -0.259546 -2.058346 -0.361260  0.049626  0.000000 -0.000000  0.000000
                                -0.000000  0.000000 -0.000000

                                   1 2py     1 2py     1 2py     1 2py     1 2py     1 2py     1 2py     1 4f1-    1 4f3-    1 4f1- 
                                   1 4f3-    1 4f1-    1 4f3- 

   1.3   2    -3.3779  -24.8895  1.008250  0.023289  0.019823 -0.000549 -0.006738 -0.008807  0.001354 -0.000000  0.000000  0.000000
                                -0.000000  0.000000  0.000000

   2.3   0     0.0509   -4.0605 -0.128867  0.014453  0.046572  0.041013  1.025451  0.064947 -0.009528  0.000000 -0.000000 -0.000000
                                -0.000000  0.000000  0.000000

   3.3   0     0.2624   -5.0336  0.441743  2.086711 -0.377664 -0.259546 -2.058346 -0.361260  0.049626  0.000000  0.000000  0.000000
                                 0.000000  0.000000  0.000000

                                   1 3d2-    1 3d2-    1 3d2-    1 3d2-    1 3d2-    1 3d2-    1 5g2-    1 5g4-    1 5g2-    1 5g4- 


   1.4   2    -0.4809  -17.6806  0.994360  0.050301  0.020634  0.005351  0.004613 -0.000403 -0.000000  0.000000  0.000000  0.000000

   2.4   0     0.2883   -4.2805 -0.212284 -0.197182 -0.160576  1.210641 -0.093641  0.027933 -0.000000 -0.000000 -0.000000 -0.000000

   3.4   0     1.1639   -6.8081 -0.145360  1.521770  1.097656 -1.343836  0.568646 -0.144257 -0.000000  0.000000  0.000000 -0.000000

                                   1 2pz     1 2pz     1 2pz     1 2pz     1 2pz     1 2pz     1 2pz     1 4f0     1 4f2+    1 4f0  
                                   1 4f2+    1 4f0     1 4f2+ 

   1.5   2    -3.3779  -24.8895  1.008250  0.023289  0.019823 -0.000549 -0.006738 -0.008807  0.001354 -0.000000  0.000000 -0.000000
                                 0.000000  0.000000  0.000000

   2.5   0     0.0509   -4.0605 -0.128867  0.014453  0.046572  0.041013  1.025451  0.064947 -0.009528 -0.000000 -0.000000 -0.000000
                                -0.000000  0.000000 -0.000000

   3.5   0     0.2624   -5.0336  0.441743  2.086711 -0.377664 -0.259546 -2.058346 -0.361260  0.049626  0.000000 -0.000000 -0.000000
                                -0.000000 -0.000000 -0.000000

                                   1 3d1+    1 3d1+    1 3d1+    1 3d1+    1 3d1+    1 3d1+    1 5g1+    1 5g3+    1 5g1+    1 5g3+ 


   1.6   2    -0.4809  -17.6806  0.994360  0.050301  0.020634  0.005351  0.004613 -0.000403 -0.000000 -0.000000  0.000000 -0.000000

   2.6   0     0.2883   -4.2805 -0.212284 -0.197182 -0.160576  1.210641 -0.093641  0.027933 -0.000000 -0.000000  0.000000  0.000000

   3.6   0     1.1639   -6.8081 -0.145360  1.521770  1.097656 -1.343836  0.568646 -0.144257  0.000000  0.000000 -0.000000 -0.000000

                                   1 3d1-    1 3d1-    1 3d1-    1 3d1-    1 3d1-    1 3d1-    1 5g1-    1 5g3-    1 5g1-    1 5g3- 


   1.7   2    -0.4809  -17.6806  0.994360  0.050301  0.020634  0.005351  0.004613 -0.000403 -0.000000  0.000000  0.000000  0.000000

   2.7   0     0.2883   -4.2805 -0.212284 -0.197182 -0.160576  1.210641 -0.093641  0.027933 -0.000000  0.000000  0.000000 -0.000000

   3.7   0     1.1639   -6.8081 -0.145360  1.521770  1.097656 -1.343836  0.568646 -0.144257  0.000000 -0.000000 -0.000000  0.000000

                                   1 4f2-    1 4f2-    1 4f2- 

   1.8   0     4.0963   -5.9947  0.994082  0.001453  0.036042

   2.8   0    14.7204    8.8963 -0.451657  1.199911 -0.151464

 HOMO      4.1    -0.244686 =      -6.6583eV
 LUMO      2.2     0.050933 =       1.3860eV
 LUMO-HOMO         0.295619 =       8.0442eV


 **********************************************************************************************************************************
 DATASETS  * FILE   NREC   LENGTH (MB)   RECORD NAMES
              1      20       27.00       500      610      700      900      950      970     1000      129      960     1100   
                                          VAR    BASINP    GEOM    SYMINP    ZMAT    AOBASIS   BASIS     P2S    ABASIS      S 
                                         1400     1410     1420     1200     1210     1080     1600     1650     1300     1700   
                                         EKIN       V       ECP      H0       H01     AOSYM     SMH    MOLCAS    ERIS     OPER   

              2       4        2.81       700     1000      520     4202   
                                         GEOM     BASIS   MCVARS     RHF  

 PROGRAMS   *        TOTAL       RHF       INT
 CPU TIMES  *         3.67      0.10      3.44
 REAL TIME  *        15.58 SEC
 DISK USED  *        50.86 MB      
 **********************************************************************************************************************************


 PROGRAM * POP (Mulliken population analysis)

 
 Density matrix read from record         4202.2  Type=RHF/CHARGE (state 1.1)
 
 Population analysis by basis function type

 Unique atom        s        p        d        f        g    Total    Charge
   1  CU      3.00000  6.00000 10.00000  0.00000  0.00000 19.00000  - 0.00000


 **********************************************************************************************************************************
 DATASETS  * FILE   NREC   LENGTH (MB)   RECORD NAMES
              1      20       27.00       500      610      700      900      950      970     1000      129      960     1100   
                                          VAR    BASINP    GEOM    SYMINP    ZMAT    AOBASIS   BASIS     P2S    ABASIS      S 
                                         1400     1410     1420     1200     1210     1080     1600     1650     1300     1700   
                                         EKIN       V       ECP      H0       H01     AOSYM     SMH    MOLCAS    ERIS     OPER   

              2       4        2.81       700     1000      520     4202   
                                         GEOM     BASIS   MCVARS     RHF  

 PROGRAMS   *        TOTAL       POP       RHF       INT
 CPU TIMES  *         3.67      0.00      0.10      3.44
 REAL TIME  *        15.60 SEC
 DISK USED  *        50.86 MB      
 **********************************************************************************************************************************


 PROGRAM * MULTI (Direct Multiconfiguration SCF)       Authors: P.J. Knowles, H.-J. Werner (1984)     S.T. Elbert (1988)


 Number of closed-shell orbitals:   9 (   3   1   1   1   1   1   1   0 )
 Number of active  orbitals:        1 (   1   0   0   0   0   0   0   0 )
 Number of external orbitals:      87 (  21  12  12   9  12   9   9   3 )

 State symmetry 1

 Orbital occupancy restrictions for symmetry 1
  1      1       2                               

 Number of electrons:     1    Spin symmetry=Doublet   Space symmetry=1
 Number of states:        1
 Number of CSFs:          1
 
 Maximum number of shells:             1
 Maximum number of spin couplings:     1

 Storage for configuration lists       2, coupling coefficients      1, address lists      7

 Molecular orbitals read from record     4202.2  Type=RHF/CANONICAL (state 1.1)
 *** IN SYMMETRY 1 ORBITAL  2 SYMMETRY CONTAMINATION OF 0.233D-01 HAS BEEN REMOVED
 *** IN SYMMETRY 1 ORBITAL  3 SYMMETRY CONTAMINATION OF 0.233D-01 HAS BEEN REMOVED

 EXTRA SYMMETRY OF MOS IN SYMMETRY 1:   1 3 2 1 1 2 3 1 2 3   1 2 3 1 2 3 5 4 6 3   2 4 6 5 1
 EXTRA SYMMETRY OF MOS IN SYMMETRY 2:   1 1 1 1 3 2 1 2 3 1   2 3 1
 EXTRA SYMMETRY OF MOS IN SYMMETRY 3:   1 1 1 1 3 2 1 2 3 1   2 3 1
 EXTRA SYMMETRY OF MOS IN SYMMETRY 4:   1 1 1 1 1 3 2 1 2 3
 EXTRA SYMMETRY OF MOS IN SYMMETRY 5:   1 1 1 1 3 2 1 2 3 1   2 3 1
 EXTRA SYMMETRY OF MOS IN SYMMETRY 6:   1 1 1 1 1 3 2 1 2 3
 EXTRA SYMMETRY OF MOS IN SYMMETRY 7:   1 1 1 1 1 3 2 1 2 3

 Wavefunction dump at record             5202.2

 Convergence thresholds  0.10E-01 (gradient)  0.10E-05 (energy)  0.10E-02 (step length)

 Number of orbital rotations:      150   (     3 Core/Active    126 Core/Virtual   0 Active/Active     21 Active/Virtual)
 Total number of variables:        151


 ITER. MIC  NCI  NEG     ENERGY(VAR)     ENERGY(PROJ)   ENERGY CHANGE     GRAD(0)  GRAD(ORB)   GRAD(CI)     STEP       TIME

   1   26    4    0    -195.33736988    -195.33736988   -0.00000000    0.00000644 0.00000000 0.00000000  0.11D-04      0.04

 ** WVFN ****  CONVERGENCE REACHED, FINAL GRADIENT:  0.90D-11


 First order charge density matrix for state 1.1 saved on record  5202.2 (density set 1)

 Results for state 1.1
 =====================

 !MCSCF STATE 1.1 Energy             -195.337369884750
 Nuclear energy                         0.00000000
 Kinetic energy                       130.06051991
 One electron energy                 -354.93783011
 Two electron energy                  159.60046022
 Virial ratio                           2.50189596

 !MCSCF STATE 1.1 Dipole moment         0.00000000     0.00000000     0.00000000
 Dipole moment /Debye                   0.00000000     0.00000000     0.00000000

 !MCSCF expec        <1.1|EKIN|1.1>   130.060519913561

 !MCSCF expec         <1.1|POT|1.1>   -26.460805839179


 NATURAL ORBITALS
 ================

   Orb     Occ        Energy       Coefficients

                                   1 1s      1 1s      1 1s      1 1s      1 1s      1 1s      1 1s      1 3d0     1 3d2+    1 3d0  
                                   1 3d2+    1 3d0     1 3d2+    1 3d0     1 3d2+    1 3d0     1 3d2+    1 3d0     1 3d2+    1 5g0  
                                   1 5g4+    1 5g2+    1 5g0     1 5g4+    1 5g2+ 

   1.1  2.00000    -5.207967     1.002291  0.007182  0.004455  0.004300 -0.002549 -0.003214  0.001709  0.000000  0.000000  0.000000
                                 0.000000  0.000000  0.000000  0.000000  0.000000  0.000000  0.000000  0.000000  0.000000  0.000000
                                 0.000000  0.000000  0.000000  0.000000  0.000000

   2.1  2.00000    -0.480886     0.000000  0.000000  0.000000  0.000000  0.000000  0.000000  0.000000  0.000000  0.994360  0.000000
                                 0.050301  0.000000  0.020634  0.000000  0.005351  0.000000  0.004614  0.000000 -0.000403  0.000000
                                 0.000000  0.000000  0.000000  0.000000  0.000000

   3.1  2.00000    -0.480886     0.000000  0.000000  0.000000  0.000000  0.000000  0.000000  0.000000  0.994360  0.000000  0.050301
                                 0.000000  0.020634  0.000000  0.005351  0.000000  0.004614  0.000000 -0.000403  0.000000  0.000000
                                 0.000000  0.000000  0.000000  0.000000  0.000000

   4.1  1.00000    -0.105528    -0.008605  0.935419 -0.092827  0.019240  0.067673 -0.008600  0.002793  0.000000  0.000000  0.000000
                                 0.000000  0.000000  0.000000  0.000000  0.000000  0.000000  0.000000  0.000000  0.000000  0.000000
                                 0.000000  0.000000  0.000000  0.000000  0.000000

                                   1 2px     1 2px     1 2px     1 2px     1 2px     1 2px     1 2px     1 4f1+    1 4f3+    1 4f1+ 
                                   1 4f3+    1 4f1+    1 4f3+ 

   1.2  2.00000    -3.377905     1.008250  0.023289  0.019823 -0.000549 -0.006738 -0.008807  0.001354  0.000000  0.000000  0.000000
                                 0.000000  0.000000  0.000000

                                   1 2py     1 2py     1 2py     1 2py     1 2py     1 2py     1 2py     1 4f1-    1 4f3-    1 4f1- 
                                   1 4f3-    1 4f1-    1 4f3- 

   1.3  2.00000    -3.377905     1.008250  0.023289  0.019823 -0.000549 -0.006738 -0.008807  0.001354  0.000000  0.000000  0.000000
                                 0.000000  0.000000  0.000000

                                   1 3d2-    1 3d2-    1 3d2-    1 3d2-    1 3d2-    1 3d2-    1 5g2-    1 5g4-    1 5g2-    1 5g4- 


   1.4  2.00000    -0.480886     0.994360  0.050301  0.020634  0.005351  0.004614 -0.000403  0.000000  0.000000  0.000000  0.000000

                                   1 2pz     1 2pz     1 2pz     1 2pz     1 2pz     1 2pz     1 2pz     1 4f0     1 4f2+    1 4f0  
                                   1 4f2+    1 4f0     1 4f2+ 

   1.5  2.00000    -3.377905     1.008250  0.023289  0.019823 -0.000549 -0.006738 -0.008807  0.001354  0.000000  0.000000  0.000000
                                 0.000000  0.000000  0.000000

                                   1 3d1+    1 3d1+    1 3d1+    1 3d1+    1 3d1+    1 3d1+    1 5g1+    1 5g3+    1 5g1+    1 5g3+ 


   1.6  2.00000    -0.480886     0.994360  0.050301  0.020634  0.005351  0.004614 -0.000403  0.000000  0.000000  0.000000  0.000000

                                   1 3d1-    1 3d1-    1 3d1-    1 3d1-    1 3d1-    1 3d1-    1 5g1-    1 5g3-    1 5g1-    1 5g3- 


   1.7  2.00000    -0.480886     0.994360  0.050301  0.020634  0.005351  0.004614 -0.000403  0.000000  0.000000  0.000000  0.000000
 

 EXTRA SYMMETRY OF MOS IN SYMMETRY 1:   1 3 2 1 1 2 3 1 2 3   1 2 3 1 2 3 4 5 6 3   2 5 4 6 1
 EXTRA SYMMETRY OF MOS IN SYMMETRY 2:   1 1 1 1 2 3 1 3 2 1   2 3 1
 EXTRA SYMMETRY OF MOS IN SYMMETRY 3:   1 1 1 1 2 3 1 3 2 1   3 2 1
 EXTRA SYMMETRY OF MOS IN SYMMETRY 4:   1 1 1 1 1 3 2 1 3 2
 EXTRA SYMMETRY OF MOS IN SYMMETRY 5:   1 1 1 1 2 3 1 2 3 1   2 3 1
 EXTRA SYMMETRY OF MOS IN SYMMETRY 6:   1 1 1 1 1 3 2 1 3 2
 EXTRA SYMMETRY OF MOS IN SYMMETRY 7:   1 1 1 1 1 3 2 1 3 2

 Natural orbital dump at molpro section  5202.2    (Orbital set 2)


 CI vector
 =========

 /             1.0000000


 **********************************************************************************************************************************
 DATASETS  * FILE   NREC   LENGTH (MB)   RECORD NAMES
              1      21       27.85       500      610      700      900      950      970     1000      129      960     1100   
                                          VAR    BASINP    GEOM    SYMINP    ZMAT    AOBASIS   BASIS     P2S    ABASIS      S 
                                         1400     1410     1420     1200     1210     1080     1600     1650     1300     1700   
                                         EKIN       V       ECP      H0       H01     AOSYM     SMH    MOLCAS    ERIS     OPER   
                                         1380   
                                         JKOP   

              2       5        5.35       700     1000      520     4202     5202   
                                         GEOM     BASIS   MCVARS     RHF     MCSCF   

 PROGRAMS   *        TOTAL     MULTI       POP       RHF       INT
 CPU TIMES  *         3.78      0.10      0.00      0.10      3.44
 REAL TIME  *        16.13 SEC
 DISK USED  *        50.86 MB      
 **********************************************************************************************************************************


 PROGRAM * RHF-SCF (OPEN SHELL)       Authors: W. Meyer, H.-J. Werner


 NUMBER OF ELECTRONS:      10+    9-    SPACE SYMMETRY=1    SPIN SYMMETRY: Doublet 
 CONVERGENCE THRESHOLDS:    1.00E-05 (Density)    1.00E-07 (Energy)
 MAX. NUMBER OF ITERATIONS:        0
 INTERPOLATION TYPE:            DIIS
 INTERPOLATION STEPS:              2 (START)      1 (STEP)
 LEVEL SHIFTS:                 -0.60 (CLOSED) -0.30 (OPEN) 


 Singly occupied orbitals:      4.1
 Molecular orbitals read from record     5202.2  Type=MCSCF/NATURAL (state 1.1)

 Molecular orbital dump at record        2101.2

 ITERATION    DDIFF          GRAD             ENERGY        2-EL.EN.            DIPOLE MOMENTS         DIIS   ORB.
    1      0.000D+00      0.000D+00      -195.33736988    319.200920    0.00000    0.00000    0.00000    0    start

 Final alpha occupancy:   4   1   1   1   1   1   1   0
 Final beta  occupancy:   3   1   1   1   1   1   1   0

 !RHF STATE 1.1 Energy               -195.337369884749
 Nuclear energy                         0.00000000
 One-electron energy                 -354.93783011
 Two-electron energy                  159.60046022
 Virial quotient                       -1.50189596
 !RHF STATE 1.1 Dipole moment           0.00000000     0.00000000     0.00000000
 Dipole moment /Debye                   0.00000000     0.00000000     0.00000000
 

 !RHF expec          <1.1|EKIN|1.1>   130.060519913561
 
 !RHF expec           <1.1|POT|1.1>   -26.460805839179

 ELECTRON ORBITALS
 =================


   Orb  Occ    Energy  Couls-En    Coefficients

                                   1 1s      1 1s      1 1s      1 1s      1 1s      1 1s      1 1s      1 3d0     1 3d2+    1 3d0  
                                   1 3d2+    1 3d0     1 3d2+    1 3d0     1 3d2+    1 3d0     1 3d2+    1 3d0     1 3d2+    1 5g0  
                                   1 5g4+    1 5g2+    1 5g0     1 5g4+    1 5g2+ 

   1.1   2    -5.2080  -28.7579  1.002291  0.007182  0.004455  0.004300 -0.002549 -0.003214  0.001709  0.000000  0.000000  0.000000
                                 0.000000  0.000000  0.000000  0.000000  0.000000  0.000000  0.000000  0.000000  0.000000  0.000000
                                 0.000000  0.000000  0.000000  0.000000  0.000000

   2.1   2    -0.4809  -17.6806  0.000000  0.000000  0.000000  0.000000  0.000000  0.000000  0.000000  0.000000  0.994360  0.000000
                                 0.050301  0.000000  0.020634  0.000000  0.005351  0.000000  0.004614  0.000000 -0.000403  0.000000
                                 0.000000  0.000000  0.000000  0.000000  0.000000

   3.1   2    -0.4809  -17.6806  0.000000  0.000000  0.000000  0.000000  0.000000  0.000000  0.000000  0.994360  0.000000  0.050301
                                 0.000000  0.020634  0.000000  0.005351  0.000000  0.004614  0.000000 -0.000403  0.000000  0.000000
                                 0.000000  0.000000  0.000000  0.000000  0.000000

   4.1   +    -0.1055   -6.8765 -0.008605  0.935419 -0.092827  0.019240  0.067673 -0.008600  0.002793  0.000000  0.000000  0.000000
                                 0.000000  0.000000  0.000000  0.000000  0.000000  0.000000  0.000000  0.000000  0.000000  0.000000
                                 0.000000  0.000000  0.000000  0.000000  0.000000

                                   1 2px     1 2px     1 2px     1 2px     1 2px     1 2px     1 2px     1 4f1+    1 4f3+    1 4f1+ 
                                   1 4f3+    1 4f1+    1 4f3+ 

   1.2   2    -3.3779  -24.8895  1.008250  0.023289  0.019823 -0.000549 -0.006738 -0.008807  0.001354  0.000000  0.000000  0.000000
                                 0.000000  0.000000  0.000000

                                   1 2py     1 2py     1 2py     1 2py     1 2py     1 2py     1 2py     1 4f1-    1 4f3-    1 4f1- 
                                   1 4f3-    1 4f1-    1 4f3- 

   1.3   2    -3.3779  -24.8895  1.008250  0.023289  0.019823 -0.000549 -0.006738 -0.008807  0.001354  0.000000  0.000000  0.000000
                                 0.000000  0.000000  0.000000

                                   1 3d2-    1 3d2-    1 3d2-    1 3d2-    1 3d2-    1 3d2-    1 5g2-    1 5g4-    1 5g2-    1 5g4- 


   1.4   2    -0.4809  -17.6806  0.994360  0.050301  0.020634  0.005351  0.004614 -0.000403  0.000000  0.000000  0.000000  0.000000

                                   1 2pz     1 2pz     1 2pz     1 2pz     1 2pz     1 2pz     1 2pz     1 4f0     1 4f2+    1 4f0  
                                   1 4f2+    1 4f0     1 4f2+ 

   1.5   2    -3.3779  -24.8895  1.008250  0.023289  0.019823 -0.000549 -0.006738 -0.008807  0.001354  0.000000  0.000000  0.000000
                                 0.000000  0.000000  0.000000

                                   1 3d1+    1 3d1+    1 3d1+    1 3d1+    1 3d1+    1 3d1+    1 5g1+    1 5g3+    1 5g1+    1 5g3+ 


   1.6   2    -0.4809  -17.6806  0.994360  0.050301  0.020634  0.005351  0.004614 -0.000403  0.000000  0.000000  0.000000  0.000000

                                   1 3d1-    1 3d1-    1 3d1-    1 3d1-    1 3d1-    1 3d1-    1 5g1-    1 5g3-    1 5g1-    1 5g3- 


   1.7   2    -0.4809  -17.6806  0.994360  0.050301  0.020634  0.005351  0.004614 -0.000403  0.000000  0.000000  0.000000  0.000000

 HOMO      4.1    -0.105528 =      -2.8716eV
 LUMO      2.2     0.066869 =       1.8196eV
 LUMO-HOMO         0.172397 =       4.6912eV


 **********************************************************************************************************************************
 DATASETS  * FILE   NREC   LENGTH (MB)   RECORD NAMES
              1      21       27.85       500      610      700      900      950      970     1000      129      960     1100   
                                          VAR    BASINP    GEOM    SYMINP    ZMAT    AOBASIS   BASIS     P2S    ABASIS      S 
                                         1400     1410     1420     1200     1210     1080     1600     1650     1300     1700   
                                         EKIN       V       ECP      H0       H01     AOSYM     SMH    MOLCAS    ERIS     OPER   
                                         1380   
                                         JKOP   

              2       6        7.89       700     1000      520     4202     5202     2101   
                                         GEOM     BASIS   MCVARS     RHF     MCSCF     RHF  

 PROGRAMS   *        TOTAL       RHF     MULTI       POP       RHF       INT
 CPU TIMES  *         3.81      0.03      0.10      0.00      0.10      3.44
 REAL TIME  *        16.92 SEC
 DISK USED  *        50.86 MB      
 **********************************************************************************************************************************
 SETTING SCF(I)         =      -195.33736988  AU                              
 SETTING _CC_NORM_MAX   =         2.00000000                                  


 PROGRAM * UHF-SCF       Authors: W. Meyer, H.-J. Werner


 NUMBER OF ELECTRONS:      10+    9-    SPACE SYMMETRY=1    SPIN SYMMETRY: Doublet 
 CONVERGENCE THRESHOLDS:    1.00E-05 (Density)    1.00E-07 (Energy)
 MAX. NUMBER OF ITERATIONS:        0
 INTERPOLATION TYPE:            DIIS
 INTERPOLATION STEPS:              2 (START)      1 (STEP)
 LEVEL SHIFTS:                  0.20 (ALPHA)   0.20 (BETA) 



 Molecular orbitals read from record     2101.2  Type=RHF/CANONICAL (state 1.1)

 Molecular orbital dump at record        2200.2

 Initial alpha occupation   4   1   1   1   1   1   1   0
 Initial beta  occupation   3   1   1   1   1   1   1   0

 ITERATION    DDIFF          GRAD             ENERGY        2-EL.EN.            DIPOLE MOMENTS         DIIS
    1      0.000D+00      0.000D+00      -195.33736988    319.200920    0.00000    0.00000    0.00000    0
 
 Final alpha occupancy:   4   1   1   1   1   1   1   0
 Final beta  occupancy:   3   1   1   1   1   1   1   0

 !UHF STATE 1.1 Energy               -195.337369884749
 Nuclear energy                         0.00000000
 One-electron energy                 -354.93783011
 Two-electron energy                  159.60046022
 Virial quotient                       -1.50189596
 !UHF STATE 1.1 Dipole moment           0.00000000     0.00000000     0.00000000
 Dipole moment /Debye                   0.00000000     0.00000000     0.00000000
 

 !UHF expec          <1.1|EKIN|1.1>   130.060519913561
 
 !UHF expec           <1.1|POT|1.1>   -26.460805839179

 ELECTRON ORBITALS FOR POSITIVE SPIN
 ===================================


   Orb  Occ    Energy  Couls-En    Coefficients

                                   1 1s      1 1s      1 1s      1 1s      1 1s      1 1s      1 1s      1 3d0     1 3d2+    1 3d0  
                                   1 3d2+    1 3d0     1 3d2+    1 3d0     1 3d2+    1 3d0     1 3d2+    1 3d0     1 3d2+    1 5g0  
                                   1 5g4+    1 5g2+    1 5g0     1 5g4+    1 5g2+ 

   1.1   +    -5.2080  -28.7579  1.002291  0.007182  0.004455  0.004300 -0.002549 -0.003214  0.001709  0.000000  0.000000  0.000000
                                 0.000000  0.000000  0.000000  0.000000  0.000000  0.000000  0.000000  0.000000  0.000000  0.000000
                                 0.000000  0.000000  0.000000  0.000000  0.000000

   2.1   +    -0.4809  -17.6806  0.000000  0.000000  0.000000  0.000000  0.000000  0.000000  0.000000  0.000000  0.994360  0.000000
                                 0.050301  0.000000  0.020634  0.000000  0.005351  0.000000  0.004614  0.000000 -0.000403  0.000000
                                 0.000000  0.000000  0.000000  0.000000  0.000000

   3.1   +    -0.4809  -17.6806  0.000000  0.000000  0.000000  0.000000  0.000000  0.000000  0.000000  0.994360  0.000000  0.050301
                                 0.000000  0.020634  0.000000  0.005351  0.000000  0.004614  0.000000 -0.000403  0.000000  0.000000
                                 0.000000  0.000000  0.000000  0.000000  0.000000

   4.1   +    -0.1055   -6.8765 -0.008605  0.935419 -0.092827  0.019240  0.067673 -0.008600  0.002793  0.000000  0.000000  0.000000
                                 0.000000  0.000000  0.000000  0.000000  0.000000  0.000000  0.000000  0.000000  0.000000  0.000000
                                 0.000000  0.000000  0.000000  0.000000  0.000000

                                   1 2px     1 2px     1 2px     1 2px     1 2px     1 2px     1 2px     1 4f1+    1 4f3+    1 4f1+ 
                                   1 4f3+    1 4f1+    1 4f3+ 

   1.2   +    -3.3779  -24.8895  1.008250  0.023289  0.019823 -0.000549 -0.006738 -0.008807  0.001354  0.000000  0.000000  0.000000
                                 0.000000  0.000000  0.000000

                                   1 2py     1 2py     1 2py     1 2py     1 2py     1 2py     1 2py     1 4f1-    1 4f3-    1 4f1- 
                                   1 4f3-    1 4f1-    1 4f3- 

   1.3   +    -3.3779  -24.8895  1.008250  0.023289  0.019823 -0.000549 -0.006738 -0.008807  0.001354  0.000000  0.000000  0.000000
                                 0.000000  0.000000  0.000000

                                   1 3d2-    1 3d2-    1 3d2-    1 3d2-    1 3d2-    1 3d2-    1 5g2-    1 5g4-    1 5g2-    1 5g4- 


   1.4   +    -0.4809  -17.6806  0.994360  0.050301  0.020634  0.005351  0.004614 -0.000403  0.000000  0.000000  0.000000  0.000000

                                   1 2pz     1 2pz     1 2pz     1 2pz     1 2pz     1 2pz     1 2pz     1 4f0     1 4f2+    1 4f0  
                                   1 4f2+    1 4f0     1 4f2+ 

   1.5   +    -3.3779  -24.8895  1.008250  0.023289  0.019823 -0.000549 -0.006738 -0.008807  0.001354  0.000000  0.000000  0.000000
                                 0.000000  0.000000  0.000000

                                   1 3d1+    1 3d1+    1 3d1+    1 3d1+    1 3d1+    1 3d1+    1 5g1+    1 5g3+    1 5g1+    1 5g3+ 


   1.6   +    -0.4809  -17.6806  0.994360  0.050301  0.020634  0.005351  0.004614 -0.000403  0.000000  0.000000  0.000000  0.000000

                                   1 3d1-    1 3d1-    1 3d1-    1 3d1-    1 3d1-    1 3d1-    1 5g1-    1 5g3-    1 5g1-    1 5g3- 


   1.7   +    -0.4809  -17.6806  0.994360  0.050301  0.020634  0.005351  0.004614 -0.000403  0.000000  0.000000  0.000000  0.000000

 ELECTRON ORBITALS FOR NEGATIVE SPIN
 ===================================


   Orb  Occ    Energy  Couls-En    Coefficients

                                   1 1s      1 1s      1 1s      1 1s      1 1s      1 1s      1 1s      1 3d0     1 3d2+    1 3d0  
                                   1 3d2+    1 3d0     1 3d2+    1 3d0     1 3d2+    1 3d0     1 3d2+    1 3d0     1 3d2+    1 5g0  
                                   1 5g4+    1 5g2+    1 5g0     1 5g4+    1 5g2+ 

   1.1   -    -5.2080  -28.7579  1.002291  0.007182  0.004455  0.004300 -0.002549 -0.003214  0.001709  0.000000  0.000000  0.000000
                                 0.000000  0.000000  0.000000  0.000000  0.000000  0.000000  0.000000  0.000000  0.000000  0.000000
                                 0.000000  0.000000  0.000000  0.000000  0.000000

   2.1   -    -0.4809  -17.6806  0.000000  0.000000  0.000000  0.000000  0.000000  0.000000  0.000000  0.000000  0.994360  0.000000
                                 0.050301  0.000000  0.020634  0.000000  0.005351  0.000000  0.004614  0.000000 -0.000403  0.000000
                                 0.000000  0.000000  0.000000  0.000000  0.000000

   3.1   -    -0.4809  -17.6806  0.000000  0.000000  0.000000  0.000000  0.000000  0.000000  0.000000  0.994360  0.000000  0.050301
                                 0.000000  0.020634  0.000000  0.005351  0.000000  0.004614  0.000000 -0.000403  0.000000  0.000000
                                 0.000000  0.000000  0.000000  0.000000  0.000000

                                   1 2px     1 2px     1 2px     1 2px     1 2px     1 2px     1 2px     1 4f1+    1 4f3+    1 4f1+ 
                                   1 4f3+    1 4f1+    1 4f3+ 

   1.2   -    -3.3779  -24.8895  1.008250  0.023289  0.019823 -0.000549 -0.006738 -0.008807  0.001354  0.000000  0.000000  0.000000
                                 0.000000  0.000000  0.000000

                                   1 2py     1 2py     1 2py     1 2py     1 2py     1 2py     1 2py     1 4f1-    1 4f3-    1 4f1- 
                                   1 4f3-    1 4f1-    1 4f3- 

   1.3   -    -3.3779  -24.8895  1.008250  0.023289  0.019823 -0.000549 -0.006738 -0.008807  0.001354  0.000000  0.000000  0.000000
                                 0.000000  0.000000  0.000000

                                   1 3d2-    1 3d2-    1 3d2-    1 3d2-    1 3d2-    1 3d2-    1 5g2-    1 5g4-    1 5g2-    1 5g4- 


   1.4   -    -0.4809  -17.6806  0.994360  0.050301  0.020634  0.005351  0.004614 -0.000403  0.000000  0.000000  0.000000  0.000000

                                   1 2pz     1 2pz     1 2pz     1 2pz     1 2pz     1 2pz     1 2pz     1 4f0     1 4f2+    1 4f0  
                                   1 4f2+    1 4f0     1 4f2+ 

   1.5   -    -3.3779  -24.8895  1.008250  0.023289  0.019823 -0.000549 -0.006738 -0.008807  0.001354  0.000000  0.000000  0.000000
                                 0.000000  0.000000  0.000000

                                   1 3d1+    1 3d1+    1 3d1+    1 3d1+    1 3d1+    1 3d1+    1 5g1+    1 5g3+    1 5g1+    1 5g3+ 


   1.6   -    -0.4809  -17.6806  0.994360  0.050301  0.020634  0.005351  0.004614 -0.000403  0.000000  0.000000  0.000000  0.000000

                                   1 3d1-    1 3d1-    1 3d1-    1 3d1-    1 3d1-    1 3d1-    1 5g1-    1 5g3-    1 5g1-    1 5g3- 


   1.7   -    -0.4809  -17.6806  0.994360  0.050301  0.020634  0.005351  0.004614 -0.000403  0.000000  0.000000  0.000000  0.000000

 HOMO      4.1    -0.105528 =      -2.8716eV
 LUMO     -4.1    -0.105528 =      -2.8716eV
 LUMO-HOMO         0.000000 =       0.0000eV

 EXPECTATION VALUE OF S**2:             0.75000000

 Occupation number threshold for canonical orbitals:  1.999000 (occupied),  0.001000 (virtual)

 Number of pseudo-canonical orbitals per symmetry:    3   1   1   1   1   1   1   0
 Number of active natural orbitals per symmetry:      1   0   0   0   0   0   0   0

 NATURAL CHARGE ORBITALS
 =======================


   Orb     Occ        Energy       Coefficients

                                   1 1s      1 1s      1 1s      1 1s      1 1s      1 1s      1 1s      1 3d0     1 3d2+    1 3d0  
                                   1 3d2+    1 3d0     1 3d2+    1 3d0     1 3d2+    1 3d0     1 3d2+    1 3d0     1 3d2+    1 5g0  
                                   1 5g4+    1 5g2+    1 5g0     1 5g4+    1 5g2+ 

   1.1  2.00000    -5.207967     1.002291  0.007182  0.004455  0.004300 -0.002549 -0.003214  0.001709  0.000000 -0.000000  0.000000
                                -0.000000  0.000000 -0.000000  0.000000 -0.000000  0.000000 -0.000000 -0.000000  0.000000  0.000000
                                 0.000000  0.000000  0.000000  0.000000  0.000000

   2.1  2.00000    -0.480886     0.000000  0.000000  0.000000  0.000000 -0.000000 -0.000000  0.000000 -0.002145  0.994358 -0.000108
                                 0.050301 -0.000045  0.020634 -0.000012  0.005351 -0.000010  0.004614  0.000001 -0.000403  0.000000
                                 0.000000  0.000000  0.000000  0.000000  0.000000

   3.1  2.00000    -0.480886    -0.000000 -0.000000 -0.000000 -0.000000  0.000000  0.000000 -0.000000  0.994358  0.002145  0.050301
                                 0.000108  0.020634  0.000045  0.005351  0.000012  0.004614  0.000010 -0.000403 -0.000001  0.000000
                                 0.000000  0.000000  0.000000  0.000000  0.000000

   4.1  1.00000    -0.105528    -0.008605  0.935419 -0.092827  0.019240  0.067673 -0.008600  0.002793  0.000000  0.000000  0.000000
                                 0.000000  0.000000  0.000000  0.000000  0.000000  0.000000  0.000000  0.000000  0.000000  0.000000
                                 0.000000  0.000000  0.000000  0.000000  0.000000

                                   1 2px     1 2px     1 2px     1 2px     1 2px     1 2px     1 2px     1 4f1+    1 4f3+    1 4f1+ 
                                   1 4f3+    1 4f1+    1 4f3+ 

   1.2  2.00000    -3.377905     1.008250  0.023289  0.019823 -0.000549 -0.006738 -0.008807  0.001354  0.000000  0.000000  0.000000
                                 0.000000  0.000000  0.000000

                                   1 2py     1 2py     1 2py     1 2py     1 2py     1 2py     1 2py     1 4f1-    1 4f3-    1 4f1- 
                                   1 4f3-    1 4f1-    1 4f3- 

   1.3  2.00000    -3.377905     1.008250  0.023289  0.019823 -0.000549 -0.006738 -0.008807  0.001354  0.000000  0.000000  0.000000
                                 0.000000  0.000000  0.000000

                                   1 3d2-    1 3d2-    1 3d2-    1 3d2-    1 3d2-    1 3d2-    1 5g2-    1 5g4-    1 5g2-    1 5g4- 


   1.4  2.00000    -0.480886     0.994360  0.050301  0.020634  0.005351  0.004614 -0.000403  0.000000  0.000000  0.000000  0.000000

                                   1 2pz     1 2pz     1 2pz     1 2pz     1 2pz     1 2pz     1 2pz     1 4f0     1 4f2+    1 4f0  
                                   1 4f2+    1 4f0     1 4f2+ 

   1.5  2.00000    -3.377905     1.008250  0.023289  0.019823 -0.000549 -0.006738 -0.008807  0.001354  0.000000  0.000000  0.000000
                                 0.000000  0.000000  0.000000

                                   1 3d1+    1 3d1+    1 3d1+    1 3d1+    1 3d1+    1 3d1+    1 5g1+    1 5g3+    1 5g1+    1 5g3+ 


   1.6  2.00000    -0.480886     0.994360  0.050301  0.020634  0.005351  0.004614 -0.000403  0.000000  0.000000  0.000000  0.000000

                                   1 3d1-    1 3d1-    1 3d1-    1 3d1-    1 3d1-    1 3d1-    1 5g1-    1 5g3-    1 5g1-    1 5g3- 


   1.7  2.00000    -0.480886     0.994360  0.050301  0.020634  0.005351  0.004614 -0.000403  0.000000  0.000000  0.000000  0.000000

 Natural orbitals saved to record    2200.2 (Orbital set 3)

 Orbital spaces for UNO-CAS (Min. occupation: 0.020  Max. occupation: 1.980):

 Closed:        3   1   1   1   1   1   1   0
 Active:        1   0   0   0   0   0   0   0

 No convergence



 **********************************************************************************************************************************
 DATASETS  * FILE   NREC   LENGTH (MB)   RECORD NAMES
              1      21       27.85       500      610      700      900      950      970     1000      129      960     1100   
                                          VAR    BASINP    GEOM    SYMINP    ZMAT    AOBASIS   BASIS     P2S    ABASIS      S 
                                         1400     1410     1420     1200     1210     1080     1600     1650     1300     1700   
                                         EKIN       V       ECP      H0       H01     AOSYM     SMH    MOLCAS    ERIS     OPER   
                                         1380   
                                         JKOP   

              2       7       10.47       700     1000      520     4202     5202     2101     2200   
                                         GEOM     BASIS   MCVARS     RHF     MCSCF     RHF      UHF  

 PROGRAMS   *        TOTAL       UHF       RHF     MULTI       POP       RHF       INT
 CPU TIMES  *         3.86      0.04      0.03      0.10      0.00      0.10      3.44
 REAL TIME  *        17.05 SEC
 DISK USED  *        50.86 MB      
 **********************************************************************************************************************************
 SETTING SCF(I)         =      -195.33736988  AU                              


 PROGRAM * MRCC (General Multireference Coupled Cluster)    Author: M. Kallay, 2000-2005

 ***  Initialisation ***

   0 Spin projections
 
 Molecular orbitals read from record     2200.2  Type=UHF/ALPHA (state 1.1)

 ?Warning: UHF not converged
 Molecular orbitals read from record     2200.2  Type=UHF/BETA (state 1.1)

 ?Warning: UHF not converged
 
 Frozen orbitals:              0 (  0  0  0  0  0  0  0  0)
 Active orbitals:             97 ( 25 13 13 10 13 10 10  3)
 Active electrons:            19
 Spin quantum number:          0.5

 Transformed integrals will be written to file mrcc_31845/fort.55

 Load integrals                3.9 sec
 Transform integrals           4.8 sec
 Storage for integrals:        8677739
 Remaining memory:           *********

 Core energy:               0.00000000
 
 MRCC Input:
     4     0     0     0     3     0     0     1     0     0     0     1     1     0     0     7     0     0   0.000     0   64000
  ex.lev,nsing,ntrip, rest,method,dens,conver,symm, diag, CS ,spatial, HF, ndoub,nacto,nactv, tol, maxex, sacc, freq,  dboc,   mem
  2  2  2  1  0  0  0  0  0  0  0  0  0  0  0  0  0  0  0  0  0  0  0  0  0  2  0  0  0  0  0  0  0  0  0  0  0  0  2  0  0  0  0  0  0  0  0  0  0  0  0  2  0  0  0  0  0  0  0  0  0  2  0  0  0  0  0  0  0  0  0  0  0  0  2  0  0  0  0  0  0  0  0  0  2  0  0  0  0  0  0  0  0  0  0  0  0
 MRCC Input end
 Variable memory released
 MRCC now being run, temporary output in /global/cscratch1/sd/aannabe/mrcc_31845/mrcc.out
 **********************************************************************
                          MRCC program system
 **********************************************************************

                              Written by
  Mihaly Kallay, Zoltan Rolik, Jozsef Csontos, Peter Nagy, Gyula Samu,
      David Mester, Jozsef Csoka, Bernat Szabo, Istvan Ladjanszki,
       Lorant Szegedy, Bence Ladoczki, Klara Petrov, Mate Farkas,
                    Pal D. Mezei, and Bence Hegely

        Department of Physical Chemistry and Materials Science
            Budapest University of Technology and Economics
                  Budapest P.O.Box 91, H-1521 Hungary

                              www.mrcc.hu

                       Release date: May 23, 2018

 ************************ 2018-11-14 03:47:22 *************************
 Executing goldstone...

 Generation of CC equations in terms of H and T...
 Generation of antisymmetrized Goldstone diagrams...
 Number of diagrams in T^1 equations:    15
 Number of diagrams in T^2 equations:    38
 Number of diagrams in T^3 equations:    49
 Number of diagrams in T^4 equations:     5
 Translation of diagrams to factorized equations...
 Optimizing intermediate calculation...
 Number of floating-point operations per iteration step:   1.7824E+13
 Probable CPU time per iteration step (hours):    178.24
 Required memory (Mbytes):  139551.5
 Number of intermediates:                                  80
 Number of intermediates to be stored:                     31
 Length of intermediate file (Mbytes):     483.4

 ************************ 2018-11-14 03:47:23 *************************
 Executing xmrcc...

 **********************************************************************
 CC(3)(4) calculation


 Allocation of****** Mbytes of memory...
 Number of spinorbitals:                   194
 Number of alpha electrons:                       10
 Number of beta electrons:                         9
 Spin multiplicity:                     2
 z-component of spin:  0.5
 Spatial symmetry:                      1
 Convergence criterion:  1.0E-07
 Construction of occupation graphs...
 Number of                     0 -fold excitations:                      1
 Number of                     1 -fold excitations:                    276
 Number of                     2 -fold excitations:                 126918
 Number of                     3 -fold excitations:               34405341
 Total number of configurations:               34532536
 Calculation of coupling coefficients...
 Length of intermediate file (Mbytes):     336.5

 ======================================================================

 Spin case  1   Alpha:  0   Beta:  4
 Number of excitations:               36728748
 Spin case  2   Alpha:  1   Beta:  3
 Number of excitations:             1002244428
 Spin case  3   Alpha:  2   Beta:  2
 Number of excitations:             2899917288
 Spin case  4   Alpha:  3   Beta:  1
 Number of excitations:             1259103984
 Spin case  5   Alpha:  4   Beta:  0
 Number of excitations:               58433424
 Number of                     4 -fold excitations:             5256427872

 Memory requirements /Mbyte/:
               Minimal        Optimal
 Real*8:        530.6046       675.5723
 Integer:        58.8697
 Total:         589.4744       734.4420


 ************************ 2018-11-14 03:47:34 *************************
 Executing mrcc...

 **********************************************************************
 CCSDT(Q) calculation


 Allocation of  675.6 Mbytes of memory...
 Number of spinorbitals: 194
 Number of alpha electrons: 10
 Number of beta  electrons:  9
 Spin multiplicity: 2
 z-component of spin:  0.5
 Spatial symmetry: 1
 Convergence criterion:  1.0E-07
 Construction of occupation graphs...
 Number of 0-fold excitations: 1
 Number of 1-fold excitations: 276
 Number of 2-fold excitations: 126918
 Number of 3-fold excitations: 34405341
 Total number of determinants: 34532536
 Calculation of coupling coefficients...
 Initial cluster amplitudes are generated.
 Length of intermediate file (Mbytes):     336.5
 Reading integral list from unit 55...
 Sorting integrals...
 Sorting integrals...
 Sorting integrals...
 Sorting integrals...
 Energy of reference determinant [au]:    -195.337369884750
 Calculation of MP denominators...

 Starting CC iteration...
 ======================================================================
 Norm of residual vector:     4.14420693
 CPU time [min]:     8.041                   Wall time [min]:     8.060

 Iteration  1  CC energy:  -196.33674096  Energy decrease:   0.99937107
 ======================================================================
 Norm of residual vector:     1.10483282
 CPU time [min]:    15.348                   Wall time [min]:    15.393

 Iteration  2  CC energy:  -196.22106364  Energy decrease:   0.11567732
 ======================================================================
 Norm of residual vector:     0.25467164
 CPU time [min]:    23.458                   Wall time [min]:    23.514

 Iteration  3  CC energy:  -196.22930862  Energy decrease:   0.00824498
 ======================================================================
 Norm of residual vector:     0.10878637
 CPU time [min]:    31.489                   Wall time [min]:    31.567

 Iteration  4  CC energy:  -196.24965475  Energy decrease:   0.02034614
 ======================================================================
 Norm of residual vector:     0.04633190
 CPU time [min]:    39.565                   Wall time [min]:    40.136

 Iteration  5  CC energy:  -196.25452788  Energy decrease:   0.00487313
 ======================================================================
 Norm of residual vector:     0.03114190
 CPU time [min]:    47.778                   Wall time [min]:    48.591

 Iteration  6  CC energy:  -196.25213728  Energy decrease:   0.00239060
 ======================================================================
 Norm of residual vector:     0.01007340
 CPU time [min]:    56.044                   Wall time [min]:    56.873

 Iteration  7  CC energy:  -196.25148480  Energy decrease:   0.00065248
 ======================================================================
 Norm of residual vector:     0.00567910
 CPU time [min]:    64.076                   Wall time [min]:    64.916

 Iteration  8  CC energy:  -196.25143476  Energy decrease:   0.00005004
 ======================================================================
 Norm of residual vector:     0.00293646
 CPU time [min]:    71.802                   Wall time [min]:    72.680

 Iteration  9  CC energy:  -196.25162661  Energy decrease:   0.00019185
 ======================================================================
 Norm of residual vector:     0.00161214
 CPU time [min]:    79.656                   Wall time [min]:    80.574

 Iteration 10  CC energy:  -196.25172734  Energy decrease:   0.00010073
 ======================================================================
 Norm of residual vector:     0.00074362
 CPU time [min]:    87.743                   Wall time [min]:    88.673

 Iteration 11  CC energy:  -196.25171264  Energy decrease:   0.00001470
 ======================================================================
 Norm of residual vector:     0.00041424
 CPU time [min]:    95.712                   Wall time [min]:    96.664

 Iteration 12  CC energy:  -196.25169879  Energy decrease:   0.00001385
 ======================================================================
 Norm of residual vector:     0.00018641
 CPU time [min]:   103.507                   Wall time [min]:   104.473

 Iteration 13  CC energy:  -196.25169869  Energy decrease:   0.00000010
 ======================================================================
 Norm of residual vector:     0.00009327
 CPU time [min]:   111.332                   Wall time [min]:   112.308

 Iteration 14  CC energy:  -196.25169995  Energy decrease:   0.00000126
 ======================================================================
 Norm of residual vector:     0.00004393
 CPU time [min]:   119.221                   Wall time [min]:   120.211

 Iteration 15  CC energy:  -196.25170033  Energy decrease:   0.00000038
 ======================================================================
 Norm of residual vector:     0.00002122
 CPU time [min]:   127.144                   Wall time [min]:   128.154

 Iteration 16  CC energy:  -196.25170022  Energy decrease:   0.00000012
 ======================================================================
 Norm of residual vector:     0.00001087
 CPU time [min]:   135.156                   Wall time [min]:   136.178

 Iteration 17  CC energy:  -196.25170015  Energy decrease:   0.00000006
 ======================================================================
 Norm of residual vector:     0.00000494
 CPU time [min]:   143.875                   Wall time [min]:   144.933

 Iteration 18  CC energy:  -196.25170012  Energy decrease:   0.00000003
 ======================================================================
 Norm of residual vector:     0.00000249
 CPU time [min]:   153.623                   Wall time [min]:   154.698

 Iteration 19  CC energy:  -196.25170012  Energy decrease:   4.0677E-10
 ======================================================================
 Norm of residual vector:     0.00000112
 CPU time [min]:   163.485                   Wall time [min]:   164.581

 Iteration 20  CC energy:  -196.25170014  Energy decrease:   0.00000002
 ======================================================================
 Norm of residual vector:     0.00000047
 CPU time [min]:   173.302                   Wall time [min]:   174.437

 Iteration 21  CC energy:  -196.25170014  Energy decrease:   4.0891E-09
 ======================================================================
 Norm of residual vector:     0.00000022
 CPU time [min]:   183.058                   Wall time [min]:   184.249

 Iteration 22  CC energy:  -196.25170014  Energy decrease:   2.4433E-09
 ======================================================================
 Norm of residual vector:     0.00000011
 CPU time [min]:   192.865                   Wall time [min]:   194.102

 Iteration 23  CC energy:  -196.25170014  Energy decrease:   2.1519E-09
 ======================================================================
 Norm of residual vector:     0.00000005
 CPU time [min]:   201.460                   Wall time [min]:   202.731

 Iteration 24  CC energy:  -196.25170014  Energy decrease:   2.4994E-10
 ======================================================================

 Iteration has converged in 24 steps.

 Final results:
 Total CCSDT energy [au]:           -196.251700138888
 Total MP2 energy [au]:             -196.336740957338

 Perturbative corrections are calculated...
 ======================================================================
 Spin case  1   Alpha:  0   Beta:  4
 Number of excitations:        36728748
 CPU time [min]:   229.255                   Wall time [min]:   230.537
 ======================================================================
 Spin case  2   Alpha:  1   Beta:  3
 Number of excitations:        1002244428
 CPU time [min]:   585.457                   Wall time [min]:   586.743
 ======================================================================
 Spin case  3   Alpha:  2   Beta:  2
 Number of excitations:        2899917288
 CPU time [min]:  1565.131                   Wall time [min]:  1566.468
 ======================================================================
 Spin case  4   Alpha:  3   Beta:  1
 Number of excitations:        1259103984
 CPU time [min]:  2165.764                   Wall time [min]:  2167.137
 ======================================================================
 Spin case  5   Alpha:  4   Beta:  0
 Number of excitations:        58433424
 CPU time [min]:  2200.805                   Wall time [min]:  2202.205
 ======================================================================
 Number of 4-fold excitations: 5256427872
 CPU time [min]:  2200.805                   Wall time [min]:  2202.215

 Total CCSDT[Q] energy [au]:        -196.248218432308
 Total CCSDT(Q) energy [au]:        -196.251510045567

 ************************ 2018-11-15 16:30:17 *************************
                      Normal termination of mrcc.
 **********************************************************************
 !CCSDT STATE 1.1 Energy             -196.251700138888
 !MP2 STATE 1.1 Energy               -196.336740957338
 !CCSDT[Q] STATE 1.1 Energy          -196.248218432308
 !CCSDT(Q) STATE 1.1 Energy          -196.251510045567
 
 CPU-time for MRCC:         132048.3 sec
 Elapsed-time for MRCC:     132177.1 sec

 Variable memory set to 8000000000 words,  buffer space   230000 words



 **********************************************************************************************************************************
 DATASETS  * FILE   NREC   LENGTH (MB)   RECORD NAMES
              1      21       27.85       500      610      700      900      950      970     1000      129      960     1100   
                                          VAR    BASINP    GEOM    SYMINP    ZMAT    AOBASIS   BASIS     P2S    ABASIS      S 
                                         1400     1410     1420     1200     1210     1080     1600     1650     1300     1700   
                                         EKIN       V       ECP      H0       H01     AOSYM     SMH    MOLCAS    ERIS     OPER   
                                         1380   
                                         JKOP   

              2       7       10.47       700     1000      520     4202     5202     2101     2200   
                                         GEOM     BASIS   MCVARS     RHF     MCSCF     RHF      UHF  

 PROGRAMS   *        TOTAL      MRCC       UHF       RHF     MULTI       POP       RHF       INT
 CPU TIMES  *    132073.72 132069.86      0.04      0.03      0.10      0.00      0.10      3.44
 REAL TIME  *    132319.92 SEC
 DISK USED  *        50.86 MB      
 **********************************************************************************************************************************
 SETTING POSTHF(I)      =      -196.25151005  AU                              
                                                                                                                                                                                                                                                                

         SCF            POSTHF        EKIN          POT
    -195.3373699   -196.2515100   130.0605199   -26.46080584
                                                  

 CCSDT(Q)/USERDEF energy=   -196.251510045567

        CCSDT(Q)        RHF-SCF         MULTI           RHF-SCF 
   -196.25151005   -195.33736988   -195.33736988   -195.33736988
 **********************************************************************************************************************************
 Variable memory released
