
 Primary working directories    : /global/cscratch1/sd/aannabe
 Secondary working directories  : /global/cscratch1/sd/aannabe
 Wavefunction directory         : /global/homes/a/aannabe/wfu/
 Main file repository           : /global/cscratch1/sd/aannabe/

 SHA1      : 19cd028119e0e09f93f0674bd8af7968d9b3eff6
 NAME      : 2015.1.36
 ARCHNAME  : linux/x86_64
 FC        : /opt/cray/pe/craype/2.5.14/bin/ftn
 BLASLIB   : -L/opt/intel/compilers_and_libraries_2018.1.163/linux/mkl/lib/intel64 -Wl,-_start-group -lmkl_intel_ilp64 -lmkl_intel_thread -lmkl_core -Wl,-_end-group -liomp5
 id        : lbl

 Nodes     nprocs
 nid00466     3
 Number of processes for MPI-2 version of Molpro:   nprocs(total)=    4   nprocs(compute)=    3   nprocs(helper)=    1

 Using customized tuning parameters: mindgm=7; mindgv=16; mindgc=1; mindgr=1; noblas=0; minvec=7
 default implementation of scratch files=sf  

 ***,F
 memory,512,m
 gthresh,twoint=1.e-12
 
 gprint,basis,orbitals
 gexpec,ekin,pot
 
 angstrom
 geometry={
 1                                                                               ! Number of atoms
 F 0.0 0.0 0.0
 }
 
 basis={
                                                                   !include,/global/homes/a/aannabe/docs/accurate/ccECP_Kh/pps/F.pp
                                              !!include,/global/homes/a/aannabe/docs/accurate/ccECP_Kh/basis/aug-cc-pVnZ/F_DZ.basis
                                                   !include,/global/homes/a/aannabe/docs/accurate/ccECP_Kh/basis/cc-pVnZ/F_DZ.basis
 
 Including file /global/homes/a/aannabe/repos/pseudopotentiallibrary/recipes/F/ccECP/F.ccECP.molpro
 Including file /global/homes/a/aannabe/repos/pseudopotentiallibrary/recipes/F/ccECP/F.cc-pVDZ.molpro
                                 !include,/global/homes/a/aannabe/repos/pseudopotentiallibrary/recipes/F/ccECP/F.aug-cc-pVDZ.molpro
 
 
 }
 
 {rhf
  start,atden
  wf,7,3,1
  occ,1,1,1,0,1,0,0,0
  open,1.3
  orbital,4202.2
 }
 {multi
  maxiter,40
  start,4202.2
  occ,1,1,1,0,1,0,0,0
  closed,1,0,0,0,0,0,0
  wf,7,3,1;state,1
  wf,7,5,1;state,1
  wf,7,2,1;state,1
  natorb,ci,print
  orbital,5202.2
 }
 {rhf,nitord=1,maxit=0
  start,5202.2
  wf,7,3,1
  occ,1,1,1,0,1,0,0,0
  open,1.3
 }
 
 scf(i)=energy
 
 _CC_NORM_MAX=2.0
 {ci
 maxit,100
 core
 }
 posthf(i)=energy
 
 table,scf,posthf,ekin,pot
 save,2.csv,new
 
 

 Variables initialized (889), CPU time= 0.02 sec
 Commands  initialized (702), CPU time= 0.01 sec, 572 directives.
 Default parameters read. Elapsed time= 0.48 sec

 Checking input...
 Passed
1


                                         ***  PROGRAM SYSTEM MOLPRO  ***
                                       Copyright, TTI GmbH Stuttgart, 2015
                                    Version 2015.1 linked Dec 29 2018 15:55:43


 **********************************************************************************************************************************
 LABEL *   F                                                                             
  64 bit mpp version                                                                     DATE: 01-Feb-19          TIME: 16:45:08  
 **********************************************************************************************************************************

 SHA1:             19cd028119e0e09f93f0674bd8af7968d9b3eff6
 **********************************************************************************************************************************

 THRESHOLDS:

 ZERO    =  1.00D-12  ONEINT  =  1.00D-12  TWOINT  =  1.00D-12  PREFAC  =  1.00D-14  LOCALI  =  1.00D-09  EORDER  =  1.00D-04
 ENERGY  =  0.00D+00  ETEST   =  0.00D+00  EDENS   =  0.00D+00  THRDEDEF=  1.00D-06  GRADIENT=  1.00D-02  STEP    =  1.00D-03
 ORBITAL =  1.00D-05  CIVEC   =  1.00D-05  COEFF   =  1.00D-04  PRINTCI =  5.00D-02  PUNCHCI =  9.90D+01  OPTGRAD =  3.00D-04
 OPTENERG=  1.00D-06  OPTSTEP =  3.00D-04  THRGRAD =  1.00D-10  COMPRESS=  1.00D-11  VARMIN  =  1.00D-07  VARMAX  =  1.00D-03
 THRDOUB =  0.00D+00  THRDIV  =  1.00D-05  THRRED  =  1.00D-07  THRPSP  =  1.00D+00  THRDC   =  1.00D-10  THRCS   =  1.00D-10
 THRNRM  =  1.00D-08  THREQ   =  0.00D+00  THRDE   =  1.00D+00  THRREF  =  1.00D-05  SPARFAC =  1.00D+00  THRDLP  =  1.00D-07
 THRDIA  =  1.00D-10  THRDLS  =  1.00D-07  THRGPS  =  0.00D+00  THRKEX  =  0.00D+00  THRDIS  =  2.00D-01  THRVAR  =  1.00D-10
 THRLOC  =  1.00D-06  THRGAP  =  1.00D-06  THRLOCT = -1.00D+00  THRGAPT = -1.00D+00  THRORB  =  1.00D-06  THRMLTP =  0.00D+00
 THRCPQCI=  1.00D-10  KEXTA   =  0.00D+00  THRCOARS=  0.00D+00  SYMTOL  =  1.00D-06  GRADTOL =  1.00D-06  THROVL  =  1.00D-08
 THRORTH =  1.00D-08  GRID    =  1.00D-06  GRIDMAX =  1.00D-03  DTMAX   =  0.00D+00  THROCCDE=  1.00D-01  THROCCDE=  1.00D-01



 ZUNIT=ANG
 

Geometry recognized as XYZ


 Variable memory set to  512000000 words,  buffer space   230000 words

 SETTING BASIS          =    USERDEF


 Recomputing integrals since basis changed


 Using spherical harmonics



 PROGRAM * SEWARD (Integral evaluation for generally contracted gaussian basis sets)     Author: Roland Lindh, 1990

 Geometry written to block  1 of record 700

 Orientation using atomic masses  
 Molecule type: Atom
 Symmetry elements: X,Y,Z
 Rotational constants:       0.0000000      0.0000000      0.0000000 GHz  (calculated with average atomic masses)

 Point group  D2h 



 ATOMIC COORDINATES

 NR  ATOM    CHARGE       X              Y              Z

   1  F       7.00    0.000000000    0.000000000    0.000000000


          F   CORE POTENTIAL

          p POTENTIAL

 POWERS             1              3              2
 EXPONENTIALS   12.08758       12.83806       12.31235    
 COEFFICIENTS   7.000000       84.61309      -53.02752    

          s - p POTENTIAL

 POWERS             2
 EXPONENTIALS   14.78076    
 COEFFICIENTS   78.90177    


 BASIS DATA

   Nr Sym  Nuc  Type         Exponents   Contraction coefficients

    1.1 Ag    1  1s          84.048652    -0.000003
                             41.094617    -0.000354
                             20.092738     0.018409
                              9.824112    -0.127766
                              4.803386    -0.070287
                              2.348560     0.157160
                              1.148301     0.376901
                              0.561449     0.409517
                              0.274514     0.197089
                              0.134220     0.024348
    2.1 Ag    1  1s           0.344569     1.000000
    3.1 Ag    1  3d0          1.722479     1.000000
    4.1 Ag    1  3d2+         1.722479     1.000000
    1.2 B3u   1  2px         31.642619     0.002967
                             16.243233     0.029805
                              8.338204     0.066949
                              4.280284     0.133779
                              2.197215     0.214831
                              1.127906     0.266486
                              0.578992     0.261895
                              0.297216     0.192022
                              0.152571     0.082847
                              0.078320     0.013305
    2.2 B3u   1  2px          0.364831     1.000000
    1.3 B2u   1  2py         31.642619     0.002967
                             16.243233     0.029805
                              8.338204     0.066949
                              4.280284     0.133779
                              2.197215     0.214831
                              1.127906     0.266486
                              0.578992     0.261895
                              0.297216     0.192022
                              0.152571     0.082847
                              0.078320     0.013305
    2.3 B2u   1  2py          0.364831     1.000000
    1.4 B1g   1  3d2-         1.722479     1.000000
    1.5 B1u   1  2pz         31.642619     0.002967
                             16.243233     0.029805
                              8.338204     0.066949
                              4.280284     0.133779
                              2.197215     0.214831
                              1.127906     0.266486
                              0.578992     0.261895
                              0.297216     0.192022
                              0.152571     0.082847
                              0.078320     0.013305
    2.5 B1u   1  2pz          0.364831     1.000000
    1.6 B2g   1  3d1+         1.722479     1.000000
    1.7 B3g   1  3d1-         1.722479     1.000000

 NUCLEAR CHARGE:                    7
 NUMBER OF PRIMITIVE AOS:          50
 NUMBER OF SYMMETRY AOS:           49
 NUMBER OF CONTRACTIONS:           13   (   4Ag  +   2B3u +   2B2u +   1B1g +   2B1u +   1B2g +   1B3g +   0Au  )
 NUMBER OF CORE ORBITALS:           0   (   0Ag  +   0B3u +   0B2u +   0B1g +   0B1u +   0B2g +   0B3g +   0Au  )
 NUMBER OF VALENCE ORBITALS:        4   (   1Ag  +   1B3u +   1B2u +   0B1g +   1B1u +   0B2g +   0B3g +   0Au  )


 NUCLEAR REPULSION ENERGY    0.00000000

 EXTRA SYMMETRY OF AOS IN SYMMETRY 1:   1 1 2 3

 Eigenvalues of metric

         1 0.652E-01 0.100E+01 0.100E+01 0.193E+01
         2 0.186E+00 0.181E+01
         3 0.186E+00 0.181E+01
         4 0.100E+01
         5 0.186E+00 0.181E+01
         6 0.100E+01
         7 0.100E+01


 Contracted 2-electron integrals neglected if value below      1.0D-12
 AO integral compression algorithm  1   Integral accuracy      1.0D-12

     0.786 MB (compressed) written to integral file (100.0%)

     Node minimum: 0.262 MB, node maximum: 0.262 MB


 NUMBER OF SORTED TWO-ELECTRON INTEGRALS:        255.     BUFFER LENGTH:  32768
 NUMBER OF SEGMENTS:   1  SEGMENT LENGTH:        255      RECORD LENGTH: 524288

 Memory used in sort:       0.56 MW

 SORT1 READ        1437. AND WROTE         237. INTEGRALS IN      1 RECORDS. CPU TIME:     0.11 SEC, REAL TIME:     0.18 SEC
 SORT2 READ         731. AND WROTE         799. INTEGRALS IN      3 RECORDS. CPU TIME:     0.00 SEC, REAL TIME:     0.02 SEC

 Node minimum:         141.  Node maximum:         403. integrals

 OPERATOR DM      FOR CENTER  0  COORDINATES:    0.000000    0.000000    0.000000
 OPERATOR EKIN    FOR CENTER  0  COORDINATES:    0.000000    0.000000    0.000000
 OPERATOR POT     FOR CENTER  0  COORDINATES:    0.000000    0.000000    0.000000


 **********************************************************************************************************************************
 DATASETS  * FILE   NREC   LENGTH (MB)   RECORD NAMES
              1      19       19.86       500      610      700      900      950      970     1000      129      960     1100   
                                          VAR    BASINP    GEOM    SYMINP    ZMAT    AOBASIS   BASIS     P2S    ABASIS      S 
                                         1400     1410     1420     1200     1210     1080     1600     1650     1700   
                                         EKIN       V       ECP      H0       H01     AOSYM     SMH    MOLCAS    OPER   

 PROGRAMS   *        TOTAL       INT
 CPU TIMES  *         0.68      0.42
 REAL TIME  *         3.42 SEC
 DISK USED  *        12.60 MB      
 GA USED    *         0.00 MB       (max)       0.00 MB       (current)
 **********************************************************************************************************************************


 PROGRAM * RHF-SCF (OPEN SHELL)       Authors: W. Meyer, H.-J. Werner


 NUMBER OF ELECTRONS:       4+    3-    SPACE SYMMETRY=3    SPIN SYMMETRY: Doublet 
 CONVERGENCE THRESHOLDS:    1.00E-05 (Density)    1.00E-07 (Energy)
 MAX. NUMBER OF ITERATIONS:       60
 INTERPOLATION TYPE:            DIIS
 INTERPOLATION STEPS:              2 (START)      1 (STEP)
 LEVEL SHIFTS:                 -0.60 (CLOSED) -0.30 (OPEN) 


 Singly occupied orbitals:      1.3

   Atom=F  basis=ECP2MWB_GUESS     lmin=0  lmax=1

 Orbital guess generated from atomic densities. Full valence occupancy:    1   1   1   0   1   0   0   0


 Molecular orbital dump at record        4202.2

 ITERATION    DDIFF          GRAD             ENERGY        2-EL.EN.            DIPOLE MOMENTS         DIIS   ORB.
    1      0.000D+00      0.000D+00       -23.93267970     33.759890    0.00000    0.00000    0.00000    0    start
    2      0.000D+00      0.253D-01       -23.93626909     34.174369    0.00000    0.00000    0.00000    1    diag,B
    3      0.319D-01      0.448D-02       -23.93638616     34.148640    0.00000    0.00000    0.00000    2    diag,B
    4      0.561D-02      0.159D-02       -23.93641559     34.147160    0.00000    0.00000    0.00000    3    diag,B
    5      0.343D-02      0.205D-03       -23.93641603     34.146831    0.00000    0.00000    0.00000    4    diag,B
    6      0.437D-03      0.143D-04       -23.93641603     34.146792    0.00000    0.00000    0.00000    5    diag,B
    7      0.250D-04      0.448D-06       -23.93641603     34.146798    0.00000    0.00000    0.00000    6    fixocc
    8      0.594D-06      0.308D-09       -23.93641603     34.146798    0.00000    0.00000    0.00000    0    orth

 Final alpha occupancy:   1   1   1   0   1   0   0
 Final beta  occupancy:   1   1   0   0   1   0   0

 !RHF STATE 1.3 Energy                -23.936416027350
 Nuclear energy                         0.00000000
 One-electron energy                  -41.00981519
 Two-electron energy                   17.07339916
 Virial quotient                       -1.28432061
 !RHF STATE 1.3 Dipole moment           0.00000000     0.00000000     0.00000000
 Dipole moment /Debye                   0.00000000     0.00000000     0.00000000
 

 !RHF expec          <1.3|EKIN|1.3>    18.637414799739
 
 !RHF expec           <1.3|POT|1.3>    -8.767510912152

 ELECTRON ORBITALS
 =================


   Orb  Occ    Energy  Couls-En    Coefficients

                                   1 1s      1 1s      1 3d0     1 3d2+ 

   1.1   2    -1.5974   -8.0531  1.000613 -0.000657  0.000712  0.001232

                                   1 2px     1 2px  

   1.2   2    -0.7087   -6.3159  1.000901 -0.001108

                                   1 2py     1 2py  

   1.3   +    -0.8335   -6.5030  1.034707 -0.043014

                                   1 2pz     1 2pz  

   1.5   2    -0.7087   -6.3159  1.000901 -0.001108

 HOMO      1.2    -0.708654 =     -19.2834eV
 LUMO      2.3     1.437769 =      39.1237eV
 LUMO-HOMO         2.146423 =      58.4071eV


 **********************************************************************************************************************************
 DATASETS  * FILE   NREC   LENGTH (MB)   RECORD NAMES
              1      19       19.86       500      610      700      900      950      970     1000      129      960     1100   
                                          VAR    BASINP    GEOM    SYMINP    ZMAT    AOBASIS   BASIS     P2S    ABASIS      S 
                                         1400     1410     1420     1200     1210     1080     1600     1650     1700   
                                         EKIN       V       ECP      H0       H01     AOSYM     SMH    MOLCAS    OPER   

              2       4        2.75       700     1000      520     4202   
                                         GEOM     BASIS   MCVARS     RHF  

 PROGRAMS   *        TOTAL       RHF       INT
 CPU TIMES  *         0.75      0.07      0.42
 REAL TIME  *         3.89 SEC
 DISK USED  *        80.56 MB      
 SF USED    *         0.00 MB      
 GA USED    *         0.00 MB       (max)       0.00 MB       (current)
 **********************************************************************************************************************************


 PROGRAM * MULTI (Direct Multiconfiguration SCF)       Authors: P.J. Knowles, H.-J. Werner (1984)     S.T. Elbert (1988)


 Number of closed-shell orbitals:   1 (   1   0   0   0   0   0   0   0 )
 Number of active  orbitals:        3 (   0   1   1   0   1   0   0   0 )
 Number of external orbitals:       9 (   3   1   1   1   1   1   1   0 )

 State symmetry 1

 Number of electrons:     5    Spin symmetry=Doublet   Space symmetry=3
 Number of states:        1
 Number of CSFs:          1   (1 determinants, 3 intermediate states)

 State symmetry 2

 Number of electrons:     5    Spin symmetry=Doublet   Space symmetry=5
 Number of states:        1
 Number of CSFs:          1   (1 determinants, 3 intermediate states)

 State symmetry 3

 Number of electrons:     5    Spin symmetry=Doublet   Space symmetry=2
 Number of states:        1
 Number of CSFs:          1   (1 determinants, 3 intermediate states)

 Iteration controls:
             1  2  3  4  5  6  7  8  9 10 11 12 13 14 15 16 17 18 19 20 21 22 23 24 25 26 27 28 29 30 31 32 33 34 35 36 37 38 39
 DIAGCI      T  T  T  T  T  T  T  T  T  T  T  T  T  T  T  T  T  T  T  T  T  T  T  T  T  T  T  T  T  T  T  T  T  T  T  T  T  T  T
 WERNER      T  T  T  T  T  T  T  T  T  T  T  T  T  T  T  T  T  T  T  T  T  T  T  T  T  T  T  T  T  T  T  T  T  T  T  T  T  T  T
 INTERNAL    F  T  T  T  T  T  T  T  T  T  T  T  T  T  T  T  T  T  T  T  T  T  T  T  T  T  T  T  T  T  T  T  T  T  T  T  T  T  T

 Molecular orbitals read from record     4202.2  Type=RHF/CANONICAL (state 1.3)
 *** IN SYMMETRY 1 ORBITAL  1 SYMMETRY CONTAMINATION OF 0.194D-02 HAS BEEN REMOVED

 EXTRA SYMMETRY OF MOS IN SYMMETRY 1:   1 1 3 2

 Wavefunction dump at record             5202.2

 Convergence thresholds  0.10E-01 (gradient)  0.10E-05 (energy)  0.10E-02 (step length)

 Weight factors for state symmetry  1:    0.33333
 Weight factors for state symmetry  2:    0.33333
 Weight factors for state symmetry  3:    0.33333

 Number of orbital rotations:        6   (     0 Core/Active      3 Core/Virtual   0 Active/Active      3 Active/Virtual)
 Total number of variables:          9


 ITER. MIC  NCI  NEG     ENERGY(VAR)     ENERGY(PROJ)   ENERGY CHANGE     GRAD(0)  GRAD(ORB)   GRAD(CI)     STEP       TIME

   1   25   12    0     -23.93454228     -23.93570650   -0.00116422    0.05763494 0.00000000 0.00000000  0.21D-01      0.02
   2   11   12    0     -23.93570737     -23.93570738   -0.00000001    0.00027267 0.00000000 0.00000000  0.48D-04      0.04

 ** WVFN ****  CONVERGENCE REACHED, FINAL GRADIENT:  0.50D-08



 Results for state 1.3
 =====================

 !MCSCF STATE 1.3 Energy              -23.935707383048
 Nuclear energy                         0.00000000
 Kinetic energy                        18.63401163
 One electron energy                  -41.00978370
 Two electron energy                   17.07407632
 Virial ratio                           2.28451714

 !MCSCF STATE 1.3 Dipole moment         0.00000000     0.00000000     0.00000000
 Dipole moment /Debye                   0.00000000     0.00000000     0.00000000



 Results for state 1.5
 =====================

 !MCSCF STATE 1.5 Energy              -23.935707383042
 Nuclear energy                         0.00000000
 Kinetic energy                        18.63401163
 One electron energy                  -41.00978370
 Two electron energy                   17.07407632
 Virial ratio                           2.28451714

 !MCSCF STATE 1.5 Dipole moment         0.00000000     0.00000000     0.00000000
 Dipole moment /Debye                   0.00000000     0.00000000     0.00000000



 Results for state 1.2
 =====================

 !MCSCF STATE 1.2 Energy              -23.935707383042
 Nuclear energy                         0.00000000
 Kinetic energy                        18.63401163
 One electron energy                  -41.00978370
 Two electron energy                   17.07407632
 Virial ratio                           2.28451714

 !MCSCF STATE 1.2 Dipole moment         0.00000000     0.00000000     0.00000000
 Dipole moment /Debye                   0.00000000     0.00000000     0.00000000

 State-averaged charge density matrix saved on record  5202.2 (density set 1)

 !MCSCF expec        <1.3|EKIN|1.3>    18.634011628890
 !MCSCF expec        <1.5|EKIN|1.5>    18.634011629311
 !MCSCF expec        <1.2|EKIN|1.2>    18.634011629311

 !MCSCF expec         <1.3|POT|1.3>    -8.767035624662
 !MCSCF expec         <1.5|POT|1.5>    -8.767035624746
 !MCSCF expec         <1.2|POT|1.2>    -8.767035624746


 NATURAL ORBITALS (state averaged)
 =================================

   Orb     Occ        Energy       Coefficients

                                   1 1s      1 1s      1 3d0     1 3d2+ 

   1.1  2.00000    -1.597573     1.000665 -0.000711  0.000000  0.000000

                                   1 2px     1 2px  

   1.2  1.66667    -0.595442     1.007575 -0.009323

                                   1 2py     1 2py  

   1.3  1.66667    -0.595442     1.007575 -0.009323

                                   1 2pz     1 2pz  

   1.5  1.66667    -0.595442     1.007575 -0.009323
 

 EXTRA SYMMETRY OF MOS IN SYMMETRY 1:   1 1 2 3

 Natural orbital dump (state averaged) at molpro section  5202.2    (Orbital set 2)


 CI vector for state symmetry 1
 ==============================

 2 a 2           1.0000000

 TOTAL ENERGIES                       -23.93570738

 CI vector for state symmetry 2
 ==============================

 2 2 a           1.0000000

 TOTAL ENERGIES                       -23.93570738

 CI vector for state symmetry 3
 ==============================

 a 2 2           1.0000000

 TOTAL ENERGIES                       -23.93570738



 **********************************************************************************************************************************
 DATASETS  * FILE   NREC   LENGTH (MB)   RECORD NAMES
              1      20       19.87       500      610      700      900      950      970     1000      129      960     1100   
                                          VAR    BASINP    GEOM    SYMINP    ZMAT    AOBASIS   BASIS     P2S    ABASIS      S 
                                         1400     1410     1420     1200     1210     1080     1600     1650     1700     1380   
                                         EKIN       V       ECP      H0       H01     AOSYM     SMH    MOLCAS    OPER     JKOP   

              2       5        5.24       700     1000      520     4202     5202   
                                         GEOM     BASIS   MCVARS     RHF     MCSCF   

 PROGRAMS   *        TOTAL     MULTI       RHF       INT
 CPU TIMES  *         0.82      0.07      0.07      0.42
 REAL TIME  *         6.32 SEC
 DISK USED  *        80.56 MB      
 SF USED    *         8.92 MB      
 GA USED    *         0.00 MB       (max)       0.00 MB       (current)
 **********************************************************************************************************************************


 PROGRAM * RHF-SCF (OPEN SHELL)       Authors: W. Meyer, H.-J. Werner


 NUMBER OF ELECTRONS:       4+    3-    SPACE SYMMETRY=3    SPIN SYMMETRY: Doublet 
 CONVERGENCE THRESHOLDS:    1.00E-05 (Density)    1.00E-07 (Energy)
 MAX. NUMBER OF ITERATIONS:        0
 INTERPOLATION TYPE:            DIIS
 INTERPOLATION STEPS:              2 (START)      1 (STEP)
 LEVEL SHIFTS:                 -0.60 (CLOSED) -0.30 (OPEN) 


 Singly occupied orbitals:      1.3
 Molecular orbitals read from record     5202.2  Type=MCSCF/NATURAL (state averaged)

 Molecular orbital dump at record        2101.2

 ITERATION    DDIFF          GRAD             ENERGY        2-EL.EN.            DIPOLE MOMENTS         DIIS   ORB.
    1      0.000D+00      0.000D+00       -23.93570738     34.148153    0.00000    0.00000    0.00000    0    start

 Final alpha occupancy:   1   1   1   0   1   0   0
 Final beta  occupancy:   1   1   0   0   1   0   0

 !RHF STATE 1.3 Energy                -23.935707383048
 Nuclear energy                         0.00000000
 One-electron energy                  -41.00978370
 Two-electron energy                   17.07407632
 Virial quotient                       -1.28451714
 !RHF STATE 1.3 Dipole moment           0.00000000     0.00000000     0.00000000
 Dipole moment /Debye                   0.00000000     0.00000000     0.00000000
 

 !RHF expec          <1.3|EKIN|1.3>    18.634011628890
 
 !RHF expec           <1.3|POT|1.3>    -8.767035624662

 ELECTRON ORBITALS
 =================


   Orb  Occ    Energy  Couls-En    Coefficients

                                   1 1s      1 1s      1 3d0     1 3d2+ 

   1.1   2    -1.5976   -8.0533  1.000665 -0.000711  0.000000  0.000000

                                   1 2px     1 2px  

   1.2   2    -0.5954   -6.2151  1.007575 -0.009323

                                   1 2py     1 2py  

   1.3   +    -0.5954   -6.2151  1.007575 -0.009323

                                   1 2pz     1 2pz  

   1.5   2    -0.5954   -6.2151  1.007575 -0.009323

 HOMO      1.2    -0.595442 =     -16.2028eV
 LUMO      2.2     1.522581 =      41.4315eV
 LUMO-HOMO         2.118022 =      57.6343eV


 **********************************************************************************************************************************
 DATASETS  * FILE   NREC   LENGTH (MB)   RECORD NAMES
              1      20       19.87       500      610      700      900      950      970     1000      129      960     1100   
                                          VAR    BASINP    GEOM    SYMINP    ZMAT    AOBASIS   BASIS     P2S    ABASIS      S 
                                         1400     1410     1420     1200     1210     1080     1600     1650     1700     1380   
                                         EKIN       V       ECP      H0       H01     AOSYM     SMH    MOLCAS    OPER     JKOP   

              2       6        7.74       700     1000      520     4202     5202     2101   
                                         GEOM     BASIS   MCVARS     RHF     MCSCF     RHF  

 PROGRAMS   *        TOTAL       RHF     MULTI       RHF       INT
 CPU TIMES  *         0.87      0.03      0.07      0.07      0.42
 REAL TIME  *         6.73 SEC
 DISK USED  *        80.56 MB      
 SF USED    *         8.92 MB      
 GA USED    *         0.00 MB       (max)       0.00 MB       (current)
 **********************************************************************************************************************************
 SETTING SCF(I)         =       -23.93570738  AU                              
 SETTING _CC_NORM_MAX   =         2.00000000                                  


 PROGRAM * CI (Multireference internally contracted CI)     Authors: H.-J. Werner, P.J. Knowles, 1987


 Convergence thresholds:  THRVAR = 1.00D-08  THRDEN = 1.00D-06

 Number of optimized states:  1  Roots:   1
 Number of reference states:  1  Roots:   1

 Reference symmetry:                   3   Doublet 
 Number of electrons:                  7
 Maximum number of shells:             3
 Maximum number of spin couplings:     5

 Reference space:        1 conf        1 CSFs
 N elec internal:        4 conf        4 CSFs
 N-1 el internal:       10 conf       16 CSFs
 N-2 el internal:        9 conf       27 CSFs

 Number of electrons in valence space:                      7
 Maximum number of open shell orbitals in reference space:  1
 Maximum number of open shell orbitals in internal spaces:  5


 Number of closed-shell orbitals:   3 (   1   1   0   0   1   0   0 )
 Number of active  orbitals:        1 (   0   0   1   0   0   0   0 )
 Number of external orbitals:       9 (   3   1   1   1   1   1   1 )

 Molecular orbitals read from record     2101.2  Type=RHF/CANONICAL (state 1.3)

 Coulomb and exchange operators available. No transformation done.

 Number of p-space configurations:   1

 Reference wavefunction optimized for reference space (refopt=1)

 State     Reference Energy 
   1         -23.93570738

 Number of blocks in overlap matrix:    15   Smallest eigenvalue:  0.10D+01
 Number of N-2 electron functions:      15
 Number of N-1 electron functions:      16

 Number of internal configurations:                    1
 Number of singly external configurations:            18
 Number of doubly external configurations:            96
 Total number of contracted configurations:          115
 Total number of uncontracted configurations:        169

 Diagonal Coupling coefficients finished.               Storage:     982 words, CPU-Time:      0.00 seconds.
 Energy denominators for pairs finished in 1 passes.    Storage:     670 words, CPU-time:      0.00 seconds.

  ITER. STATE  ROOT     SQ.NORM     CORR.ENERGY   TOTAL ENERGY   ENERGY CHANGE       DEN1      VAR(S)    VAR(P)      TIME
    1     1     1     1.00000000     0.00000000   -23.93570738    -0.00000000    -0.16240445  0.47D-02  0.27D-01     0.04
    2     1     1     1.02583852    -0.14570185   -24.08140923    -0.14570185    -0.00101132  0.10D-03  0.15D-03     0.04
    3     1     1     1.02601474    -0.14674070   -24.08244808    -0.00103885    -0.00002778  0.64D-05  0.29D-05     0.05
    4     1     1     1.02620461    -0.14676872   -24.08247611    -0.00002803    -0.00000081  0.19D-06  0.62D-07     0.05
    5     1     1     1.02622701    -0.14676956   -24.08247694    -0.00000084    -0.00000001  0.14D-08  0.10D-08     0.06


 =====================================
 Analysis of CPU times by interactions
 =====================================

       I      S      P

 I   0.0%
 S   0.0%  16.7%
 P  16.7%   0.0%   0.0%

 Initialization:  66.7%
 Other:            0.0%

 Total CPU:        0.1 seconds
 =====================================



 Reference coefficients greater than 0.0500000
 =============================================
 22/2           0.9871389



 RESULTS FOR STATE 1.3
 =====================

 Coefficient of reference function:   C(0) = 0.98713893 (fixed)   0.98713893 (relaxed)

 Energy contributions of configuration classes

 CLASS          SQ.NORM        ECORR1        ECORR2
 +++++++++++++++++++++++++++++++++++++++++++++++++++
 Internals    0.00000000    0.00000000   -0.00000000
 Singles      0.00447861   -0.02028585   -0.02040748
 Pairs        0.02174840   -0.12648371   -0.12636208
 Total        1.02622701   -0.14676956   -0.14676956
 +++++++++++++++++++++++++++++++++++++++++++++++++++


 Reference energy                     -23.93570738
 Nuclear energy                         0.00000000
 Kinetic energy                        18.68695319
 One electron energy                  -40.84637201
 Two electron energy                   16.76389506
 Virial quotient                       -1.28873213
 Correlation energy                    -0.14676956
 !CI(SD) STATE 1.3 Energy             -24.082476944522

 Properties without orbital relaxation:

 !CI(SD) STATE 1.3 Dipole moment        0.00000000     0.00000000     0.00000000
 Dipole moment /Debye                   0.00000000     0.00000000     0.00000000

 Cluster corrected energies           -24.08632627 (Davidson, fixed reference)
 Cluster corrected energies           -24.08632627 (Davidson, relaxed reference)

 Cluster corrected energies           -24.08506539 (Pople, fixed reference)
 Cluster corrected energies           -24.08506539 (Pople, relaxed reference)

 

 !CI(SD) expec       <1.3|EKIN|1.3>    18.686953193173
 
 !CI(SD) expec        <1.3|POT|1.3>    -8.749940488151


 **********************************************************************************************************************************
 DATASETS  * FILE   NREC   LENGTH (MB)   RECORD NAMES
              1      20       19.87       500      610      700      900      950      970     1000      129      960     1100   
                                          VAR    BASINP    GEOM    SYMINP    ZMAT    AOBASIS   BASIS     P2S    ABASIS      S 
                                         1400     1410     1420     1200     1210     1080     1600     1650     1700     1380   
                                         EKIN       V       ECP      H0       H01     AOSYM     SMH    MOLCAS    OPER     JKOP   

              2       6        7.74       700     1000      520     4202     5202     2101   
                                         GEOM     BASIS   MCVARS     RHF     MCSCF     RHF  

 PROGRAMS   *        TOTAL        CI       RHF     MULTI       RHF       INT
 CPU TIMES  *         0.99      0.12      0.03      0.07      0.07      0.42
 REAL TIME  *         7.91 SEC
 DISK USED  *        80.56 MB      
 SF USED    *         8.92 MB      
 GA USED    *         0.00 MB       (max)       0.00 MB       (current)
 **********************************************************************************************************************************
 SETTING POSTHF(I)      =       -24.08247694  AU                              
                                                                                                                                                                                                                                                                

        SCF            POSTHF        EKIN          POT
    -23.93570738   -24.08247694   18.68695319   -8.74994049
                                                  

 CI/USERDEF energy=    -24.082476944522

        CI              RHF-SCF         MULTI           RHF-SCF 
    -24.08247694    -23.93570738    -23.93570738    -23.93641603
 **********************************************************************************************************************************
 Molpro calculation terminated
 Variable memory released
