#-------------------------------------------------
#DMC run: timestep 0.0025
#-------------------------------------------------


init { 
   label dmc
}
block { 
   label dmc
   totweight 2176000
   nautocorr 0
   total_energy { -103.8241676227209   } 
   total_energyvar { 1.561967941117473   } 
   weight { 0.9938995161525103   } 
   weightvar { 0.09375816254460789   } 
   kinetic_energy { 58.06844802432158   } 
   kinetic_energyvar { 455.0643169433984   } 
   potential_energy { -174.3678591110406   } 
   potential_energyvar { 538.9427433659621   } 
   nonlocal_energy { 12.47524346399812   } 
   nonlocal_energyvar { 281.8809891789228   } 
   autocorr_energy { } 
} 

block { 
   label dmc
   totweight 2176000
   nautocorr 0
   total_energy { -103.8211466990386   } 
   total_energyvar { 1.526145605837883   } 
   weight { 0.9902639262538461   } 
   weightvar { 0.09422356209874694   } 
   kinetic_energy { 58.08366680174037   } 
   kinetic_energyvar { 453.3856905359817   } 
   potential_energy { -174.3460526660287   } 
   potential_energyvar { 538.083653398844   } 
   nonlocal_energy { 12.44123916524974   } 
   nonlocal_energyvar { 282.9228625199657   } 
   autocorr_energy { } 
} 

block { 
   label dmc
   totweight 2176000
   nautocorr 0
   total_energy { -103.8229924814646   } 
   total_energyvar { 1.596069321536561   } 
   weight { 0.9942777553380864   } 
   weightvar { 0.09664666845136038   } 
   kinetic_energy { 58.20677076310086   } 
   kinetic_energyvar { 455.4819878007556   } 
   potential_energy { -174.5282803168416   } 
   potential_energyvar { 535.2034279940854   } 
   nonlocal_energy { 12.49851707227614   } 
   nonlocal_energyvar { 282.3671106484823   } 
   autocorr_energy { } 
} 

block { 
   label dmc
   totweight 2176000
   nautocorr 0
   total_energy { -103.8249980522028   } 
   total_energyvar { 1.532118390579853   } 
   weight { 0.998777225340892   } 
   weightvar { 0.09534048168783504   } 
   kinetic_energy { 58.13249753129085   } 
   kinetic_energyvar { 461.1520232120201   } 
   potential_energy { -174.4418636838679   } 
   potential_energyvar { 540.7463245523759   } 
   nonlocal_energy { 12.48436810037425   } 
   nonlocal_energyvar { 290.9788921799569   } 
   autocorr_energy { } 
} 

block { 
   label dmc
   totweight 2176000
   nautocorr 0
   total_energy { -103.8287999972254   } 
   total_energyvar { 1.552639978397565   } 
   weight { 1.001227134172411   } 
   weightvar { 0.09519108768674034   } 
   kinetic_energy { 57.95187076610475   } 
   kinetic_energyvar { 452.9142406149681   } 
   potential_energy { -174.3793049759484   } 
   potential_energyvar { 536.8211670457167   } 
   nonlocal_energy { 12.59863421261827   } 
   nonlocal_energyvar { 289.0484380310799   } 
   autocorr_energy { } 
} 

block { 
   label dmc
   totweight 2176000
   nautocorr 0
   total_energy { -103.8258774019036   } 
   total_energyvar { 1.590915278673492   } 
   weight { 0.9999853860027444   } 
   weightvar { 0.09300805085478792   } 
   kinetic_energy { 58.41823891387072   } 
   kinetic_energyvar { 472.9848895056043   } 
   potential_energy { -174.7783146470922   } 
   potential_energyvar { 542.4771079044804   } 
   nonlocal_energy { 12.53419833131792   } 
   nonlocal_energyvar { 296.3242276131159   } 
   autocorr_energy { } 
} 

block { 
   label dmc
   totweight 2176000
   nautocorr 0
   total_energy { -103.8272093155568   } 
   total_energyvar { 1.570502843502254   } 
   weight { 0.9997238446013554   } 
   weightvar { 0.09137796296888845   } 
   kinetic_energy { 57.91695932114022   } 
   kinetic_energyvar { 453.3650035095893   } 
   potential_energy { -174.1417174011322   } 
   potential_energyvar { 540.2846435853098   } 
   nonlocal_energy { 12.39754876443522   } 
   nonlocal_energyvar { 283.1226052904049   } 
   autocorr_energy { } 
} 

block { 
   label dmc
   totweight 2176000
   nautocorr 0
   total_energy { -103.820642834046   } 
   total_energyvar { 1.522603372657613   } 
   weight { 0.9973408236671671   } 
   weightvar { 0.09313268644508377   } 
   kinetic_energy { 58.07543846886487   } 
   kinetic_energyvar { 458.4826962091688   } 
   potential_energy { -174.3920697090507   } 
   potential_energyvar { 543.110340875588   } 
   nonlocal_energy { 12.49598840613982   } 
   nonlocal_energyvar { 287.676099805837   } 
   autocorr_energy { } 
} 

block { 
   label dmc
   totweight 2176000
   nautocorr 0
   total_energy { -103.825916355041   } 
   total_energyvar { 1.592509232026714   } 
   weight { 0.9985222404319609   } 
   weightvar { 0.09467152282880276   } 
   kinetic_energy { 58.0132901645259   } 
   kinetic_energyvar { 460.4186004650173   } 
   potential_energy { -174.3548383389574   } 
   potential_energyvar { 541.2579245901143   } 
   nonlocal_energy { 12.51563181939053   } 
   nonlocal_energyvar { 289.0893589527967   } 
   autocorr_energy { } 
} 

block { 
   label dmc
   totweight 2176000
   nautocorr 0
   total_energy { -103.8225588568098   } 
   total_energyvar { 1.548812550592629   } 
   weight { 0.9962118028364834   } 
   weightvar { 0.09223572155155213   } 
   kinetic_energy { 58.24757096228635   } 
   kinetic_energyvar { 462.6803676418644   } 
   potential_energy { -174.5146000853954   } 
   potential_energyvar { 541.9211427864902   } 
   nonlocal_energy { 12.44447026629918   } 
   nonlocal_energyvar { 285.5801289447469   } 
   autocorr_energy { } 
} 

block { 
   label dmc
   totweight 2176000
   nautocorr 0
   total_energy { -103.8248055855535   } 
   total_energyvar { 1.535793963288597   } 
   weight { 0.9979642316818602   } 
   weightvar { 0.09309949343876178   } 
   kinetic_energy { 58.02232220557255   } 
   kinetic_energyvar { 463.4624011686356   } 
   potential_energy { -174.2650960014473   } 
   potential_energyvar { 543.3173655877836   } 
   nonlocal_energy { 12.41796821032122   } 
   nonlocal_energyvar { 284.258391178249   } 
   autocorr_energy { } 
} 

block { 
   label dmc
   totweight 2176000
   nautocorr 0
   total_energy { -103.8256467264602   } 
   total_energyvar { 1.532951142169622   } 
   weight { 0.996486452020103   } 
   weightvar { 0.09063216510916783   } 
   kinetic_energy { 58.09768095390036   } 
   kinetic_energyvar { 455.5310383276351   } 
   potential_energy { -174.4046651089869   } 
   potential_energyvar { 536.7191232736368   } 
   nonlocal_energy { 12.48133742862626   } 
   nonlocal_energyvar { 283.81414544145   } 
   autocorr_energy { } 
} 

block { 
   label dmc
   totweight 2176000
   nautocorr 0
   total_energy { -103.8221252931312   } 
   total_energyvar { 1.527072656375822   } 
   weight { 0.99854869623051   } 
   weightvar { 0.09145569213708671   } 
   kinetic_energy { 58.35329930793896   } 
   kinetic_energyvar { 459.3767737881703   } 
   potential_energy { -174.7325683456022   } 
   potential_energyvar { 538.4559953457065   } 
   nonlocal_energy { 12.55714374453202   } 
   nonlocal_energyvar { 287.5538154500036   } 
   autocorr_energy { } 
} 

block { 
   label dmc
   totweight 2176000
   nautocorr 0
   total_energy { -103.8191727261745   } 
   total_energyvar { 1.553597560490743   } 
   weight { 0.9940479403692589   } 
   weightvar { 0.09212244063656261   } 
   kinetic_energy { 58.09234808392263   } 
   kinetic_energyvar { 457.9210556303478   } 
   potential_energy { -174.3975387049701   } 
   potential_energyvar { 540.5281907724893   } 
   nonlocal_energy { 12.48601789487295   } 
   nonlocal_energyvar { 282.9060142338809   } 
   autocorr_energy { } 
} 

block { 
   label dmc
   totweight 2176000
   nautocorr 0
   total_energy { -103.8269814877693   } 
   total_energyvar { 1.547791988734389   } 
   weight { 0.9958811078883613   } 
   weightvar { 0.09265282479099124   } 
   kinetic_energy { 58.26576994441584   } 
   kinetic_energyvar { 459.0564851258041   } 
   potential_energy { -174.5552461353104   } 
   potential_energyvar { 536.7839790557591   } 
   nonlocal_energy { 12.46249470312529   } 
   nonlocal_energyvar { 283.4727413302182   } 
   autocorr_energy { } 
} 

block { 
   label dmc
   totweight 2176000
   nautocorr 0
   total_energy { -103.8249421181662   } 
   total_energyvar { 1.533906742417457   } 
   weight { 0.9994043637774446   } 
   weightvar { 0.09521175636715373   } 
   kinetic_energy { 58.30123715764772   } 
   kinetic_energyvar { 461.0574491768825   } 
   potential_energy { -174.6211613631775   } 
   potential_energyvar { 547.5125324985092   } 
   nonlocal_energy { 12.49498208736359   } 
   nonlocal_energyvar { 287.112617140357   } 
   autocorr_energy { } 
} 

block { 
   label dmc
   totweight 2176000
   nautocorr 0
   total_energy { -103.8317312299777   } 
   total_energyvar { 1.517874003908219   } 
   weight { 1.001031961731133   } 
   weightvar { 0.09292577161523297   } 
   kinetic_energy { 58.00171436800652   } 
   kinetic_energyvar { 457.533273453053   } 
   potential_energy { -174.3786436567424   } 
   potential_energyvar { 541.3519927753223   } 
   nonlocal_energy { 12.54519805875816   } 
   nonlocal_energyvar { 284.3790158976227   } 
   autocorr_energy { } 
} 

block { 
   label dmc
   totweight 2176000
   nautocorr 0
   total_energy { -103.8280946786826   } 
   total_energyvar { 1.521706242676373   } 
   weight { 1.00189505001241   } 
   weightvar { 0.09088717209952146   } 
   kinetic_energy { 58.11947353511684   } 
   kinetic_energyvar { 457.0596404858848   } 
   potential_energy { -174.4733519786055   } 
   potential_energyvar { 542.0555349375863   } 
   nonlocal_energy { 12.5257837648061   } 
   nonlocal_energyvar { 283.2834484644152   } 
   autocorr_energy { } 
} 

block { 
   label dmc
   totweight 2176000
   nautocorr 0
   total_energy { -103.8289381388124   } 
   total_energyvar { 1.526623996125636   } 
   weight { 1.00105200513418   } 
   weightvar { 0.09010510080158141   } 
   kinetic_energy { 57.9669724929468   } 
   kinetic_energyvar { 453.375046034676   } 
   potential_energy { -174.3580211741743   } 
   potential_energyvar { 539.3791052427405   } 
   nonlocal_energy { 12.56211054241504   } 
   nonlocal_energyvar { 285.9355243640724   } 
   autocorr_energy { } 
} 

block { 
   label dmc
   totweight 2176000
   nautocorr 0
   total_energy { -103.8208039520782   } 
   total_energyvar { 1.525922328561137   } 
   weight { 1.000499386957399   } 
   weightvar { 0.09091130981168516   } 
   kinetic_energy { 58.01431550715802   } 
   kinetic_energyvar { 463.8003380726391   } 
   potential_energy { -174.2333683507405   } 
   potential_energyvar { 539.8289645354162   } 
   nonlocal_energy { 12.39824889150431   } 
   nonlocal_energyvar { 289.5921908217373   } 
   autocorr_energy { } 
} 

block { 
   label dmc
   totweight 2176000
   nautocorr 0
   total_energy { -103.8186581566596   } 
   total_energyvar { 1.543260746333544   } 
   weight { 0.9951718882566182   } 
   weightvar { 0.09248907919098737   } 
   kinetic_energy { 58.19439046193541   } 
   kinetic_energyvar { 459.4994819797148   } 
   potential_energy { -174.4506296251371   } 
   potential_energyvar { 546.6787563802027   } 
   nonlocal_energy { 12.43758100654214   } 
   nonlocal_energyvar { 282.5756599378788   } 
   autocorr_energy { } 
} 

block { 
   label dmc
   totweight 2176000
   nautocorr 0
   total_energy { -103.8286888118199   } 
   total_energyvar { 1.576054566916355   } 
   weight { 0.9953131417925187   } 
   weightvar { 0.09341943701976307   } 
   kinetic_energy { 58.09265586543717   } 
   kinetic_energyvar { 458.698573438422   } 
   potential_energy { -174.3481293142154   } 
   potential_energyvar { 539.3552092626996   } 
   nonlocal_energy { 12.42678463695836   } 
   nonlocal_energyvar { 282.3078196948002   } 
   autocorr_energy { } 
} 

block { 
   label dmc
   totweight 2176000
   nautocorr 0
   total_energy { -103.8321994502766   } 
   total_energyvar { 1.561322220990405   } 
   weight { 1.001969036664964   } 
   weightvar { 0.09210661080760141   } 
   kinetic_energy { 58.08955576137591   } 
   kinetic_energyvar { 461.2362281475139   } 
   potential_energy { -174.4184335779943   } 
   potential_energyvar { 537.5777267149533   } 
   nonlocal_energy { 12.49667836634178   } 
   nonlocal_energyvar { 288.7546408555033   } 
   autocorr_energy { } 
} 

block { 
   label dmc
   totweight 2176000
   nautocorr 0
   total_energy { -103.8297094005382   } 
   total_energyvar { 1.560939896318814   } 
   weight { 1.002713889299105   } 
   weightvar { 0.09188168255394813   } 
   kinetic_energy { 58.08875682180224   } 
   kinetic_energyvar { 459.4156602610528   } 
   potential_energy { -174.3685363823511   } 
   potential_energyvar { 542.3863528387119   } 
   nonlocal_energy { 12.45007016001065   } 
   nonlocal_energyvar { 283.3435474061403   } 
   autocorr_energy { } 
} 

block { 
   label dmc
   totweight 2176000
   nautocorr 0
   total_energy { -103.8327858918451   } 
   total_energyvar { 1.515693436878792   } 
   weight { 1.003133828223424   } 
   weightvar { 0.09386862637374072   } 
   kinetic_energy { 57.97187636223244   } 
   kinetic_energyvar { 457.4325218689933   } 
   potential_energy { -174.3231023640837   } 
   potential_energyvar { 542.1683762554676   } 
   nonlocal_energy { 12.51844011000616   } 
   nonlocal_energyvar { 284.4359550843137   } 
   autocorr_energy { } 
} 

block { 
   label dmc
   totweight 2176000
   nautocorr 0
   total_energy { -103.8280633499888   } 
   total_energyvar { 1.548393342744021   } 
   weight { 1.001341408384625   } 
   weightvar { 0.09284927354950834   } 
   kinetic_energy { 57.97620234148164   } 
   kinetic_energyvar { 465.3916613879132   } 
   potential_energy { -174.2601476536378   } 
   potential_energyvar { 542.5266682449546   } 
   nonlocal_energy { 12.45588196216737   } 
   nonlocal_energyvar { 291.3441309571641   } 
   autocorr_energy { } 
} 

block { 
   label dmc
   totweight 2176000
   nautocorr 0
   total_energy { -103.8286124628034   } 
   total_energyvar { 1.554963885824691   } 
   weight { 1.002230870500669   } 
   weightvar { 0.0912659329697072   } 
   kinetic_energy { 57.97464393918742   } 
   kinetic_energyvar { 456.3140580100385   } 
   potential_energy { -174.3075337550859   } 
   potential_energyvar { 539.4449463247329   } 
   nonlocal_energy { 12.50427735309505   } 
   nonlocal_energyvar { 285.1820234027271   } 
   autocorr_energy { } 
} 

block { 
   label dmc
   totweight 2176000
   nautocorr 0
   total_energy { -103.8286252328064   } 
   total_energyvar { 1.516695486074241   } 
   weight { 1.001823494156552   } 
   weightvar { 0.09237981322811084   } 
   kinetic_energy { 58.11817194034988   } 
   kinetic_energyvar { 456.4912574846071   } 
   potential_energy { -174.5410585803806   } 
   potential_energyvar { 539.6710589212489   } 
   nonlocal_energy { 12.59426140722428   } 
   nonlocal_energyvar { 284.0461245326009   } 
   autocorr_energy { } 
} 

block { 
   label dmc
   totweight 2176000
   nautocorr 0
   total_energy { -103.8304965522546   } 
   total_energyvar { 1.550510409415438   } 
   weight { 1.001364007309209   } 
   weightvar { 0.09253086056620274   } 
   kinetic_energy { 58.05057147664596   } 
   kinetic_energyvar { 455.1668440710268   } 
   potential_energy { -174.4514586652076   } 
   potential_energyvar { 533.7024893212729   } 
   nonlocal_energy { 12.57039063630699   } 
   nonlocal_energyvar { 288.8314247324756   } 
   autocorr_energy { } 
} 

block { 
   label dmc
   totweight 2176000
   nautocorr 0
   total_energy { -103.8219650677825   } 
   total_energyvar { 1.514346988498801   } 
   weight { 0.9991349752871664   } 
   weightvar { 0.09213177005273065   } 
   kinetic_energy { 58.12353858121431   } 
   kinetic_energyvar { 455.7916581425952   } 
   potential_energy { -174.4027411252048   } 
   potential_energyvar { 541.3236940899224   } 
   nonlocal_energy { 12.45723747620798   } 
   nonlocal_energyvar { 279.7692094183169   } 
   autocorr_energy { } 
} 

block { 
   label dmc
   totweight 2176000
   nautocorr 0
   total_energy { -103.8190190203358   } 
   total_energyvar { 1.54273976309014   } 
   weight { 0.9934445520954301   } 
   weightvar { 0.09452771958505835   } 
   kinetic_energy { 58.43788513159776   } 
   kinetic_energyvar { 468.183632651544   } 
   potential_energy { -174.757579493851   } 
   potential_energyvar { 542.4992910900801   } 
   nonlocal_energy { 12.50067534191742   } 
   nonlocal_energyvar { 290.928118025567   } 
   autocorr_energy { } 
} 

block { 
   label dmc
   totweight 2176000
   nautocorr 0
   total_energy { -103.8298124918812   } 
   total_energyvar { 1.542927423393849   } 
   weight { 0.9971831123387495   } 
   weightvar { 0.09638059922871733   } 
   kinetic_energy { 58.2773019752368   } 
   kinetic_energyvar { 453.6276232643968   } 
   potential_energy { -174.6463138479849   } 
   potential_energyvar { 538.5633335025123   } 
   nonlocal_energy { 12.5391993808669   } 
   nonlocal_energyvar { 283.6175694318647   } 
   autocorr_energy { } 
} 

block { 
   label dmc
   totweight 2176000
   nautocorr 0
   total_energy { -103.8299589755223   } 
   total_energyvar { 1.536102201622271   } 
   weight { 0.9989919548393432   } 
   weightvar { 0.09623980094900952   } 
   kinetic_energy { 58.43543028314735   } 
   kinetic_energyvar { 462.8752217005458   } 
   potential_energy { -174.7810536267455   } 
   potential_energyvar { 544.2818033643125   } 
   nonlocal_energy { 12.51566436807589   } 
   nonlocal_energyvar { 283.6169765273109   } 
   autocorr_energy { } 
} 

block { 
   label dmc
   totweight 2176000
   nautocorr 0
   total_energy { -103.8241002259829   } 
   total_energyvar { 1.543263684407066   } 
   weight { 0.9995276278892741   } 
   weightvar { 0.09260401909219018   } 
   kinetic_energy { 58.16123009846653   } 
   kinetic_energyvar { 457.9708617057954   } 
   potential_energy { -174.4284360664041   } 
   potential_energyvar { 537.8230824703751   } 
   nonlocal_energy { 12.44310574195465   } 
   nonlocal_energyvar { 281.6487083649549   } 
   autocorr_energy { } 
} 

block { 
   label dmc
   totweight 2176000
   nautocorr 0
   total_energy { -103.8273450141559   } 
   total_energyvar { 1.520882981883915   } 
   weight { 0.9979193542020289   } 
   weightvar { 0.09417792326914609   } 
   kinetic_energy { 57.92069447583358   } 
   kinetic_energyvar { 457.5045049073965   } 
   potential_energy { -174.2171431615886   } 
   potential_energyvar { 541.2543662363169   } 
   nonlocal_energy { 12.46910367159916   } 
   nonlocal_energyvar { 285.431918092671   } 
   autocorr_energy { } 
} 

block { 
   label dmc
   totweight 2176000
   nautocorr 0
   total_energy { -103.8233940355652   } 
   total_energyvar { 1.529992069745276   } 
   weight { 0.9980332638455323   } 
   weightvar { 0.09317274818238819   } 
   kinetic_energy { 58.06015059645945   } 
   kinetic_energyvar { 449.0272817470423   } 
   potential_energy { -174.374674435969   } 
   potential_energyvar { 529.8134193515434   } 
   nonlocal_energy { 12.49112980394435   } 
   nonlocal_energyvar { 283.994070355543   } 
   autocorr_energy { } 
} 

block { 
   label dmc
   totweight 2176000
   nautocorr 0
   total_energy { -103.823812039866   } 
   total_energyvar { 1.507848317687603   } 
   weight { 0.9968813990827312   } 
   weightvar { 0.09238090249556541   } 
   kinetic_energy { 58.17427769096498   } 
   kinetic_energyvar { 461.5571270582623   } 
   potential_energy { -174.4683773558898   } 
   potential_energyvar { 542.2102460829774   } 
   nonlocal_energy { 12.47028762505885   } 
   nonlocal_energyvar { 288.8345639325294   } 
   autocorr_energy { } 
} 

block { 
   label dmc
   totweight 2176000
   nautocorr 0
   total_energy { -103.8263465621263   } 
   total_energyvar { 1.550084302303731   } 
   weight { 0.9966583812381749   } 
   weightvar { 0.09327656402590645   } 
   kinetic_energy { 58.09468458433037   } 
   kinetic_energyvar { 456.8809016577347   } 
   potential_energy { -174.4151817592241   } 
   potential_energyvar { 542.2980009039529   } 
   nonlocal_energy { 12.49415061276741   } 
   nonlocal_energyvar { 285.7359757084095   } 
   autocorr_energy { } 
} 

block { 
   label dmc
   totweight 2176000
   nautocorr 0
   total_energy { -103.825247868461   } 
   total_energyvar { 1.543093644220789   } 
   weight { 0.9971588228820185   } 
   weightvar { 0.09432460062910575   } 
   kinetic_energy { 58.01380752434825   } 
   kinetic_energyvar { 451.7195212786164   } 
   potential_energy { -174.3782193458578   } 
   potential_energyvar { 534.6861742963883   } 
   nonlocal_energy { 12.53916395304858   } 
   nonlocal_energyvar { 281.6704996077437   } 
   autocorr_energy { } 
} 

block { 
   label dmc
   totweight 2176000
   nautocorr 0
   total_energy { -103.8301557543427   } 
   total_energyvar { 1.503524606132487   } 
   weight { 0.9998390475689974   } 
   weightvar { 0.09371367777472306   } 
   kinetic_energy { 57.98967483047221   } 
   kinetic_energyvar { 450.7084126921718   } 
   potential_energy { -174.2278840075761   } 
   potential_energyvar { 537.116246678579   } 
   nonlocal_energy { 12.40805342276115   } 
   nonlocal_energyvar { 277.4495105999515   } 
   autocorr_energy { } 
} 

