

******** <class 'pyscf.scf.hf_symm.SymAdaptedROHF'> flags ********
method = SymAdaptedROHF-ROHF-RHF
initial guess = minao
damping factor = 0
level shift factor = 0
DIIS = <class 'pyscf.scf.diis.CDIIS'>
DIIS start cycle = 1
DIIS space = 8
SCF tol = 1e-09
SCF gradient tol = None
max. SCF cycles = 150
direct_scf = True
direct_scf_tol = 1e-13
chkfile to save SCF result = Ni.chkfile
max_memory 4000 MB (current use 65 MB)
num. doubly occ = 8  num. singly occ = 2
irrep_nelec {'Ag': (4, 4), 'B3u': (1, 1), 'B1u': (1, 1), 'B2u': (1, 1), 'B1g': (1, 0), 'B3g': (1, 0), 'B2g': (1, 1), 'Au': (0, 0)}
Set gradient conv threshold to 3.16228e-05
init E= -167.673049235059
HOMO (Ag) = -0.294058699949558  LUMO (B3u) = 0.0263121032993572
cycle= 1 E= -168.450960556679  delta_E= -0.778  |g|= 0.234  |ddm|= 1.27
HOMO (B1g) = -0.269365768477684  LUMO (B2u) = 0.0267693560752127
cycle= 2 E= -168.458082667823  delta_E= -0.00712  |g|= 0.147  |ddm|= 0.118
HOMO (B1g) = -0.214453728063374  LUMO (B2u) = 0.0273221105618519
cycle= 3 E= -168.45978145764  delta_E= -0.0017  |g|= 0.0676  |ddm|= 0.0626
HOMO (B1g) = -0.232251208457457  LUMO (B2u) = 0.0268753324488963
cycle= 4 E= -168.460418772386  delta_E= -0.000637  |g|= 0.00345  |ddm|= 0.0235
HOMO (B1g) = -0.233226689579206  LUMO (B2u) = 0.0266809965522094
cycle= 5 E= -168.460420796318  delta_E= -2.02e-06  |g|= 0.0022  |ddm|= 0.0152
HOMO (B1g) = -0.233178226271436  LUMO (B2u) = 0.0266628818733263
cycle= 6 E= -168.460426340909  delta_E= -5.54e-06  |g|= 0.000449  |ddm|= 0.00803
HOMO (B1g) = -0.233252265252146  LUMO (B2u) = 0.0266511750450162
cycle= 7 E= -168.460426485423  delta_E= -1.45e-07  |g|= 0.000263  |ddm|= 0.000791
HOMO (B1g) = -0.23331259096476  LUMO (B2u) = 0.0266449514330832
cycle= 8 E= -168.460426538181  delta_E= -5.28e-08  |g|= 1.88e-05  |ddm|= 0.000841
HOMO (B1g) = -0.233312590281126  LUMO (B2u) = 0.0266445809659917
cycle= 9 E= -168.460426538466  delta_E= -2.85e-10  |g|= 1.57e-06  |ddm|= 6.22e-05
HOMO (B3g) = -0.233312151092583  LUMO (B2u) = 0.0266445798427861
Extra cycle  E= -168.460426538466  delta_E= -4.55e-13  |g|= 1.32e-06  |ddm|= 5.68e-06
converged SCF energy = -168.460426538466
 ** Mulliken pop  **
pop of  0 Ni 3s        2.00005
pop of  0 Ni 4s        2.00109
pop of  0 Ni 5s        0.00002
pop of  0 Ni 6s       -0.00152
pop of  0 Ni 7s        0.00006
pop of  0 Ni 3px       2.00027
pop of  0 Ni 3py       1.99996
pop of  0 Ni 3pz       2.00027
pop of  0 Ni 4px       0.00024
pop of  0 Ni 4py       0.00015
pop of  0 Ni 4pz       0.00024
pop of  0 Ni 5px      -0.00007
pop of  0 Ni 5py      -0.00009
pop of  0 Ni 5pz      -0.00007
pop of  0 Ni 6px      -0.00045
pop of  0 Ni 6py      -0.00020
pop of  0 Ni 6pz      -0.00045
pop of  0 Ni 7px      -0.00002
pop of  0 Ni 7py      -0.00004
pop of  0 Ni 7pz      -0.00002
pop of  0 Ni 3dxy      1.00273
pop of  0 Ni 3dyz      1.00273
pop of  0 Ni 3dz^2     2.00638
pop of  0 Ni 3dxz      2.00621
pop of  0 Ni 3dx2-y2    2.00670
pop of  0 Ni 4dxy      0.00229
pop of  0 Ni 4dyz      0.00229
pop of  0 Ni 4dz^2     0.00108
pop of  0 Ni 4dxz      0.00071
pop of  0 Ni 4dx2-y2    0.00182
pop of  0 Ni 5dxy     -0.00589
pop of  0 Ni 5dyz     -0.00589
pop of  0 Ni 5dz^2    -0.00842
pop of  0 Ni 5dxz     -0.00786
pop of  0 Ni 5dx2-y2   -0.00956
pop of  0 Ni 6dxy      0.00087
pop of  0 Ni 6dyz      0.00087
pop of  0 Ni 6dz^2     0.00104
pop of  0 Ni 6dxz      0.00094
pop of  0 Ni 6dx2-y2    0.00126
pop of  0 Ni 4fy^3     0.00003
pop of  0 Ni 4fxyz     0.00000
pop of  0 Ni 4fyz^2    0.00002
pop of  0 Ni 4fz^3     0.00000
pop of  0 Ni 4fxz^2    0.00000
pop of  0 Ni 4fzx^2    0.00001
pop of  0 Ni 4fx^3     0.00001
pop of  0 Ni 5fy^3     0.00011
pop of  0 Ni 5fxyz     0.00000
pop of  0 Ni 5fyz^2    0.00007
pop of  0 Ni 5fz^3     0.00000
pop of  0 Ni 5fxz^2    0.00000
pop of  0 Ni 5fzx^2    0.00000
pop of  0 Ni 5fx^3     0.00001
 ** Mulliken atomic charges  **
charge of  0Ni =     -0.00000
