#-------------------------------------------------
#VMC run: timestep 2.5 nconfig 6400 steps 100
#-------------------------------------------------


init { 
   label VMC_0
}
block { 
   label VMC_0
   totweight 640000
   nautocorr 0
   total_energy { -15.72396473743997   } 
   total_energyvar { 1.024719573645001   } 
   weight { 1   } 
   weightvar { 0   } 
   kinetic_energy { 11.45695168326458   } 
   kinetic_energyvar { 62.12144438331569   } 
   potential_energy { -28.18325788940288   } 
   potential_energyvar { 68.20622381835994   } 
   nonlocal_energy { 1.002341468698342   } 
   nonlocal_energyvar { 22.86695696138152   } 
   autocorr_energy { } 
} 

block { 
   label VMC_0
   totweight 640000
   nautocorr 0
   total_energy { -15.72961318554248   } 
   total_energyvar { 1.018663709792889   } 
   weight { 1   } 
   weightvar { 0   } 
   kinetic_energy { 11.48358323533724   } 
   kinetic_energyvar { 60.49288717451833   } 
   potential_energy { -28.24062090850698   } 
   potential_energyvar { 66.86456143234943   } 
   nonlocal_energy { 1.027424487627266   } 
   nonlocal_energyvar { 22.17735934218563   } 
   autocorr_energy { } 
} 

block { 
   label VMC_0
   totweight 640000
   nautocorr 0
   total_energy { -15.72756027875196   } 
   total_energyvar { 1.026990054245005   } 
   weight { 1   } 
   weightvar { 0   } 
   kinetic_energy { 11.46712460663502   } 
   kinetic_energyvar { 60.8163186887449   } 
   potential_energy { -28.19121745679121   } 
   potential_energyvar { 68.03745739911619   } 
   nonlocal_energy { 0.9965325714042261   } 
   nonlocal_energyvar { 22.86434657285901   } 
   autocorr_energy { } 
} 

block { 
   label VMC_0
   totweight 640000
   nautocorr 0
   total_energy { -15.72765981632099   } 
   total_energyvar { 1.021572115266622   } 
   weight { 1   } 
   weightvar { 0   } 
   kinetic_energy { 11.48934996413079   } 
   kinetic_energyvar { 61.71566912731882   } 
   potential_energy { -28.21355886943172   } 
   potential_energyvar { 66.76956529046663   } 
   nonlocal_energy { 0.9965490889799478   } 
   nonlocal_energyvar { 22.23106140604072   } 
   autocorr_energy { } 
} 

block { 
   label VMC_0
   totweight 640000
   nautocorr 0
   total_energy { -15.72903715376185   } 
   total_energyvar { 1.019857605657393   } 
   weight { 1   } 
   weightvar { 0   } 
   kinetic_energy { 11.49772376065591   } 
   kinetic_energyvar { 62.01902169650361   } 
   potential_energy { -28.24094587449807   } 
   potential_energyvar { 70.45525395117863   } 
   nonlocal_energy { 1.014184960080306   } 
   nonlocal_energyvar { 23.95009812171886   } 
   autocorr_energy { } 
} 

block { 
   label VMC_0
   totweight 640000
   nautocorr 0
   total_energy { -15.72708440363629   } 
   total_energyvar { 1.025770128742124   } 
   weight { 1   } 
   weightvar { 0   } 
   kinetic_energy { 11.52505496280019   } 
   kinetic_energyvar { 62.24554619772735   } 
   potential_energy { -28.2518178721066   } 
   potential_energyvar { 68.31664881016957   } 
   nonlocal_energy { 0.9996785056701208   } 
   nonlocal_energyvar { 21.94323089928746   } 
   autocorr_energy { } 
} 

block { 
   label VMC_0
   totweight 640000
   nautocorr 0
   total_energy { -15.72951854460075   } 
   total_energyvar { 1.015784997815359   } 
   weight { 1   } 
   weightvar { 0   } 
   kinetic_energy { 11.45382266205013   } 
   kinetic_energyvar { 60.93109726577126   } 
   potential_energy { -28.22203694518872   } 
   potential_energyvar { 70.57043796636879   } 
   nonlocal_energy { 1.038695738537843   } 
   nonlocal_energyvar { 25.03946478126814   } 
   autocorr_energy { } 
} 

block { 
   label VMC_0
   totweight 640000
   nautocorr 0
   total_energy { -15.72984798705037   } 
   total_energyvar { 1.021826875253652   } 
   weight { 1   } 
   weightvar { 0   } 
   kinetic_energy { 11.4809345826035   } 
   kinetic_energyvar { 60.90705694936074   } 
   potential_energy { -28.24172230420192   } 
   potential_energyvar { 68.45682513550798   } 
   nonlocal_energy { 1.030939734548048   } 
   nonlocal_energyvar { 23.02031590073797   } 
   autocorr_energy { } 
} 

block { 
   label VMC_0
   totweight 640000
   nautocorr 0
   total_energy { -15.73233506067543   } 
   total_energyvar { 1.015045768942912   } 
   weight { 1   } 
   weightvar { 0   } 
   kinetic_energy { 11.5111941642235   } 
   kinetic_energyvar { 61.55688562439704   } 
   potential_energy { -28.25419584405121   } 
   potential_energyvar { 67.97082679254856   } 
   nonlocal_energy { 1.010666619152283   } 
   nonlocal_energyvar { 21.84612839255504   } 
   autocorr_energy { } 
} 

block { 
   label VMC_0
   totweight 640000
   nautocorr 0
   total_energy { -15.72894951048979   } 
   total_energyvar { 1.021200151995231   } 
   weight { 1   } 
   weightvar { 0   } 
   kinetic_energy { 11.45507755920275   } 
   kinetic_energyvar { 61.55977713299436   } 
   potential_energy { -28.17667411370062   } 
   potential_energyvar { 67.66207120908985   } 
   nonlocal_energy { 0.9926470440080744   } 
   nonlocal_energyvar { 23.56524176258553   } 
   autocorr_energy { } 
} 

block { 
   label VMC_0
   totweight 640000
   nautocorr 0
   total_energy { -15.72949279232545   } 
   total_energyvar { 1.025943450655063   } 
   weight { 1   } 
   weightvar { 0   } 
   kinetic_energy { 11.56104790765477   } 
   kinetic_energyvar { 62.82584770153321   } 
   potential_energy { -28.30232809262491   } 
   potential_energyvar { 68.52000644955956   } 
   nonlocal_energy { 1.01178739264469   } 
   nonlocal_energyvar { 22.49637369261243   } 
   autocorr_energy { } 
} 

block { 
   label VMC_0
   totweight 640000
   nautocorr 0
   total_energy { -15.72404977740578   } 
   total_energyvar { 1.022871708394121   } 
   weight { 1   } 
   weightvar { 0   } 
   kinetic_energy { 11.5086951109694   } 
   kinetic_energyvar { 63.63206963849601   } 
   potential_energy { -28.24055171351898   } 
   potential_energyvar { 68.61920111306927   } 
   nonlocal_energy { 1.007806825143801   } 
   nonlocal_energyvar { 23.66305174533945   } 
   autocorr_energy { } 
} 

block { 
   label VMC_0
   totweight 640000
   nautocorr 0
   total_energy { -15.72866057306627   } 
   total_energyvar { 1.019613444918122   } 
   weight { 1   } 
   weightvar { 0   } 
   kinetic_energy { 11.48142723116779   } 
   kinetic_energyvar { 62.39264798917219   } 
   potential_energy { -28.22337987684759   } 
   potential_energyvar { 68.24374063347079   } 
   nonlocal_energy { 1.013292072613522   } 
   nonlocal_energyvar { 22.73176842309025   } 
   autocorr_energy { } 
} 

block { 
   label VMC_0
   totweight 640000
   nautocorr 0
   total_energy { -15.72708958812076   } 
   total_energyvar { 1.024386436433389   } 
   weight { 1   } 
   weightvar { 0   } 
   kinetic_energy { 11.48974072904781   } 
   kinetic_energyvar { 61.93527257338238   } 
   potential_energy { -28.2176066489002   } 
   potential_energyvar { 66.9912957191309   } 
   nonlocal_energy { 1.000776331731622   } 
   nonlocal_energyvar { 22.36611292866696   } 
   autocorr_energy { } 
} 

block { 
   label VMC_0
   totweight 640000
   nautocorr 0
   total_energy { -15.72719215004222   } 
   total_energyvar { 1.029605083009557   } 
   weight { 1   } 
   weightvar { 0   } 
   kinetic_energy { 11.50652238863186   } 
   kinetic_energyvar { 62.70438450033004   } 
   potential_energy { -28.23762329168608   } 
   potential_energyvar { 68.6421724338403   } 
   nonlocal_energy { 1.003908753012006   } 
   nonlocal_energyvar { 24.0734771244025   } 
   autocorr_energy { } 
} 

block { 
   label VMC_0
   totweight 640000
   nautocorr 0
   total_energy { -15.72737943281637   } 
   total_energyvar { 1.021776095432784   } 
   weight { 1   } 
   weightvar { 0   } 
   kinetic_energy { 11.44498784797506   } 
   kinetic_energyvar { 60.341306821931   } 
   potential_energy { -28.15485928400837   } 
   potential_energyvar { 67.6425326723197   } 
   nonlocal_energy { 0.9824920032169447   } 
   nonlocal_energyvar { 22.28311541753835   } 
   autocorr_energy { } 
} 

block { 
   label VMC_0
   totweight 640000
   nautocorr 0
   total_energy { -15.7268655878938   } 
   total_energyvar { 1.021315875001875   } 
   weight { 1   } 
   weightvar { 0   } 
   kinetic_energy { 11.49429393849166   } 
   kinetic_energyvar { 61.64589809766673   } 
   potential_energy { -28.22029380462724   } 
   potential_energyvar { 66.86078497215328   } 
   nonlocal_energy { 0.9991342782417864   } 
   nonlocal_energyvar { 22.00478400913093   } 
   autocorr_energy { } 
} 

block { 
   label VMC_0
   totweight 640000
   nautocorr 0
   total_energy { -15.72678300330499   } 
   total_energyvar { 1.021676937793728   } 
   weight { 1   } 
   weightvar { 0   } 
   kinetic_energy { 11.50591195001186   } 
   kinetic_energyvar { 64.89366048745654   } 
   potential_energy { -28.22749133369288   } 
   potential_energyvar { 69.22288829908712   } 
   nonlocal_energy { 0.9947963803760401   } 
   nonlocal_energyvar { 24.68900058953578   } 
   autocorr_energy { } 
} 

block { 
   label VMC_0
   totweight 640000
   nautocorr 0
   total_energy { -15.72751989911479   } 
   total_energyvar { 1.018843785049057   } 
   weight { 1   } 
   weightvar { 0   } 
   kinetic_energy { 11.50688458224713   } 
   kinetic_energyvar { 61.27338979142493   } 
   potential_energy { -28.24799529508082   } 
   potential_energyvar { 68.00051504050782   } 
   nonlocal_energy { 1.013590813718889   } 
   nonlocal_energyvar { 22.43748310940003   } 
   autocorr_energy { } 
} 

block { 
   label VMC_0
   totweight 640000
   nautocorr 0
   total_energy { -15.7288496730447   } 
   total_energyvar { 1.020328161701372   } 
   weight { 1   } 
   weightvar { 0   } 
   kinetic_energy { 11.55043304187133   } 
   kinetic_energyvar { 64.0563701005492   } 
   potential_energy { -28.28977137475298   } 
   potential_energyvar { 67.83105589015577   } 
   nonlocal_energy { 1.010488659836956   } 
   nonlocal_energyvar { 23.73190642718721   } 
   autocorr_energy { } 
} 

block { 
   label VMC_0
   totweight 640000
   nautocorr 0
   total_energy { -15.72406034362826   } 
   total_energyvar { 1.028395816046839   } 
   weight { 1   } 
   weightvar { 0   } 
   kinetic_energy { 11.46186117305268   } 
   kinetic_energyvar { 61.40499060080657   } 
   potential_energy { -28.190432579233   } 
   potential_energyvar { 68.76385489754387   } 
   nonlocal_energy { 1.004511062552055   } 
   nonlocal_energyvar { 22.14585871013128   } 
   autocorr_energy { } 
} 

block { 
   label VMC_0
   totweight 640000
   nautocorr 0
   total_energy { -15.72740537565491   } 
   total_energyvar { 1.020695916738021   } 
   weight { 1   } 
   weightvar { 0   } 
   kinetic_energy { 11.52995044208677   } 
   kinetic_energyvar { 62.22753290630698   } 
   potential_energy { -28.29337599564   } 
   potential_energyvar { 69.55338185101891   } 
   nonlocal_energy { 1.036020177898327   } 
   nonlocal_energyvar { 23.04927127359921   } 
   autocorr_energy { } 
} 

block { 
   label VMC_0
   totweight 640000
   nautocorr 0
   total_energy { -15.72543380473049   } 
   total_energyvar { 1.039055338750273   } 
   weight { 1   } 
   weightvar { 0   } 
   kinetic_energy { 11.50280684673534   } 
   kinetic_energyvar { 61.95475143417079   } 
   potential_energy { -28.24403006762417   } 
   potential_energyvar { 69.41980213448892   } 
   nonlocal_energy { 1.015789416158342   } 
   nonlocal_energyvar { 23.97426506266862   } 
   autocorr_energy { } 
} 

block { 
   label VMC_0
   totweight 640000
   nautocorr 0
   total_energy { -15.72762181678464   } 
   total_energyvar { 1.020164975295955   } 
   weight { 1   } 
   weightvar { 0   } 
   kinetic_energy { 11.50266211562408   } 
   kinetic_energyvar { 61.32392735386185   } 
   potential_energy { -28.23669508407245   } 
   potential_energyvar { 68.0378185843274   } 
   nonlocal_energy { 1.00641115166373   } 
   nonlocal_energyvar { 22.22129210660322   } 
   autocorr_energy { } 
} 

block { 
   label VMC_0
   totweight 640000
   nautocorr 0
   total_energy { -15.72783166948458   } 
   total_energyvar { 1.016893955589381   } 
   weight { 1   } 
   weightvar { 0   } 
   kinetic_energy { 11.48597409534175   } 
   kinetic_energyvar { 61.93052818951077   } 
   potential_energy { -28.21864069240886   } 
   potential_energyvar { 68.44161053641176   } 
   nonlocal_energy { 1.004834927582533   } 
   nonlocal_energyvar { 23.12247625182032   } 
   autocorr_energy { } 
} 

block { 
   label VMC_0
   totweight 640000
   nautocorr 0
   total_energy { -15.72759288332488   } 
   total_energyvar { 1.027610902233022   } 
   weight { 1   } 
   weightvar { 0   } 
   kinetic_energy { 11.50173778258956   } 
   kinetic_energyvar { 62.76474977121279   } 
   potential_energy { -28.23983085646971   } 
   potential_energyvar { 68.17337703479677   } 
   nonlocal_energy { 1.010500190555261   } 
   nonlocal_energyvar { 23.72378728526406   } 
   autocorr_energy { } 
} 

block { 
   label VMC_0
   totweight 640000
   nautocorr 0
   total_energy { -15.72502487157336   } 
   total_energyvar { 1.035496604051389   } 
   weight { 1   } 
   weightvar { 0   } 
   kinetic_energy { 11.51626500081846   } 
   kinetic_energyvar { 63.82025287511988   } 
   potential_energy { -28.22226515897674   } 
   potential_energyvar { 66.36135342909267   } 
   nonlocal_energy { 0.9809752865849263   } 
   nonlocal_energyvar { 23.46544196453483   } 
   autocorr_energy { } 
} 

block { 
   label VMC_0
   totweight 640000
   nautocorr 0
   total_energy { -15.72643954228514   } 
   total_energyvar { 1.027201002848642   } 
   weight { 1   } 
   weightvar { 0   } 
   kinetic_energy { 11.47078684100152   } 
   kinetic_energyvar { 61.66144493805521   } 
   potential_energy { -28.18525341475736   } 
   potential_energyvar { 67.71607509472506   } 
   nonlocal_energy { 0.9880270314707031   } 
   nonlocal_energyvar { 22.96472377712835   } 
   autocorr_energy { } 
} 

block { 
   label VMC_0
   totweight 640000
   nautocorr 0
   total_energy { -15.72845589854242   } 
   total_energyvar { 1.022421294750046   } 
   weight { 1   } 
   weightvar { 0   } 
   kinetic_energy { 11.44721484690331   } 
   kinetic_energyvar { 60.46521080666537   } 
   potential_energy { -28.18415481050069   } 
   potential_energyvar { 66.67901425901891   } 
   nonlocal_energy { 1.008484065054969   } 
   nonlocal_energyvar { 22.57100206752301   } 
   autocorr_energy { } 
} 

block { 
   label VMC_0
   totweight 640000
   nautocorr 0
   total_energy { -15.7319004908427   } 
   total_energyvar { 1.012389203943343   } 
   weight { 1   } 
   weightvar { 0   } 
   kinetic_energy { 11.53295356109436   } 
   kinetic_energyvar { 62.71680312017224   } 
   potential_energy { -28.27866239344537   } 
   potential_energyvar { 68.29031404136936   } 
   nonlocal_energy { 1.013808341508299   } 
   nonlocal_energyvar { 23.40409545891081   } 
   autocorr_energy { } 
} 

block { 
   label VMC_0
   totweight 640000
   nautocorr 0
   total_energy { -15.72474218611158   } 
   total_energyvar { 1.016990985024307   } 
   weight { 1   } 
   weightvar { 0   } 
   kinetic_energy { 11.51095287411195   } 
   kinetic_energyvar { 62.24439151102393   } 
   potential_energy { -28.22272739672712   } 
   potential_energyvar { 66.92991445661983   } 
   nonlocal_energy { 0.9870323365035847   } 
   nonlocal_energyvar { 21.6540525121724   } 
   autocorr_energy { } 
} 

block { 
   label VMC_0
   totweight 640000
   nautocorr 0
   total_energy { -15.72464583679618   } 
   total_energyvar { 1.024601734614834   } 
   weight { 1   } 
   weightvar { 0   } 
   kinetic_energy { 11.50907454242214   } 
   kinetic_energyvar { 62.76083936926418   } 
   potential_energy { -28.2451364254205   } 
   potential_energyvar { 69.17072863095586   } 
   nonlocal_energy { 1.011416046202176   } 
   nonlocal_energyvar { 23.22993402269836   } 
   autocorr_energy { } 
} 

block { 
   label VMC_0
   totweight 640000
   nautocorr 0
   total_energy { -15.72879923975995   } 
   total_energyvar { 1.022291807617563   } 
   weight { 1   } 
   weightvar { 0   } 
   kinetic_energy { 11.5958372550705   } 
   kinetic_energyvar { 63.87698605452454   } 
   potential_energy { -28.33603390505534   } 
   potential_energyvar { 68.722860036773   } 
   nonlocal_energy { 1.011397410224883   } 
   nonlocal_energyvar { 22.60559138196183   } 
   autocorr_energy { } 
} 

block { 
   label VMC_0
   totweight 640000
   nautocorr 0
   total_energy { -15.73042027526081   } 
   total_energyvar { 1.023102979607927   } 
   weight { 1   } 
   weightvar { 0   } 
   kinetic_energy { 11.50587422937252   } 
   kinetic_energyvar { 62.12457599720105   } 
   potential_energy { -28.27192172120277   } 
   potential_energyvar { 69.14628377081067   } 
   nonlocal_energy { 1.035627216569427   } 
   nonlocal_energyvar { 24.30726235604889   } 
   autocorr_energy { } 
} 

block { 
   label VMC_0
   totweight 640000
   nautocorr 0
   total_energy { -15.72582139711209   } 
   total_energyvar { 1.032118700969647   } 
   weight { 1   } 
   weightvar { 0   } 
   kinetic_energy { 11.57986730926621   } 
   kinetic_energyvar { 63.08297802666138   } 
   potential_energy { -28.32910518947542   } 
   potential_energyvar { 69.86420117732087   } 
   nonlocal_energy { 1.023416483097126   } 
   nonlocal_energyvar { 22.52042135526276   } 
   autocorr_energy { } 
} 

block { 
   label VMC_0
   totweight 640000
   nautocorr 0
   total_energy { -15.72865833492411   } 
   total_energyvar { 1.023776602055108   } 
   weight { 1   } 
   weightvar { 0   } 
   kinetic_energy { 11.48365056170331   } 
   kinetic_energyvar { 62.46214543475799   } 
   potential_energy { -28.21882083901907   } 
   potential_energyvar { 68.84242244256654   } 
   nonlocal_energy { 1.006511942391652   } 
   nonlocal_energyvar { 23.29285695913288   } 
   autocorr_energy { } 
} 

block { 
   label VMC_0
   totweight 640000
   nautocorr 0
   total_energy { -15.73038431247612   } 
   total_energyvar { 1.017686908867347   } 
   weight { 1   } 
   weightvar { 0   } 
   kinetic_energy { 11.47335820979017   } 
   kinetic_energyvar { 61.92549627878961   } 
   potential_energy { -28.1880805440637   } 
   potential_energyvar { 66.42460723053603   } 
   nonlocal_energy { 0.9843380217974113   } 
   nonlocal_energyvar { 21.57727836740026   } 
   autocorr_energy { } 
} 

block { 
   label VMC_0
   totweight 640000
   nautocorr 0
   total_energy { -15.72857809910057   } 
   total_energyvar { 1.014869908365029   } 
   weight { 1   } 
   weightvar { 0   } 
   kinetic_energy { 11.46392405303114   } 
   kinetic_energyvar { 64.01313381771629   } 
   potential_energy { -28.207191038338   } 
   potential_energyvar { 68.72806266387681   } 
   nonlocal_energy { 1.014688886206282   } 
   nonlocal_energyvar { 25.40830264577777   } 
   autocorr_energy { } 
} 

block { 
   label VMC_0
   totweight 640000
   nautocorr 0
   total_energy { -15.72218343526495   } 
   total_energyvar { 1.027393447282094   } 
   weight { 1   } 
   weightvar { 0   } 
   kinetic_energy { 11.53538700917704   } 
   kinetic_energyvar { 65.12263059892891   } 
   potential_energy { -28.2564860631932   } 
   potential_energyvar { 68.39300767852319   } 
   nonlocal_energy { 0.9989156187512208   } 
   nonlocal_energyvar { 24.15415143541875   } 
   autocorr_energy { } 
} 

block { 
   label VMC_0
   totweight 640000
   nautocorr 0
   total_energy { -15.73009928200266   } 
   total_energyvar { 1.011312866610979   } 
   weight { 1   } 
   weightvar { 0   } 
   kinetic_energy { 11.45943314280473   } 
   kinetic_energyvar { 62.63226211947205   } 
   potential_energy { -28.17868206998322   } 
   potential_energyvar { 67.07651269142377   } 
   nonlocal_energy { 0.9891496451758282   } 
   nonlocal_energyvar { 22.88047834975323   } 
   autocorr_energy { } 
} 

block { 
   label VMC_0
   totweight 640000
   nautocorr 0
   total_energy { -15.72460154364413   } 
   total_energyvar { 1.035064603797053   } 
   weight { 1   } 
   weightvar { 0   } 
   kinetic_energy { 11.5845047069327   } 
   kinetic_energyvar { 66.95120746097638   } 
   potential_energy { -28.31769751637083   } 
   potential_energyvar { 69.86472196163459   } 
   nonlocal_energy { 1.008591265794005   } 
   nonlocal_energyvar { 26.11838003946236   } 
   autocorr_energy { } 
} 

block { 
   label VMC_0
   totweight 640000
   nautocorr 0
   total_energy { -15.72713028726595   } 
   total_energyvar { 1.016201551746065   } 
   weight { 1   } 
   weightvar { 0   } 
   kinetic_energy { 11.46935791815351   } 
   kinetic_energyvar { 62.28099965902123   } 
   potential_energy { -28.19500856766406   } 
   potential_energyvar { 68.02515135596229   } 
   nonlocal_energy { 0.9985203622446075   } 
   nonlocal_energyvar { 22.1282743817823   } 
   autocorr_energy { } 
} 

block { 
   label VMC_0
   totweight 640000
   nautocorr 0
   total_energy { -15.72336927014766   } 
   total_energyvar { 1.027305088446496   } 
   weight { 1   } 
   weightvar { 0   } 
   kinetic_energy { 11.50677564390591   } 
   kinetic_energyvar { 65.35098123423418   } 
   potential_energy { -28.22872518819314   } 
   potential_energyvar { 68.9164223553953   } 
   nonlocal_energy { 0.9985802741395703   } 
   nonlocal_energyvar { 25.77741523293913   } 
   autocorr_energy { } 
} 

block { 
   label VMC_0
   totweight 640000
   nautocorr 0
   total_energy { -15.73038877976438   } 
   total_energyvar { 1.015848092389774   } 
   weight { 1   } 
   weightvar { 0   } 
   kinetic_energy { 11.51121163288013   } 
   kinetic_energyvar { 66.71176774254394   } 
   potential_energy { -28.24625666808533   } 
   potential_energyvar { 68.07537018648429   } 
   nonlocal_energy { 1.004656255440824   } 
   nonlocal_energyvar { 27.27343915907559   } 
   autocorr_energy { } 
} 

block { 
   label VMC_0
   totweight 640000
   nautocorr 0
   total_energy { -15.72615388786123   } 
   total_energyvar { 1.022821243555825   } 
   weight { 1   } 
   weightvar { 0   } 
   kinetic_energy { 11.5052686789243   } 
   kinetic_energyvar { 61.22761836430291   } 
   potential_energy { -28.24761202964009   } 
   potential_energyvar { 68.06122259790232   } 
   nonlocal_energy { 1.01618946285456   } 
   nonlocal_energyvar { 22.0223050409413   } 
   autocorr_energy { } 
} 

block { 
   label VMC_0
   totweight 640000
   nautocorr 0
   total_energy { -15.7251336327285   } 
   total_energyvar { 1.021529372608398   } 
   weight { 1   } 
   weightvar { 0   } 
   kinetic_energy { 11.52685861657259   } 
   kinetic_energyvar { 64.01069285840765   } 
   potential_energy { -28.24215856176593   } 
   potential_energyvar { 69.98924100399404   } 
   nonlocal_energy { 0.9901663124648338   } 
   nonlocal_energyvar { 23.88756859452249   } 
   autocorr_energy { } 
} 

block { 
   label VMC_0
   totweight 640000
   nautocorr 0
   total_energy { -15.727313298161   } 
   total_energyvar { 1.030969472442109   } 
   weight { 1   } 
   weightvar { 0   } 
   kinetic_energy { 11.48864700727847   } 
   kinetic_energyvar { 61.30068502410941   } 
   potential_energy { -28.2082038134339   } 
   potential_energyvar { 69.02502595721091   } 
   nonlocal_energy { 0.9922435079944305   } 
   nonlocal_energyvar { 23.66134670644901   } 
   autocorr_energy { } 
} 

block { 
   label VMC_0
   totweight 640000
   nautocorr 0
   total_energy { -15.72735090243673   } 
   total_energyvar { 1.024048354639461   } 
   weight { 1   } 
   weightvar { 0   } 
   kinetic_energy { 11.51411382932601   } 
   kinetic_energyvar { 62.36024005951407   } 
   potential_energy { -28.24562347151273   } 
   potential_energyvar { 68.22738063161387   } 
   nonlocal_energy { 1.004158739749986   } 
   nonlocal_energyvar { 23.28095133408228   } 
   autocorr_energy { } 
} 

block { 
   label VMC_0
   totweight 640000
   nautocorr 0
   total_energy { -15.72642477543856   } 
   total_energyvar { 1.022858624533455   } 
   weight { 1   } 
   weightvar { 0   } 
   kinetic_energy { 11.58485453965277   } 
   kinetic_energyvar { 63.64379753423188   } 
   potential_energy { -28.31322195563398   } 
   potential_energyvar { 68.75241391533177   } 
   nonlocal_energy { 1.00194264054265   } 
   nonlocal_energyvar { 23.0127968558867   } 
   autocorr_energy { } 
} 

block { 
   label VMC_0
   totweight 640000
   nautocorr 0
   total_energy { -15.72482992144729   } 
   total_energyvar { 1.025688322217576   } 
   weight { 1   } 
   weightvar { 0   } 
   kinetic_energy { 11.49400743661532   } 
   kinetic_energyvar { 61.7277851584237   } 
   potential_energy { -28.2229026721199   } 
   potential_energyvar { 67.2808441199777   } 
   nonlocal_energy { 1.0040653140573   } 
   nonlocal_energyvar { 21.53193214350792   } 
   autocorr_energy { } 
} 

block { 
   label VMC_0
   totweight 640000
   nautocorr 0
   total_energy { -15.72825749607158   } 
   total_energyvar { 1.019638260933789   } 
   weight { 1   } 
   weightvar { 0   } 
   kinetic_energy { 11.43299185050487   } 
   kinetic_energyvar { 69.78142169898965   } 
   potential_energy { -28.1648725216068   } 
   potential_energyvar { 68.33093885403161   } 
   nonlocal_energy { 1.00362317503035   } 
   nonlocal_energyvar { 30.94868027116023   } 
   autocorr_energy { } 
} 

block { 
   label VMC_0
   totweight 640000
   nautocorr 0
   total_energy { -15.7272700948859   } 
   total_energyvar { 1.027463827044585   } 
   weight { 1   } 
   weightvar { 0   } 
   kinetic_energy { 11.49586561023233   } 
   kinetic_energyvar { 61.11494418780464   } 
   potential_energy { -28.22465223255809   } 
   potential_energyvar { 67.6309402778885   } 
   nonlocal_energy { 1.001516527439859   } 
   nonlocal_energyvar { 22.51425958608834   } 
   autocorr_energy { } 
} 

block { 
   label VMC_0
   totweight 640000
   nautocorr 0
   total_energy { -15.72418688285378   } 
   total_energyvar { 1.024709829801225   } 
   weight { 1   } 
   weightvar { 0   } 
   kinetic_energy { 11.47580867762584   } 
   kinetic_energyvar { 62.5293511466237   } 
   potential_energy { -28.19196935010639   } 
   potential_energyvar { 67.08410425582952   } 
   nonlocal_energy { 0.9919737896267721   } 
   nonlocal_energyvar { 23.17802748475408   } 
   autocorr_energy { } 
} 

block { 
   label VMC_0
   totweight 640000
   nautocorr 0
   total_energy { -15.7255736189792   } 
   total_energyvar { 1.030569392015934   } 
   weight { 1   } 
   weightvar { 0   } 
   kinetic_energy { 11.52161900853436   } 
   kinetic_energyvar { 62.20056645551918   } 
   potential_energy { -28.25651694439637   } 
   potential_energyvar { 68.53746755523662   } 
   nonlocal_energy { 1.009324316882809   } 
   nonlocal_energyvar { 23.50013726313214   } 
   autocorr_energy { } 
} 

block { 
   label VMC_0
   totweight 640000
   nautocorr 0
   total_energy { -15.72660137268677   } 
   total_energyvar { 1.028733544154619   } 
   weight { 1   } 
   weightvar { 0   } 
   kinetic_energy { 11.56558215053578   } 
   kinetic_energyvar { 62.75764788953725   } 
   potential_energy { -28.30873656890474   } 
   potential_energyvar { 68.99821300371707   } 
   nonlocal_energy { 1.016553045682193   } 
   nonlocal_energyvar { 22.8959394990492   } 
   autocorr_energy { } 
} 

block { 
   label VMC_0
   totweight 640000
   nautocorr 0
   total_energy { -15.72768933385093   } 
   total_energyvar { 1.025837178635328   } 
   weight { 1   } 
   weightvar { 0   } 
   kinetic_energy { 11.52235735534913   } 
   kinetic_energyvar { 63.26509456679409   } 
   potential_energy { -28.26320658616101   } 
   potential_energyvar { 68.23793892496644   } 
   nonlocal_energy { 1.013159896960956   } 
   nonlocal_energyvar { 23.30255704315988   } 
   autocorr_energy { } 
} 

block { 
   label VMC_0
   totweight 640000
   nautocorr 0
   total_energy { -15.72668731613573   } 
   total_energyvar { 1.023571833700629   } 
   weight { 1   } 
   weightvar { 0   } 
   kinetic_energy { 11.51201203935854   } 
   kinetic_energyvar { 63.82868995301482   } 
   potential_energy { -28.24870121215463   } 
   potential_energyvar { 68.58720445443532   } 
   nonlocal_energy { 1.010001856660368   } 
   nonlocal_energyvar { 23.44700153847553   } 
   autocorr_energy { } 
} 

block { 
   label VMC_0
   totweight 640000
   nautocorr 0
   total_energy { -15.73031074385524   } 
   total_energyvar { 1.015287801493571   } 
   weight { 1   } 
   weightvar { 0   } 
   kinetic_energy { 11.57714031454078   } 
   kinetic_energyvar { 63.681260423335   } 
   potential_energy { -28.32334335587057   } 
   potential_energyvar { 70.92906065261639   } 
   nonlocal_energy { 1.015892297474556   } 
   nonlocal_energyvar { 24.40507619749442   } 
   autocorr_energy { } 
} 

block { 
   label VMC_0
   totweight 640000
   nautocorr 0
   total_energy { -15.72383615446604   } 
   total_energyvar { 1.031803661771676   } 
   weight { 1   } 
   weightvar { 0   } 
   kinetic_energy { 11.48131741986862   } 
   kinetic_energyvar { 63.25044587573569   } 
   potential_energy { -28.21228044020822   } 
   potential_energyvar { 68.08580157401923   } 
   nonlocal_energy { 1.007126865873557   } 
   nonlocal_energyvar { 24.51025950192541   } 
   autocorr_energy { } 
} 

block { 
   label VMC_0
   totweight 640000
   nautocorr 0
   total_energy { -15.72619739819979   } 
   total_energyvar { 1.023648526984033   } 
   weight { 1   } 
   weightvar { 0   } 
   kinetic_energy { 11.46885075037782   } 
   kinetic_energyvar { 62.98802952832466   } 
   potential_energy { -28.20020256250026   } 
   potential_energyvar { 68.18424396673208   } 
   nonlocal_energy { 1.005154413922646   } 
   nonlocal_energyvar { 23.26622939678542   } 
   autocorr_energy { } 
} 

block { 
   label VMC_0
   totweight 640000
   nautocorr 0
   total_energy { -15.726560791007   } 
   total_energyvar { 1.022337328147103   } 
   weight { 1   } 
   weightvar { 0   } 
   kinetic_energy { 11.48067833596388   } 
   kinetic_energyvar { 62.25729034350283   } 
   potential_energy { -28.19712261988223   } 
   potential_energyvar { 67.04852641891898   } 
   nonlocal_energy { 0.9898834929113356   } 
   nonlocal_energyvar { 22.58524403630127   } 
   autocorr_energy { } 
} 

block { 
   label VMC_0
   totweight 640000
   nautocorr 0
   total_energy { -15.72228986069697   } 
   total_energyvar { 1.038859329727472   } 
   weight { 1   } 
   weightvar { 0   } 
   kinetic_energy { 11.47273179520169   } 
   kinetic_energyvar { 62.56799403326283   } 
   potential_energy { -28.2049836923411   } 
   potential_energyvar { 68.17119624363806   } 
   nonlocal_energy { 1.00996203644243   } 
   nonlocal_energyvar { 23.38677773352105   } 
   autocorr_energy { } 
} 

block { 
   label VMC_0
   totweight 640000
   nautocorr 0
   total_energy { -15.72744432336521   } 
   total_energyvar { 1.024428212111047   } 
   weight { 1   } 
   weightvar { 0   } 
   kinetic_energy { 11.46133458685628   } 
   kinetic_energyvar { 62.05191208419885   } 
   potential_energy { -28.19197255243932   } 
   potential_energyvar { 67.34949844253185   } 
   nonlocal_energy { 1.003193642217832   } 
   nonlocal_energyvar { 23.68741093724694   } 
   autocorr_energy { } 
} 

block { 
   label VMC_0
   totweight 640000
   nautocorr 0
   total_energy { -15.73009107191863   } 
   total_energyvar { 1.024069699785713   } 
   weight { 1   } 
   weightvar { 0   } 
   kinetic_energy { 11.50856689240341   } 
   kinetic_energyvar { 66.04446629501035   } 
   potential_energy { -28.22495913394189   } 
   potential_energyvar { 66.62576912417285   } 
   nonlocal_energy { 0.9863011696198595   } 
   nonlocal_energyvar { 25.94422542521868   } 
   autocorr_energy { } 
} 

block { 
   label VMC_0
   totweight 640000
   nautocorr 0
   total_energy { -15.72646852876004   } 
   total_energyvar { 1.028486070840046   } 
   weight { 1   } 
   weightvar { 0   } 
   kinetic_energy { 11.47073559849817   } 
   kinetic_energyvar { 63.82994771307133   } 
   potential_energy { -28.19647228035767   } 
   potential_energyvar { 68.70827448300179   } 
   nonlocal_energy { 0.9992681530994508   } 
   nonlocal_energyvar { 24.23905993640289   } 
   autocorr_energy { } 
} 

block { 
   label VMC_0
   totweight 640000
   nautocorr 0
   total_energy { -15.72783229021409   } 
   total_energyvar { 1.021165883625571   } 
   weight { 1   } 
   weightvar { 0   } 
   kinetic_energy { 11.49748695438504   } 
   kinetic_energyvar { 61.6433502150841   } 
   potential_energy { -28.21322506279653   } 
   potential_energyvar { 66.31031081785886   } 
   nonlocal_energy { 0.9879058181974076   } 
   nonlocal_energyvar { 21.48084525889189   } 
   autocorr_energy { } 
} 

block { 
   label VMC_0
   totweight 640000
   nautocorr 0
   total_energy { -15.72932178819199   } 
   total_energyvar { 1.021841549552562   } 
   weight { 1   } 
   weightvar { 0   } 
   kinetic_energy { 11.48018570104259   } 
   kinetic_energyvar { 61.24918388589268   } 
   potential_energy { -28.20666948769417   } 
   potential_energyvar { 67.80072493939997   } 
   nonlocal_energy { 0.9971619984595939   } 
   nonlocal_energyvar { 23.10018796800039   } 
   autocorr_energy { } 
} 

block { 
   label VMC_0
   totweight 640000
   nautocorr 0
   total_energy { -15.72017962199223   } 
   total_energyvar { 1.039074696069974   } 
   weight { 1   } 
   weightvar { 0   } 
   kinetic_energy { 11.42954051690545   } 
   kinetic_energyvar { 60.70401353150658   } 
   potential_energy { -28.15417876363218   } 
   potential_energyvar { 68.10027291053848   } 
   nonlocal_energy { 1.004458624734489   } 
   nonlocal_energyvar { 22.7570589977696   } 
   autocorr_energy { } 
} 

block { 
   label VMC_0
   totweight 640000
   nautocorr 0
   total_energy { -15.72738358456459   } 
   total_energyvar { 1.024219991714688   } 
   weight { 1   } 
   weightvar { 0   } 
   kinetic_energy { 11.52578284690447   } 
   kinetic_energyvar { 62.82399481077377   } 
   potential_energy { -28.26738983032086   } 
   potential_energyvar { 68.27614856945081   } 
   nonlocal_energy { 1.014223398851809   } 
   nonlocal_energyvar { 23.27485319059828   } 
   autocorr_energy { } 
} 

block { 
   label VMC_0
   totweight 640000
   nautocorr 0
   total_energy { -15.73026485964957   } 
   total_energyvar { 1.022170254909895   } 
   weight { 1   } 
   weightvar { 0   } 
   kinetic_energy { 11.51785779320156   } 
   kinetic_energyvar { 62.39658676527716   } 
   potential_energy { -28.26554620166826   } 
   potential_energyvar { 69.81116968717174   } 
   nonlocal_energy { 1.017423548817133   } 
   nonlocal_energyvar { 23.80130834089065   } 
   autocorr_energy { } 
} 

block { 
   label VMC_0
   totweight 640000
   nautocorr 0
   total_energy { -15.72695364757075   } 
   total_energyvar { 1.026252921898759   } 
   weight { 1   } 
   weightvar { 0   } 
   kinetic_energy { 11.46382048338884   } 
   kinetic_energyvar { 61.85903818323061   } 
   potential_energy { -28.17314860562263   } 
   potential_energyvar { 66.88735685200754   } 
   nonlocal_energy { 0.9823744746630413   } 
   nonlocal_energyvar { 21.3822262170119   } 
   autocorr_energy { } 
} 

block { 
   label VMC_0
   totweight 640000
   nautocorr 0
   total_energy { -15.72865827175341   } 
   total_energyvar { 1.017555725370528   } 
   weight { 1   } 
   weightvar { 0   } 
   kinetic_energy { 11.48653999944673   } 
   kinetic_energyvar { 62.37404035082628   } 
   potential_energy { -28.22913362178729   } 
   potential_energyvar { 67.94499559454266   } 
   nonlocal_energy { 1.013935350587155   } 
   nonlocal_energyvar { 22.722748383569   } 
   autocorr_energy { } 
} 

block { 
   label VMC_0
   totweight 640000
   nautocorr 0
   total_energy { -15.73102751871253   } 
   total_energyvar { 1.01737557092477   } 
   weight { 1   } 
   weightvar { 0   } 
   kinetic_energy { 11.49963843042487   } 
   kinetic_energyvar { 62.22325591335439   } 
   potential_energy { -28.24025822647901   } 
   potential_energyvar { 68.25973951567403   } 
   nonlocal_energy { 1.009592277341604   } 
   nonlocal_energyvar { 22.2337734636262   } 
   autocorr_energy { } 
} 

block { 
   label VMC_0
   totweight 640000
   nautocorr 0
   total_energy { -15.72807706829439   } 
   total_energyvar { 1.014965559754415   } 
   weight { 1   } 
   weightvar { 0   } 
   kinetic_energy { 11.50251158110616   } 
   kinetic_energyvar { 62.48668840173562   } 
   potential_energy { -28.22210177229652   } 
   potential_energyvar { 67.67958746694899   } 
   nonlocal_energy { 0.991513122895972   } 
   nonlocal_energyvar { 22.01341573928974   } 
   autocorr_energy { } 
} 

block { 
   label VMC_0
   totweight 640000
   nautocorr 0
   total_energy { -15.7256463653899   } 
   total_energyvar { 1.024313930156012   } 
   weight { 1   } 
   weightvar { 0   } 
   kinetic_energy { 11.52738652895882   } 
   kinetic_energyvar { 61.63832346675159   } 
   potential_energy { -28.26488085744761   } 
   potential_energyvar { 67.68430223838868   } 
   nonlocal_energy { 1.011847963098892   } 
   nonlocal_energyvar { 22.30866604471667   } 
   autocorr_energy { } 
} 

block { 
   label VMC_0
   totweight 640000
   nautocorr 0
   total_energy { -15.72372647410735   } 
   total_energyvar { 1.034062880374677   } 
   weight { 1   } 
   weightvar { 0   } 
   kinetic_energy { 11.51651454198596   } 
   kinetic_energyvar { 63.44365055962501   } 
   potential_energy { -28.25441370123818   } 
   potential_energyvar { 69.31882555954621   } 
   nonlocal_energy { 1.014172685144863   } 
   nonlocal_energyvar { 24.71700746828592   } 
   autocorr_energy { } 
} 

block { 
   label VMC_0
   totweight 640000
   nautocorr 0
   total_energy { -15.72450785233526   } 
   total_energyvar { 1.023616112914368   } 
   weight { 1   } 
   weightvar { 0   } 
   kinetic_energy { 11.51858303761004   } 
   kinetic_energyvar { 61.17519156153418   } 
   potential_energy { -28.23100788519492   } 
   potential_energyvar { 67.55163236333738   } 
   nonlocal_energy { 0.9879169952496218   } 
   nonlocal_energyvar { 22.12243210865406   } 
   autocorr_energy { } 
} 

block { 
   label VMC_0
   totweight 640000
   nautocorr 0
   total_energy { -15.72855528640612   } 
   total_energyvar { 1.02159628796565   } 
   weight { 1   } 
   weightvar { 0   } 
   kinetic_energy { 11.52617529749968   } 
   kinetic_energyvar { 62.94715658133813   } 
   potential_energy { -28.23630679185257   } 
   potential_energyvar { 68.29733983766346   } 
   nonlocal_energy { 0.9815762079467802   } 
   nonlocal_energyvar { 23.09433689389347   } 
   autocorr_energy { } 
} 

block { 
   label VMC_0
   totweight 640000
   nautocorr 0
   total_energy { -15.72506673092584   } 
   total_energyvar { 1.029102242760757   } 
   weight { 1   } 
   weightvar { 0   } 
   kinetic_energy { 11.54871990184567   } 
   kinetic_energyvar { 68.0865831589424   } 
   potential_energy { -28.28821407718184   } 
   potential_energyvar { 69.46072377770963   } 
   nonlocal_energy { 1.014427444410334   } 
   nonlocal_energyvar { 27.63612659168097   } 
   autocorr_energy { } 
} 

block { 
   label VMC_0
   totweight 640000
   nautocorr 0
   total_energy { -15.73014921319151   } 
   total_energyvar { 1.015257485779841   } 
   weight { 1   } 
   weightvar { 0   } 
   kinetic_energy { 11.49255319827901   } 
   kinetic_energyvar { 60.88486243103227   } 
   potential_energy { -28.24422415377756   } 
   potential_energyvar { 67.69907709681308   } 
   nonlocal_energy { 1.021521742307043   } 
   nonlocal_energyvar { 23.80279995110944   } 
   autocorr_energy { } 
} 

block { 
   label VMC_0
   totweight 640000
   nautocorr 0
   total_energy { -15.72976132925484   } 
   total_energyvar { 1.020106172038282   } 
   weight { 1   } 
   weightvar { 0   } 
   kinetic_energy { 11.53814960328427   } 
   kinetic_energyvar { 62.4382779105986   } 
   potential_energy { -28.28314490315399   } 
   potential_energyvar { 68.13087938147282   } 
   nonlocal_energy { 1.015233970614883   } 
   nonlocal_energyvar { 22.62776948221466   } 
   autocorr_energy { } 
} 

block { 
   label VMC_0
   totweight 640000
   nautocorr 0
   total_energy { -15.72677239384435   } 
   total_energyvar { 1.025038640066924   } 
   weight { 1   } 
   weightvar { 0   } 
   kinetic_energy { 11.47669636741395   } 
   kinetic_energyvar { 62.42264505806298   } 
   potential_energy { -28.2114103122744   } 
   potential_energyvar { 66.91283161959859   } 
   nonlocal_energy { 1.007941551016088   } 
   nonlocal_energyvar { 23.84316031384116   } 
   autocorr_energy { } 
} 

block { 
   label VMC_0
   totweight 640000
   nautocorr 0
   total_energy { -15.72729480864315   } 
   total_energyvar { 1.020895118009435   } 
   weight { 1   } 
   weightvar { 0   } 
   kinetic_energy { 11.4574545304008   } 
   kinetic_energyvar { 61.56593020148154   } 
   potential_energy { -28.19137156948836   } 
   potential_energyvar { 67.61347429705518   } 
   nonlocal_energy { 1.006622230444407   } 
   nonlocal_energyvar { 23.76976580366496   } 
   autocorr_energy { } 
} 

block { 
   label VMC_0
   totweight 640000
   nautocorr 0
   total_energy { -15.73203336109114   } 
   total_energyvar { 1.021186066273827   } 
   weight { 1   } 
   weightvar { 0   } 
   kinetic_energy { 11.526389580474   } 
   kinetic_energyvar { 62.94730597414559   } 
   potential_energy { -28.2593862199995   } 
   potential_energyvar { 67.55683445649424   } 
   nonlocal_energy { 1.000963278434353   } 
   nonlocal_energyvar { 23.45401532517859   } 
   autocorr_energy { } 
} 

block { 
   label VMC_0
   totweight 640000
   nautocorr 0
   total_energy { -15.72789037026443   } 
   total_energyvar { 1.020463903591946   } 
   weight { 1   } 
   weightvar { 0   } 
   kinetic_energy { 11.44481893089766   } 
   kinetic_energyvar { 60.0860984264221   } 
   potential_energy { -28.16924803758258   } 
   potential_energyvar { 72.43694148724876   } 
   nonlocal_energy { 0.9965387364204893   } 
   nonlocal_energyvar { 29.13150462314893   } 
   autocorr_energy { } 
} 

block { 
   label VMC_0
   totweight 640000
   nautocorr 0
   total_energy { -15.7286186721624   } 
   total_energyvar { 1.021558201771711   } 
   weight { 1   } 
   weightvar { 0   } 
   kinetic_energy { 11.5071399033828   } 
   kinetic_energyvar { 62.49043570933813   } 
   potential_energy { -28.25636990182235   } 
   potential_energyvar { 75.48335251904632   } 
   nonlocal_energy { 1.020611326277131   } 
   nonlocal_energyvar { 31.19039151768708   } 
   autocorr_energy { } 
} 

block { 
   label VMC_0
   totweight 640000
   nautocorr 0
   total_energy { -15.72864167293805   } 
   total_energyvar { 1.024434211564085   } 
   weight { 1   } 
   weightvar { 0   } 
   kinetic_energy { 11.51276654162218   } 
   kinetic_energyvar { 64.80152432133031   } 
   potential_energy { -28.25887939754883   } 
   potential_energyvar { 68.54515456140587   } 
   nonlocal_energy { 1.0174711829886   } 
   nonlocal_energyvar { 24.98518223757418   } 
   autocorr_energy { } 
} 

block { 
   label VMC_0
   totweight 640000
   nautocorr 0
   total_energy { -15.72719425562233   } 
   total_energyvar { 1.024455029962922   } 
   weight { 1   } 
   weightvar { 0   } 
   kinetic_energy { 11.55833723480895   } 
   kinetic_energyvar { 62.05449015493915   } 
   potential_energy { -28.28712465372146   } 
   potential_energyvar { 68.85038069343136   } 
   nonlocal_energy { 1.001593163290175   } 
   nonlocal_energyvar { 22.02138998631606   } 
   autocorr_energy { } 
} 

block { 
   label VMC_0
   totweight 640000
   nautocorr 0
   total_energy { -15.72371477961144   } 
   total_energyvar { 1.027672452008346   } 
   weight { 1   } 
   weightvar { 0   } 
   kinetic_energy { 11.47218769059015   } 
   kinetic_energyvar { 62.54263696691248   } 
   potential_energy { -28.19567545586076   } 
   potential_energyvar { 67.49523561981584   } 
   nonlocal_energy { 0.9997729856591709   } 
   nonlocal_energyvar { 22.57906005172013   } 
   autocorr_energy { } 
} 

block { 
   label VMC_0
   totweight 640000
   nautocorr 0
   total_energy { -15.72525379181213   } 
   total_energyvar { 1.025964766257118   } 
   weight { 1   } 
   weightvar { 0   } 
   kinetic_energy { 11.52451037436583   } 
   kinetic_energyvar { 62.16108354240188   } 
   potential_energy { -28.26121368787482   } 
   potential_energyvar { 68.79474892621477   } 
   nonlocal_energy { 1.011449521696864   } 
   nonlocal_energyvar { 22.72217549430453   } 
   autocorr_energy { } 
} 

block { 
   label VMC_0
   totweight 640000
   nautocorr 0
   total_energy { -15.72644778128547   } 
   total_energyvar { 1.028107591157834   } 
   weight { 1   } 
   weightvar { 0   } 
   kinetic_energy { 11.48994206465203   } 
   kinetic_energyvar { 64.58296152029868   } 
   potential_energy { -28.21940534383248   } 
   potential_energyvar { 67.84247594786723   } 
   nonlocal_energy { 1.003015497894978   } 
   nonlocal_energyvar { 25.12167297193732   } 
   autocorr_energy { } 
} 

block { 
   label VMC_0
   totweight 640000
   nautocorr 0
   total_energy { -15.72739250465529   } 
   total_energyvar { 1.022665111578988   } 
   weight { 1   } 
   weightvar { 0   } 
   kinetic_energy { 11.50212274523503   } 
   kinetic_energyvar { 60.84450908469427   } 
   potential_energy { -28.23695005574191   } 
   potential_energyvar { 67.04086694471368   } 
   nonlocal_energy { 1.007434805851583   } 
   nonlocal_energyvar { 20.95583775784333   } 
   autocorr_energy { } 
} 

block { 
   label VMC_0
   totweight 640000
   nautocorr 0
   total_energy { -15.72920576635536   } 
   total_energyvar { 1.011938687117919   } 
   weight { 1   } 
   weightvar { 0   } 
   kinetic_energy { 11.5128125313793   } 
   kinetic_energyvar { 60.95592131031751   } 
   potential_energy { -28.23956490502129   } 
   potential_energyvar { 67.95571443959875   } 
   nonlocal_energy { 0.9975466072866409   } 
   nonlocal_energyvar { 21.50530667017881   } 
   autocorr_energy { } 
} 

block { 
   label VMC_0
   totweight 640000
   nautocorr 0
   total_energy { -15.73030302767381   } 
   total_energyvar { 1.014336357431546   } 
   weight { 1   } 
   weightvar { 0   } 
   kinetic_energy { 11.47141800526047   } 
   kinetic_energyvar { 61.29557206045004   } 
   potential_energy { -28.17121670025744   } 
   potential_energyvar { 66.38296457762272   } 
   nonlocal_energy { 0.9694956673231542   } 
   nonlocal_energyvar { 21.89184897127556   } 
   autocorr_energy { } 
} 

block { 
   label VMC_0
   totweight 640000
   nautocorr 0
   total_energy { -15.73395996350207   } 
   total_energyvar { 1.018691227894493   } 
   weight { 1   } 
   weightvar { 0   } 
   kinetic_energy { 11.51914222913592   } 
   kinetic_energyvar { 62.03169369169089   } 
   potential_energy { -28.26705897506471   } 
   potential_energyvar { 68.07992527568638   } 
   nonlocal_energy { 1.013956782426725   } 
   nonlocal_energyvar { 22.06907877103687   } 
   autocorr_energy { } 
} 

block { 
   label VMC_0
   totweight 640000
   nautocorr 0
   total_energy { -15.72255028400786   } 
   total_energyvar { 1.024471084695818   } 
   weight { 1   } 
   weightvar { 0   } 
   kinetic_energy { 11.49644259775746   } 
   kinetic_energyvar { 62.4203733805538   } 
   potential_energy { -28.22038529948038   } 
   potential_energyvar { 68.94514574826223   } 
   nonlocal_energy { 1.001392417715057   } 
   nonlocal_energyvar { 22.33476614144651   } 
   autocorr_energy { } 
} 

block { 
   label VMC_0
   totweight 640000
   nautocorr 0
   total_energy { -15.72880489165025   } 
   total_energyvar { 1.024094532397697   } 
   weight { 1   } 
   weightvar { 0   } 
   kinetic_energy { 11.55317315412446   } 
   kinetic_energyvar { 62.77908738163578   } 
   potential_energy { -28.27815654935843   } 
   potential_energyvar { 68.21003549609179   } 
   nonlocal_energy { 0.9961785035837253   } 
   nonlocal_energyvar { 22.72599704554273   } 
   autocorr_energy { } 
} 

block { 
   label VMC_0
   totweight 640000
   nautocorr 0
   total_energy { -15.7266167691161   } 
   total_energyvar { 1.033129157043476   } 
   weight { 1   } 
   weightvar { 0   } 
   kinetic_energy { 11.48315426482422   } 
   kinetic_energyvar { 62.89923783713874   } 
   potential_energy { -28.21270971442132   } 
   potential_energyvar { 67.17178662482024   } 
   nonlocal_energy { 1.002938680481   } 
   nonlocal_energyvar { 23.37793235476344   } 
   autocorr_energy { } 
} 

block { 
   label VMC_0
   totweight 640000
   nautocorr 0
   total_energy { -15.72479028337731   } 
   total_energyvar { 1.022668661755404   } 
   weight { 1   } 
   weightvar { 0   } 
   kinetic_energy { 11.47277420077703   } 
   kinetic_energyvar { 63.8138894784299   } 
   potential_energy { -28.19904041791678   } 
   potential_energyvar { 67.83079754200128   } 
   nonlocal_energy { 1.00147593376244   } 
   nonlocal_energyvar { 23.46887527251086   } 
   autocorr_energy { } 
} 

block { 
   label VMC_0
   totweight 640000
   nautocorr 0
   total_energy { -15.72328912224323   } 
   total_energyvar { 1.025196973139742   } 
   weight { 1   } 
   weightvar { 0   } 
   kinetic_energy { 11.53408360494401   } 
   kinetic_energyvar { 62.29489114596257   } 
   potential_energy { -28.24161266228742   } 
   potential_energyvar { 67.21013809639442   } 
   nonlocal_energy { 0.9842399351001783   } 
   nonlocal_energyvar { 22.23230884284644   } 
   autocorr_energy { } 
} 

