#-------------------------------------------------
#DMC run: timestep 0.02
#-------------------------------------------------


init { 
   label dmc
}
block { 
   label dmc
   totweight 272000
   nautocorr 0
   total_energy { -46.52022965199354   } 
   total_energyvar { 0.691569245554092   } 
   weight { 0.9958343416783981   } 
   weightvar { 0.09827668195411199   } 
   kinetic_energy { 19.24019114065825   } 
   kinetic_energyvar { 61.31958778836469   } 
   potential_energy { -73.2303644546634   } 
   potential_energyvar { 104.8414449256716   } 
   nonlocal_energy { 7.469943662011605   } 
   nonlocal_energyvar { 97.33272555350035   } 
   autocorr_energy { } 
} 

block { 
   label dmc
   totweight 272000
   nautocorr 0
   total_energy { -46.52470688349399   } 
   total_energyvar { 0.7424385798876756   } 
   weight { 0.9982812567548952   } 
   weightvar { 0.09734934979750953   } 
   kinetic_energy { 19.20869878858444   } 
   kinetic_energyvar { 62.08832898892877   } 
   potential_energy { -73.12740085564751   } 
   potential_energyvar { 107.1442940296256   } 
   nonlocal_energy { 7.393995183569092   } 
   nonlocal_energyvar { 95.59703328796192   } 
   autocorr_energy { } 
} 

block { 
   label dmc
   totweight 272000
   nautocorr 0
   total_energy { -46.52236191661717   } 
   total_energyvar { 0.6940777868567238   } 
   weight { 0.9973793355191746   } 
   weightvar { 0.0938279753695388   } 
   kinetic_energy { 19.16926834197846   } 
   kinetic_energyvar { 62.88580135853221   } 
   potential_energy { -73.08902789033716   } 
   potential_energyvar { 105.8938809005595   } 
   nonlocal_energy { 7.397397631741522   } 
   nonlocal_energyvar { 97.82711676640233   } 
   autocorr_energy { } 
} 

block { 
   label dmc
   totweight 272000
   nautocorr 0
   total_energy { -46.52727599234218   } 
   total_energyvar { 0.7059128117984983   } 
   weight { 0.997376755004001   } 
   weightvar { 0.0958764944028363   } 
   kinetic_energy { 19.19718935619207   } 
   kinetic_energyvar { 59.59069051856841   } 
   potential_energy { -73.18846880461297   } 
   potential_energyvar { 106.9298867017815   } 
   nonlocal_energy { 7.464003456078709   } 
   nonlocal_energyvar { 96.89277586292741   } 
   autocorr_energy { } 
} 

block { 
   label dmc
   totweight 272000
   nautocorr 0
   total_energy { -46.52173854047824   } 
   total_energyvar { 0.7718169248523736   } 
   weight { 0.9992059705174966   } 
   weightvar { 0.09584904552872509   } 
   kinetic_energy { 19.16850000494772   } 
   kinetic_energyvar { 63.67829257973142   } 
   potential_energy { -73.22004644124564   } 
   potential_energyvar { 108.2580913868114   } 
   nonlocal_energy { 7.529807895819673   } 
   nonlocal_energyvar { 101.9602204915932   } 
   autocorr_energy { } 
} 

block { 
   label dmc
   totweight 272000
   nautocorr 0
   total_energy { -46.52524290410968   } 
   total_energyvar { 0.6907312940497832   } 
   weight { 0.9971071944067277   } 
   weightvar { 0.09519078605457865   } 
   kinetic_energy { 19.31376057869354   } 
   kinetic_energyvar { 61.98379679443781   } 
   potential_energy { -73.31862091779837   } 
   potential_energyvar { 107.0556024452935   } 
   nonlocal_energy { 7.47961743499515   } 
   nonlocal_energyvar { 96.94866283882038   } 
   autocorr_energy { } 
} 

block { 
   label dmc
   totweight 272000
   nautocorr 0
   total_energy { -46.52535888517429   } 
   total_energyvar { 0.7025203813400367   } 
   weight { 0.9966394234989906   } 
   weightvar { 0.09793636627385294   } 
   kinetic_energy { 19.27108919483761   } 
   kinetic_energyvar { 61.33870831047278   } 
   potential_energy { -73.30116750595977   } 
   potential_energyvar { 104.8386124869376   } 
   nonlocal_energy { 7.504719425947867   } 
   nonlocal_energyvar { 97.44128983869049   } 
   autocorr_energy { } 
} 

block { 
   label dmc
   totweight 272000
   nautocorr 0
   total_energy { -46.5261421433076   } 
   total_energyvar { 0.7244519462301469   } 
   weight { 0.9974328545268796   } 
   weightvar { 0.09791042270255246   } 
   kinetic_energy { 19.1675744566608   } 
   kinetic_energyvar { 60.18646201449673   } 
   potential_energy { -73.17044698249624   } 
   potential_energyvar { 108.6893320950385   } 
   nonlocal_energy { 7.476730382527824   } 
   nonlocal_energyvar { 96.84851541375753   } 
   autocorr_energy { } 
} 

block { 
   label dmc
   totweight 272000
   nautocorr 0
   total_energy { -46.51721743574265   } 
   total_energyvar { 0.7012334282412667   } 
   weight { 0.9950617433256141   } 
   weightvar { 0.096279348325222   } 
   kinetic_energy { 19.16008720582681   } 
   kinetic_energyvar { 59.23144866010381   } 
   potential_energy { -73.12129841608701   } 
   potential_energyvar { 105.8668659133491   } 
   nonlocal_energy { 7.443993774517561   } 
   nonlocal_energyvar { 96.04890263814315   } 
   autocorr_energy { } 
} 

block { 
   label dmc
   totweight 272000
   nautocorr 0
   total_energy { -46.52667318949866   } 
   total_energyvar { 0.7230255888234751   } 
   weight { 0.994489862004818   } 
   weightvar { 0.09822123179130526   } 
   kinetic_energy { 19.20405946750607   } 
   kinetic_energyvar { 64.53165894327373   } 
   potential_energy { -73.2065033926263   } 
   potential_energyvar { 108.6317519678387   } 
   nonlocal_energy { 7.475770735621573   } 
   nonlocal_energyvar { 102.6495718589329   } 
   autocorr_energy { } 
} 

block { 
   label dmc
   totweight 272000
   nautocorr 0
   total_energy { -46.52161309552877   } 
   total_energyvar { 0.75834070242081   } 
   weight { 0.9953714408281175   } 
   weightvar { 0.09958160388308313   } 
   kinetic_energy { 19.23460118388309   } 
   kinetic_energyvar { 60.43604321271283   } 
   potential_energy { -73.22826011746305   } 
   potential_energyvar { 107.468767526726   } 
   nonlocal_energy { 7.47204583805119   } 
   nonlocal_energyvar { 98.48196558970059   } 
   autocorr_energy { } 
} 

block { 
   label dmc
   totweight 272000
   nautocorr 0
   total_energy { -46.52609030216163   } 
   total_energyvar { 0.7514724216266586   } 
   weight { 0.9956657654066572   } 
   weightvar { 0.1019030677215524   } 
   kinetic_energy { 19.22236857105231   } 
   kinetic_energyvar { 62.94147414110745   } 
   potential_energy { -73.32825129660485   } 
   potential_energyvar { 108.0923567377158   } 
   nonlocal_energy { 7.579792423390916   } 
   nonlocal_energyvar { 101.2499087411624   } 
   autocorr_energy { } 
} 

block { 
   label dmc
   totweight 272000
   nautocorr 0
   total_energy { -46.51778054679337   } 
   total_energyvar { 0.7045872850826527   } 
   weight { 0.9943264334624242   } 
   weightvar { 0.1019739299444   } 
   kinetic_energy { 19.20831829672117   } 
   kinetic_energyvar { 62.15784441230034   } 
   potential_energy { -73.17836747562109   } 
   potential_energyvar { 108.1476777358967   } 
   nonlocal_energy { 7.452268632106573   } 
   nonlocal_energyvar { 98.95658893014358   } 
   autocorr_energy { } 
} 

block { 
   label dmc
   totweight 272000
   nautocorr 0
   total_energy { -46.52041416761452   } 
   total_energyvar { 0.7517758471112757   } 
   weight { 0.9921680690530614   } 
   weightvar { 0.1012849709040582   } 
   kinetic_energy { 19.21434591269036   } 
   kinetic_energyvar { 61.84865091092803   } 
   potential_energy { -73.23204934449053   } 
   potential_energyvar { 108.3571792381144   } 
   nonlocal_energy { 7.49728926418565   } 
   nonlocal_energyvar { 100.3099761650422   } 
   autocorr_energy { } 
} 

block { 
   label dmc
   totweight 272000
   nautocorr 0
   total_energy { -46.52598881307315   } 
   total_energyvar { 0.7107050820804943   } 
   weight { 0.9944963290465588   } 
   weightvar { 0.1010824236496723   } 
   kinetic_energy { 19.28655688127849   } 
   kinetic_energyvar { 60.60477117701487   } 
   potential_energy { -73.32110292893938   } 
   potential_energyvar { 108.1666449671093   } 
   nonlocal_energy { 7.50855723458776   } 
   nonlocal_energyvar { 96.98935472212344   } 
   autocorr_energy { } 
} 

block { 
   label dmc
   totweight 272000
   nautocorr 0
   total_energy { -46.5172977596999   } 
   total_energyvar { 0.6929897489567338   } 
   weight { 0.9952797211967342   } 
   weightvar { 0.1007123948425477   } 
   kinetic_energy { 19.29072021422295   } 
   kinetic_energyvar { 62.11335643573648   } 
   potential_energy { -73.32832288204821   } 
   potential_energyvar { 107.5972694748789   } 
   nonlocal_energy { 7.520304908125376   } 
   nonlocal_energyvar { 99.85014532330516   } 
   autocorr_energy { } 
} 

block { 
   label dmc
   totweight 272000
   nautocorr 0
   total_energy { -46.52245509315078   } 
   total_energyvar { 0.7028830697090598   } 
   weight { 0.9944402865742886   } 
   weightvar { 0.09989851142772421   } 
   kinetic_energy { 19.27772565706157   } 
   kinetic_energyvar { 65.17717475926145   } 
   potential_energy { -73.26718862207721   } 
   potential_energyvar { 106.4051807480209   } 
   nonlocal_energy { 7.46700787186486   } 
   nonlocal_energyvar { 100.5396548304788   } 
   autocorr_energy { } 
} 

block { 
   label dmc
   totweight 272000
   nautocorr 0
   total_energy { -46.52663940320397   } 
   total_energyvar { 0.7690236138414548   } 
   weight { 0.9964411351747668   } 
   weightvar { 0.1018536026349085   } 
   kinetic_energy { 19.23137627911608   } 
   kinetic_energyvar { 61.71136154825638   } 
   potential_energy { -73.2252537020436   } 
   potential_energyvar { 107.8238582108352   } 
   nonlocal_energy { 7.467238019723552   } 
   nonlocal_energyvar { 99.06096725735983   } 
   autocorr_energy { } 
} 

block { 
   label dmc
   totweight 272000
   nautocorr 0
   total_energy { -46.53034162170605   } 
   total_energyvar { 0.6953513533117075   } 
   weight { 0.9984226062632534   } 
   weightvar { 0.1007183722274004   } 
   kinetic_energy { 19.14600933146994   } 
   kinetic_energyvar { 62.12662628080506   } 
   potential_energy { -73.16139853333475   } 
   potential_energyvar { 107.4620735550288   } 
   nonlocal_energy { 7.485047580158745   } 
   nonlocal_energyvar { 99.30540955311116   } 
   autocorr_energy { } 
} 

block { 
   label dmc
   totweight 272000
   nautocorr 0
   total_energy { -46.52131057008143   } 
   total_energyvar { 0.6956671298403307   } 
   weight { 0.9995793344500853   } 
   weightvar { 0.09828844069438103   } 
   kinetic_energy { 19.15444761099062   } 
   kinetic_energyvar { 59.69226535759793   } 
   potential_energy { -73.20620712968638   } 
   potential_energyvar { 108.7667059997848   } 
   nonlocal_energy { 7.530448948614334   } 
   nonlocal_energyvar { 97.73615197515662   } 
   autocorr_energy { } 
} 

block { 
   label dmc
   totweight 272000
   nautocorr 0
   total_energy { -46.52370698140589   } 
   total_energyvar { 0.7081896783361117   } 
   weight { 0.9963678203190263   } 
   weightvar { 0.09660763948947659   } 
   kinetic_energy { 19.19720853347591   } 
   kinetic_energyvar { 62.19965065754332   } 
   potential_energy { -73.1970521358992   } 
   potential_energyvar { 107.3069787398044   } 
   nonlocal_energy { 7.476136621017428   } 
   nonlocal_energyvar { 100.066225470848   } 
   autocorr_energy { } 
} 

block { 
   label dmc
   totweight 272000
   nautocorr 0
   total_energy { -46.52393776054916   } 
   total_energyvar { 0.7876812136637454   } 
   weight { 0.9956343717500831   } 
   weightvar { 0.09740155797157402   } 
   kinetic_energy { 19.19058080105537   } 
   kinetic_energyvar { 62.5884221913546   } 
   potential_energy { -73.23964517935877   } 
   potential_energyvar { 107.8885557512376   } 
   nonlocal_energy { 7.525126617754243   } 
   nonlocal_energyvar { 99.96852557014526   } 
   autocorr_energy { } 
} 

block { 
   label dmc
   totweight 272000
   nautocorr 0
   total_energy { -46.52272204369871   } 
   total_energyvar { 0.6949114041985922   } 
   weight { 0.9951771230973275   } 
   weightvar { 0.09931573271867533   } 
   kinetic_energy { 19.15796459353483   } 
   kinetic_energyvar { 59.60631790359679   } 
   potential_energy { -73.17421003700349   } 
   potential_energyvar { 106.8291093791386   } 
   nonlocal_energy { 7.493523399769945   } 
   nonlocal_energyvar { 96.05391230135926   } 
   autocorr_energy { } 
} 

block { 
   label dmc
   totweight 272000
   nautocorr 0
   total_energy { -46.52209768687863   } 
   total_energyvar { 0.6917549817717372   } 
   weight { 0.9959321716647216   } 
   weightvar { 0.0993542711321721   } 
   kinetic_energy { 19.13354262922341   } 
   kinetic_energyvar { 58.85586036124545   } 
   potential_energy { -73.1034811694382   } 
   potential_energyvar { 106.1792498346886   } 
   nonlocal_energy { 7.447840853336176   } 
   nonlocal_energyvar { 96.78674200630306   } 
   autocorr_energy { } 
} 

block { 
   label dmc
   totweight 272000
   nautocorr 0
   total_energy { -46.52404524045676   } 
   total_energyvar { 0.7008827853196635   } 
   weight { 0.9960297906188763   } 
   weightvar { 0.09841223991300729   } 
   kinetic_energy { 19.26954113128086   } 
   kinetic_energyvar { 61.40337522975784   } 
   potential_energy { -73.32005226010031   } 
   potential_energyvar { 106.6294256765495   } 
   nonlocal_energy { 7.526465888362684   } 
   nonlocal_energyvar { 98.28107470184318   } 
   autocorr_energy { } 
} 

block { 
   label dmc
   totweight 272000
   nautocorr 0
   total_energy { -46.52203095037393   } 
   total_energyvar { 0.8586448594601279   } 
   weight { 0.9959183369592337   } 
   weightvar { 0.1000992695808196   } 
   kinetic_energy { 19.24416832940543   } 
   kinetic_energyvar { 62.68396664611083   } 
   potential_energy { -73.30246005420217   } 
   potential_energyvar { 107.5293631012528   } 
   nonlocal_energy { 7.536260774422799   } 
   nonlocal_energyvar { 100.4511525181164   } 
   autocorr_energy { } 
} 

block { 
   label dmc
   totweight 272000
   nautocorr 0
   total_energy { -46.5191066350071   } 
   total_energyvar { 0.7010246214554172   } 
   weight { 0.9935981136635841   } 
   weightvar { 0.09964235073148764   } 
   kinetic_energy { 19.19556934598813   } 
   kinetic_energyvar { 60.96746072931387   } 
   potential_energy { -73.14720002047326   } 
   potential_energyvar { 106.6876774105467   } 
   nonlocal_energy { 7.432524039478034   } 
   nonlocal_energyvar { 96.98722534050762   } 
   autocorr_energy { } 
} 

block { 
   label dmc
   totweight 272000
   nautocorr 0
   total_energy { -46.52329756417636   } 
   total_energyvar { 0.6768780248530675   } 
   weight { 0.9939444746649996   } 
   weightvar { 0.09966288775765109   } 
   kinetic_energy { 19.19286999598708   } 
   kinetic_energyvar { 60.15845540227332   } 
   potential_energy { -73.18210530544786   } 
   potential_energyvar { 107.884432145358   } 
   nonlocal_energy { 7.465937745284407   } 
   nonlocal_energyvar { 95.5822800264026   } 
   autocorr_energy { } 
} 

block { 
   label dmc
   totweight 272000
   nautocorr 0
   total_energy { -46.52732623111889   } 
   total_energyvar { 0.7356209371587283   } 
   weight { 0.9981178887894866   } 
   weightvar { 0.1004838435358849   } 
   kinetic_energy { 19.21678514802805   } 
   kinetic_energyvar { 66.56224260798081   } 
   potential_energy { -73.22206574195503   } 
   potential_energyvar { 106.2648941579855   } 
   nonlocal_energy { 7.477954362808083   } 
   nonlocal_energyvar { 103.7917877176162   } 
   autocorr_energy { } 
} 

block { 
   label dmc
   totweight 272000
   nautocorr 0
   total_energy { -46.52600029182063   } 
   total_energyvar { 0.7028811599752771   } 
   weight { 0.9984093730973036   } 
   weightvar { 0.09664848937467163   } 
   kinetic_energy { 19.18683637392839   } 
   kinetic_energyvar { 60.79326829391249   } 
   potential_energy { -73.22164401644785   } 
   potential_energyvar { 105.197470252976   } 
   nonlocal_energy { 7.508807350698836   } 
   nonlocal_energyvar { 98.06980826878919   } 
   autocorr_energy { } 
} 

block { 
   label dmc
   totweight 272000
   nautocorr 0
   total_energy { -46.52141338438622   } 
   total_energyvar { 0.8030953490037973   } 
   weight { 0.9965709251771604   } 
   weightvar { 0.0952367550307831   } 
   kinetic_energy { 19.18841984229124   } 
   kinetic_energyvar { 65.09857179286519   } 
   potential_energy { -73.26051498128967   } 
   potential_energyvar { 108.1277613626544   } 
   nonlocal_energy { 7.550681754612229   } 
   nonlocal_energyvar { 103.3987117208302   } 
   autocorr_energy { } 
} 

block { 
   label dmc
   totweight 272000
   nautocorr 0
   total_energy { -46.5281406164124   } 
   total_energyvar { 0.7693346004243722   } 
   weight { 0.9970581878327556   } 
   weightvar { 0.09881929982086413   } 
   kinetic_energy { 19.21891610398635   } 
   kinetic_energyvar { 62.76646447694333   } 
   potential_energy { -73.21240461573068   } 
   potential_energyvar { 106.0589043365144   } 
   nonlocal_energy { 7.465347895331925   } 
   nonlocal_energyvar { 98.65482654535967   } 
   autocorr_energy { } 
} 

block { 
   label dmc
   totweight 272000
   nautocorr 0
   total_energy { -46.52546418267122   } 
   total_energyvar { 0.7402198048525861   } 
   weight { 0.9974203733429071   } 
   weightvar { 0.09879283223177315   } 
   kinetic_energy { 19.25010636752487   } 
   kinetic_energyvar { 60.07044031657318   } 
   potential_energy { -73.26124340912084   } 
   potential_energyvar { 105.9710463668735   } 
   nonlocal_energy { 7.485672858924761   } 
   nonlocal_energyvar { 96.63206689271695   } 
   autocorr_energy { } 
} 

block { 
   label dmc
   totweight 272000
   nautocorr 0
   total_energy { -46.52562414953872   } 
   total_energyvar { 0.6876037889114741   } 
   weight { 0.9976324947450027   } 
   weightvar { 0.1000375169828925   } 
   kinetic_energy { 19.18718606064249   } 
   kinetic_energyvar { 61.78559364521743   } 
   potential_energy { -73.10352458917068   } 
   potential_energyvar { 108.7445447214141   } 
   nonlocal_energy { 7.390714378989464   } 
   nonlocal_energyvar { 94.9695588129504   } 
   autocorr_energy { } 
} 

block { 
   label dmc
   totweight 272000
   nautocorr 0
   total_energy { -46.52176758545534   } 
   total_energyvar { 0.7043576573610153   } 
   weight { 0.9968354304771753   } 
   weightvar { 0.0994885503642291   } 
   kinetic_energy { 19.25176838414736   } 
   kinetic_energyvar { 61.02695769582982   } 
   potential_energy { -73.28589311322347   } 
   potential_energyvar { 107.3465728468982   } 
   nonlocal_energy { 7.512357143620766   } 
   nonlocal_energyvar { 98.24824809177525   } 
   autocorr_energy { } 
} 

block { 
   label dmc
   totweight 272000
   nautocorr 0
   total_energy { -46.52614515308225   } 
   total_energyvar { 0.7125678394536408   } 
   weight { 0.9953364759811512   } 
   weightvar { 0.09822369842266965   } 
   kinetic_energy { 19.22033516752857   } 
   kinetic_energyvar { 59.30082040233418   } 
   potential_energy { -73.22475890836634   } 
   potential_energyvar { 106.7975230263764   } 
   nonlocal_energy { 7.478278587755511   } 
   nonlocal_energyvar { 96.56237848363045   } 
   autocorr_energy { } 
} 

block { 
   label dmc
   totweight 272000
   nautocorr 0
   total_energy { -46.52128979335099   } 
   total_energyvar { 0.7058516869606137   } 
   weight { 0.996614331447759   } 
   weightvar { 0.1010127821858545   } 
   kinetic_energy { 19.21047140089858   } 
   kinetic_energyvar { 61.78282099606099   } 
   potential_energy { -73.23113548454391   } 
   potential_energyvar { 107.0726891692757   } 
   nonlocal_energy { 7.499374290294351   } 
   nonlocal_energyvar { 98.76447531708006   } 
   autocorr_energy { } 
} 

block { 
   label dmc
   totweight 272000
   nautocorr 0
   total_energy { -46.52704409834951   } 
   total_energyvar { 0.7899017978425036   } 
   weight { 0.9967997899926013   } 
   weightvar { 0.1005237508629306   } 
   kinetic_energy { 19.21522108790983   } 
   kinetic_energyvar { 72.56301937871461   } 
   potential_energy { -73.31341835382779   } 
   potential_energyvar { 107.0472234258905   } 
   nonlocal_energy { 7.571153167568448   } 
   nonlocal_energyvar { 110.1998061508332   } 
   autocorr_energy { } 
} 

block { 
   label dmc
   totweight 272000
   nautocorr 0
   total_energy { -46.52771740556859   } 
   total_energyvar { 1.428534202983883   } 
   weight { 0.998132474352339   } 
   weightvar { 0.0982374504378023   } 
   kinetic_energy { 19.29057510953835   } 
   kinetic_energyvar { 64.76746297124913   } 
   potential_energy { -73.30882399348691   } 
   potential_energyvar { 107.9486065654864   } 
   nonlocal_energy { 7.490531478379975   } 
   nonlocal_energyvar { 106.3874745685728   } 
   autocorr_energy { } 
} 

block { 
   label dmc
   totweight 272000
   nautocorr 0
   total_energy { -46.52085696268793   } 
   total_energyvar { 0.7227447110476533   } 
   weight { 0.9951546964550914   } 
   weightvar { 0.09893651426743488   } 
   kinetic_energy { 19.22149503889655   } 
   kinetic_energyvar { 60.16297904669568   } 
   potential_energy { -73.22166566179467   } 
   potential_energyvar { 108.3196087202095   } 
   nonlocal_energy { 7.479313660210165   } 
   nonlocal_energyvar { 96.87302281711891   } 
   autocorr_energy { } 
} 

