#-------------------------------------------------
#DMC run: timestep 0.02
#-------------------------------------------------


init { 
   label dmc
}
block { 
   label dmc
   totweight 266000
   nautocorr 0
   total_energy { -123.7809818611768   } 
   total_energyvar { 2.08136099591502   } 
   weight { 0.9855977715158676   } 
   weightvar { 0.04176605539317579   } 
   kinetic_energy { 71.40560990368984   } 
   kinetic_energyvar { 653.366098780094   } 
   potential_energy { -208.5638659038866   } 
   potential_energyvar { 760.9418929479434   } 
   nonlocal_energy { 13.37727413902   } 
   nonlocal_energyvar { 336.7514831046722   } 
   autocorr_energy { } 
} 

block { 
   label dmc
   totweight 266000
   nautocorr 0
   total_energy { -123.7974161121112   } 
   total_energyvar { 2.295257741665409   } 
   weight { 0.9934672479526292   } 
   weightvar { 0.09057139463429498   } 
   kinetic_energy { 73.12690614517035   } 
   kinetic_energyvar { 691.5857852030076   } 
   potential_energy { -210.3510976179332   } 
   potential_energyvar { 779.9965167697374   } 
   nonlocal_energy { 13.42677536065157   } 
   nonlocal_energyvar { 354.874392874748   } 
   autocorr_energy { } 
} 

block { 
   label dmc
   totweight 266000
   nautocorr 0
   total_energy { -123.7892373241251   } 
   total_energyvar { 2.296674175209773   } 
   weight { 0.9998118898224928   } 
   weightvar { 0.09897288939548432   } 
   kinetic_energy { 73.11566926876719   } 
   kinetic_energyvar { 691.9758180664912   } 
   potential_energy { -210.4169691264666   } 
   potential_energyvar { 773.0112991991555   } 
   nonlocal_energy { 13.51206253357429   } 
   nonlocal_energyvar { 365.5982404807562   } 
   autocorr_energy { } 
} 

block { 
   label dmc
   totweight 266000
   nautocorr 0
   total_energy { -123.8017754661859   } 
   total_energyvar { 2.219469398563888   } 
   weight { 1.001119275881156   } 
   weightvar { 0.1010238920824174   } 
   kinetic_energy { 73.42047425738774   } 
   kinetic_energyvar { 688.0012274824167   } 
   potential_energy { -210.5803026781348   } 
   potential_energyvar { 763.9836424507885   } 
   nonlocal_energy { 13.35805295456121   } 
   nonlocal_energyvar { 357.6314583455081   } 
   autocorr_energy { } 
} 

block { 
   label dmc
   totweight 266000
   nautocorr 0
   total_energy { -123.8007015610535   } 
   total_energyvar { 2.258562792247176   } 
   weight { 1.005100978982657   } 
   weightvar { 0.09978512499823622   } 
   kinetic_energy { 73.30572633574872   } 
   kinetic_energyvar { 695.6899199327672   } 
   potential_energy { -210.6342033471431   } 
   potential_energyvar { 773.0526160013833   } 
   nonlocal_energy { 13.52777545034088   } 
   nonlocal_energyvar { 362.0551370882016   } 
   autocorr_energy { } 
} 

block { 
   label dmc
   totweight 266000
   nautocorr 0
   total_energy { -123.8023304625723   } 
   total_energyvar { 3.283330389731418   } 
   weight { 1.003870925742927   } 
   weightvar { 0.1030365643750544   } 
   kinetic_energy { 73.25323725368405   } 
   kinetic_energyvar { 681.8202672302004   } 
   potential_energy { -210.5455534284187   } 
   potential_energyvar { 762.135100190193   } 
   nonlocal_energy { 13.48998571216239   } 
   nonlocal_energyvar { 359.4200006468239   } 
   autocorr_energy { } 
} 

block { 
   label dmc
   totweight 266000
   nautocorr 0
   total_energy { -123.8022862890582   } 
   total_energyvar { 2.159359046247118   } 
   weight { 1.001213499840246   } 
   weightvar { 0.1032474504076788   } 
   kinetic_energy { 73.55283329576713   } 
   kinetic_energyvar { 681.7670771315106   } 
   potential_energy { -210.8411643724987   } 
   potential_energyvar { 757.3447654302436   } 
   nonlocal_energy { 13.48604478767333   } 
   nonlocal_energyvar { 358.7983926517128   } 
   autocorr_energy { } 
} 

block { 
   label dmc
   totweight 266000
   nautocorr 0
   total_energy { -123.7951438345876   } 
   total_energyvar { 2.257996668975466   } 
   weight { 0.9988095720705814   } 
   weightvar { 0.1012945098253499   } 
   kinetic_energy { 73.60308370965247   } 
   kinetic_energyvar { 704.8659753276352   } 
   potential_energy { -210.7915189060801   } 
   potential_energyvar { 757.2846203398585   } 
   nonlocal_energy { 13.39329136183999   } 
   nonlocal_energyvar { 379.5231992190173   } 
   autocorr_energy { } 
} 

block { 
   label dmc
   totweight 266000
   nautocorr 0
   total_energy { -123.7949070687983   } 
   total_energyvar { 2.192229905042041   } 
   weight { 0.9938707886065415   } 
   weightvar { 0.1031380933999354   } 
   kinetic_energy { 73.2565558060505   } 
   kinetic_energyvar { 692.5559440053112   } 
   potential_energy { -210.3467015668964   } 
   potential_energyvar { 758.4222609622375   } 
   nonlocal_energy { 13.29523869204767   } 
   nonlocal_energyvar { 354.7216062585375   } 
   autocorr_energy { } 
} 

block { 
   label dmc
   totweight 266000
   nautocorr 0
   total_energy { -123.7973832118589   } 
   total_energyvar { 2.201298642721667   } 
   weight { 0.9955123168965206   } 
   weightvar { 0.1037676779843262   } 
   kinetic_energy { 73.28127675780777   } 
   kinetic_energyvar { 679.3231940095584   } 
   potential_energy { -210.4092164616874   } 
   potential_energyvar { 754.2874280305768   } 
   nonlocal_energy { 13.33055649202073   } 
   nonlocal_energyvar { 352.5979419724277   } 
   autocorr_energy { } 
} 

block { 
   label dmc
   totweight 266000
   nautocorr 0
   total_energy { -123.796479232059   } 
   total_energyvar { 2.162385926501884   } 
   weight { 0.9976320619085476   } 
   weightvar { 0.105009629426992   } 
   kinetic_energy { 73.34053921985037   } 
   kinetic_energyvar { 670.9857376078471   } 
   potential_energy { -210.532374621644   } 
   potential_energyvar { 758.4653098503841   } 
   nonlocal_energy { 13.39535616973465   } 
   nonlocal_energyvar { 345.5103240961351   } 
   autocorr_energy { } 
} 

block { 
   label dmc
   totweight 266000
   nautocorr 0
   total_energy { -123.809533107179   } 
   total_energyvar { 2.435613968733378   } 
   weight { 0.9983209117262021   } 
   weightvar { 0.1015227796685897   } 
   kinetic_energy { 73.49024005575387   } 
   kinetic_energyvar { 704.8460862162428   } 
   potential_energy { -210.6869132727142   } 
   potential_energyvar { 762.4071761743398   } 
   nonlocal_energy { 13.38714010978134   } 
   nonlocal_energyvar { 369.5305787734073   } 
   autocorr_energy { } 
} 

block { 
   label dmc
   totweight 266000
   nautocorr 0
   total_energy { -123.7996752064444   } 
   total_energyvar { 2.14983781297633   } 
   weight { 1.002591835727619   } 
   weightvar { 0.1039466886759932   } 
   kinetic_energy { 73.2387583115061   } 
   kinetic_energyvar { 697.7725220465463   } 
   potential_energy { -210.46625157468   } 
   potential_energyvar { 766.587450382016   } 
   nonlocal_energy { 13.42781805672951   } 
   nonlocal_energyvar { 373.8786224633178   } 
   autocorr_energy { } 
} 

block { 
   label dmc
   totweight 266000
   nautocorr 0
   total_energy { -123.7989024249904   } 
   total_energyvar { 2.182852354259012   } 
   weight { 0.9968160214794358   } 
   weightvar { 0.100653983336785   } 
   kinetic_energy { 73.53478033999396   } 
   kinetic_energyvar { 706.0823885491918   } 
   potential_energy { -210.7466543448366   } 
   potential_energyvar { 773.4909399843964   } 
   nonlocal_energy { 13.41297157985229   } 
   nonlocal_energyvar { 369.7682149647571   } 
   autocorr_energy { } 
} 

block { 
   label dmc
   totweight 266000
   nautocorr 0
   total_energy { -123.7973894550428   } 
   total_energyvar { 2.233466105020852   } 
   weight { 0.997908753468326   } 
   weightvar { 0.1032657662333698   } 
   kinetic_energy { 73.21623642218312   } 
   kinetic_energyvar { 701.0001347353009   } 
   potential_energy { -210.5182486613371   } 
   potential_energyvar { 768.9882700564558   } 
   nonlocal_energy { 13.50462278411117   } 
   nonlocal_energyvar { 368.3530853865111   } 
   autocorr_energy { } 
} 

block { 
   label dmc
   totweight 266000
   nautocorr 0
   total_energy { -123.8018362545337   } 
   total_energyvar { 2.209267116271803   } 
   weight { 0.9961755999918804   } 
   weightvar { 0.1045141173608986   } 
   kinetic_energy { 73.24844616702366   } 
   kinetic_energyvar { 712.5929002353196   } 
   potential_energy { -210.3962659129789   } 
   potential_energyvar { 771.8216982798622   } 
   nonlocal_energy { 13.34598349142151   } 
   nonlocal_energyvar { 371.9594799315122   } 
   autocorr_energy { } 
} 

block { 
   label dmc
   totweight 266000
   nautocorr 0
   total_energy { -123.7932648300799   } 
   total_energyvar { 2.095180300761058   } 
   weight { 0.9942096353485398   } 
   weightvar { 0.103028212688086   } 
   kinetic_energy { 73.30983031864415   } 
   kinetic_energyvar { 661.1988261657098   } 
   potential_energy { -210.5142215451679   } 
   potential_energyvar { 759.5677168582042   } 
   nonlocal_energy { 13.4111263964439   } 
   nonlocal_energyvar { 333.154007435423   } 
   autocorr_energy { } 
} 

block { 
   label dmc
   totweight 266000
   nautocorr 0
   total_energy { -123.7951407573418   } 
   total_energyvar { 2.155924719196264   } 
   weight { 0.9944373548643798   } 
   weightvar { 0.104406527626685   } 
   kinetic_energy { 73.15670902084811   } 
   kinetic_energyvar { 691.3911991800151   } 
   potential_energy { -210.302644192996   } 
   potential_energyvar { 761.7683589847002   } 
   nonlocal_energy { 13.35079441480604   } 
   nonlocal_energyvar { 358.5533854891938   } 
   autocorr_energy { } 
} 

block { 
   label dmc
   totweight 266000
   nautocorr 0
   total_energy { -123.7928281619817   } 
   total_energyvar { 2.100666217682374   } 
   weight { 0.9929841691250594   } 
   weightvar { 0.1046576767201743   } 
   kinetic_energy { 73.19981328911959   } 
   kinetic_energyvar { 675.4808332356088   } 
   potential_energy { -210.4458554393294   } 
   potential_energyvar { 766.1290247834768   } 
   nonlocal_energy { 13.45321398822807   } 
   nonlocal_energyvar { 348.5619698790194   } 
   autocorr_energy { } 
} 

block { 
   label dmc
   totweight 266000
   nautocorr 0
   total_energy { -123.8023522383144   } 
   total_energyvar { 2.19303133498579   } 
   weight { 0.9951336626082525   } 
   weightvar { 0.1073391098316691   } 
   kinetic_energy { 73.33800916333895   } 
   kinetic_energyvar { 691.6495554360108   } 
   potential_energy { -210.5805223971794   } 
   potential_energyvar { 764.5126963900257   } 
   nonlocal_energy { 13.44016099552607   } 
   nonlocal_energyvar { 357.5131561430571   } 
   autocorr_energy { } 
} 

block { 
   label dmc
   totweight 266000
   nautocorr 0
   total_energy { -123.80215941602   } 
   total_energyvar { 2.085826020596869   } 
   weight { 0.9991864462180279   } 
   weightvar { 0.1020536886629295   } 
   kinetic_energy { 73.42366037843956   } 
   kinetic_energyvar { 675.6347395396569   } 
   potential_energy { -210.6288947496633   } 
   potential_energyvar { 756.7325707569471   } 
   nonlocal_energy { 13.40307495520382   } 
   nonlocal_energyvar { 347.1387779931516   } 
   autocorr_energy { } 
} 

block { 
   label dmc
   totweight 266000
   nautocorr 0
   total_energy { -123.795018820224   } 
   total_energyvar { 2.238420449746627   } 
   weight { 0.9990366514529714   } 
   weightvar { 0.1014124763969116   } 
   kinetic_energy { 73.44607705135286   } 
   kinetic_energyvar { 700.1300846042595   } 
   potential_energy { -210.7477365568024   } 
   potential_energyvar { 768.7150880051995   } 
   nonlocal_energy { 13.5066406852255   } 
   nonlocal_energyvar { 375.3793988431901   } 
   autocorr_energy { } 
} 

block { 
   label dmc
   totweight 266000
   nautocorr 0
   total_energy { -123.7995070680881   } 
   total_energyvar { 2.149782163369309   } 
   weight { 0.9952617184925365   } 
   weightvar { 0.1011614631273163   } 
   kinetic_energy { 73.43836594171894   } 
   kinetic_energyvar { 675.7613516420033   } 
   potential_energy { -210.7415668859026   } 
   potential_energyvar { 761.0539051311789   } 
   nonlocal_energy { 13.50369387609558   } 
   nonlocal_energyvar { 352.6054508458543   } 
   autocorr_energy { } 
} 

block { 
   label dmc
   totweight 266000
   nautocorr 0
   total_energy { -123.8008687026493   } 
   total_energyvar { 3.566144616097517   } 
   weight { 0.9974009558263581   } 
   weightvar { 0.09983824224338067   } 
   kinetic_energy { 73.40171616182407   } 
   kinetic_energyvar { 704.9489679280932   } 
   potential_energy { -210.6186700226393   } 
   potential_energyvar { 773.4740970580169   } 
   nonlocal_energy { 13.41608515816589   } 
   nonlocal_energyvar { 368.8616707754088   } 
   autocorr_energy { } 
} 

block { 
   label dmc
   totweight 266000
   nautocorr 0
   total_energy { -123.8015640067884   } 
   total_energyvar { 2.179555091281145   } 
   weight { 0.9958938060629153   } 
   weightvar { 0.1031233406036646   } 
   kinetic_energy { 73.18769675065023   } 
   kinetic_energyvar { 669.3032466450968   } 
   potential_energy { -210.4182919291389   } 
   potential_energyvar { 756.063393427452   } 
   nonlocal_energy { 13.42903117170026   } 
   nonlocal_energyvar { 347.1172848711835   } 
   autocorr_energy { } 
} 

block { 
   label dmc
   totweight 266000
   nautocorr 0
   total_energy { -123.7958765458041   } 
   total_energyvar { 2.260055679551442   } 
   weight { 0.9969747615597025   } 
   weightvar { 0.1017233188636022   } 
   kinetic_energy { 73.27346109262416   } 
   kinetic_energyvar { 687.2520511144094   } 
   potential_energy { -210.4483568495641   } 
   potential_energyvar { 752.5193359425539   } 
   nonlocal_energy { 13.37901921113583   } 
   nonlocal_energyvar { 360.2762827660501   } 
   autocorr_energy { } 
} 

block { 
   label dmc
   totweight 266000
   nautocorr 0
   total_energy { -123.8043161047481   } 
   total_energyvar { 2.280094664800345   } 
   weight { 1.000094491994224   } 
   weightvar { 0.1018232929567209   } 
   kinetic_energy { 73.59589006179343   } 
   kinetic_energyvar { 710.0287954907653   } 
   potential_energy { -210.7908822342915   } 
   potential_energyvar { 786.7868050540565   } 
   nonlocal_energy { 13.39067606774999   } 
   nonlocal_energyvar { 361.7836765651315   } 
   autocorr_energy { } 
} 

block { 
   label dmc
   totweight 266000
   nautocorr 0
   total_energy { -123.811073174047   } 
   total_energyvar { 2.212260828642684   } 
   weight { 1.002602430381799   } 
   weightvar { 0.1027483915489171   } 
   kinetic_energy { 73.25209482242961   } 
   kinetic_energyvar { 700.6532090883074   } 
   potential_energy { -210.4126307957517   } 
   potential_energyvar { 762.2813804129182   } 
   nonlocal_energy { 13.34946279927516   } 
   nonlocal_energyvar { 366.7014947819309   } 
   autocorr_energy { } 
} 

block { 
   label dmc
   totweight 266000
   nautocorr 0
   total_energy { -123.7958660455143   } 
   total_energyvar { 2.100867366880266   } 
   weight { 1.001316742788813   } 
   weightvar { 0.1033652079392884   } 
   kinetic_energy { 73.63124549068802   } 
   kinetic_energyvar { 688.4128117410082   } 
   potential_energy { -210.7285027790425   } 
   potential_energyvar { 764.9101423407847   } 
   nonlocal_energy { 13.30139124284018   } 
   nonlocal_energyvar { 345.8793785463118   } 
   autocorr_energy { } 
} 

block { 
   label dmc
   totweight 266000
   nautocorr 0
   total_energy { -123.8023824295577   } 
   total_energyvar { 2.186814062426492   } 
   weight { 0.9988007603958525   } 
   weightvar { 0.1026431330726962   } 
   kinetic_energy { 73.48465505284581   } 
   kinetic_energyvar { 683.3714239635692   } 
   potential_energy { -210.6156986864968   } 
   potential_energyvar { 761.7391742784966   } 
   nonlocal_energy { 13.32866120409326   } 
   nonlocal_energyvar { 348.3804410217841   } 
   autocorr_energy { } 
} 

block { 
   label dmc
   totweight 266000
   nautocorr 0
   total_energy { -123.8011215432253   } 
   total_energyvar { 2.273281519777811   } 
   weight { 0.9989185167568241   } 
   weightvar { 0.1030603533801974   } 
   kinetic_energy { 73.33222233387902   } 
   kinetic_energyvar { 683.8491451485197   } 
   potential_energy { -210.5225942983582   } 
   potential_energyvar { 759.9828755364724   } 
   nonlocal_energy { 13.38925042125393   } 
   nonlocal_energyvar { 357.9342115039242   } 
   autocorr_energy { } 
} 

block { 
   label dmc
   totweight 266000
   nautocorr 0
   total_energy { -123.7861664769784   } 
   total_energyvar { 2.266826112636409   } 
   weight { 0.9908488322145617   } 
   weightvar { 0.1009655875227169   } 
   kinetic_energy { 73.32102694419521   } 
   kinetic_energyvar { 694.1854043352805   } 
   potential_energy { -210.5450297856583   } 
   potential_energyvar { 770.5297093711997   } 
   nonlocal_energy { 13.43783636448478   } 
   nonlocal_energyvar { 357.3906309941872   } 
   autocorr_energy { } 
} 

block { 
   label dmc
   totweight 266000
   nautocorr 0
   total_energy { -123.7971169597231   } 
   total_energyvar { 2.129482797676246   } 
   weight { 0.9934228684763   } 
   weightvar { 0.1028956669341855   } 
   kinetic_energy { 73.49151121215493   } 
   kinetic_energyvar { 691.5181671603386   } 
   potential_energy { -210.6561566434835   } 
   potential_energyvar { 768.3268016314032   } 
   nonlocal_energy { 13.36752847160547   } 
   nonlocal_energyvar { 354.7895136336911   } 
   autocorr_energy { } 
} 

block { 
   label dmc
   totweight 266000
   nautocorr 0
   total_energy { -123.7950588864626   } 
   total_energyvar { 2.679317169724527   } 
   weight { 0.9908077136362411   } 
   weightvar { 0.1038228076071065   } 
   kinetic_energy { 73.50414658707381   } 
   kinetic_energyvar { 708.8654954593503   } 
   potential_energy { -210.7876034514077   } 
   potential_energyvar { 794.2175303491749   } 
   nonlocal_energy { 13.48839797787131   } 
   nonlocal_energyvar { 363.0127671715657   } 
   autocorr_energy { } 
} 

block { 
   label dmc
   totweight 266000
   nautocorr 0
   total_energy { -123.8006124105882   } 
   total_energyvar { 3.244722621204346   } 
   weight { 0.9942742491144122   } 
   weightvar { 0.1030291325982565   } 
   kinetic_energy { 73.2444344661013   } 
   kinetic_energyvar { 728.654795732612   } 
   potential_energy { -210.4945525603644   } 
   potential_energyvar { 828.5014887988364   } 
   nonlocal_energy { 13.44950568367489   } 
   nonlocal_energyvar { 357.0745284675086   } 
   autocorr_energy { } 
} 

block { 
   label dmc
   totweight 266000
   nautocorr 0
   total_energy { -123.7876632557223   } 
   total_energyvar { 2.239335971813489   } 
   weight { 0.9906160595713024   } 
   weightvar { 0.1015670411062944   } 
   kinetic_energy { 73.30926676911096   } 
   kinetic_energyvar { 673.5779269936484   } 
   potential_energy { -210.6397892706753   } 
   potential_energyvar { 767.6435019142882   } 
   nonlocal_energy { 13.54285924584205   } 
   nonlocal_energyvar { 350.3161116898315   } 
   autocorr_energy { } 
} 

block { 
   label dmc
   totweight 266000
   nautocorr 0
   total_energy { -123.7954583726499   } 
   total_energyvar { 2.091793806601345   } 
   weight { 0.9905133743864604   } 
   weightvar { 0.101960665699138   } 
   kinetic_energy { 73.29008302423215   } 
   kinetic_energyvar { 689.7482873450463   } 
   potential_energy { -210.414945412754   } 
   potential_energyvar { 767.4314010087473   } 
   nonlocal_energy { 13.329404015872   } 
   nonlocal_energyvar { 347.0198621358785   } 
   autocorr_energy { } 
} 

block { 
   label dmc
   totweight 266000
   nautocorr 0
   total_energy { -123.7918609600241   } 
   total_energyvar { 2.186525327510026   } 
   weight { 0.9924071400545684   } 
   weightvar { 0.1028279243966713   } 
   kinetic_energy { 73.19350388018202   } 
   kinetic_energyvar { 695.7744376848786   } 
   potential_energy { -210.3988500223136   } 
   potential_energyvar { 771.111509174676   } 
   nonlocal_energy { 13.41348518210746   } 
   nonlocal_energyvar { 357.961615179851   } 
   autocorr_energy { } 
} 

block { 
   label dmc
   totweight 266000
   nautocorr 0
   total_energy { -123.8057339609509   } 
   total_energyvar { 2.549057075317251   } 
   weight { 0.9920202518848543   } 
   weightvar { 0.1028839639665499   } 
   kinetic_energy { 73.55358581125506   } 
   kinetic_energyvar { 710.9847461567533   } 
   potential_energy { -210.6754859315438   } 
   potential_energyvar { 784.2618605090247   } 
   nonlocal_energy { 13.31616615933783   } 
   nonlocal_energyvar { 360.4891764827936   } 
   autocorr_energy { } 
} 

block { 
   label dmc
   totweight 266000
   nautocorr 0
   total_energy { -123.7925824580994   } 
   total_energyvar { 2.166735755357877   } 
   weight { 0.9969112139972197   } 
   weightvar { 0.1029534537990092   } 
   kinetic_energy { 73.37837000158503   } 
   kinetic_energyvar { 688.7372204330522   } 
   potential_energy { -210.630926494578   } 
   potential_energyvar { 780.4548509597589   } 
   nonlocal_energy { 13.45997403489362   } 
   nonlocal_energyvar { 347.3509364239023   } 
   autocorr_energy { } 
} 

block { 
   label dmc
   totweight 266000
   nautocorr 0
   total_energy { -123.7937006549058   } 
   total_energyvar { 2.377279896118125   } 
   weight { 0.9921999072036978   } 
   weightvar { 0.1017059350952877   } 
   kinetic_energy { 73.23841863288854   } 
   kinetic_energyvar { 707.895098046597   } 
   potential_energy { -210.538815976454   } 
   potential_energyvar { 823.0922404856901   } 
   nonlocal_energy { 13.50669668865965   } 
   nonlocal_energyvar { 347.0057034708609   } 
   autocorr_energy { } 
} 

block { 
   label dmc
   totweight 266000
   nautocorr 0
   total_energy { -123.7996430748172   } 
   total_energyvar { 2.189844947813981   } 
   weight { 0.9924390187897935   } 
   weightvar { 0.1044404537863064   } 
   kinetic_energy { 73.37245647892773   } 
   kinetic_energyvar { 689.7603323075136   } 
   potential_energy { -210.6741686023511   } 
   potential_energyvar { 772.2956462048096   } 
   nonlocal_energy { 13.50206904860609   } 
   nonlocal_energyvar { 360.1365195460137   } 
   autocorr_energy { } 
} 

block { 
   label dmc
   totweight 266000
   nautocorr 0
   total_energy { -123.78867556291   } 
   total_energyvar { 2.142247941024834   } 
   weight { 0.9944393441483096   } 
   weightvar { 0.1019833947547057   } 
   kinetic_energy { 73.35030165810356   } 
   kinetic_energyvar { 677.7239341423219   } 
   potential_energy { -210.6059114908894   } 
   potential_energyvar { 760.9357915330402   } 
   nonlocal_energy { 13.46693426987589   } 
   nonlocal_energyvar { 355.9472850131161   } 
   autocorr_energy { } 
} 

block { 
   label dmc
   totweight 266000
   nautocorr 0
   total_energy { -123.7919796293612   } 
   total_energyvar { 2.297410663395567   } 
   weight { 0.9902743387225728   } 
   weightvar { 0.1008679174219566   } 
   kinetic_energy { 73.213169478156   } 
   kinetic_energyvar { 684.9106442647299   } 
   potential_energy { -210.4430036391578   } 
   potential_energyvar { 755.7776206259805   } 
   nonlocal_energy { 13.43785453164057   } 
   nonlocal_energyvar { 359.8498253675412   } 
   autocorr_energy { } 
} 

block { 
   label dmc
   totweight 266000
   nautocorr 0
   total_energy { -123.807251349724   } 
   total_energyvar { 2.589630322698213   } 
   weight { 0.9942833267616036   } 
   weightvar { 0.1054513539157008   } 
   kinetic_energy { 73.54601842681207   } 
   kinetic_energyvar { 758.823067416376   } 
   potential_energy { -210.6655262694363   } 
   potential_energyvar { 772.7437903914542   } 
   nonlocal_energy { 13.31225649290028   } 
   nonlocal_energyvar { 424.0478055725607   } 
   autocorr_energy { } 
} 

block { 
   label dmc
   totweight 266000
   nautocorr 0
   total_energy { -123.7941854009678   } 
   total_energyvar { 2.158998622429863   } 
   weight { 0.9973572569634014   } 
   weightvar { 0.1039369424545871   } 
   kinetic_energy { 73.50795191472272   } 
   kinetic_energyvar { 709.2184313724647   } 
   potential_energy { -210.620707575674   } 
   potential_energyvar { 762.2322650101269   } 
   nonlocal_energy { 13.31857025998345   } 
   nonlocal_energyvar { 369.9858024753912   } 
   autocorr_energy { } 
} 

block { 
   label dmc
   totweight 266000
   nautocorr 0
   total_energy { -123.7968804999101   } 
   total_energyvar { 2.169307206222584   } 
   weight { 0.9947928224935079   } 
   weightvar { 0.1035798449978707   } 
   kinetic_energy { 73.59790801838273   } 
   kinetic_energyvar { 701.920105020663   } 
   potential_energy { -210.7068897632695   } 
   potential_energyvar { 770.8740239681792   } 
   nonlocal_energy { 13.31210124497671   } 
   nonlocal_energyvar { 355.7986026856732   } 
   autocorr_energy { } 
} 

block { 
   label dmc
   totweight 266000
   nautocorr 0
   total_energy { -123.8044056480185   } 
   total_energyvar { 2.161719861742313   } 
   weight { 0.9998588704476269   } 
   weightvar { 0.1020348455821438   } 
   kinetic_energy { 73.5656050358544   } 
   kinetic_energyvar { 677.911290721393   } 
   potential_energy { -210.7756560391098   } 
   potential_energyvar { 762.1754077291116   } 
   nonlocal_energy { 13.40564535523692   } 
   nonlocal_energyvar { 351.8590074349022   } 
   autocorr_energy { } 
} 

block { 
   label dmc
   totweight 266000
   nautocorr 0
   total_energy { -123.7930493578463   } 
   total_energyvar { 2.183712604237371   } 
   weight { 0.9961528996144762   } 
   weightvar { 0.1021092314488744   } 
   kinetic_energy { 73.21467707369092   } 
   kinetic_energyvar { 691.000491628979   } 
   potential_energy { -210.3618793507324   } 
   potential_energyvar { 770.441778906883   } 
   nonlocal_energy { 13.35415291919507   } 
   nonlocal_energyvar { 354.6429188171224   } 
   autocorr_energy { } 
} 

block { 
   label dmc
   totweight 266000
   nautocorr 0
   total_energy { -123.7896127532334   } 
   total_energyvar { 2.11419988365742   } 
   weight { 0.9932659911484167   } 
   weightvar { 0.1013497437886147   } 
   kinetic_energy { 73.42375186548712   } 
   kinetic_energyvar { 685.5652097352331   } 
   potential_energy { -210.5447681840302   } 
   potential_energyvar { 763.479296266567   } 
   nonlocal_energy { 13.33140356530973   } 
   nonlocal_energyvar { 347.902218966202   } 
   autocorr_energy { } 
} 

block { 
   label dmc
   totweight 266000
   nautocorr 0
   total_energy { -123.8043366079006   } 
   total_energyvar { 2.173308583533071   } 
   weight { 0.997164603978548   } 
   weightvar { 0.1030118316998495   } 
   kinetic_energy { 73.28198321654031   } 
   kinetic_energyvar { 681.6599427413103   } 
   potential_energy { -210.5387312402316   } 
   potential_energyvar { 756.1586699640611   } 
   nonlocal_energy { 13.45241141579066   } 
   nonlocal_energyvar { 352.3698279821893   } 
   autocorr_energy { } 
} 

block { 
   label dmc
   totweight 266000
   nautocorr 0
   total_energy { -123.8002992129825   } 
   total_energyvar { 2.536327170484583   } 
   weight { 0.9970652493389645   } 
   weightvar { 0.1043170934660462   } 
   kinetic_energy { 73.49055393936879   } 
   kinetic_energyvar { 697.9163281158008   } 
   potential_energy { -210.5464805521595   } 
   potential_energyvar { 769.0594064356337   } 
   nonlocal_energy { 13.25562739980821   } 
   nonlocal_energyvar { 359.3434846132805   } 
   autocorr_energy { } 
} 

block { 
   label dmc
   totweight 266000
   nautocorr 0
   total_energy { -123.8012741738342   } 
   total_energyvar { 2.194279846315112   } 
   weight { 0.9995792150424848   } 
   weightvar { 0.1051523685690334   } 
   kinetic_energy { 73.42145106262261   } 
   kinetic_energyvar { 664.2753399349276   } 
   potential_energy { -210.680956640637   } 
   potential_energyvar { 758.4019660141348   } 
   nonlocal_energy { 13.45823140418024   } 
   nonlocal_energyvar { 336.7356883403874   } 
   autocorr_energy { } 
} 

block { 
   label dmc
   totweight 266000
   nautocorr 0
   total_energy { -123.7953992101256   } 
   total_energyvar { 2.141341772738087   } 
   weight { 0.9967288455021576   } 
   weightvar { 0.102624708868028   } 
   kinetic_energy { 73.27720426159701   } 
   kinetic_energyvar { 693.9560574619454   } 
   potential_energy { -210.4943901714903   } 
   potential_energyvar { 761.6141537963704   } 
   nonlocal_energy { 13.42178669976765   } 
   nonlocal_energyvar { 359.9995767155081   } 
   autocorr_energy { } 
} 

block { 
   label dmc
   totweight 266000
   nautocorr 0
   total_energy { -123.7921858799241   } 
   total_energyvar { 2.153864900394183   } 
   weight { 0.9957183644466734   } 
   weightvar { 0.103807566265855   } 
   kinetic_energy { 73.56094172191639   } 
   kinetic_energyvar { 707.8248715170075   } 
   potential_energy { -210.7952711521248   } 
   potential_energyvar { 789.8081680532632   } 
   nonlocal_energy { 13.44214355028424   } 
   nonlocal_energyvar { 357.9104926101163   } 
   autocorr_energy { } 
} 

block { 
   label dmc
   totweight 266000
   nautocorr 0
   total_energy { -123.7986986337846   } 
   total_energyvar { 2.159887577017798   } 
   weight { 0.9934716161678399   } 
   weightvar { 0.1051075872148991   } 
   kinetic_energy { 73.35837275597477   } 
   kinetic_energyvar { 686.9719093634321   } 
   potential_energy { -210.5893508133438   } 
   potential_energyvar { 761.5996698913732   } 
   nonlocal_energy { 13.4322794235844   } 
   nonlocal_energyvar { 361.577496012552   } 
   autocorr_energy { } 
} 

block { 
   label dmc
   totweight 266000
   nautocorr 0
   total_energy { -123.7948516749184   } 
   total_energyvar { 2.261245186671658   } 
   weight { 0.9953263052204034   } 
   weightvar { 0.1031220946234911   } 
   kinetic_energy { 73.26987295550225   } 
   kinetic_energyvar { 699.693223060438   } 
   potential_energy { -210.6259321196644   } 
   potential_energyvar { 757.7853932944054   } 
   nonlocal_energy { 13.5612074892437   } 
   nonlocal_energyvar { 382.9044586222248   } 
   autocorr_energy { } 
} 

block { 
   label dmc
   totweight 266000
   nautocorr 0
   total_energy { -123.7933061526024   } 
   total_energyvar { 2.231906144670575   } 
   weight { 0.9945786201457996   } 
   weightvar { 0.1023303872553647   } 
   kinetic_energy { 73.44455933046254   } 
   kinetic_energyvar { 699.3768009846544   } 
   potential_energy { -210.6553731859978   } 
   potential_energyvar { 776.2042219201539   } 
   nonlocal_energy { 13.41750770293288   } 
   nonlocal_energyvar { 360.7193961701922   } 
   autocorr_energy { } 
} 

block { 
   label dmc
   totweight 266000
   nautocorr 0
   total_energy { -123.8051065578493   } 
   total_energyvar { 2.212155569093738   } 
   weight { 0.9990152633165392   } 
   weightvar { 0.1039703566753315   } 
   kinetic_energy { 73.41669590056945   } 
   kinetic_energyvar { 709.4027410045401   } 
   potential_energy { -210.6170812586443   } 
   potential_energyvar { 772.9768934772292   } 
   nonlocal_energy { 13.3952788002256   } 
   nonlocal_energyvar { 374.9396034578381   } 
   autocorr_energy { } 
} 

block { 
   label dmc
   totweight 266000
   nautocorr 0
   total_energy { -123.7923057501425   } 
   total_energyvar { 2.610733613564662   } 
   weight { 0.9953691865147027   } 
   weightvar { 0.1028760989991184   } 
   kinetic_energy { 73.46762949644676   } 
   kinetic_energyvar { 860.8918944502602   } 
   potential_energy { -210.6147533301647   } 
   potential_energyvar { 767.3307000862696   } 
   nonlocal_energy { 13.35481808357542   } 
   nonlocal_energyvar { 504.6305132391519   } 
   autocorr_energy { } 
} 

block { 
   label dmc
   totweight 266000
   nautocorr 0
   total_energy { -123.7989981612573   } 
   total_energyvar { 2.16125830472447   } 
   weight { 0.9963344356176388   } 
   weightvar { 0.1048542524455185   } 
   kinetic_energy { 73.26178437281447   } 
   kinetic_energyvar { 694.517944201757   } 
   potential_energy { -210.5309577508604   } 
   potential_energyvar { 766.1120999193008   } 
   nonlocal_energy { 13.47017521678863   } 
   nonlocal_energyvar { 368.8830912833231   } 
   autocorr_energy { } 
} 

block { 
   label dmc
   totweight 266000
   nautocorr 0
   total_energy { -123.7998106809688   } 
   total_energyvar { 2.119134753957042   } 
   weight { 0.9983657867142586   } 
   weightvar { 0.1039569407964224   } 
   kinetic_energy { 73.37304543884252   } 
   kinetic_energyvar { 684.1639606313138   } 
   potential_energy { -210.6728492490153   } 
   potential_energyvar { 765.1176178074747   } 
   nonlocal_energy { 13.49999312920401   } 
   nonlocal_energyvar { 352.6211588893858   } 
   autocorr_energy { } 
} 

block { 
   label dmc
   totweight 266000
   nautocorr 0
   total_energy { -123.8046071303251   } 
   total_energyvar { 2.150427477008634   } 
   weight { 1.001250009440492   } 
   weightvar { 0.1067076975769163   } 
   kinetic_energy { 73.64285658624797   } 
   kinetic_energyvar { 678.7015499313711   } 
   potential_energy { -210.7202133414898   } 
   potential_energyvar { 761.4158605275588   } 
   nonlocal_energy { 13.27274962491674   } 
   nonlocal_energyvar { 348.279927168967   } 
   autocorr_energy { } 
} 

block { 
   label dmc
   totweight 266000
   nautocorr 0
   total_energy { -123.7886763405508   } 
   total_energyvar { 2.158526613666254   } 
   weight { 0.9986651641105038   } 
   weightvar { 0.1036437838004798   } 
   kinetic_energy { 73.57986203536133   } 
   kinetic_energyvar { 729.8965767606751   } 
   potential_energy { -210.750870867827   } 
   potential_energyvar { 768.3429161202148   } 
   nonlocal_energy { 13.38233249191484   } 
   nonlocal_energyvar { 382.3730363033749   } 
   autocorr_energy { } 
} 

block { 
   label dmc
   totweight 266000
   nautocorr 0
   total_energy { -123.8195765987994   } 
   total_energyvar { 2.314151700858929   } 
   weight { 1.002762498010598   } 
   weightvar { 0.1053741740922185   } 
   kinetic_energy { 73.42869217128556   } 
   kinetic_energyvar { 696.3310566520604   } 
   potential_energy { -210.590924803531   } 
   potential_energyvar { 765.6979755647553   } 
   nonlocal_energy { 13.34265603344603   } 
   nonlocal_energyvar { 362.1895206815686   } 
   autocorr_energy { } 
} 

block { 
   label dmc
   totweight 266000
   nautocorr 0
   total_energy { -123.7916167252382   } 
   total_energyvar { 2.290145622539058   } 
   weight { 1.002545265189674   } 
   weightvar { 0.1018230635546922   } 
   kinetic_energy { 73.43420968171654   } 
   kinetic_energyvar { 688.0640506720865   } 
   potential_energy { -210.687255812871   } 
   potential_energyvar { 755.9763178811481   } 
   nonlocal_energy { 13.46142940591631   } 
   nonlocal_energyvar { 368.0476959767859   } 
   autocorr_energy { } 
} 

block { 
   label dmc
   totweight 266000
   nautocorr 0
   total_energy { -123.8014136192075   } 
   total_energyvar { 2.143688048616241   } 
   weight { 0.9968132372452161   } 
   weightvar { 0.1023491008367923   } 
   kinetic_energy { 73.46810062456271   } 
   kinetic_energyvar { 688.2605399795502   } 
   potential_energy { -210.7550532931953   } 
   potential_energyvar { 768.4047555722063   } 
   nonlocal_energy { 13.48553904942516   } 
   nonlocal_energyvar { 361.2222443812078   } 
   autocorr_energy { } 
} 

block { 
   label dmc
   totweight 266000
   nautocorr 0
   total_energy { -123.8010738351112   } 
   total_energyvar { 2.127814889119691   } 
   weight { 0.9994453914212731   } 
   weightvar { 0.1008807138334475   } 
   kinetic_energy { 73.34224673453701   } 
   kinetic_energyvar { 695.5216304038777   } 
   potential_energy { -210.4296061055694   } 
   potential_energyvar { 768.1335036040909   } 
   nonlocal_energy { 13.28628553592117   } 
   nonlocal_energyvar { 352.4323755859726   } 
   autocorr_energy { } 
} 

block { 
   label dmc
   totweight 266000
   nautocorr 0
   total_energy { -123.8010227665383   } 
   total_energyvar { 2.426208194785431   } 
   weight { 1.000073480114796   } 
   weightvar { 0.103179985928044   } 
   kinetic_energy { 73.37491067898938   } 
   kinetic_energyvar { 688.9556715922799   } 
   potential_energy { -210.5561547813762   } 
   potential_energyvar { 766.7577303597427   } 
   nonlocal_energy { 13.38022133584846   } 
   nonlocal_energyvar { 355.8576001921119   } 
   autocorr_energy { } 
} 

block { 
   label dmc
   totweight 266000
   nautocorr 0
   total_energy { -123.8003561173092   } 
   total_energyvar { 2.47820268957912   } 
   weight { 1.000751424260468   } 
   weightvar { 0.1030325250895485   } 
   kinetic_energy { 73.28439230586783   } 
   kinetic_energyvar { 682.5089951462414   } 
   potential_energy { -210.4615758310603   } 
   potential_energyvar { 761.1388768677862   } 
   nonlocal_energy { 13.37682740788327   } 
   nonlocal_energyvar { 349.7495802130039   } 
   autocorr_energy { } 
} 

block { 
   label dmc
   totweight 266000
   nautocorr 0
   total_energy { -123.8010148460422   } 
   total_energyvar { 2.596053699831828   } 
   weight { 0.9991796121562477   } 
   weightvar { 0.1029200753615153   } 
   kinetic_energy { 73.53914972754571   } 
   kinetic_energyvar { 702.7668236011787   } 
   potential_energy { -210.8877861160668   } 
   potential_energyvar { 772.8448336411748   } 
   nonlocal_energy { 13.54762154247889   } 
   nonlocal_energyvar { 371.581261836065   } 
   autocorr_energy { } 
} 

block { 
   label dmc
   totweight 266000
   nautocorr 0
   total_energy { -123.7852196932254   } 
   total_energyvar { 2.137995968343603   } 
   weight { 0.9935968265663621   } 
   weightvar { 0.1029073528184999   } 
   kinetic_energy { 73.63528227769113   } 
   kinetic_energyvar { 709.9935505683379   } 
   potential_energy { -210.991975032547   } 
   potential_energyvar { 761.7583984079392   } 
   nonlocal_energy { 13.57147306163048   } 
   nonlocal_energyvar { 372.7272348987982   } 
   autocorr_energy { } 
} 

block { 
   label dmc
   totweight 266000
   nautocorr 0
   total_energy { -123.7977384867947   } 
   total_energyvar { 2.126273067922739   } 
   weight { 0.9924608413083892   } 
   weightvar { 0.1025340773215976   } 
   kinetic_energy { 73.29260722020192   } 
   kinetic_energyvar { 684.1571782348274   } 
   potential_energy { -210.5376462320872   } 
   potential_energyvar { 760.9989430867936   } 
   nonlocal_energy { 13.44730052509062   } 
   nonlocal_energyvar { 364.4189808759925   } 
   autocorr_energy { } 
} 

block { 
   label dmc
   totweight 266000
   nautocorr 0
   total_energy { -123.7944082685636   } 
   total_energyvar { 2.138866963843611   } 
   weight { 0.994101864134358   } 
   weightvar { 0.1033530739478599   } 
   kinetic_energy { 73.20037117029148   } 
   kinetic_energyvar { 685.3437981952711   } 
   potential_energy { -210.5019731265874   } 
   potential_energyvar { 759.8228654422346   } 
   nonlocal_energy { 13.50719368773234   } 
   nonlocal_energyvar { 365.9964172795091   } 
   autocorr_energy { } 
} 

block { 
   label dmc
   totweight 266000
   nautocorr 0
   total_energy { -123.7961959677595   } 
   total_energyvar { 2.374078571829159   } 
   weight { 0.9942528305627262   } 
   weightvar { 0.1021150087287743   } 
   kinetic_energy { 73.22186298601321   } 
   kinetic_energyvar { 697.0813799056641   } 
   potential_energy { -210.4771137039282   } 
   potential_energyvar { 765.1954311535155   } 
   nonlocal_energy { 13.45905475015549   } 
   nonlocal_energyvar { 362.9223835226169   } 
   autocorr_energy { } 
} 

block { 
   label dmc
   totweight 266000
   nautocorr 0
   total_energy { -123.7964755260711   } 
   total_energyvar { 2.115231111569301   } 
   weight { 0.9952640857465309   } 
   weightvar { 0.1013752853200165   } 
   kinetic_energy { 73.71095240876984   } 
   kinetic_energyvar { 688.4988730536861   } 
   potential_energy { -210.8677450451638   } 
   potential_energyvar { 763.93132385637   } 
   nonlocal_energy { 13.36031711032281   } 
   nonlocal_energyvar { 352.7385472587853   } 
   autocorr_energy { } 
} 

block { 
   label dmc
   totweight 266000
   nautocorr 0
   total_energy { -123.7885895543783   } 
   total_energyvar { 2.029765398880045   } 
   weight { 0.9938217821801292   } 
   weightvar { 0.1016736623316807   } 
   kinetic_energy { 73.38197126460949   } 
   kinetic_energyvar { 680.3646634230408   } 
   potential_energy { -210.6720415701843   } 
   potential_energyvar { 757.1332638170134   } 
   nonlocal_energy { 13.50148075119657   } 
   nonlocal_energyvar { 348.3975915815296   } 
   autocorr_energy { } 
} 

block { 
   label dmc
   totweight 266000
   nautocorr 0
   total_energy { -123.8014816637219   } 
   total_energyvar { 2.190466589410789   } 
   weight { 0.9935387239285012   } 
   weightvar { 0.1024874365024698   } 
   kinetic_energy { 73.38068223519821   } 
   kinetic_energyvar { 706.3085240436476   } 
   potential_energy { -210.4991182377258   } 
   potential_energyvar { 774.0144244921321   } 
   nonlocal_energy { 13.31695433880571   } 
   nonlocal_energyvar { 367.2692041912474   } 
   autocorr_energy { } 
} 

block { 
   label dmc
   totweight 266000
   nautocorr 0
   total_energy { -123.7969422292684   } 
   total_energyvar { 2.101433026458835   } 
   weight { 0.9955695116629067   } 
   weightvar { 0.1042310069036857   } 
   kinetic_energy { 73.38142044268048   } 
   kinetic_energyvar { 677.1235277021697   } 
   potential_energy { -210.6030734937931   } 
   potential_energyvar { 763.7875974188792   } 
   nonlocal_energy { 13.42471082184422   } 
   nonlocal_energyvar { 351.6071698190455   } 
   autocorr_energy { } 
} 

block { 
   label dmc
   totweight 266000
   nautocorr 0
   total_energy { -123.8020953355087   } 
   total_energyvar { 2.079560874635717   } 
   weight { 0.9985627620679587   } 
   weightvar { 0.1032948787902553   } 
   kinetic_energy { 73.46996138098706   } 
   kinetic_energyvar { 688.9591762075124   } 
   potential_energy { -210.5449573455016   } 
   potential_energyvar { 758.4318989921594   } 
   nonlocal_energy { 13.27290062900591   } 
   nonlocal_energyvar { 352.3382410467304   } 
   autocorr_energy { } 
} 

block { 
   label dmc
   totweight 266000
   nautocorr 0
   total_energy { -123.8114259854041   } 
   total_energyvar { 2.25754304513066   } 
   weight { 1.005681495920955   } 
   weightvar { 0.1028758316552543   } 
   kinetic_energy { 73.34609631130063   } 
   kinetic_energyvar { 684.2414854350209   } 
   potential_energy { -210.514589524234   } 
   potential_energyvar { 767.7173922345173   } 
   nonlocal_energy { 13.35706722752928   } 
   nonlocal_energyvar { 350.8211614841142   } 
   autocorr_energy { } 
} 

block { 
   label dmc
   totweight 266000
   nautocorr 0
   total_energy { -123.7956308702588   } 
   total_energyvar { 2.391984322714052   } 
   weight { 0.9996380693639459   } 
   weightvar { 0.101793931670494   } 
   kinetic_energy { 73.35772543861454   } 
   kinetic_energyvar { 697.7267714744748   } 
   potential_energy { -210.6199816631236   } 
   potential_energyvar { 767.067143837332   } 
   nonlocal_energy { 13.46662535425031   } 
   nonlocal_energyvar { 367.0879420558849   } 
   autocorr_energy { } 
} 

block { 
   label dmc
   totweight 266000
   nautocorr 0
   total_energy { -123.7953227878165   } 
   total_energyvar { 2.10497394500635   } 
   weight { 0.9977376101174281   } 
   weightvar { 0.1023895939796251   } 
   kinetic_energy { 73.28240866395542   } 
   kinetic_energyvar { 678.8233117142854   } 
   potential_energy { -210.583617634666   } 
   potential_energyvar { 757.6110601488544   } 
   nonlocal_energy { 13.50588618289404   } 
   nonlocal_energyvar { 355.6091939541839   } 
   autocorr_energy { } 
} 

block { 
   label dmc
   totweight 266000
   nautocorr 0
   total_energy { -123.7938480149983   } 
   total_energyvar { 2.115586637091837   } 
   weight { 0.9974988702938089   } 
   weightvar { 0.1009404167935778   } 
   kinetic_energy { 73.47581539200826   } 
   kinetic_energyvar { 689.7184431812875   } 
   potential_energy { -210.6598982089465   } 
   potential_energyvar { 764.4100769213619   } 
   nonlocal_energy { 13.39023480193994   } 
   nonlocal_energyvar { 356.3093694612145   } 
   autocorr_energy { } 
} 

block { 
   label dmc
   totweight 266000
   nautocorr 0
   total_energy { -123.7983864143007   } 
   total_energyvar { 2.322864177907832   } 
   weight { 0.9951845506029987   } 
   weightvar { 0.1025145176984777   } 
   kinetic_energy { 73.36398479230637   } 
   kinetic_energyvar { 700.6154454629568   } 
   potential_energy { -210.5637054747144   } 
   potential_energyvar { 777.9481529392433   } 
   nonlocal_energy { 13.40133426810731   } 
   nonlocal_energyvar { 357.0838847654284   } 
   autocorr_energy { } 
} 

block { 
   label dmc
   totweight 266000
   nautocorr 0
   total_energy { -123.8003033651258   } 
   total_energyvar { 2.230779849238388   } 
   weight { 0.9961567706564241   } 
   weightvar { 0.1029712431166084   } 
   kinetic_energy { 73.50030508241835   } 
   kinetic_energyvar { 699.3674788773615   } 
   potential_energy { -210.625113192878   } 
   potential_energyvar { 761.6076182670222   } 
   nonlocal_energy { 13.32450474533385   } 
   nonlocal_energyvar { 368.9605750567806   } 
   autocorr_energy { } 
} 

block { 
   label dmc
   totweight 266000
   nautocorr 0
   total_energy { -123.796002088811   } 
   total_energyvar { 2.134310361225289   } 
   weight { 0.9981505611114982   } 
   weightvar { 0.1009255184932425   } 
   kinetic_energy { 73.07753946595258   } 
   kinetic_energyvar { 661.0635863866883   } 
   potential_energy { -210.3716036973947   } 
   potential_energyvar { 754.4407157640526   } 
   nonlocal_energy { 13.49806214263117   } 
   nonlocal_energyvar { 343.0077124487472   } 
   autocorr_energy { } 
} 

block { 
   label dmc
   totweight 266000
   nautocorr 0
   total_energy { -123.7970700535792   } 
   total_energyvar { 2.151938221373712   } 
   weight { 0.9973829271558802   } 
   weightvar { 0.1029227389664047   } 
   kinetic_energy { 73.40524433847153   } 
   kinetic_energyvar { 698.0702586049874   } 
   potential_energy { -210.5660644194427   } 
   potential_energyvar { 761.7687328310421   } 
   nonlocal_energy { 13.36375002739202   } 
   nonlocal_energyvar { 364.2766817148786   } 
   autocorr_energy { } 
} 

block { 
   label dmc
   totweight 266000
   nautocorr 0
   total_energy { -123.7937543101989   } 
   total_energyvar { 2.127371755257627   } 
   weight { 0.9944336540689411   } 
   weightvar { 0.1028598766840018   } 
   kinetic_energy { 73.33567787108758   } 
   kinetic_energyvar { 689.8477245461308   } 
   potential_energy { -210.4575472738681   } 
   potential_energyvar { 771.2018933987056   } 
   nonlocal_energy { 13.32811509258159   } 
   nonlocal_energyvar { 348.2750479324662   } 
   autocorr_energy { } 
} 

block { 
   label dmc
   totweight 266000
   nautocorr 0
   total_energy { -123.797506965744   } 
   total_energyvar { 2.971340069454527   } 
   weight { 0.994835460902758   } 
   weightvar { 0.1017897804759178   } 
   kinetic_energy { 73.33925489736556   } 
   kinetic_energyvar { 689.6443528714626   } 
   potential_energy { -210.5528617899415   } 
   potential_energyvar { 771.4030568014787   } 
   nonlocal_energy { 13.41609992683196   } 
   nonlocal_energyvar { 360.0732530689017   } 
   autocorr_energy { } 
} 

block { 
   label dmc
   totweight 266000
   nautocorr 0
   total_energy { -123.798628155168   } 
   total_energyvar { 2.103145664570548   } 
   weight { 0.9966464372376647   } 
   weightvar { 0.104175948414557   } 
   kinetic_energy { 73.32517537455328   } 
   kinetic_energyvar { 678.4118307998679   } 
   potential_energy { -210.5069807573888   } 
   potential_energyvar { 764.1510932417004   } 
   nonlocal_energy { 13.38317722766753   } 
   nonlocal_energyvar { 347.6631411703446   } 
   autocorr_energy { } 
} 

block { 
   label dmc
   totweight 266000
   nautocorr 0
   total_energy { -123.7989278167728   } 
   total_energyvar { 2.228035061978517   } 
   weight { 0.9983282916949034   } 
   weightvar { 0.1047807075182281   } 
   kinetic_energy { 73.7209173516484   } 
   kinetic_energyvar { 726.5812508030467   } 
   potential_energy { -210.9143770230926   } 
   potential_energyvar { 772.6031268004954   } 
   nonlocal_energy { 13.39453185467146   } 
   nonlocal_energyvar { 380.3158911363693   } 
   autocorr_energy { } 
} 

block { 
   label dmc
   totweight 266000
   nautocorr 0
   total_energy { -123.8002558306368   } 
   total_energyvar { 2.329126122343951   } 
   weight { 0.997628458749294   } 
   weightvar { 0.1049599930985459   } 
   kinetic_energy { 73.20225063782283   } 
   kinetic_energyvar { 697.724428672509   } 
   potential_energy { -210.3682764531702   } 
   potential_energyvar { 777.472645208778   } 
   nonlocal_energy { 13.36576998471054   } 
   nonlocal_energyvar { 366.3150493986087   } 
   autocorr_energy { } 
} 

block { 
   label dmc
   totweight 266000
   nautocorr 0
   total_energy { -123.7991485441996   } 
   total_energyvar { 2.147135171830087   } 
   weight { 0.9979892823416766   } 
   weightvar { 0.1033767631411502   } 
   kinetic_energy { 73.52916965708053   } 
   kinetic_energyvar { 700.8014586529889   } 
   potential_energy { -210.7004525779746   } 
   potential_energyvar { 763.6184095995341   } 
   nonlocal_energy { 13.37213437669442   } 
   nonlocal_energyvar { 363.3896441202451   } 
   autocorr_energy { } 
} 

block { 
   label dmc
   totweight 266000
   nautocorr 0
   total_energy { -123.8036085626996   } 
   total_energyvar { 2.091287346529498   } 
   weight { 1.001672870033805   } 
   weightvar { 0.1038102743093476   } 
   kinetic_energy { 73.72568353961508   } 
   kinetic_energyvar { 687.8024668577218   } 
   potential_energy { -210.8846748176057   } 
   potential_energyvar { 754.8645305461032   } 
   nonlocal_energy { 13.35538271529104   } 
   nonlocal_energyvar { 361.3778360383849   } 
   autocorr_energy { } 
} 

block { 
   label dmc
   totweight 266000
   nautocorr 0
   total_energy { -123.8084379407243   } 
   total_energyvar { 3.289413569726094   } 
   weight { 1.000665324846547   } 
   weightvar { 0.1025007463806982   } 
   kinetic_energy { 73.27708271161936   } 
   kinetic_energyvar { 710.7663641553991   } 
   potential_energy { -210.6141890653578   } 
   potential_energyvar { 761.1910004021192   } 
   nonlocal_energy { 13.52866841301412   } 
   nonlocal_energyvar { 392.5396000095053   } 
   autocorr_energy { } 
} 

block { 
   label dmc
   totweight 266000
   nautocorr 0
   total_energy { -123.7979893096998   } 
   total_energyvar { 2.15957024315685   } 
   weight { 1.000397716548348   } 
   weightvar { 0.1011985415560548   } 
   kinetic_energy { 73.07644091542937   } 
   kinetic_energyvar { 675.3326801585627   } 
   potential_energy { -210.3228313012444   } 
   potential_energyvar { 763.8473591247093   } 
   nonlocal_energy { 13.44840107611519   } 
   nonlocal_energyvar { 345.6815038138255   } 
   autocorr_energy { } 
} 

block { 
   label dmc
   totweight 266000
   nautocorr 0
   total_energy { -123.7958587629092   } 
   total_energyvar { 2.235953429155416   } 
   weight { 0.9999317230543127   } 
   weightvar { 0.1011264525782799   } 
   kinetic_energy { 73.17702110222602   } 
   kinetic_energyvar { 671.7816787464726   } 
   potential_energy { -210.6294516071945   } 
   potential_energyvar { 766.2148479778771   } 
   nonlocal_energy { 13.65657174205928   } 
   nonlocal_energyvar { 354.2961077362568   } 
   autocorr_energy { } 
} 

block { 
   label dmc
   totweight 266000
   nautocorr 0
   total_energy { -123.8017462584357   } 
   total_energyvar { 2.281507389332546   } 
   weight { 0.996423403211348   } 
   weightvar { 0.1041101554581118   } 
   kinetic_energy { 73.45979612669859   } 
   kinetic_energyvar { 698.4527369411207   } 
   potential_energy { -210.6006215371521   } 
   potential_energyvar { 771.0741304819239   } 
   nonlocal_energy { 13.33907915201787   } 
   nonlocal_energyvar { 354.8237057791669   } 
   autocorr_energy { } 
} 

block { 
   label dmc
   totweight 266000
   nautocorr 0
   total_energy { -123.7961521192185   } 
   total_energyvar { 3.65579024175895   } 
   weight { 0.9956141620990163   } 
   weightvar { 0.1039269230352716   } 
   kinetic_energy { 73.22156614468915   } 
   kinetic_energyvar { 749.6964840684668   } 
   potential_energy { -210.5398662413682   } 
   potential_energyvar { 838.2755586044004   } 
   nonlocal_energy { 13.52214797746061   } 
   nonlocal_energyvar { 375.9713895502213   } 
   autocorr_energy { } 
} 

