#-------------------------------------------------
#DMC run: timestep 0.02
#-------------------------------------------------


init { 
   label dmc
}
block { 
   label dmc
   totweight 320000
   nautocorr 0
   total_energy { -10.08643245207796   } 
   total_energyvar { 0.05881161330188434   } 
   weight { 1.00140026577329   } 
   weightvar { 0.005159729504625288   } 
   kinetic_energy { 3.89337346465357   } 
   kinetic_energyvar { 3.71439472383644   } 
   potential_energy { -15.78517236069219   } 
   potential_energyvar { 8.836195603150173   } 
   nonlocal_energy { 1.805366443960662   } 
   nonlocal_energyvar { 9.008805645626598   } 
   autocorr_energy { } 
} 

block { 
   label dmc
   totweight 320000
   nautocorr 0
   total_energy { -10.08906946977   } 
   total_energyvar { 0.06115543745171692   } 
   weight { 1.001634583313436   } 
   weightvar { 0.02054551209214361   } 
   kinetic_energy { 3.874773118293061   } 
   kinetic_energyvar { 3.830767807026358   } 
   potential_energy { -15.78871264762383   } 
   potential_energyvar { 9.001179830702483   } 
   nonlocal_energy { 1.824870059560771   } 
   nonlocal_energyvar { 9.408222191935172   } 
   autocorr_energy { } 
} 

block { 
   label dmc
   totweight 320000
   nautocorr 0
   total_energy { -10.08958154662329   } 
   total_energyvar { 0.05965171358961641   } 
   weight { 1.002019208640934   } 
   weightvar { 0.03768720801125247   } 
   kinetic_energy { 3.874002862340373   } 
   kinetic_energyvar { 3.722183953272923   } 
   potential_energy { -15.75470578743427   } 
   potential_energyvar { 8.818332721123568   } 
   nonlocal_energy { 1.791121378470605   } 
   nonlocal_energyvar { 8.878826713015393   } 
   autocorr_energy { } 
} 

block { 
   label dmc
   totweight 320000
   nautocorr 0
   total_energy { -10.09003612441979   } 
   total_energyvar { 0.05925256916836474   } 
   weight { 1.001364344261292   } 
   weightvar { 0.05399208988161486   } 
   kinetic_energy { 3.888133149454336   } 
   kinetic_energyvar { 3.71985663702697   } 
   potential_energy { -15.77418881547703   } 
   potential_energyvar { 8.911963904286893   } 
   nonlocal_energy { 1.796019541602896   } 
   nonlocal_energyvar { 9.166943934835867   } 
   autocorr_energy { } 
} 

block { 
   label dmc
   totweight 320000
   nautocorr 0
   total_energy { -10.08970170467444   } 
   total_energyvar { 0.05807650841104817   } 
   weight { 1.0009633992584   } 
   weightvar { 0.06381002947996484   } 
   kinetic_energy { 3.865212828572212   } 
   kinetic_energyvar { 3.780767096716474   } 
   potential_energy { -15.71962722857794   } 
   potential_energyvar { 8.700620451140679   } 
   nonlocal_energy { 1.764712695331285   } 
   nonlocal_energyvar { 9.035503114396375   } 
   autocorr_energy { } 
} 

block { 
   label dmc
   totweight 320000
   nautocorr 0
   total_energy { -10.08871553630649   } 
   total_energyvar { 0.06096828554721867   } 
   weight { 0.9997995758688879   } 
   weightvar { 0.07166174041974327   } 
   kinetic_energy { 3.870563450009109   } 
   kinetic_energyvar { 3.762520639926009   } 
   potential_energy { -15.76325919116316   } 
   potential_energyvar { 8.909726420681835   } 
   nonlocal_energy { 1.803980204847564   } 
   nonlocal_energyvar { 9.460311519514867   } 
   autocorr_energy { } 
} 

block { 
   label dmc
   totweight 320000
   nautocorr 0
   total_energy { -10.09169520119945   } 
   total_energyvar { 0.05875984156534741   } 
   weight { 1.000645968137723   } 
   weightvar { 0.07633779413433128   } 
   kinetic_energy { 3.88658104797732   } 
   kinetic_energyvar { 3.769499145924296   } 
   potential_energy { -15.78615570761827   } 
   potential_energyvar { 9.129537880594199   } 
   nonlocal_energy { 1.8078794584415   } 
   nonlocal_energyvar { 9.619507939019647   } 
   autocorr_energy { } 
} 

block { 
   label dmc
   totweight 320000
   nautocorr 0
   total_energy { -10.0881928550773   } 
   total_energyvar { 0.05869821392786889   } 
   weight { 0.9997638345974071   } 
   weightvar { 0.0785862174741756   } 
   kinetic_energy { 3.904779353971517   } 
   kinetic_energyvar { 3.72456169219673   } 
   potential_energy { -15.77803878916195   } 
   potential_energyvar { 8.774799254960669   } 
   nonlocal_energy { 1.78506658011314   } 
   nonlocal_energyvar { 8.85040969589714   } 
   autocorr_energy { } 
} 

block { 
   label dmc
   totweight 320000
   nautocorr 0
   total_energy { -10.0896440819466   } 
   total_energyvar { 0.05864594928267763   } 
   weight { 0.9988738857664823   } 
   weightvar { 0.08157319839455457   } 
   kinetic_energy { 3.875985964478709   } 
   kinetic_energyvar { 3.693208366542107   } 
   potential_energy { -15.69696303362356   } 
   potential_energyvar { 8.692473803994801   } 
   nonlocal_energy { 1.731332987198253   } 
   nonlocal_energyvar { 8.623202678824944   } 
   autocorr_energy { } 
} 

block { 
   label dmc
   totweight 320000
   nautocorr 0
   total_energy { -10.09079839649133   } 
   total_energyvar { 0.05889735909785543   } 
   weight { 1.000410529439065   } 
   weightvar { 0.0845281396311186   } 
   kinetic_energy { 3.90567965540022   } 
   kinetic_energyvar { 3.778115565115964   } 
   potential_energy { -15.78274207599047   } 
   potential_energyvar { 8.80969751111985   } 
   nonlocal_energy { 1.786264024098919   } 
   nonlocal_energyvar { 8.946091172614167   } 
   autocorr_energy { } 
} 

block { 
   label dmc
   totweight 320000
   nautocorr 0
   total_energy { -10.08904114075957   } 
   total_energyvar { 0.0605405478938934   } 
   weight { 0.9994611253742863   } 
   weightvar { 0.08661642786144741   } 
   kinetic_energy { 3.894618826976695   } 
   kinetic_energyvar { 3.682230890462735   } 
   potential_energy { -15.78353983905201   } 
   potential_energyvar { 8.918610520393059   } 
   nonlocal_energy { 1.799879871315739   } 
   nonlocal_energyvar { 8.999143103392953   } 
   autocorr_energy { } 
} 

block { 
   label dmc
   totweight 320000
   nautocorr 0
   total_energy { -10.08839744744605   } 
   total_energyvar { 0.06030850382566655   } 
   weight { 0.9988375597157843   } 
   weightvar { 0.08652231386463827   } 
   kinetic_energy { 3.869191526512223   } 
   kinetic_energyvar { 3.791963552437533   } 
   potential_energy { -15.75318960405719   } 
   potential_energyvar { 8.933646033290245   } 
   nonlocal_energy { 1.795600630098912   } 
   nonlocal_energyvar { 9.201864957850274   } 
   autocorr_energy { } 
} 

block { 
   label dmc
   totweight 320000
   nautocorr 0
   total_energy { -10.08801595554051   } 
   total_energyvar { 0.06109094981879082   } 
   weight { 0.9985349752533246   } 
   weightvar { 0.0874111038425105   } 
   kinetic_energy { 3.861694368987324   } 
   kinetic_energyvar { 3.907863394212926   } 
   potential_energy { -15.74644208433523   } 
   potential_energyvar { 8.953147615109543   } 
   nonlocal_energy { 1.796731759807393   } 
   nonlocal_energyvar { 9.439640139755067   } 
   autocorr_energy { } 
} 

block { 
   label dmc
   totweight 320000
   nautocorr 0
   total_energy { -10.0893830512253   } 
   total_energyvar { 0.06062965038674406   } 
   weight { 0.9985845932230597   } 
   weightvar { 0.08950348505800931   } 
   kinetic_energy { 3.867890158959137   } 
   kinetic_energyvar { 3.799527821536062   } 
   potential_energy { -15.77225997617006   } 
   potential_energyvar { 8.917528951812756   } 
   nonlocal_energy { 1.814986765985631   } 
   nonlocal_energyvar { 9.355672899282357   } 
   autocorr_energy { } 
} 

block { 
   label dmc
   totweight 320000
   nautocorr 0
   total_energy { -10.08923007632011   } 
   total_energyvar { 0.06308548921724366   } 
   weight { 0.9989782336107419   } 
   weightvar { 0.09068289814613639   } 
   kinetic_energy { 3.882699436122786   } 
   kinetic_energyvar { 3.833237649924715   } 
   potential_energy { -15.75954207559942   } 
   potential_energyvar { 8.898696410918092   } 
   nonlocal_energy { 1.787612563156518   } 
   nonlocal_energyvar { 9.302119747136315   } 
   autocorr_energy { } 
} 

block { 
   label dmc
   totweight 320000
   nautocorr 0
   total_energy { -10.08681016515621   } 
   total_energyvar { 0.06125613567154176   } 
   weight { 0.9979297972015616   } 
   weightvar { 0.09223408952318934   } 
   kinetic_energy { 3.869752228362775   } 
   kinetic_energyvar { 3.768415328893038   } 
   potential_energy { -15.7797689430502   } 
   potential_energyvar { 9.914113499927822   } 
   nonlocal_energy { 1.823206549531218   } 
   nonlocal_energyvar { 10.53921664657691   } 
   autocorr_energy { } 
} 

block { 
   label dmc
   totweight 320000
   nautocorr 0
   total_energy { -10.09088124382095   } 
   total_energyvar { 0.05977326571093045   } 
   weight { 0.9988522212716132   } 
   weightvar { 0.09270264403265338   } 
   kinetic_energy { 3.894199988832744   } 
   kinetic_energyvar { 3.682594847951703   } 
   potential_energy { -15.77969132571587   } 
   potential_energyvar { 8.887137542704977   } 
   nonlocal_energy { 1.794610093062172   } 
   nonlocal_energyvar { 9.109569509029019   } 
   autocorr_energy { } 
} 

block { 
   label dmc
   totweight 320000
   nautocorr 0
   total_energy { -10.0915153741683   } 
   total_energyvar { 0.06009314841047342   } 
   weight { 1.000583591388804   } 
   weightvar { 0.09341962916427882   } 
   kinetic_energy { 3.859236607073359   } 
   kinetic_energyvar { 3.704567919004552   } 
   potential_energy { -15.72832437772967   } 
   potential_energyvar { 8.952560592448236   } 
   nonlocal_energy { 1.777572396488011   } 
   nonlocal_energyvar { 9.281475992760432   } 
   autocorr_energy { } 
} 

block { 
   label dmc
   totweight 320000
   nautocorr 0
   total_energy { -10.08689125546831   } 
   total_energyvar { 0.06274068874573402   } 
   weight { 0.9989529629437675   } 
   weightvar { 0.09282006810160837   } 
   kinetic_energy { 3.872994492692768   } 
   kinetic_energyvar { 3.936553410251754   } 
   potential_energy { -15.77568556332014   } 
   potential_energyvar { 9.158099839509276   } 
   nonlocal_energy { 1.815799815159069   } 
   nonlocal_energyvar { 9.763007905605757   } 
   autocorr_energy { } 
} 

block { 
   label dmc
   totweight 320000
   nautocorr 0
   total_energy { -10.09051141560109   } 
   total_energyvar { 0.06075264568239902   } 
   weight { 0.9988205249914619   } 
   weightvar { 0.09322004567271724   } 
   kinetic_energy { 3.875674280977779   } 
   kinetic_energyvar { 3.7780384137296   } 
   potential_energy { -15.77902959969001   } 
   potential_energyvar { 8.967382678610591   } 
   nonlocal_energy { 1.812843903111143   } 
   nonlocal_energyvar { 9.344759259185569   } 
   autocorr_energy { } 
} 

block { 
   label dmc
   totweight 320000
   nautocorr 0
   total_energy { -10.08921793347748   } 
   total_energyvar { 0.06190552653816894   } 
   weight { 0.9997495125750756   } 
   weightvar { 0.09441489547907889   } 
   kinetic_energy { 3.871600299417852   } 
   kinetic_energyvar { 3.852360131864838   } 
   potential_energy { -15.74970984097116   } 
   potential_energyvar { 8.886727597284533   } 
   nonlocal_energy { 1.788891608075826   } 
   nonlocal_energyvar { 9.329291778462096   } 
   autocorr_energy { } 
} 

block { 
   label dmc
   totweight 320000
   nautocorr 0
   total_energy { -10.09321564685445   } 
   total_energyvar { 0.05800540622534811   } 
   weight { 1.001025177646159   } 
   weightvar { 0.09454647251413362   } 
   kinetic_energy { 3.888565661844835   } 
   kinetic_energyvar { 3.654113252303906   } 
   potential_energy { -15.74271279424767   } 
   potential_energyvar { 8.667603938074222   } 
   nonlocal_energy { 1.760931485548385   } 
   nonlocal_energyvar { 8.715416341792968   } 
   autocorr_energy { } 
} 

block { 
   label dmc
   totweight 320000
   nautocorr 0
   total_energy { -10.09098923144177   } 
   total_energyvar { 0.05807154454828378   } 
   weight { 1.001430353337721   } 
   weightvar { 0.09593506637845861   } 
   kinetic_energy { 3.881002225166296   } 
   kinetic_energyvar { 3.709661626973075   } 
   potential_energy { -15.75405331909942   } 
   potential_energyvar { 8.813914329668535   } 
   nonlocal_energy { 1.782061862491345   } 
   nonlocal_energyvar { 8.724642460516133   } 
   autocorr_energy { } 
} 

block { 
   label dmc
   totweight 320000
   nautocorr 0
   total_energy { -10.09137607372133   } 
   total_energyvar { 0.06137325465898869   } 
   weight { 1.001396716198526   } 
   weightvar { 0.09700867331716401   } 
   kinetic_energy { 3.890888460419072   } 
   kinetic_energyvar { 3.736019817059949   } 
   potential_energy { -15.79484569879596   } 
   potential_energyvar { 8.883720911040513   } 
   nonlocal_energy { 1.81258116465556   } 
   nonlocal_energyvar { 9.16540442700742   } 
   autocorr_energy { } 
} 

block { 
   label dmc
   totweight 320000
   nautocorr 0
   total_energy { -10.09087191417857   } 
   total_energyvar { 0.06042359690655985   } 
   weight { 1.000374679062288   } 
   weightvar { 0.09531496984645327   } 
   kinetic_energy { 3.870246268661118   } 
   kinetic_energyvar { 3.745264473305637   } 
   potential_energy { -15.74417000239235   } 
   potential_energyvar { 8.850346131840212   } 
   nonlocal_energy { 1.783051819552662   } 
   nonlocal_energyvar { 9.012896998275822   } 
   autocorr_energy { } 
} 

block { 
   label dmc
   totweight 320000
   nautocorr 0
   total_energy { -10.09216061515694   } 
   total_energyvar { 0.05973562128509968   } 
   weight { 1.001208170261963   } 
   weightvar { 0.09523612967754058   } 
   kinetic_energy { 3.910233697757837   } 
   kinetic_energyvar { 3.782618311811268   } 
   potential_energy { -15.85415900189165   } 
   potential_energyvar { 9.103645910378106   } 
   nonlocal_energy { 1.851764688976874   } 
   nonlocal_energyvar { 9.40880316216829   } 
   autocorr_energy { } 
} 

block { 
   label dmc
   totweight 320000
   nautocorr 0
   total_energy { -10.08841863038083   } 
   total_energyvar { 0.05708818197423682   } 
   weight { 1.000468134832885   } 
   weightvar { 0.09507858485384757   } 
   kinetic_energy { 3.886306982615854   } 
   kinetic_energyvar { 3.64084007737956   } 
   potential_energy { -15.77434606285595   } 
   potential_energyvar { 8.94549601475353   } 
   nonlocal_energy { 1.79962044985927   } 
   nonlocal_energyvar { 8.950811965489239   } 
   autocorr_energy { } 
} 

block { 
   label dmc
   totweight 320000
   nautocorr 0
   total_energy { -10.09043594344515   } 
   total_energyvar { 0.05954199682309991   } 
   weight { 0.9993023172757199   } 
   weightvar { 0.09422797108469183   } 
   kinetic_energy { 3.878655291946198   } 
   kinetic_energyvar { 3.741788440800647   } 
   potential_energy { -15.75626264841116   } 
   potential_energyvar { 8.855220295938409   } 
   nonlocal_energy { 1.787171413019814   } 
   nonlocal_energyvar { 8.893343352761327   } 
   autocorr_energy { } 
} 

block { 
   label dmc
   totweight 320000
   nautocorr 0
   total_energy { -10.0911310154169   } 
   total_energyvar { 0.06057596034105472   } 
   weight { 0.9999540735724   } 
   weightvar { 0.09342760282291129   } 
   kinetic_energy { 3.900115877777078   } 
   kinetic_energyvar { 3.654144960481585   } 
   potential_energy { -15.80490846822316   } 
   potential_energyvar { 8.872291342855448   } 
   nonlocal_energy { 1.813661575029179   } 
   nonlocal_energyvar { 8.935970636813106   } 
   autocorr_energy { } 
} 

block { 
   label dmc
   totweight 320000
   nautocorr 0
   total_energy { -10.09192915283214   } 
   total_energyvar { 0.05919861300856155   } 
   weight { 1.000612435925619   } 
   weightvar { 0.09154099968088625   } 
   kinetic_energy { 3.886215429127254   } 
   kinetic_energyvar { 3.702294489937938   } 
   potential_energy { -15.74465417053511   } 
   potential_energyvar { 8.837222452573911   } 
   nonlocal_energy { 1.766509588575719   } 
   nonlocal_energyvar { 8.792048427550604   } 
   autocorr_energy { } 
} 

block { 
   label dmc
   totweight 320000
   nautocorr 0
   total_energy { -10.09118799618823   } 
   total_energyvar { 0.05737951025162147   } 
   weight { 1.001141150670585   } 
   weightvar { 0.09203444361547675   } 
   kinetic_energy { 3.89244203463785   } 
   kinetic_energyvar { 3.651092240933639   } 
   potential_energy { -15.76929543898152   } 
   potential_energyvar { 8.829264453336066   } 
   nonlocal_energy { 1.785665408155434   } 
   nonlocal_energyvar { 8.890783772181928   } 
   autocorr_energy { } 
} 

block { 
   label dmc
   totweight 320000
   nautocorr 0
   total_energy { -10.09403567759277   } 
   total_energyvar { 0.05832361008403097   } 
   weight { 1.001927247802152   } 
   weightvar { 0.09288379516466305   } 
   kinetic_energy { 3.901741633549158   } 
   kinetic_energyvar { 3.726852493383234   } 
   potential_energy { -15.79175553347768   } 
   potential_energyvar { 8.648570119996492   } 
   nonlocal_energy { 1.79597822233575   } 
   nonlocal_energyvar { 8.928529009452395   } 
   autocorr_energy { } 
} 

block { 
   label dmc
   totweight 320000
   nautocorr 0
   total_energy { -10.09088517832116   } 
   total_energyvar { 0.05767484346331742   } 
   weight { 1.001885629067633   } 
   weightvar { 0.09412603044933454   } 
   kinetic_energy { 3.88429712014375   } 
   kinetic_energyvar { 3.724268790998364   } 
   potential_energy { -15.78303628268466   } 
   potential_energyvar { 8.877882525057714   } 
   nonlocal_energy { 1.807853984219758   } 
   nonlocal_energyvar { 9.060888200284982   } 
   autocorr_energy { } 
} 

block { 
   label dmc
   totweight 320000
   nautocorr 0
   total_energy { -10.08654747244786   } 
   total_energyvar { 0.0600184405405173   } 
   weight { 0.9989075038578518   } 
   weightvar { 0.09256913260481925   } 
   kinetic_energy { 3.86595027981739   } 
   kinetic_energyvar { 3.733141707243506   } 
   potential_energy { -15.72072673190825   } 
   potential_energyvar { 8.801219005470927   } 
   nonlocal_energy { 1.768228979642996   } 
   nonlocal_energyvar { 9.028033722609724   } 
   autocorr_energy { } 
} 

block { 
   label dmc
   totweight 320000
   nautocorr 0
   total_energy { -10.08890398787502   } 
   total_energyvar { 0.06057715058673807   } 
   weight { 0.9978888942452527   } 
   weightvar { 0.09342061639430366   } 
   kinetic_energy { 3.887544727427221   } 
   kinetic_energyvar { 3.833768706330288   } 
   potential_energy { -15.81027897299598   } 
   potential_energyvar { 9.398204141386117   } 
   nonlocal_energy { 1.833830257693731   } 
   nonlocal_energyvar { 9.837981220351004   } 
   autocorr_energy { } 
} 

block { 
   label dmc
   totweight 320000
   nautocorr 0
   total_energy { -10.09080084055645   } 
   total_energyvar { 0.05887092265155047   } 
   weight { 0.9988100279316262   } 
   weightvar { 0.09414231797592332   } 
   kinetic_energy { 3.903035600714585   } 
   kinetic_energyvar { 3.717804330339096   } 
   potential_energy { -15.82433412438846   } 
   potential_energyvar { 8.938439864530466   } 
   nonlocal_energy { 1.830497683117422   } 
   nonlocal_energyvar { 9.278425067377819   } 
   autocorr_energy { } 
} 

block { 
   label dmc
   totweight 320000
   nautocorr 0
   total_energy { -10.08913970308801   } 
   total_energyvar { 0.06135438553627637   } 
   weight { 0.9989124664009287   } 
   weightvar { 0.09530859316291851   } 
   kinetic_energy { 3.902186202635742   } 
   kinetic_energyvar { 3.830694132692885   } 
   potential_energy { -15.81682692208883   } 
   potential_energyvar { 9.04403868586877   } 
   nonlocal_energy { 1.825501016365076   } 
   nonlocal_energyvar { 9.531680374750023   } 
   autocorr_energy { } 
} 

block { 
   label dmc
   totweight 320000
   nautocorr 0
   total_energy { -10.08982965700158   } 
   total_energyvar { 0.06075565115794745   } 
   weight { 0.9988790872570801   } 
   weightvar { 0.09356872121270299   } 
   kinetic_energy { 3.886419853557038   } 
   kinetic_energyvar { 3.770913104550228   } 
   potential_energy { -15.77693158080661   } 
   potential_energyvar { 9.070169785721134   } 
   nonlocal_energy { 1.800682070247998   } 
   nonlocal_energyvar { 9.295351601219497   } 
   autocorr_energy { } 
} 

block { 
   label dmc
   totweight 320000
   nautocorr 0
   total_energy { -10.09137704832462   } 
   total_energyvar { 0.06007060886648219   } 
   weight { 0.9994454679289176   } 
   weightvar { 0.09356779533860593   } 
   kinetic_energy { 3.873541916501603   } 
   kinetic_energyvar { 3.730876836230832   } 
   potential_energy { -15.78014175487547   } 
   potential_energyvar { 9.025350966163302   } 
   nonlocal_energy { 1.815222790049245   } 
   nonlocal_energyvar { 9.240585864522391   } 
   autocorr_energy { } 
} 

block { 
   label dmc
   totweight 320000
   nautocorr 0
   total_energy { -10.09254941891701   } 
   total_energyvar { 0.05829080737365189   } 
   weight { 1.001353869689382   } 
   weightvar { 0.09495545227751268   } 
   kinetic_energy { 3.8846296056002   } 
   kinetic_energyvar { 3.656324660114233   } 
   potential_energy { -15.76356998396084   } 
   potential_energyvar { 8.641248929820136   } 
   nonlocal_energy { 1.786390959443621   } 
   nonlocal_energyvar { 8.767263087297984   } 
   autocorr_energy { } 
} 

block { 
   label dmc
   totweight 320000
   nautocorr 0
   total_energy { -10.09074927458768   } 
   total_energyvar { 0.05761046699130645   } 
   weight { 1.000884499903213   } 
   weightvar { 0.09452626032928602   } 
   kinetic_energy { 3.877012875842301   } 
   kinetic_energyvar { 3.675761895266108   } 
   potential_energy { -15.76704884755849   } 
   potential_energyvar { 8.797159965370611   } 
   nonlocal_energy { 1.799286697128503   } 
   nonlocal_energyvar { 9.042227811527399   } 
   autocorr_energy { } 
} 

block { 
   label dmc
   totweight 320000
   nautocorr 0
   total_energy { -10.09238202043912   } 
   total_energyvar { 0.06125385208282808   } 
   weight { 1.001040239513367   } 
   weightvar { 0.09289516927342323   } 
   kinetic_energy { 3.911054011788711   } 
   kinetic_energyvar { 3.655102898764975   } 
   potential_energy { -15.79498353519448   } 
   potential_energyvar { 8.660750590335368   } 
   nonlocal_energy { 1.791547502966648   } 
   nonlocal_energyvar { 8.703844958136134   } 
   autocorr_energy { } 
} 

block { 
   label dmc
   totweight 320000
   nautocorr 0
   total_energy { -10.08894749752268   } 
   total_energyvar { 0.06185087475365947   } 
   weight { 0.9997613453898113   } 
   weightvar { 0.09392807275002402   } 
   kinetic_energy { 3.890719556503063   } 
   kinetic_energyvar { 3.872591985079501   } 
   potential_energy { -15.80493735958749   } 
   potential_energyvar { 9.108713380647004   } 
   nonlocal_energy { 1.825270305561753   } 
   nonlocal_energyvar { 9.592524452221831   } 
   autocorr_energy { } 
} 

block { 
   label dmc
   totweight 320000
   nautocorr 0
   total_energy { -10.09175418532569   } 
   total_energyvar { 0.05887305657255126   } 
   weight { 1.000181248305885   } 
   weightvar { 0.09509072485727299   } 
   kinetic_energy { 3.885974049061892   } 
   kinetic_energyvar { 3.783858842505401   } 
   potential_energy { -15.76031848755867   } 
   potential_energyvar { 8.871277514061404   } 
   nonlocal_energy { 1.782590253171089   } 
   nonlocal_energyvar { 9.061327976077131   } 
   autocorr_energy { } 
} 

block { 
   label dmc
   totweight 320000
   nautocorr 0
   total_energy { -10.08788373475863   } 
   total_energyvar { 0.05983915001755236   } 
   weight { 0.999145701465007   } 
   weightvar { 0.09341023868926157   } 
   kinetic_energy { 3.888665428250586   } 
   kinetic_energyvar { 3.778172885489443   } 
   potential_energy { -15.77398168626728   } 
   potential_energyvar { 8.812639719937636   } 
   nonlocal_energy { 1.797432523258061   } 
   nonlocal_energyvar { 9.102281201043006   } 
   autocorr_energy { } 
} 

block { 
   label dmc
   totweight 320000
   nautocorr 0
   total_energy { -10.08927559528492   } 
   total_energyvar { 0.06306665132240141   } 
   weight { 0.9977755004562703   } 
   weightvar { 0.09394360019537151   } 
   kinetic_energy { 3.887250276141864   } 
   kinetic_energyvar { 3.770764691126143   } 
   potential_energy { -15.79508252102213   } 
   potential_energyvar { 9.028484755829197   } 
   nonlocal_energy { 1.818556649595349   } 
   nonlocal_energyvar { 9.26294944398632   } 
   autocorr_energy { } 
} 

block { 
   label dmc
   totweight 320000
   nautocorr 0
   total_energy { -10.0913348460532   } 
   total_energyvar { 0.05940517443785609   } 
   weight { 0.9994982632245399   } 
   weightvar { 0.09567564583853039   } 
   kinetic_energy { 3.894249366473051   } 
   kinetic_energyvar { 3.784617246780883   } 
   potential_energy { -15.7785617527872   } 
   potential_energyvar { 9.032949670768517   } 
   nonlocal_energy { 1.792977540260946   } 
   nonlocal_energyvar { 9.20913641236209   } 
   autocorr_energy { } 
} 

block { 
   label dmc
   totweight 320000
   nautocorr 0
   total_energy { -10.08994152985961   } 
   total_energyvar { 0.05933705617481166   } 
   weight { 0.9998182987213682   } 
   weightvar { 0.09503543779913315   } 
   kinetic_energy { 3.882361855654147   } 
   kinetic_energyvar { 3.666166067378146   } 
   potential_energy { -15.74428170909745   } 
   potential_energyvar { 8.822672320229202   } 
   nonlocal_energy { 1.771978323583694   } 
   nonlocal_energyvar { 8.661693990151582   } 
   autocorr_energy { } 
} 

block { 
   label dmc
   totweight 320000
   nautocorr 0
   total_energy { -10.0917097264318   } 
   total_energyvar { 0.06369984341108648   } 
   weight { 0.9998337009094906   } 
   weightvar { 0.0961491537151149   } 
   kinetic_energy { 3.878999154325224   } 
   kinetic_energyvar { 3.815792449054998   } 
   potential_energy { -15.75600721864774   } 
   potential_energyvar { 8.878964690422833   } 
   nonlocal_energy { 1.785298337890712   } 
   nonlocal_energyvar { 9.192066650444511   } 
   autocorr_energy { } 
} 

block { 
   label dmc
   totweight 320000
   nautocorr 0
   total_energy { -10.09157381826921   } 
   total_energyvar { 0.06095914970363481   } 
   weight { 1.000628616620927   } 
   weightvar { 0.09490911064649321   } 
   kinetic_energy { 3.875387574211399   } 
   kinetic_energyvar { 3.879138504460142   } 
   potential_energy { -15.7679307920612   } 
   potential_energyvar { 8.941878379973019   } 
   nonlocal_energy { 1.800969399580585   } 
   nonlocal_energyvar { 9.408983123394378   } 
   autocorr_energy { } 
} 

block { 
   label dmc
   totweight 320000
   nautocorr 0
   total_energy { -10.08780064849208   } 
   total_energyvar { 0.06057820133010239   } 
   weight { 0.9994416009037744   } 
   weightvar { 0.09339316054127011   } 
   kinetic_energy { 3.875384104003535   } 
   kinetic_energyvar { 3.797506412990883   } 
   potential_energy { -15.78564835957267   } 
   potential_energyvar { 8.995248680784869   } 
   nonlocal_energy { 1.822463607077061   } 
   nonlocal_energyvar { 9.388738690700995   } 
   autocorr_energy { } 
} 

block { 
   label dmc
   totweight 320000
   nautocorr 0
   total_energy { -10.09072614539809   } 
   total_energyvar { 0.05660946028687874   } 
   weight { 0.9983045125180248   } 
   weightvar { 0.09238439314487112   } 
   kinetic_energy { 3.900180061425013   } 
   kinetic_energyvar { 3.639748325224412   } 
   potential_energy { -15.76016991540853   } 
   potential_energyvar { 8.801968827112148   } 
   nonlocal_energy { 1.769263708585418   } 
   nonlocal_energyvar { 8.689120259787588   } 
   autocorr_energy { } 
} 

block { 
   label dmc
   totweight 320000
   nautocorr 0
   total_energy { -10.09161237264617   } 
   total_energyvar { 0.05980315449023976   } 
   weight { 1.000383636628785   } 
   weightvar { 0.09204466744411599   } 
   kinetic_energy { 3.893084275370833   } 
   kinetic_energyvar { 3.790103623024443   } 
   potential_energy { -15.77614285972843   } 
   potential_energyvar { 8.733945733910588   } 
   nonlocal_energy { 1.791446211711429   } 
   nonlocal_energyvar { 9.14043363287356   } 
   autocorr_energy { } 
} 

block { 
   label dmc
   totweight 320000
   nautocorr 0
   total_energy { -10.09248932882287   } 
   total_energyvar { 0.06075176162437401   } 
   weight { 1.000527388777266   } 
   weightvar { 0.09237311438871987   } 
   kinetic_energy { 3.898578917845849   } 
   kinetic_energyvar { 3.745041645063626   } 
   potential_energy { -15.80272505002103   } 
   potential_energyvar { 8.948844207669396   } 
   nonlocal_energy { 1.811656803352316   } 
   nonlocal_energyvar { 9.124559278840023   } 
   autocorr_energy { } 
} 

block { 
   label dmc
   totweight 320000
   nautocorr 0
   total_energy { -10.09069278021088   } 
   total_energyvar { 0.05964923695583479   } 
   weight { 1.000969247021288   } 
   weightvar { 0.09277109232846814   } 
   kinetic_energy { 3.907592856397985   } 
   kinetic_energyvar { 3.743869536187283   } 
   potential_energy { -15.80533557457322   } 
   potential_energyvar { 9.0334277962626   } 
   nonlocal_energy { 1.807049937964351   } 
   nonlocal_energyvar { 9.222840878893249   } 
   autocorr_energy { } 
} 

block { 
   label dmc
   totweight 320000
   nautocorr 0
   total_energy { -10.08999099261206   } 
   total_energyvar { 0.05937844180105856   } 
   weight { 0.9998357183031193   } 
   weightvar { 0.09324743868238783   } 
   kinetic_energy { 3.902452233104592   } 
   kinetic_energyvar { 3.640189454553118   } 
   potential_energy { -15.78078088363164   } 
   potential_energyvar { 8.815302308192344   } 
   nonlocal_energy { 1.78833765791498   } 
   nonlocal_energyvar { 8.89366272157655   } 
   autocorr_energy { } 
} 

block { 
   label dmc
   totweight 320000
   nautocorr 0
   total_energy { -10.09127351985649   } 
   total_energyvar { 0.06020182156575515   } 
   weight { 0.9999343567779492   } 
   weightvar { 0.0950387984224107   } 
   kinetic_energy { 3.905459177414016   } 
   kinetic_energyvar { 3.814139246299337   } 
   potential_energy { -15.80229318474952   } 
   potential_energyvar { 8.933741085786352   } 
   nonlocal_energy { 1.805560487479012   } 
   nonlocal_energyvar { 9.271812817308009   } 
   autocorr_energy { } 
} 

block { 
   label dmc
   totweight 320000
   nautocorr 0
   total_energy { -10.08917454526409   } 
   total_energyvar { 0.06188418234737014   } 
   weight { 0.9992115045445631   } 
   weightvar { 0.09433111680355499   } 
   kinetic_energy { 3.892791517105226   } 
   kinetic_energyvar { 3.810542312827792   } 
   potential_energy { -15.78341846527015   } 
   potential_energyvar { 8.8913359540621   } 
   nonlocal_energy { 1.801452402900837   } 
   nonlocal_energyvar { 9.301440824851658   } 
   autocorr_energy { } 
} 

block { 
   label dmc
   totweight 320000
   nautocorr 0
   total_energy { -10.08993078098055   } 
   total_energyvar { 0.06093389111681802   } 
   weight { 0.9992310834532627   } 
   weightvar { 0.09203611079172014   } 
   kinetic_energy { 3.884138425698796   } 
   kinetic_energyvar { 3.777362011333565   } 
   potential_energy { -15.78762863671804   } 
   potential_energyvar { 9.076563140588604   } 
   nonlocal_energy { 1.813559430038692   } 
   nonlocal_energyvar { 9.237057283672549   } 
   autocorr_energy { } 
} 

block { 
   label dmc
   totweight 320000
   nautocorr 0
   total_energy { -10.09083179552161   } 
   total_energyvar { 0.05820724985696302   } 
   weight { 0.9995556238536448   } 
   weightvar { 0.09321196454332903   } 
   kinetic_energy { 3.900299955363819   } 
   kinetic_energyvar { 3.730544137937105   } 
   potential_energy { -15.79869713448354   } 
   potential_energyvar { 8.840943666969793   } 
   nonlocal_energy { 1.807565383598103   } 
   nonlocal_energyvar { 9.009806656935419   } 
   autocorr_energy { } 
} 

block { 
   label dmc
   totweight 320000
   nautocorr 0
   total_energy { -10.08857716315035   } 
   total_energyvar { 0.05877431263685651   } 
   weight { 0.9983591956760239   } 
   weightvar { 0.09397276145172817   } 
   kinetic_energy { 3.877665160005506   } 
   kinetic_energyvar { 3.741753615861331   } 
   potential_energy { -15.77688567447395   } 
   potential_energyvar { 9.000699711508986   } 
   nonlocal_energy { 1.810643351318095   } 
   nonlocal_energyvar { 9.17125705231976   } 
   autocorr_energy { } 
} 

block { 
   label dmc
   totweight 320000
   nautocorr 0
   total_energy { -10.09138647087415   } 
   total_energyvar { 0.05898912188790462   } 
   weight { 0.9994744896399638   } 
   weightvar { 0.09463571602271836   } 
   kinetic_energy { 3.879295964671434   } 
   kinetic_energyvar { 3.890762207146363   } 
   potential_energy { -15.78877951890732   } 
   potential_energyvar { 8.94373059863716   } 
   nonlocal_energy { 1.818097083361741   } 
   nonlocal_energyvar { 9.415280009404643   } 
   autocorr_energy { } 
} 

block { 
   label dmc
   totweight 320000
   nautocorr 0
   total_energy { -10.09076308885518   } 
   total_energyvar { 0.05708433438277893   } 
   weight { 1.000201202715595   } 
   weightvar { 0.09561827823497926   } 
   kinetic_energy { 3.868768270737739   } 
   kinetic_energyvar { 3.713662693088349   } 
   potential_energy { -15.76608610299539   } 
   potential_energyvar { 8.967631673080263   } 
   nonlocal_energy { 1.806554743402472   } 
   nonlocal_energyvar { 9.038840812505651   } 
   autocorr_energy { } 
} 

block { 
   label dmc
   totweight 320000
   nautocorr 0
   total_energy { -10.08931125121542   } 
   total_energyvar { 0.05875026828866226   } 
   weight { 0.9987540223079906   } 
   weightvar { 0.09574891271951513   } 
   kinetic_energy { 3.88371124667829   } 
   kinetic_energyvar { 3.73438860638551   } 
   potential_energy { -15.78421200055496   } 
   potential_energyvar { 8.949265278153717   } 
   nonlocal_energy { 1.811189502661249   } 
   nonlocal_energyvar { 9.137268074002742   } 
   autocorr_energy { } 
} 

block { 
   label dmc
   totweight 320000
   nautocorr 0
   total_energy { -10.09203222648427   } 
   total_energyvar { 0.05823799886765357   } 
   weight { 0.9998687781357719   } 
   weightvar { 0.09248959641101462   } 
   kinetic_energy { 3.877860573813071   } 
   kinetic_energyvar { 3.660591500593101   } 
   potential_energy { -15.74283146596293   } 
   potential_energyvar { 8.756724252446958   } 
   nonlocal_energy { 1.772938665665589   } 
   nonlocal_energyvar { 9.006561290954679   } 
   autocorr_energy { } 
} 

block { 
   label dmc
   totweight 320000
   nautocorr 0
   total_energy { -10.09017902627235   } 
   total_energyvar { 0.06267218225843862   } 
   weight { 1.000125459497163   } 
   weightvar { 0.09318485749700711   } 
   kinetic_energy { 3.859214479164018   } 
   kinetic_energyvar { 3.73345943322642   } 
   potential_energy { -15.74871454393985   } 
   potential_energyvar { 8.89418988028018   } 
   nonlocal_energy { 1.799321038503479   } 
   nonlocal_energyvar { 9.123593363243028   } 
   autocorr_energy { } 
} 

block { 
   label dmc
   totweight 320000
   nautocorr 0
   total_energy { -10.09081079802468   } 
   total_energyvar { 0.05770483521351366   } 
   weight { 0.9996756060080288   } 
   weightvar { 0.09156658024643516   } 
   kinetic_energy { 3.869471659184801   } 
   kinetic_energyvar { 3.703924610289887   } 
   potential_energy { -15.74351971504261   } 
   potential_energyvar { 8.7455986027243   } 
   nonlocal_energy { 1.78323725783312   } 
   nonlocal_energyvar { 8.998129565737507   } 
   autocorr_energy { } 
} 

block { 
   label dmc
   totweight 320000
   nautocorr 0
   total_energy { -10.09032368725827   } 
   total_energyvar { 0.06036583324743106   } 
   weight { 0.9995856842817528   } 
   weightvar { 0.09081447672983356   } 
   kinetic_energy { 3.861003920370432   } 
   kinetic_energyvar { 3.806896824974704   } 
   potential_energy { -15.752671053503   } 
   potential_energyvar { 8.973267940896761   } 
   nonlocal_energy { 1.801343445874297   } 
   nonlocal_energyvar { 9.317860647330917   } 
   autocorr_energy { } 
} 

block { 
   label dmc
   totweight 320000
   nautocorr 0
   total_energy { -10.09153128601526   } 
   total_energyvar { 0.05838182304407269   } 
   weight { 1.00023105961226   } 
   weightvar { 0.09302165862635459   } 
   kinetic_energy { 3.889636126977614   } 
   kinetic_energyvar { 3.609503915182909   } 
   potential_energy { -15.79379866778779   } 
   potential_energyvar { 8.831506948057694   } 
   nonlocal_energy { 1.812631254794914   } 
   nonlocal_energyvar { 8.825203231023547   } 
   autocorr_energy { } 
} 

block { 
   label dmc
   totweight 320000
   nautocorr 0
   total_energy { -10.09122538195532   } 
   total_energyvar { 0.0598572598593563   } 
   weight { 1.00052870140812   } 
   weightvar { 0.09242428733643382   } 
   kinetic_energy { 3.89560947890404   } 
   kinetic_energyvar { 3.836398097585015   } 
   potential_energy { -15.79582681644046   } 
   potential_energyvar { 8.993329011267235   } 
   nonlocal_energy { 1.808991955581105   } 
   nonlocal_energyvar { 9.316911721844241   } 
   autocorr_energy { } 
} 

block { 
   label dmc
   totweight 320000
   nautocorr 0
   total_energy { -10.08908045869933   } 
   total_energyvar { 0.05966345092244296   } 
   weight { 0.999253190635738   } 
   weightvar { 0.09293126563014886   } 
   kinetic_energy { 3.907740577234815   } 
   kinetic_energyvar { 3.728347527937254   } 
   potential_energy { -15.80859762769409   } 
   potential_energyvar { 8.979888476197175   } 
   nonlocal_energy { 1.811776591759938   } 
   nonlocal_energyvar { 9.091333781273747   } 
   autocorr_energy { } 
} 

block { 
   label dmc
   totweight 320000
   nautocorr 0
   total_energy { -10.09214497221091   } 
   total_energyvar { 0.06102142537416455   } 
   weight { 0.999631776533757   } 
   weightvar { 0.09212098742556152   } 
   kinetic_energy { 3.897277728065823   } 
   kinetic_energyvar { 3.694730520907639   } 
   potential_energy { -15.81145911980148   } 
   potential_energyvar { 8.884391030073516   } 
   nonlocal_energy { 1.822036419524747   } 
   nonlocal_energyvar { 9.123689351788466   } 
   autocorr_energy { } 
} 

block { 
   label dmc
   totweight 320000
   nautocorr 0
   total_energy { -10.09042522327211   } 
   total_energyvar { 0.06019555961725587   } 
   weight { 1.000308846442814   } 
   weightvar { 0.09368072889770218   } 
   kinetic_energy { 3.886368029396813   } 
   kinetic_energyvar { 3.778927437225102   } 
   potential_energy { -15.80143776478862   } 
   potential_energyvar { 8.97199806805213   } 
   nonlocal_energy { 1.824644512119699   } 
   nonlocal_energyvar { 9.338876915745182   } 
   autocorr_energy { } 
} 

block { 
   label dmc
   totweight 320000
   nautocorr 0
   total_energy { -10.08832100550995   } 
   total_energyvar { 0.06000769636072789   } 
   weight { 0.9989318059035249   } 
   weightvar { 0.09349105987514472   } 
   kinetic_energy { 3.87094131666223   } 
   kinetic_energyvar { 3.717059157868599   } 
   potential_energy { -15.77281603758301   } 
   potential_energyvar { 8.972851263723271   } 
   nonlocal_energy { 1.813553715410833   } 
   nonlocal_energyvar { 9.351309078126713   } 
   autocorr_energy { } 
} 

block { 
   label dmc
   totweight 320000
   nautocorr 0
   total_energy { -10.08957614614748   } 
   total_energyvar { 0.05966617656876849   } 
   weight { 0.9979250166636709   } 
   weightvar { 0.09467891223968983   } 
   kinetic_energy { 3.925838206837173   } 
   kinetic_energyvar { 3.7167751284901   } 
   potential_energy { -15.81699025733389   } 
   potential_energyvar { 8.921462985255602   } 
   nonlocal_energy { 1.801575904349232   } 
   nonlocal_energyvar { 8.864525022869243   } 
   autocorr_energy { } 
} 

block { 
   label dmc
   totweight 320000
   nautocorr 0
   total_energy { -10.0901675497259   } 
   total_energyvar { 0.06002045248263244   } 
   weight { 0.9987955588107458   } 
   weightvar { 0.09490151193746388   } 
   kinetic_energy { 3.930569820096726   } 
   kinetic_energyvar { 3.793056119148213   } 
   potential_energy { -15.84037973342721   } 
   potential_energyvar { 8.985899327824086   } 
   nonlocal_energy { 1.819642363604586   } 
   nonlocal_energyvar { 9.287509663906826   } 
   autocorr_energy { } 
} 

block { 
   label dmc
   totweight 320000
   nautocorr 0
   total_energy { -10.09058589350545   } 
   total_energyvar { 0.06279963657354415   } 
   weight { 0.9998114331572889   } 
   weightvar { 0.09423253468658099   } 
   kinetic_energy { 3.914511808114273   } 
   kinetic_energyvar { 3.741194981684414   } 
   potential_energy { -15.84810526830349   } 
   potential_energyvar { 9.090770176291244   } 
   nonlocal_energy { 1.843007566683764   } 
   nonlocal_energyvar { 9.480560573408782   } 
   autocorr_energy { } 
} 

block { 
   label dmc
   totweight 320000
   nautocorr 0
   total_energy { -10.08884585039957   } 
   total_energyvar { 0.05877745342864671   } 
   weight { 0.9990645226512137   } 
   weightvar { 0.09338140956033325   } 
   kinetic_energy { 3.912357878063328   } 
   kinetic_energyvar { 3.771092549099009   } 
   potential_energy { -15.79782369847807   } 
   potential_energyvar { 9.155580386418251   } 
   nonlocal_energy { 1.796619970015175   } 
   nonlocal_energyvar { 9.404674486576614   } 
   autocorr_energy { } 
} 

block { 
   label dmc
   totweight 320000
   nautocorr 0
   total_energy { -10.08987329832246   } 
   total_energyvar { 0.05842941037857941   } 
   weight { 0.9980874426717721   } 
   weightvar { 0.09218348377357155   } 
   kinetic_energy { 3.871833081888641   } 
   kinetic_energyvar { 3.733897625656377   } 
   potential_energy { -15.75129239555416   } 
   potential_energyvar { 8.969755289082769   } 
   nonlocal_energy { 1.789586015343057   } 
   nonlocal_energyvar { 8.997478532325804   } 
   autocorr_energy { } 
} 

block { 
   label dmc
   totweight 320000
   nautocorr 0
   total_energy { -10.09002081723643   } 
   total_energyvar { 0.05869764594370963   } 
   weight { 0.9992594422062361   } 
   weightvar { 0.09333229461570369   } 
   kinetic_energy { 3.868204166722934   } 
   kinetic_energyvar { 3.83822204799729   } 
   potential_energy { -15.75561159665477   } 
   potential_energyvar { 9.071978359008114   } 
   nonlocal_energy { 1.79738661269541   } 
   nonlocal_energyvar { 9.050706106444387   } 
   autocorr_energy { } 
} 

block { 
   label dmc
   totweight 320000
   nautocorr 0
   total_energy { -10.08977192451824   } 
   total_energyvar { 0.05971041099934382   } 
   weight { 0.9990535646847819   } 
   weightvar { 0.09468798318304916   } 
   kinetic_energy { 3.888485498220063   } 
   kinetic_energyvar { 3.665087252624033   } 
   potential_energy { -15.78239936067688   } 
   potential_energyvar { 8.835625777003742   } 
   nonlocal_energy { 1.804141937938575   } 
   nonlocal_energyvar { 8.852127449984133   } 
   autocorr_energy { } 
} 

block { 
   label dmc
   totweight 320000
   nautocorr 0
   total_energy { -10.08757737057365   } 
   total_energyvar { 0.05879238585259827   } 
   weight { 0.9981850758553225   } 
   weightvar { 0.0943680612688188   } 
   kinetic_energy { 3.876251459133143   } 
   kinetic_energyvar { 3.764910791073886   } 
   potential_energy { -15.77516418045839   } 
   potential_energyvar { 8.787688737030749   } 
   nonlocal_energy { 1.811335350751602   } 
   nonlocal_energyvar { 9.178202009952287   } 
   autocorr_energy { } 
} 

block { 
   label dmc
   totweight 320000
   nautocorr 0
   total_energy { -10.09069055752363   } 
   total_energyvar { 0.05860602182760033   } 
   weight { 0.9984594397483972   } 
   weightvar { 0.09493708960245828   } 
   kinetic_energy { 3.879412250427225   } 
   kinetic_energyvar { 3.667540192329987   } 
   potential_energy { -15.7445213084486   } 
   potential_energyvar { 8.804150446453832   } 
   nonlocal_energy { 1.774418500497735   } 
   nonlocal_energyvar { 8.760668504032754   } 
   autocorr_energy { } 
} 

block { 
   label dmc
   totweight 320000
   nautocorr 0
   total_energy { -10.09076367902194   } 
   total_energyvar { 0.0598682295463675   } 
   weight { 0.9991916710304755   } 
   weightvar { 0.09415688852661075   } 
   kinetic_energy { 3.888272239596739   } 
   kinetic_energyvar { 3.840541922576401   } 
   potential_energy { -15.77182890587641   } 
   potential_energyvar { 9.40706378198098   } 
   nonlocal_energy { 1.792792987257725   } 
   nonlocal_energyvar { 9.822578183887378   } 
   autocorr_energy { } 
} 

block { 
   label dmc
   totweight 320000
   nautocorr 0
   total_energy { -10.09177131513091   } 
   total_energyvar { 0.05847477569311366   } 
   weight { 1.000678548180544   } 
   weightvar { 0.09478337475349097   } 
   kinetic_energy { 3.892082219225593   } 
   kinetic_energyvar { 3.736964076982131   } 
   potential_energy { -15.75777795123173   } 
   potential_energyvar { 8.837387786550636   } 
   nonlocal_energy { 1.77392441687523   } 
   nonlocal_energyvar { 8.878559756724746   } 
   autocorr_energy { } 
} 

block { 
   label dmc
   totweight 320000
   nautocorr 0
   total_energy { -10.08995823981784   } 
   total_energyvar { 0.05967543691141941   } 
   weight { 1.000020534045769   } 
   weightvar { 0.09361929737502894   } 
   kinetic_energy { 3.884576910057423   } 
   kinetic_energyvar { 3.738645231712331   } 
   potential_energy { -15.76777504130717   } 
   potential_energyvar { 8.760260499412482   } 
   nonlocal_energy { 1.793239891431895   } 
   nonlocal_energyvar { 8.843462760255012   } 
   autocorr_energy { } 
} 

block { 
   label dmc
   totweight 320000
   nautocorr 0
   total_energy { -10.09013684605678   } 
   total_energyvar { 0.0583694979212197   } 
   weight { 0.9993626076069136   } 
   weightvar { 0.09441310145878379   } 
   kinetic_energy { 3.890773258026193   } 
   kinetic_energyvar { 3.696216759344107   } 
   potential_energy { -15.76402325066152   } 
   potential_energyvar { 8.908162637470724   } 
   nonlocal_energy { 1.783113146578551   } 
   nonlocal_energyvar { 8.874136724699095   } 
   autocorr_energy { } 
} 

block { 
   label dmc
   totweight 320000
   nautocorr 0
   total_energy { -10.08873824473851   } 
   total_energyvar { 0.0575606590774953   } 
   weight { 0.9988192852054617   } 
   weightvar { 0.09257834704130918   } 
   kinetic_energy { 3.864823593276805   } 
   kinetic_energyvar { 3.752486954475946   } 
   potential_energy { -15.74749141814868   } 
   potential_energyvar { 8.970613960414397   } 
   nonlocal_energy { 1.793929580133366   } 
   nonlocal_energyvar { 9.292048913662869   } 
   autocorr_energy { } 
} 

block { 
   label dmc
   totweight 320000
   nautocorr 0
   total_energy { -10.09120130759641   } 
   total_energyvar { 0.05894703905532594   } 
   weight { 0.9995655631620332   } 
   weightvar { 0.09311095173549178   } 
   kinetic_energy { 3.892201764757343   } 
   kinetic_energyvar { 3.665423281805648   } 
   potential_energy { -15.76412352505613   } 
   potential_energyvar { 8.913263771494371   } 
   nonlocal_energy { 1.780720452702376   } 
   nonlocal_energyvar { 8.909532896336222   } 
   autocorr_energy { } 
} 

block { 
   label dmc
   totweight 320000
   nautocorr 0
   total_energy { -10.08970652087167   } 
   total_energyvar { 0.05919595139215517   } 
   weight { 0.9992293922029123   } 
   weightvar { 0.09323409762907331   } 
   kinetic_energy { 3.885135896563084   } 
   kinetic_energyvar { 3.743160794362483   } 
   potential_energy { -15.76044003223722   } 
   potential_energyvar { 8.930686054083907   } 
   nonlocal_energy { 1.785597614802463   } 
   nonlocal_energyvar { 9.142117187419435   } 
   autocorr_energy { } 
} 

block { 
   label dmc
   totweight 320000
   nautocorr 0
   total_energy { -10.08809789926464   } 
   total_energyvar { 0.06306138245827242   } 
   weight { 0.9986261533766585   } 
   weightvar { 0.09562990588355702   } 
   kinetic_energy { 3.874861337468709   } 
   kinetic_energyvar { 3.874340466763018   } 
   potential_energy { -15.77485646347432   } 
   potential_energyvar { 9.05147163560261   } 
   nonlocal_energy { 1.81189722674097   } 
   nonlocal_energyvar { 9.401225252530413   } 
   autocorr_energy { } 
} 

block { 
   label dmc
   totweight 320000
   nautocorr 0
   total_energy { -10.09033980980946   } 
   total_energyvar { 0.06204561416319621   } 
   weight { 0.998608906018208   } 
   weightvar { 0.09640145526071298   } 
   kinetic_energy { 3.875797580247573   } 
   kinetic_energyvar { 3.888151195710215   } 
   potential_energy { -15.79910083405113   } 
   potential_energyvar { 8.975387086430175   } 
   nonlocal_energy { 1.832963443994104   } 
   nonlocal_energyvar { 9.484737030789198   } 
   autocorr_energy { } 
} 

block { 
   label dmc
   totweight 320000
   nautocorr 0
   total_energy { -10.08945579928159   } 
   total_energyvar { 0.06121226355529075   } 
   weight { 0.9986608342045332   } 
   weightvar { 0.09509165649463125   } 
   kinetic_energy { 3.865629095275726   } 
   kinetic_energyvar { 3.847418841748656   } 
   potential_energy { -15.76958268804359   } 
   potential_energyvar { 9.104178459325681   } 
   nonlocal_energy { 1.814497793486272   } 
   nonlocal_energyvar { 9.591651358971188   } 
   autocorr_energy { } 
} 

block { 
   label dmc
   totweight 320000
   nautocorr 0
   total_energy { -10.08756018037529   } 
   total_energyvar { 0.0610026897813043   } 
   weight { 0.9981349920008055   } 
   weightvar { 0.0955238781753831   } 
   kinetic_energy { 3.888640884750211   } 
   kinetic_energyvar { 3.711624186473756   } 
   potential_energy { -15.7762639102308   } 
   potential_energyvar { 8.773882349073972   } 
   nonlocal_energy { 1.8000628451053   } 
   nonlocal_energyvar { 8.995660053338415   } 
   autocorr_energy { } 
} 

block { 
   label dmc
   totweight 320000
   nautocorr 0
   total_energy { -10.08912827273536   } 
   total_energyvar { 0.06129329710533682   } 
   weight { 0.9975465047839909   } 
   weightvar { 0.09459440964580268   } 
   kinetic_energy { 3.90454238564377   } 
   kinetic_energyvar { 3.769477216832797   } 
   potential_energy { -15.81242829210291   } 
   potential_energyvar { 8.938248106314092   } 
   nonlocal_energy { 1.818757633723777   } 
   nonlocal_energyvar { 9.274037627505265   } 
   autocorr_energy { } 
} 

block { 
   label dmc
   totweight 320000
   nautocorr 0
   total_energy { -10.08835046169506   } 
   total_energyvar { 0.05954188016083606   } 
   weight { 0.9974717965565715   } 
   weightvar { 0.09423749583368579   } 
   kinetic_energy { 3.901006892225435   } 
   kinetic_energyvar { 3.988494818005062   } 
   potential_energy { -15.76741283663774   } 
   potential_energyvar { 8.85282119095433   } 
   nonlocal_energy { 1.778055482717237   } 
   nonlocal_energyvar { 9.14978166452366   } 
   autocorr_energy { } 
} 

block { 
   label dmc
   totweight 320000
   nautocorr 0
   total_energy { -10.08901376700592   } 
   total_energyvar { 0.06027565303598692   } 
   weight { 0.9987599553502207   } 
   weightvar { 0.09363342670390074   } 
   kinetic_energy { 3.883068172409582   } 
   kinetic_energyvar { 3.778725292966236   } 
   potential_energy { -15.76821136120517   } 
   potential_energyvar { 8.805978323429287   } 
   nonlocal_energy { 1.796129421789669   } 
   nonlocal_energyvar { 8.955649253537569   } 
   autocorr_energy { } 
} 

block { 
   label dmc
   totweight 320000
   nautocorr 0
   total_energy { -10.08924720319887   } 
   total_energyvar { 0.05896926929609947   } 
   weight { 0.9976866899782559   } 
   weightvar { 0.09350191195477042   } 
   kinetic_energy { 3.858565850034952   } 
   kinetic_energyvar { 3.760726900117044   } 
   potential_energy { -15.70179049407247   } 
   potential_energyvar { 8.959130756045028   } 
   nonlocal_energy { 1.753977440838647   } 
   nonlocal_energyvar { 9.171239568120452   } 
   autocorr_energy { } 
} 

block { 
   label dmc
   totweight 320000
   nautocorr 0
   total_energy { -10.08856976578501   } 
   total_energyvar { 0.05803921234227971   } 
   weight { 0.9985019752270877   } 
   weightvar { 0.09377732261257188   } 
   kinetic_energy { 3.857410104247837   } 
   kinetic_energyvar { 3.707046323689539   } 
   potential_energy { -15.69949586649506   } 
   potential_energyvar { 8.880777351828925   } 
   nonlocal_energy { 1.753515996462221   } 
   nonlocal_energyvar { 8.923336245385906   } 
   autocorr_energy { } 
} 

block { 
   label dmc
   totweight 320000
   nautocorr 0
   total_energy { -10.08780385748951   } 
   total_energyvar { 0.05877179518014941   } 
   weight { 0.9974690927755859   } 
   weightvar { 0.09325937818339103   } 
   kinetic_energy { 3.885245877211236   } 
   kinetic_energyvar { 3.697107819839614   } 
   potential_energy { -15.74009191128142   } 
   potential_energyvar { 8.773353743746014   } 
   nonlocal_energy { 1.76704217658068   } 
   nonlocal_energyvar { 8.768145712338278   } 
   autocorr_energy { } 
} 

block { 
   label dmc
   totweight 320000
   nautocorr 0
   total_energy { -10.08713139678605   } 
   total_energyvar { 0.05782992639829843   } 
   weight { 0.9968886760551532   } 
   weightvar { 0.0925964311517784   } 
   kinetic_energy { 3.884301570306266   } 
   kinetic_energyvar { 3.792700377083564   } 
   potential_energy { -15.776599478497   } 
   potential_energyvar { 8.803942507417702   } 
   nonlocal_energy { 1.805166511404687   } 
   nonlocal_energyvar { 9.087003300822976   } 
   autocorr_energy { } 
} 

block { 
   label dmc
   totweight 320000
   nautocorr 0
   total_energy { -10.08923496054321   } 
   total_energyvar { 0.05840025413372985   } 
   weight { 0.9978148429970893   } 
   weightvar { 0.09562940157734579   } 
   kinetic_energy { 3.900355457908167   } 
   kinetic_energyvar { 3.781171232651518   } 
   potential_energy { -15.81532232878278   } 
   potential_energyvar { 9.062538602849344   } 
   nonlocal_energy { 1.825731910331401   } 
   nonlocal_energyvar { 9.289748572562154   } 
   autocorr_energy { } 
} 

block { 
   label dmc
   totweight 320000
   nautocorr 0
   total_energy { -10.08983500484493   } 
   total_energyvar { 0.06066137967091834   } 
   weight { 0.9988046267105259   } 
   weightvar { 0.09470287628082441   } 
   kinetic_energy { 3.927351860420886   } 
   kinetic_energyvar { 3.743891352276737   } 
   potential_energy { -15.84361121501523   } 
   potential_energyvar { 8.872721932543158   } 
   nonlocal_energy { 1.826424349749405   } 
   nonlocal_energyvar { 9.192335209827306   } 
   autocorr_energy { } 
} 

block { 
   label dmc
   totweight 320000
   nautocorr 0
   total_energy { -10.08818728661648   } 
   total_energyvar { 0.05765074402722803   } 
   weight { 0.9985591652415371   } 
   weightvar { 0.093489403128866   } 
   kinetic_energy { 3.896062921963643   } 
   kinetic_energyvar { 3.835775251417358   } 
   potential_energy { -15.76824305544232   } 
   potential_energyvar { 8.842715515723199   } 
   nonlocal_energy { 1.783992846862195   } 
   nonlocal_energyvar { 9.08670014861824   } 
   autocorr_energy { } 
} 

block { 
   label dmc
   totweight 320000
   nautocorr 0
   total_energy { -10.09129081331217   } 
   total_energyvar { 0.05924818721808833   } 
   weight { 0.9985666470936696   } 
   weightvar { 0.09164651014452252   } 
   kinetic_energy { 3.878716325726621   } 
   kinetic_energyvar { 3.710146094819569   } 
   potential_energy { -15.76807825764975   } 
   potential_energyvar { 8.90288366223561   } 
   nonlocal_energy { 1.798071118610962   } 
   nonlocal_energyvar { 9.142560331129978   } 
   autocorr_energy { } 
} 

block { 
   label dmc
   totweight 320000
   nautocorr 0
   total_energy { -10.089392720583   } 
   total_energyvar { 0.05918539324561323   } 
   weight { 0.999326919937518   } 
   weightvar { 0.09181780136025419   } 
   kinetic_energy { 3.876275460448186   } 
   kinetic_energyvar { 3.754504394621316   } 
   potential_energy { -15.73851389212073   } 
   potential_energyvar { 8.748185776831519   } 
   nonlocal_energy { 1.77284571108954   } 
   nonlocal_energyvar { 8.921953728287081   } 
   autocorr_energy { } 
} 

block { 
   label dmc
   totweight 320000
   nautocorr 0
   total_energy { -10.0883039928488   } 
   total_energyvar { 0.05851144955720144   } 
   weight { 0.9988151964655717   } 
   weightvar { 0.09292478494066492   } 
   kinetic_energy { 3.868398156831849   } 
   kinetic_energyvar { 3.712400840147787   } 
   potential_energy { -15.73107134871517   } 
   potential_energyvar { 8.735232728855124   } 
   nonlocal_energy { 1.774369199034518   } 
   nonlocal_energyvar { 8.949510359103584   } 
   autocorr_energy { } 
} 

block { 
   label dmc
   totweight 320000
   nautocorr 0
   total_energy { -10.09175673469698   } 
   total_energyvar { 0.05926628792174427   } 
   weight { 0.9991379228124507   } 
   weightvar { 0.09247150738607723   } 
   kinetic_energy { 3.843914741368294   } 
   kinetic_energyvar { 3.83249541379989   } 
   potential_energy { -15.72256415126859   } 
   potential_energyvar { 8.931128758255937   } 
   nonlocal_energy { 1.786892675203314   } 
   nonlocal_energyvar { 9.328120627638658   } 
   autocorr_energy { } 
} 

block { 
   label dmc
   totweight 320000
   nautocorr 0
   total_energy { -10.09057751968631   } 
   total_energyvar { 0.05820592665122604   } 
   weight { 1.000007870067309   } 
   weightvar { 0.09280934617747127   } 
   kinetic_energy { 3.887992219520372   } 
   kinetic_energyvar { 3.879135337585611   } 
   potential_energy { -15.7530257312644   } 
   potential_energyvar { 8.910143092467251   } 
   nonlocal_energy { 1.774455992057716   } 
   nonlocal_energyvar { 9.148052928390658   } 
   autocorr_energy { } 
} 

block { 
   label dmc
   totweight 320000
   nautocorr 0
   total_energy { -10.08948465081375   } 
   total_energyvar { 0.05919672802808407   } 
   weight { 0.9993727097632032   } 
   weightvar { 0.09318451031744079   } 
   kinetic_energy { 3.906392949474155   } 
   kinetic_energyvar { 3.767726180397325   } 
   potential_energy { -15.8057522492155   } 
   potential_energyvar { 8.923278479870959   } 
   nonlocal_energy { 1.809874648927594   } 
   nonlocal_energyvar { 9.194116997708491   } 
   autocorr_energy { } 
} 

block { 
   label dmc
   totweight 320000
   nautocorr 0
   total_energy { -10.09063915246715   } 
   total_energyvar { 0.05813860832502371   } 
   weight { 0.9999419965046557   } 
   weightvar { 0.09226336888923314   } 
   kinetic_energy { 3.896633994980071   } 
   kinetic_energyvar { 3.742280623140308   } 
   potential_energy { -15.77420634085535   } 
   potential_energyvar { 8.778004414033944   } 
   nonlocal_energy { 1.786933193408124   } 
   nonlocal_energyvar { 9.075701213488177   } 
   autocorr_energy { } 
} 

block { 
   label dmc
   totweight 320000
   nautocorr 0
   total_energy { -10.09021962541012   } 
   total_energyvar { 0.06127708179597846   } 
   weight { 0.9995274985498575   } 
   weightvar { 0.09205092113342794   } 
   kinetic_energy { 3.881296201887677   } 
   kinetic_energyvar { 3.851953889820946   } 
   potential_energy { -15.77533462480099   } 
   potential_energyvar { 8.952233906831594   } 
   nonlocal_energy { 1.803818797503196   } 
   nonlocal_energyvar { 9.492572771835896   } 
   autocorr_energy { } 
} 

block { 
   label dmc
   totweight 320000
   nautocorr 0
   total_energy { -10.08986533639556   } 
   total_energyvar { 0.06023574776487806   } 
   weight { 0.9996612593815811   } 
   weightvar { 0.09178123368675595   } 
   kinetic_energy { 3.89173504241227   } 
   kinetic_energyvar { 3.833751221606132   } 
   potential_energy { -15.78009139631216   } 
   potential_energyvar { 8.835345324999622   } 
   nonlocal_energy { 1.798491017504321   } 
   nonlocal_energyvar { 9.279261114756089   } 
   autocorr_energy { } 
} 

block { 
   label dmc
   totweight 320000
   nautocorr 0
   total_energy { -10.09101273562897   } 
   total_energyvar { 0.05862759573589926   } 
   weight { 0.9994886678536364   } 
   weightvar { 0.09191768163650105   } 
   kinetic_energy { 3.910571484566246   } 
   kinetic_energyvar { 3.713618386631351   } 
   potential_energy { -15.81674632916305   } 
   potential_energyvar { 8.701399149180389   } 
   nonlocal_energy { 1.815162108967832   } 
   nonlocal_energyvar { 8.930394561496765   } 
   autocorr_energy { } 
} 

block { 
   label dmc
   totweight 320000
   nautocorr 0
   total_energy { -10.09246793189252   } 
   total_energyvar { 0.05960327965495082   } 
   weight { 1.000497493961743   } 
   weightvar { 0.09434913102853715   } 
   kinetic_energy { 3.905423061371607   } 
   kinetic_energyvar { 3.700745356866875   } 
   potential_energy { -15.80555106812402   } 
   potential_energyvar { 8.779236138207608   } 
   nonlocal_energy { 1.8076600748599   } 
   nonlocal_energyvar { 9.117882843326058   } 
   autocorr_energy { } 
} 

block { 
   label dmc
   totweight 320000
   nautocorr 0
   total_energy { -10.08968657220784   } 
   total_energyvar { 0.06105424693943462   } 
   weight { 1.000711478995337   } 
   weightvar { 0.09461263960939559   } 
   kinetic_energy { 3.893763910304547   } 
   kinetic_energyvar { 3.748093464473884   } 
   potential_energy { -15.80320400349985   } 
   potential_energyvar { 8.966687076183433   } 
   nonlocal_energy { 1.819753520987462   } 
   nonlocal_energyvar { 9.354125508439814   } 
   autocorr_energy { } 
} 

block { 
   label dmc
   totweight 320000
   nautocorr 0
   total_energy { -10.09052018532255   } 
   total_energyvar { 0.06056002962520779   } 
   weight { 0.9996588282131441   } 
   weightvar { 0.09367119354531717   } 
   kinetic_energy { 3.901234374081115   } 
   kinetic_energyvar { 3.820409764777846   } 
   potential_energy { -15.78032167647812   } 
   potential_energyvar { 8.86577644954906   } 
   nonlocal_energy { 1.788567117074454   } 
   nonlocal_energyvar { 8.982670939962672   } 
   autocorr_energy { } 
} 

block { 
   label dmc
   totweight 320000
   nautocorr 0
   total_energy { -10.09022293488954   } 
   total_energyvar { 0.06244276051236852   } 
   weight { 0.9996213568224254   } 
   weightvar { 0.09361347716728285   } 
   kinetic_energy { 3.889681258813012   } 
   kinetic_energyvar { 3.909930505955693   } 
   potential_energy { -15.79087568546397   } 
   potential_energyvar { 9.029145596359143   } 
   nonlocal_energy { 1.81097149176142   } 
   nonlocal_energyvar { 9.481355528123375   } 
   autocorr_energy { } 
} 

block { 
   label dmc
   totweight 320000
   nautocorr 0
   total_energy { -10.09061963404435   } 
   total_energyvar { 0.05877607036117638   } 
   weight { 0.9997011177700497   } 
   weightvar { 0.09401859707168847   } 
   kinetic_energy { 3.901232751465274   } 
   kinetic_energyvar { 3.632252390386846   } 
   potential_energy { -15.79196021079688   } 
   potential_energyvar { 8.783677252512661   } 
   nonlocal_energy { 1.800107825287247   } 
   nonlocal_energyvar { 9.039633556718453   } 
   autocorr_energy { } 
} 

block { 
   label dmc
   totweight 320000
   nautocorr 0
   total_energy { -10.09166552706353   } 
   total_energyvar { 0.06059161264481361   } 
   weight { 1.000310710251989   } 
   weightvar { 0.09392442999522288   } 
   kinetic_energy { 3.899262806497978   } 
   kinetic_energyvar { 3.73812772524548   } 
   potential_energy { -15.7846197144696   } 
   potential_energyvar { 8.784394843406773   } 
   nonlocal_energy { 1.793691380908089   } 
   nonlocal_energyvar { 9.189773365653149   } 
   autocorr_energy { } 
} 

block { 
   label dmc
   totweight 320000
   nautocorr 0
   total_energy { -10.09129817398394   } 
   total_energyvar { 0.05925383296431619   } 
   weight { 1.001101264972514   } 
   weightvar { 0.09333278036809545   } 
   kinetic_energy { 3.87687296213812   } 
   kinetic_energyvar { 3.731593923328457   } 
   potential_energy { -15.75032442195687   } 
   potential_energyvar { 8.718624979135626   } 
   nonlocal_energy { 1.782153285834807   } 
   nonlocal_energyvar { 9.21603897881036   } 
   autocorr_energy { } 
} 

block { 
   label dmc
   totweight 320000
   nautocorr 0
   total_energy { -10.09181609905868   } 
   total_energyvar { 0.06046536961147808   } 
   weight { 1.000725607423605   } 
   weightvar { 0.09329856822848481   } 
   kinetic_energy { 3.856493776638526   } 
   kinetic_energyvar { 3.817549518273783   } 
   potential_energy { -15.74082877931409   } 
   potential_energyvar { 8.859373916200582   } 
   nonlocal_energy { 1.792518903616886   } 
   nonlocal_energyvar { 9.35134807850612   } 
   autocorr_energy { } 
} 

block { 
   label dmc
   totweight 320000
   nautocorr 0
   total_energy { -10.08889241281335   } 
   total_energyvar { 0.06415194192626927   } 
   weight { 1.000168864950774   } 
   weightvar { 0.09298600868067197   } 
   kinetic_energy { 3.889985312550773   } 
   kinetic_energyvar { 3.874931868008071   } 
   potential_energy { -15.78920052207413   } 
   potential_energyvar { 8.858349153678489   } 
   nonlocal_energy { 1.810322796710011   } 
   nonlocal_energyvar { 9.348677533826587   } 
   autocorr_energy { } 
} 

block { 
   label dmc
   totweight 320000
   nautocorr 0
   total_energy { -10.08829975486057   } 
   total_energyvar { 0.05862796657913805   } 
   weight { 0.998012203664183   } 
   weightvar { 0.0938088001901265   } 
   kinetic_energy { 3.888893678339649   } 
   kinetic_energyvar { 3.650156449071176   } 
   potential_energy { -15.78140906196617   } 
   potential_energyvar { 8.933874510564351   } 
   nonlocal_energy { 1.804215628765953   } 
   nonlocal_energyvar { 8.755948996939814   } 
   autocorr_energy { } 
} 

block { 
   label dmc
   totweight 320000
   nautocorr 0
   total_energy { -10.09154125550795   } 
   total_energyvar { 0.06285282206206944   } 
   weight { 0.9992008728682528   } 
   weightvar { 0.09467714424413454   } 
   kinetic_energy { 3.888880531825052   } 
   kinetic_energyvar { 3.738210151616119   } 
   potential_energy { -15.78063239574051   } 
   potential_energyvar { 8.87913238101396   } 
   nonlocal_energy { 1.800210608407512   } 
   nonlocal_energyvar { 9.120823305766013   } 
   autocorr_energy { } 
} 

block { 
   label dmc
   totweight 320000
   nautocorr 0
   total_energy { -10.08715457857312   } 
   total_energyvar { 0.05727295622473605   } 
   weight { 0.9986751436439203   } 
   weightvar { 0.09491705140682161   } 
   kinetic_energy { 3.89587650252768   } 
   kinetic_energyvar { 3.811428994247866   } 
   potential_energy { -15.75598454607538   } 
   potential_energyvar { 8.734854258575666   } 
   nonlocal_energy { 1.772953464974579   } 
   nonlocal_energyvar { 9.006777734993952   } 
   autocorr_energy { } 
} 

block { 
   label dmc
   totweight 320000
   nautocorr 0
   total_energy { -10.09193169112681   } 
   total_energyvar { 0.06166277073911886   } 
   weight { 0.9990312144483523   } 
   weightvar { 0.09543689281568757   } 
   kinetic_energy { 3.881300942319027   } 
   kinetic_energyvar { 3.732890299596452   } 
   potential_energy { -15.77838301963037   } 
   potential_energyvar { 9.046735114536773   } 
   nonlocal_energy { 1.805150386184536   } 
   nonlocal_energyvar { 9.260917864637914   } 
   autocorr_energy { } 
} 

block { 
   label dmc
   totweight 320000
   nautocorr 0
   total_energy { -10.09089827020064   } 
   total_energyvar { 0.05997242028527694   } 
   weight { 0.999950945405311   } 
   weightvar { 0.09565386321761349   } 
   kinetic_energy { 3.897084752452063   } 
   kinetic_energyvar { 3.77593853073769   } 
   potential_energy { -15.81186420676315   } 
   potential_energyvar { 8.904172933366169   } 
   nonlocal_energy { 1.823881184110451   } 
   nonlocal_energyvar { 9.187554153555938   } 
   autocorr_energy { } 
} 

block { 
   label dmc
   totweight 320000
   nautocorr 0
   total_energy { -10.08707595375129   } 
   total_energyvar { 0.05981996862453798   } 
   weight { 0.9985556101276023   } 
   weightvar { 0.09333310290692465   } 
   kinetic_energy { 3.902350308290681   } 
   kinetic_energyvar { 3.711998003634083   } 
   potential_energy { -15.78285132206292   } 
   potential_energyvar { 8.985414717092226   } 
   nonlocal_energy { 1.793425060020954   } 
   nonlocal_energyvar { 9.176932874884512   } 
   autocorr_energy { } 
} 

block { 
   label dmc
   totweight 320000
   nautocorr 0
   total_energy { -10.09077679107014   } 
   total_energyvar { 0.06091068224118601   } 
   weight { 0.9985741032073847   } 
   weightvar { 0.09187689988156744   } 
   kinetic_energy { 3.885592047144257   } 
   kinetic_energyvar { 3.724570046615346   } 
   potential_energy { -15.7877453831692   } 
   potential_energyvar { 9.072230030989829   } 
   nonlocal_energy { 1.811376544954796   } 
   nonlocal_energyvar { 9.178833950704202   } 
   autocorr_energy { } 
} 

block { 
   label dmc
   totweight 320000
   nautocorr 0
   total_energy { -10.09023379062302   } 
   total_energyvar { 0.06027604247967133   } 
   weight { 0.9992358726854041   } 
   weightvar { 0.09213123173360527   } 
   kinetic_energy { 3.87391833857922   } 
   kinetic_energyvar { 3.787149989061097   } 
   potential_energy { -15.77756245729583   } 
   potential_energyvar { 8.967036301441425   } 
   nonlocal_energy { 1.813410328093593   } 
   nonlocal_energyvar { 9.25034877682544   } 
   autocorr_energy { } 
} 

block { 
   label dmc
   totweight 320000
   nautocorr 0
   total_energy { -10.09079243932054   } 
   total_energyvar { 0.05914949957463023   } 
   weight { 0.9997611497716209   } 
   weightvar { 0.09258028282233632   } 
   kinetic_energy { 3.877048302336968   } 
   kinetic_energyvar { 3.838924153448279   } 
   potential_energy { -15.75061516359891   } 
   potential_energyvar { 8.852774922847544   } 
   nonlocal_energy { 1.782774421941396   } 
   nonlocal_energyvar { 9.177628228129336   } 
   autocorr_energy { } 
} 

block { 
   label dmc
   totweight 320000
   nautocorr 0
   total_energy { -10.08867959653333   } 
   total_energyvar { 0.06398788033335734   } 
   weight { 0.9991784929783828   } 
   weightvar { 0.09360662877251735   } 
   kinetic_energy { 3.879799292709119   } 
   kinetic_energyvar { 4.957787130449892   } 
   potential_energy { -15.75008591486174   } 
   potential_energyvar { 8.826668744384023   } 
   nonlocal_energy { 1.78160702561929   } 
   nonlocal_energyvar { 10.29261274189391   } 
   autocorr_energy { } 
} 

block { 
   label dmc
   totweight 320000
   nautocorr 0
   total_energy { -10.08927048653468   } 
   total_energyvar { 0.0604129322166358   } 
   weight { 0.9985203889938733   } 
   weightvar { 0.09462912753050179   } 
   kinetic_energy { 3.873469269080616   } 
   kinetic_energyvar { 3.814349208393651   } 
   potential_energy { -15.75889523613045   } 
   potential_energyvar { 8.894900873132627   } 
   nonlocal_energy { 1.796155480515156   } 
   nonlocal_energyvar { 9.226774875675018   } 
   autocorr_energy { } 
} 

block { 
   label dmc
   totweight 320000
   nautocorr 0
   total_energy { -10.09072807765464   } 
   total_energyvar { 0.06000775456789142   } 
   weight { 0.9991211513747145   } 
   weightvar { 0.09377248549316441   } 
   kinetic_energy { 3.867161338871102   } 
   kinetic_energyvar { 3.733171942269728   } 
   potential_energy { -15.74985777712729   } 
   potential_energyvar { 8.919248132727091   } 
   nonlocal_energy { 1.791968360601542   } 
   nonlocal_energyvar { 9.243234107542822   } 
   autocorr_energy { } 
} 

block { 
   label dmc
   totweight 320000
   nautocorr 0
   total_energy { -10.0896450472729   } 
   total_energyvar { 0.06032537488835032   } 
   weight { 0.9995112534059152   } 
   weightvar { 0.09431906495116049   } 
   kinetic_energy { 3.875637536425044   } 
   kinetic_energyvar { 3.689615224538288   } 
   potential_energy { -15.7434686066771   } 
   potential_energyvar { 8.853015574018002   } 
   nonlocal_energy { 1.77818602297916   } 
   nonlocal_energyvar { 8.889285698330479   } 
   autocorr_energy { } 
} 

block { 
   label dmc
   totweight 320000
   nautocorr 0
   total_energy { -10.09128348019502   } 
   total_energyvar { 0.05991161731401462   } 
   weight { 0.9996666441613227   } 
   weightvar { 0.09568859514099892   } 
   kinetic_energy { 3.889532931562134   } 
   kinetic_energyvar { 3.835659113659053   } 
   potential_energy { -15.77526499869679   } 
   potential_energyvar { 9.087281543135418   } 
   nonlocal_energy { 1.794448586939633   } 
   nonlocal_energyvar { 9.359956817750174   } 
   autocorr_energy { } 
} 

block { 
   label dmc
   totweight 320000
   nautocorr 0
   total_energy { -10.09084975279385   } 
   total_energyvar { 0.06026964906423871   } 
   weight { 0.9995897685259806   } 
   weightvar { 0.09506047946827634   } 
   kinetic_energy { 3.875556624941959   } 
   kinetic_energyvar { 3.80631659088705   } 
   potential_energy { -15.77046784740011   } 
   potential_energyvar { 9.011849332459889   } 
   nonlocal_energy { 1.804061469664303   } 
   nonlocal_energyvar { 9.318702201732078   } 
   autocorr_energy { } 
} 

block { 
   label dmc
   totweight 320000
   nautocorr 0
   total_energy { -10.08971607472114   } 
   total_energyvar { 0.06187614980656519   } 
   weight { 0.9998284179634739   } 
   weightvar { 0.09314927818043817   } 
   kinetic_energy { 3.890086956540491   } 
   kinetic_energyvar { 3.679819734051655   } 
   potential_energy { -15.79182201194415   } 
   potential_energyvar { 8.851809958520278   } 
   nonlocal_energy { 1.812018980682517   } 
   nonlocal_energyvar { 9.067571914846017   } 
   autocorr_energy { } 
} 

block { 
   label dmc
   totweight 320000
   nautocorr 0
   total_energy { -10.08920964224439   } 
   total_energyvar { 0.06135886570110927   } 
   weight { 0.9991786816272706   } 
   weightvar { 0.09221871956699013   } 
   kinetic_energy { 3.922303554381702   } 
   kinetic_energyvar { 3.804153304977616   } 
   potential_energy { -15.84755103485519   } 
   potential_energyvar { 8.935023636588937   } 
   nonlocal_energy { 1.836037838229099   } 
   nonlocal_energyvar { 9.355153119587069   } 
   autocorr_energy { } 
} 

