#-------------------------------------------------
#DMC run: timestep 0.001
#-------------------------------------------------


init { 
   label dmc
}
block { 
   label dmc
   totweight 6400000
   nautocorr 0
   total_energy { -10.09121592225618   } 
   total_energyvar { 0.05840958126368889   } 
   weight { 1.000304441451264   } 
   weightvar { 0.09316429825168182   } 
   kinetic_energy { 3.857636365060596   } 
   kinetic_energyvar { 3.723210985709823   } 
   potential_energy { -15.74364272174325   } 
   potential_energyvar { 8.993162436806841   } 
   nonlocal_energy { 1.794790434426473   } 
   nonlocal_energyvar { 9.028683627878454   } 
   autocorr_energy { } 
} 

block { 
   label dmc
   totweight 6400000
   nautocorr 0
   total_energy { -10.09400808199216   } 
   total_energyvar { 0.05788675134716925   } 
   weight { 1.000972466738795   } 
   weightvar { 0.09273117248793161   } 
   kinetic_energy { 3.892065392839027   } 
   kinetic_energyvar { 3.723027204819177   } 
   potential_energy { -15.78568378676343   } 
   potential_energyvar { 8.921528940911372   } 
   nonlocal_energy { 1.799610311932246   } 
   nonlocal_energyvar { 9.044615561049135   } 
   autocorr_energy { } 
} 

block { 
   label dmc
   totweight 6400000
   nautocorr 0
   total_energy { -10.09272233470763   } 
   total_energyvar { 0.06016157651967546   } 
   weight { 1.000863940746257   } 
   weightvar { 0.09289622061755609   } 
   kinetic_energy { 3.907991331537066   } 
   kinetic_energyvar { 3.675558081553495   } 
   potential_energy { -15.7803157366118   } 
   potential_energyvar { 8.840927352477195   } 
   nonlocal_energy { 1.779602070367103   } 
   nonlocal_energyvar { 9.003524242700914   } 
   autocorr_energy { } 
} 

block { 
   label dmc
   totweight 6400000
   nautocorr 0
   total_energy { -10.08940962071184   } 
   total_energyvar { 0.05974854944145136   } 
   weight { 0.9988693258773105   } 
   weightvar { 0.09372700190354333   } 
   kinetic_energy { 3.867015906312988   } 
   kinetic_energyvar { 3.754501049091372   } 
   potential_energy { -15.74786162078804   } 
   potential_energyvar { 8.910362837255775   } 
   nonlocal_energy { 1.791436093763211   } 
   nonlocal_energyvar { 9.216592674069112   } 
   autocorr_energy { } 
} 

block { 
   label dmc
   totweight 6400000
   nautocorr 0
   total_energy { -10.09117331719726   } 
   total_energyvar { 0.06177581266348398   } 
   weight { 0.9978497379204404   } 
   weightvar { 0.09218518586861579   } 
   kinetic_energy { 3.887152079607522   } 
   kinetic_energyvar { 3.673955323486989   } 
   potential_energy { -15.79147392997176   } 
   potential_energyvar { 9.007354694578567   } 
   nonlocal_energy { 1.813148533166977   } 
   nonlocal_energyvar { 9.233706636920147   } 
   autocorr_energy { } 
} 

block { 
   label dmc
   totweight 6400000
   nautocorr 0
   total_energy { -10.09022000393575   } 
   total_energyvar { 0.05843879986618106   } 
   weight { 0.99817799498254   } 
   weightvar { 0.09232074848605387   } 
   kinetic_energy { 3.904414156174264   } 
   kinetic_energyvar { 3.635348740497259   } 
   potential_energy { -15.79386228433173   } 
   potential_energyvar { 8.86652733160102   } 
   nonlocal_energy { 1.799228124221712   } 
   nonlocal_energyvar { 8.90734019023372   } 
   autocorr_energy { } 
} 

block { 
   label dmc
   totweight 6400000
   nautocorr 0
   total_energy { -10.0936627400595   } 
   total_energyvar { 0.06072121470876368   } 
   weight { 0.9992935386076358   } 
   weightvar { 0.09254214445785314   } 
   kinetic_energy { 3.879285196876825   } 
   kinetic_energyvar { 3.77627212877462   } 
   potential_energy { -15.77472173159259   } 
   potential_energyvar { 8.968443469583093   } 
   nonlocal_energy { 1.801773794656266   } 
   nonlocal_energyvar { 9.376428779948279   } 
   autocorr_energy { } 
} 

block { 
   label dmc
   totweight 6400000
   nautocorr 0
   total_energy { -10.09105572058464   } 
   total_energyvar { 0.06064505328838266   } 
   weight { 0.9999074398243272   } 
   weightvar { 0.09355813983771788   } 
   kinetic_energy { 3.872531464133528   } 
   kinetic_energyvar { 3.841104339088146   } 
   potential_energy { -15.78800736532301   } 
   potential_energyvar { 9.023649448456581   } 
   nonlocal_energy { 1.824420180604842   } 
   nonlocal_energyvar { 9.470368650295292   } 
   autocorr_energy { } 
} 

block { 
   label dmc
   totweight 6400000
   nautocorr 0
   total_energy { -10.09234721101749   } 
   total_energyvar { 0.05837314072834943   } 
   weight { 0.9997253489386709   } 
   weightvar { 0.09143966120707514   } 
   kinetic_energy { 3.857157363197797   } 
   kinetic_energyvar { 3.751461033178352   } 
   potential_energy { -15.73272328114141   } 
   potential_energyvar { 8.870659557120007   } 
   nonlocal_energy { 1.783218706926124   } 
   nonlocal_energyvar { 9.002523500231959   } 
   autocorr_energy { } 
} 

block { 
   label dmc
   totweight 6400000
   nautocorr 0
   total_energy { -10.09051755403676   } 
   total_energyvar { 0.05772796374274947   } 
   weight { 0.9990049284847526   } 
   weightvar { 0.09149060432638711   } 
   kinetic_energy { 3.85929442529636   } 
   kinetic_energyvar { 3.698079542760221   } 
   potential_energy { -15.7221821990197   } 
   potential_energyvar { 8.879599274852467   } 
   nonlocal_energy { 1.772370219686579   } 
   nonlocal_energyvar { 8.993801216111713   } 
   autocorr_energy { } 
} 

block { 
   label dmc
   totweight 6400000
   nautocorr 0
   total_energy { -10.09073037980367   } 
   total_energyvar { 0.05896168933406898   } 
   weight { 0.998885854592774   } 
   weightvar { 0.09350083016094801   } 
   kinetic_energy { 3.887544261814192   } 
   kinetic_energyvar { 3.652358853607952   } 
   potential_energy { -15.75585491909126   } 
   potential_energyvar { 8.78371468351267   } 
   nonlocal_energy { 1.777580277473398   } 
   nonlocal_energyvar { 8.804040341224654   } 
   autocorr_energy { } 
} 

block { 
   label dmc
   totweight 6400000
   nautocorr 0
   total_energy { -10.0892786519054   } 
   total_energyvar { 0.06125573463768319   } 
   weight { 0.9977571024958403   } 
   weightvar { 0.09105866666955242   } 
   kinetic_energy { 3.885211184537823   } 
   kinetic_energyvar { 3.777923412240792   } 
   potential_energy { -15.77398797504546   } 
   potential_energyvar { 8.880298956253768   } 
   nonlocal_energy { 1.799498138602243   } 
   nonlocal_energyvar { 9.313422581588512   } 
   autocorr_energy { } 
} 

block { 
   label dmc
   totweight 6400000
   nautocorr 0
   total_energy { -10.09051834247267   } 
   total_energyvar { 0.05998290964913622   } 
   weight { 0.9984044421244272   } 
   weightvar { 0.09306108225088872   } 
   kinetic_energy { 3.863563170207249   } 
   kinetic_energyvar { 3.801352823544653   } 
   potential_energy { -15.73777385087265   } 
   potential_energyvar { 8.841025421526041   } 
   nonlocal_energy { 1.783692338192735   } 
   nonlocal_energyvar { 9.375503850432354   } 
   autocorr_energy { } 
} 

block { 
   label dmc
   totweight 6400000
   nautocorr 0
   total_energy { -10.09113943361216   } 
   total_energyvar { 0.0598774128633579   } 
   weight { 0.9982212356657447   } 
   weightvar { 0.09472960064434388   } 
   kinetic_energy { 3.867308497313656   } 
   kinetic_energyvar { 3.84045707239512   } 
   potential_energy { -15.74691975658614   } 
   potential_energyvar { 8.868467971164506   } 
   nonlocal_energy { 1.788471825660324   } 
   nonlocal_energyvar { 9.408742585258237   } 
   autocorr_energy { } 
} 

block { 
   label dmc
   totweight 6400000
   nautocorr 0
   total_energy { -10.09238301233514   } 
   total_energyvar { 0.05944156846449289   } 
   weight { 0.9995706949976724   } 
   weightvar { 0.09290319872693664   } 
   kinetic_energy { 3.898490036938387   } 
   kinetic_energyvar { 3.667402332275485   } 
   potential_energy { -15.80275428274668   } 
   potential_energyvar { 8.91935004070146   } 
   nonlocal_energy { 1.811881233473154   } 
   nonlocal_energyvar { 9.050312239867706   } 
   autocorr_energy { } 
} 

block { 
   label dmc
   totweight 6400000
   nautocorr 0
   total_energy { -10.09357807769013   } 
   total_energyvar { 0.05764087495738579   } 
   weight { 1.00041982966031   } 
   weightvar { 0.09299885052317491   } 
   kinetic_energy { 3.874614162769203   } 
   kinetic_energyvar { 3.709427583108882   } 
   potential_energy { -15.74154918205802   } 
   potential_energyvar { 9.168813931384477   } 
   nonlocal_energy { 1.773356941598684   } 
   nonlocal_energyvar { 9.405922753756979   } 
   autocorr_energy { } 
} 

block { 
   label dmc
   totweight 6400000
   nautocorr 0
   total_energy { -10.08948270925364   } 
   total_energyvar { 0.05896490786744835   } 
   weight { 0.9998386585273098   } 
   weightvar { 0.09326581647480903   } 
   kinetic_energy { 3.86809579142305   } 
   kinetic_energyvar { 3.709659434624156   } 
   potential_energy { -15.73220992079772   } 
   potential_energyvar { 8.873043985616562   } 
   nonlocal_energy { 1.774631420121022   } 
   nonlocal_energyvar { 9.108539229569981   } 
   autocorr_energy { } 
} 

block { 
   label dmc
   totweight 6400000
   nautocorr 0
   total_energy { -10.09010878412052   } 
   total_energyvar { 0.06019287344646784   } 
   weight { 0.998507464858286   } 
   weightvar { 0.09341379421934148   } 
   kinetic_energy { 3.862123090122211   } 
   kinetic_energyvar { 3.795314016443628   } 
   potential_energy { -15.74686677361177   } 
   potential_energyvar { 9.170710986804522   } 
   nonlocal_energy { 1.794634899369051   } 
   nonlocal_energyvar { 9.499782263943445   } 
   autocorr_energy { } 
} 

block { 
   label dmc
   totweight 6400000
   nautocorr 0
   total_energy { -10.0904874249378   } 
   total_energyvar { 0.05858412397299162   } 
   weight { 0.9984433055210217   } 
   weightvar { 0.09265418694571947   } 
   kinetic_energy { 3.876430886870693   } 
   kinetic_energyvar { 3.626321476125527   } 
   potential_energy { -15.728588534994   } 
   potential_energyvar { 8.661174745535618   } 
   nonlocal_energy { 1.76167022318551   } 
   nonlocal_energyvar { 8.636812771449264   } 
   autocorr_energy { } 
} 

block { 
   label dmc
   totweight 6400000
   nautocorr 0
   total_energy { -10.0880153684093   } 
   total_energyvar { 0.06013852042477197   } 
   weight { 0.9974576151176355   } 
   weightvar { 0.09149643302032917   } 
   kinetic_energy { 3.884450336963905   } 
   kinetic_energyvar { 3.730753219990204   } 
   potential_energy { -15.77241887963025   } 
   potential_energyvar { 8.994633477950117   } 
   nonlocal_energy { 1.799953174257046   } 
   nonlocal_energyvar { 9.245395634417356   } 
   autocorr_energy { } 
} 

block { 
   label dmc
   totweight 6400000
   nautocorr 0
   total_energy { -10.09019455753183   } 
   total_energyvar { 0.05976378659499915   } 
   weight { 0.9983472174357251   } 
   weightvar { 0.09029247922264505   } 
   kinetic_energy { 3.893836975690338   } 
   kinetic_energyvar { 3.764457701383932   } 
   potential_energy { -15.7998428229913   } 
   potential_energyvar { 8.918249108861744   } 
   nonlocal_energy { 1.81581128976913   } 
   nonlocal_energyvar { 9.247094507836161   } 
   autocorr_energy { } 
} 

block { 
   label dmc
   totweight 6400000
   nautocorr 0
   total_energy { -10.09046342491356   } 
   total_energyvar { 0.05914587829035156   } 
   weight { 0.9981476942024993   } 
   weightvar { 0.09068648934311263   } 
   kinetic_energy { 3.872639732725208   } 
   kinetic_energyvar { 3.784391958674187   } 
   potential_energy { -15.7767288260732   } 
   potential_energyvar { 9.054421509449725   } 
   nonlocal_energy { 1.813625668434438   } 
   nonlocal_energyvar { 9.506428759340583   } 
   autocorr_energy { } 
} 

block { 
   label dmc
   totweight 6400000
   nautocorr 0
   total_energy { -10.08842926571445   } 
   total_energyvar { 0.05929215911683627   } 
   weight { 0.9976725541289869   } 
   weightvar { 0.09001962645109152   } 
   kinetic_energy { 3.900306304472545   } 
   kinetic_energyvar { 3.689707430302045   } 
   potential_energy { -15.78872594203126   } 
   potential_energyvar { 8.894687469232309   } 
   nonlocal_energy { 1.799990371844263   } 
   nonlocal_energyvar { 9.068313203062191   } 
   autocorr_energy { } 
} 

block { 
   label dmc
   totweight 6400000
   nautocorr 0
   total_energy { -10.09133903436423   } 
   total_energyvar { 0.05884538694915875   } 
   weight { 0.9982383607934683   } 
   weightvar { 0.09004847065063759   } 
   kinetic_energy { 3.882543329779228   } 
   kinetic_energyvar { 3.683763459992987   } 
   potential_energy { -15.74287858448546   } 
   potential_energyvar { 8.668782725851912   } 
   nonlocal_energy { 1.768996220341999   } 
   nonlocal_energyvar { 8.815674627160544   } 
   autocorr_energy { } 
} 

block { 
   label dmc
   totweight 6400000
   nautocorr 0
   total_energy { -10.09003349275297   } 
   total_energyvar { 0.06280571781177002   } 
   weight { 0.9989329172806793   } 
   weightvar { 0.09068244812384751   } 
   kinetic_energy { 3.881632541949637   } 
   kinetic_energyvar { 3.818388808259023   } 
   potential_energy { -15.81975999667082   } 
   potential_energyvar { 9.230500678454433   } 
   nonlocal_energy { 1.848093961968209   } 
   nonlocal_energyvar { 9.85868057733709   } 
   autocorr_energy { } 
} 

block { 
   label dmc
   totweight 6400000
   nautocorr 0
   total_energy { -10.09068677613792   } 
   total_energyvar { 0.06113414110349424   } 
   weight { 0.9987288401153384   } 
   weightvar { 0.09002862970116243   } 
   kinetic_energy { 3.871690368871116   } 
   kinetic_energyvar { 3.739661530555368   } 
   potential_energy { -15.78323859141868   } 
   potential_energyvar { 8.962500202514349   } 
   nonlocal_energy { 1.82086144640965   } 
   nonlocal_energyvar { 9.275194997770111   } 
   autocorr_energy { } 
} 

block { 
   label dmc
   totweight 6400000
   nautocorr 0
   total_energy { -10.09119121452789   } 
   total_energyvar { 0.06184363385605707   } 
   weight { 0.9992378615162938   } 
   weightvar { 0.09062991911094109   } 
   kinetic_energy { 3.857328449356743   } 
   kinetic_energyvar { 3.847415192022252   } 
   potential_energy { -15.78765872864186   } 
   potential_energyvar { 9.265456965037316   } 
   nonlocal_energy { 1.839139064757218   } 
   nonlocal_energyvar { 9.699008308209512   } 
   autocorr_energy { } 
} 

block { 
   label dmc
   totweight 6400000
   nautocorr 0
   total_energy { -10.09111697723268   } 
   total_energyvar { 0.0617356638353499   } 
   weight { 0.999218588100796   } 
   weightvar { 0.08975791324570559   } 
   kinetic_energy { 3.869523873082084   } 
   kinetic_energyvar { 3.879809006918761   } 
   potential_energy { -15.76413712458557   } 
   potential_energyvar { 9.02839938250807   } 
   nonlocal_energy { 1.803496274270807   } 
   nonlocal_energyvar { 9.630414583015277   } 
   autocorr_energy { } 
} 

block { 
   label dmc
   totweight 6400000
   nautocorr 0
   total_energy { -10.08897997496917   } 
   total_energyvar { 0.0607277265674071   } 
   weight { 0.998766535887237   } 
   weightvar { 0.08951494646207236   } 
   kinetic_energy { 3.893866064824185   } 
   kinetic_energyvar { 3.780264886950929   } 
   potential_energy { -15.77830810688284   } 
   potential_energyvar { 8.947432078807509   } 
   nonlocal_energy { 1.795462067089483   } 
   nonlocal_energyvar { 9.165049341724243   } 
   autocorr_energy { } 
} 

block { 
   label dmc
   totweight 6400000
   nautocorr 0
   total_energy { -10.09082252654224   } 
   total_energyvar { 0.05720073119623237   } 
   weight { 0.9986190835035614   } 
   weightvar { 0.08979509774700245   } 
   kinetic_energy { 3.894903618062417   } 
   kinetic_energyvar { 3.589356350149005   } 
   potential_energy { -15.72144182841693   } 
   potential_energyvar { 8.572408840602378   } 
   nonlocal_energy { 1.735715683812281   } 
   nonlocal_energyvar { 8.35116360322224   } 
   autocorr_energy { } 
} 

block { 
   label dmc
   totweight 6400000
   nautocorr 0
   total_energy { -10.09014590323802   } 
   total_energyvar { 0.05924416205428429   } 
   weight { 0.9989026758160635   } 
   weightvar { 0.09084985774680099   } 
   kinetic_energy { 3.895066104098243   } 
   kinetic_energyvar { 3.761486540058113   } 
   potential_energy { -15.7900617354393   } 
   potential_energyvar { 9.025548400884418   } 
   nonlocal_energy { 1.80484972810303   } 
   nonlocal_energyvar { 9.287550522659034   } 
   autocorr_energy { } 
} 

block { 
   label dmc
   totweight 6400000
   nautocorr 0
   total_energy { -10.08902248216801   } 
   total_energyvar { 0.0600278395028937   } 
   weight { 0.9988240346726116   } 
   weightvar { 0.09082182117801074   } 
   kinetic_energy { 3.884260593675077   } 
   kinetic_energyvar { 3.816225459557712   } 
   potential_energy { -15.78804934989355   } 
   potential_energyvar { 8.914183981216723   } 
   nonlocal_energy { 1.814766274050469   } 
   nonlocal_energyvar { 9.273744619549595   } 
   autocorr_energy { } 
} 

block { 
   label dmc
   totweight 6400000
   nautocorr 0
   total_energy { -10.09005277607389   } 
   total_energyvar { 0.06185958174089023   } 
   weight { 0.9979734193230198   } 
   weightvar { 0.09129535603877259   } 
   kinetic_energy { 3.870611306095076   } 
   kinetic_energyvar { 3.856721764652587   } 
   potential_energy { -15.77140493736839   } 
   potential_energyvar { 9.028428221554861   } 
   nonlocal_energy { 1.810740855199417   } 
   nonlocal_energyvar { 9.546743140580919   } 
   autocorr_energy { } 
} 

block { 
   label dmc
   totweight 6400000
   nautocorr 0
   total_energy { -10.08961244377926   } 
   total_energyvar { 0.05848192203460201   } 
   weight { 0.9984925586089403   } 
   weightvar { 0.09195867486674747   } 
   kinetic_energy { 3.879527593279037   } 
   kinetic_energyvar { 3.70912887443548   } 
   potential_energy { -15.77085475382478   } 
   potential_energyvar { 8.945596056123179   } 
   nonlocal_energy { 1.801714716766489   } 
   nonlocal_energyvar { 9.120979135043658   } 
   autocorr_energy { } 
} 

block { 
   label dmc
   totweight 6400000
   nautocorr 0
   total_energy { -10.09158806465924   } 
   total_energyvar { 0.06070743521766531   } 
   weight { 0.9991891000136983   } 
   weightvar { 0.09377803882935198   } 
   kinetic_energy { 3.901103655313093   } 
   kinetic_energyvar { 3.676360588883115   } 
   potential_energy { -15.80392378308744   } 
   potential_energyvar { 8.940069650017392   } 
   nonlocal_energy { 1.81123206311511   } 
   nonlocal_energyvar { 9.14927404968239   } 
   autocorr_energy { } 
} 

block { 
   label dmc
   totweight 6400000
   nautocorr 0
   total_energy { -10.09043100440798   } 
   total_energyvar { 0.0608163363404941   } 
   weight { 0.9994750638221335   } 
   weightvar { 0.09266780994207346   } 
   kinetic_energy { 3.90110639389375   } 
   kinetic_energyvar { 3.703788055459055   } 
   potential_energy { -15.81546008195726   } 
   potential_energyvar { 8.932231232093301   } 
   nonlocal_energy { 1.823922683655522   } 
   nonlocal_energyvar { 9.267800963212483   } 
   autocorr_energy { } 
} 

block { 
   label dmc
   totweight 6400000
   nautocorr 0
   total_energy { -10.08925097191624   } 
   total_energyvar { 0.0687581879636241   } 
   weight { 0.9990350133865395   } 
   weightvar { 0.0909946985566622   } 
   kinetic_energy { 3.911083133708555   } 
   kinetic_energyvar { 3.845245330961317   } 
   potential_energy { -15.77648149798871   } 
   potential_energyvar { 8.842871655328423   } 
   nonlocal_energy { 1.776147392363911   } 
   nonlocal_energyvar { 9.169867508302108   } 
   autocorr_energy { } 
} 

block { 
   label dmc
   totweight 6400000
   nautocorr 0
   total_energy { -10.09058340945656   } 
   total_energyvar { 0.06104587583230625   } 
   weight { 0.9986380217164457   } 
   weightvar { 0.09269228901426518   } 
   kinetic_energy { 3.890229748996684   } 
   kinetic_energyvar { 3.767613088284044   } 
   potential_energy { -15.76724362663035   } 
   potential_energyvar { 8.912773119091071   } 
   nonlocal_energy { 1.786430468177108   } 
   nonlocal_energyvar { 9.255823447469648   } 
   autocorr_energy { } 
} 

block { 
   label dmc
   totweight 6400000
   nautocorr 0
   total_energy { -10.09151380539443   } 
   total_energyvar { 0.05972265597246462   } 
   weight { 0.9995657073130332   } 
   weightvar { 0.09237292788509399   } 
   kinetic_energy { 3.885718490349889   } 
   kinetic_energyvar { 3.710179652550996   } 
   potential_energy { -15.7902464706614   } 
   potential_energyvar { 8.958018899348502   } 
   nonlocal_energy { 1.813014174917087   } 
   nonlocal_energyvar { 9.228385885735113   } 
   autocorr_energy { } 
} 

block { 
   label dmc
   totweight 6400000
   nautocorr 0
   total_energy { -10.09061808076034   } 
   total_energyvar { 0.06105420045602727   } 
   weight { 0.9995520691274131   } 
   weightvar { 0.09246289057395962   } 
   kinetic_energy { 3.883316164790823   } 
   kinetic_energyvar { 3.913039170008458   } 
   potential_energy { -15.78208247017553   } 
   potential_energyvar { 8.92233307019859   } 
   nonlocal_energy { 1.808148224624366   } 
   nonlocal_energyvar { 9.571196838169801   } 
   autocorr_energy { } 
} 

block { 
   label dmc
   totweight 6400000
   nautocorr 0
   total_energy { -10.08959145131974   } 
   total_energyvar { 0.05955438016142978   } 
   weight { 0.9986238611214516   } 
   weightvar { 0.0912204613320412   } 
   kinetic_energy { 3.887181609460534   } 
   kinetic_energyvar { 3.692178884415632   } 
   potential_energy { -15.75611481117011   } 
   potential_energyvar { 8.692902793149955   } 
   nonlocal_energy { 1.77934175038984   } 
   nonlocal_energyvar { 8.745483868358654   } 
   autocorr_energy { } 
} 

block { 
   label dmc
   totweight 6400000
   nautocorr 0
   total_energy { -10.09231167017232   } 
   total_energyvar { 0.06104078124961632   } 
   weight { 0.9994999792290873   } 
   weightvar { 0.09140281205670531   } 
   kinetic_energy { 3.867389348618505   } 
   kinetic_energyvar { 3.747951807463201   } 
   potential_energy { -15.77459694545451   } 
   potential_energyvar { 8.959665885117744   } 
   nonlocal_energy { 1.814895926663683   } 
   nonlocal_energyvar { 9.352673860198232   } 
   autocorr_energy { } 
} 

block { 
   label dmc
   totweight 6400000
   nautocorr 0
   total_energy { -10.09143855779507   } 
   total_energyvar { 0.05922317402539079   } 
   weight { 1.000260136525374   } 
   weightvar { 0.09242324124294576   } 
   kinetic_energy { 3.878258760680125   } 
   kinetic_energyvar { 3.674236930884723   } 
   potential_energy { -15.77310908592054   } 
   potential_energyvar { 8.919470215693366   } 
   nonlocal_energy { 1.803411767445344   } 
   nonlocal_energyvar { 9.100832000826298   } 
   autocorr_energy { } 
} 

block { 
   label dmc
   totweight 6400000
   nautocorr 0
   total_energy { -10.09158983430724   } 
   total_energyvar { 0.0574060741512028   } 
   weight { 1.000098205455634   } 
   weightvar { 0.09160929083918679   } 
   kinetic_energy { 3.879103155761534   } 
   kinetic_energyvar { 3.701188662273164   } 
   potential_energy { -15.72893748610566   } 
   potential_energyvar { 8.583932699960769   } 
   nonlocal_energy { 1.758244496036885   } 
   nonlocal_energyvar { 8.860991254642277   } 
   autocorr_energy { } 
} 

block { 
   label dmc
   totweight 6400000
   nautocorr 0
   total_energy { -10.0908036031874   } 
   total_energyvar { 0.0580221737373563   } 
   weight { 1.000235407060905   } 
   weightvar { 0.09243527130455087   } 
   kinetic_energy { 3.878203827021981   } 
   kinetic_energyvar { 3.729429132058861   } 
   potential_energy { -15.73910321986265   } 
   potential_energyvar { 8.913974486719212   } 
   nonlocal_energy { 1.770095789653265   } 
   nonlocal_energyvar { 8.926944167000789   } 
   autocorr_energy { } 
} 

block { 
   label dmc
   totweight 6400000
   nautocorr 0
   total_energy { -10.09021013238597   } 
   total_energyvar { 0.05896671972161016   } 
   weight { 0.9993939916471916   } 
   weightvar { 0.09335042746579292   } 
   kinetic_energy { 3.894951424253222   } 
   kinetic_energyvar { 3.700130518441528   } 
   potential_energy { -15.78386322459882   } 
   potential_energyvar { 8.9099135297472   } 
   nonlocal_energy { 1.798701667959618   } 
   nonlocal_energyvar { 9.253024032495878   } 
   autocorr_energy { } 
} 

block { 
   label dmc
   totweight 6400000
   nautocorr 0
   total_energy { -10.08935673875784   } 
   total_energyvar { 0.05997131721724713   } 
   weight { 0.9987467309217057   } 
   weightvar { 0.09295717843436668   } 
   kinetic_energy { 3.877966744686293   } 
   kinetic_energyvar { 3.659816457193804   } 
   potential_energy { -15.768241909   } 
   potential_energyvar { 8.813248914739432   } 
   nonlocal_energy { 1.800918425555864   } 
   nonlocal_energyvar { 8.979130852032496   } 
   autocorr_energy { } 
} 

block { 
   label dmc
   totweight 6400000
   nautocorr 0
   total_energy { -10.08998021839362   } 
   total_energyvar { 0.05901067386652414   } 
   weight { 0.9988708740791893   } 
   weightvar { 0.09318105978895441   } 
   kinetic_energy { 3.878979531360081   } 
   kinetic_energyvar { 3.792538194820622   } 
   potential_energy { -15.75271476471527   } 
   potential_energyvar { 8.897684184371656   } 
   nonlocal_energy { 1.783755014961563   } 
   nonlocal_energyvar { 9.069249389758072   } 
   autocorr_energy { } 
} 

block { 
   label dmc
   totweight 6400000
   nautocorr 0
   total_energy { -10.08915631561543   } 
   total_energyvar { 0.05692009892727867   } 
   weight { 0.9981674628000884   } 
   weightvar { 0.09355695697158739   } 
   kinetic_energy { 3.905240575553019   } 
   kinetic_energyvar { 3.649958882625866   } 
   potential_energy { -15.78121098687022   } 
   potential_energyvar { 8.857244017214413   } 
   nonlocal_energy { 1.786814095701766   } 
   nonlocal_energyvar { 8.537267846821626   } 
   autocorr_energy { } 
} 

block { 
   label dmc
   totweight 6400000
   nautocorr 0
   total_energy { -10.08954512081879   } 
   total_energyvar { 0.05883838319131485   } 
   weight { 0.9983200806691649   } 
   weightvar { 0.09222281656994058   } 
   kinetic_energy { 3.86485613403787   } 
   kinetic_energyvar { 3.755112028868899   } 
   potential_energy { -15.74209421237052   } 
   potential_energyvar { 8.859092504001381   } 
   nonlocal_energy { 1.787692957513861   } 
   nonlocal_energyvar { 9.054238988899723   } 
   autocorr_energy { } 
} 

block { 
   label dmc
   totweight 6400000
   nautocorr 0
   total_energy { -10.09145504346843   } 
   total_energyvar { 0.05866275422860667   } 
   weight { 0.9990728730591517   } 
   weightvar { 0.09326972298757774   } 
   kinetic_energy { 3.88167586665589   } 
   kinetic_energyvar { 3.726831589726011   } 
   potential_energy { -15.76084635180568   } 
   potential_energyvar { 8.75451993559065   } 
   nonlocal_energy { 1.787715441681356   } 
   nonlocal_energyvar { 8.957227559211589   } 
   autocorr_energy { } 
} 

block { 
   label dmc
   totweight 6400000
   nautocorr 0
   total_energy { -10.09159131195514   } 
   total_energyvar { 0.05768455705103293   } 
   weight { 0.9998597068125402   } 
   weightvar { 0.09334138462903063   } 
   kinetic_energy { 3.874251840860015   } 
   kinetic_energyvar { 3.708625730750667   } 
   potential_energy { -15.74420563226172   } 
   potential_energyvar { 8.680705454542732   } 
   nonlocal_energy { 1.778362479446564   } 
   nonlocal_energyvar { 8.885330299970196   } 
   autocorr_energy { } 
} 

block { 
   label dmc
   totweight 6400000
   nautocorr 0
   total_energy { -10.08943564584416   } 
   total_energyvar { 0.05968194928756532   } 
   weight { 0.9994496144659591   } 
   weightvar { 0.09223064074702869   } 
   kinetic_energy { 3.874230651746758   } 
   kinetic_energyvar { 3.795286082414449   } 
   potential_energy { -15.79221910722775   } 
   potential_energyvar { 9.140614064423119   } 
   nonlocal_energy { 1.828552809636839   } 
   nonlocal_energyvar { 9.524887384600028   } 
   autocorr_energy { } 
} 

block { 
   label dmc
   totweight 6400000
   nautocorr 0
   total_energy { -10.08962551316604   } 
   total_energyvar { 0.05933448231670013   } 
   weight { 0.9983964550359272   } 
   weightvar { 0.09169313846952298   } 
   kinetic_energy { 3.886789963072959   } 
   kinetic_energyvar { 3.719517878241714   } 
   potential_energy { -15.77678740551115   } 
   potential_energyvar { 8.962967215621632   } 
   nonlocal_energy { 1.800371929272143   } 
   nonlocal_energyvar { 9.050631699012843   } 
   autocorr_energy { } 
} 

block { 
   label dmc
   totweight 6400000
   nautocorr 0
   total_energy { -10.08858560900559   } 
   total_energyvar { 0.05896070150789967   } 
   weight { 0.9987535344175031   } 
   weightvar { 0.09137895011430475   } 
   kinetic_energy { 3.89855866377389   } 
   kinetic_energyvar { 3.763816734559711   } 
   potential_energy { -15.79193760043008   } 
   potential_energyvar { 8.980329010436918   } 
   nonlocal_energy { 1.804793327650601   } 
   nonlocal_energyvar { 8.952573425807753   } 
   autocorr_energy { } 
} 

block { 
   label dmc
   totweight 6400000
   nautocorr 0
   total_energy { -10.08913650625142   } 
   total_energyvar { 0.06056129466020366   } 
   weight { 0.9979766072840081   } 
   weightvar { 0.0912704591220056   } 
   kinetic_energy { 3.906270500707601   } 
   kinetic_energyvar { 3.760914146865584   } 
   potential_energy { -15.81895938610771   } 
   potential_energyvar { 8.951760083519105   } 
   nonlocal_energy { 1.823552379148691   } 
   nonlocal_energyvar { 9.275282818401791   } 
   autocorr_energy { } 
} 

block { 
   label dmc
   totweight 6400000
   nautocorr 0
   total_energy { -10.09040108832509   } 
   total_energyvar { 0.05965996444285793   } 
   weight { 0.9982153124327111   } 
   weightvar { 0.09185975590427597   } 
   kinetic_energy { 3.879154546912968   } 
   kinetic_energyvar { 3.719591143734839   } 
   potential_energy { -15.74627097715051   } 
   potential_energyvar { 8.954606959727471   } 
   nonlocal_energy { 1.776715341912455   } 
   nonlocal_energyvar { 9.148539740617622   } 
   autocorr_energy { } 
} 

block { 
   label dmc
   totweight 6400000
   nautocorr 0
   total_energy { -10.08795746077679   } 
   total_energyvar { 0.05940307168013703   } 
   weight { 0.9981841810490045   } 
   weightvar { 0.09237833341037083   } 
   kinetic_energy { 3.89293061660526   } 
   kinetic_energyvar { 3.816965296868366   } 
   potential_energy { -15.79549087013084   } 
   potential_energyvar { 9.147968386866182   } 
   nonlocal_energy { 1.814602792748784   } 
   nonlocal_energyvar { 9.331262906405502   } 
   autocorr_energy { } 
} 

block { 
   label dmc
   totweight 6400000
   nautocorr 0
   total_energy { -10.09155106484781   } 
   total_energyvar { 0.05935603128351374   } 
   weight { 0.9988038887494179   } 
   weightvar { 0.09014563168961887   } 
   kinetic_energy { 3.893992402251513   } 
   kinetic_energyvar { 3.70369205991898   } 
   potential_energy { -15.77890122588884   } 
   potential_energyvar { 8.852916153861202   } 
   nonlocal_energy { 1.793357758789521   } 
   nonlocal_energyvar { 9.013511144600201   } 
   autocorr_energy { } 
} 

block { 
   label dmc
   totweight 6400000
   nautocorr 0
   total_energy { -10.09021651235542   } 
   total_energyvar { 0.06063657111363341   } 
   weight { 0.9987168241256889   } 
   weightvar { 0.09043997735271125   } 
   kinetic_energy { 3.868224428677187   } 
   kinetic_energyvar { 3.737417014762272   } 
   potential_energy { -15.77821278571278   } 
   potential_energyvar { 9.001553764315702   } 
   nonlocal_energy { 1.81977184468018   } 
   nonlocal_energyvar { 9.43109350221831   } 
   autocorr_energy { } 
} 

block { 
   label dmc
   totweight 6400000
   nautocorr 0
   total_energy { -10.09115833749972   } 
   total_energyvar { 0.05991612799191159   } 
   weight { 0.9997587637737233   } 
   weightvar { 0.0895267078194355   } 
   kinetic_energy { 3.86062834967186   } 
   kinetic_energyvar { 3.755499010547613   } 
   potential_energy { -15.69919959476952   } 
   potential_energyvar { 8.840481216291721   } 
   nonlocal_energy { 1.747412907597939   } 
   nonlocal_energyvar { 8.925699930291593   } 
   autocorr_energy { } 
} 

block { 
   label dmc
   totweight 6400000
   nautocorr 0
   total_energy { -10.0903278331896   } 
   total_energyvar { 0.05838459323712186   } 
   weight { 0.9997495520981344   } 
   weightvar { 0.08999187131690356   } 
   kinetic_energy { 3.861030683336428   } 
   kinetic_energyvar { 3.723602465550611   } 
   potential_energy { -15.71958194227856   } 
   potential_energyvar { 8.860171748239708   } 
   nonlocal_energy { 1.768223425752525   } 
   nonlocal_energyvar { 8.836673938414675   } 
   autocorr_energy { } 
} 

block { 
   label dmc
   totweight 6400000
   nautocorr 0
   total_energy { -10.0898464718654   } 
   total_energyvar { 0.06047439846138047   } 
   weight { 0.9989459963390538   } 
   weightvar { 0.09140884744295175   } 
   kinetic_energy { 3.85340196164154   } 
   kinetic_energyvar { 3.811050167878687   } 
   potential_energy { -15.75668919877921   } 
   potential_energyvar { 8.865231683358559   } 
   nonlocal_energy { 1.813440765272277   } 
   nonlocal_energyvar { 9.322464836692987   } 
   autocorr_energy { } 
} 

block { 
   label dmc
   totweight 6400000
   nautocorr 0
   total_energy { -10.09114332905299   } 
   total_energyvar { 0.05794550820641575   } 
   weight { 0.9990382911112823   } 
   weightvar { 0.09017433759309246   } 
   kinetic_energy { 3.903274009228453   } 
   kinetic_energyvar { 3.672469295443054   } 
   potential_energy { -15.80426356430339   } 
   potential_energyvar { 8.938973501739383   } 
   nonlocal_energy { 1.80984622602195   } 
   nonlocal_energyvar { 9.070082996242842   } 
   autocorr_energy { } 
} 

block { 
   label dmc
   totweight 6400000
   nautocorr 0
   total_energy { -10.09020379891919   } 
   total_energyvar { 0.05750775797184815   } 
   weight { 0.9996693785641949   } 
   weightvar { 0.0909199523422547   } 
   kinetic_energy { 3.874490612534225   } 
   kinetic_energyvar { 3.7624894957883   } 
   potential_energy { -15.76925634502584   } 
   potential_energyvar { 9.012643193242042   } 
   nonlocal_energy { 1.804561933572425   } 
   nonlocal_energyvar { 9.060841038857992   } 
   autocorr_energy { } 
} 

block { 
   label dmc
   totweight 6400000
   nautocorr 0
   total_energy { -10.09114198682322   } 
   total_energyvar { 0.06011163054330382   } 
   weight { 0.9996391371484286   } 
   weightvar { 0.09300658011467067   } 
   kinetic_energy { 3.886070580720259   } 
   kinetic_energyvar { 3.7228042667487   } 
   potential_energy { -15.77259737750772   } 
   potential_energyvar { 8.919015293374656   } 
   nonlocal_energy { 1.795384809964239   } 
   nonlocal_energyvar { 9.019613658822534   } 
   autocorr_energy { } 
} 

block { 
   label dmc
   totweight 6400000
   nautocorr 0
   total_energy { -10.08971542907283   } 
   total_energyvar { 0.05933856242758395   } 
   weight { 0.9994389435617193   } 
   weightvar { 0.09321826862238514   } 
   kinetic_energy { 3.890559080658272   } 
   kinetic_energyvar { 3.729066918149634   } 
   potential_energy { -15.77449585157669   } 
   potential_energyvar { 9.006710113720231   } 
   nonlocal_energy { 1.794221341845591   } 
   nonlocal_energyvar { 9.142752004767962   } 
   autocorr_energy { } 
} 

block { 
   label dmc
   totweight 6400000
   nautocorr 0
   total_energy { -10.08968873577377   } 
   total_energyvar { 0.06049737026646085   } 
   weight { 0.9988330196706818   } 
   weightvar { 0.09284383065981405   } 
   kinetic_energy { 3.88436280800922   } 
   kinetic_energyvar { 3.789467611294331   } 
   potential_energy { -15.79858155437562   } 
   potential_energyvar { 8.929585664578894   } 
   nonlocal_energy { 1.824530010592632   } 
   nonlocal_energyvar { 9.366366145834307   } 
   autocorr_energy { } 
} 

block { 
   label dmc
   totweight 6400000
   nautocorr 0
   total_energy { -10.09073950964375   } 
   total_energyvar { 0.05797553571363778   } 
   weight { 0.9992937334374692   } 
   weightvar { 0.09297222160914664   } 
   kinetic_energy { 3.862825328621807   } 
   kinetic_energyvar { 3.758138244937516   } 
   potential_energy { -15.75138602187006   } 
   potential_energyvar { 9.021997426547188   } 
   nonlocal_energy { 1.797821183604498   } 
   nonlocal_energyvar { 9.194211691456417   } 
   autocorr_energy { } 
} 

block { 
   label dmc
   totweight 6400000
   nautocorr 0
   total_energy { -10.09151497093879   } 
   total_energyvar { 0.05784140865948473   } 
   weight { 0.9993885559124446   } 
   weightvar { 0.09432054562239733   } 
   kinetic_energy { 3.875058563426315   } 
   kinetic_energyvar { 3.736382046987714   } 
   potential_energy { -15.75971390516025   } 
   potential_energyvar { 8.945067303629486   } 
   nonlocal_energy { 1.793140370795139   } 
   nonlocal_energyvar { 9.140830976779254   } 
   autocorr_energy { } 
} 

block { 
   label dmc
   totweight 6400000
   nautocorr 0
   total_energy { -10.08913950575461   } 
   total_energyvar { 0.06086267573402893   } 
   weight { 0.9994268827295025   } 
   weightvar { 0.09333268990380816   } 
   kinetic_energy { 3.883995754527859   } 
   kinetic_energyvar { 3.7695211445868   } 
   potential_energy { -15.78278873932008   } 
   potential_energyvar { 9.058100350171884   } 
   nonlocal_energy { 1.809653479037613   } 
   nonlocal_energyvar { 9.324675630257691   } 
   autocorr_energy { } 
} 

block { 
   label dmc
   totweight 6400000
   nautocorr 0
   total_energy { -10.09100960308688   } 
   total_energyvar { 0.06494171824080297   } 
   weight { 0.9994366128493082   } 
   weightvar { 0.09317743697655523   } 
   kinetic_energy { 3.87902814174038   } 
   kinetic_energyvar { 3.786406244704343   } 
   potential_energy { -15.76985865147961   } 
   potential_energyvar { 8.842682457619901   } 
   nonlocal_energy { 1.799820906652345   } 
   nonlocal_energyvar { 9.035907288371076   } 
   autocorr_energy { } 
} 

block { 
   label dmc
   totweight 6400000
   nautocorr 0
   total_energy { -10.09063871266494   } 
   total_energyvar { 0.05987846052435941   } 
   weight { 0.9997002254651706   } 
   weightvar { 0.09374778797598282   } 
   kinetic_energy { 3.863030415381466   } 
   kinetic_energyvar { 3.719509050223946   } 
   potential_energy { -15.74974415308179   } 
   potential_energyvar { 8.965931670715804   } 
   nonlocal_energy { 1.796075025035378   } 
   nonlocal_energyvar { 9.118739696529332   } 
   autocorr_energy { } 
} 

block { 
   label dmc
   totweight 6400000
   nautocorr 0
   total_energy { -10.0907943569708   } 
   total_energyvar { 0.05953219630188755   } 
   weight { 0.9992253902850341   } 
   weightvar { 0.09363443012854533   } 
   kinetic_energy { 3.869465697088822   } 
   kinetic_energyvar { 3.861437844806201   } 
   potential_energy { -15.76041575359337   } 
   potential_energyvar { 9.018362685808569   } 
   nonlocal_energy { 1.800155699533745   } 
   nonlocal_energyvar { 9.212151831357739   } 
   autocorr_energy { } 
} 

block { 
   label dmc
   totweight 6400000
   nautocorr 0
   total_energy { -10.08909269558796   } 
   total_energyvar { 0.05971068223379916   } 
   weight { 0.9989475659247924   } 
   weightvar { 0.09307500316441297   } 
   kinetic_energy { 3.904560373914541   } 
   kinetic_energyvar { 3.765684017019154   } 
   potential_energy { -15.80692702792101   } 
   potential_energyvar { 8.817682468554182   } 
   nonlocal_energy { 1.813273958418514   } 
   nonlocal_energyvar { 9.291727624024968   } 
   autocorr_energy { } 
} 

block { 
   label dmc
   totweight 6400000
   nautocorr 0
   total_energy { -10.09084573574442   } 
   total_energyvar { 0.05939226642858841   } 
   weight { 0.999345100025652   } 
   weightvar { 0.09230342213595344   } 
   kinetic_energy { 3.906844302330699   } 
   kinetic_energyvar { 3.878127924709659   } 
   potential_energy { -15.80878316018671   } 
   potential_energyvar { 9.054945607264756   } 
   nonlocal_energy { 1.811093122111596   } 
   nonlocal_energyvar { 9.41286617177424   } 
   autocorr_energy { } 
} 

block { 
   label dmc
   totweight 6400000
   nautocorr 0
   total_energy { -10.09283178502487   } 
   total_energyvar { 0.05863193038671   } 
   weight { 1.000222505930903   } 
   weightvar { 0.09284010862334835   } 
   kinetic_energy { 3.914032664219876   } 
   kinetic_energyvar { 3.707671781138567   } 
   potential_energy { -15.80978062773693   } 
   potential_energyvar { 8.749475011308789   } 
   nonlocal_energy { 1.802916178492179   } 
   nonlocal_energyvar { 8.950558474208126   } 
   autocorr_energy { } 
} 

block { 
   label dmc
   totweight 6400000
   nautocorr 0
   total_energy { -10.09210029655271   } 
   total_energyvar { 0.06029384551725059   } 
   weight { 1.000939601713752   } 
   weightvar { 0.09355907252036832   } 
   kinetic_energy { 3.921929499974218   } 
   kinetic_energyvar { 3.683947777985301   } 
   potential_energy { -15.82203311794862   } 
   potential_energyvar { 8.973089962111686   } 
   nonlocal_energy { 1.808003321421698   } 
   nonlocal_energyvar { 9.334128218573897   } 
   autocorr_energy { } 
} 

block { 
   label dmc
   totweight 6400000
   nautocorr 0
   total_energy { -10.09215050880822   } 
   total_energyvar { 0.06054692316641308   } 
   weight { 1.000659101265843   } 
   weightvar { 0.09338999252899871   } 
   kinetic_energy { 3.898644496440154   } 
   kinetic_energyvar { 3.762416290618628   } 
   potential_energy { -15.80486705258465   } 
   potential_energyvar { 8.921089939735623   } 
   nonlocal_energy { 1.814072047336271   } 
   nonlocal_energyvar { 9.297190714439632   } 
   autocorr_energy { } 
} 

block { 
   label dmc
   totweight 6400000
   nautocorr 0
   total_energy { -10.0897766259115   } 
   total_energyvar { 0.05843300795127959   } 
   weight { 1.000283432905717   } 
   weightvar { 0.09172979862488129   } 
   kinetic_energy { 3.868398994892279   } 
   kinetic_energyvar { 3.699708780418652   } 
   potential_energy { -15.71986491786043   } 
   potential_energyvar { 8.904882884789203   } 
   nonlocal_energy { 1.761689297056655   } 
   nonlocal_energyvar { 8.982090865491649   } 
   autocorr_energy { } 
} 

block { 
   label dmc
   totweight 6400000
   nautocorr 0
   total_energy { -10.08846311653966   } 
   total_energyvar { 0.05903158551367937   } 
   weight { 0.9989979904530234   } 
   weightvar { 0.09409573893643985   } 
   kinetic_energy { 3.873372894489373   } 
   kinetic_energyvar { 3.73699931995081   } 
   potential_energy { -15.73309336601665   } 
   potential_energyvar { 8.790884391748989   } 
   nonlocal_energy { 1.771257354987612   } 
   nonlocal_energyvar { 8.868017595843451   } 
   autocorr_energy { } 
} 

block { 
   label dmc
   totweight 6400000
   nautocorr 0
   total_energy { -10.08991745297819   } 
   total_energyvar { 0.06010441186600701   } 
   weight { 0.998220087864059   } 
   weightvar { 0.0947221492998167   } 
   kinetic_energy { 3.883719474118725   } 
   kinetic_energyvar { 3.828772054611971   } 
   potential_energy { -15.78082587118096   } 
   potential_energyvar { 9.01072782894073   } 
   nonlocal_energy { 1.807188944084049   } 
   nonlocal_energyvar { 9.168412455242095   } 
   autocorr_energy { } 
} 

block { 
   label dmc
   totweight 6400000
   nautocorr 0
   total_energy { -10.08890884495986   } 
   total_energyvar { 0.06036363158247582   } 
   weight { 0.9979878958058257   } 
   weightvar { 0.09574000747341516   } 
   kinetic_energy { 3.902217264776924   } 
   kinetic_energyvar { 3.752649615576834   } 
   potential_energy { -15.80521522970255   } 
   potential_energyvar { 8.963109517307174   } 
   nonlocal_energy { 1.81408911996576   } 
   nonlocal_energyvar { 9.299178388190686   } 
   autocorr_energy { } 
} 

block { 
   label dmc
   totweight 6400000
   nautocorr 0
   total_energy { -10.08861853689036   } 
   total_energyvar { 0.06060198336558642   } 
   weight { 0.9977814074612019   } 
   weightvar { 0.09582964838837305   } 
   kinetic_energy { 3.890501455908538   } 
   kinetic_energyvar { 3.863568752423273   } 
   potential_energy { -15.80696555913507   } 
   potential_energyvar { 9.22818771657046   } 
   nonlocal_energy { 1.827845566336173   } 
   nonlocal_energyvar { 9.574726410737242   } 
   autocorr_energy { } 
} 

block { 
   label dmc
   totweight 6400000
   nautocorr 0
   total_energy { -10.09185594407757   } 
   total_energyvar { 0.06034669855084474   } 
   weight { 0.9989649087220125   } 
   weightvar { 0.09661005913236376   } 
   kinetic_energy { 3.882555695432084   } 
   kinetic_energyvar { 3.737196755993173   } 
   potential_energy { -15.74573776190969   } 
   potential_energyvar { 8.913622536111973   } 
   nonlocal_energy { 1.771326122400039   } 
   nonlocal_energyvar { 9.016140283406065   } 
   autocorr_energy { } 
} 

block { 
   label dmc
   totweight 6400000
   nautocorr 0
   total_energy { -10.09015711829128   } 
   total_energyvar { 0.05839992359130974   } 
   weight { 0.9993129516281429   } 
   weightvar { 0.09364082321857337   } 
   kinetic_energy { 3.894407373711267   } 
   kinetic_energyvar { 3.671869851172156   } 
   potential_energy { -15.77215318386764   } 
   potential_energyvar { 8.856202282499822   } 
   nonlocal_energy { 1.787588691865093   } 
   nonlocal_energyvar { 8.976886228661872   } 
   autocorr_energy { } 
} 

block { 
   label dmc
   totweight 6400000
   nautocorr 0
   total_energy { -10.08843715202375   } 
   total_energyvar { 0.06234915914616579   } 
   weight { 0.9987609586535058   } 
   weightvar { 0.09381698017000417   } 
   kinetic_energy { 3.882437164470075   } 
   kinetic_energyvar { 3.941862512312408   } 
   potential_energy { -15.80552576765741   } 
   potential_energyvar { 9.197577964684172   } 
   nonlocal_energy { 1.834651451163591   } 
   nonlocal_energyvar { 9.819777762832839   } 
   autocorr_energy { } 
} 

block { 
   label dmc
   totweight 6400000
   nautocorr 0
   total_energy { -10.09106872959379   } 
   total_energyvar { 0.05903836782714222   } 
   weight { 0.9985822109397399   } 
   weightvar { 0.09278905184284914   } 
   kinetic_energy { 3.898515279377582   } 
   kinetic_energyvar { 3.746147474396   } 
   potential_energy { -15.77166855315134   } 
   potential_energyvar { 8.838509658822744   } 
   nonlocal_energy { 1.782084544179972   } 
   nonlocal_energyvar { 8.941804309226415   } 
   autocorr_energy { } 
} 

block { 
   label dmc
   totweight 6400000
   nautocorr 0
   total_energy { -10.09241093500945   } 
   total_energyvar { 0.05918936527679364   } 
   weight { 1.00035772877431   } 
   weightvar { 0.09263068626961335   } 
   kinetic_energy { 3.917099937733854   } 
   kinetic_energyvar { 3.673690844003232   } 
   potential_energy { -15.82422148538812   } 
   potential_energyvar { 8.807907678229611   } 
   nonlocal_energy { 1.814710612644818   } 
   nonlocal_energyvar { 8.970654505988913   } 
   autocorr_energy { } 
} 

block { 
   label dmc
   totweight 6400000
   nautocorr 0
   total_energy { -10.08936308015312   } 
   total_energyvar { 0.06096385265955462   } 
   weight { 0.9996178733446595   } 
   weightvar { 0.09221979615958553   } 
   kinetic_energy { 3.907350302190333   } 
   kinetic_energyvar { 3.725234077437676   } 
   potential_energy { -15.82756935271301   } 
   potential_energyvar { 9.094090157403201   } 
   nonlocal_energy { 1.830855970369557   } 
   nonlocal_energyvar { 9.335259490003425   } 
   autocorr_energy { } 
} 

block { 
   label dmc
   totweight 6400000
   nautocorr 0
   total_energy { -10.08744861388895   } 
   total_energyvar { 0.06057504174668793   } 
   weight { 0.9981348478494525   } 
   weightvar { 0.09160032452067801   } 
   kinetic_energy { 3.878038055208913   } 
   kinetic_energyvar { 3.822231401364808   } 
   potential_energy { -15.78234483299174   } 
   potential_energyvar { 9.073988419362678   } 
   nonlocal_energy { 1.816858163893881   } 
   nonlocal_energyvar { 9.382948315230653   } 
   autocorr_energy { } 
} 

block { 
   label dmc
   totweight 6400000
   nautocorr 0
   total_energy { -10.0891181707395   } 
   total_energyvar { 0.05855144019048453   } 
   weight { 0.9978076027869528   } 
   weightvar { 0.09054004658325443   } 
   kinetic_energy { 3.899818861081977   } 
   kinetic_energyvar { 3.647829588169349   } 
   potential_energy { -15.77438865974473   } 
   potential_energyvar { 8.767282780201043   } 
   nonlocal_energy { 1.785451627923252   } 
   nonlocal_energyvar { 8.831661690761869   } 
   autocorr_energy { } 
} 

block { 
   label dmc
   totweight 6400000
   nautocorr 0
   total_energy { -10.0896179466572   } 
   total_energyvar { 0.06006382694720003   } 
   weight { 0.9980364956772056   } 
   weightvar { 0.09102930855773006   } 
   kinetic_energy { 3.894130629415305   } 
   kinetic_energyvar { 3.73713228236265   } 
   potential_energy { -15.80547421272162   } 
   potential_energyvar { 8.85433724342542   } 
   nonlocal_energy { 1.821725636649117   } 
   nonlocal_energyvar { 9.160384530560908   } 
   autocorr_energy { } 
} 

block { 
   label dmc
   totweight 6400000
   nautocorr 0
   total_energy { -10.09149926854596   } 
   total_energyvar { 0.06200716500958947   } 
   weight { 0.9992001483091889   } 
   weightvar { 0.09181621940972351   } 
   kinetic_energy { 3.890212878428204   } 
   kinetic_energyvar { 3.657818449444152   } 
   potential_energy { -15.7647505198163   } 
   potential_energyvar { 8.797859783253955   } 
   nonlocal_energy { 1.783038372842137   } 
   nonlocal_energyvar { 9.020398139191705   } 
   autocorr_energy { } 
} 

block { 
   label dmc
   totweight 6400000
   nautocorr 0
   total_energy { -10.09064101555942   } 
   total_energyvar { 0.06126988130594668   } 
   weight { 0.9997784154579127   } 
   weightvar { 0.09343774059256316   } 
   kinetic_energy { 3.905590220213349   } 
   kinetic_energyvar { 3.797145535117473   } 
   potential_energy { -15.84427071515934   } 
   potential_energyvar { 9.183254558655591   } 
   nonlocal_energy { 1.848039479386571   } 
   nonlocal_energyvar { 9.818809232668906   } 
   autocorr_energy { } 
} 

block { 
   label dmc
   totweight 6400000
   nautocorr 0
   total_energy { -10.09118148706307   } 
   total_energyvar { 0.06019331025672159   } 
   weight { 0.9997689100524824   } 
   weightvar { 0.0940773550883921   } 
   kinetic_energy { 3.90425986838761   } 
   kinetic_energyvar { 3.843402997585001   } 
   potential_energy { -15.81794530180366   } 
   potential_energyvar { 8.8972003175937   } 
   nonlocal_energy { 1.822503946352984   } 
   nonlocal_energyvar { 9.33130308195833   } 
   autocorr_energy { } 
} 

block { 
   label dmc
   totweight 6400000
   nautocorr 0
   total_energy { -10.09127961533309   } 
   total_energyvar { 0.05914113610960214   } 
   weight { 0.9997324681069428   } 
   weightvar { 0.09209255024089569   } 
   kinetic_energy { 3.90601591428311   } 
   kinetic_energyvar { 3.744976956092675   } 
   potential_energy { -15.82583267180934   } 
   potential_energyvar { 8.930205794178079   } 
   nonlocal_energy { 1.828537142193139   } 
   nonlocal_energyvar { 9.244052952197956   } 
   autocorr_energy { } 
} 

block { 
   label dmc
   totweight 6400000
   nautocorr 0
   total_energy { -10.09251003208078   } 
   total_energyvar { 0.05937075872436992   } 
   weight { 1.000546955424283   } 
   weightvar { 0.09094418843579954   } 
   kinetic_energy { 3.881884661808537   } 
   kinetic_energyvar { 3.9096559271996   } 
   potential_energy { -15.76105836423804   } 
   potential_energyvar { 9.148574898473299   } 
   nonlocal_energy { 1.786663670348729   } 
   nonlocal_energyvar { 9.098098268596884   } 
   autocorr_energy { } 
} 

block { 
   label dmc
   totweight 6400000
   nautocorr 0
   total_energy { -10.08993324162136   } 
   total_energyvar { 0.05872121632710048   } 
   weight { 1.000614519920621   } 
   weightvar { 0.09081136776516319   } 
   kinetic_energy { 3.885326935880772   } 
   kinetic_energyvar { 3.681300653899941   } 
   potential_energy { -15.78161176931446   } 
   potential_energyvar { 8.883702904098698   } 
   nonlocal_energy { 1.806351591812332   } 
   nonlocal_energyvar { 8.998871887802849   } 
   autocorr_energy { } 
} 

block { 
   label dmc
   totweight 6400000
   nautocorr 0
   total_energy { -10.08980885344549   } 
   total_energyvar { 0.05883485032549629   } 
   weight { 0.9989773025208663   } 
   weightvar { 0.09013502633619908   } 
   kinetic_energy { 3.885293978459497   } 
   kinetic_energyvar { 3.754765747957691   } 
   potential_energy { -15.78225899887289   } 
   potential_energyvar { 9.004953106307909   } 
   nonlocal_energy { 1.807156166967903   } 
   nonlocal_energyvar { 9.32529562707964   } 
   autocorr_energy { } 
} 

block { 
   label dmc
   totweight 6400000
   nautocorr 0
   total_energy { -10.09183240297065   } 
   total_energyvar { 0.05708487377178528   } 
   weight { 0.9998578949735557   } 
   weightvar { 0.09120882492643634   } 
   kinetic_energy { 3.902137873987075   } 
   kinetic_energyvar { 3.805405995989577   } 
   potential_energy { -15.76773801137354   } 
   potential_energyvar { 8.833867973884225   } 
   nonlocal_energy { 1.773767734415817   } 
   nonlocal_energyvar { 9.072226254360787   } 
   autocorr_energy { } 
} 

block { 
   label dmc
   totweight 6400000
   nautocorr 0
   total_energy { -10.0900628548587   } 
   total_energyvar { 0.05806197312365668   } 
   weight { 0.9999238893121452   } 
   weightvar { 0.09128398682007555   } 
   kinetic_energy { 3.885181359571627   } 
   kinetic_energyvar { 3.72103517368758   } 
   potential_energy { -15.74886414050872   } 
   potential_energyvar { 8.742227475707381   } 
   nonlocal_energy { 1.773619926078396   } 
   nonlocal_energyvar { 8.849541165073301   } 
   autocorr_energy { } 
} 

block { 
   label dmc
   totweight 6400000
   nautocorr 0
   total_energy { -10.09133371388322   } 
   total_energyvar { 0.05982628528792588   } 
   weight { 0.9997413884373475   } 
   weightvar { 0.09052326063870686   } 
   kinetic_energy { 3.875503896646006   } 
   kinetic_energyvar { 3.681679827244887   } 
   potential_energy { -15.74372576438633   } 
   potential_energyvar { 8.803901562418105   } 
   nonlocal_energy { 1.776888153857097   } 
   nonlocal_energyvar { 9.032679389197597   } 
   autocorr_energy { } 
} 

block { 
   label dmc
   totweight 6400000
   nautocorr 0
   total_energy { -10.09137969594795   } 
   total_energyvar { 0.06104005281686398   } 
   weight { 1.00011473447935   } 
   weightvar { 0.09070753709431512   } 
   kinetic_energy { 3.908194702203147   } 
   kinetic_energyvar { 3.824580631583375   } 
   potential_energy { -15.79701008540859   } 
   potential_energyvar { 8.945106184957638   } 
   nonlocal_energy { 1.797435687257497   } 
   nonlocal_energyvar { 9.329785784694021   } 
   autocorr_energy { } 
} 

block { 
   label dmc
   totweight 6400000
   nautocorr 0
   total_energy { -10.09355857674897   } 
   total_energyvar { 0.05888876023267642   } 
   weight { 1.000665416335696   } 
   weightvar { 0.08986481541315627   } 
   kinetic_energy { 3.902057112426867   } 
   kinetic_energyvar { 3.691708068454606   } 
   potential_energy { -15.77306778394981   } 
   potential_energyvar { 8.982190713204403   } 
   nonlocal_energy { 1.777452094773974   } 
   nonlocal_energyvar { 9.055082545027151   } 
   autocorr_energy { } 
} 

block { 
   label dmc
   totweight 6400000
   nautocorr 0
   total_energy { -10.09315664731183   } 
   total_energyvar { 0.06024379470173358   } 
   weight { 1.001767619420079   } 
   weightvar { 0.09140014943060937   } 
   kinetic_energy { 3.882683486199359   } 
   kinetic_energyvar { 3.705365820029002   } 
   potential_energy { -15.78172601334069   } 
   potential_energyvar { 8.942732875542163   } 
   nonlocal_energy { 1.805885879829498   } 
   nonlocal_energyvar { 9.091802328685775   } 
   autocorr_energy { } 
} 

block { 
   label dmc
   totweight 6400000
   nautocorr 0
   total_energy { -10.0884430645197   } 
   total_energyvar { 0.06346701995494186   } 
   weight { 1.000009216660648   } 
   weightvar { 0.09189710033920817   } 
   kinetic_energy { 3.844196192110847   } 
   kinetic_energyvar { 3.935997763922007   } 
   potential_energy { -15.77374849432624   } 
   potential_energyvar { 9.266491521528195   } 
   nonlocal_energy { 1.841109237695692   } 
   nonlocal_energyvar { 10.08043292714665   } 
   autocorr_energy { } 
} 

block { 
   label dmc
   totweight 6400000
   nautocorr 0
   total_energy { -10.09010120669177   } 
   total_energyvar { 0.06117388175374572   } 
   weight { 0.9987802022418409   } 
   weightvar { 0.09194672660847858   } 
   kinetic_energy { 3.857463885927008   } 
   kinetic_energyvar { 3.828058021204322   } 
   potential_energy { -15.74475858383952   } 
   potential_energyvar { 8.938603437563302   } 
   nonlocal_energy { 1.797193491220742   } 
   nonlocal_energyvar { 9.322508249505976   } 
   autocorr_energy { } 
} 

block { 
   label dmc
   totweight 6400000
   nautocorr 0
   total_energy { -10.08865109176312   } 
   total_energyvar { 0.06039419092762444   } 
   weight { 0.9979648041134552   } 
   weightvar { 0.09041890199860958   } 
   kinetic_energy { 3.875148692258216   } 
   kinetic_energyvar { 3.681497085945516   } 
   potential_energy { -15.78092178717896   } 
   potential_energyvar { 8.749862417905319   } 
   nonlocal_energy { 1.817122003157617   } 
   nonlocal_energyvar { 9.077344107332049   } 
   autocorr_energy { } 
} 

block { 
   label dmc
   totweight 6400000
   nautocorr 0
   total_energy { -10.09258748636233   } 
   total_energyvar { 0.05819334332795734   } 
   weight { 0.999769510219756   } 
   weightvar { 0.09103313173186878   } 
   kinetic_energy { 3.893746131003848   } 
   kinetic_energyvar { 3.683151994975267   } 
   potential_energy { -15.78316251708069   } 
   potential_energyvar { 8.791503266406465   } 
   nonlocal_energy { 1.796828899714511   } 
   nonlocal_energyvar { 8.963297136911075   } 
   autocorr_energy { } 
} 

block { 
   label dmc
   totweight 6400000
   nautocorr 0
   total_energy { -10.08977460312405   } 
   total_energyvar { 0.05884673438958998   } 
   weight { 0.999735106094842   } 
   weightvar { 0.09153353408573994   } 
   kinetic_energy { 3.866969469561852   } 
   kinetic_energyvar { 3.767025822805756   } 
   potential_energy { -15.74939766453804   } 
   potential_energyvar { 8.961722757342642   } 
   nonlocal_energy { 1.792653591852135   } 
   nonlocal_energyvar { 9.083620491605636   } 
   autocorr_energy { } 
} 

block { 
   label dmc
   totweight 6400000
   nautocorr 0
   total_energy { -10.08982854397405   } 
   total_energyvar { 0.05895614604705202   } 
   weight { 0.9990157743046851   } 
   weightvar { 0.09265929711112131   } 
   kinetic_energy { 3.870717386123546   } 
   kinetic_energyvar { 3.793534321485831   } 
   potential_energy { -15.7459298338886   } 
   potential_energyvar { 9.016880701381467   } 
   nonlocal_energy { 1.785383903791008   } 
   nonlocal_energyvar { 9.167598528137596   } 
   autocorr_energy { } 
} 

block { 
   label dmc
   totweight 6400000
   nautocorr 0
   total_energy { -10.09199211283226   } 
   total_energyvar { 0.0588531726288295   } 
   weight { 0.9996093676970352   } 
   weightvar { 0.09310817515328129   } 
   kinetic_energy { 3.883555692215945   } 
   kinetic_energyvar { 3.813112813759828   } 
   potential_energy { -15.73836610825376   } 
   potential_energyvar { 8.886430280427021   } 
   nonlocal_energy { 1.762818303205554   } 
   nonlocal_energyvar { 8.981935639726181   } 
   autocorr_energy { } 
} 

block { 
   label dmc
   totweight 6400000
   nautocorr 0
   total_energy { -10.08860552935217   } 
   total_energyvar { 0.06009279582349336   } 
   weight { 0.9993731272126536   } 
   weightvar { 0.09191215306649314   } 
   kinetic_energy { 3.875642751998828   } 
   kinetic_energyvar { 3.659977877410856   } 
   potential_energy { -15.7277374573539   } 
   potential_energyvar { 8.743928515011191   } 
   nonlocal_energy { 1.7634891760029   } 
   nonlocal_energyvar { 8.662246292842131   } 
   autocorr_energy { } 
} 

block { 
   label dmc
   totweight 6400000
   nautocorr 0
   total_energy { -10.09148378937711   } 
   total_energyvar { 0.05940041782733374   } 
   weight { 0.9989155381087175   } 
   weightvar { 0.0927707985795444   } 
   kinetic_energy { 3.887379313895882   } 
   kinetic_energyvar { 3.775871998053013   } 
   potential_energy { -15.77372996684709   } 
   potential_energyvar { 8.88628415840904   } 
   nonlocal_energy { 1.794866863574094   } 
   nonlocal_energyvar { 9.128193756022245   } 
   autocorr_energy { } 
} 

block { 
   label dmc
   totweight 6400000
   nautocorr 0
   total_energy { -10.09066587931054   } 
   total_energyvar { 0.0587268521085349   } 
   weight { 0.9999888254660094   } 
   weightvar { 0.0932966756638981   } 
   kinetic_energy { 3.890863787783766   } 
   kinetic_energyvar { 3.751229309675129   } 
   potential_energy { -15.76113799374629   } 
   potential_energyvar { 8.904172298976192   } 
   nonlocal_energy { 1.779608326651992   } 
   nonlocal_energyvar { 9.026214529849877   } 
   autocorr_energy { } 
} 

block { 
   label dmc
   totweight 6400000
   nautocorr 0
   total_energy { -10.08790357291883   } 
   total_energyvar { 0.0601064714720394   } 
   weight { 0.9984685289183447   } 
   weightvar { 0.09529258713705424   } 
   kinetic_energy { 3.870280139862023   } 
   kinetic_energyvar { 3.736306344192343   } 
   potential_energy { -15.77382852308923   } 
   potential_energyvar { 9.229782274122215   } 
   nonlocal_energy { 1.815644810308374   } 
   nonlocal_energyvar { 9.421256521407498   } 
   autocorr_energy { } 
} 

block { 
   label dmc
   totweight 6400000
   nautocorr 0
   total_energy { -10.09064310466702   } 
   total_energyvar { 0.05627066084559829   } 
   weight { 0.9984340947695042   } 
   weightvar { 0.09348892743765724   } 
   kinetic_energy { 3.872181687144781   } 
   kinetic_energyvar { 3.710167771371257   } 
   potential_energy { -15.76703495887401   } 
   potential_energyvar { 8.842459211289707   } 
   nonlocal_energy { 1.804210167062209   } 
   nonlocal_energyvar { 8.984224636301366   } 
   autocorr_energy { } 
} 

block { 
   label dmc
   totweight 6400000
   nautocorr 0
   total_energy { -10.09064921537959   } 
   total_energyvar { 0.05962845142491346   } 
   weight { 0.9991899283261247   } 
   weightvar { 0.09223377161430135   } 
   kinetic_energy { 3.885462778035245   } 
   kinetic_energyvar { 3.763717554642637   } 
   potential_energy { -15.80408660154973   } 
   potential_energyvar { 8.969328812338176   } 
   nonlocal_energy { 1.827974608134898   } 
   nonlocal_energyvar { 9.664550615933411   } 
   autocorr_energy { } 
} 

block { 
   label dmc
   totweight 6400000
   nautocorr 0
   total_energy { -10.0891658850896   } 
   total_energyvar { 0.05819526914055473   } 
   weight { 0.9988030138182806   } 
   weightvar { 0.09106451340936128   } 
   kinetic_energy { 3.889443170943826   } 
   kinetic_energyvar { 3.753702208505503   } 
   potential_energy { -15.78061979404935   } 
   potential_energyvar { 8.970885359481912   } 
   nonlocal_energy { 1.802010738015923   } 
   nonlocal_energyvar { 9.349637504012758   } 
   autocorr_energy { } 
} 

block { 
   label dmc
   totweight 6400000
   nautocorr 0
   total_energy { -10.08762663916586   } 
   total_energyvar { 0.05879712763210421   } 
   weight { 0.9979281276369648   } 
   weightvar { 0.09209314055629192   } 
   kinetic_energy { 3.884600016562001   } 
   kinetic_energyvar { 3.759163286524732   } 
   potential_energy { -15.75246604357148   } 
   potential_energyvar { 8.77317019418922   } 
   nonlocal_energy { 1.780239387843616   } 
   nonlocal_energyvar { 8.953162874731103   } 
   autocorr_energy { } 
} 

block { 
   label dmc
   totweight 6400000
   nautocorr 0
   total_energy { -10.08967685140122   } 
   total_energyvar { 0.06053211395209246   } 
   weight { 0.9981343157434623   } 
   weightvar { 0.0939662614149448   } 
   kinetic_energy { 3.883298289381725   } 
   kinetic_energyvar { 3.757168100036241   } 
   potential_energy { -15.78044833175663   } 
   potential_energyvar { 8.966714353747477   } 
   nonlocal_energy { 1.807473190973689   } 
   nonlocal_energyvar { 9.314961903603646   } 
   autocorr_energy { } 
} 

block { 
   label dmc
   totweight 6400000
   nautocorr 0
   total_energy { -10.08971853033287   } 
   total_energyvar { 0.05851267656153425   } 
   weight { 0.9982690803963057   } 
   weightvar { 0.09219814745694854   } 
   kinetic_energy { 3.895164462370853   } 
   kinetic_energyvar { 3.736230529202357   } 
   potential_energy { -15.77695231541772   } 
   potential_energyvar { 8.874467375938735   } 
   nonlocal_energy { 1.792069322713997   } 
   nonlocal_energyvar { 8.976165579901448   } 
   autocorr_energy { } 
} 

block { 
   label dmc
   totweight 6400000
   nautocorr 0
   total_energy { -10.09401534228767   } 
   total_energyvar { 0.05716314785165366   } 
   weight { 1.000213899285277   } 
   weightvar { 0.09205608906639151   } 
   kinetic_energy { 3.906101741174678   } 
   kinetic_energyvar { 3.629537339062303   } 
   potential_energy { -15.7854964420644   } 
   potential_energyvar { 8.80651897449394   } 
   nonlocal_energy { 1.785379358602052   } 
   nonlocal_energyvar { 8.833248064670855   } 
   autocorr_energy { } 
} 

block { 
   label dmc
   totweight 6400000
   nautocorr 0
   total_energy { -10.08636901234137   } 
   total_energyvar { 0.06151024843168784   } 
   weight { 0.9992482939278343   } 
   weightvar { 0.08989442716422147   } 
   kinetic_energy { 3.855139420906552   } 
   kinetic_energyvar { 3.805105601179708   } 
   potential_energy { -15.75371865987614   } 
   potential_energyvar { 9.031873171323809   } 
   nonlocal_energy { 1.812210226628217   } 
   nonlocal_energyvar { 9.426712510136944   } 
   autocorr_energy { } 
} 

block { 
   label dmc
   totweight 6400000
   nautocorr 0
   total_energy { -10.09067600348011   } 
   total_energyvar { 0.06462840657765412   } 
   weight { 0.9983425201152035   } 
   weightvar { 0.09008651524778766   } 
   kinetic_energy { 3.875673604271094   } 
   kinetic_energyvar { 3.745853124179202   } 
   potential_energy { -15.77932195579429   } 
   potential_energyvar { 8.934625306280736   } 
   nonlocal_energy { 1.812972348043081   } 
   nonlocal_energyvar { 9.219124595281047   } 
   autocorr_energy { } 
} 

block { 
   label dmc
   totweight 6400000
   nautocorr 0
   total_energy { -10.08972098991996   } 
   total_energyvar { 0.06003624807941321   } 
   weight { 0.9989735088559413   } 
   weightvar { 0.09093757147205939   } 
   kinetic_energy { 3.882102222177306   } 
   kinetic_energyvar { 3.881130173871979   } 
   potential_energy { -15.76763211561218   } 
   potential_energyvar { 8.935044687765185   } 
   nonlocal_energy { 1.795808903514915   } 
   nonlocal_energyvar { 9.199272598600153   } 
   autocorr_energy { } 
} 

block { 
   label dmc
   totweight 6400000
   nautocorr 0
   total_energy { -10.08977451763301   } 
   total_energyvar { 0.05964505525099639   } 
   weight { 0.9981533369031697   } 
   weightvar { 0.0906733759816194   } 
   kinetic_energy { 3.898971617699095   } 
   kinetic_energyvar { 3.723899625319618   } 
   potential_energy { -15.78019692225906   } 
   potential_energyvar { 9.019459815430565   } 
   nonlocal_energy { 1.791450786926948   } 
   nonlocal_energyvar { 9.105393724692814   } 
   autocorr_energy { } 
} 

block { 
   label dmc
   totweight 6400000
   nautocorr 0
   total_energy { -10.09250807426996   } 
   total_energyvar { 0.05765261632967622   } 
   weight { 0.9997921360775109   } 
   weightvar { 0.08924845753378152   } 
   kinetic_energy { 3.883880052931899   } 
   kinetic_energyvar { 3.69483191969133   } 
   potential_energy { -15.75849088246462   } 
   potential_energyvar { 8.832704605550305   } 
   nonlocal_energy { 1.782102755262753   } 
   nonlocal_energyvar { 8.867086194356309   } 
   autocorr_energy { } 
} 

block { 
   label dmc
   totweight 6400000
   nautocorr 0
   total_energy { -10.09060758292697   } 
   total_energyvar { 0.0594967289842856   } 
   weight { 0.9999961442238482   } 
   weightvar { 0.09018450781871268   } 
   kinetic_energy { 3.859187222994701   } 
   kinetic_energyvar { 3.684642285749725   } 
   potential_energy { -15.74365872363832   } 
   potential_energyvar { 8.907246417437335   } 
   nonlocal_energy { 1.793863917716642   } 
   nonlocal_energyvar { 9.215120543533599   } 
   autocorr_energy { } 
} 

block { 
   label dmc
   totweight 6400000
   nautocorr 0
   total_energy { -10.09034573364847   } 
   total_energyvar { 0.05938587856850575   } 
   weight { 0.9997842933491237   } 
   weightvar { 0.09070438443438822   } 
   kinetic_energy { 3.865044098825528   } 
   kinetic_energyvar { 3.726405876796308   } 
   potential_energy { -15.73104183276545   } 
   potential_energyvar { 8.84433660012121   } 
   nonlocal_energy { 1.775652000291453   } 
   nonlocal_energyvar { 8.964081450855536   } 
   autocorr_energy { } 
} 

block { 
   label dmc
   totweight 6400000
   nautocorr 0
   total_energy { -10.0883468736212   } 
   total_energyvar { 0.05840490122129438   } 
   weight { 0.9987313081823063   } 
   weightvar { 0.09042034226809748   } 
   kinetic_energy { 3.882371620619451   } 
   kinetic_energyvar { 3.651804496605674   } 
   potential_energy { -15.76247532376193   } 
   potential_energyvar { 8.783999012371225   } 
   nonlocal_energy { 1.791756829521283   } 
   nonlocal_energyvar { 9.023593506380958   } 
   autocorr_energy { } 
} 

block { 
   label dmc
   totweight 6400000
   nautocorr 0
   total_energy { -10.08923680072262   } 
   total_energyvar { 0.05845953839289564   } 
   weight { 0.9981260739721075   } 
   weightvar { 0.09040463111262187   } 
   kinetic_energy { 3.906878865367359   } 
   kinetic_energyvar { 3.636916422075014   } 
   potential_energy { -15.77936742499465   } 
   potential_energyvar { 8.836172109895188   } 
   nonlocal_energy { 1.783251758904667   } 
   nonlocal_energyvar { 8.88833049838199   } 
   autocorr_energy { } 
} 

block { 
   label dmc
   totweight 6400000
   nautocorr 0
   total_energy { -10.09296807007135   } 
   total_energyvar { 0.06041965629991353   } 
   weight { 0.9995836498982583   } 
   weightvar { 0.0909696443071818   } 
   kinetic_energy { 3.886601179986822   } 
   kinetic_energyvar { 3.759018332223096   } 
   potential_energy { -15.78676032137416   } 
   potential_energyvar { 9.016384006244266   } 
   nonlocal_energy { 1.807191071315982   } 
   nonlocal_energyvar { 9.236867356847979   } 
   autocorr_energy { } 
} 

block { 
   label dmc
   totweight 6400000
   nautocorr 0
   total_energy { -10.0903099077321   } 
   total_energyvar { 0.05923043530998484   } 
   weight { 0.9998486478610785   } 
   weightvar { 0.09419891174446371   } 
   kinetic_energy { 3.895327105042777   } 
   kinetic_energyvar { 3.720885420332404   } 
   potential_energy { -15.79749963292133   } 
   potential_energyvar { 8.905145097804791   } 
   nonlocal_energy { 1.811862620146455   } 
   nonlocal_energyvar { 9.004225258537636   } 
   autocorr_energy { } 
} 

block { 
   label dmc
   totweight 6400000
   nautocorr 0
   total_energy { -10.0909028670959   } 
   total_energyvar { 0.05899924567032144   } 
   weight { 1.000222373281629   } 
   weightvar { 0.09481103889908993   } 
   kinetic_energy { 3.870484244184571   } 
   kinetic_energyvar { 3.765016045388276   } 
   potential_energy { -15.73872525613432   } 
   potential_energyvar { 9.003959902068431   } 
   nonlocal_energy { 1.777338144853855   } 
   nonlocal_energyvar { 9.0621546865558   } 
   autocorr_energy { } 
} 

block { 
   label dmc
   totweight 6400000
   nautocorr 0
   total_energy { -10.09039594630148   } 
   total_energyvar { 0.05873064677496131   } 
   weight { 0.9992632847845738   } 
   weightvar { 0.09219164927074885   } 
   kinetic_energy { 3.879143932848848   } 
   kinetic_energyvar { 3.778698662074463   } 
   potential_energy { -15.76670388911026   } 
   potential_energyvar { 8.96232094574512   } 
   nonlocal_energy { 1.797164009959932   } 
   nonlocal_energyvar { 9.07421741711774   } 
   autocorr_energy { } 
} 

block { 
   label dmc
   totweight 6400000
   nautocorr 0
   total_energy { -10.09240901525248   } 
   total_energyvar { 0.05858178460427155   } 
   weight { 1.001036115518752   } 
   weightvar { 0.09140646649315087   } 
   kinetic_energy { 3.903114414385517   } 
   kinetic_energyvar { 3.7098606699959   } 
   potential_energy { -15.80878272723169   } 
   potential_energyvar { 8.871384862432791   } 
   nonlocal_energy { 1.813259297593692   } 
   nonlocal_energyvar { 9.036866679528897   } 
   autocorr_energy { } 
} 

block { 
   label dmc
   totweight 6400000
   nautocorr 0
   total_energy { -10.08884926258559   } 
   total_energyvar { 0.05999798620030106   } 
   weight { 0.9993788214518164   } 
   weightvar { 0.09186922506473294   } 
   kinetic_energy { 3.896957344653686   } 
   kinetic_energyvar { 3.779484217118631   } 
   potential_energy { -15.79656351681196   } 
   potential_energyvar { 8.914081066929725   } 
   nonlocal_energy { 1.810756909572684   } 
   nonlocal_energyvar { 9.280689473890019   } 
   autocorr_energy { } 
} 

block { 
   label dmc
   totweight 6400000
   nautocorr 0
   total_energy { -10.09118995797441   } 
   total_energyvar { 0.05982050591605059   } 
   weight { 0.9993861346650635   } 
   weightvar { 0.09313193942357489   } 
   kinetic_energy { 3.867930401120287   } 
   kinetic_energyvar { 3.842975767790199   } 
   potential_energy { -15.76821870941753   } 
   potential_energyvar { 8.938886246830151   } 
   nonlocal_energy { 1.809098350322828   } 
   nonlocal_energyvar { 9.0974359890023   } 
   autocorr_energy { } 
} 

