#-------------------------------------------------
#VMC run: timestep 2.5 nconfig 6400 steps 100
#-------------------------------------------------


init { 
   label VMC_1
}
block { 
   label VMC_1
   totweight 640000
   nautocorr 0
   total_energy { -9.745107493865904   } 
   total_energyvar { 0.0946197007371552   } 
   weight { 1   } 
   weightvar { 0   } 
   kinetic_energy { 7.018449540255515   } 
   kinetic_energyvar { 24.95472721884554   } 
   potential_energy { -17.68449834559544   } 
   potential_energyvar { 28.42932195437982   } 
   nonlocal_energy { 0.9209413114740251   } 
   nonlocal_energyvar { 13.98783100434645   } 
   autocorr_energy { } 
} 

block { 
   label VMC_1
   totweight 640000
   nautocorr 0
   total_energy { -9.744186118537121   } 
   total_energyvar { 0.09019101449629829   } 
   weight { 1   } 
   weightvar { 0   } 
   kinetic_energy { 6.995584737934226   } 
   kinetic_energyvar { 24.14872316971101   } 
   potential_energy { -17.64611424480488   } 
   potential_energyvar { 26.9200394562277   } 
   nonlocal_energy { 0.9063433883335327   } 
   nonlocal_energyvar { 12.30597440466144   } 
   autocorr_energy { } 
} 

block { 
   label VMC_1
   totweight 640000
   nautocorr 0
   total_energy { -9.744189384112888   } 
   total_energyvar { 0.0940953806863547   } 
   weight { 1   } 
   weightvar { 0   } 
   kinetic_energy { 7.01211718182937   } 
   kinetic_energyvar { 25.21516258475988   } 
   potential_energy { -17.66109456195285   } 
   potential_energyvar { 27.56845755274605   } 
   nonlocal_energy { 0.9047879960105901   } 
   nonlocal_energyvar { 13.47177665518846   } 
   autocorr_energy { } 
} 

block { 
   label VMC_1
   totweight 640000
   nautocorr 0
   total_energy { -9.743868383810819   } 
   total_energyvar { 0.09110382690133179   } 
   weight { 1   } 
   weightvar { 0   } 
   kinetic_energy { 6.985533822377371   } 
   kinetic_energyvar { 24.71820770635801   } 
   potential_energy { -17.6344071606438   } 
   potential_energyvar { 27.14042115263027   } 
   nonlocal_energy { 0.9050049544556019   } 
   nonlocal_energyvar { 12.9660326544276   } 
   autocorr_energy { } 
} 

block { 
   label VMC_1
   totweight 640000
   nautocorr 0
   total_energy { -9.743725436308839   } 
   total_energyvar { 0.09499142322343346   } 
   weight { 1   } 
   weightvar { 0   } 
   kinetic_energy { 7.01982169202027   } 
   kinetic_energyvar { 25.24079502216847   } 
   potential_energy { -17.6745854328931   } 
   potential_energyvar { 27.59267191061093   } 
   nonlocal_energy { 0.9110383045639916   } 
   nonlocal_energyvar { 12.96470278337113   } 
   autocorr_energy { } 
} 

block { 
   label VMC_1
   totweight 640000
   nautocorr 0
   total_energy { -9.743846036660845   } 
   total_energyvar { 0.09445477865770613   } 
   weight { 1   } 
   weightvar { 0   } 
   kinetic_energy { 6.983440715154212   } 
   kinetic_energyvar { 25.2834314043656   } 
   potential_energy { -17.63104215128541   } 
   potential_energyvar { 26.92181768611687   } 
   nonlocal_energy { 0.903755399470353   } 
   nonlocal_energyvar { 13.49874493853411   } 
   autocorr_energy { } 
} 

block { 
   label VMC_1
   totweight 640000
   nautocorr 0
   total_energy { -9.74445355109342   } 
   total_energyvar { 0.09041003995235997   } 
   weight { 1   } 
   weightvar { 0   } 
   kinetic_energy { 6.990359335641625   } 
   kinetic_energyvar { 24.19547090963513   } 
   potential_energy { -17.63013785596023   } 
   potential_energyvar { 27.07388731189542   } 
   nonlocal_energy { 0.8953249692251911   } 
   nonlocal_energyvar { 12.58049930546285   } 
   autocorr_energy { } 
} 

block { 
   label VMC_1
   totweight 640000
   nautocorr 0
   total_energy { -9.744151635860298   } 
   total_energyvar { 0.09449575138977195   } 
   weight { 1   } 
   weightvar { 0   } 
   kinetic_energy { 7.011517478416097   } 
   kinetic_energyvar { 25.58023211986152   } 
   potential_energy { -17.67781134330151   } 
   potential_energyvar { 27.87926776793012   } 
   nonlocal_energy { 0.9221422290251158   } 
   nonlocal_energyvar { 13.72014082772268   } 
   autocorr_energy { } 
} 

block { 
   label VMC_1
   totweight 640000
   nautocorr 0
   total_energy { -9.744709451018705   } 
   total_energyvar { 0.0900040033678664   } 
   weight { 1   } 
   weightvar { 0   } 
   kinetic_energy { 6.973765080143862   } 
   kinetic_energyvar { 24.1902875314608   } 
   potential_energy { -17.6269553826872   } 
   potential_energyvar { 27.17862060066909   } 
   nonlocal_energy { 0.9084808515246299   } 
   nonlocal_energyvar { 13.20720121295195   } 
   autocorr_energy { } 
} 

block { 
   label VMC_1
   totweight 640000
   nautocorr 0
   total_energy { -9.744004516467275   } 
   total_energyvar { 0.09481311896445277   } 
   weight { 1   } 
   weightvar { 0   } 
   kinetic_energy { 7.020562536559908   } 
   kinetic_energyvar { 25.01012633183854   } 
   potential_energy { -17.67751781810633   } 
   potential_energyvar { 27.90006496437081   } 
   nonlocal_energy { 0.9129507650791442   } 
   nonlocal_energyvar { 13.08271343381124   } 
   autocorr_energy { } 
} 

block { 
   label VMC_1
   totweight 640000
   nautocorr 0
   total_energy { -9.74352124068322   } 
   total_energyvar { 0.09467666125281937   } 
   weight { 1   } 
   weightvar { 0   } 
   kinetic_energy { 7.020689289983908   } 
   kinetic_energyvar { 25.13519492103546   } 
   potential_energy { -17.68719106721069   } 
   potential_energyvar { 28.04192892307225   } 
   nonlocal_energy { 0.922980536543564   } 
   nonlocal_energyvar { 13.13374660207514   } 
   autocorr_energy { } 
} 

block { 
   label VMC_1
   totweight 640000
   nautocorr 0
   total_energy { -9.743313481943993   } 
   total_energyvar { 0.09277634788180933   } 
   weight { 1   } 
   weightvar { 0   } 
   kinetic_energy { 7.02701813053451   } 
   kinetic_energyvar { 25.05455849309375   } 
   potential_energy { -17.68299195432234   } 
   potential_energyvar { 27.13642127444444   } 
   nonlocal_energy { 0.9126603418438357   } 
   nonlocal_energyvar { 13.1734784509007   } 
   autocorr_energy { } 
} 

block { 
   label VMC_1
   totweight 640000
   nautocorr 0
   total_energy { -9.743251218969428   } 
   total_energyvar { 0.09326829067265408   } 
   weight { 1   } 
   weightvar { 0   } 
   kinetic_energy { 6.989309147177772   } 
   kinetic_energyvar { 24.31398125082787   } 
   potential_energy { -17.64755898624679   } 
   potential_energyvar { 27.39259185837295   } 
   nonlocal_energy { 0.9149986200995892   } 
   nonlocal_energyvar { 12.81958592503033   } 
   autocorr_energy { } 
} 

block { 
   label VMC_1
   totweight 640000
   nautocorr 0
   total_energy { -9.743686910125156   } 
   total_energyvar { 0.09036208209485608   } 
   weight { 1   } 
   weightvar { 0   } 
   kinetic_energy { 7.018471258876557   } 
   kinetic_energyvar { 24.60148269752636   } 
   potential_energy { -17.67230417752518   } 
   potential_energyvar { 27.50319470365537   } 
   nonlocal_energy { 0.9101460085234748   } 
   nonlocal_energyvar { 12.82032036318688   } 
   autocorr_energy { } 
} 

block { 
   label VMC_1
   totweight 640000
   nautocorr 0
   total_energy { -9.743978472785248   } 
   total_energyvar { 0.09072623656174983   } 
   weight { 1   } 
   weightvar { 0   } 
   kinetic_energy { 7.021694166893267   } 
   kinetic_energyvar { 25.06412691695205   } 
   potential_energy { -17.68147560311331   } 
   potential_energyvar { 27.66323482741717   } 
   nonlocal_energy { 0.9158029634347958   } 
   nonlocal_energyvar { 13.06201676609798   } 
   autocorr_energy { } 
} 

block { 
   label VMC_1
   totweight 640000
   nautocorr 0
   total_energy { -9.743717798793343   } 
   total_energyvar { 0.1008705043693396   } 
   weight { 1   } 
   weightvar { 0   } 
   kinetic_energy { 7.020539077166218   } 
   kinetic_energyvar { 24.95271807837351   } 
   potential_energy { -17.67836135817545   } 
   potential_energyvar { 27.6987144544957   } 
   nonlocal_energy { 0.9141044822158961   } 
   nonlocal_energyvar { 13.13321200475945   } 
   autocorr_energy { } 
} 

block { 
   label VMC_1
   totweight 640000
   nautocorr 0
   total_energy { -9.744412082216243   } 
   total_energyvar { 0.09911204088950853   } 
   weight { 1   } 
   weightvar { 0   } 
   kinetic_energy { 7.017768672319295   } 
   kinetic_energyvar { 24.63262319157824   } 
   potential_energy { -17.66993547627466   } 
   potential_energyvar { 27.84243174193927   } 
   nonlocal_energy { 0.907754721739121   } 
   nonlocal_energyvar { 13.38842454146165   } 
   autocorr_energy { } 
} 

block { 
   label VMC_1
   totweight 640000
   nautocorr 0
   total_energy { -9.743982092398031   } 
   total_energyvar { 0.09146543514333416   } 
   weight { 1   } 
   weightvar { 0   } 
   kinetic_energy { 6.997090857466623   } 
   kinetic_energyvar { 24.66473417150184   } 
   potential_energy { -17.65108817221038   } 
   potential_energyvar { 27.58092078579551   } 
   nonlocal_energy { 0.9100152223457211   } 
   nonlocal_energyvar { 13.3331302191425   } 
   autocorr_energy { } 
} 

block { 
   label VMC_1
   totweight 640000
   nautocorr 0
   total_energy { -9.743930650936331   } 
   total_energyvar { 0.09509663886683484   } 
   weight { 1   } 
   weightvar { 0   } 
   kinetic_energy { 7.008517979416574   } 
   kinetic_energyvar { 24.53455765510885   } 
   potential_energy { -17.67560381044198   } 
   potential_energyvar { 27.83182106744181   } 
   nonlocal_energy { 0.9231551800890724   } 
   nonlocal_energyvar { 13.28503953283438   } 
   autocorr_energy { } 
} 

block { 
   label VMC_1
   totweight 640000
   nautocorr 0
   total_energy { -9.744340756841536   } 
   total_energyvar { 0.09115762346647216   } 
   weight { 1   } 
   weightvar { 0   } 
   kinetic_energy { 6.990383577477287   } 
   kinetic_energyvar { 24.12762704831253   } 
   potential_energy { -17.63531256354078   } 
   potential_energyvar { 26.8502232630936   } 
   nonlocal_energy { 0.9005882292219592   } 
   nonlocal_energyvar { 12.26753037466649   } 
   autocorr_energy { } 
} 

block { 
   label VMC_1
   totweight 640000
   nautocorr 0
   total_energy { -9.744661608000332   } 
   total_energyvar { 0.09092329904667906   } 
   weight { 1   } 
   weightvar { 0   } 
   kinetic_energy { 6.995301084779914   } 
   kinetic_energyvar { 24.38055898717994   } 
   potential_energy { -17.64454248443529   } 
   potential_energyvar { 27.26113763266557   } 
   nonlocal_energy { 0.9045797916550471   } 
   nonlocal_energyvar { 12.82145882560006   } 
   autocorr_energy { } 
} 

block { 
   label VMC_1
   totweight 640000
   nautocorr 0
   total_energy { -9.743797863460211   } 
   total_energyvar { 0.09553310613422639   } 
   weight { 1   } 
   weightvar { 0   } 
   kinetic_energy { 7.004229638739171   } 
   kinetic_energyvar { 24.86390822672733   } 
   potential_energy { -17.6638543146026   } 
   potential_energyvar { 31.86149650546514   } 
   nonlocal_energy { 0.9158268124032171   } 
   nonlocal_energyvar { 17.53912229850648   } 
   autocorr_energy { } 
} 

block { 
   label VMC_1
   totweight 640000
   nautocorr 0
   total_energy { -9.74334654552873   } 
   total_energyvar { 0.09476654347196245   } 
   weight { 1   } 
   weightvar { 0   } 
   kinetic_energy { 7.041412177197716   } 
   kinetic_energyvar { 24.72584171528629   } 
   potential_energy { -17.70296171167743   } 
   potential_energyvar { 27.87014929460895   } 
   nonlocal_energy { 0.9182029889509816   } 
   nonlocal_energyvar { 13.09511814096342   } 
   autocorr_energy { } 
} 

block { 
   label VMC_1
   totweight 640000
   nautocorr 0
   total_energy { -9.745071757908988   } 
   total_energyvar { 0.09375430782797878   } 
   weight { 1   } 
   weightvar { 0   } 
   kinetic_energy { 6.972324952511139   } 
   kinetic_energyvar { 24.24327069379475   } 
   potential_energy { -17.61824504730424   } 
   potential_energyvar { 26.88136324708637   } 
   nonlocal_energy { 0.9008483368841095   } 
   nonlocal_energyvar { 12.50320476629263   } 
   autocorr_energy { } 
} 

block { 
   label VMC_1
   totweight 640000
   nautocorr 0
   total_energy { -9.743667750226606   } 
   total_energyvar { 0.0902510620095569   } 
   weight { 1   } 
   weightvar { 0   } 
   kinetic_energy { 7.016391117983109   } 
   kinetic_energyvar { 24.40805398477689   } 
   potential_energy { -17.64757818750669   } 
   potential_energyvar { 26.68807458875602   } 
   nonlocal_energy { 0.8875193192969704   } 
   nonlocal_energyvar { 12.12455473885315   } 
   autocorr_energy { } 
} 

block { 
   label VMC_1
   totweight 640000
   nautocorr 0
   total_energy { -9.744132051543859   } 
   total_energyvar { 0.09792266264514637   } 
   weight { 1   } 
   weightvar { 0   } 
   kinetic_energy { 6.999896685932779   } 
   kinetic_energyvar { 25.09945829514385   } 
   potential_energy { -17.66562694028496   } 
   potential_energyvar { 27.48384496240163   } 
   nonlocal_energy { 0.9215982028083211   } 
   nonlocal_energyvar { 13.60691618714888   } 
   autocorr_energy { } 
} 

block { 
   label VMC_1
   totweight 640000
   nautocorr 0
   total_energy { -9.744345916900105   } 
   total_energyvar { 0.09484389825279038   } 
   weight { 1   } 
   weightvar { 0   } 
   kinetic_energy { 6.967732484477771   } 
   kinetic_energyvar { 24.17348483920257   } 
   potential_energy { -17.62645111477087   } 
   potential_energyvar { 27.77810835209357   } 
   nonlocal_energy { 0.9143727133929976   } 
   nonlocal_energyvar { 13.64848693003879   } 
   autocorr_energy { } 
} 

block { 
   label VMC_1
   totweight 640000
   nautocorr 0
   total_energy { -9.744761815717833   } 
   total_energyvar { 0.09563450956635222   } 
   weight { 1   } 
   weightvar { 0   } 
   kinetic_energy { 7.01927030935091   } 
   kinetic_energyvar { 24.95545230454567   } 
   potential_energy { -17.67353625502702   } 
   potential_energyvar { 27.53126629396064   } 
   nonlocal_energy { 0.9095041299582776   } 
   nonlocal_energyvar { 13.01786716206952   } 
   autocorr_energy { } 
} 

block { 
   label VMC_1
   totweight 640000
   nautocorr 0
   total_energy { -9.74469398171815   } 
   total_energyvar { 0.09357265570780271   } 
   weight { 1   } 
   weightvar { 0   } 
   kinetic_energy { 7.005194552206269   } 
   kinetic_energyvar { 24.83931753653156   } 
   potential_energy { -17.65620892697375   } 
   potential_energyvar { 26.83540445730017   } 
   nonlocal_energy { 0.906320393049337   } 
   nonlocal_energyvar { 13.0939086917473   } 
   autocorr_energy { } 
} 

block { 
   label VMC_1
   totweight 640000
   nautocorr 0
   total_energy { -9.744243708708467   } 
   total_energyvar { 0.09370607607155534   } 
   weight { 1   } 
   weightvar { 0   } 
   kinetic_energy { 7.002411555062657   } 
   kinetic_energyvar { 24.82100474595824   } 
   potential_energy { -17.66862965648306   } 
   potential_energyvar { 27.67154581741545   } 
   nonlocal_energy { 0.9219743927119324   } 
   nonlocal_energyvar { 13.23932072708177   } 
   autocorr_energy { } 
} 

block { 
   label VMC_1
   totweight 640000
   nautocorr 0
   total_energy { -9.743171782675102   } 
   total_energyvar { 0.0918837944159776   } 
   weight { 1   } 
   weightvar { 0   } 
   kinetic_energy { 7.024706531789087   } 
   kinetic_energyvar { 24.91744114488787   } 
   potential_energy { -17.67181234395994   } 
   potential_energyvar { 27.47046427399596   } 
   nonlocal_energy { 0.903934029495752   } 
   nonlocal_energyvar { 12.65140830039667   } 
   autocorr_energy { } 
} 

block { 
   label VMC_1
   totweight 640000
   nautocorr 0
   total_energy { -9.744687331075667   } 
   total_energyvar { 0.09336709717328517   } 
   weight { 1   } 
   weightvar { 0   } 
   kinetic_energy { 6.977722888330251   } 
   kinetic_energyvar { 24.26962882373214   } 
   potential_energy { -17.635234426536   } 
   potential_energyvar { 27.03452185998799   } 
   nonlocal_energy { 0.9128242071300827   } 
   nonlocal_energyvar { 13.448072800771   } 
   autocorr_energy { } 
} 

block { 
   label VMC_1
   totweight 640000
   nautocorr 0
   total_energy { -9.743899888628762   } 
   total_energyvar { 0.0901145423660239   } 
   weight { 1   } 
   weightvar { 0   } 
   kinetic_energy { 7.014413932425919   } 
   kinetic_energyvar { 24.42396021043438   } 
   potential_energy { -17.66031099754862   } 
   potential_energyvar { 26.88781880082422   } 
   nonlocal_energy { 0.9019971764939361   } 
   nonlocal_energyvar { 12.2543973877154   } 
   autocorr_energy { } 
} 

block { 
   label VMC_1
   totweight 640000
   nautocorr 0
   total_energy { -9.74493520975385   } 
   total_energyvar { 0.09226932384667919   } 
   weight { 1   } 
   weightvar { 0   } 
   kinetic_energy { 7.016248286461417   } 
   kinetic_energyvar { 24.9725404427403   } 
   potential_energy { -17.65688741393251   } 
   potential_energyvar { 27.85880926486431   } 
   nonlocal_energy { 0.8957039177172424   } 
   nonlocal_energyvar { 13.27217122560599   } 
   autocorr_energy { } 
} 

block { 
   label VMC_1
   totweight 640000
   nautocorr 0
   total_energy { -9.74420500835938   } 
   total_energyvar { 0.09147892726041107   } 
   weight { 1   } 
   weightvar { 0   } 
   kinetic_energy { 6.9773776643144   } 
   kinetic_energyvar { 24.46470119640387   } 
   potential_energy { -17.61956727858934   } 
   potential_energyvar { 26.3603138116647   } 
   nonlocal_energy { 0.8979846059155627   } 
   nonlocal_energyvar { 12.65505547733386   } 
   autocorr_energy { } 
} 

block { 
   label VMC_1
   totweight 640000
   nautocorr 0
   total_energy { -9.743706688938397   } 
   total_energyvar { 0.1129721615332357   } 
   weight { 1   } 
   weightvar { 0   } 
   kinetic_energy { 7.011082139133245   } 
   kinetic_energyvar { 46.14424031110719   } 
   potential_energy { -17.6524240618336   } 
   potential_energyvar { 28.01702721943218   } 
   nonlocal_energy { 0.8976352337619592   } 
   nonlocal_energyvar { 33.6266826421293   } 
   autocorr_energy { } 
} 

block { 
   label VMC_1
   totweight 640000
   nautocorr 0
   total_energy { -9.743952470618201   } 
   total_energyvar { 0.09263729686387023   } 
   weight { 1   } 
   weightvar { 0   } 
   kinetic_energy { 7.00754777658892   } 
   kinetic_energyvar { 24.35731390919586   } 
   potential_energy { -17.66420099527838   } 
   potential_energyvar { 28.79490892932068   } 
   nonlocal_energy { 0.9127007480712586   } 
   nonlocal_energyvar { 14.38417251748722   } 
   autocorr_energy { } 
} 

block { 
   label VMC_1
   totweight 640000
   nautocorr 0
   total_energy { -9.744405459753255   } 
   total_energyvar { 0.09112263418174393   } 
   weight { 1   } 
   weightvar { 0   } 
   kinetic_energy { 6.995200142053685   } 
   kinetic_energyvar { 24.44031315779909   } 
   potential_energy { -17.64701055048769   } 
   potential_energyvar { 26.86891537308935   } 
   nonlocal_energy { 0.9074049486807478   } 
   nonlocal_energyvar { 13.04527721141694   } 
   autocorr_energy { } 
} 

block { 
   label VMC_1
   totweight 640000
   nautocorr 0
   total_energy { -9.742924118504332   } 
   total_energyvar { 0.09130359395804533   } 
   weight { 1   } 
   weightvar { 0   } 
   kinetic_energy { 6.969196272256666   } 
   kinetic_energyvar { 24.22676739279359   } 
   potential_energy { -17.62157981792559   } 
   potential_energyvar { 27.17387812933953   } 
   nonlocal_energy { 0.9094594271645907   } 
   nonlocal_energyvar { 13.18512837742471   } 
   autocorr_energy { } 
} 

block { 
   label VMC_1
   totweight 640000
   nautocorr 0
   total_energy { -9.743683351543513   } 
   total_energyvar { 0.09296689456766671   } 
   weight { 1   } 
   weightvar { 0   } 
   kinetic_energy { 6.98818380442576   } 
   kinetic_energyvar { 24.71334939963408   } 
   potential_energy { -17.64763209626469   } 
   potential_energyvar { 27.54729311814788   } 
   nonlocal_energy { 0.9157649402954099   } 
   nonlocal_energyvar { 13.09325218333049   } 
   autocorr_energy { } 
} 

block { 
   label VMC_1
   totweight 640000
   nautocorr 0
   total_energy { -9.744095665539083   } 
   total_energyvar { 0.0944912177352677   } 
   weight { 1   } 
   weightvar { 0   } 
   kinetic_energy { 7.03357616407148   } 
   kinetic_energyvar { 24.74919545437268   } 
   potential_energy { -17.69422318612464   } 
   potential_energyvar { 27.86953884936651   } 
   nonlocal_energy { 0.916551356514072   } 
   nonlocal_energyvar { 13.13338224773382   } 
   autocorr_energy { } 
} 

block { 
   label VMC_1
   totweight 640000
   nautocorr 0
   total_energy { -9.744474115824497   } 
   total_energyvar { 0.09009825607098776   } 
   weight { 1   } 
   weightvar { 0   } 
   kinetic_energy { 7.032526985320513   } 
   kinetic_energyvar { 24.19320669707832   } 
   potential_energy { -17.67789896245735   } 
   potential_energyvar { 26.74243466081913   } 
   nonlocal_energy { 0.900897861312342   } 
   nonlocal_energyvar { 12.22841395900921   } 
   autocorr_energy { } 
} 

block { 
   label VMC_1
   totweight 640000
   nautocorr 0
   total_energy { -9.743539947918185   } 
   total_energyvar { 0.09362384750070873   } 
   weight { 1   } 
   weightvar { 0   } 
   kinetic_energy { 7.001498688231641   } 
   kinetic_energyvar { 24.4215382110856   } 
   potential_energy { -17.64032971270584   } 
   potential_energyvar { 27.20664751461459   } 
   nonlocal_energy { 0.8952910765560133   } 
   nonlocal_energyvar { 13.31220761260368   } 
   autocorr_energy { } 
} 

block { 
   label VMC_1
   totweight 640000
   nautocorr 0
   total_energy { -9.744637815864245   } 
   total_energyvar { 0.09311490124420629   } 
   weight { 1   } 
   weightvar { 0   } 
   kinetic_energy { 7.016668201667678   } 
   kinetic_energyvar { 24.76746806160854   } 
   potential_energy { -17.66125616642191   } 
   potential_energyvar { 27.52218263176599   } 
   nonlocal_energy { 0.899950148889983   } 
   nonlocal_energyvar { 13.4486256333987   } 
   autocorr_energy { } 
} 

block { 
   label VMC_1
   totweight 640000
   nautocorr 0
   total_energy { -9.745060004914759   } 
   total_energyvar { 0.0918659672087756   } 
   weight { 1   } 
   weightvar { 0   } 
   kinetic_energy { 7.012244363026786   } 
   kinetic_energyvar { 24.40011451239767   } 
   potential_energy { -17.66399249558746   } 
   potential_energyvar { 27.66979870338264   } 
   nonlocal_energy { 0.9066881276459144   } 
   nonlocal_energyvar { 13.19735247410866   } 
   autocorr_energy { } 
} 

block { 
   label VMC_1
   totweight 640000
   nautocorr 0
   total_energy { -9.744203642797327   } 
   total_energyvar { 0.09303469113078222   } 
   weight { 1   } 
   weightvar { 0   } 
   kinetic_energy { 6.994831759319426   } 
   kinetic_energyvar { 24.08156542005025   } 
   potential_energy { -17.6527615284613   } 
   potential_energyvar { 27.43067663233057   } 
   nonlocal_energy { 0.91372612634455   } 
   nonlocal_energyvar { 12.6899482043249   } 
   autocorr_energy { } 
} 

block { 
   label VMC_1
   totweight 640000
   nautocorr 0
   total_energy { -9.743909782486675   } 
   total_energyvar { 0.09322850101112579   } 
   weight { 1   } 
   weightvar { 0   } 
   kinetic_energy { 6.994559126702258   } 
   kinetic_energyvar { 24.48637980754292   } 
   potential_energy { -17.64755630617584   } 
   potential_energyvar { 27.40282893972653   } 
   nonlocal_energy { 0.9090873969869115   } 
   nonlocal_energyvar { 12.60360989066493   } 
   autocorr_energy { } 
} 

block { 
   label VMC_1
   totweight 640000
   nautocorr 0
   total_energy { -9.743020793520662   } 
   total_energyvar { 0.09320377752663944   } 
   weight { 1   } 
   weightvar { 0   } 
   kinetic_energy { 6.998147461031453   } 
   kinetic_energyvar { 24.78262035813034   } 
   potential_energy { -17.66408645036798   } 
   potential_energyvar { 27.54648463024631   } 
   nonlocal_energy { 0.9229181958158673   } 
   nonlocal_energyvar { 13.44587540147636   } 
   autocorr_energy { } 
} 

block { 
   label VMC_1
   totweight 640000
   nautocorr 0
   total_energy { -9.743621098230671   } 
   total_energyvar { 0.09258807267940483   } 
   weight { 1   } 
   weightvar { 0   } 
   kinetic_energy { 6.979376145073442   } 
   kinetic_energyvar { 23.94038142995765   } 
   potential_energy { -17.62147494722482   } 
   potential_energyvar { 27.21858727105223   } 
   nonlocal_energy { 0.8984777039207024   } 
   nonlocal_energyvar { 12.80300459644971   } 
   autocorr_energy { } 
} 

block { 
   label VMC_1
   totweight 640000
   nautocorr 0
   total_energy { -9.744139833678709   } 
   total_energyvar { 0.09196436511760453   } 
   weight { 1   } 
   weightvar { 0   } 
   kinetic_energy { 6.994437504092962   } 
   kinetic_energyvar { 24.66467987072491   } 
   potential_energy { -17.64739969103746   } 
   potential_energyvar { 27.17565029304427   } 
   nonlocal_energy { 0.908822353265789   } 
   nonlocal_energyvar { 12.87368906004238   } 
   autocorr_energy { } 
} 

block { 
   label VMC_1
   totweight 640000
   nautocorr 0
   total_energy { -9.743504776553431   } 
   total_energyvar { 0.09382187512447615   } 
   weight { 1   } 
   weightvar { 0   } 
   kinetic_energy { 6.982553809718602   } 
   kinetic_energyvar { 24.42636346646254   } 
   potential_energy { -17.62657385011034   } 
   potential_energyvar { 26.6801767915162   } 
   nonlocal_energy { 0.9005152638383068   } 
   nonlocal_energyvar { 12.88062464871691   } 
   autocorr_energy { } 
} 

block { 
   label VMC_1
   totweight 640000
   nautocorr 0
   total_energy { -9.743991502094174   } 
   total_energyvar { 0.09523026625863906   } 
   weight { 1   } 
   weightvar { 0   } 
   kinetic_energy { 6.993986204253154   } 
   kinetic_energyvar { 24.30945826086165   } 
   potential_energy { -17.65103815540137   } 
   potential_energyvar { 27.42169059576077   } 
   nonlocal_energy { 0.9130604490540434   } 
   nonlocal_energyvar { 13.1494024205906   } 
   autocorr_energy { } 
} 

block { 
   label VMC_1
   totweight 640000
   nautocorr 0
   total_energy { -9.743539242345275   } 
   total_energyvar { 0.09317362565853671   } 
   weight { 1   } 
   weightvar { 0   } 
   kinetic_energy { 7.031480159722793   } 
   kinetic_energyvar { 24.79700870084604   } 
   potential_energy { -17.68582925863346   } 
   potential_energyvar { 27.99858571845363   } 
   nonlocal_energy { 0.9108098565653894   } 
   nonlocal_energyvar { 13.29883122290389   } 
   autocorr_energy { } 
} 

block { 
   label VMC_1
   totweight 640000
   nautocorr 0
   total_energy { -9.744193336796958   } 
   total_energyvar { 0.09426682735445979   } 
   weight { 1   } 
   weightvar { 0   } 
   kinetic_energy { 7.025589972707623   } 
   kinetic_energyvar { 24.62241503775951   } 
   potential_energy { -17.68311336864041   } 
   potential_energyvar { 28.37448259820826   } 
   nonlocal_energy { 0.9133300591358271   } 
   nonlocal_energyvar { 13.45761538664487   } 
   autocorr_energy { } 
} 

block { 
   label VMC_1
   totweight 640000
   nautocorr 0
   total_energy { -9.743930878394375   } 
   total_energyvar { 0.09010160523898492   } 
   weight { 1   } 
   weightvar { 0   } 
   kinetic_energy { 7.006150729609027   } 
   kinetic_energyvar { 24.48042988973523   } 
   potential_energy { -17.64340425434038   } 
   potential_energyvar { 26.88020710967908   } 
   nonlocal_energy { 0.893322646336977   } 
   nonlocal_energyvar { 12.64868749751595   } 
   autocorr_energy { } 
} 

block { 
   label VMC_1
   totweight 640000
   nautocorr 0
   total_energy { -9.743615450474579   } 
   total_energyvar { 0.09194463018899057   } 
   weight { 1   } 
   weightvar { 0   } 
   kinetic_energy { 6.978779156133466   } 
   kinetic_energyvar { 24.64645186258777   } 
   potential_energy { -17.62530850265182   } 
   potential_energyvar { 26.67394876284908   } 
   nonlocal_energy { 0.9029138960437761   } 
   nonlocal_energyvar { 13.27022164831173   } 
   autocorr_energy { } 
} 

block { 
   label VMC_1
   totweight 640000
   nautocorr 0
   total_energy { -9.743512651534907   } 
   total_energyvar { 0.09370283525117884   } 
   weight { 1   } 
   weightvar { 0   } 
   kinetic_energy { 7.000102754849741   } 
   kinetic_energyvar { 24.30819379997591   } 
   potential_energy { -17.64320661012257   } 
   potential_energyvar { 26.35849466659306   } 
   nonlocal_energy { 0.8995912037379261   } 
   nonlocal_energyvar { 12.16091932533148   } 
   autocorr_energy { } 
} 

block { 
   label VMC_1
   totweight 640000
   nautocorr 0
   total_energy { -9.745110092518541   } 
   total_energyvar { 0.09429803662536074   } 
   weight { 1   } 
   weightvar { 0   } 
   kinetic_energy { 6.989980430112101   } 
   kinetic_energyvar { 24.59354002275621   } 
   potential_energy { -17.65108959267408   } 
   potential_energyvar { 27.30888685577889   } 
   nonlocal_energy { 0.9159990700434352   } 
   nonlocal_energyvar { 13.14820733016088   } 
   autocorr_energy { } 
} 

block { 
   label VMC_1
   totweight 640000
   nautocorr 0
   total_energy { -9.744191504196998   } 
   total_energyvar { 0.09185662422504492   } 
   weight { 1   } 
   weightvar { 0   } 
   kinetic_energy { 7.004993886586622   } 
   kinetic_energyvar { 24.54591194465483   } 
   potential_energy { -17.65406333064052   } 
   potential_energyvar { 27.2883228449424   } 
   nonlocal_energy { 0.9048779398569031   } 
   nonlocal_energyvar { 12.94218553775658   } 
   autocorr_energy { } 
} 

block { 
   label VMC_1
   totweight 640000
   nautocorr 0
   total_energy { -9.743739967679884   } 
   total_energyvar { 0.09213281070861967   } 
   weight { 1   } 
   weightvar { 0   } 
   kinetic_energy { 7.030167477017494   } 
   kinetic_energyvar { 24.54709109615837   } 
   potential_energy { -17.67877655469867   } 
   potential_energyvar { 27.73082474859103   } 
   nonlocal_energy { 0.9048691100012929   } 
   nonlocal_energyvar { 13.06788132311717   } 
   autocorr_energy { } 
} 

block { 
   label VMC_1
   totweight 640000
   nautocorr 0
   total_energy { -9.743463200908479   } 
   total_energyvar { 0.09273614932702401   } 
   weight { 1   } 
   weightvar { 0   } 
   kinetic_energy { 7.008530381907726   } 
   kinetic_energyvar { 24.86869118057427   } 
   potential_energy { -17.65110114088407   } 
   potential_energyvar { 27.49155757509607   } 
   nonlocal_energy { 0.8991075580678569   } 
   nonlocal_energyvar { 13.38939789645716   } 
   autocorr_energy { } 
} 

block { 
   label VMC_1
   totweight 640000
   nautocorr 0
   total_energy { -9.744198963623123   } 
   total_energyvar { 0.09042208026102116   } 
   weight { 1   } 
   weightvar { 0   } 
   kinetic_energy { 7.013346822828702   } 
   kinetic_energyvar { 24.76113526767246   } 
   potential_energy { -17.6710410227734   } 
   potential_energyvar { 27.26757455255057   } 
   nonlocal_energy { 0.9134952363215769   } 
   nonlocal_energyvar { 13.20044652505161   } 
   autocorr_energy { } 
} 

block { 
   label VMC_1
   totweight 640000
   nautocorr 0
   total_energy { -9.744185206541996   } 
   total_energyvar { 0.09325226608578419   } 
   weight { 1   } 
   weightvar { 0   } 
   kinetic_energy { 7.012208011672186   } 
   kinetic_energyvar { 24.66831899229239   } 
   potential_energy { -17.67187947410622   } 
   potential_energyvar { 27.22743165231918   } 
   nonlocal_energy { 0.9154862558920412   } 
   nonlocal_energyvar { 12.77608404127475   } 
   autocorr_energy { } 
} 

block { 
   label VMC_1
   totweight 640000
   nautocorr 0
   total_energy { -9.743583869755053   } 
   total_energyvar { 0.0923230762338676   } 
   weight { 1   } 
   weightvar { 0   } 
   kinetic_energy { 7.021393904579597   } 
   kinetic_energyvar { 24.47787727372724   } 
   potential_energy { -17.68116536165758   } 
   potential_energyvar { 27.12466682152808   } 
   nonlocal_energy { 0.9161875873229295   } 
   nonlocal_energyvar { 13.10263519369006   } 
   autocorr_energy { } 
} 

block { 
   label VMC_1
   totweight 640000
   nautocorr 0
   total_energy { -9.744180719441207   } 
   total_energyvar { 0.09164590233714875   } 
   weight { 1   } 
   weightvar { 0   } 
   kinetic_energy { 7.001673563505961   } 
   kinetic_energyvar { 24.34631827379441   } 
   potential_energy { -17.64278779030614   } 
   potential_energyvar { 27.61073221343804   } 
   nonlocal_energy { 0.8969335073589675   } 
   nonlocal_energyvar { 13.14723254964774   } 
   autocorr_energy { } 
} 

block { 
   label VMC_1
   totweight 640000
   nautocorr 0
   total_energy { -9.743424144481503   } 
   total_energyvar { 0.09177366350304794   } 
   weight { 1   } 
   weightvar { 0   } 
   kinetic_energy { 7.011461470490551   } 
   kinetic_energyvar { 24.83136160704525   } 
   potential_energy { -17.65336634566922   } 
   potential_energyvar { 26.97643433047176   } 
   nonlocal_energy { 0.8984807306971696   } 
   nonlocal_energyvar { 12.66875555763361   } 
   autocorr_energy { } 
} 

block { 
   label VMC_1
   totweight 640000
   nautocorr 0
   total_energy { -9.743835893179389   } 
   total_energyvar { 0.09361841862514098   } 
   weight { 1   } 
   weightvar { 0   } 
   kinetic_energy { 7.028305155572072   } 
   kinetic_energyvar { 24.94440349487697   } 
   potential_energy { -17.6887334732379   } 
   potential_energyvar { 28.08744324301864   } 
   nonlocal_energy { 0.9165924244864385   } 
   nonlocal_energyvar { 13.28593312590029   } 
   autocorr_energy { } 
} 

block { 
   label VMC_1
   totweight 640000
   nautocorr 0
   total_energy { -9.743625208972393   } 
   total_energyvar { 0.09343133446161289   } 
   weight { 1   } 
   weightvar { 0   } 
   kinetic_energy { 7.016517675371247   } 
   kinetic_energyvar { 24.76227398164504   } 
   potential_energy { -17.67327106317087   } 
   potential_energyvar { 27.31887938674981   } 
   nonlocal_energy { 0.9131281788272263   } 
   nonlocal_energyvar { 13.1039555972341   } 
   autocorr_energy { } 
} 

block { 
   label VMC_1
   totweight 640000
   nautocorr 0
   total_energy { -9.743222529030419   } 
   total_energyvar { 0.09362850088103869   } 
   weight { 1   } 
   weightvar { 0   } 
   kinetic_energy { 7.018185605695762   } 
   kinetic_energyvar { 24.83319953228875   } 
   potential_energy { -17.67528609933591   } 
   potential_energyvar { 27.98866345245665   } 
   nonlocal_energy { 0.9138779646097238   } 
   nonlocal_energyvar { 13.78258185363178   } 
   autocorr_energy { } 
} 

block { 
   label VMC_1
   totweight 640000
   nautocorr 0
   total_energy { -9.743754812565548   } 
   total_energyvar { 0.09096738915818037   } 
   weight { 1   } 
   weightvar { 0   } 
   kinetic_energy { 6.985758915172958   } 
   kinetic_energyvar { 24.21625958249334   } 
   potential_energy { -17.6497294384167   } 
   potential_energyvar { 27.89962275459817   } 
   nonlocal_energy { 0.9202157106781936   } 
   nonlocal_energyvar { 13.35769675263913   } 
   autocorr_energy { } 
} 

block { 
   label VMC_1
   totweight 640000
   nautocorr 0
   total_energy { -9.743407212741111   } 
   total_energyvar { 0.09273965548733543   } 
   weight { 1   } 
   weightvar { 0   } 
   kinetic_energy { 6.996941890258025   } 
   kinetic_energyvar { 24.8657097036102   } 
   potential_energy { -17.65477877166829   } 
   potential_energyvar { 27.39318594728701   } 
   nonlocal_energy { 0.9144296686691489   } 
   nonlocal_energyvar { 13.07354377226551   } 
   autocorr_energy { } 
} 

block { 
   label VMC_1
   totweight 640000
   nautocorr 0
   total_energy { -9.743893535849548   } 
   total_energyvar { 0.09448049437001771   } 
   weight { 1   } 
   weightvar { 0   } 
   kinetic_energy { 6.979249516005158   } 
   kinetic_energyvar { 23.84157739625529   } 
   potential_energy { -17.64859771820717   } 
   potential_energyvar { 27.56292405310899   } 
   nonlocal_energy { 0.925454666352464   } 
   nonlocal_energyvar { 13.08003718049241   } 
   autocorr_energy { } 
} 

block { 
   label VMC_1
   totweight 640000
   nautocorr 0
   total_energy { -9.743209277413479   } 
   total_energyvar { 0.09158890916516782   } 
   weight { 1   } 
   weightvar { 0   } 
   kinetic_energy { 7.032813232773705   } 
   kinetic_energyvar { 25.8517172597133   } 
   potential_energy { -17.67782275431396   } 
   potential_energyvar { 27.14647104803026   } 
   nonlocal_energy { 0.9018002441267757   } 
   nonlocal_energyvar { 13.43047650935098   } 
   autocorr_energy { } 
} 

block { 
   label VMC_1
   totweight 640000
   nautocorr 0
   total_energy { -9.74392559311749   } 
   total_energyvar { 0.09038169986541789   } 
   weight { 1   } 
   weightvar { 0   } 
   kinetic_energy { 6.991262922227583   } 
   kinetic_energyvar { 24.3815369982194   } 
   potential_energy { -17.64581517904987   } 
   potential_energyvar { 27.35289958158324   } 
   nonlocal_energy { 0.9106266637047971   } 
   nonlocal_energyvar { 12.54795742432304   } 
   autocorr_energy { } 
} 

block { 
   label VMC_1
   totweight 640000
   nautocorr 0
   total_energy { -9.743538406860392   } 
   total_energyvar { 0.09239109191868522   } 
   weight { 1   } 
   weightvar { 0   } 
   kinetic_energy { 7.011086801813892   } 
   kinetic_energyvar { 24.72551854465118   } 
   potential_energy { -17.66008709091643   } 
   potential_energyvar { 27.61037600363682   } 
   nonlocal_energy { 0.905461882242146   } 
   nonlocal_energyvar { 12.87929415945063   } 
   autocorr_energy { } 
} 

block { 
   label VMC_1
   totweight 640000
   nautocorr 0
   total_energy { -9.743824259447729   } 
   total_energyvar { 0.09395892860833044   } 
   weight { 1   } 
   weightvar { 0   } 
   kinetic_energy { 6.993272850842384   } 
   kinetic_energyvar { 24.88683089336147   } 
   potential_energy { -17.64420619910467   } 
   potential_energyvar { 27.3903968578224   } 
   nonlocal_energy { 0.9071090888145585   } 
   nonlocal_energyvar { 13.35866423996075   } 
   autocorr_energy { } 
} 

block { 
   label VMC_1
   totweight 640000
   nautocorr 0
   total_energy { -9.743834660603676   } 
   total_energyvar { 0.09210710468741468   } 
   weight { 1   } 
   weightvar { 0   } 
   kinetic_energy { 6.983718133631107   } 
   kinetic_energyvar { 24.36801059706426   } 
   potential_energy { -17.63073994234742   } 
   potential_energyvar { 26.9294336903402   } 
   nonlocal_energy { 0.9031871481126343   } 
   nonlocal_energyvar { 12.64034134351124   } 
   autocorr_energy { } 
} 

block { 
   label VMC_1
   totweight 640000
   nautocorr 0
   total_energy { -9.74459888942998   } 
   total_energyvar { 0.09343278803804367   } 
   weight { 1   } 
   weightvar { 0   } 
   kinetic_energy { 7.015614541833726   } 
   kinetic_energyvar { 24.37040083583838   } 
   potential_energy { -17.67027292549647   } 
   potential_energyvar { 27.1873559644381   } 
   nonlocal_energy { 0.9100594942327658   } 
   nonlocal_energyvar { 12.90149436636054   } 
   autocorr_energy { } 
} 

block { 
   label VMC_1
   totweight 640000
   nautocorr 0
   total_energy { -9.744796212708852   } 
   total_energyvar { 0.09151365129953604   } 
   weight { 1   } 
   weightvar { 0   } 
   kinetic_energy { 6.990689100044774   } 
   kinetic_energyvar { 24.13463468988883   } 
   potential_energy { -17.64429742621502   } 
   potential_energyvar { 27.51140039568151   } 
   nonlocal_energy { 0.908812113461391   } 
   nonlocal_energyvar { 13.31615522724548   } 
   autocorr_energy { } 
} 

block { 
   label VMC_1
   totweight 640000
   nautocorr 0
   total_energy { -9.744177345333178   } 
   total_energyvar { 0.09220539497357549   } 
   weight { 1   } 
   weightvar { 0   } 
   kinetic_energy { 7.001447763490934   } 
   kinetic_energyvar { 24.54509993036753   } 
   potential_energy { -17.64743197603891   } 
   potential_energyvar { 27.61111600260102   } 
   nonlocal_energy { 0.9018068672147954   } 
   nonlocal_energyvar { 13.29554551643832   } 
   autocorr_energy { } 
} 

block { 
   label VMC_1
   totweight 640000
   nautocorr 0
   total_energy { -9.744780282576095   } 
   total_energyvar { 0.09199312486320821   } 
   weight { 1   } 
   weightvar { 0   } 
   kinetic_energy { 7.036640736165858   } 
   kinetic_energyvar { 24.89621310516106   } 
   potential_energy { -17.68919969969449   } 
   potential_energyvar { 27.6509528590546   } 
   nonlocal_energy { 0.9077786809525383   } 
   nonlocal_energyvar { 12.6139057068699   } 
   autocorr_energy { } 
} 

block { 
   label VMC_1
   totweight 640000
   nautocorr 0
   total_energy { -9.743154643106502   } 
   total_energyvar { 0.09237632792384431   } 
   weight { 1   } 
   weightvar { 0   } 
   kinetic_energy { 6.979226839569405   } 
   kinetic_energyvar { 24.72263655423163   } 
   potential_energy { -17.62947493904811   } 
   potential_energyvar { 27.75466643037157   } 
   nonlocal_energy { 0.9070934563721966   } 
   nonlocal_energyvar { 13.19948352891822   } 
   autocorr_energy { } 
} 

block { 
   label VMC_1
   totweight 640000
   nautocorr 0
   total_energy { -9.744254376858985   } 
   total_energyvar { 0.09217182715363492   } 
   weight { 1   } 
   weightvar { 0   } 
   kinetic_energy { 7.019233089976923   } 
   kinetic_energyvar { 24.81138251287042   } 
   potential_energy { -17.66985064591842   } 
   potential_energyvar { 27.9359108937939   } 
   nonlocal_energy { 0.906363179082521   } 
   nonlocal_energyvar { 12.97272934124623   } 
   autocorr_energy { } 
} 

block { 
   label VMC_1
   totweight 640000
   nautocorr 0
   total_energy { -9.743670339393381   } 
   total_energyvar { 0.09492209647400784   } 
   weight { 1   } 
   weightvar { 0   } 
   kinetic_energy { 7.025198076671209   } 
   kinetic_energyvar { 25.00736817496917   } 
   potential_energy { -17.6712565918225   } 
   potential_energyvar { 27.59341040676196   } 
   nonlocal_energy { 0.9023881757579113   } 
   nonlocal_energyvar { 12.87833430174783   } 
   autocorr_energy { } 
} 

block { 
   label VMC_1
   totweight 640000
   nautocorr 0
   total_energy { -9.744139343876892   } 
   total_energyvar { 0.09370637804596527   } 
   weight { 1   } 
   weightvar { 0   } 
   kinetic_energy { 6.979264375032882   } 
   kinetic_energyvar { 24.33078245807485   } 
   potential_energy { -17.64733424020356   } 
   potential_energyvar { 27.39430221883413   } 
   nonlocal_energy { 0.9239305212937805   } 
   nonlocal_energyvar { 13.0829653310027   } 
   autocorr_energy { } 
} 

block { 
   label VMC_1
   totweight 640000
   nautocorr 0
   total_energy { -9.743896879769796   } 
   total_energyvar { 0.08998404903077528   } 
   weight { 1   } 
   weightvar { 0   } 
   kinetic_energy { 6.998167841927374   } 
   kinetic_energyvar { 24.70048660599377   } 
   potential_energy { -17.63369882287847   } 
   potential_energyvar { 26.86829818607328   } 
   nonlocal_energy { 0.8916341011813036   } 
   nonlocal_energyvar { 12.5044271486026   } 
   autocorr_energy { } 
} 

block { 
   label VMC_1
   totweight 640000
   nautocorr 0
   total_energy { -9.744851053875193   } 
   total_energyvar { 0.09280227541256636   } 
   weight { 1   } 
   weightvar { 0   } 
   kinetic_energy { 7.004389001650391   } 
   kinetic_energyvar { 24.39684888410071   } 
   potential_energy { -17.66340106396093   } 
   potential_energyvar { 27.27700780397316   } 
   nonlocal_energy { 0.9141610084353464   } 
   nonlocal_energyvar { 12.85346561223797   } 
   autocorr_energy { } 
} 

block { 
   label VMC_1
   totweight 640000
   nautocorr 0
   total_energy { -9.743213373919719   } 
   total_energyvar { 0.09123935840389663   } 
   weight { 1   } 
   weightvar { 0   } 
   kinetic_energy { 7.00952213106155   } 
   kinetic_energyvar { 24.04065126152378   } 
   potential_energy { -17.64629356869178   } 
   potential_energyvar { 26.6355662537444   } 
   nonlocal_energy { 0.8935580637105104   } 
   nonlocal_energyvar { 12.35237843876853   } 
   autocorr_energy { } 
} 

block { 
   label VMC_1
   totweight 640000
   nautocorr 0
   total_energy { -9.743956365789808   } 
   total_energyvar { 0.09261178383570723   } 
   weight { 1   } 
   weightvar { 0   } 
   kinetic_energy { 7.015803083262603   } 
   kinetic_energyvar { 24.49806233884939   } 
   potential_energy { -17.67597203823598   } 
   potential_energyvar { 27.78702872113394   } 
   nonlocal_energy { 0.9162125891835748   } 
   nonlocal_energyvar { 13.21589039085694   } 
   autocorr_energy { } 
} 

block { 
   label VMC_1
   totweight 640000
   nautocorr 0
   total_energy { -9.744521736528755   } 
   total_energyvar { 0.09215717941918911   } 
   weight { 1   } 
   weightvar { 0   } 
   kinetic_energy { 6.996715445761348   } 
   kinetic_energyvar { 24.40092586417256   } 
   potential_energy { -17.63015872191438   } 
   potential_energyvar { 27.24844527604552   } 
   nonlocal_energy { 0.8889215396242722   } 
   nonlocal_energyvar { 13.00781070371191   } 
   autocorr_energy { } 
} 

block { 
   label VMC_1
   totweight 640000
   nautocorr 0
   total_energy { -9.743333122700626   } 
   total_energyvar { 0.09632824424092234   } 
   weight { 1   } 
   weightvar { 0   } 
   kinetic_energy { 6.998422565804916   } 
   kinetic_energyvar { 24.94555585879539   } 
   potential_energy { -17.65810045464464   } 
   potential_energyvar { 28.41970822732355   } 
   nonlocal_energy { 0.9163447661390972   } 
   nonlocal_energyvar { 13.71094404313111   } 
   autocorr_energy { } 
} 

block { 
   label VMC_1
   totweight 640000
   nautocorr 0
   total_energy { -9.744001325124682   } 
   total_energyvar { 0.0955422065396192   } 
   weight { 1   } 
   weightvar { 0   } 
   kinetic_energy { 7.009273430183101   } 
   kinetic_energyvar { 24.10488393299361   } 
   potential_energy { -17.65858379324503   } 
   potential_energyvar { 27.10461964629883   } 
   nonlocal_energy { 0.9053090379372476   } 
   nonlocal_energyvar { 12.36224850641919   } 
   autocorr_energy { } 
} 

block { 
   label VMC_1
   totweight 640000
   nautocorr 0
   total_energy { -9.743184684182388   } 
   total_energyvar { 0.09507725697868352   } 
   weight { 1   } 
   weightvar { 0   } 
   kinetic_energy { 7.013070694119703   } 
   kinetic_energyvar { 24.48724623757334   } 
   potential_energy { -17.67042716673224   } 
   potential_energyvar { 27.91525115663893   } 
   nonlocal_energy { 0.9141717884301496   } 
   nonlocal_energyvar { 13.30518150103612   } 
   autocorr_energy { } 
} 

block { 
   label VMC_1
   totweight 640000
   nautocorr 0
   total_energy { -9.743642297471693   } 
   total_energyvar { 0.09404573322322562   } 
   weight { 1   } 
   weightvar { 0   } 
   kinetic_energy { 6.991707122689868   } 
   kinetic_energyvar { 24.68957317699336   } 
   potential_energy { -17.64450785042176   } 
   potential_energyvar { 28.11422647814612   } 
   nonlocal_energy { 0.9091584302602042   } 
   nonlocal_energyvar { 13.78024947331174   } 
   autocorr_energy { } 
} 

block { 
   label VMC_1
   totweight 640000
   nautocorr 0
   total_energy { -9.744964624618921   } 
   total_energyvar { 0.09453588218178766   } 
   weight { 1   } 
   weightvar { 0   } 
   kinetic_energy { 7.01120368711304   } 
   kinetic_energyvar { 24.85180661909789   } 
   potential_energy { -17.67638228081002   } 
   potential_energyvar { 28.30029970416695   } 
   nonlocal_energy { 0.9202139690780592   } 
   nonlocal_energyvar { 13.70600475591142   } 
   autocorr_energy { } 
} 

block { 
   label VMC_1
   totweight 640000
   nautocorr 0
   total_energy { -9.743451317058902   } 
   total_energyvar { 0.09123647777086319   } 
   weight { 1   } 
   weightvar { 0   } 
   kinetic_energy { 7.028170060307024   } 
   kinetic_energyvar { 24.71714916259207   } 
   potential_energy { -17.68400696834954   } 
   potential_energyvar { 28.10446143084317   } 
   nonlocal_energy { 0.9123855909836122   } 
   nonlocal_energyvar { 13.16374892300735   } 
   autocorr_energy { } 
} 

block { 
   label VMC_1
   totweight 640000
   nautocorr 0
   total_energy { -9.744249858627017   } 
   total_energyvar { 0.1025395386810146   } 
   weight { 1   } 
   weightvar { 0   } 
   kinetic_energy { 7.040399693128721   } 
   kinetic_energyvar { 25.32055653843157   } 
   potential_energy { -17.70272709168709   } 
   potential_energyvar { 27.95665219382636   } 
   nonlocal_energy { 0.9180775399313539   } 
   nonlocal_energyvar { 13.53783016929802   } 
   autocorr_energy { } 
} 

block { 
   label VMC_1
   totweight 640000
   nautocorr 0
   total_energy { -9.744276794188181   } 
   total_energyvar { 0.09215094732869034   } 
   weight { 1   } 
   weightvar { 0   } 
   kinetic_energy { 7.007661829655249   } 
   kinetic_energyvar { 24.95100563089489   } 
   potential_energy { -17.65540629786758   } 
   potential_energyvar { 27.11224832800337   } 
   nonlocal_energy { 0.903467674024151   } 
   nonlocal_energyvar { 12.80225722780044   } 
   autocorr_energy { } 
} 

block { 
   label VMC_1
   totweight 640000
   nautocorr 0
   total_energy { -9.744522191977419   } 
   total_energyvar { 0.09528854037780832   } 
   weight { 1   } 
   weightvar { 0   } 
   kinetic_energy { 7.015223770334178   } 
   kinetic_energyvar { 24.78146301736939   } 
   potential_energy { -17.67134941727446   } 
   potential_energyvar { 27.372437411607   } 
   nonlocal_energy { 0.9116034549628619   } 
   nonlocal_energyvar { 12.79161086098074   } 
   autocorr_energy { } 
} 

block { 
   label VMC_1
   totweight 640000
   nautocorr 0
   total_energy { -9.744072786598755   } 
   total_energyvar { 0.09223907647437102   } 
   weight { 1   } 
   weightvar { 0   } 
   kinetic_energy { 6.993633605045264   } 
   kinetic_energyvar { 23.87470412609493   } 
   potential_energy { -17.63930688477658   } 
   potential_energyvar { 27.71674992835773   } 
   nonlocal_energy { 0.901600493132561   } 
   nonlocal_energyvar { 13.44905981007161   } 
   autocorr_energy { } 
} 

