#-------------------------------------------------
#DMC run: timestep 0.001
#-------------------------------------------------


init { 
   label dmc
}
block { 
   label dmc
   totweight 5440000
   nautocorr 0
   total_energy { -226.2786388238908   } 
   total_energyvar { 3.638717968606215   } 
   weight { 0.9879607387444378   } 
   weightvar { 0.09290426184887979   } 
   kinetic_energy { 150.9040793397592   } 
   kinetic_energyvar { 1982.087368994838   } 
   potential_energy { -396.9419090729784   } 
   potential_energyvar { 2171.394166816492   } 
   nonlocal_energy { 19.75919090932838   } 
   nonlocal_energyvar { 785.9050491675793   } 
   autocorr_energy { } 
} 

block { 
   label dmc
   totweight 5440000
   nautocorr 0
   total_energy { -226.2722355842903   } 
   total_energyvar { 3.587001066822268   } 
   weight { 0.9879914358689365   } 
   weightvar { 0.0948988351263278   } 
   kinetic_energy { 151.3381160071118   } 
   kinetic_energyvar { 1969.197133972626   } 
   potential_energy { -397.3501495564237   } 
   potential_energyvar { 2167.707407597802   } 
   nonlocal_energy { 19.73979796502169   } 
   nonlocal_energyvar { 773.1557140336417   } 
   autocorr_energy { } 
} 

block { 
   label dmc
   totweight 5440000
   nautocorr 0
   total_energy { -226.279045415321   } 
   total_energyvar { 3.572923729538161   } 
   weight { 0.9926677748371361   } 
   weightvar { 0.09501963875668595   } 
   kinetic_energy { 151.4213797041388   } 
   kinetic_energyvar { 1986.793634994603   } 
   potential_energy { -397.591754108845   } 
   potential_energyvar { 2178.279277612426   } 
   nonlocal_energy { 19.89132898938524   } 
   nonlocal_energyvar { 795.0866050920923   } 
   autocorr_energy { } 
} 

block { 
   label dmc
   totweight 5440000
   nautocorr 0
   total_energy { -226.2733561958954   } 
   total_energyvar { 3.585396528847923   } 
   weight { 0.9949184231175552   } 
   weightvar { 0.09407783902099898   } 
   kinetic_energy { 150.7593421306067   } 
   kinetic_energyvar { 1970.201131715043   } 
   potential_energy { -396.8342792976437   } 
   potential_energyvar { 2171.114545958291   } 
   nonlocal_energy { 19.80158097114156   } 
   nonlocal_energyvar { 779.9551965620215   } 
   autocorr_energy { } 
} 

block { 
   label dmc
   totweight 5440000
   nautocorr 0
   total_energy { -226.2737837870873   } 
   total_energyvar { 3.665500522052753   } 
   weight { 0.9953107871635625   } 
   weightvar { 0.09413620159972313   } 
   kinetic_energy { 150.996560169436   } 
   kinetic_energyvar { 2009.876362788902   } 
   potential_energy { -397.0570031356808   } 
   potential_energyvar { 2184.930641000508   } 
   nonlocal_energy { 19.78665917915749   } 
   nonlocal_energyvar { 796.8009719297827   } 
   autocorr_energy { } 
} 

block { 
   label dmc
   totweight 5440000
   nautocorr 0
   total_energy { -226.27919413456   } 
   total_energyvar { 3.594204085959063   } 
   weight { 0.9973363779750576   } 
   weightvar { 0.0941656483141885   } 
   kinetic_energy { 151.2099412798341   } 
   kinetic_energyvar { 1989.842350811112   } 
   potential_energy { -397.3426805087388   } 
   potential_energyvar { 2184.239302841364   } 
   nonlocal_energy { 19.85354509434475   } 
   nonlocal_energyvar { 783.6762835392448   } 
   autocorr_energy { } 
} 

block { 
   label dmc
   totweight 5440000
   nautocorr 0
   total_energy { -226.2721259231548   } 
   total_energyvar { 3.620483778373455   } 
   weight { 0.9968405526798048   } 
   weightvar { 0.09285118865526432   } 
   kinetic_energy { 151.1302698334358   } 
   kinetic_energyvar { 1975.2715060519   } 
   potential_energy { -397.2930897936463   } 
   potential_energyvar { 2171.702098733891   } 
   nonlocal_energy { 19.8906940370556   } 
   nonlocal_energyvar { 779.0717289428371   } 
   autocorr_energy { } 
} 

block { 
   label dmc
   totweight 5440000
   nautocorr 0
   total_energy { -226.2727225513305   } 
   total_energyvar { 3.590704848320456   } 
   weight { 0.9961543774307771   } 
   weightvar { 0.09216984652467031   } 
   kinetic_energy { 151.0670746352172   } 
   kinetic_energyvar { 1971.550581556192   } 
   potential_energy { -397.2318888546159   } 
   potential_energyvar { 2172.706654363166   } 
   nonlocal_energy { 19.89209166806817   } 
   nonlocal_energyvar { 781.5145749922035   } 
   autocorr_energy { } 
} 

block { 
   label dmc
   totweight 5440000
   nautocorr 0
   total_energy { -226.2681748358253   } 
   total_energyvar { 3.626542461621284   } 
   weight { 0.992998688400373   } 
   weightvar { 0.09277635533754425   } 
   kinetic_energy { 151.2260827178668   } 
   kinetic_energyvar { 1981.646202777836   } 
   potential_energy { -397.4181769147304   } 
   potential_energyvar { 2180.902016231325   } 
   nonlocal_energy { 19.92391936103832   } 
   nonlocal_energyvar { 776.9928863293202   } 
   autocorr_energy { } 
} 

block { 
   label dmc
   totweight 5440000
   nautocorr 0
   total_energy { -226.2821381440727   } 
   total_energyvar { 3.622195835530874   } 
   weight { 0.9976537385437877   } 
   weightvar { 0.09396445752912541   } 
   kinetic_energy { 151.0750922253369   } 
   kinetic_energyvar { 1987.462035159449   } 
   potential_energy { -397.2476929785453   } 
   potential_energyvar { 2187.904420274193   } 
   nonlocal_energy { 19.89046260913581   } 
   nonlocal_energyvar { 789.0268911419278   } 
   autocorr_energy { } 
} 

block { 
   label dmc
   totweight 5440000
   nautocorr 0
   total_energy { -226.277975408007   } 
   total_energyvar { 3.627452130625898   } 
   weight { 0.9981153570920731   } 
   weightvar { 0.09206985793164091   } 
   kinetic_energy { 151.1300693701178   } 
   kinetic_energyvar { 1997.90350368122   } 
   potential_energy { -397.2938557732061   } 
   potential_energyvar { 2188.318025224668   } 
   nonlocal_energy { 19.88581099508129   } 
   nonlocal_energyvar { 794.7262006783184   } 
   autocorr_energy { } 
} 

block { 
   label dmc
   totweight 5440000
   nautocorr 0
   total_energy { -226.2742983195874   } 
   total_energyvar { 3.601275600325607   } 
   weight { 0.9988060891812236   } 
   weightvar { 0.09203379674925971   } 
   kinetic_energy { 150.9386836474372   } 
   kinetic_energyvar { 1977.908876913934   } 
   potential_energy { -397.041611434767   } 
   potential_energyvar { 2181.72589449145   } 
   nonlocal_energy { 19.82862946774239   } 
   nonlocal_energyvar { 780.255052381661   } 
   autocorr_energy { } 
} 

block { 
   label dmc
   totweight 5440000
   nautocorr 0
   total_energy { -226.2659134446477   } 
   total_energyvar { 3.649547003376938   } 
   weight { 0.9952562383166302   } 
   weightvar { 0.09227731400059924   } 
   kinetic_energy { 150.9301574473446   } 
   kinetic_energyvar { 1986.960434426594   } 
   potential_energy { -396.9838260914058   } 
   potential_energyvar { 2184.565214221162   } 
   nonlocal_energy { 19.78775519941351   } 
   nonlocal_energyvar { 786.8831215583162   } 
   autocorr_energy { } 
} 

block { 
   label dmc
   totweight 5440000
   nautocorr 0
   total_energy { -226.2755760485355   } 
   total_energyvar { 3.586738769619842   } 
   weight { 0.9935496498064063   } 
   weightvar { 0.09362851658929483   } 
   kinetic_energy { 151.0153016452397   } 
   kinetic_energyvar { 1987.8909918315   } 
   potential_energy { -397.140294294395   } 
   potential_energyvar { 2197.880086583231   } 
   nonlocal_energy { 19.84941660061988   } 
   nonlocal_energyvar { 779.9668139699929   } 
   autocorr_energy { } 
} 

block { 
   label dmc
   totweight 5440000
   nautocorr 0
   total_energy { -226.2727859284444   } 
   total_energyvar { 3.601355468977999   } 
   weight { 0.9963107508454386   } 
   weightvar { 0.09313259170269372   } 
   kinetic_energy { 151.1766378281257   } 
   kinetic_energyvar { 2027.888194539984   } 
   potential_energy { -397.2599693430007   } 
   potential_energyvar { 2182.719373928034   } 
   nonlocal_energy { 19.81054558643048   } 
   nonlocal_energyvar { 825.4453076404716   } 
   autocorr_energy { } 
} 

block { 
   label dmc
   totweight 5440000
   nautocorr 0
   total_energy { -226.2780260837041   } 
   total_energyvar { 3.617533120421285   } 
   weight { 0.9956176300483218   } 
   weightvar { 0.09335653468104077   } 
   kinetic_energy { 151.1847845700329   } 
   kinetic_energyvar { 1984.604925673673   } 
   potential_energy { -397.2721140058961   } 
   potential_energyvar { 2166.77109715066   } 
   nonlocal_energy { 19.80930335215919   } 
   nonlocal_energyvar { 789.6472046078695   } 
   autocorr_energy { } 
} 

block { 
   label dmc
   totweight 5440000
   nautocorr 0
   total_energy { -226.2831245568527   } 
   total_energyvar { 3.635093818345922   } 
   weight { 1.001816091963551   } 
   weightvar { 0.09285406135299401   } 
   kinetic_energy { 150.9776228482443   } 
   kinetic_energyvar { 1968.764227306256   } 
   potential_energy { -397.218691378735   } 
   potential_energyvar { 2165.085416690592   } 
   nonlocal_energy { 19.95794397363806   } 
   nonlocal_energyvar { 787.8905129525313   } 
   autocorr_energy { } 
} 

block { 
   label dmc
   totweight 5440000
   nautocorr 0
   total_energy { -226.2799027541521   } 
   total_energyvar { 3.607470946881222   } 
   weight { 1.002478471198665   } 
   weightvar { 0.09314095225059305   } 
   kinetic_energy { 150.9884946397131   } 
   kinetic_energyvar { 2022.061031778452   } 
   potential_energy { -397.0863521563263   } 
   potential_energyvar { 2183.757549116854   } 
   nonlocal_energy { 19.81795476246111   } 
   nonlocal_energyvar { 822.6109906006894   } 
   autocorr_energy { } 
} 

block { 
   label dmc
   totweight 5440000
   nautocorr 0
   total_energy { -226.2787180506504   } 
   total_energyvar { 3.622880957504094   } 
   weight { 1.002435134746923   } 
   weightvar { 0.09079300896262077   } 
   kinetic_energy { 150.8606707842046   } 
   kinetic_energyvar { 1993.207185024905   } 
   potential_energy { -396.8958430769151   } 
   potential_energyvar { 2178.665220338793   } 
   nonlocal_energy { 19.75645424206015   } 
   nonlocal_energyvar { 788.5675609885045   } 
   autocorr_energy { } 
} 

block { 
   label dmc
   totweight 5440000
   nautocorr 0
   total_energy { -226.280173805109   } 
   total_energyvar { 3.595242156960012   } 
   weight { 1.000825871865236   } 
   weightvar { 0.09279769141728966   } 
   kinetic_energy { 151.2725471877771   } 
   kinetic_energyvar { 1983.316929300716   } 
   potential_energy { -397.4460190936311   } 
   potential_energyvar { 2178.920506163122   } 
   nonlocal_energy { 19.89329810074495   } 
   nonlocal_energyvar { 787.4008033079276   } 
   autocorr_energy { } 
} 

block { 
   label dmc
   totweight 5440000
   nautocorr 0
   total_energy { -226.2737320284958   } 
   total_energyvar { 3.581675630659447   } 
   weight { 0.9986440635923002   } 
   weightvar { 0.0927390131941358   } 
   kinetic_energy { 151.2871398669921   } 
   kinetic_energyvar { 1987.10568987294   } 
   potential_energy { -397.4531421281669   } 
   potential_energyvar { 2189.679874024645   } 
   nonlocal_energy { 19.89227023267894   } 
   nonlocal_energyvar { 778.3579232473126   } 
   autocorr_energy { } 
} 

block { 
   label dmc
   totweight 5440000
   nautocorr 0
   total_energy { -226.2778626689115   } 
   total_energyvar { 3.591277113213437   } 
   weight { 0.998235808097798   } 
   weightvar { 0.09331550746568207   } 
   kinetic_energy { 150.8259465987786   } 
   kinetic_energyvar { 1977.385249878713   } 
   potential_energy { -396.8726992580183   } 
   potential_energyvar { 2180.625037691876   } 
   nonlocal_energy { 19.76888999032811   } 
   nonlocal_energyvar { 782.7227511073283   } 
   autocorr_energy { } 
} 

block { 
   label dmc
   totweight 5440000
   nautocorr 0
   total_energy { -226.274874488413   } 
   total_energyvar { 3.559538176152273   } 
   weight { 0.9972630032370539   } 
   weightvar { 0.09222262517094348   } 
   kinetic_energy { 150.8438597450168   } 
   kinetic_energyvar { 1972.600749740246   } 
   potential_energy { -397.0272550948852   } 
   potential_energyvar { 2184.046318831854   } 
   nonlocal_energy { 19.90852086145522   } 
   nonlocal_energyvar { 773.2487789554161   } 
   autocorr_energy { } 
} 

block { 
   label dmc
   totweight 5440000
   nautocorr 0
   total_energy { -226.2698522810229   } 
   total_energyvar { 3.618398476857692   } 
   weight { 0.9956037478694977   } 
   weightvar { 0.09373751884340054   } 
   kinetic_energy { 151.0579328554177   } 
   kinetic_energyvar { 1969.131718479464   } 
   potential_energy { -397.2980902440627   } 
   potential_energyvar { 2169.367949727777   } 
   nonlocal_energy { 19.97030510762208   } 
   nonlocal_energyvar { 781.3921187011526   } 
   autocorr_energy { } 
} 

block { 
   label dmc
   totweight 5440000
   nautocorr 0
   total_energy { -226.2746756841931   } 
   total_energyvar { 3.674728695375961   } 
   weight { 0.9950843140647665   } 
   weightvar { 0.09572273711840584   } 
   kinetic_energy { 151.3746821709242   } 
   kinetic_energyvar { 1990.127080538285   } 
   potential_energy { -397.5304387264786   } 
   potential_energyvar { 2182.786009838514   } 
   nonlocal_energy { 19.88108087136118   } 
   nonlocal_energyvar { 790.9512167707383   } 
   autocorr_energy { } 
} 

block { 
   label dmc
   totweight 5440000
   nautocorr 0
   total_energy { -226.2803167674946   } 
   total_energyvar { 3.545941500611661   } 
   weight { 0.9968715469444537   } 
   weightvar { 0.09312165163195263   } 
   kinetic_energy { 151.1356409530809   } 
   kinetic_energyvar { 1975.380025123082   } 
   potential_energy { -397.2565395449327   } 
   potential_energyvar { 2178.884315500123   } 
   nonlocal_energy { 19.84058182435722   } 
   nonlocal_energyvar { 771.4209848434515   } 
   autocorr_energy { } 
} 

block { 
   label dmc
   totweight 5440000
   nautocorr 0
   total_energy { -226.2808745968279   } 
   total_energyvar { 3.697876243881183   } 
   weight { 1.001157328045031   } 
   weightvar { 0.09249361473761208   } 
   kinetic_energy { 151.3252361227965   } 
   kinetic_energyvar { 2015.84480260883   } 
   potential_energy { -397.3746629679641   } 
   potential_energyvar { 2193.374433887831   } 
   nonlocal_energy { 19.7685522483397   } 
   nonlocal_energyvar { 795.0690886970945   } 
   autocorr_energy { } 
} 

block { 
   label dmc
   totweight 5440000
   nautocorr 0
   total_energy { -226.2788027166324   } 
   total_energyvar { 3.608156002956093   } 
   weight { 1.000325149340995   } 
   weightvar { 0.09187209898759297   } 
   kinetic_energy { 150.9528621623478   } 
   kinetic_energyvar { 1964.104597120539   } 
   potential_energy { -397.0982870524557   } 
   potential_energyvar { 2169.452989301673   } 
   nonlocal_energy { 19.86662217347547   } 
   nonlocal_energyvar { 776.5136006389591   } 
   autocorr_energy { } 
} 

block { 
   label dmc
   totweight 5440000
   nautocorr 0
   total_energy { -226.2760125152777   } 
   total_energyvar { 3.60149005153653   } 
   weight { 0.9982612372613806   } 
   weightvar { 0.08933722170736291   } 
   kinetic_energy { 151.2676429987982   } 
   kinetic_energyvar { 1984.342378710986   } 
   potential_energy { -397.3998977015267   } 
   potential_energyvar { 2184.543788860639   } 
   nonlocal_energy { 19.85624218745069   } 
   nonlocal_energyvar { 786.0520900296779   } 
   autocorr_energy { } 
} 

block { 
   label dmc
   totweight 5440000
   nautocorr 0
   total_energy { -226.2724359135152   } 
   total_energyvar { 3.614537899658899   } 
   weight { 0.9967253694178908   } 
   weightvar { 0.09177630412295812   } 
   kinetic_energy { 151.0191447023369   } 
   kinetic_energyvar { 1989.68510520949   } 
   potential_energy { -397.1534570223926   } 
   potential_energyvar { 2182.812733642466   } 
   nonlocal_energy { 19.86187640654046   } 
   nonlocal_energyvar { 797.0067718490518   } 
   autocorr_energy { } 
} 

block { 
   label dmc
   totweight 5440000
   nautocorr 0
   total_energy { -226.2746207192854   } 
   total_energyvar { 3.612922876694938   } 
   weight { 0.9954740750616108   } 
   weightvar { 0.09047249390285639   } 
   kinetic_energy { 150.5691891872486   } 
   kinetic_energyvar { 1984.081830603067   } 
   potential_energy { -396.7160525172629   } 
   potential_energyvar { 2186.775271110324   } 
   nonlocal_energy { 19.87224261072897   } 
   nonlocal_energyvar { 788.9900065915542   } 
   autocorr_energy { } 
} 

block { 
   label dmc
   totweight 5440000
   nautocorr 0
   total_energy { -226.2766039745357   } 
   total_energyvar { 3.540144406841137   } 
   weight { 0.9955021161083959   } 
   weightvar { 0.09217107226283439   } 
   kinetic_energy { 151.1280944934475   } 
   kinetic_energyvar { 1978.395614963712   } 
   potential_energy { -397.1395635128828   } 
   potential_energyvar { 2165.744396541588   } 
   nonlocal_energy { 19.7348650448996   } 
   nonlocal_energyvar { 787.413851060625   } 
   autocorr_energy { } 
} 

block { 
   label dmc
   totweight 5440000
   nautocorr 0
   total_energy { -226.2734784634396   } 
   total_energyvar { 3.601206144041498   } 
   weight { 0.9961540541454417   } 
   weightvar { 0.09132042586417566   } 
   kinetic_energy { 151.5222835262082   } 
   kinetic_energyvar { 1972.900607141833   } 
   potential_energy { -397.5463070315494   } 
   potential_energyvar { 2160.257947454491   } 
   nonlocal_energy { 19.75054504190159   } 
   nonlocal_energyvar { 780.994518719222   } 
   autocorr_energy { } 
} 

block { 
   label dmc
   totweight 5440000
   nautocorr 0
   total_energy { -226.2727310816562   } 
   total_energyvar { 3.614164852318936   } 
   weight { 0.9956496038160007   } 
   weightvar { 0.09400892420110496   } 
   kinetic_energy { 151.3414665781045   } 
   kinetic_energyvar { 1978.78707100837   } 
   potential_energy { -397.4952082819892   } 
   potential_energyvar { 2174.833979894698   } 
   nonlocal_energy { 19.88101062222842   } 
   nonlocal_energyvar { 784.080665931082   } 
   autocorr_energy { } 
} 

block { 
   label dmc
   totweight 5440000
   nautocorr 0
   total_energy { -226.2772682747398   } 
   total_energyvar { 3.610421015066095   } 
   weight { 0.9965849511512275   } 
   weightvar { 0.09268074473824117   } 
   kinetic_energy { 151.0367202674591   } 
   kinetic_energyvar { 1973.765071144349   } 
   potential_energy { -397.274267158923   } 
   potential_energyvar { 2169.283160829364   } 
   nonlocal_energy { 19.96027861672406   } 
   nonlocal_energyvar { 786.8844458099222   } 
   autocorr_energy { } 
} 

block { 
   label dmc
   totweight 5440000
   nautocorr 0
   total_energy { -226.277114118402   } 
   total_energyvar { 3.610653700212424   } 
   weight { 0.9973883855193563   } 
   weightvar { 0.09429690849886518   } 
   kinetic_energy { 150.994843560967   } 
   kinetic_energyvar { 1994.182593418296   } 
   potential_energy { -397.1834641628866   } 
   potential_energyvar { 2195.013640430028   } 
   nonlocal_energy { 19.9115064835176   } 
   nonlocal_energyvar { 786.8240642496443   } 
   autocorr_energy { } 
} 

block { 
   label dmc
   totweight 5440000
   nautocorr 0
   total_energy { -226.275271664878   } 
   total_energyvar { 3.59308970667189   } 
   weight { 0.9972394307783096   } 
   weightvar { 0.09471043371970622   } 
   kinetic_energy { 151.2538722635142   } 
   kinetic_energyvar { 1973.448092148297   } 
   potential_energy { -397.439951344982   } 
   potential_energyvar { 2168.767123328813   } 
   nonlocal_energy { 19.91080741658982   } 
   nonlocal_energyvar { 785.4731564636227   } 
   autocorr_energy { } 
} 

block { 
   label dmc
   totweight 5440000
   nautocorr 0
   total_energy { -226.2814568001897   } 
   total_energyvar { 3.634711308513943   } 
   weight { 0.9993522934242831   } 
   weightvar { 0.09543483751475101   } 
   kinetic_energy { 151.637644782432   } 
   kinetic_energyvar { 1980.099499702246   } 
   potential_energy { -397.828820048388   } 
   potential_energyvar { 2181.544999122649   } 
   nonlocal_energy { 19.90971846576622   } 
   nonlocal_energyvar { 785.9542558441009   } 
   autocorr_energy { } 
} 

block { 
   label dmc
   totweight 5440000
   nautocorr 0
   total_energy { -226.285470422232   } 
   total_energyvar { 3.628870820597513   } 
   weight { 1.002794980372518   } 
   weightvar { 0.09340335195501082   } 
   kinetic_energy { 151.3241178230611   } 
   kinetic_energyvar { 1993.032266705224   } 
   potential_energy { -397.4608908840401   } 
   potential_energyvar { 2176.995098338783   } 
   nonlocal_energy { 19.85130263874704   } 
   nonlocal_energyvar { 792.3165159449794   } 
   autocorr_energy { } 
} 

block { 
   label dmc
   totweight 5440000
   nautocorr 0
   total_energy { -226.2807514474342   } 
   total_energyvar { 3.568311807619466   } 
   weight { 1.003624939788899   } 
   weightvar { 0.09205635088370734   } 
   kinetic_energy { 151.1626985110391   } 
   kinetic_energyvar { 1975.712878396138   } 
   potential_energy { -397.254973766718   } 
   potential_energyvar { 2189.059647630929   } 
   nonlocal_energy { 19.81152380824469   } 
   nonlocal_energyvar { 775.3961378282913   } 
   autocorr_energy { } 
} 

