#-------------------------------------------------
#DMC run: timestep 0.0025
#-------------------------------------------------


init { 
   label dmc
}
block { 
   label dmc
   totweight 2560000
   nautocorr 0
   total_energy { -2.604784380906586   } 
   total_energyvar { 0.03939854765046125   } 
   weight { 0.9985576966731012   } 
   weightvar { 0.09443845773615511   } 
   kinetic_energy { 1.348709044036014   } 
   kinetic_energyvar { 1.764768210121006   } 
   potential_energy { -4.38248640172744   } 
   potential_energyvar { 2.425380517427747   } 
   nonlocal_energy { 0.4289929767848393   } 
   nonlocal_energyvar { 2.330120057326081   } 
   autocorr_energy { } 
} 

block { 
   label dmc
   totweight 2560000
   nautocorr 0
   total_energy { -2.604311061378151   } 
   total_energyvar { 0.03567885107115121   } 
   weight { 0.9977732829638677   } 
   weightvar { 0.09386755833999449   } 
   kinetic_energy { 1.361877409562111   } 
   kinetic_energyvar { 1.686756179247008   } 
   potential_energy { -4.392933498175661   } 
   potential_energyvar { 2.387199874868593   } 
   nonlocal_energy { 0.4267450272353981   } 
   nonlocal_energyvar { 2.224381299261431   } 
   autocorr_energy { } 
} 

block { 
   label dmc
   totweight 2560000
   nautocorr 0
   total_energy { -2.605107958318942   } 
   total_energyvar { 0.03983222929613817   } 
   weight { 0.9989147743510164   } 
   weightvar { 0.09344013069024426   } 
   kinetic_energy { 1.366409158926235   } 
   kinetic_energyvar { 1.79610145300316   } 
   potential_energy { -4.413049938644363   } 
   potential_energyvar { 2.521836564340742   } 
   nonlocal_energy { 0.4415328213991865   } 
   nonlocal_energyvar { 2.504894604366842   } 
   autocorr_energy { } 
} 

block { 
   label dmc
   totweight 2560000
   nautocorr 0
   total_energy { -2.604978974795246   } 
   total_energyvar { 0.0407036394021727   } 
   weight { 0.9989718988692795   } 
   weightvar { 0.09363908290384704   } 
   kinetic_energy { 1.361781085462074   } 
   kinetic_energyvar { 1.921010331109097   } 
   potential_energy { -4.391961680909233   } 
   potential_energyvar { 2.419831369884676   } 
   nonlocal_energy { 0.4252016206519137   } 
   nonlocal_energyvar { 2.434442242931958   } 
   autocorr_energy { } 
} 

block { 
   label dmc
   totweight 2560000
   nautocorr 0
   total_energy { -2.607648186235879   } 
   total_energyvar { 0.03598087201948896   } 
   weight { 0.9998457842098116   } 
   weightvar { 0.0944061013910622   } 
   kinetic_energy { 1.38458014835445   } 
   kinetic_energyvar { 1.806793008391958   } 
   potential_energy { -4.413932180663566   } 
   potential_energyvar { 2.495500344871648   } 
   nonlocal_energy { 0.4217038460732352   } 
   nonlocal_energyvar { 2.352855251078095   } 
   autocorr_energy { } 
} 

block { 
   label dmc
   totweight 2560000
   nautocorr 0
   total_energy { -2.605831327599314   } 
   total_energyvar { 0.03980247909568213   } 
   weight { 1.000668051299463   } 
   weightvar { 0.09665088607221484   } 
   kinetic_energy { 1.36824077037272   } 
   kinetic_energyvar { 1.823398183721899   } 
   potential_energy { -4.406148326090147   } 
   potential_energyvar { 2.518903515714332   } 
   nonlocal_energy { 0.4320762281181126   } 
   nonlocal_energyvar { 2.515646039057192   } 
   autocorr_energy { } 
} 

block { 
   label dmc
   totweight 2560000
   nautocorr 0
   total_energy { -2.605856024710651   } 
   total_energyvar { 0.03969739876632516   } 
   weight { 0.9993681288221482   } 
   weightvar { 0.09622325358346839   } 
   kinetic_energy { 1.379914504299765   } 
   kinetic_energyvar { 1.86810742787361   } 
   potential_energy { -4.414895486265163   } 
   potential_energyvar { 2.473780307749717   } 
   nonlocal_energy { 0.4291249572547465   } 
   nonlocal_energyvar { 2.400128763033925   } 
   autocorr_energy { } 
} 

block { 
   label dmc
   totweight 2560000
   nautocorr 0
   total_energy { -2.602358864966505   } 
   total_energyvar { 0.04226470971148544   } 
   weight { 0.9979200876725419   } 
   weightvar { 0.09579255286326138   } 
   kinetic_energy { 1.379288625861206   } 
   kinetic_energyvar { 1.799867458041223   } 
   potential_energy { -4.414561716900992   } 
   potential_energyvar { 2.411482433070383   } 
   nonlocal_energy { 0.4329142260732811   } 
   nonlocal_energyvar { 2.310150597734099   } 
   autocorr_energy { } 
} 

block { 
   label dmc
   totweight 2560000
   nautocorr 0
   total_energy { -2.603749256400339   } 
   total_energyvar { 0.04045566290991687   } 
   weight { 0.9971302644396385   } 
   weightvar { 0.09485599925401411   } 
   kinetic_energy { 1.387909146093179   } 
   kinetic_energyvar { 1.788326707785083   } 
   potential_energy { -4.442079013469556   } 
   potential_energyvar { 2.577008909570033   } 
   nonlocal_energy { 0.4504206109760375   } 
   nonlocal_energyvar { 2.500893592959904   } 
   autocorr_energy { } 
} 

block { 
   label dmc
   totweight 2560000
   nautocorr 0
   total_energy { -2.603865546762971   } 
   total_energyvar { 0.04706108887349103   } 
   weight { 0.9972169283075258   } 
   weightvar { 0.09480891404845748   } 
   kinetic_energy { 1.38909723271293   } 
   kinetic_energyvar { 2.00073380541295   } 
   potential_energy { -4.41664075513745   } 
   potential_energyvar { 2.482553671423236   } 
   nonlocal_energy { 0.4236779756615477   } 
   nonlocal_energyvar { 2.526129230630131   } 
   autocorr_energy { } 
} 

block { 
   label dmc
   totweight 2560000
   nautocorr 0
   total_energy { -2.60292976996447   } 
   total_energyvar { 0.03968094721167592   } 
   weight { 0.9970825754638359   } 
   weightvar { 0.0942798977260485   } 
   kinetic_energy { 1.363321974688043   } 
   kinetic_energyvar { 1.774525783600823   } 
   potential_energy { -4.388015118586399   } 
   potential_energyvar { 2.419597118606248   } 
   nonlocal_energy { 0.4217633739338854   } 
   nonlocal_energyvar { 2.300664404377791   } 
   autocorr_energy { } 
} 

block { 
   label dmc
   totweight 2560000
   nautocorr 0
   total_energy { -2.604061959469005   } 
   total_energyvar { 0.03525261175418848   } 
   weight { 0.9976649740372182   } 
   weightvar { 0.09494508963785087   } 
   kinetic_energy { 1.359538097039366   } 
   kinetic_energyvar { 1.688814477876003   } 
   potential_energy { -4.380411639207439   } 
   potential_energyvar { 2.422429330782172   } 
   nonlocal_energy { 0.4168115826990678   } 
   nonlocal_energyvar { 2.298221340100739   } 
   autocorr_energy { } 
} 

block { 
   label dmc
   totweight 2560000
   nautocorr 0
   total_energy { -2.606505129474524   } 
   total_energyvar { 0.04293094297127364   } 
   weight { 0.9989547117225169   } 
   weightvar { 0.09403379549916768   } 
   kinetic_energy { 1.36404941160638   } 
   kinetic_energyvar { 1.752638313570666   } 
   potential_energy { -4.388523177271484   } 
   potential_energyvar { 2.41832401971325   } 
   nonlocal_energy { 0.4179686361905796   } 
   nonlocal_energyvar { 2.266777652647431   } 
   autocorr_energy { } 
} 

block { 
   label dmc
   totweight 2560000
   nautocorr 0
   total_energy { -2.606741926489177   } 
   total_energyvar { 0.04165165003375204   } 
   weight { 0.9999993233988563   } 
   weightvar { 0.09468706008501171   } 
   kinetic_energy { 1.360903485727328   } 
   kinetic_energyvar { 1.857370506678886   } 
   potential_energy { -4.387510200106608   } 
   potential_energyvar { 2.427565840020183   } 
   nonlocal_energy { 0.4198647878901035   } 
   nonlocal_energyvar { 2.382785273443448   } 
   autocorr_energy { } 
} 

block { 
   label dmc
   totweight 2560000
   nautocorr 0
   total_energy { -2.605828730930504   } 
   total_energyvar { 0.04275829131909781   } 
   weight { 1.000209284789187   } 
   weightvar { 0.09425733041673467   } 
   kinetic_energy { 1.347022580451234   } 
   kinetic_energyvar { 1.747823506698099   } 
   potential_energy { -4.382502244044575   } 
   potential_energyvar { 2.383441425100759   } 
   nonlocal_energy { 0.4296509326628364   } 
   nonlocal_energyvar { 2.310525897587852   } 
   autocorr_energy { } 
} 

block { 
   label dmc
   totweight 2560000
   nautocorr 0
   total_energy { -2.604397687123181   } 
   total_energyvar { 0.03625523085464977   } 
   weight { 0.9988357720822282   } 
   weightvar { 0.09466380574065392   } 
   kinetic_energy { 1.346610196321267   } 
   kinetic_energyvar { 1.657621875908112   } 
   potential_energy { -4.366919983872145   } 
   potential_energyvar { 2.365319546606429   } 
   nonlocal_energy { 0.4159121004276976   } 
   nonlocal_energyvar { 2.191997205586007   } 
   autocorr_energy { } 
} 

block { 
   label dmc
   totweight 2560000
   nautocorr 0
   total_energy { -2.60558364966955   } 
   total_energyvar { 0.03965641727522851   } 
   weight { 0.999036553422422   } 
   weightvar { 0.09598439291394789   } 
   kinetic_energy { 1.362163424574981   } 
   kinetic_energyvar { 1.873482921579592   } 
   potential_energy { -4.394297159818715   } 
   potential_energyvar { 2.510339793300624   } 
   nonlocal_energy { 0.4265500855741833   } 
   nonlocal_energyvar { 2.518379628192939   } 
   autocorr_energy { } 
} 

block { 
   label dmc
   totweight 2560000
   nautocorr 0
   total_energy { -2.605324713883577   } 
   total_energyvar { 0.1104702429527169   } 
   weight { 0.9991795371958661   } 
   weightvar { 0.09496998745442486   } 
   kinetic_energy { 1.346594267397572   } 
   kinetic_energyvar { 2.748204261770709   } 
   potential_energy { -4.389574806737825   } 
   potential_energyvar { 2.555033594595773   } 
   nonlocal_energy { 0.4376558254566769   } 
   nonlocal_energyvar { 4.060456177101096   } 
   autocorr_energy { } 
} 

block { 
   label dmc
   totweight 2560000
   nautocorr 0
   total_energy { -2.605133044831605   } 
   total_energyvar { 0.04295959170123087   } 
   weight { 0.9985784347537352   } 
   weightvar { 0.09396323539986762   } 
   kinetic_energy { 1.364725329087753   } 
   kinetic_energyvar { 1.805302409539854   } 
   potential_energy { -4.385139092021332   } 
   potential_energyvar { 2.347911296888523   } 
   nonlocal_energy { 0.4152807181019721   } 
   nonlocal_energyvar { 2.296491782308753   } 
   autocorr_energy { } 
} 

block { 
   label dmc
   totweight 2560000
   nautocorr 0
   total_energy { -2.60437868098286   } 
   total_energyvar { 0.04148307477177582   } 
   weight { 0.9985464716537674   } 
   weightvar { 0.09340650854580768   } 
   kinetic_energy { 1.374332374184143   } 
   kinetic_energyvar { 1.774693335600815   } 
   potential_energy { -4.395320656734167   } 
   potential_energyvar { 2.339032631204564   } 
   nonlocal_energy { 0.4166096015671646   } 
   nonlocal_energyvar { 2.237102126578749   } 
   autocorr_energy { } 
} 

block { 
   label dmc
   totweight 2560000
   nautocorr 0
   total_energy { -2.605477911733678   } 
   total_energyvar { 0.04265525445256113   } 
   weight { 0.9987519862432961   } 
   weightvar { 0.094448531992672   } 
   kinetic_energy { 1.398805725668912   } 
   kinetic_energyvar { 2.053255801207652   } 
   potential_energy { -4.424202326611657   } 
   potential_energyvar { 2.427165786981725   } 
   nonlocal_energy { 0.4199186892090683   } 
   nonlocal_energyvar { 2.432385237780049   } 
   autocorr_energy { } 
} 

block { 
   label dmc
   totweight 2560000
   nautocorr 0
   total_energy { -2.604194513683308   } 
   total_energyvar { 0.03766940289447884   } 
   weight { 0.9985506852009636   } 
   weightvar { 0.09381093652838468   } 
   kinetic_energy { 1.35804135024884   } 
   kinetic_energyvar { 1.732079467289659   } 
   potential_energy { -4.391832713040185   } 
   potential_energyvar { 2.382636759395556   } 
   nonlocal_energy { 0.4295968491080377   } 
   nonlocal_energyvar { 2.340267328255541   } 
   autocorr_energy { } 
} 

block { 
   label dmc
   totweight 2560000
   nautocorr 0
   total_energy { -2.604390722981038   } 
   total_energyvar { 0.03732867842925636   } 
   weight { 0.9983103281923493   } 
   weightvar { 0.09348955487322286   } 
   kinetic_energy { 1.357724017940968   } 
   kinetic_energyvar { 1.767806495679154   } 
   potential_energy { -4.375949375096949   } 
   potential_energyvar { 2.355529992234736   } 
   nonlocal_energy { 0.4138346341749429   } 
   nonlocal_energyvar { 2.279724418728425   } 
   autocorr_energy { } 
} 

block { 
   label dmc
   totweight 2560000
   nautocorr 0
   total_energy { -2.604506355850207   } 
   total_energyvar { 0.04276548297462845   } 
   weight { 0.9984637179072664   } 
   weightvar { 0.09379079782751898   } 
   kinetic_energy { 1.371719586715022   } 
   kinetic_energyvar { 2.145420895444954   } 
   potential_energy { -4.40701884418703   } 
   potential_energyvar { 2.566979217166988   } 
   nonlocal_energy { 0.4307929016218021   } 
   nonlocal_energyvar { 2.829462163599013   } 
   autocorr_energy { } 
} 

block { 
   label dmc
   totweight 2560000
   nautocorr 0
   total_energy { -2.603989888396462   } 
   total_energyvar { 0.04156781826643474   } 
   weight { 0.9982042227143789   } 
   weightvar { 0.09359809347402726   } 
   kinetic_energy { 1.369745179960586   } 
   kinetic_energyvar { 1.933725941328149   } 
   potential_energy { -4.387331736615193   } 
   potential_energyvar { 2.393404532570077   } 
   nonlocal_energy { 0.4135966682581451   } 
   nonlocal_energyvar { 2.376576611616209   } 
   autocorr_energy { } 
} 

block { 
   label dmc
   totweight 2560000
   nautocorr 0
   total_energy { -2.604987503313436   } 
   total_energyvar { 0.0411857277008556   } 
   weight { 0.9977991326994197   } 
   weightvar { 0.09318859940461377   } 
   kinetic_energy { 1.365363842301857   } 
   kinetic_energyvar { 2.014193303691266   } 
   potential_energy { -4.414614555800745   } 
   potential_energyvar { 2.547224515077307   } 
   nonlocal_energy { 0.4442632101854513   } 
   nonlocal_energyvar { 2.694037452242544   } 
   autocorr_energy { } 
} 

block { 
   label dmc
   totweight 2560000
   nautocorr 0
   total_energy { -2.603384028616157   } 
   total_energyvar { 0.03870041834222082   } 
   weight { 0.9984446025793128   } 
   weightvar { 0.09351736021376889   } 
   kinetic_energy { 1.377184509591405   } 
   kinetic_energyvar { 1.799651338019577   } 
   potential_energy { -4.410195716244794   } 
   potential_energyvar { 2.46603128638602   } 
   nonlocal_energy { 0.4296271780372323   } 
   nonlocal_energyvar { 2.343687240777897   } 
   autocorr_energy { } 
} 

block { 
   label dmc
   totweight 2560000
   nautocorr 0
   total_energy { -2.605841641173434   } 
   total_energyvar { 0.03823627903845583   } 
   weight { 0.9981533281354988   } 
   weightvar { 0.09288341640171927   } 
   kinetic_energy { 1.366632382986387   } 
   kinetic_energyvar { 1.816767196520618   } 
   potential_energy { -4.388936101415367   } 
   potential_energyvar { 2.434231048238743   } 
   nonlocal_energy { 0.4164620772555466   } 
   nonlocal_energyvar { 2.291760524285619   } 
   autocorr_energy { } 
} 

block { 
   label dmc
   totweight 2560000
   nautocorr 0
   total_energy { -2.605920853931254   } 
   total_energyvar { 0.04065032644163225   } 
   weight { 0.9990003028696784   } 
   weightvar { 0.09294989367789053   } 
   kinetic_energy { 1.348544472835042   } 
   kinetic_energyvar { 1.899142352768539   } 
   potential_energy { -4.39350206821449   } 
   potential_energyvar { 2.480153453574754   } 
   nonlocal_energy { 0.4390367414481922   } 
   nonlocal_energyvar { 2.587961318327813   } 
   autocorr_energy { } 
} 

block { 
   label dmc
   totweight 2560000
   nautocorr 0
   total_energy { -2.604842953851884   } 
   total_energyvar { 0.03859081854318003   } 
   weight { 0.9995674955567342   } 
   weightvar { 0.0932413575098936   } 
   kinetic_energy { 1.356107546437982   } 
   kinetic_energyvar { 1.827130026409737   } 
   potential_energy { -4.375337773392432   } 
   potential_energyvar { 2.353251857299743   } 
   nonlocal_energy { 0.4143872731025666   } 
   nonlocal_energyvar { 2.312695260306041   } 
   autocorr_energy { } 
} 

block { 
   label dmc
   totweight 2560000
   nautocorr 0
   total_energy { -2.604558677533499   } 
   total_energyvar { 0.03894917316897484   } 
   weight { 0.9990697879292766   } 
   weightvar { 0.09383740572812926   } 
   kinetic_energy { 1.383678070142123   } 
   kinetic_energyvar { 1.801270013396038   } 
   potential_energy { -4.400865181526625   } 
   potential_energyvar { 2.402871039096816   } 
   nonlocal_energy { 0.4126284338510041   } 
   nonlocal_energyvar { 2.248185048152498   } 
   autocorr_energy { } 
} 

block { 
   label dmc
   totweight 2560000
   nautocorr 0
   total_energy { -2.604753594959282   } 
   total_energyvar { 0.03882540054863881   } 
   weight { 0.9986104723482268   } 
   weightvar { 0.09250690287936747   } 
   kinetic_energy { 1.391758419800466   } 
   kinetic_energyvar { 1.757045063599458   } 
   potential_energy { -4.426864991285774   } 
   potential_energyvar { 2.425437173443765   } 
   nonlocal_energy { 0.4303529765260258   } 
   nonlocal_energyvar { 2.299920070642409   } 
   autocorr_energy { } 
} 

block { 
   label dmc
   totweight 2560000
   nautocorr 0
   total_energy { -2.605418746645616   } 
   total_energyvar { 0.0424662757590708   } 
   weight { 0.9988291917422423   } 
   weightvar { 0.09262933592811728   } 
   kinetic_energy { 1.390401669951901   } 
   kinetic_energyvar { 1.920618254124775   } 
   potential_energy { -4.431996355469774   } 
   potential_energyvar { 2.54515564087162   } 
   nonlocal_energy { 0.4361759388722575   } 
   nonlocal_energyvar { 2.602836414075671   } 
   autocorr_energy { } 
} 

block { 
   label dmc
   totweight 2560000
   nautocorr 0
   total_energy { -2.604467718702285   } 
   total_energyvar { 0.03815221497351118   } 
   weight { 0.9986433469816062   } 
   weightvar { 0.09374294346740342   } 
   kinetic_energy { 1.379718549602791   } 
   kinetic_energyvar { 1.781666396127233   } 
   potential_energy { -4.438811944412917   } 
   potential_energyvar { 2.61852468422213   } 
   nonlocal_energy { 0.4546256761078407   } 
   nonlocal_energyvar { 2.5545109662348   } 
   autocorr_energy { } 
} 

block { 
   label dmc
   totweight 2560000
   nautocorr 0
   total_energy { -2.605569741644423   } 
   total_energyvar { 0.03893425482920687   } 
   weight { 0.9990057710614415   } 
   weightvar { 0.09438053359247323   } 
   kinetic_energy { 1.370645954755943   } 
   kinetic_energyvar { 1.858904557989064   } 
   potential_energy { -4.422671252552855   } 
   potential_energyvar { 2.490032938803306   } 
   nonlocal_energy { 0.4464555561524901   } 
   nonlocal_energyvar { 2.588831951471525   } 
   autocorr_energy { } 
} 

block { 
   label dmc
   totweight 2560000
   nautocorr 0
   total_energy { -2.607085914193658   } 
   total_energyvar { 0.03713864324028116   } 
   weight { 0.9997994624629766   } 
   weightvar { 0.0946759946150586   } 
   kinetic_energy { 1.377740749624016   } 
   kinetic_energyvar { 1.786224679134157   } 
   potential_energy { -4.422877368524359   } 
   potential_energyvar { 2.435598591963643   } 
   nonlocal_energy { 0.4380507047066868   } 
   nonlocal_energyvar { 2.374800973211103   } 
   autocorr_energy { } 
} 

block { 
   label dmc
   totweight 2560000
   nautocorr 0
   total_energy { -2.605602652669591   } 
   total_energyvar { 0.03980951464909932   } 
   weight { 1.00000022085232   } 
   weightvar { 0.09577736721202879   } 
   kinetic_energy { 1.381582131331439   } 
   kinetic_energyvar { 1.752848627998486   } 
   potential_energy { -4.421806320968488   } 
   potential_energyvar { 2.476713869139985   } 
   nonlocal_energy { 0.4346215369674592   } 
   nonlocal_energyvar { 2.39058590693107   } 
   autocorr_energy { } 
} 

block { 
   label dmc
   totweight 2560000
   nautocorr 0
   total_energy { -2.604975596076836   } 
   total_energyvar { 0.04000459059839212   } 
   weight { 0.9992751146749097   } 
   weightvar { 0.09511991837405853   } 
   kinetic_energy { 1.376162922246857   } 
   kinetic_energyvar { 1.923946108602897   } 
   potential_energy { -4.407843172934445   } 
   potential_energyvar { 2.539726372738453   } 
   nonlocal_energy { 0.4267046546107521   } 
   nonlocal_energyvar { 2.548148407985733   } 
   autocorr_energy { } 
} 

block { 
   label dmc
   totweight 2560000
   nautocorr 0
   total_energy { -2.60491615747845   } 
   total_energyvar { 0.03737408724001767   } 
   weight { 0.9989182739147938   } 
   weightvar { 0.09449817885555856   } 
   kinetic_energy { 1.367648935961578   } 
   kinetic_energyvar { 1.716334997454949   } 
   potential_energy { -4.409563859572869   } 
   potential_energyvar { 2.42412954942554   } 
   nonlocal_energy { 0.4369987661328417   } 
   nonlocal_energyvar { 2.371237506164473   } 
   autocorr_energy { } 
} 

block { 
   label dmc
   totweight 2560000
   nautocorr 0
   total_energy { -2.605909790719724   } 
   total_energyvar { 0.03829975812031261   } 
   weight { 0.9990454374606706   } 
   weightvar { 0.09438278902425301   } 
   kinetic_energy { 1.371798304733569   } 
   kinetic_energyvar { 1.79698190060744   } 
   potential_energy { -4.404899520116697   } 
   potential_energyvar { 2.442761158053258   } 
   nonlocal_energy { 0.4271914246634039   } 
   nonlocal_energyvar { 2.39536350729801   } 
   autocorr_energy { } 
} 

block { 
   label dmc
   totweight 2560000
   nautocorr 0
   total_energy { -2.60462499698189   } 
   total_energyvar { 0.03937854813151898   } 
   weight { 0.999034519915175   } 
   weightvar { 0.0951525396545867   } 
   kinetic_energy { 1.389249748728038   } 
   kinetic_energyvar { 1.766793714851977   } 
   potential_energy { -4.415279044466731   } 
   potential_energyvar { 2.447884643117757   } 
   nonlocal_energy { 0.4214042987568029   } 
   nonlocal_energyvar { 2.32027277377096   } 
   autocorr_energy { } 
} 

block { 
   label dmc
   totweight 2560000
   nautocorr 0
   total_energy { -2.604246873931874   } 
   total_energyvar { 0.04192855275690643   } 
   weight { 0.998396413607369   } 
   weightvar { 0.09598116823607339   } 
   kinetic_energy { 1.372400374895272   } 
   kinetic_energyvar { 1.851094262986539   } 
   potential_energy { -4.403301247750479   } 
   potential_energyvar { 2.468358512010909   } 
   nonlocal_energy { 0.426653998923333   } 
   nonlocal_energyvar { 2.475328798294929   } 
   autocorr_energy { } 
} 

block { 
   label dmc
   totweight 2560000
   nautocorr 0
   total_energy { -2.604610840409832   } 
   total_energyvar { 0.03663071343082702   } 
   weight { 0.9981710785204366   } 
   weightvar { 0.09547869769555306   } 
   kinetic_energy { 1.368296917376278   } 
   kinetic_energyvar { 1.723280938622159   } 
   potential_energy { -4.389828484310815   } 
   potential_energyvar { 2.528157143102771   } 
   nonlocal_energy { 0.4169207265247065   } 
   nonlocal_energyvar { 2.412109596294146   } 
   autocorr_energy { } 
} 

block { 
   label dmc
   totweight 2560000
   nautocorr 0
   total_energy { -2.606253423489454   } 
   total_energyvar { 0.04121446368963788   } 
   weight { 0.9987469459102586   } 
   weightvar { 0.09491732722043233   } 
   kinetic_energy { 1.370486074210938   } 
   kinetic_energyvar { 1.896161403417816   } 
   potential_energy { -4.407419837996304   } 
   potential_energyvar { 2.541636108780455   } 
   nonlocal_energy { 0.4306803402959107   } 
   nonlocal_energyvar { 2.593402208751511   } 
   autocorr_energy { } 
} 

block { 
   label dmc
   totweight 2560000
   nautocorr 0
   total_energy { -2.604172403420837   } 
   total_energyvar { 0.04418236998147407   } 
   weight { 0.9987517415359373   } 
   weightvar { 0.09310841677464043   } 
   kinetic_energy { 1.363134713910032   } 
   kinetic_energyvar { 1.822657662643239   } 
   potential_energy { -4.388435398130085   } 
   potential_energyvar { 2.404593854041327   } 
   nonlocal_energy { 0.4211282807992154   } 
   nonlocal_energyvar { 2.469644095376743   } 
   autocorr_energy { } 
} 

block { 
   label dmc
   totweight 2560000
   nautocorr 0
   total_energy { -2.605458037045921   } 
   total_energyvar { 0.03792582800424604   } 
   weight { 0.998159483170705   } 
   weightvar { 0.09320562586875858   } 
   kinetic_energy { 1.36243637110058   } 
   kinetic_energyvar { 1.729863364571723   } 
   potential_energy { -4.389830174193852   } 
   potential_energyvar { 2.347996950701056   } 
   nonlocal_energy { 0.4219357660473522   } 
   nonlocal_energyvar { 2.217697348041299   } 
   autocorr_energy { } 
} 

block { 
   label dmc
   totweight 2560000
   nautocorr 0
   total_energy { -2.604086424175891   } 
   total_energyvar { 0.03918346825456442   } 
   weight { 0.9985681368666337   } 
   weightvar { 0.09411304169568158   } 
   kinetic_energy { 1.353254871721548   } 
   kinetic_energyvar { 1.717886754889469   } 
   potential_energy { -4.384466603749056   } 
   potential_energyvar { 2.358737641320076   } 
   nonlocal_energy { 0.4271253078516166   } 
   nonlocal_energyvar { 2.302727267859056   } 
   autocorr_energy { } 
} 

block { 
   label dmc
   totweight 2560000
   nautocorr 0
   total_energy { -2.604492263196808   } 
   total_energyvar { 0.04163360358933765   } 
   weight { 0.9979708113254299   } 
   weightvar { 0.09425033781177405   } 
   kinetic_energy { 1.372690066337   } 
   kinetic_energyvar { 1.87120959061555   } 
   potential_energy { -4.400404293070125   } 
   potential_energyvar { 2.535470746572241   } 
   nonlocal_energy { 0.4232219635363179   } 
   nonlocal_energyvar { 2.484923796857823   } 
   autocorr_energy { } 
} 

block { 
   label dmc
   totweight 2560000
   nautocorr 0
   total_energy { -2.603936663707505   } 
   total_energyvar { 0.04358745194515468   } 
   weight { 0.9975834337409971   } 
   weightvar { 0.09509736473821573   } 
   kinetic_energy { 1.3811798951538   } 
   kinetic_energyvar { 1.8734949440061   } 
   potential_energy { -4.394561906601451   } 
   potential_energyvar { 2.435207150697906   } 
   nonlocal_energy { 0.4094453477401471   } 
   nonlocal_energyvar { 2.303081562858968   } 
   autocorr_energy { } 
} 

block { 
   label dmc
   totweight 2560000
   nautocorr 0
   total_energy { -2.604041643155824   } 
   total_energyvar { 0.04091465786143633   } 
   weight { 0.9977660540588875   } 
   weightvar { 0.09656957325253901   } 
   kinetic_energy { 1.366218841009999   } 
   kinetic_energyvar { 1.882200617711993   } 
   potential_energy { -4.396078271943958   } 
   potential_energyvar { 2.474293716722567   } 
   nonlocal_energy { 0.4258177877781356   } 
   nonlocal_energyvar { 2.434940006588761   } 
   autocorr_energy { } 
} 

block { 
   label dmc
   totweight 2560000
   nautocorr 0
   total_energy { -2.605570125044673   } 
   total_energyvar { 0.04040946482329488   } 
   weight { 0.9983449720773213   } 
   weightvar { 0.09687127091713466   } 
   kinetic_energy { 1.36719195073492   } 
   kinetic_energyvar { 1.855713796082342   } 
   potential_energy { -4.393696934952912   } 
   potential_energyvar { 2.395203152025246   } 
   nonlocal_energy { 0.4209348591733189   } 
   nonlocal_energyvar { 2.362014107689996   } 
   autocorr_energy { } 
} 

block { 
   label dmc
   totweight 2560000
   nautocorr 0
   total_energy { -2.605081363279829   } 
   total_energyvar { 0.03843496308780914   } 
   weight { 0.9985405837600833   } 
   weightvar { 0.09605151206746609   } 
   kinetic_energy { 1.359616579908376   } 
   kinetic_energyvar { 1.735850696865721   } 
   potential_energy { -4.38410667099524   } 
   potential_energyvar { 2.428950785059023   } 
   nonlocal_energy { 0.4194087278070348   } 
   nonlocal_energyvar { 2.301875149839005   } 
   autocorr_energy { } 
} 

block { 
   label dmc
   totweight 2560000
   nautocorr 0
   total_energy { -2.605068824275375   } 
   total_energyvar { 0.03737151169316633   } 
   weight { 0.9990093377814763   } 
   weightvar { 0.09645744292568625   } 
   kinetic_energy { 1.348479091645394   } 
   kinetic_energyvar { 1.713269559909002   } 
   potential_energy { -4.359532361481732   } 
   potential_energyvar { 2.366990581999616   } 
   nonlocal_energy { 0.4059844455609644   } 
   nonlocal_energyvar { 2.180232861134776   } 
   autocorr_energy { } 
} 

block { 
   label dmc
   totweight 2560000
   nautocorr 0
   total_energy { -2.603446250256557   } 
   total_energyvar { 0.03683344141387668   } 
   weight { 0.9983747142681374   } 
   weightvar { 0.09563654030636326   } 
   kinetic_energy { 1.3472653488065   } 
   kinetic_energyvar { 1.682251570824419   } 
   potential_energy { -4.375617374706398   } 
   potential_energyvar { 2.402117367136466   } 
   nonlocal_energy { 0.4249057756433394   } 
   nonlocal_energyvar { 2.271019814415579   } 
   autocorr_energy { } 
} 

block { 
   label dmc
   totweight 2560000
   nautocorr 0
   total_energy { -2.604320970709268   } 
   total_energyvar { 0.03833770599883746   } 
   weight { 0.9980420140691804   } 
   weightvar { 0.09524040505465148   } 
   kinetic_energy { 1.373705869180252   } 
   kinetic_energyvar { 1.871495050730381   } 
   potential_energy { -4.402553078191159   } 
   potential_energyvar { 2.47100487454772   } 
   nonlocal_energy { 0.4245262383016398   } 
   nonlocal_energyvar { 2.429299031021993   } 
   autocorr_energy { } 
} 

block { 
   label dmc
   totweight 2560000
   nautocorr 0
   total_energy { -2.606721194196557   } 
   total_energyvar { 0.04068192926562642   } 
   weight { 0.9989595855402488   } 
   weightvar { 0.09493076080929375   } 
   kinetic_energy { 1.364871878874112   } 
   kinetic_energyvar { 1.814237431959614   } 
   potential_energy { -4.413744861343303   } 
   potential_energyvar { 2.444869712627856   } 
   nonlocal_energy { 0.4421517882726328   } 
   nonlocal_energyvar { 2.463253952032522   } 
   autocorr_energy { } 
} 

block { 
   label dmc
   totweight 2560000
   nautocorr 0
   total_energy { -2.605771750672354   } 
   total_energyvar { 0.04117545467459127   } 
   weight { 0.999773723265926   } 
   weightvar { 0.09388390280079717   } 
   kinetic_energy { 1.375282251698728   } 
   kinetic_energyvar { 1.868745403434001   } 
   potential_energy { -4.417026506532705   } 
   potential_energyvar { 2.516557489185537   } 
   nonlocal_energy { 0.4359725041616221   } 
   nonlocal_energyvar { 2.455862942398231   } 
   autocorr_energy { } 
} 

block { 
   label dmc
   totweight 2560000
   nautocorr 0
   total_energy { -2.604792458293202   } 
   total_energyvar { 0.04141896956286928   } 
   weight { 0.9987843756667566   } 
   weightvar { 0.09417793161002919   } 
   kinetic_energy { 1.365608329992476   } 
   kinetic_energyvar { 1.917818962269795   } 
   potential_energy { -4.395042253531778   } 
   potential_energyvar { 2.480695526162584   } 
   nonlocal_energy { 0.4246414652461001   } 
   nonlocal_energyvar { 2.455603167307023   } 
   autocorr_energy { } 
} 

block { 
   label dmc
   totweight 2560000
   nautocorr 0
   total_energy { -2.605833437470963   } 
   total_energyvar { 0.04081432959576681   } 
   weight { 0.998939524940198   } 
   weightvar { 0.09489532534331124   } 
   kinetic_energy { 1.365888686147273   } 
   kinetic_energyvar { 1.98722371021076   } 
   potential_energy { -4.414404803845991   } 
   potential_energyvar { 2.520493739058065   } 
   nonlocal_energy { 0.4426826802277552   } 
   nonlocal_energyvar { 2.641030235555884   } 
   autocorr_energy { } 
} 

block { 
   label dmc
   totweight 2560000
   nautocorr 0
   total_energy { -2.60402412879602   } 
   total_energyvar { 0.03814764572669471   } 
   weight { 0.9988084757413295   } 
   weightvar { 0.09409026304819934   } 
   kinetic_energy { 1.375121717787299   } 
   kinetic_energyvar { 1.796309724580526   } 
   potential_energy { -4.400228790669172   } 
   potential_energyvar { 2.463270418056709   } 
   nonlocal_energy { 0.4210829440858527   } 
   nonlocal_energyvar { 2.349897157097528   } 
   autocorr_energy { } 
} 

block { 
   label dmc
   totweight 2560000
   nautocorr 0
   total_energy { -2.604003693381363   } 
   total_energyvar { 0.03806408620967794   } 
   weight { 0.9982086122936241   } 
   weightvar { 0.09414663741821971   } 
   kinetic_energy { 1.358471222434024   } 
   kinetic_energyvar { 1.754738098994263   } 
   potential_energy { -4.395584760318758   } 
   potential_energyvar { 2.495155104359164   } 
   nonlocal_energy { 0.4331098445033701   } 
   nonlocal_energyvar { 2.395365335764011   } 
   autocorr_energy { } 
} 

block { 
   label dmc
   totweight 2560000
   nautocorr 0
   total_energy { -2.603298159908978   } 
   total_energyvar { 0.0411501819561515   } 
   weight { 0.9975554707464537   } 
   weightvar { 0.09382269039373614   } 
   kinetic_energy { 1.368927543817427   } 
   kinetic_energyvar { 1.890690846203411   } 
   potential_energy { -4.403856132575415   } 
   potential_energyvar { 2.482906314392913   } 
   nonlocal_energy { 0.4316304288490106   } 
   nonlocal_energyvar { 2.45437719833692   } 
   autocorr_energy { } 
} 

block { 
   label dmc
   totweight 2560000
   nautocorr 0
   total_energy { -2.601965202535333   } 
   total_energyvar { 0.03782271198827569   } 
   weight { 0.9970399837303525   } 
   weightvar { 0.09526520659759907   } 
   kinetic_energy { 1.373386225301934   } 
   kinetic_energyvar { 1.861381483033258   } 
   potential_energy { -4.40631701214248   } 
   potential_energyvar { 2.489337635770877   } 
   nonlocal_energy { 0.4309655843052129   } 
   nonlocal_energyvar { 2.456228770795901   } 
   autocorr_energy { } 
} 

block { 
   label dmc
   totweight 2560000
   nautocorr 0
   total_energy { -2.602827602576139   } 
   total_energyvar { 0.04103920636614067   } 
   weight { 0.9965617623991924   } 
   weightvar { 0.09457704084147711   } 
   kinetic_energy { 1.368096528182964   } 
   kinetic_energyvar { 1.797750421358484   } 
   potential_energy { -4.397627793831618   } 
   potential_energyvar { 2.490296351341978   } 
   nonlocal_energy { 0.4267036630725141   } 
   nonlocal_energyvar { 2.468965455373224   } 
   autocorr_energy { } 
} 

block { 
   label dmc
   totweight 2560000
   nautocorr 0
   total_energy { -2.60442895884256   } 
   total_energyvar { 0.04002685610437862   } 
   weight { 0.9968584755967269   } 
   weightvar { 0.09584471047628029   } 
   kinetic_energy { 1.361113785269898   } 
   kinetic_energyvar { 1.771697131478249   } 
   potential_energy { -4.38727462359407   } 
   potential_energyvar { 2.428038864353429   } 
   nonlocal_energy { 0.4217318794816122   } 
   nonlocal_energyvar { 2.358219496453086   } 
   autocorr_energy { } 
} 

block { 
   label dmc
   totweight 2560000
   nautocorr 0
   total_energy { -2.604608503210775   } 
   total_energyvar { 0.04023908746811156   } 
   weight { 0.9985777013870091   } 
   weightvar { 0.09484427647275673   } 
   kinetic_energy { 1.349925450885521   } 
   kinetic_energyvar { 1.966562550136035   } 
   potential_energy { -4.382923986963463   } 
   potential_energyvar { 2.45075232048028   } 
   nonlocal_energy { 0.4283900328671665   } 
   nonlocal_energyvar { 2.634451225051296   } 
   autocorr_energy { } 
} 

block { 
   label dmc
   totweight 2560000
   nautocorr 0
   total_energy { -2.604609973097794   } 
   total_energyvar { 0.04018430160266551   } 
   weight { 0.9978675487172004   } 
   weightvar { 0.09422560476265329   } 
   kinetic_energy { 1.360928777778769   } 
   kinetic_energyvar { 1.831796994603446   } 
   potential_energy { -4.396916490054147   } 
   potential_energyvar { 2.421578953666458   } 
   nonlocal_energy { 0.4313777391775835   } 
   nonlocal_energyvar { 2.504399692403856   } 
   autocorr_energy { } 
} 

block { 
   label dmc
   totweight 2560000
   nautocorr 0
   total_energy { -2.603886287239543   } 
   total_energyvar { 0.04076267081959006   } 
   weight { 0.9983387223365578   } 
   weightvar { 0.09397351007623578   } 
   kinetic_energy { 1.363714713114189   } 
   kinetic_energyvar { 1.709316858042591   } 
   potential_energy { -4.397277250494763   } 
   potential_energyvar { 2.393507367442037   } 
   nonlocal_energy { 0.4296762501410305   } 
   nonlocal_energyvar { 2.27783083619634   } 
   autocorr_energy { } 
} 

block { 
   label dmc
   totweight 2560000
   nautocorr 0
   total_energy { -2.606815316462625   } 
   total_energyvar { 0.04413746653970918   } 
   weight { 0.9985011356845269   } 
   weightvar { 0.09344475424099241   } 
   kinetic_energy { 1.349454422084188   } 
   kinetic_energyvar { 1.799718309497471   } 
   potential_energy { -4.398395113680152   } 
   potential_energyvar { 2.950511198310412   } 
   nonlocal_energy { 0.4421253751333394   } 
   nonlocal_energyvar { 2.969703109013291   } 
   autocorr_energy { } 
} 

block { 
   label dmc
   totweight 2560000
   nautocorr 0
   total_energy { -2.606229442820301   } 
   total_energyvar { 0.03940312572880167   } 
   weight { 0.9997469804394393   } 
   weightvar { 0.09335834001335941   } 
   kinetic_energy { 1.351988913275343   } 
   kinetic_energyvar { 1.842683692979917   } 
   potential_energy { -4.402036491125703   } 
   potential_energyvar { 2.462360429182414   } 
   nonlocal_energy { 0.4438181350300585   } 
   nonlocal_energyvar { 2.489263064925532   } 
   autocorr_energy { } 
} 

block { 
   label dmc
   totweight 2560000
   nautocorr 0
   total_energy { -2.605253977395756   } 
   total_energyvar { 0.04385699499645845   } 
   weight { 0.9992660378776469   } 
   weightvar { 0.09306485791893959   } 
   kinetic_energy { 1.336629753278862   } 
   kinetic_energyvar { 1.915202935272579   } 
   potential_energy { -4.382136366222826   } 
   potential_energyvar { 2.597177637515586   } 
   nonlocal_energy { 0.4402526355482069   } 
   nonlocal_energyvar { 2.644410412869473   } 
   autocorr_energy { } 
} 

block { 
   label dmc
   totweight 2560000
   nautocorr 0
   total_energy { -2.604225675713077   } 
   total_energyvar { 0.04034482079298218   } 
   weight { 0.9983959177635675   } 
   weightvar { 0.09265573781447634   } 
   kinetic_energy { 1.348054200360682   } 
   kinetic_energyvar { 1.795085744315124   } 
   potential_energy { -4.372329276938071   } 
   potential_energyvar { 2.440867788679597   } 
   nonlocal_energy { 0.4200494008643128   } 
   nonlocal_energyvar { 2.3428630822199   } 
   autocorr_energy { } 
} 

block { 
   label dmc
   totweight 2560000
   nautocorr 0
   total_energy { -2.605977091940572   } 
   total_energyvar { 0.03593201259839685   } 
   weight { 0.9991182634934761   } 
   weightvar { 0.09280470510614247   } 
   kinetic_energy { 1.350120630116037   } 
   kinetic_energyvar { 1.697337015076682   } 
   potential_energy { -4.388095511811716   } 
   potential_energyvar { 2.444380966673421   } 
   nonlocal_energy { 0.4319977897551061   } 
   nonlocal_energyvar { 2.346579070012889   } 
   autocorr_energy { } 
} 

block { 
   label dmc
   totweight 2560000
   nautocorr 0
   total_energy { -2.605079851933747   } 
   total_energyvar { 0.04538000023006905   } 
   weight { 0.999277262138209   } 
   weightvar { 0.09347442826714636   } 
   kinetic_energy { 1.366788496398061   } 
   kinetic_energyvar { 1.774712333942541   } 
   potential_energy { -4.380640462277618   } 
   potential_energyvar { 2.388070676567065   } 
   nonlocal_energy { 0.4087721139458101   } 
   nonlocal_energyvar { 2.175012810280547   } 
   autocorr_energy { } 
} 

block { 
   label dmc
   totweight 2560000
   nautocorr 0
   total_energy { -2.604089021754164   } 
   total_energyvar { 0.03872876118356228   } 
   weight { 0.9988585042406239   } 
   weightvar { 0.09260504329591857   } 
   kinetic_energy { 1.376813123859942   } 
   kinetic_energyvar { 1.803513348184128   } 
   potential_energy { -4.40530444007187   } 
   potential_energyvar { 2.446106820837596   } 
   nonlocal_energy { 0.4244022944577623   } 
   nonlocal_energyvar { 2.340149135713906   } 
   autocorr_energy { } 
} 

block { 
   label dmc
   totweight 2560000
   nautocorr 0
   total_energy { -2.604170187060314   } 
   total_energyvar { 0.0428724815974828   } 
   weight { 0.9978436103472672   } 
   weightvar { 0.09343518595872902   } 
   kinetic_energy { 1.36943947620686   } 
   kinetic_energyvar { 1.885004698222477   } 
   potential_energy { -4.424839940675382   } 
   potential_energyvar { 2.671331472400269   } 
   nonlocal_energy { 0.4512302774082081   } 
   nonlocal_energyvar { 2.692110168770728   } 
   autocorr_energy { } 
} 

block { 
   label dmc
   totweight 2560000
   nautocorr 0
   total_energy { -2.604448075962112   } 
   total_energyvar { 0.04103414572543951   } 
   weight { 0.9976871111094872   } 
   weightvar { 0.09357221913280189   } 
   kinetic_energy { 1.374607888377065   } 
   kinetic_energyvar { 1.896823178312786   } 
   potential_energy { -4.40027561929507   } 
   potential_energyvar { 2.51009013369703   } 
   nonlocal_energy { 0.4212196549558915   } 
   nonlocal_energyvar { 2.468516911289385   } 
   autocorr_energy { } 
} 

block { 
   label dmc
   totweight 2560000
   nautocorr 0
   total_energy { -2.605238307757597   } 
   total_energyvar { 0.0380103996779475   } 
   weight { 0.9981558725866447   } 
   weightvar { 0.09295989309460273   } 
   kinetic_energy { 1.365900849999481   } 
   kinetic_energyvar { 1.835800378179171   } 
   potential_energy { -4.381820613946595   } 
   potential_energyvar { 2.388342573092345   } 
   nonlocal_energy { 0.410681456189516   } 
   nonlocal_energyvar { 2.290203844940503   } 
   autocorr_energy { } 
} 

block { 
   label dmc
   totweight 2560000
   nautocorr 0
   total_energy { -2.606117577214183   } 
   total_energyvar { 0.04164176662986385   } 
   weight { 0.9992180116956668   } 
   weightvar { 0.09241561173588209   } 
   kinetic_energy { 1.379934077249034   } 
   kinetic_energyvar { 1.872220939690739   } 
   potential_energy { -4.400844994188406   } 
   potential_energyvar { 2.401945770856315   } 
   nonlocal_energy { 0.4147933397251877   } 
   nonlocal_energyvar { 2.314574432357426   } 
   autocorr_energy { } 
} 

block { 
   label dmc
   totweight 2560000
   nautocorr 0
   total_energy { -2.606253883253655   } 
   total_energyvar { 0.04127410418485322   } 
   weight { 0.999480457468606   } 
   weightvar { 0.09284219817264505   } 
   kinetic_energy { 1.382440244454641   } 
   kinetic_energyvar { 1.904340041787659   } 
   potential_energy { -4.418986079775225   } 
   potential_energyvar { 2.459280326532809   } 
   nonlocal_energy { 0.4302919520669288   } 
   nonlocal_energyvar { 2.433354441388694   } 
   autocorr_energy { } 
} 

block { 
   label dmc
   totweight 2560000
   nautocorr 0
   total_energy { -2.603567228215326   } 
   total_energyvar { 0.04028514673314643   } 
   weight { 0.9989644978902743   } 
   weightvar { 0.09326803991381738   } 
   kinetic_energy { 1.364492756185479   } 
   kinetic_energyvar { 1.873492765672273   } 
   potential_energy { -4.405154437888251   } 
   potential_energyvar { 2.527778878899596   } 
   nonlocal_energy { 0.4370944534874469   } 
   nonlocal_energyvar { 2.488789565927299   } 
   autocorr_energy { } 
} 

block { 
   label dmc
   totweight 2560000
   nautocorr 0
   total_energy { -2.603291057181687   } 
   total_energyvar { 0.03858504661343254   } 
   weight { 0.9978869207651856   } 
   weightvar { 0.09411444689545212   } 
   kinetic_energy { 1.373805511883479   } 
   kinetic_energyvar { 1.861119914142407   } 
   potential_energy { -4.404759353298982   } 
   potential_energyvar { 2.459538385561345   } 
   nonlocal_energy { 0.4276627842338162   } 
   nonlocal_energyvar { 2.345570351124894   } 
   autocorr_energy { } 
} 

block { 
   label dmc
   totweight 2560000
   nautocorr 0
   total_energy { -2.605792514627672   } 
   total_energyvar { 0.04526710571395665   } 
   weight { 0.9983888286494755   } 
   weightvar { 0.09428751209908703   } 
   kinetic_energy { 1.364990460639882   } 
   kinetic_energyvar { 1.835852483121622   } 
   potential_energy { -4.411764728027629   } 
   potential_energyvar { 2.429685513101091   } 
   nonlocal_energy { 0.4409817527600735   } 
   nonlocal_energyvar { 2.522654270122475   } 
   autocorr_energy { } 
} 

block { 
   label dmc
   totweight 2560000
   nautocorr 0
   total_energy { -2.606885726487335   } 
   total_energyvar { 0.03877619665906185   } 
   weight { 0.9995402710213868   } 
   weightvar { 0.09460893200517884   } 
   kinetic_energy { 1.371812779035849   } 
   kinetic_energyvar { 1.875074282968613   } 
   potential_energy { -4.421498964010548   } 
   potential_energyvar { 2.500521998055373   } 
   nonlocal_energy { 0.4428004584873632   } 
   nonlocal_energyvar { 2.563372722035156   } 
   autocorr_energy { } 
} 

block { 
   label dmc
   totweight 2560000
   nautocorr 0
   total_energy { -2.607114061776496   } 
   total_energyvar { 0.04027720749777153   } 
   weight { 0.9999952117368798   } 
   weightvar { 0.09450743124831407   } 
   kinetic_energy { 1.369287867484716   } 
   kinetic_energyvar { 1.821887954448501   } 
   potential_energy { -4.416941583199293   } 
   potential_energyvar { 2.562389584421666   } 
   nonlocal_energy { 0.4405396539380793   } 
   nonlocal_energyvar { 2.528149478157156   } 
   autocorr_energy { } 
} 

block { 
   label dmc
   totweight 2560000
   nautocorr 0
   total_energy { -2.606002356240345   } 
   total_energyvar { 0.03922943127679535   } 
   weight { 1.000760016310816   } 
   weightvar { 0.09316595470640388   } 
   kinetic_energy { 1.3679851086737   } 
   kinetic_energyvar { 1.801801538098175   } 
   potential_energy { -4.41435039433454   } 
   potential_energyvar { 2.528070156193962   } 
   nonlocal_energy { 0.4403629294204948   } 
   nonlocal_energyvar { 2.447543037540628   } 
   autocorr_energy { } 
} 

block { 
   label dmc
   totweight 2560000
   nautocorr 0
   total_energy { -2.605349632161262   } 
   total_energyvar { 0.04026531715640669   } 
   weight { 0.9996978580411311   } 
   weightvar { 0.09347126657590321   } 
   kinetic_energy { 1.374938731364622   } 
   kinetic_energyvar { 1.920819029616871   } 
   potential_energy { -4.401642003272472   } 
   potential_energyvar { 2.511458237502666   } 
   nonlocal_energy { 0.4213536397465862   } 
   nonlocal_energyvar { 2.472838366842239   } 
   autocorr_energy { } 
} 

block { 
   label dmc
   totweight 2560000
   nautocorr 0
   total_energy { -2.604691300034925   } 
   total_energyvar { 0.04234590951387052   } 
   weight { 0.9988889533495791   } 
   weightvar { 0.09380864223239138   } 
   kinetic_energy { 1.378798924077415   } 
   kinetic_energyvar { 1.894487485454007   } 
   potential_energy { -4.40345935399377   } 
   potential_energyvar { 2.491774363047906   } 
   nonlocal_energy { 0.4199691298814312   } 
   nonlocal_energyvar { 2.364134513395314   } 
   autocorr_energy { } 
} 

block { 
   label dmc
   totweight 2560000
   nautocorr 0
   total_energy { -2.604031872898056   } 
   total_energyvar { 0.04287524234567197   } 
   weight { 0.9980802075506021   } 
   weightvar { 0.09350313469870897   } 
   kinetic_energy { 1.367372670503093   } 
   kinetic_energyvar { 1.940069668159092   } 
   potential_energy { -4.404085020221745   } 
   potential_energyvar { 2.414123630331549   } 
   nonlocal_energy { 0.4326804768205961   } 
   nonlocal_energyvar { 2.499517623690234   } 
   autocorr_energy { } 
} 

block { 
   label dmc
   totweight 2560000
   nautocorr 0
   total_energy { -2.605078803507383   } 
   total_energyvar { 0.04353129530140798   } 
   weight { 0.9984080783926296   } 
   weightvar { 0.09371210554906517   } 
   kinetic_energy { 1.349452912280277   } 
   kinetic_energyvar { 1.7867102985651   } 
   potential_energy { -4.389934089721785   } 
   potential_energyvar { 2.503949981413459   } 
   nonlocal_energy { 0.4354023739341262   } 
   nonlocal_energyvar { 2.579406643028583   } 
   autocorr_energy { } 
} 

block { 
   label dmc
   totweight 2560000
   nautocorr 0
   total_energy { -2.606199702792511   } 
   total_energyvar { 0.04031153501462903   } 
   weight { 0.9988830810649044   } 
   weightvar { 0.09367153468677258   } 
   kinetic_energy { 1.364888645891185   } 
   kinetic_energyvar { 1.820619756276983   } 
   potential_energy { -4.405238133318531   } 
   potential_energyvar { 2.491624801084384   } 
   nonlocal_energy { 0.4341497846348357   } 
   nonlocal_energyvar { 2.438776394283121   } 
   autocorr_energy { } 
} 

block { 
   label dmc
   totweight 2560000
   nautocorr 0
   total_energy { -2.603975359452364   } 
   total_energyvar { 0.04252433917437148   } 
   weight { 0.9983682349270732   } 
   weightvar { 0.09338762190369321   } 
   kinetic_energy { 1.369915953902367   } 
   kinetic_energyvar { 2.008075388131199   } 
   potential_energy { -4.375832002120581   } 
   potential_energyvar { 2.43355539999132   } 
   nonlocal_energy { 0.4019406887658485   } 
   nonlocal_energyvar { 2.496908740527851   } 
   autocorr_energy { } 
} 

block { 
   label dmc
   totweight 2560000
   nautocorr 0
   total_energy { -2.604929847982074   } 
   total_energyvar { 0.03680051416674868   } 
   weight { 0.9982741366365817   } 
   weightvar { 0.09213255890786676   } 
   kinetic_energy { 1.358678069462536   } 
   kinetic_energyvar { 1.784114136283937   } 
   potential_energy { -4.370291812965676   } 
   potential_energyvar { 2.358631855115881   } 
   nonlocal_energy { 0.4066838955210662   } 
   nonlocal_energyvar { 2.326889903297419   } 
   autocorr_energy { } 
} 

block { 
   label dmc
   totweight 2560000
   nautocorr 0
   total_energy { -2.603231830123621   } 
   total_energyvar { 0.04465435151301289   } 
   weight { 0.9979393907756352   } 
   weightvar { 0.09182784827704538   } 
   kinetic_energy { 1.366983549191793   } 
   kinetic_energyvar { 1.909826470535866   } 
   potential_energy { -4.38347594231776   } 
   potential_energyvar { 2.410520116940095   } 
   nonlocal_energy { 0.4132605630023468   } 
   nonlocal_energyvar { 2.354854579806033   } 
   autocorr_energy { } 
} 

block { 
   label dmc
   totweight 2560000
   nautocorr 0
   total_energy { -2.605927886784749   } 
   total_energyvar { 0.04022388564934865   } 
   weight { 0.9984944271696564   } 
   weightvar { 0.09164678418952887   } 
   kinetic_energy { 1.371164254169613   } 
   kinetic_energyvar { 1.836693319210285   } 
   potential_energy { -4.414589902110534   } 
   potential_energyvar { 2.500983027499956   } 
   nonlocal_energy { 0.4374977611561726   } 
   nonlocal_energyvar { 2.408178385610448   } 
   autocorr_energy { } 
} 

block { 
   label dmc
   totweight 2560000
   nautocorr 0
   total_energy { -2.606303125792937   } 
   total_energyvar { 0.04157996705417766   } 
   weight { 0.9991232170052639   } 
   weightvar { 0.09165128212070495   } 
   kinetic_energy { 1.37454375930298   } 
   kinetic_energyvar { 1.905796302713231   } 
   potential_energy { -4.414655946493221   } 
   potential_energyvar { 2.478130314487299   } 
   nonlocal_energy { 0.4338090613973043   } 
   nonlocal_energyvar { 2.428729046341966   } 
   autocorr_energy { } 
} 

block { 
   label dmc
   totweight 2560000
   nautocorr 0
   total_energy { -2.604971258497404   } 
   total_energyvar { 0.04683589138270872   } 
   weight { 0.9990889863068989   } 
   weightvar { 0.09078999578537328   } 
   kinetic_energy { 1.374225969090789   } 
   kinetic_energyvar { 1.93861234611491   } 
   potential_energy { -4.409635500449398   } 
   potential_energyvar { 2.454476302560732   } 
   nonlocal_energy { 0.430438272861205   } 
   nonlocal_energyvar { 2.464317665862032   } 
   autocorr_energy { } 
} 

block { 
   label dmc
   totweight 2560000
   nautocorr 0
   total_energy { -2.605809136512802   } 
   total_energyvar { 0.03973019546731571   } 
   weight { 0.9994068750475952   } 
   weightvar { 0.09077221228159238   } 
   kinetic_energy { 1.369177010324306   } 
   kinetic_energyvar { 1.809558216362367   } 
   potential_energy { -4.403363592499377   } 
   potential_energyvar { 2.417992649467724   } 
   nonlocal_energy { 0.4283774456622693   } 
   nonlocal_energyvar { 2.406673643489441   } 
   autocorr_energy { } 
} 

block { 
   label dmc
   totweight 2560000
   nautocorr 0
   total_energy { -2.603781603995652   } 
   total_energyvar { 0.0395108139110194   } 
   weight { 0.9985748567645177   } 
   weightvar { 0.09141730121846825   } 
   kinetic_energy { 1.376020165443467   } 
   kinetic_energyvar { 1.947308387486004   } 
   potential_energy { -4.401347098578912   } 
   potential_energyvar { 2.459573159622128   } 
   nonlocal_energy { 0.4215453291397926   } 
   nonlocal_energyvar { 2.524897966490966   } 
   autocorr_energy { } 
} 

block { 
   label dmc
   totweight 2560000
   nautocorr 0
   total_energy { -2.605410357900688   } 
   total_energyvar { 0.03842782922754573   } 
   weight { 0.9985350489992405   } 
   weightvar { 0.0922368880595702   } 
   kinetic_energy { 1.353149379627518   } 
   kinetic_energyvar { 1.75393203759754   } 
   potential_energy { -4.392387287846901   } 
   potential_energyvar { 2.449675902496313   } 
   nonlocal_energy { 0.4338275503186945   } 
   nonlocal_energyvar { 2.405688727985082   } 
   autocorr_energy { } 
} 

block { 
   label dmc
   totweight 2560000
   nautocorr 0
   total_energy { -2.605167856241179   } 
   total_energyvar { 0.0368334558001191   } 
   weight { 0.999250186312683   } 
   weightvar { 0.09393206322891734   } 
   kinetic_energy { 1.35832565032865   } 
   kinetic_energyvar { 1.75388009713937   } 
   potential_energy { -4.379505990496818   } 
   potential_energyvar { 2.368729736459112   } 
   nonlocal_energy { 0.416012483926989   } 
   nonlocal_energyvar { 2.290437887998107   } 
   autocorr_energy { } 
} 

block { 
   label dmc
   totweight 2560000
   nautocorr 0
   total_energy { -2.604759935920851   } 
   total_energyvar { 0.03577574140509299   } 
   weight { 0.9990461569237036   } 
   weightvar { 0.09403249695884586   } 
   kinetic_energy { 1.358861421958217   } 
   kinetic_energyvar { 1.776068406458011   } 
   potential_energy { -4.384116327388493   } 
   potential_energyvar { 2.448492432138274   } 
   nonlocal_energy { 0.4204949695094251   } 
   nonlocal_energyvar { 2.25652840762511   } 
   autocorr_energy { } 
} 

block { 
   label dmc
   totweight 2560000
   nautocorr 0
   total_energy { -2.606428307468734   } 
   total_energyvar { 0.04036404922207115   } 
   weight { 0.9992290377478686   } 
   weightvar { 0.09395330861571349   } 
   kinetic_energy { 1.384848174568818   } 
   kinetic_energyvar { 1.813408615397177   } 
   potential_energy { -4.403156108139154   } 
   potential_energyvar { 2.419530046714328   } 
   nonlocal_energy { 0.4118796261016011   } 
   nonlocal_energyvar { 2.310285802579675   } 
   autocorr_energy { } 
} 

block { 
   label dmc
   totweight 2560000
   nautocorr 0
   total_energy { -2.605020395672064   } 
   total_energyvar { 0.04069645710585679   } 
   weight { 0.9990629660503708   } 
   weightvar { 0.09444590649419149   } 
   kinetic_energy { 1.365848851108083   } 
   kinetic_energyvar { 1.806017832960368   } 
   potential_energy { -4.395677455876468   } 
   potential_energyvar { 2.528207000608216   } 
   nonlocal_energy { 0.424808209096321   } 
   nonlocal_energyvar { 2.481896591641185   } 
   autocorr_energy { } 
} 

block { 
   label dmc
   totweight 2560000
   nautocorr 0
   total_energy { -2.606406080455359   } 
   total_energyvar { 0.03981491266807158   } 
   weight { 0.9995248287144186   } 
   weightvar { 0.09467996892244079   } 
   kinetic_energy { 1.367512613100144   } 
   kinetic_energyvar { 1.812846912380848   } 
   potential_energy { -4.402129967988601   } 
   potential_energyvar { 2.481818934413976   } 
   nonlocal_energy { 0.4282112744330971   } 
   nonlocal_energyvar { 2.467617844205736   } 
   autocorr_energy { } 
} 

block { 
   label dmc
   totweight 2560000
   nautocorr 0
   total_energy { -2.604679271214159   } 
   total_energyvar { 0.03965556935933279   } 
   weight { 0.9994413917934751   } 
   weightvar { 0.09518255028223521   } 
   kinetic_energy { 1.391590899863638   } 
   kinetic_energyvar { 1.827546428106462   } 
   potential_energy { -4.414233595028271   } 
   potential_energyvar { 2.434449823688151   } 
   nonlocal_energy { 0.4179634239504731   } 
   nonlocal_energyvar { 2.347850342341387   } 
   autocorr_energy { } 
} 

block { 
   label dmc
   totweight 2560000
   nautocorr 0
   total_energy { -2.605430434522086   } 
   total_energyvar { 0.04049730868038637   } 
   weight { 0.9985916994389993   } 
   weightvar { 0.09553512818422405   } 
   kinetic_energy { 1.381296544789444   } 
   kinetic_energyvar { 1.915791431388994   } 
   potential_energy { -4.40673815671142   } 
   potential_energyvar { 2.556018072382482   } 
   nonlocal_energy { 0.4200111773998895   } 
   nonlocal_energyvar { 2.542837564557566   } 
   autocorr_energy { } 
} 

block { 
   label dmc
   totweight 2560000
   nautocorr 0
   total_energy { -2.60419284886146   } 
   total_energyvar { 0.03884515668500299   } 
   weight { 0.9986185591366772   } 
   weightvar { 0.09564292812375796   } 
   kinetic_energy { 1.371068899418876   } 
   kinetic_energyvar { 1.803815493328656   } 
   potential_energy { -4.387308653923288   } 
   potential_energyvar { 2.438690640308206   } 
   nonlocal_energy { 0.4120469056429529   } 
   nonlocal_energyvar { 2.242321725135496   } 
   autocorr_energy { } 
} 

block { 
   label dmc
   totweight 2560000
   nautocorr 0
   total_energy { -2.603593502771223   } 
   total_energyvar { 0.03966253594054514   } 
   weight { 0.9977869488605197   } 
   weightvar { 0.0947846040071072   } 
   kinetic_energy { 1.360315038800779   } 
   kinetic_energyvar { 1.894437568249709   } 
   potential_energy { -4.378567033668436   } 
   potential_energyvar { 2.410604795266078   } 
   nonlocal_energy { 0.4146584920964342   } 
   nonlocal_energyvar { 2.424973166000977   } 
   autocorr_energy { } 
} 

block { 
   label dmc
   totweight 2560000
   nautocorr 0
   total_energy { -2.604554440760326   } 
   total_energyvar { 0.03818046772847161   } 
   weight { 0.9978180517466008   } 
   weightvar { 0.09380377150047303   } 
   kinetic_energy { 1.353909064195852   } 
   kinetic_energyvar { 1.793692224934723   } 
   potential_energy { -4.363493178586362   } 
   potential_energyvar { 2.419432391099676   } 
   nonlocal_energy { 0.4050296736301839   } 
   nonlocal_energyvar { 2.258399010476922   } 
   autocorr_energy { } 
} 

block { 
   label dmc
   totweight 2560000
   nautocorr 0
   total_energy { -2.603466859721098   } 
   total_energyvar { 0.03880775566717531   } 
   weight { 0.9980149633614799   } 
   weightvar { 0.09409330118767667   } 
   kinetic_energy { 1.356621137374492   } 
   kinetic_energyvar { 1.862591254565722   } 
   potential_energy { -4.381904629654067   } 
   potential_energyvar { 2.465956518205122   } 
   nonlocal_energy { 0.4218166325584758   } 
   nonlocal_energyvar { 2.384470904555385   } 
   autocorr_energy { } 
} 

block { 
   label dmc
   totweight 2560000
   nautocorr 0
   total_energy { -2.602359768927764   } 
   total_energyvar { 0.04140407756854625   } 
   weight { 0.9970450472714539   } 
   weightvar { 0.09304995897367718   } 
   kinetic_energy { 1.359157639870235   } 
   kinetic_energyvar { 1.790650742141557   } 
   potential_energy { -4.39548001643701   } 
   potential_energyvar { 2.508516676592443   } 
   nonlocal_energy { 0.4339626076390123   } 
   nonlocal_energyvar { 2.463960641883324   } 
   autocorr_energy { } 
} 

block { 
   label dmc
   totweight 2560000
   nautocorr 0
   total_energy { -2.602874404736148   } 
   total_energyvar { 0.03967721194916773   } 
   weight { 0.9968579447349093   } 
   weightvar { 0.09304991496302972   } 
   kinetic_energy { 1.343119219821214   } 
   kinetic_energyvar { 1.758376152427487   } 
   potential_energy { -4.374476429018716   } 
   potential_energyvar { 2.46480348438137   } 
   nonlocal_energy { 0.4284828044613543   } 
   nonlocal_energyvar { 2.346128653656316   } 
   autocorr_energy { } 
} 

block { 
   label dmc
   totweight 2560000
   nautocorr 0
   total_energy { -2.605912934453543   } 
   total_energyvar { 0.04179953238853162   } 
   weight { 0.9976903573641001   } 
   weightvar { 0.09274833064338983   } 
   kinetic_energy { 1.357323867948604   } 
   kinetic_energyvar { 1.861069291699609   } 
   potential_energy { -4.381999153502925   } 
   potential_energyvar { 2.433210783568253   } 
   nonlocal_energy { 0.4187623511007776   } 
   nonlocal_energyvar { 2.417060933444055   } 
   autocorr_energy { } 
} 

block { 
   label dmc
   totweight 2560000
   nautocorr 0
   total_energy { -2.604504204791702   } 
   total_energyvar { 0.03907358758632018   } 
   weight { 0.9982962610107147   } 
   weightvar { 0.09315619642768991   } 
   kinetic_energy { 1.368833764559195   } 
   kinetic_energyvar { 1.783769883999723   } 
   potential_energy { -4.39574575082298   } 
   potential_energyvar { 2.414430665649824   } 
   nonlocal_energy { 0.422407781472083   } 
   nonlocal_energyvar { 2.274789969886282   } 
   autocorr_energy { } 
} 

block { 
   label dmc
   totweight 2560000
   nautocorr 0
   total_energy { -2.603940873946468   } 
   total_energyvar { 0.0394380493695774   } 
   weight { 0.998350089051833   } 
   weightvar { 0.09257740995850916   } 
   kinetic_energy { 1.381264887216407   } 
   kinetic_energyvar { 1.840063770833017   } 
   potential_energy { -4.420189030465242   } 
   potential_energyvar { 2.594917190714547   } 
   nonlocal_energy { 0.4349832693023672   } 
   nonlocal_energyvar { 2.599999913985004   } 
   autocorr_energy { } 
} 

block { 
   label dmc
   totweight 2560000
   nautocorr 0
   total_energy { -2.604002979269925   } 
   total_energyvar { 0.04772598741097411   } 
   weight { 0.9975705822785598   } 
   weightvar { 0.09317633957998539   } 
   kinetic_energy { 1.380070564240988   } 
   kinetic_energyvar { 2.057896076652805   } 
   potential_energy { -4.429476363046255   } 
   potential_energyvar { 2.627170691797048   } 
   nonlocal_energy { 0.4454028195353417   } 
   nonlocal_energyvar { 2.840895895372555   } 
   autocorr_energy { } 
} 

block { 
   label dmc
   totweight 2560000
   nautocorr 0
   total_energy { -2.605188272704758   } 
   total_energyvar { 0.04398765342839628   } 
   weight { 0.9977996560666492   } 
   weightvar { 0.09280758253908661   } 
   kinetic_energy { 1.365726521900854   } 
   kinetic_energyvar { 1.913647779120964   } 
   potential_energy { -4.39548442209856   } 
   potential_energyvar { 2.411372299788816   } 
   nonlocal_energy { 0.4245696274929474   } 
   nonlocal_energyvar { 2.498991676491335   } 
   autocorr_energy { } 
} 

block { 
   label dmc
   totweight 2560000
   nautocorr 0
   total_energy { -2.605159397552169   } 
   total_energyvar { 0.04432009631683886   } 
   weight { 0.9979032044326864   } 
   weightvar { 0.0914747536077184   } 
   kinetic_energy { 1.373914845984828   } 
   kinetic_energyvar { 1.828880189622516   } 
   potential_energy { -4.398677763861058   } 
   potential_energyvar { 2.456357875362109   } 
   nonlocal_energy { 0.4196035203240612   } 
   nonlocal_energyvar { 2.447233726901124   } 
   autocorr_energy { } 
} 

block { 
   label dmc
   totweight 2560000
   nautocorr 0
   total_energy { -2.604722850228728   } 
   total_energyvar { 0.04044450111060094   } 
   weight { 0.9986505794898827   } 
   weightvar { 0.09076937672963892   } 
   kinetic_energy { 1.355562556607658   } 
   kinetic_energyvar { 1.698455565648274   } 
   potential_energy { -4.371195645835974   } 
   potential_energyvar { 2.402041452947564   } 
   nonlocal_energy { 0.4109102389995876   } 
   nonlocal_energyvar { 2.270145905998475   } 
   autocorr_energy { } 
} 

block { 
   label dmc
   totweight 2560000
   nautocorr 0
   total_energy { -2.603180536846545   } 
   total_energyvar { 0.04451375296637572   } 
   weight { 0.9976129195910817   } 
   weightvar { 0.08959115746325508   } 
   kinetic_energy { 1.372553051771734   } 
   kinetic_energyvar { 1.923689811969677   } 
   potential_energy { -4.398040092319169   } 
   potential_energyvar { 2.48448642167941   } 
   nonlocal_energy { 0.4223065037008899   } 
   nonlocal_energyvar { 2.470890310013281   } 
   autocorr_energy { } 
} 

block { 
   label dmc
   totweight 2560000
   nautocorr 0
   total_energy { -2.604943765051438   } 
   total_energyvar { 0.04247530337289351   } 
   weight { 0.9978660401744895   } 
   weightvar { 0.09046159930366693   } 
   kinetic_energy { 1.374919479758433   } 
   kinetic_energyvar { 1.867175829811926   } 
   potential_energy { -4.399937788093784   } 
   potential_energyvar { 2.424180268334649   } 
   nonlocal_energy { 0.420074543283913   } 
   nonlocal_energyvar { 2.367874356184227   } 
   autocorr_energy { } 
} 

block { 
   label dmc
   totweight 2560000
   nautocorr 0
   total_energy { -2.603003333404183   } 
   total_energyvar { 0.0429575951653991   } 
   weight { 0.9974757177504177   } 
   weightvar { 0.09082080598911846   } 
   kinetic_energy { 1.360720121252699   } 
   kinetic_energyvar { 1.829332135698538   } 
   potential_energy { -4.391856049801588   } 
   potential_energyvar { 2.437947073344279   } 
   nonlocal_energy { 0.4281325951447062   } 
   nonlocal_energyvar { 2.415596052756553   } 
   autocorr_energy { } 
} 

block { 
   label dmc
   totweight 2560000
   nautocorr 0
   total_energy { -2.604558815945798   } 
   total_energyvar { 0.04356977357631386   } 
   weight { 0.9975916793650589   } 
   weightvar { 0.09267362427538262   } 
   kinetic_energy { 1.383631341154227   } 
   kinetic_energyvar { 1.943084761262724   } 
   potential_energy { -4.417090623867426   } 
   potential_energyvar { 2.558011731546365   } 
   nonlocal_energy { 0.4289004667674013   } 
   nonlocal_energyvar { 2.507069453956711   } 
   autocorr_energy { } 
} 

block { 
   label dmc
   totweight 2560000
   nautocorr 0
   total_energy { -2.604727427625018   } 
   total_energyvar { 0.03860012123582912   } 
   weight { 0.9982313928593963   } 
   weightvar { 0.09189984132276696   } 
   kinetic_energy { 1.363873411282762   } 
   kinetic_energyvar { 1.799655457252018   } 
   potential_energy { -4.388719547627238   } 
   potential_energyvar { 2.347185066904292   } 
   nonlocal_energy { 0.4201187087194576   } 
   nonlocal_energyvar { 2.329376927260927   } 
   autocorr_energy { } 
} 

block { 
   label dmc
   totweight 2560000
   nautocorr 0
   total_energy { -2.604891021058612   } 
   total_energyvar { 0.03879428728802203   } 
   weight { 0.998501700542832   } 
   weightvar { 0.09143074439350674   } 
   kinetic_energy { 1.363195369875872   } 
   kinetic_energyvar { 1.769499495884687   } 
   potential_energy { -4.410254819679763   } 
   potential_energyvar { 2.475025415016134   } 
   nonlocal_energy { 0.44216842874528   } 
   nonlocal_energyvar { 2.400700017859313   } 
   autocorr_energy { } 
} 

block { 
   label dmc
   totweight 2560000
   nautocorr 0
   total_energy { -2.604921384378664   } 
   total_energyvar { 0.04238900207798135   } 
   weight { 0.9986125032991636   } 
   weightvar { 0.09176411254783345   } 
   kinetic_energy { 1.380631814534444   } 
   kinetic_energyvar { 1.884712499524674   } 
   potential_energy { -4.420376475321319   } 
   potential_energyvar { 2.525527703831997   } 
   nonlocal_energy { 0.4348232764082109   } 
   nonlocal_energyvar { 2.510150469227117   } 
   autocorr_energy { } 
} 

block { 
   label dmc
   totweight 2560000
   nautocorr 0
   total_energy { -2.607009770927963   } 
   total_energyvar { 0.04260287762239923   } 
   weight { 0.999228893537367   } 
   weightvar { 0.08970111239230361   } 
   kinetic_energy { 1.374626434204733   } 
   kinetic_energyvar { 1.933029256938122   } 
   potential_energy { -4.422723598668599   } 
   potential_energyvar { 2.516603872573114   } 
   nonlocal_energy { 0.4410873935359025   } 
   nonlocal_energyvar { 2.585525980292022   } 
   autocorr_energy { } 
} 

block { 
   label dmc
   totweight 2560000
   nautocorr 0
   total_energy { -2.604777749522799   } 
   total_energyvar { 0.04050782503699235   } 
   weight { 0.999206560004524   } 
   weightvar { 0.09017268883720464   } 
   kinetic_energy { 1.36755406237686   } 
   kinetic_energyvar { 1.9235818450412   } 
   potential_energy { -4.397051851921055   } 
   potential_energyvar { 2.431500548341582   } 
   nonlocal_energy { 0.4247200400213968   } 
   nonlocal_energyvar { 2.384339269037639   } 
   autocorr_energy { } 
} 

block { 
   label dmc
   totweight 2560000
   nautocorr 0
   total_energy { -2.603908744588775   } 
   total_energyvar { 0.04082936528430547   } 
   weight { 0.9986877452524477   } 
   weightvar { 0.09061884340685189   } 
   kinetic_energy { 1.370339209507748   } 
   kinetic_energyvar { 2.308278493543726   } 
   potential_energy { -4.395124146737207   } 
   potential_energyvar { 2.528690038323347   } 
   nonlocal_energy { 0.4208761926406837   } 
   nonlocal_energyvar { 2.926136973044855   } 
   autocorr_energy { } 
} 

block { 
   label dmc
   totweight 2560000
   nautocorr 0
   total_energy { -2.605854540494801   } 
   total_energyvar { 0.04038180385830703   } 
   weight { 0.998599454249834   } 
   weightvar { 0.09151794613847686   } 
   kinetic_energy { 1.379887236347243   } 
   kinetic_energyvar { 1.951646924161663   } 
   potential_energy { -4.386050355350162   } 
   potential_energyvar { 2.489146951904655   } 
   nonlocal_energy { 0.4003085785081172   } 
   nonlocal_energyvar { 2.439019184971218   } 
   autocorr_energy { } 
} 

block { 
   label dmc
   totweight 2560000
   nautocorr 0
   total_energy { -2.603900089772366   } 
   total_energyvar { 0.04023861400101669   } 
   weight { 0.9988211835907318   } 
   weightvar { 0.09155313385801245   } 
   kinetic_energy { 1.37390786297114   } 
   kinetic_energyvar { 1.847938802571838   } 
   potential_energy { -4.422276904598986   } 
   potential_energyvar { 2.538659245082243   } 
   nonlocal_energy { 0.4444689518554809   } 
   nonlocal_energyvar { 2.507962212813319   } 
   autocorr_energy { } 
} 

block { 
   label dmc
   totweight 2560000
   nautocorr 0
   total_energy { -2.603839602242394   } 
   total_energyvar { 0.04201471584549754   } 
   weight { 0.9977116375838001   } 
   weightvar { 0.09286001492428586   } 
   kinetic_energy { 1.375805263989843   } 
   kinetic_energyvar { 1.845780021895613   } 
   potential_energy { -4.406527213182612   } 
   potential_energyvar { 2.489929846430105   } 
   nonlocal_energy { 0.4268823469503744   } 
   nonlocal_energyvar { 2.494660511140105   } 
   autocorr_energy { } 
} 

block { 
   label dmc
   totweight 2560000
   nautocorr 0
   total_energy { -2.60524943631789   } 
   total_energyvar { 0.03913221784439536   } 
   weight { 0.9982406182538316   } 
   weightvar { 0.09180407117852685   } 
   kinetic_energy { 1.379376788251517   } 
   kinetic_energyvar { 1.793384465013772   } 
   potential_energy { -4.427478099382385   } 
   potential_energyvar { 2.561791840660998   } 
   nonlocal_energy { 0.4428518748129786   } 
   nonlocal_energyvar { 2.603575956631061   } 
   autocorr_energy { } 
} 

block { 
   label dmc
   totweight 2560000
   nautocorr 0
   total_energy { -2.604834860356207   } 
   total_energyvar { 0.04196122009839698   } 
   weight { 0.9986288316700848   } 
   weightvar { 0.09151969590666575   } 
   kinetic_energy { 1.38621151574883   } 
   kinetic_energyvar { 1.853655305150288   } 
   potential_energy { -4.412307596974919   } 
   potential_energyvar { 2.40830193282445   } 
   nonlocal_energy { 0.4212612208698826   } 
   nonlocal_energyvar { 2.369631418543957   } 
   autocorr_energy { } 
} 

block { 
   label dmc
   totweight 2560000
   nautocorr 0
   total_energy { -2.605131554972309   } 
   total_energyvar { 0.04395419013672441   } 
   weight { 0.998349858978032   } 
   weightvar { 0.09162309087882303   } 
   kinetic_energy { 1.381856716019882   } 
   kinetic_energyvar { 1.821074625585082   } 
   potential_energy { -4.413532446403172   } 
   potential_energyvar { 2.41811311616549   } 
   nonlocal_energy { 0.4265441754109811   } 
   nonlocal_energyvar { 2.398770864507218   } 
   autocorr_energy { } 
} 

block { 
   label dmc
   totweight 2560000
   nautocorr 0
   total_energy { -2.607123001948167   } 
   total_energyvar { 0.04611765005052515   } 
   weight { 0.9995444645612559   } 
   weightvar { 0.09237978787738921   } 
   kinetic_energy { 1.374285966306114   } 
   kinetic_energyvar { 1.907460606369563   } 
   potential_energy { -4.416730196311513   } 
   potential_energyvar { 2.509196679050259   } 
   nonlocal_energy { 0.4353212280572316   } 
   nonlocal_energyvar { 2.587878959118156   } 
   autocorr_energy { } 
} 

block { 
   label dmc
   totweight 2560000
   nautocorr 0
   total_energy { -2.605494688821618   } 
   total_energyvar { 0.04246466766703882   } 
   weight { 0.9993443137349226   } 
   weightvar { 0.0910197978533489   } 
   kinetic_energy { 1.376995788408458   } 
   kinetic_energyvar { 1.901077251870947   } 
   potential_energy { -4.423974760006173   } 
   potential_energyvar { 4.456248604231302   } 
   nonlocal_energy { 0.441484282776096   } 
   nonlocal_energyvar { 4.483639440904208   } 
   autocorr_energy { } 
} 

block { 
   label dmc
   totweight 2560000
   nautocorr 0
   total_energy { -2.604127983716062   } 
   total_energyvar { 0.04278438635593496   } 
   weight { 0.9988452545773086   } 
   weightvar { 0.09091544520853101   } 
   kinetic_energy { 1.365183688831896   } 
   kinetic_energyvar { 1.751734155920803   } 
   potential_energy { -4.395812529257246   } 
   potential_energyvar { 2.432877647482442   } 
   nonlocal_energy { 0.4265008567092886   } 
   nonlocal_energyvar { 2.381081513531058   } 
   autocorr_energy { } 
} 

block { 
   label dmc
   totweight 2560000
   nautocorr 0
   total_energy { -2.605864868338845   } 
   total_energyvar { 0.04402862533048602   } 
   weight { 0.998648322389683   } 
   weightvar { 0.09116013895268138   } 
   kinetic_energy { 1.370679378116147   } 
   kinetic_energyvar { 1.941998926584186   } 
   potential_energy { -4.411370068913421   } 
   potential_energyvar { 2.555282683862828   } 
   nonlocal_energy { 0.4348258224584295   } 
   nonlocal_energyvar { 2.647040038669286   } 
   autocorr_energy { } 
} 

block { 
   label dmc
   totweight 2560000
   nautocorr 0
   total_energy { -2.604428258272582   } 
   total_energyvar { 0.03910040570895834   } 
   weight { 0.9990365106373853   } 
   weightvar { 0.09145932316078986   } 
   kinetic_energy { 1.377641812902489   } 
   kinetic_energyvar { 1.806363731845716   } 
   potential_energy { -4.425439043622267   } 
   potential_energyvar { 2.495846882561793   } 
   nonlocal_energy { 0.4433689724471974   } 
   nonlocal_energyvar { 2.477329850134543   } 
   autocorr_energy { } 
} 

block { 
   label dmc
   totweight 2560000
   nautocorr 0
   total_energy { -2.603024796737759   } 
   total_energyvar { 0.04033978222323142   } 
   weight { 0.9976593224793593   } 
   weightvar { 0.09201336276471472   } 
   kinetic_energy { 1.367781713105944   } 
   kinetic_energyvar { 1.764292522546328   } 
   potential_energy { -4.403179648289656   } 
   potential_energyvar { 2.46100913699285   } 
   nonlocal_energy { 0.432373138445953   } 
   nonlocal_energyvar { 2.405364225020214   } 
   autocorr_energy { } 
} 

block { 
   label dmc
   totweight 2560000
   nautocorr 0
   total_energy { -2.60543846362316   } 
   total_energyvar { 0.04137501424898637   } 
   weight { 0.9981788759239127   } 
   weightvar { 0.09150344847353065   } 
   kinetic_energy { 1.36215769013371   } 
   kinetic_energyvar { 1.946936170309591   } 
   potential_energy { -4.394701902899884   } 
   potential_energyvar { 2.46646944407836   } 
   nonlocal_energy { 0.4271057491430143   } 
   nonlocal_energyvar { 2.48216625000461   } 
   autocorr_energy { } 
} 

block { 
   label dmc
   totweight 2560000
   nautocorr 0
   total_energy { -2.606435272235443   } 
   total_energyvar { 0.03987842203736225   } 
   weight { 0.9990156142080406   } 
   weightvar { 0.09133896572364952   } 
   kinetic_energy { 1.373616986373182   } 
   kinetic_energyvar { 1.74693156539888   } 
   potential_energy { -4.420250369564262   } 
   potential_energyvar { 2.450656004226708   } 
   nonlocal_energy { 0.4401981109556376   } 
   nonlocal_energyvar { 2.353481016635953   } 
   autocorr_energy { } 
} 

block { 
   label dmc
   totweight 2560000
   nautocorr 0
   total_energy { -2.606295147221924   } 
   total_energyvar { 0.04400199625797985   } 
   weight { 0.9993684442157975   } 
   weightvar { 0.09154714732068159   } 
   kinetic_energy { 1.384716319097939   } 
   kinetic_energyvar { 1.796232216666774   } 
   potential_energy { -4.437702530431583   } 
   potential_energyvar { 2.591807625827087   } 
   nonlocal_energy { 0.4466910641117206   } 
   nonlocal_energyvar { 2.716636464248318   } 
   autocorr_energy { } 
} 

block { 
   label dmc
   totweight 2560000
   nautocorr 0
   total_energy { -2.606541372242538   } 
   total_energyvar { 0.04209301166183987   } 
   weight { 0.999992184729212   } 
   weightvar { 0.09221447460485988   } 
   kinetic_energy { 1.380724787834024   } 
   kinetic_energyvar { 1.886059601132765   } 
   potential_energy { -4.405688151861116   } 
   potential_energyvar { 2.393120002875865   } 
   nonlocal_energy { 0.418421991784555   } 
   nonlocal_energyvar { 2.425129277009648   } 
   autocorr_energy { } 
} 

block { 
   label dmc
   totweight 2560000
   nautocorr 0
   total_energy { -2.605626487907711   } 
   total_energyvar { 0.0408787563488282   } 
   weight { 0.9997554716044919   } 
   weightvar { 0.09241155710126725   } 
   kinetic_energy { 1.379954094652117   } 
   kinetic_energyvar { 1.771835757647743   } 
   potential_energy { -4.390081707954574   } 
   potential_energyvar { 2.38724597360827   } 
   nonlocal_energy { 0.4045011253947458   } 
   nonlocal_energyvar { 2.242478822193292   } 
   autocorr_energy { } 
} 

block { 
   label dmc
   totweight 2560000
   nautocorr 0
   total_energy { -2.605250391977276   } 
   total_energyvar { 0.04212851615415758   } 
   weight { 0.9993156165967096   } 
   weightvar { 0.09262096635474548   } 
   kinetic_energy { 1.366193633187478   } 
   kinetic_energyvar { 1.884113313202155   } 
   potential_energy { -4.392315208487186   } 
   potential_energyvar { 2.442251982297659   } 
   nonlocal_energy { 0.4208711833224305   } 
   nonlocal_energyvar { 2.485532898459359   } 
   autocorr_energy { } 
} 

block { 
   label dmc
   totweight 2560000
   nautocorr 0
   total_energy { -2.60495879871476   } 
   total_energyvar { 0.03955587698967289   } 
   weight { 0.9986484566011835   } 
   weightvar { 0.09221403864615041   } 
   kinetic_energy { 1.370604148750446   } 
   kinetic_energyvar { 1.971246443526117   } 
   potential_energy { -4.400767028518972   } 
   potential_energyvar { 2.43001837171532   } 
   nonlocal_energy { 0.4252040810537654   } 
   nonlocal_energyvar { 2.600840813001866   } 
   autocorr_energy { } 
} 

block { 
   label dmc
   totweight 2560000
   nautocorr 0
   total_energy { -2.60472793192975   } 
   total_energyvar { 0.04478479710868744   } 
   weight { 0.9989688194882423   } 
   weightvar { 0.0911945632581187   } 
   kinetic_energy { 1.368792257749764   } 
   kinetic_energyvar { 1.795105661184848   } 
   potential_energy { -4.402307995804077   } 
   potential_energyvar { 2.457008701641168   } 
   nonlocal_energy { 0.4287878061245621   } 
   nonlocal_energyvar { 2.366232857809887   } 
   autocorr_energy { } 
} 

