#-------------------------------------------------
#VMC run: timestep 1 nconfig 6400 steps 100
#-------------------------------------------------


init { 
   label vmc
}
block { 
   label vmc
   totweight 640000
   nautocorr 0
   total_energy { -9.746500208288728   } 
   total_energyvar { 0.08203190333792065   } 
   weight { 1   } 
   weightvar { 0   } 
   kinetic_energy { 6.985585639135298   } 
   kinetic_energyvar { 24.33379725870156   } 
   potential_energy { -17.63621884928118   } 
   potential_energyvar { 27.17498599052811   } 
   nonlocal_energy { 0.9041330018571548   } 
   nonlocal_energyvar { 13.20341268348873   } 
   autocorr_energy { } 
} 

block { 
   label vmc
   totweight 640000
   nautocorr 0
   total_energy { -9.746143387418222   } 
   total_energyvar { 0.08146301943818912   } 
   weight { 1   } 
   weightvar { 0   } 
   kinetic_energy { 6.999703605231458   } 
   kinetic_energyvar { 24.21801534407057   } 
   potential_energy { -17.64124550536456   } 
   potential_energyvar { 26.8793670717584   } 
   nonlocal_energy { 0.8953985127148808   } 
   nonlocal_energyvar { 12.64782964432901   } 
   autocorr_energy { } 
} 

block { 
   label vmc
   totweight 640000
   nautocorr 0
   total_energy { -9.745667928981888   } 
   total_energyvar { 0.08189840376888924   } 
   weight { 1   } 
   weightvar { 0   } 
   kinetic_energy { 7.013900126462871   } 
   kinetic_energyvar { 24.9573774931555   } 
   potential_energy { -17.65315957126213   } 
   potential_energyvar { 27.01604248179876   } 
   nonlocal_energy { 0.8935915158173666   } 
   nonlocal_energyvar { 13.26995401595978   } 
   autocorr_energy { } 
} 

block { 
   label vmc
   totweight 640000
   nautocorr 0
   total_energy { -9.746201285376406   } 
   total_energyvar { 0.083298734153189   } 
   weight { 1   } 
   weightvar { 0   } 
   kinetic_energy { 6.992503934392357   } 
   kinetic_energyvar { 24.31502928977426   } 
   potential_energy { -17.64593877381133   } 
   potential_energyvar { 27.42714527010679   } 
   nonlocal_energy { 0.9072335540425697   } 
   nonlocal_energyvar { 13.0327893911946   } 
   autocorr_energy { } 
} 

block { 
   label vmc
   totweight 640000
   nautocorr 0
   total_energy { -9.746368342088724   } 
   total_energyvar { 0.08095862741392068   } 
   weight { 1   } 
   weightvar { 0   } 
   kinetic_energy { 7.002712069421293   } 
   kinetic_energyvar { 24.123711052884   } 
   potential_energy { -17.63941001831778   } 
   potential_energyvar { 27.63681734661174   } 
   nonlocal_energy { 0.8903296068077631   } 
   nonlocal_energyvar { 13.14124283605046   } 
   autocorr_energy { } 
} 

block { 
   label vmc
   totweight 640000
   nautocorr 0
   total_energy { -9.74698685947445   } 
   total_energyvar { 0.08327760253065719   } 
   weight { 1   } 
   weightvar { 0   } 
   kinetic_energy { 7.014497647973317   } 
   kinetic_energyvar { 24.61636860881246   } 
   potential_energy { -17.6690310013149   } 
   potential_energyvar { 27.71170771991325   } 
   nonlocal_energy { 0.9075464938671345   } 
   nonlocal_energyvar { 13.63467381787852   } 
   autocorr_energy { } 
} 

block { 
   label vmc
   totweight 640000
   nautocorr 0
   total_energy { -9.746654704698591   } 
   total_energyvar { 0.08798785693197431   } 
   weight { 1   } 
   weightvar { 0   } 
   kinetic_energy { 7.026713755602444   } 
   kinetic_energyvar { 24.67930814329083   } 
   potential_energy { -17.67723919254291   } 
   potential_energyvar { 27.6366810109289   } 
   nonlocal_energy { 0.9038707322418755   } 
   nonlocal_energyvar { 13.33437955716523   } 
   autocorr_energy { } 
} 

block { 
   label vmc
   totweight 640000
   nautocorr 0
   total_energy { -9.746453016980128   } 
   total_energyvar { 0.08264058252147777   } 
   weight { 1   } 
   weightvar { 0   } 
   kinetic_energy { 7.006672360839828   } 
   kinetic_energyvar { 24.17616420283776   } 
   potential_energy { -17.65004239837998   } 
   potential_energyvar { 26.76889920872969   } 
   nonlocal_energy { 0.8969170205600238   } 
   nonlocal_energyvar { 12.61285886965668   } 
   autocorr_energy { } 
} 

block { 
   label vmc
   totweight 640000
   nautocorr 0
   total_energy { -9.746312904705293   } 
   total_energyvar { 0.08170719278756167   } 
   weight { 1   } 
   weightvar { 0   } 
   kinetic_energy { 7.002049213998172   } 
   kinetic_energyvar { 24.17366050552764   } 
   potential_energy { -17.64684666526083   } 
   potential_energyvar { 26.56278740010941   } 
   nonlocal_energy { 0.8984845465573577   } 
   nonlocal_energyvar { 12.50626263108722   } 
   autocorr_energy { } 
} 

block { 
   label vmc
   totweight 640000
   nautocorr 0
   total_energy { -9.747241910575177   } 
   total_energyvar { 0.0852606824054476   } 
   weight { 1   } 
   weightvar { 0   } 
   kinetic_energy { 6.995985764609729   } 
   kinetic_energyvar { 24.4074053558905   } 
   potential_energy { -17.64324368701889   } 
   potential_energyvar { 27.44579864256269   } 
   nonlocal_energy { 0.9000160118339842   } 
   nonlocal_energyvar { 13.4625813295691   } 
   autocorr_energy { } 
} 

#-------------------------------------------------
#VMC run: timestep 1 nconfig 6400 steps 100
#-------------------------------------------------


init { 
   label vmc
}
block { 
   label vmc
   totweight 640000
   nautocorr 0
   total_energy { -9.746557297058841   } 
   total_energyvar { 0.08037736559477082   } 
   weight { 1   } 
   weightvar { 0   } 
   kinetic_energy { 7.013271974225645   } 
   kinetic_energyvar { 24.67481902343395   } 
   potential_energy { -17.6578144681787   } 
   potential_energyvar { 26.97536043245185   } 
   nonlocal_energy { 0.8979851968942094   } 
   nonlocal_energyvar { 13.21591691775591   } 
   autocorr_energy { } 
} 

block { 
   label vmc
   totweight 640000
   nautocorr 0
   total_energy { -9.745635542230483   } 
   total_energyvar { 0.07935552321112027   } 
   weight { 1   } 
   weightvar { 0   } 
   kinetic_energy { 7.045460588808515   } 
   kinetic_energyvar { 24.78566294804425   } 
   potential_energy { -17.69243543955804   } 
   potential_energyvar { 27.17329862855263   } 
   nonlocal_energy { 0.9013393085190455   } 
   nonlocal_energyvar { 12.86434555150698   } 
   autocorr_energy { } 
} 

block { 
   label vmc
   totweight 640000
   nautocorr 0
   total_energy { -9.745164409484182   } 
   total_energyvar { 0.07928056718766641   } 
   weight { 1   } 
   weightvar { 0   } 
   kinetic_energy { 7.024663824979006   } 
   kinetic_energyvar { 24.46084307905411   } 
   potential_energy { -17.66267348808875   } 
   potential_energyvar { 26.8201560535324   } 
   nonlocal_energy { 0.892845253625566   } 
   nonlocal_energyvar { 12.55430603955045   } 
   autocorr_energy { } 
} 

block { 
   label vmc
   totweight 640000
   nautocorr 0
   total_energy { -9.745720082681515   } 
   total_energyvar { 0.07914188563817959   } 
   weight { 1   } 
   weightvar { 0   } 
   kinetic_energy { 7.034459254404852   } 
   kinetic_energyvar { 24.65709618530241   } 
   potential_energy { -17.67745295950134   } 
   potential_energyvar { 27.32799274953595   } 
   nonlocal_energy { 0.897273622414976   } 
   nonlocal_energyvar { 12.90669999407245   } 
   autocorr_energy { } 
} 

block { 
   label vmc
   totweight 640000
   nautocorr 0
   total_energy { -9.745340586117088   } 
   total_energyvar { 0.07974630302416585   } 
   weight { 1   } 
   weightvar { 0   } 
   kinetic_energy { 7.043164863498634   } 
   kinetic_energyvar { 24.65764804871142   } 
   potential_energy { -17.6972068133254   } 
   potential_energyvar { 27.28797268776441   } 
   nonlocal_energy { 0.9087013637096836   } 
   nonlocal_energyvar { 12.94284521472276   } 
   autocorr_energy { } 
} 

block { 
   label vmc
   totweight 640000
   nautocorr 0
   total_energy { -9.74581534307797   } 
   total_energyvar { 0.07905913468130166   } 
   weight { 1   } 
   weightvar { 0   } 
   kinetic_energy { 7.032243243948701   } 
   kinetic_energyvar { 24.84764940967643   } 
   potential_energy { -17.67764475048032   } 
   potential_energyvar { 27.46798647072814   } 
   nonlocal_energy { 0.8995861634536497   } 
   nonlocal_energyvar { 13.07092334712261   } 
   autocorr_energy { } 
} 

block { 
   label vmc
   totweight 640000
   nautocorr 0
   total_energy { -9.747224862082211   } 
   total_energyvar { 0.07977811838821935   } 
   weight { 1   } 
   weightvar { 0   } 
   kinetic_energy { 7.046804369136547   } 
   kinetic_energyvar { 24.59764726913817   } 
   potential_energy { -17.7057144720754   } 
   potential_energyvar { 28.22161017556914   } 
   nonlocal_energy { 0.9116852408566416   } 
   nonlocal_energyvar { 13.77983574045703   } 
   autocorr_energy { } 
} 

block { 
   label vmc
   totweight 640000
   nautocorr 0
   total_energy { -9.74565456799732   } 
   total_energyvar { 0.08114357393607463   } 
   weight { 1   } 
   weightvar { 0   } 
   kinetic_energy { 7.011872767235304   } 
   kinetic_energyvar { 24.18632883475214   } 
   potential_energy { -17.66647372045715   } 
   potential_energyvar { 27.55171910877198   } 
   nonlocal_energy { 0.9089463852245242   } 
   nonlocal_energyvar { 12.79020311772641   } 
   autocorr_energy { } 
} 

block { 
   label vmc
   totweight 640000
   nautocorr 0
   total_energy { -9.745735463913395   } 
   total_energyvar { 0.07919294484615591   } 
   weight { 1   } 
   weightvar { 0   } 
   kinetic_energy { 7.03769732404512   } 
   kinetic_energyvar { 24.85410555536527   } 
   potential_energy { -17.67822105371554   } 
   potential_energyvar { 27.29652694596683   } 
   nonlocal_energy { 0.8947882657570224   } 
   nonlocal_energyvar { 13.05607491914587   } 
   autocorr_energy { } 
} 

block { 
   label vmc
   totweight 640000
   nautocorr 0
   total_energy { -9.745859459636851   } 
   total_energyvar { 0.08102891660503531   } 
   weight { 1   } 
   weightvar { 0   } 
   kinetic_energy { 7.031994686028514   } 
   kinetic_energyvar { 24.65844090011313   } 
   potential_energy { -17.67719154760348   } 
   potential_energyvar { 27.03902427184681   } 
   nonlocal_energy { 0.8993374019381134   } 
   nonlocal_energyvar { 12.73648109571418   } 
   autocorr_energy { } 
} 

