#-------------------------------------------------
#DMC run: timestep 0.01
#-------------------------------------------------


init { 
   label dmc
}
block { 
   label dmc
   totweight 640000
   nautocorr 0
   total_energy { -0.8232932331855927   } 
   total_energyvar { 0.002590822795559777   } 
   weight { 1.000149044451786   } 
   weightvar { 0.07588039644131594   } 
   kinetic_energy { 0.2647181743453233   } 
   kinetic_energyvar { 0.1237367100246175   } 
   potential_energy { -1.254472730942433   } 
   potential_energyvar { 0.1903550389062387   } 
   nonlocal_energy { 0.1664613234115166   } 
   nonlocal_energyvar { 0.3071027739037409   } 
   autocorr_energy { } 
} 

block { 
   label dmc
   totweight 640000
   nautocorr 0
   total_energy { -0.8232280997509657   } 
   total_energyvar { 0.002606147784002255   } 
   weight { 1.000245714203089   } 
   weightvar { 0.07639291200385334   } 
   kinetic_energy { 0.2647715645129817   } 
   kinetic_energyvar { 0.1278125977157407   } 
   potential_energy { -1.260696706823395   } 
   potential_energyvar { 0.1885398954005122   } 
   nonlocal_energy { 0.1726970425594477   } 
   nonlocal_energyvar { 0.3134246194889547   } 
   autocorr_energy { } 
} 

block { 
   label dmc
   totweight 640000
   nautocorr 0
   total_energy { -0.8228270415643459   } 
   total_energyvar { 0.002537861806057196   } 
   weight { 0.9999591758923558   } 
   weightvar { 0.07607442753845284   } 
   kinetic_energy { 0.2685969987520083   } 
   kinetic_energyvar { 0.1205677382844291   } 
   potential_energy { -1.255873234854039   } 
   potential_energyvar { 0.1783626792943387   } 
   nonlocal_energy { 0.1644491945376847   } 
   nonlocal_energyvar { 0.2951198866810639   } 
   autocorr_energy { } 
} 

block { 
   label dmc
   totweight 640000
   nautocorr 0
   total_energy { -0.8227988370904629   } 
   total_energyvar { 0.002456191512730133   } 
   weight { 0.9996291913100759   } 
   weightvar { 0.07557921882804286   } 
   kinetic_energy { 0.2703978903035162   } 
   kinetic_energyvar { 0.117428828014649   } 
   potential_energy { -1.251750991991244   } 
   potential_energyvar { 0.1793787039658346   } 
   nonlocal_energy { 0.1585542645972645   } 
   nonlocal_energyvar { 0.2829719906693756   } 
   autocorr_energy { } 
} 

block { 
   label dmc
   totweight 640000
   nautocorr 0
   total_energy { -0.8232395854621938   } 
   total_energyvar { 0.002680358198959953   } 
   weight { 0.9999911106552749   } 
   weightvar { 0.0756971638025189   } 
   kinetic_energy { 0.264127672774258   } 
   kinetic_energyvar { 0.1256453584360721   } 
   potential_energy { -1.25128185905622   } 
   potential_energyvar { 0.1871567842941502   } 
   nonlocal_energy { 0.1639146008197683   } 
   nonlocal_energyvar { 0.3072518664764967   } 
   autocorr_energy { } 
} 

block { 
   label dmc
   totweight 640000
   nautocorr 0
   total_energy { -0.8232052879128249   } 
   total_energyvar { 0.002700172378771071   } 
   weight { 1.000068170741793   } 
   weightvar { 0.07563328330904451   } 
   kinetic_energy { 0.2624211738387039   } 
   kinetic_energyvar { 0.1265670243675847   } 
   potential_energy { -1.254676782294145   } 
   potential_energyvar { 0.2010876449761996   } 
   nonlocal_energy { 0.1690503205426163   } 
   nonlocal_energyvar { 0.3391881544260403   } 
   autocorr_energy { } 
} 

block { 
   label dmc
   totweight 640000
   nautocorr 0
   total_energy { -0.8231066134397813   } 
   total_energyvar { 0.002531908181039544   } 
   weight { 0.9999832328928574   } 
   weightvar { 0.07564359654805897   } 
   kinetic_energy { 0.2617717118730945   } 
   kinetic_energyvar { 0.1224570175648273   } 
   potential_energy { -1.251303126377579   } 
   potential_energyvar { 0.1956739877426359   } 
   nonlocal_energy { 0.1664248010647035   } 
   nonlocal_energyvar { 0.3216476035417072   } 
   autocorr_energy { } 
} 

block { 
   label dmc
   totweight 640000
   nautocorr 0
   total_energy { -0.8229813835939437   } 
   total_energyvar { 0.002779848370308535   } 
   weight { 1.00000854423232   } 
   weightvar { 0.07589308353611779   } 
   kinetic_energy { 0.2581706959277657   } 
   kinetic_energyvar { 0.1328195991679969   } 
   potential_energy { -1.253148959214283   } 
   potential_energyvar { 0.2001786903400657   } 
   nonlocal_energy { 0.1719968796925742   } 
   nonlocal_energyvar { 0.3470627695966199   } 
   autocorr_energy { } 
} 

block { 
   label dmc
   totweight 640000
   nautocorr 0
   total_energy { -0.8230272185887252   } 
   total_energyvar { 0.002877647265947969   } 
   weight { 0.9998434762830866   } 
   weightvar { 0.07600456065660699   } 
   kinetic_energy { 0.2643391228879336   } 
   kinetic_energyvar { 0.127172505773813   } 
   potential_energy { -1.2575741086439   } 
   potential_energyvar { 0.188670092625461   } 
   nonlocal_energy { 0.1702077671672416   } 
   nonlocal_energyvar { 0.3243346849054484   } 
   autocorr_energy { } 
} 

block { 
   label dmc
   totweight 640000
   nautocorr 0
   total_energy { -0.8233257084489408   } 
   total_energyvar { 0.00267559909370374   } 
   weight { 1.000126288405045   } 
   weightvar { 0.07655186389111024   } 
   kinetic_energy { 0.2682436192531136   } 
   kinetic_energyvar { 0.126504347253222   } 
   potential_energy { -1.261743138598968   } 
   potential_energyvar { 0.191929799775713   } 
   nonlocal_energy { 0.1701738108969137   } 
   nonlocal_energyvar { 0.312590128615289   } 
   autocorr_energy { } 
} 

block { 
   label dmc
   totweight 640000
   nautocorr 0
   total_energy { -0.8225148617506152   } 
   total_energyvar { 0.002773158685240862   } 
   weight { 0.9998731568789081   } 
   weightvar { 0.0764401867931277   } 
   kinetic_energy { 0.268464910175794   } 
   kinetic_energyvar { 0.1246527389705742   } 
   potential_energy { -1.2583711121631   } 
   potential_energyvar { 0.1885939534959775   } 
   nonlocal_energy { 0.1673913402366909   } 
   nonlocal_energyvar { 0.3141692182960012   } 
   autocorr_energy { } 
} 

block { 
   label dmc
   totweight 640000
   nautocorr 0
   total_energy { -0.8230496989110623   } 
   total_energyvar { 0.002753959257195016   } 
   weight { 0.9997664789206084   } 
   weightvar { 0.07705158061119344   } 
   kinetic_energy { 0.2627050121639995   } 
   kinetic_energyvar { 0.1271193815753981   } 
   potential_energy { -1.254987018597576   } 
   potential_energyvar { 0.2003758380804781   } 
   nonlocal_energy { 0.1692323075225143   } 
   nonlocal_energyvar { 0.342899906688596   } 
   autocorr_energy { } 
} 

block { 
   label dmc
   totweight 640000
   nautocorr 0
   total_energy { -0.8227793005917569   } 
   total_energyvar { 0.002728433436087196   } 
   weight { 0.9997963864535441   } 
   weightvar { 0.07719861879059209   } 
   kinetic_energy { 0.2621267725253422   } 
   kinetic_energyvar { 0.1266281901168568   } 
   potential_energy { -1.250820990903794   } 
   potential_energyvar { 0.1879129952779661   } 
   nonlocal_energy { 0.1659149177866948   } 
   nonlocal_energyvar { 0.3131382839191233   } 
   autocorr_energy { } 
} 

block { 
   label dmc
   totweight 640000
   nautocorr 0
   total_energy { -0.8231636502366001   } 
   total_energyvar { 0.002908538016324513   } 
   weight { 0.9999631243487087   } 
   weightvar { 0.07749194303394769   } 
   kinetic_energy { 0.2594143697397129   } 
   kinetic_energyvar { 0.1285296092902284   } 
   potential_energy { -1.254809594396286   } 
   potential_energyvar { 0.2025300581460567   } 
   nonlocal_energy { 0.1722315744199735   } 
   nonlocal_energyvar { 0.3465015238614936   } 
   autocorr_energy { } 
} 

block { 
   label dmc
   totweight 640000
   nautocorr 0
   total_energy { -0.8230890203554821   } 
   total_energyvar { 0.002712486675876313   } 
   weight { 1.00003986048046   } 
   weightvar { 0.07820898464252113   } 
   kinetic_energy { 0.2633907043941145   } 
   kinetic_energyvar { 0.1277110878803265   } 
   potential_energy { -1.255120819631304   } 
   potential_energyvar { 0.1965508382047665   } 
   nonlocal_energy { 0.1686410948817067   } 
   nonlocal_energyvar { 0.3257226743182873   } 
   autocorr_energy { } 
} 

block { 
   label dmc
   totweight 640000
   nautocorr 0
   total_energy { -0.8233667838384638   } 
   total_energyvar { 0.002518726476882449   } 
   weight { 1.000158432066859   } 
   weightvar { 0.07824610478937544   } 
   kinetic_energy { 0.2679395509801545   } 
   kinetic_energyvar { 0.1217125634626822   } 
   potential_energy { -1.251915285465534   } 
   potential_energyvar { 0.1811348929850092   } 
   nonlocal_energy { 0.1606089506469155   } 
   nonlocal_energyvar { 0.2930710513629896   } 
   autocorr_energy { } 
} 

block { 
   label dmc
   totweight 640000
   nautocorr 0
   total_energy { -0.8227108489698224   } 
   total_energyvar { 0.002909784370486057   } 
   weight { 0.9999319868631877   } 
   weightvar { 0.07820293252244104   } 
   kinetic_energy { 0.2643773616880692   } 
   kinetic_energyvar { 0.126570674181732   } 
   potential_energy { -1.25528147891614   } 
   potential_energyvar { 0.1904438717116792   } 
   nonlocal_energy { 0.1681932682582482   } 
   nonlocal_energyvar { 0.3306442692458692   } 
   autocorr_energy { } 
} 

block { 
   label dmc
   totweight 640000
   nautocorr 0
   total_energy { -0.8227752019694689   } 
   total_energyvar { 0.003207321779173045   } 
   weight { 0.9998982282943422   } 
   weightvar { 0.07834292021806777   } 
   kinetic_energy { 0.2610114981214581   } 
   kinetic_energyvar { 0.1323243707364971   } 
   potential_energy { -1.263704386392908   } 
   potential_energyvar { 0.2166931706411492   } 
   nonlocal_energy { 0.1799176863019816   } 
   nonlocal_energyvar { 0.3810499133929072   } 
   autocorr_energy { } 
} 

block { 
   label dmc
   totweight 640000
   nautocorr 0
   total_energy { -0.8226980443666626   } 
   total_energyvar { 0.002674224250456048   } 
   weight { 0.9998003682636941   } 
   weightvar { 0.07863182982424322   } 
   kinetic_energy { 0.2613061145105031   } 
   kinetic_energyvar { 0.1262909587085517   } 
   potential_energy { -1.257147982499821   } 
   potential_energyvar { 0.2001617031939529   } 
   nonlocal_energy { 0.1731438236226552   } 
   nonlocal_energyvar { 0.3425507563373058   } 
   autocorr_energy { } 
} 

block { 
   label dmc
   totweight 640000
   nautocorr 0
   total_energy { -0.8226033303739473   } 
   total_energyvar { 0.002737004042092539   } 
   weight { 0.9994707739883153   } 
   weightvar { 0.07870648573375538   } 
   kinetic_energy { 0.2617113839993542   } 
   kinetic_energyvar { 0.1263516454605389   } 
   potential_energy { -1.252044056355308   } 
   potential_energyvar { 0.1975891447255242   } 
   nonlocal_energy { 0.1677293419820068   } 
   nonlocal_energyvar { 0.3346135708494347   } 
   autocorr_energy { } 
} 

block { 
   label dmc
   totweight 640000
   nautocorr 0
   total_energy { -0.823015971983225   } 
   total_energyvar { 0.002623024134288943   } 
   weight { 0.9998257062179576   } 
   weightvar { 0.07908050532888844   } 
   kinetic_energy { 0.2626220161280367   } 
   kinetic_energyvar { 0.1234609626264881   } 
   potential_energy { -1.2494384790455   } 
   potential_energyvar { 0.1879116678017152   } 
   nonlocal_energy { 0.1638004909342385   } 
   nonlocal_energyvar { 0.3126068374003195   } 
   autocorr_energy { } 
} 

block { 
   label dmc
   totweight 640000
   nautocorr 0
   total_energy { -0.8232777497653946   } 
   total_energyvar { 0.002893181632614206   } 
   weight { 1.000027639401954   } 
   weightvar { 0.07899947161220799   } 
   kinetic_energy { 0.2549257455070711   } 
   kinetic_energyvar { 0.1297290035586265   } 
   potential_energy { -1.252734824101392   } 
   potential_energyvar { 0.1944606499254664   } 
   nonlocal_energy { 0.1745313288289267   } 
   nonlocal_energyvar { 0.3333472091059302   } 
   autocorr_energy { } 
} 

block { 
   label dmc
   totweight 640000
   nautocorr 0
   total_energy { -0.8229231916714178   } 
   total_energyvar { 0.003194823581191164   } 
   weight { 1.000072111760025   } 
   weightvar { 0.07861020374277117   } 
   kinetic_energy { 0.2518412075173763   } 
   kinetic_energyvar { 0.1335885805616359   } 
   potential_energy { -1.253416339614458   } 
   potential_energyvar { 0.2233264029118187   } 
   nonlocal_energy { 0.178651940425664   } 
   nonlocal_energyvar { 0.3926372487800765   } 
   autocorr_energy { } 
} 

block { 
   label dmc
   totweight 640000
   nautocorr 0
   total_energy { -0.822837363979079   } 
   total_energyvar { 0.003189964635315512   } 
   weight { 0.999906979154716   } 
   weightvar { 0.07855706940391383   } 
   kinetic_energy { 0.256158110558048   } 
   kinetic_energyvar { 0.1281603882823404   } 
   potential_energy { -1.249450685421153   } 
   potential_energyvar { 0.2119698743815914   } 
   nonlocal_energy { 0.170455210884026   } 
   nonlocal_energyvar { 0.3645180656875924   } 
   autocorr_energy { } 
} 

block { 
   label dmc
   totweight 640000
   nautocorr 0
   total_energy { -0.8232104416827661   } 
   total_energyvar { 0.002804575363649087   } 
   weight { 1.000093292377753   } 
   weightvar { 0.07885395362072622   } 
   kinetic_energy { 0.2560395123750298   } 
   kinetic_energyvar { 0.1241130704320611   } 
   potential_energy { -1.246215462974375   } 
   potential_energyvar { 0.194534613269455   } 
   nonlocal_energy { 0.1669655089165789   } 
   nonlocal_energyvar { 0.3305632259826162   } 
   autocorr_energy { } 
} 

block { 
   label dmc
   totweight 640000
   nautocorr 0
   total_energy { -0.8234086945308768   } 
   total_energyvar { 0.002480762896056254   } 
   weight { 1.000180057259155   } 
   weightvar { 0.07867874878406012   } 
   kinetic_energy { 0.2567583959482753   } 
   kinetic_energyvar { 0.1233240136510722   } 
   potential_energy { -1.242518037179521   } 
   potential_energyvar { 0.2002459235605245   } 
   nonlocal_energy { 0.1623509467003688   } 
   nonlocal_energyvar { 0.3213840094999499   } 
   autocorr_energy { } 
} 

block { 
   label dmc
   totweight 640000
   nautocorr 0
   total_energy { -0.8229921925494987   } 
   total_energyvar { 0.002992693564421778   } 
   weight { 1.000092028207999   } 
   weightvar { 0.07805005869546822   } 
   kinetic_energy { 0.2556159726575346   } 
   kinetic_energyvar { 0.1265570793975191   } 
   potential_energy { -1.247967155219947   } 
   potential_energyvar { 0.1991575674557029   } 
   nonlocal_energy { 0.1693589900129133   } 
   nonlocal_energyvar { 0.3369482105664564   } 
   autocorr_energy { } 
} 

block { 
   label dmc
   totweight 640000
   nautocorr 0
   total_energy { -0.8226606990350234   } 
   total_energyvar { 0.002772604379947086   } 
   weight { 0.9999665756106376   } 
   weightvar { 0.07823506118031387   } 
   kinetic_energy { 0.2607502968923968   } 
   kinetic_energyvar { 0.1254105089861143   } 
   potential_energy { -1.250832064175981   } 
   potential_energyvar { 0.1857984535244757   } 
   nonlocal_energy { 0.1674210682485606   } 
   nonlocal_energyvar { 0.3118332667381322   } 
   autocorr_energy { } 
} 

block { 
   label dmc
   totweight 640000
   nautocorr 0
   total_energy { -0.8231211970380918   } 
   total_energyvar { 0.002457611384634295   } 
   weight { 0.9998548955644052   } 
   weightvar { 0.07829558208163778   } 
   kinetic_energy { 0.2603044000869453   } 
   kinetic_energyvar { 0.1222762135485293   } 
   potential_energy { -1.248158700725912   } 
   potential_energyvar { 0.2005471141540141   } 
   nonlocal_energy { 0.1647331036008748   } 
   nonlocal_energyvar { 0.3266176681927625   } 
   autocorr_energy { } 
} 

block { 
   label dmc
   totweight 640000
   nautocorr 0
   total_energy { -0.8234795940006489   } 
   total_energyvar { 0.002942417469424474   } 
   weight { 1.000177913765163   } 
   weightvar { 0.0784838654116633   } 
   kinetic_energy { 0.2519606988875781   } 
   kinetic_energyvar { 0.1347600877314614   } 
   potential_energy { -1.252566646720278   } 
   potential_energyvar { 0.2148328866485052   } 
   nonlocal_energy { 0.1771263538320512   } 
   nonlocal_energyvar { 0.3770417737943362   } 
   autocorr_energy { } 
} 

block { 
   label dmc
   totweight 640000
   nautocorr 0
   total_energy { -0.8235352228967541   } 
   total_energyvar { 0.002570004809568815   } 
   weight { 1.000341259000818   } 
   weightvar { 0.0787493355748996   } 
   kinetic_energy { 0.2599700369077478   } 
   kinetic_energyvar { 0.1250450035205201   } 
   potential_energy { -1.250896147424869   } 
   potential_energyvar { 0.1984131597289127   } 
   nonlocal_energy { 0.1673908876203669   } 
   nonlocal_energyvar { 0.3201140394956761   } 
   autocorr_energy { } 
} 

block { 
   label dmc
   totweight 640000
   nautocorr 0
   total_energy { -0.8232710711049852   } 
   total_energyvar { 0.002708966913238964   } 
   weight { 1.000517280155461   } 
   weightvar { 0.07858058986701222   } 
   kinetic_energy { 0.2607346311404622   } 
   kinetic_energyvar { 0.1248538215843136   } 
   potential_energy { -1.249056539122786   } 
   potential_energyvar { 0.1913214675682655   } 
   nonlocal_energy { 0.1650508368773385   } 
   nonlocal_energyvar { 0.3174623369931373   } 
   autocorr_energy { } 
} 

block { 
   label dmc
   totweight 640000
   nautocorr 0
   total_energy { -0.8229565712514898   } 
   total_energyvar { 0.002651718371676659   } 
   weight { 1.000071575534551   } 
   weightvar { 0.07835962309331612   } 
   kinetic_energy { 0.2641703922333091   } 
   kinetic_energyvar { 0.1249956619628197   } 
   potential_energy { -1.255068388881925   } 
   potential_energyvar { 0.1913501615068967   } 
   nonlocal_energy { 0.1679414253971269   } 
   nonlocal_energyvar { 0.3222071099844788   } 
   autocorr_energy { } 
} 

block { 
   label dmc
   totweight 640000
   nautocorr 0
   total_energy { -0.8227121703296881   } 
   total_energyvar { 0.002949124716827733   } 
   weight { 0.9998739712548149   } 
   weightvar { 0.07860343887860266   } 
   kinetic_energy { 0.2624819812108395   } 
   kinetic_energyvar { 0.1311077884939331   } 
   potential_energy { -1.261212250082144   } 
   potential_energyvar { 0.2017355810607655   } 
   nonlocal_energy { 0.1760180985416167   } 
   nonlocal_energyvar { 0.351624248825456   } 
   autocorr_energy { } 
} 

block { 
   label dmc
   totweight 640000
   nautocorr 0
   total_energy { -0.8228297573344987   } 
   total_energyvar { 0.002880619017852526   } 
   weight { 0.9996882420369461   } 
   weightvar { 0.07897778607109418   } 
   kinetic_energy { 0.2655056665709022   } 
   kinetic_energyvar { 0.1266160803092339   } 
   potential_energy { -1.258856618055668   } 
   potential_energyvar { 0.2053135448298644   } 
   nonlocal_energy { 0.1705211941502672   } 
   nonlocal_energyvar { 0.3431480794091636   } 
   autocorr_energy { } 
} 

block { 
   label dmc
   totweight 640000
   nautocorr 0
   total_energy { -0.8235368497938258   } 
   total_energyvar { 0.00267508207700462   } 
   weight { 1.000187711977825   } 
   weightvar { 0.07874927897119188   } 
   kinetic_energy { 0.2654933047863171   } 
   kinetic_energyvar { 0.1236830670712412   } 
   potential_energy { -1.257239705794313   } 
   potential_energyvar { 0.1864164432089666   } 
   nonlocal_energy { 0.1682095512141704   } 
   nonlocal_energyvar { 0.3081906715285859   } 
   autocorr_energy { } 
} 

block { 
   label dmc
   totweight 640000
   nautocorr 0
   total_energy { -0.8227951871741941   } 
   total_energyvar { 0.002775395789861079   } 
   weight { 1.000110811206625   } 
   weightvar { 0.0787731504881668   } 
   kinetic_energy { 0.2683107066135533   } 
   kinetic_energyvar { 0.1257068108238245   } 
   potential_energy { -1.259436314369089   } 
   potential_energyvar { 0.1977126898331287   } 
   nonlocal_energy { 0.1683304205813416   } 
   nonlocal_energyvar { 0.3279774659252748   } 
   autocorr_energy { } 
} 

block { 
   label dmc
   totweight 640000
   nautocorr 0
   total_energy { -0.8226323607944435   } 
   total_energyvar { 0.002919176283414315   } 
   weight { 0.9996054450702131   } 
   weightvar { 0.07842912851517958   } 
   kinetic_energy { 0.2660038535360066   } 
   kinetic_energyvar { 0.1322991456904855   } 
   potential_energy { -1.259507143518623   } 
   potential_energyvar { 0.2130800048758197   } 
   nonlocal_energy { 0.1708709291881728   } 
   nonlocal_energyvar { 0.369205645572084   } 
   autocorr_energy { } 
} 

block { 
   label dmc
   totweight 640000
   nautocorr 0
   total_energy { -0.8235465305348065   } 
   total_energyvar { 0.00295656079461859   } 
   weight { 0.9999823363725263   } 
   weightvar { 0.07881129785948304   } 
   kinetic_energy { 0.2613731808400589   } 
   kinetic_energyvar { 0.1264202108412799   } 
   potential_energy { -1.259272618160313   } 
   potential_energyvar { 0.2010919335591865   } 
   nonlocal_energy { 0.1743529067854476   } 
   nonlocal_energyvar { 0.3444645828664245   } 
   autocorr_energy { } 
} 

block { 
   label dmc
   totweight 640000
   nautocorr 0
   total_energy { -0.8236365827914784   } 
   total_energyvar { 0.002537788391247853   } 
   weight { 1.000363836065987   } 
   weightvar { 0.07923034338002188   } 
   kinetic_energy { 0.264993469574311   } 
   kinetic_energyvar { 0.1224822473489853   } 
   potential_energy { -1.258151947097454   } 
   potential_energyvar { 0.1895967692397351   } 
   nonlocal_energy { 0.1695218947316645   } 
   nonlocal_energyvar { 0.3120258384020555   } 
   autocorr_energy { } 
} 

block { 
   label dmc
   totweight 640000
   nautocorr 0
   total_energy { -0.8230947137958259   } 
   total_energyvar { 0.002565123669977187   } 
   weight { 1.000273596123518   } 
   weightvar { 0.07920534896048648   } 
   kinetic_energy { 0.2671465691996123   } 
   kinetic_energyvar { 0.1202605962421217   } 
   potential_energy { -1.252795696060388   } 
   potential_energyvar { 0.1821720258086839   } 
   nonlocal_energy { 0.1625544130649495   } 
   nonlocal_energyvar { 0.2951981199926479   } 
   autocorr_energy { } 
} 

block { 
   label dmc
   totweight 640000
   nautocorr 0
   total_energy { -0.8225919544097963   } 
   total_energyvar { 0.003005777542061105   } 
   weight { 0.9999822258962078   } 
   weightvar { 0.07914652084537355   } 
   kinetic_energy { 0.2576814000895437   } 
   kinetic_energyvar { 0.1334802106594572   } 
   potential_energy { -1.256401248620843   } 
   potential_energyvar { 0.2049130332455724   } 
   nonlocal_energy { 0.1761278941215026   } 
   nonlocal_energyvar { 0.3597485601723647   } 
   autocorr_energy { } 
} 

block { 
   label dmc
   totweight 640000
   nautocorr 0
   total_energy { -0.8223714470480075   } 
   total_energyvar { 0.002737974722993419   } 
   weight { 0.9995162854902041   } 
   weightvar { 0.07926735260349982   } 
   kinetic_energy { 0.261438295025765   } 
   kinetic_energyvar { 0.1237924851000261   } 
   potential_energy { -1.250710373476059   } 
   potential_energyvar { 0.1883510319806174   } 
   nonlocal_energy { 0.1669006314022858   } 
   nonlocal_energyvar { 0.3173606391094226   } 
   autocorr_energy { } 
} 

block { 
   label dmc
   totweight 640000
   nautocorr 0
   total_energy { -0.8227115350327407   } 
   total_energyvar { 0.003165397043110696   } 
   weight { 0.9996142942625545   } 
   weightvar { 0.0795276052447571   } 
   kinetic_energy { 0.2606179982138291   } 
   kinetic_energyvar { 0.1295070746304137   } 
   potential_energy { -1.253069529632126   } 
   potential_energyvar { 0.2042120090624733   } 
   nonlocal_energy { 0.1697399963855566   } 
   nonlocal_energyvar { 0.3570949422775618   } 
   autocorr_energy { } 
} 

block { 
   label dmc
   totweight 640000
   nautocorr 0
   total_energy { -0.8236117068279322   } 
   total_energyvar { 0.002606602484184983   } 
   weight { 0.9999598554130417   } 
   weightvar { 0.0797937158410652   } 
   kinetic_energy { 0.2620611777756159   } 
   kinetic_energyvar { 0.1257538505707294   } 
   potential_energy { -1.252647567565834   } 
   potential_energyvar { 0.1885510150507101   } 
   nonlocal_energy { 0.1669746829622853   } 
   nonlocal_energyvar { 0.313193151227506   } 
   autocorr_energy { } 
} 

block { 
   label dmc
   totweight 640000
   nautocorr 0
   total_energy { -0.8227328168238413   } 
   total_energyvar { 0.002425693561748044   } 
   weight { 1.000032135714307   } 
   weightvar { 0.07958645773703776   } 
   kinetic_energy { 0.2663789784431297   } 
   kinetic_energyvar { 0.1176599556397414   } 
   potential_energy { -1.247598581590737   } 
   potential_energyvar { 0.1760944502769974   } 
   nonlocal_energy { 0.1584867863237664   } 
   nonlocal_energyvar { 0.2809054811594611   } 
   autocorr_energy { } 
} 

block { 
   label dmc
   totweight 640000
   nautocorr 0
   total_energy { -0.8233580039398256   } 
   total_energyvar { 0.002291514238765058   } 
   weight { 1.00008267889727   } 
   weightvar { 0.07954684087224173   } 
   kinetic_energy { 0.2687189608600527   } 
   kinetic_energyvar { 0.1185547090641293   } 
   potential_energy { -1.246692547503058   } 
   potential_energyvar { 0.1890388948565185   } 
   nonlocal_energy { 0.1546155827031802   } 
   nonlocal_energyvar { 0.2949773883580867   } 
   autocorr_energy { } 
} 

block { 
   label dmc
   totweight 640000
   nautocorr 0
   total_energy { -0.8234167168148231   } 
   total_energyvar { 0.002452666706684981   } 
   weight { 1.000138136386161   } 
   weightvar { 0.07945234461810657   } 
   kinetic_energy { 0.2609471844373   } 
   kinetic_energyvar { 0.1207763906700213   } 
   potential_energy { -1.245815862699909   } 
   potential_energyvar { 0.1978667850253764   } 
   nonlocal_energy { 0.1614519614477855   } 
   nonlocal_energyvar { 0.3148651574137725   } 
   autocorr_energy { } 
} 

block { 
   label dmc
   totweight 640000
   nautocorr 0
   total_energy { -0.823920584179884   } 
   total_energyvar { 0.002473691615544005   } 
   weight { 1.000511869607906   } 
   weightvar { 0.07913005987334132   } 
   kinetic_energy { 0.258834612433821   } 
   kinetic_energyvar { 0.1248406542207176   } 
   potential_energy { -1.246814426769881   } 
   potential_energyvar { 0.1932134351028161   } 
   nonlocal_energy { 0.164059230156176   } 
   nonlocal_energyvar { 0.3071810939866447   } 
   autocorr_energy { } 
} 

block { 
   label dmc
   totweight 640000
   nautocorr 0
   total_energy { -0.8236748966412202   } 
   total_energyvar { 0.002574964962684834   } 
   weight { 1.000662882222129   } 
   weightvar { 0.07892791338671978   } 
   kinetic_energy { 0.2553665693759433   } 
   kinetic_energyvar { 0.1274033043637137   } 
   potential_energy { -1.250521567092034   } 
   potential_energyvar { 0.1989565947706988   } 
   nonlocal_energy { 0.1714801010748702   } 
   nonlocal_energyvar { 0.3303018836386458   } 
   autocorr_energy { } 
} 

block { 
   label dmc
   totweight 640000
   nautocorr 0
   total_energy { -0.8231610368985381   } 
   total_energyvar { 0.002631865144261392   } 
   weight { 1.000387025782256   } 
   weightvar { 0.07859518233976215   } 
   kinetic_energy { 0.257094580134371   } 
   kinetic_energyvar { 0.1278912547906867   } 
   potential_energy { -1.247758191133377   } 
   potential_energyvar { 0.1979701055773309   } 
   nonlocal_energy { 0.1675025741004679   } 
   nonlocal_energyvar { 0.3270465972706292   } 
   autocorr_energy { } 
} 

block { 
   label dmc
   totweight 640000
   nautocorr 0
   total_energy { -0.8229929126921841   } 
   total_energyvar { 0.00264439481095069   } 
   weight { 1.00012597439548   } 
   weightvar { 0.07872480097103396   } 
   kinetic_energy { 0.25354207555127   } 
   kinetic_energyvar { 0.129584589368526   } 
   potential_energy { -1.247864180539901   } 
   potential_energyvar { 0.2177789693786889   } 
   nonlocal_energy { 0.1713291922964469   } 
   nonlocal_energyvar { 0.3591400994969243   } 
   autocorr_energy { } 
} 

block { 
   label dmc
   totweight 640000
   nautocorr 0
   total_energy { -0.8227609524540359   } 
   total_energyvar { 0.002740003477462283   } 
   weight { 0.9998009100331144   } 
   weightvar { 0.07903309166775063   } 
   kinetic_energy { 0.2570484821770891   } 
   kinetic_energyvar { 0.1252868570504324   } 
   potential_energy { -1.242275816283075   } 
   potential_energyvar { 0.199081858804655   } 
   nonlocal_energy { 0.1624663816519506   } 
   nonlocal_energyvar { 0.3282422917408854   } 
   autocorr_energy { } 
} 

block { 
   label dmc
   totweight 640000
   nautocorr 0
   total_energy { -0.8227712479501741   } 
   total_energyvar { 0.002872435172638244   } 
   weight { 0.9997715844324377   } 
   weightvar { 0.07900297830764302   } 
   kinetic_energy { 0.2567988616647938   } 
   kinetic_energyvar { 0.1291388335813571   } 
   potential_energy { -1.251453347134879   } 
   potential_energyvar { 0.2079335545894174   } 
   nonlocal_energy { 0.1718832375199112   } 
   nonlocal_energyvar { 0.3566704717354738   } 
   autocorr_energy { } 
} 

block { 
   label dmc
   totweight 640000
   nautocorr 0
   total_energy { -0.822983463274462   } 
   total_energyvar { 0.002566876908367988   } 
   weight { 0.9997730896341261   } 
   weightvar { 0.07913111693685193   } 
   kinetic_energy { 0.2592545705196622   } 
   kinetic_energyvar { 0.1248940530303199   } 
   potential_energy { -1.254705151077661   } 
   potential_energyvar { 0.1958856794119779   } 
   nonlocal_energy { 0.1724671172835364   } 
   nonlocal_energyvar { 0.3260878570604977   } 
   autocorr_energy { } 
} 

block { 
   label dmc
   totweight 640000
   nautocorr 0
   total_energy { -0.8234834920775904   } 
   total_energyvar { 0.002549982984793697   } 
   weight { 1.000025206039028   } 
   weightvar { 0.07952053191235509   } 
   kinetic_energy { 0.2586478113003212   } 
   kinetic_energyvar { 0.1279429638796807   } 
   potential_energy { -1.254587824667764   } 
   potential_energyvar { 0.1993827017679135   } 
   nonlocal_energy { 0.1724565212898518   } 
   nonlocal_energyvar { 0.3324778798741828   } 
   autocorr_energy { } 
} 

block { 
   label dmc
   totweight 640000
   nautocorr 0
   total_energy { -0.8224965946346444   } 
   total_energyvar { 0.003051560790150898   } 
   weight { 0.9999324075565095   } 
   weightvar { 0.08006905058456437   } 
   kinetic_energy { 0.2610504618193671   } 
   kinetic_energyvar { 0.127541628329183   } 
   potential_energy { -1.254453007378052   } 
   potential_energyvar { 0.1974628945143064   } 
   nonlocal_energy { 0.1709059509240408   } 
   nonlocal_energyvar { 0.3416290152132642   } 
   autocorr_energy { } 
} 

block { 
   label dmc
   totweight 640000
   nautocorr 0
   total_energy { -0.8225038130547214   } 
   total_energyvar { 0.003325526578091931   } 
   weight { 0.9995187831032135   } 
   weightvar { 0.08051043758371923   } 
   kinetic_energy { 0.2545723017220891   } 
   kinetic_energyvar { 0.1393873096055402   } 
   potential_energy { -1.260562089193158   } 
   potential_energyvar { 0.2299991740969636   } 
   nonlocal_energy { 0.1834859744163474   } 
   nonlocal_energyvar { 0.4104987475167605   } 
   autocorr_energy { } 
} 

block { 
   label dmc
   totweight 640000
   nautocorr 0
   total_energy { -0.8233109680996151   } 
   total_energyvar { 0.002907579128895943   } 
   weight { 0.9998754634897404   } 
   weightvar { 0.08049112138042969   } 
   kinetic_energy { 0.2556415432617071   } 
   kinetic_energyvar { 0.1303135529661957   } 
   potential_energy { -1.253226191243258   } 
   potential_energyvar { 0.2177219970681548   } 
   nonlocal_energy { 0.1742736798819358   } 
   nonlocal_energyvar { 0.3696363914992281   } 
   autocorr_energy { } 
} 

block { 
   label dmc
   totweight 640000
   nautocorr 0
   total_energy { -0.8228204568147836   } 
   total_energyvar { 0.002890161724723117   } 
   weight { 0.9998964964933064   } 
   weightvar { 0.08091744543950086   } 
   kinetic_energy { 0.2554410448016896   } 
   kinetic_energyvar { 0.1270979613636009   } 
   potential_energy { -1.247697268432574   } 
   potential_energyvar { 0.1932262496617083   } 
   nonlocal_energy { 0.1694357668161003   } 
   nonlocal_energyvar { 0.3259500225517635   } 
   autocorr_energy { } 
} 

block { 
   label dmc
   totweight 640000
   nautocorr 0
   total_energy { -0.8229596288795212   } 
   total_energyvar { 0.002834372123078022   } 
   weight { 0.9998333049658846   } 
   weightvar { 0.08109629897840775   } 
   kinetic_energy { 0.2570813559468739   } 
   kinetic_energyvar { 0.1265119038201864   } 
   potential_energy { -1.252270357171264   } 
   potential_energyvar { 0.1916764076611948   } 
   nonlocal_energy { 0.1722293723448684   } 
   nonlocal_energyvar { 0.3230569784781306   } 
   autocorr_energy { } 
} 

block { 
   label dmc
   totweight 640000
   nautocorr 0
   total_energy { -0.8227030519987677   } 
   total_energyvar { 0.002633396115978792   } 
   weight { 0.9997171312872167   } 
   weightvar { 0.08119587348430213   } 
   kinetic_energy { 0.2609692201681127   } 
   kinetic_energyvar { 0.1213331555788029   } 
   potential_energy { -1.250048600634864   } 
   potential_energyvar { 0.1816212368420127   } 
   nonlocal_energy { 0.1663763284679837   } 
   nonlocal_energyvar { 0.2935194442554316   } 
   autocorr_energy { } 
} 

block { 
   label dmc
   totweight 640000
   nautocorr 0
   total_energy { -0.8230674574875717   } 
   total_energyvar { 0.002980515191634225   } 
   weight { 0.9998245014701693   } 
   weightvar { 0.08144591303780258   } 
   kinetic_energy { 0.2593797352421678   } 
   kinetic_energyvar { 0.1297314410592375   } 
   potential_energy { -1.258827717656577   } 
   potential_energyvar { 0.2099869317446699   } 
   nonlocal_energy { 0.1763805249268376   } 
   nonlocal_energyvar { 0.3587901486437417   } 
   autocorr_energy { } 
} 

block { 
   label dmc
   totweight 640000
   nautocorr 0
   total_energy { -0.8238581362889179   } 
   total_energyvar { 0.002727717234480509   } 
   weight { 1.000295007155476   } 
   weightvar { 0.08118066804630364   } 
   kinetic_energy { 0.2581079164497205   } 
   kinetic_energyvar { 0.1324513121736382   } 
   potential_energy { -1.261152518459024   } 
   potential_energyvar { 0.2067664142674426   } 
   nonlocal_energy { 0.1791864657203853   } 
   nonlocal_energyvar { 0.3501978546634009   } 
   autocorr_energy { } 
} 

block { 
   label dmc
   totweight 640000
   nautocorr 0
   total_energy { -0.8230847266257998   } 
   total_energyvar { 0.0027004659295915   } 
   weight { 1.000431284105333   } 
   weightvar { 0.0812458973241601   } 
   kinetic_energy { 0.2592608284417293   } 
   kinetic_energyvar { 0.1279213808698036   } 
   potential_energy { -1.256308305906372   } 
   potential_energyvar { 0.2075940239043241   } 
   nonlocal_energy { 0.1739627508388425   } 
   nonlocal_energyvar { 0.3437903350271533   } 
   autocorr_energy { } 
} 

block { 
   label dmc
   totweight 640000
   nautocorr 0
   total_energy { -0.8230893874862694   } 
   total_energyvar { 0.002744877092708209   } 
   weight { 1.000025493550562   } 
   weightvar { 0.08080511096007448   } 
   kinetic_energy { 0.2614080479271723   } 
   kinetic_energyvar { 0.1248680217863423   } 
   potential_energy { -1.246167432383935   } 
   potential_energyvar { 0.1886270630997982   } 
   nonlocal_energy { 0.161669996970494   } 
   nonlocal_energyvar { 0.3116414819742268   } 
   autocorr_energy { } 
} 

block { 
   label dmc
   totweight 640000
   nautocorr 0
   total_energy { -0.8227727830377501   } 
   total_energyvar { 0.002511275672402169   } 
   weight { 1.000055981761571   } 
   weightvar { 0.08087551129188242   } 
   kinetic_energy { 0.265400748002223   } 
   kinetic_energyvar { 0.1188034012233762   } 
   potential_energy { -1.244610101826428   } 
   potential_energyvar { 0.1813482464277523   } 
   nonlocal_energy { 0.1564365707864543   } 
   nonlocal_energyvar { 0.2882503802679347   } 
   autocorr_energy { } 
} 

block { 
   label dmc
   totweight 640000
   nautocorr 0
   total_energy { -0.8230535224686204   } 
   total_energyvar { 0.002788152244092013   } 
   weight { 0.9997430540936384   } 
   weightvar { 0.08083699597085492   } 
   kinetic_energy { 0.2605368373017667   } 
   kinetic_energyvar { 0.1281585251337586   } 
   potential_energy { -1.257982591722999   } 
   potential_energyvar { 0.2029895621446096   } 
   nonlocal_energy { 0.1743922319526122   } 
   nonlocal_energyvar { 0.3463068459014218   } 
   autocorr_energy { } 
} 

block { 
   label dmc
   totweight 640000
   nautocorr 0
   total_energy { -0.8231603025021414   } 
   total_energyvar { 0.002770058627973859   } 
   weight { 1.000099126866124   } 
   weightvar { 0.08135853641223423   } 
   kinetic_energy { 0.26149567581688   } 
   kinetic_energyvar { 0.1258045753027565   } 
   potential_energy { -1.250845058386208   } 
   potential_energyvar { 0.2060477896922561   } 
   nonlocal_energy { 0.1661890800671861   } 
   nonlocal_energyvar { 0.3342933901591724   } 
   autocorr_energy { } 
} 

block { 
   label dmc
   totweight 640000
   nautocorr 0
   total_energy { -0.8229992980632924   } 
   total_energyvar { 0.002439260428181211   } 
   weight { 0.9997973520460633   } 
   weightvar { 0.08179357325389069   } 
   kinetic_energy { 0.2643588931680881   } 
   kinetic_energyvar { 0.1270270547375386   } 
   potential_energy { -1.25184420014783   } 
   potential_energyvar { 0.2024067348262437   } 
   nonlocal_energy { 0.1644860089164494   } 
   nonlocal_energyvar { 0.3366322158197207   } 
   autocorr_energy { } 
} 

block { 
   label dmc
   totweight 640000
   nautocorr 0
   total_energy { -0.8230087089651713   } 
   total_energyvar { 0.002716629718282015   } 
   weight { 1.000000799457384   } 
   weightvar { 0.08156427357445106   } 
   kinetic_energy { 0.2627745199222333   } 
   kinetic_energyvar { 0.1273023153294275   } 
   potential_energy { -1.257668103737022   } 
   potential_energyvar { 0.1984669041391924   } 
   nonlocal_energy { 0.1718848748496176   } 
   nonlocal_energyvar { 0.3306922226434406   } 
   autocorr_energy { } 
} 

block { 
   label dmc
   totweight 640000
   nautocorr 0
   total_energy { -0.8225181006661439   } 
   total_energyvar { 0.003021779060250585   } 
   weight { 0.9997534188409413   } 
   weightvar { 0.08151677986784589   } 
   kinetic_energy { 0.2603507040911775   } 
   kinetic_energyvar { 0.135025825589567   } 
   potential_energy { -1.262224274988429   } 
   potential_energyvar { 0.2113865218106794   } 
   nonlocal_energy { 0.179355470231108   } 
   nonlocal_energyvar { 0.3740573067961639   } 
   autocorr_energy { } 
} 

block { 
   label dmc
   totweight 640000
   nautocorr 0
   total_energy { -0.8232525528979335   } 
   total_energyvar { 0.003130871215061948   } 
   weight { 0.9999136515414022   } 
   weightvar { 0.0816151756988811   } 
   kinetic_energy { 0.2553782988310859   } 
   kinetic_energyvar { 0.1398703373176505   } 
   potential_energy { -1.26171762307359   } 
   potential_energyvar { 0.2413103619794987   } 
   nonlocal_energy { 0.1830867713445701   } 
   nonlocal_energyvar { 0.4264697263536952   } 
   autocorr_energy { } 
} 

block { 
   label dmc
   totweight 640000
   nautocorr 0
   total_energy { -0.8233309380479849   } 
   total_energyvar { 0.002571033008299306   } 
   weight { 1.000050889416187   } 
   weightvar { 0.08158223375828189   } 
   kinetic_energy { 0.2657874471758824   } 
   kinetic_energyvar { 0.1250445345710992   } 
   potential_energy { -1.253030429123626   } 
   potential_energyvar { 0.190168904431409   } 
   nonlocal_energy { 0.1639120438997591   } 
   nonlocal_energyvar { 0.3027621190213259   } 
   autocorr_energy { } 
} 

block { 
   label dmc
   totweight 640000
   nautocorr 0
   total_energy { -0.8240147793101036   } 
   total_energyvar { 0.00262821187443063   } 
   weight { 1.000422336367055   } 
   weightvar { 0.0820554695606448   } 
   kinetic_energy { 0.2610033451996794   } 
   kinetic_energyvar { 0.1272686875626167   } 
   potential_energy { -1.253599420381299   } 
   potential_energyvar { 0.2012105188915807   } 
   nonlocal_energy { 0.1685812958715155   } 
   nonlocal_energyvar { 0.330193786117325   } 
   autocorr_energy { } 
} 

block { 
   label dmc
   totweight 640000
   nautocorr 0
   total_energy { -0.8238232619227599   } 
   total_energyvar { 0.00268285334873275   } 
   weight { 1.000728113545225   } 
   weightvar { 0.08195459499557156   } 
   kinetic_energy { 0.2590046933672017   } 
   kinetic_energyvar { 0.1310129071891917   } 
   potential_energy { -1.259505776547419   } 
   potential_energyvar { 0.2140665413433618   } 
   nonlocal_energy { 0.1766778212574576   } 
   nonlocal_energyvar { 0.3550838580486341   } 
   autocorr_energy { } 
} 

block { 
   label dmc
   totweight 640000
   nautocorr 0
   total_energy { -0.8238449678520414   } 
   total_energyvar { 0.002583048769034257   } 
   weight { 1.000637434419088   } 
   weightvar { 0.08211568334942498   } 
   kinetic_energy { 0.2628658850045112   } 
   kinetic_energyvar { 0.1242308694684423   } 
   potential_energy { -1.252473992614981   } 
   potential_energyvar { 0.1915539703879263   } 
   nonlocal_energy { 0.165763139758429   } 
   nonlocal_energyvar { 0.3072825155210274   } 
   autocorr_energy { } 
} 

block { 
   label dmc
   totweight 640000
   nautocorr 0
   total_energy { -0.8237267327023128   } 
   total_energyvar { 0.002646362293111326   } 
   weight { 1.000729267620714   } 
   weightvar { 0.08265983067948124   } 
   kinetic_energy { 0.2631709634420997   } 
   kinetic_energyvar { 0.128002224267201   } 
   potential_energy { -1.254712096697885   } 
   potential_energyvar { 0.2127008515751752   } 
   nonlocal_energy { 0.1678144005534723   } 
   nonlocal_energyvar { 0.3402433016837054   } 
   autocorr_energy { } 
} 

block { 
   label dmc
   totweight 640000
   nautocorr 0
   total_energy { -0.8233063206895906   } 
   total_energyvar { 0.003007066080236709   } 
   weight { 1.000558364930038   } 
   weightvar { 0.08254344255096191   } 
   kinetic_energy { 0.2664392412734299   } 
   kinetic_energyvar { 0.1295949701042679   } 
   potential_energy { -1.257200437871876   } 
   potential_energyvar { 0.1954522276708113   } 
   nonlocal_energy { 0.1674548759088558   } 
   nonlocal_energyvar { 0.3296465527630332   } 
   autocorr_energy { } 
} 

block { 
   label dmc
   totweight 640000
   nautocorr 0
   total_energy { -0.8231589570935121   } 
   total_energyvar { 0.003009933652640462   } 
   weight { 1.000139433055318   } 
   weightvar { 0.08244946256840335   } 
   kinetic_energy { 0.2628887416383902   } 
   kinetic_energyvar { 0.1288086336951833   } 
   potential_energy { -1.260998746112714   } 
   potential_energyvar { 0.2014629077867378   } 
   nonlocal_energy { 0.1749510473808112   } 
   nonlocal_energyvar { 0.3350148846170494   } 
   autocorr_energy { } 
} 

block { 
   label dmc
   totweight 640000
   nautocorr 0
   total_energy { -0.8232889365512165   } 
   total_energyvar { 0.00299755437509952   } 
   weight { 1.000164714611791   } 
   weightvar { 0.08244667061964117   } 
   kinetic_energy { 0.2558218310156279   } 
   kinetic_energyvar { 0.1310119444047721   } 
   potential_energy { -1.259023835409159   } 
   potential_energyvar { 0.2139013608268134   } 
   nonlocal_energy { 0.1799130678423144   } 
   nonlocal_energyvar { 0.3691354866163775   } 
   autocorr_energy { } 
} 

block { 
   label dmc
   totweight 640000
   nautocorr 0
   total_energy { -0.8233377007694808   } 
   total_energyvar { 0.002910065502934378   } 
   weight { 1.000049892808815   } 
   weightvar { 0.08234756865641368   } 
   kinetic_energy { 0.2611000411745317   } 
   kinetic_energyvar { 0.1302697797726128   } 
   potential_energy { -1.260075736211567   } 
   potential_energyvar { 0.2008478398926701   } 
   nonlocal_energy { 0.1756379942675544   } 
   nonlocal_energyvar { 0.3460310280370695   } 
   autocorr_energy { } 
} 

block { 
   label dmc
   totweight 640000
   nautocorr 0
   total_energy { -0.8231132684245063   } 
   total_energyvar { 0.002599088560523266   } 
   weight { 1.00017948959685   } 
   weightvar { 0.08267138684944331   } 
   kinetic_energy { 0.2607720624200056   } 
   kinetic_energyvar { 0.1257225063657751   } 
   potential_energy { -1.260231655126766   } 
   potential_energyvar { 0.1932006191783751   } 
   nonlocal_energy { 0.1763463242822537   } 
   nonlocal_energyvar { 0.3288369484729426   } 
   autocorr_energy { } 
} 

block { 
   label dmc
   totweight 640000
   nautocorr 0
   total_energy { -0.8226574295750176   } 
   total_energyvar { 0.003189770304764195   } 
   weight { 0.9999491104567148   } 
   weightvar { 0.0827997580138452   } 
   kinetic_energy { 0.2588896309317885   } 
   kinetic_energyvar { 0.1334482957227783   } 
   potential_energy { -1.261289836708145   } 
   potential_energyvar { 0.2061317481527893   } 
   nonlocal_energy { 0.1797427762013387   } 
   nonlocal_energyvar { 0.3639830801473596   } 
   autocorr_energy { } 
} 

block { 
   label dmc
   totweight 640000
   nautocorr 0
   total_energy { -0.8227817165318758   } 
   total_energyvar { 0.002869417781526606   } 
   weight { 0.9996821508914656   } 
   weightvar { 0.0829746244209747   } 
   kinetic_energy { 0.263130261489008   } 
   kinetic_energyvar { 0.125621654946969   } 
   potential_energy { -1.248960747348788   } 
   potential_energyvar { 0.209193540877413   } 
   nonlocal_energy { 0.1630487693279043   } 
   nonlocal_energyvar { 0.3520675736920383   } 
   autocorr_energy { } 
} 

block { 
   label dmc
   totweight 640000
   nautocorr 0
   total_energy { -0.8231951436320823   } 
   total_energyvar { 0.002603048481855885   } 
   weight { 0.9997814224082782   } 
   weightvar { 0.08306078480837809   } 
   kinetic_energy { 0.2635058947919999   } 
   kinetic_energyvar { 0.1229831796768473   } 
   potential_energy { -1.247031861551107   } 
   potential_energyvar { 0.1881331334411858   } 
   nonlocal_energy { 0.1603308231270245   } 
   nonlocal_energyvar { 0.3081762802949332   } 
   autocorr_energy { } 
} 

block { 
   label dmc
   totweight 640000
   nautocorr 0
   total_energy { -0.8231818512268579   } 
   total_energyvar { 0.002675462613140112   } 
   weight { 1.000062062699814   } 
   weightvar { 0.08333467378373283   } 
   kinetic_energy { 0.261034689898211   } 
   kinetic_energyvar { 0.1270710518533705   } 
   potential_energy { -1.254102654105606   } 
   potential_energyvar { 0.1998769117440371   } 
   nonlocal_energy { 0.1698861129805367   } 
   nonlocal_energyvar { 0.3481360809550966   } 
   autocorr_energy { } 
} 

block { 
   label dmc
   totweight 640000
   nautocorr 0
   total_energy { -0.8226839739069278   } 
   total_energyvar { 0.003066095022315918   } 
   weight { 0.9997720819618017   } 
   weightvar { 0.08325613670655452   } 
   kinetic_energy { 0.2573232834040574   } 
   kinetic_energyvar { 0.1292126023055072   } 
   potential_energy { -1.254619888961261   } 
   potential_energyvar { 0.198429796373776   } 
   nonlocal_energy { 0.1746126316502758   } 
   nonlocal_energyvar { 0.3489774344573138   } 
   autocorr_energy { } 
} 

block { 
   label dmc
   totweight 640000
   nautocorr 0
   total_energy { -0.8235141532932964   } 
   total_energyvar { 0.00262170580855714   } 
   weight { 0.9998641090104962   } 
   weightvar { 0.08325480170092103   } 
   kinetic_energy { 0.2560116598303938   } 
   kinetic_energyvar { 0.1267355280483666   } 
   potential_energy { -1.251191205568822   } 
   potential_energyvar { 0.2005188143834244   } 
   nonlocal_energy { 0.1716653924451319   } 
   nonlocal_energyvar { 0.3393236094803028   } 
   autocorr_energy { } 
} 

block { 
   label dmc
   totweight 640000
   nautocorr 0
   total_energy { -0.8236888993424674   } 
   total_energyvar { 0.002989463762019251   } 
   weight { 1.000386697804262   } 
   weightvar { 0.08346666599427488   } 
   kinetic_energy { 0.2565534334149389   } 
   kinetic_energyvar { 0.1316192696662838   } 
   potential_energy { -1.25840130363602   } 
   potential_energyvar { 0.2204521163070252   } 
   nonlocal_energy { 0.1781589708786135   } 
   nonlocal_energyvar { 0.3801316609599696   } 
   autocorr_energy { } 
} 

block { 
   label dmc
   totweight 640000
   nautocorr 0
   total_energy { -0.8233387087190173   } 
   total_energyvar { 0.003003881734389369   } 
   weight { 1.000397259673974   } 
   weightvar { 0.08366550903121017   } 
   kinetic_energy { 0.2565363390394065   } 
   kinetic_energyvar { 0.1329474383941175   } 
   potential_energy { -1.261048200031027   } 
   potential_energyvar { 0.1978641104580867   } 
   nonlocal_energy { 0.1811731522726034   } 
   nonlocal_energyvar { 0.3535077590804445   } 
   autocorr_energy { } 
} 

block { 
   label dmc
   totweight 640000
   nautocorr 0
   total_energy { -0.8227836856267535   } 
   total_energyvar { 0.002986674404499956   } 
   weight { 1.000071708224407   } 
   weightvar { 0.08348507608066202   } 
   kinetic_energy { 0.2599962228346236   } 
   kinetic_energyvar { 0.1299167680278556   } 
   potential_energy { -1.259789356343119   } 
   potential_energyvar { 0.2045224728140536   } 
   nonlocal_energy { 0.1770094478817417   } 
   nonlocal_energyvar { 0.3534469531450188   } 
   autocorr_energy { } 
} 

block { 
   label dmc
   totweight 640000
   nautocorr 0
   total_energy { -0.8232031424041437   } 
   total_energyvar { 0.002592779625852026   } 
   weight { 0.9998998945938736   } 
   weightvar { 0.08302251172768671   } 
   kinetic_energy { 0.2625191590471442   } 
   kinetic_energyvar { 0.1220760003915338   } 
   potential_energy { -1.249805464741499   } 
   potential_energyvar { 0.2062897073726422   } 
   nonlocal_energy { 0.1640831632902112   } 
   nonlocal_energyvar { 0.3261149545687028   } 
   autocorr_energy { } 
} 

block { 
   label dmc
   totweight 640000
   nautocorr 0
   total_energy { -0.8232881170578363   } 
   total_energyvar { 0.00284236083919065   } 
   weight { 1.000107368314056   } 
   weightvar { 0.08304332132900227   } 
   kinetic_energy { 0.2544461707038815   } 
   kinetic_energyvar { 0.1264437873028523   } 
   potential_energy { -1.248732077077395   } 
   potential_energyvar { 0.1974095421386242   } 
   nonlocal_energy { 0.1709977893156774   } 
   nonlocal_energyvar { 0.3349621316594491   } 
   autocorr_energy { } 
} 

block { 
   label dmc
   totweight 640000
   nautocorr 0
   total_energy { -0.8231101216031785   } 
   total_energyvar { 0.002813012911365043   } 
   weight { 1.000036198099262   } 
   weightvar { 0.08263722589371447   } 
   kinetic_energy { 0.259221248761242   } 
   kinetic_energyvar { 0.1253585584439387   } 
   potential_energy { -1.248841463652282   } 
   potential_energyvar { 0.1983212353931161   } 
   nonlocal_energy { 0.1665100932878612   } 
   nonlocal_energyvar { 0.3354981467416974   } 
   autocorr_energy { } 
} 

block { 
   label dmc
   totweight 640000
   nautocorr 0
   total_energy { -0.8230277631719121   } 
   total_energyvar { 0.002892034515159514   } 
   weight { 0.9999573871680842   } 
   weightvar { 0.08281920978837642   } 
   kinetic_energy { 0.2596646310205352   } 
   kinetic_energyvar { 0.1279225325422438   } 
   potential_energy { -1.254071443425967   } 
   potential_energyvar { 0.194228640611859   } 
   nonlocal_energy { 0.17137904923352   } 
   nonlocal_energyvar { 0.3197040022833975   } 
   autocorr_energy { } 
} 

block { 
   label dmc
   totweight 640000
   nautocorr 0
   total_energy { -0.8227343981925238   } 
   total_energyvar { 0.003209151954863487   } 
   weight { 0.999748318927255   } 
   weightvar { 0.08290656711704836   } 
   kinetic_energy { 0.260315475795154   } 
   kinetic_energyvar { 0.1326315035229051   } 
   potential_energy { -1.261951193397789   } 
   potential_energyvar { 0.2007983654471999   } 
   nonlocal_energy { 0.1789013194101109   } 
   nonlocal_energyvar { 0.3526906120057598   } 
   autocorr_energy { } 
} 

block { 
   label dmc
   totweight 640000
   nautocorr 0
   total_energy { -0.8228828497977341   } 
   total_energyvar { 0.002656162401278084   } 
   weight { 0.9997501197534512   } 
   weightvar { 0.08280489050040096   } 
   kinetic_energy { 0.2662486464307615   } 
   kinetic_energyvar { 0.1239688539334528   } 
   potential_energy { -1.252080281016506   } 
   potential_energyvar { 0.19317430122472   } 
   nonlocal_energy { 0.1629487847880103   } 
   nonlocal_energyvar { 0.3187618774497576   } 
   autocorr_energy { } 
} 

block { 
   label dmc
   totweight 640000
   nautocorr 0
   total_energy { -0.8231931081338609   } 
   total_energyvar { 0.002484786227268221   } 
   weight { 0.9999224549156379   } 
   weightvar { 0.08260588530303803   } 
   kinetic_energy { 0.2618428944103277   } 
   kinetic_energyvar { 0.1235348602164059   } 
   potential_energy { -1.247275896219419   } 
   potential_energyvar { 0.1902954439904252   } 
   nonlocal_energy { 0.1622398936752307   } 
   nonlocal_energyvar { 0.3161586540452086   } 
   autocorr_energy { } 
} 

block { 
   label dmc
   totweight 640000
   nautocorr 0
   total_energy { -0.8228652793189718   } 
   total_energyvar { 0.002835249468414958   } 
   weight { 0.9998903302695776   } 
   weightvar { 0.08263482499228403   } 
   kinetic_energy { 0.2609593292492144   } 
   kinetic_energyvar { 0.1279567337847465   } 
   potential_energy { -1.250581633171152   } 
   potential_energyvar { 0.2010549079778916   } 
   nonlocal_energy { 0.1667570246029653   } 
   nonlocal_energyvar { 0.3364999410827987   } 
   autocorr_energy { } 
} 

block { 
   label dmc
   totweight 640000
   nautocorr 0
   total_energy { -0.823463169786943   } 
   total_energyvar { 0.002849174905765084   } 
   weight { 0.9999483690752627   } 
   weightvar { 0.08260114556993392   } 
   kinetic_energy { 0.2566934950546201   } 
   kinetic_energyvar { 0.1304219662786731   } 
   potential_energy { -1.256618534161884   } 
   potential_energyvar { 0.2049876062469274   } 
   nonlocal_energy { 0.1764618693203212   } 
   nonlocal_energyvar { 0.3473981278787708   } 
   autocorr_energy { } 
} 

block { 
   label dmc
   totweight 640000
   nautocorr 0
   total_energy { -0.8232221365948211   } 
   total_energyvar { 0.002933565995943743   } 
   weight { 1.000255006351657   } 
   weightvar { 0.08238300159735323   } 
   kinetic_energy { 0.259972946810208   } 
   kinetic_energyvar { 0.1320317911423238   } 
   potential_energy { -1.260233735840898   } 
   potential_energyvar { 0.209816036076705   } 
   nonlocal_energy { 0.1770386524358688   } 
   nonlocal_energyvar { 0.3659138668172057   } 
   autocorr_energy { } 
} 

block { 
   label dmc
   totweight 640000
   nautocorr 0
   total_energy { -0.8228899013583106   } 
   total_energyvar { 0.003053403162458279   } 
   weight { 1.000021431362708   } 
   weightvar { 0.08210433433616071   } 
   kinetic_energy { 0.2603302341404182   } 
   kinetic_energyvar { 0.130562158331476   } 
   potential_energy { -1.258827080215728   } 
   potential_energyvar { 0.2040387373826018   } 
   nonlocal_energy { 0.1756069447169995   } 
   nonlocal_energyvar { 0.3483738587301191   } 
   autocorr_energy { } 
} 

block { 
   label dmc
   totweight 640000
   nautocorr 0
   total_energy { -0.8232418261129403   } 
   total_energyvar { 0.002944088158164826   } 
   weight { 0.999906245495029   } 
   weightvar { 0.08192931538825099   } 
   kinetic_energy { 0.2607517365927396   } 
   kinetic_energyvar { 0.1314544332487556   } 
   potential_energy { -1.260547822307725   } 
   potential_energyvar { 0.1992504984157248   } 
   nonlocal_energy { 0.1765542596020448   } 
   nonlocal_energyvar { 0.3367869858045028   } 
   autocorr_energy { } 
} 

block { 
   label dmc
   totweight 640000
   nautocorr 0
   total_energy { -0.8231013187345179   } 
   total_energyvar { 0.003089431479979976   } 
   weight { 1.000060600785702   } 
   weightvar { 0.08241194451513456   } 
   kinetic_energy { 0.261421118712618   } 
   kinetic_energyvar { 0.1286413069733072   } 
   potential_energy { -1.260227833445266   } 
   potential_energyvar { 0.2112379743677306   } 
   nonlocal_energy { 0.1757053959981302   } 
   nonlocal_energyvar { 0.3471632851491658   } 
   autocorr_energy { } 
} 

block { 
   label dmc
   totweight 640000
   nautocorr 0
   total_energy { -0.8235083051031873   } 
   total_energyvar { 0.002904865592964212   } 
   weight { 1.0001027773708   } 
   weightvar { 0.08261368461576324   } 
   kinetic_energy { 0.2595644342764351   } 
   kinetic_energyvar { 0.1293613370949016   } 
   potential_energy { -1.255647539935197   } 
   potential_energyvar { 0.200746559346348   } 
   nonlocal_energy { 0.1725748005555751   } 
   nonlocal_energyvar { 0.335423050260148   } 
   autocorr_energy { } 
} 

block { 
   label dmc
   totweight 640000
   nautocorr 0
   total_energy { -0.8224147585612034   } 
   total_energyvar { 0.002940491217183649   } 
   weight { 0.999926482927295   } 
   weightvar { 0.08275556948577845   } 
   kinetic_energy { 0.2605803103118567   } 
   kinetic_energyvar { 0.1303583459167229   } 
   potential_energy { -1.253289685316974   } 
   potential_energyvar { 0.2153861973728897   } 
   nonlocal_energy { 0.1702946164439141   } 
   nonlocal_energyvar { 0.3593634015312558   } 
   autocorr_energy { } 
} 

block { 
   label dmc
   totweight 640000
   nautocorr 0
   total_energy { -0.8229879488049556   } 
   total_energyvar { 0.002517526675812398   } 
   weight { 0.9996870994111999   } 
   weightvar { 0.08329422592759439   } 
   kinetic_energy { 0.2628470548245437   } 
   kinetic_energyvar { 0.1258728860579233   } 
   potential_energy { -1.254288915687083   } 
   potential_energyvar { 0.1983497694030278   } 
   nonlocal_energy { 0.168453912057584   } 
   nonlocal_energyvar { 0.33267481204931   } 
   autocorr_energy { } 
} 

block { 
   label dmc
   totweight 640000
   nautocorr 0
   total_energy { -0.8222920902208285   } 
   total_energyvar { 0.002842230673445245   } 
   weight { 0.9994812898773391   } 
   weightvar { 0.08289888309033311   } 
   kinetic_energy { 0.2624795927695454   } 
   kinetic_energyvar { 0.126344933623145   } 
   potential_energy { -1.251375099166172   } 
   potential_energyvar { 0.2004889890566413   } 
   nonlocal_energy { 0.1666034161757978   } 
   nonlocal_energyvar { 0.3379101012440314   } 
   autocorr_energy { } 
} 

block { 
   label dmc
   totweight 640000
   nautocorr 0
   total_energy { -0.8231969556407163   } 
   total_energyvar { 0.002842478681272742   } 
   weight { 0.9996601049183631   } 
   weightvar { 0.08315910825582573   } 
   kinetic_energy { 0.258079074252149   } 
   kinetic_energyvar { 0.128586654059597   } 
   potential_energy { -1.253967208042548   } 
   potential_energyvar { 0.1917651940923084   } 
   nonlocal_energy { 0.1726911781496835   } 
   nonlocal_energyvar { 0.3284735241080053   } 
   autocorr_energy { } 
} 

block { 
   label dmc
   totweight 640000
   nautocorr 0
   total_energy { -0.8230118320277735   } 
   total_energyvar { 0.002850818588893356   } 
   weight { 0.9998509929235621   } 
   weightvar { 0.08275971480280908   } 
   kinetic_energy { 0.2604940842037592   } 
   kinetic_energyvar { 0.1253495253220372   } 
   potential_energy { -1.252528203680075   } 
   potential_energyvar { 0.1986729095363824   } 
   nonlocal_energy { 0.1690222874485419   } 
   nonlocal_energyvar { 0.3323336796557687   } 
   autocorr_energy { } 
} 

block { 
   label dmc
   totweight 640000
   nautocorr 0
   total_energy { -0.8231297385124978   } 
   total_energyvar { 0.002825897746315587   } 
   weight { 1.000020017193234   } 
   weightvar { 0.08261982259423384   } 
   kinetic_energy { 0.2588528578789312   } 
   kinetic_energyvar { 0.1276919737981307   } 
   potential_energy { -1.252695568164073   } 
   potential_energyvar { 0.196820212049893   } 
   nonlocal_energy { 0.1707129717726434   } 
   nonlocal_energyvar { 0.3280068105090437   } 
   autocorr_energy { } 
} 

block { 
   label dmc
   totweight 640000
   nautocorr 0
   total_energy { -0.8233545991900045   } 
   total_energyvar { 0.002725345638453613   } 
   weight { 1.000133136659553   } 
   weightvar { 0.08206929289251574   } 
   kinetic_energy { 0.2564262077511066   } 
   kinetic_energyvar { 0.1319140865694807   } 
   potential_energy { -1.254419786121802   } 
   potential_energyvar { 0.2016693250931914   } 
   nonlocal_energy { 0.1746389791806908   } 
   nonlocal_energyvar { 0.3465278921543412   } 
   autocorr_energy { } 
} 

block { 
   label dmc
   totweight 640000
   nautocorr 0
   total_energy { -0.8227497253991853   } 
   total_energyvar { 0.002859248195898445   } 
   weight { 0.9998365852076037   } 
   weightvar { 0.08199083320914535   } 
   kinetic_energy { 0.2569012910563676   } 
   kinetic_energyvar { 0.1298047115894388   } 
   potential_energy { -1.253970426066962   } 
   potential_energyvar { 0.2063560135596776   } 
   nonlocal_energy { 0.1743194096114093   } 
   nonlocal_energyvar { 0.3586792788167592   } 
   autocorr_energy { } 
} 

block { 
   label dmc
   totweight 640000
   nautocorr 0
   total_energy { -0.8227172529374592   } 
   total_energyvar { 0.002543748643707544   } 
   weight { 0.9996756198390556   } 
   weightvar { 0.08204648668026715   } 
   kinetic_energy { 0.2669335912415084   } 
   kinetic_energyvar { 0.122804364511936   } 
   potential_energy { -1.24989598872308   } 
   potential_energyvar { 0.1879919267415877   } 
   nonlocal_energy { 0.160245144544112   } 
   nonlocal_energyvar { 0.311222714515462   } 
   autocorr_energy { } 
} 

block { 
   label dmc
   totweight 640000
   nautocorr 0
   total_energy { -0.8229791102992714   } 
   total_energyvar { 0.002592986891619464   } 
   weight { 0.9998453634452766   } 
   weightvar { 0.08232831244860628   } 
   kinetic_energy { 0.2628972534962345   } 
   kinetic_energyvar { 0.1264825542714521   } 
   potential_energy { -1.253553857789174   } 
   potential_energyvar { 0.1883864542119558   } 
   nonlocal_energy { 0.167677493993668   } 
   nonlocal_energyvar { 0.3159422059625767   } 
   autocorr_energy { } 
} 

block { 
   label dmc
   totweight 640000
   nautocorr 0
   total_energy { -0.8231242216340314   } 
   total_energyvar { 0.003095052752669303   } 
   weight { 0.9998353153405386   } 
   weightvar { 0.082252755121483   } 
   kinetic_energy { 0.2571393820823623   } 
   kinetic_energyvar { 0.1337971709584753   } 
   potential_energy { -1.260364216957494   } 
   potential_energyvar { 0.2100698502347802   } 
   nonlocal_energy { 0.1801006132411003   } 
   nonlocal_energyvar { 0.3659829785296961   } 
   autocorr_energy { } 
} 

block { 
   label dmc
   totweight 640000
   nautocorr 0
   total_energy { -0.8227120211547018   } 
   total_energyvar { 0.003125083889271019   } 
   weight { 0.9998057663820975   } 
   weightvar { 0.0823436922059767   } 
   kinetic_energy { 0.2589247587981815   } 
   kinetic_energyvar { 0.1304364868132861   } 
   potential_energy { -1.256757142087187   } 
   potential_energyvar { 0.2061543506662038   } 
   nonlocal_energy { 0.1751203621343033   } 
   nonlocal_energyvar { 0.3547643017136361   } 
   autocorr_energy { } 
} 

block { 
   label dmc
   totweight 640000
   nautocorr 0
   total_energy { -0.8233589613948856   } 
   total_energyvar { 0.002931814149065848   } 
   weight { 1.000007805269196   } 
   weightvar { 0.08260652602799401   } 
   kinetic_energy { 0.2578774403533151   } 
   kinetic_energyvar { 0.1312911187139261   } 
   potential_energy { -1.258316846531625   } 
   potential_energyvar { 0.2013432001943605   } 
   nonlocal_energy { 0.1770804447834237   } 
   nonlocal_energyvar { 0.350405971156579   } 
   autocorr_energy { } 
} 

block { 
   label dmc
   totweight 640000
   nautocorr 0
   total_energy { -0.82291099675519   } 
   total_energyvar { 0.00278579257628031   } 
   weight { 0.9999606005428843   } 
   weightvar { 0.08240365988169984   } 
   kinetic_energy { 0.2636780328252857   } 
   kinetic_energyvar { 0.1256046039889864   } 
   potential_energy { -1.253909870032858   } 
   potential_energyvar { 0.1996439187697046   } 
   nonlocal_energy { 0.1673208404523828   } 
   nonlocal_energyvar { 0.3335944041854755   } 
   autocorr_energy { } 
} 

block { 
   label dmc
   totweight 640000
   nautocorr 0
   total_energy { -0.8230746275302896   } 
   total_energyvar { 0.003028346380125391   } 
   weight { 0.9998820808572234   } 
   weightvar { 0.08302143523151184   } 
   kinetic_energy { 0.261657339666255   } 
   kinetic_energyvar { 0.1307981186718975   } 
   potential_energy { -1.25835333453977   } 
   potential_energyvar { 0.2015566752167586   } 
   nonlocal_energy { 0.1736213673432255   } 
   nonlocal_energyvar { 0.348966678194354   } 
   autocorr_energy { } 
} 

block { 
   label dmc
   totweight 640000
   nautocorr 0
   total_energy { -0.8231512674872702   } 
   total_energyvar { 0.002714922526851349   } 
   weight { 0.9999378198494105   } 
   weightvar { 0.08304794929564585   } 
   kinetic_energy { 0.2633300530260403   } 
   kinetic_energyvar { 0.1223325551238308   } 
   potential_energy { -1.253536923238453   } 
   potential_energyvar { 0.1958470789819968   } 
   nonlocal_energy { 0.1670556027251422   } 
   nonlocal_energyvar { 0.3205519077804284   } 
   autocorr_energy { } 
} 

block { 
   label dmc
   totweight 640000
   nautocorr 0
   total_energy { -0.8231508204564166   } 
   total_energyvar { 0.002839406880339124   } 
   weight { 1.000054275049359   } 
   weightvar { 0.08281673990757632   } 
   kinetic_energy { 0.2617685039675974   } 
   kinetic_energyvar { 0.1280833858741948   } 
   potential_energy { -1.253780612580951   } 
   potential_energyvar { 0.193343150497193   } 
   nonlocal_energy { 0.1688612881569373   } 
   nonlocal_energyvar { 0.331071392592975   } 
   autocorr_energy { } 
} 

block { 
   label dmc
   totweight 640000
   nautocorr 0
   total_energy { -0.8230877482068054   } 
   total_energyvar { 0.002698771488565455   } 
   weight { 1.000024152486077   } 
   weightvar { 0.08281755053388085   } 
   kinetic_energy { 0.2611890924671602   } 
   kinetic_energyvar { 0.1258681005268373   } 
   potential_energy { -1.255963323013726   } 
   potential_energyvar { 0.2059564573738446   } 
   nonlocal_energy { 0.1716864823397602   } 
   nonlocal_energyvar { 0.3435310620219986   } 
   autocorr_energy { } 
} 

block { 
   label dmc
   totweight 640000
   nautocorr 0
   total_energy { -0.8228167295558041   } 
   total_energyvar { 0.00285177676661541   } 
   weight { 0.9998556961599759   } 
   weightvar { 0.08302393546329856   } 
   kinetic_energy { 0.2620452946843588   } 
   kinetic_energyvar { 0.1301069101449514   } 
   potential_energy { -1.25576685943474   } 
   potential_energyvar { 0.2136072056338212   } 
   nonlocal_energy { 0.1709048351945771   } 
   nonlocal_energyvar { 0.3647492370527429   } 
   autocorr_energy { } 
} 

block { 
   label dmc
   totweight 640000
   nautocorr 0
   total_energy { -0.8229194895087464   } 
   total_energyvar { 0.002855050256074576   } 
   weight { 0.9997736536698216   } 
   weightvar { 0.08338802571697679   } 
   kinetic_energy { 0.2673047561599753   } 
   kinetic_energyvar { 0.1245516680566892   } 
   potential_energy { -1.25741885196673   } 
   potential_energyvar { 0.2020814050935356   } 
   nonlocal_energy { 0.1671946062980077   } 
   nonlocal_energyvar { 0.3502621956528296   } 
   autocorr_energy { } 
} 

block { 
   label dmc
   totweight 640000
   nautocorr 0
   total_energy { -0.8231561301831852   } 
   total_energyvar { 0.002686938101188585   } 
   weight { 0.9999530969006378   } 
   weightvar { 0.0838100428678219   } 
   kinetic_energy { 0.2671602401206791   } 
   kinetic_energyvar { 0.1223878353636148   } 
   potential_energy { -1.252762519988677   } 
   potential_energyvar { 0.1855570098323938   } 
   nonlocal_energy { 0.1624461496848127   } 
   nonlocal_energyvar { 0.313405566976531   } 
   autocorr_energy { } 
} 

block { 
   label dmc
   totweight 640000
   nautocorr 0
   total_energy { -0.8225251936013512   } 
   total_energyvar { 0.002655210511790518   } 
   weight { 0.9998033232860732   } 
   weightvar { 0.0838036753645075   } 
   kinetic_energy { 0.2649521722025145   } 
   kinetic_energyvar { 0.1266791466698256   } 
   potential_energy { -1.256240679295068   } 
   potential_energyvar { 0.194953462681041   } 
   nonlocal_energy { 0.1687633134912016   } 
   nonlocal_energyvar { 0.3316921252137788   } 
   autocorr_energy { } 
} 

block { 
   label dmc
   totweight 640000
   nautocorr 0
   total_energy { -0.8236898620804166   } 
   total_energyvar { 0.002630983860617553   } 
   weight { 0.9999539354188207   } 
   weightvar { 0.08361873360595939   } 
   kinetic_energy { 0.2623508981280835   } 
   kinetic_energyvar { 0.1266483541115371   } 
   potential_energy { -1.25525345586684   } 
   potential_energyvar { 0.191040450700805   } 
   nonlocal_energy { 0.1692126956583397   } 
   nonlocal_energyvar { 0.3222742138570329   } 
   autocorr_energy { } 
} 

block { 
   label dmc
   totweight 640000
   nautocorr 0
   total_energy { -0.8232739137868755   } 
   total_energyvar { 0.002991614607698923   } 
   weight { 1.000219026949063   } 
   weightvar { 0.08358074339792321   } 
   kinetic_energy { 0.2623064694796112   } 
   kinetic_energyvar { 0.1282677101420582   } 
   potential_energy { -1.256137219410727   } 
   potential_energyvar { 0.2075250511945121   } 
   nonlocal_energy { 0.1705568361442403   } 
   nonlocal_energyvar { 0.3443742304964698   } 
   autocorr_energy { } 
} 

block { 
   label dmc
   totweight 640000
   nautocorr 0
   total_energy { -0.8229148013825087   } 
   total_energyvar { 0.002824657859501034   } 
   weight { 1.000054238916932   } 
   weightvar { 0.08336905902900948   } 
   kinetic_energy { 0.2628429684291635   } 
   kinetic_energyvar { 0.1274505161897118   } 
   potential_energy { -1.253804940324268   } 
   potential_energyvar { 0.1993938100053845   } 
   nonlocal_energy { 0.1680471705125962   } 
   nonlocal_energyvar { 0.3350355680685236   } 
   autocorr_energy { } 
} 

block { 
   label dmc
   totweight 640000
   nautocorr 0
   total_energy { -0.8230427610707982   } 
   total_energyvar { 0.003013999749554186   } 
   weight { 0.9999300653092563   } 
   weightvar { 0.08339000808580133   } 
   kinetic_energy { 0.2590788913656711   } 
   kinetic_energyvar { 0.1287284034629269   } 
   potential_energy { -1.255513226510705   } 
   potential_energyvar { 0.206160288018074   } 
   nonlocal_energy { 0.1733915740742357   } 
   nonlocal_energyvar { 0.3518645009974106   } 
   autocorr_energy { } 
} 

block { 
   label dmc
   totweight 640000
   nautocorr 0
   total_energy { -0.8226844307367389   } 
   total_energyvar { 0.003201541886277415   } 
   weight { 0.9997664814586922   } 
   weightvar { 0.0837618838630696   } 
   kinetic_energy { 0.2558610609062557   } 
   kinetic_energyvar { 0.1351554537187198   } 
   potential_energy { -1.262297786947946   } 
   potential_energyvar { 0.2029393478849091   } 
   nonlocal_energy { 0.1837522953049512   } 
   nonlocal_energyvar { 0.363667589921535   } 
   autocorr_energy { } 
} 

block { 
   label dmc
   totweight 640000
   nautocorr 0
   total_energy { -0.8227333251992729   } 
   total_energyvar { 0.003201691800009843   } 
   weight { 0.9997323364114491   } 
   weightvar { 0.08387623771162955   } 
   kinetic_energy { 0.2584855792019491   } 
   kinetic_energyvar { 0.1359878996145875   } 
   potential_energy { -1.259798992873475   } 
   potential_energyvar { 0.2035947164704095   } 
   nonlocal_energy { 0.1785800884722532   } 
   nonlocal_energyvar { 0.3668074888378816   } 
   autocorr_energy { } 
} 

block { 
   label dmc
   totweight 640000
   nautocorr 0
   total_energy { -0.8230760120582202   } 
   total_energyvar { 0.002628168118557483   } 
   weight { 0.9998055606369085   } 
   weightvar { 0.08397168776493691   } 
   kinetic_energy { 0.2630981331559909   } 
   kinetic_energyvar { 0.1252928124145223   } 
   potential_energy { -1.256955223628795   } 
   potential_energyvar { 0.201808212284077   } 
   nonlocal_energy { 0.1707810784145835   } 
   nonlocal_energyvar { 0.3351237217461119   } 
   autocorr_energy { } 
} 

block { 
   label dmc
   totweight 640000
   nautocorr 0
   total_energy { -0.8232715473244462   } 
   total_energyvar { 0.002703804245705821   } 
   weight { 0.9999796756839129   } 
   weightvar { 0.08366732693629331   } 
   kinetic_energy { 0.26364227978766   } 
   kinetic_energyvar { 0.1251709183782157   } 
   potential_energy { -1.259277331534472   } 
   potential_energyvar { 0.1946643722551826   } 
   nonlocal_energy { 0.172363504422366   } 
   nonlocal_energyvar { 0.3242223474966003   } 
   autocorr_energy { } 
} 

block { 
   label dmc
   totweight 640000
   nautocorr 0
   total_energy { -0.8232784518215674   } 
   total_energyvar { 0.002775442953078522   } 
   weight { 1.000057216578233   } 
   weightvar { 0.08401320152201719   } 
   kinetic_energy { 0.265615742536587   } 
   kinetic_energyvar { 0.1266704736405858   } 
   potential_energy { -1.263572006548737   } 
   potential_energyvar { 0.211619857777533   } 
   nonlocal_energy { 0.1746778121905823   } 
   nonlocal_energyvar { 0.3491966211564926   } 
   autocorr_energy { } 
} 

block { 
   label dmc
   totweight 640000
   nautocorr 0
   total_energy { -0.8234173944481559   } 
   total_energyvar { 0.002762204011264924   } 
   weight { 1.000213750624931   } 
   weightvar { 0.08451616881207857   } 
   kinetic_energy { 0.2696988256234087   } 
   kinetic_energyvar { 0.1248827394193886   } 
   potential_energy { -1.264119219069558   } 
   potential_energyvar { 0.2010450299386097   } 
   nonlocal_energy { 0.1710029989979935   } 
   nonlocal_energyvar { 0.335000226378331   } 
   autocorr_energy { } 
} 

block { 
   label dmc
   totweight 640000
   nautocorr 0
   total_energy { -0.8228731634807347   } 
   total_energyvar { 0.002906015465510392   } 
   weight { 1.000069848704139   } 
   weightvar { 0.08493704431238469   } 
   kinetic_energy { 0.2657258327839822   } 
   kinetic_energyvar { 0.1261895367749504   } 
   potential_energy { -1.256755210286656   } 
   potential_energyvar { 0.1905656673790921   } 
   nonlocal_energy { 0.1681562140219389   } 
   nonlocal_energyvar { 0.3267930192786221   } 
   autocorr_energy { } 
} 

block { 
   label dmc
   totweight 640000
   nautocorr 0
   total_energy { -0.8229440917550148   } 
   total_energyvar { 0.002686353899613025   } 
   weight { 0.999921054458467   } 
   weightvar { 0.0850206306426865   } 
   kinetic_energy { 0.2662024670066528   } 
   kinetic_energyvar { 0.1262571225942617   } 
   potential_energy { -1.259371519641705   } 
   potential_energyvar { 0.1963973018141503   } 
   nonlocal_energy { 0.1702249608800373   } 
   nonlocal_energyvar { 0.3319876818253731   } 
   autocorr_energy { } 
} 

