#-------------------------------------------------
#VMC run: timestep 1 nconfig 6400 steps 100
#-------------------------------------------------


init { 
   label vmc
}
block { 
   label vmc
   totweight 640000
   nautocorr 0
   total_energy { -0.7875025305633402   } 
   total_energyvar { 0.04120786436785451   } 
   weight { 1   } 
   weightvar { 0   } 
   kinetic_energy { 0.2311542789388072   } 
   kinetic_energyvar { 0.1087701446174299   } 
   potential_energy { -1.188610575916395   } 
   potential_energyvar { 0.2385046122563512   } 
   nonlocal_energy { 0.1699537664142481   } 
   nonlocal_energyvar { 0.3442856787044666   } 
   autocorr_energy { } 
} 

block { 
   label vmc
   totweight 640000
   nautocorr 0
   total_energy { -0.7885089448101757   } 
   total_energyvar { 0.03982205127055238   } 
   weight { 1   } 
   weightvar { 0   } 
   kinetic_energy { 0.2309311205485324   } 
   kinetic_energyvar { 0.1086311366218884   } 
   potential_energy { -1.18982947655954   } 
   potential_energyvar { 0.2364612455704547   } 
   nonlocal_energy { 0.1703894112008313   } 
   nonlocal_energyvar { 0.343406181066625   } 
   autocorr_energy { } 
} 

block { 
   label vmc
   totweight 640000
   nautocorr 0
   total_energy { -0.7884377859536457   } 
   total_energyvar { 0.03993554841917824   } 
   weight { 1   } 
   weightvar { 0   } 
   kinetic_energy { 0.2321174053860274   } 
   kinetic_energyvar { 0.1082923616626724   } 
   potential_energy { -1.189021058100187   } 
   potential_energyvar { 0.23287839191961   } 
   nonlocal_energy { 0.1684658667605142   } 
   nonlocal_energyvar { 0.3368020214544993   } 
   autocorr_energy { } 
} 

block { 
   label vmc
   totweight 640000
   nautocorr 0
   total_energy { -0.7884316900543011   } 
   total_energyvar { 0.03831308637709663   } 
   weight { 1   } 
   weightvar { 0   } 
   kinetic_energy { 0.2309164943273845   } 
   kinetic_energyvar { 0.1089236087589883   } 
   potential_energy { -1.188770495682418   } 
   potential_energyvar { 0.2336119776006649   } 
   nonlocal_energy { 0.1694223113007327   } 
   nonlocal_energyvar { 0.3414274429363017   } 
   autocorr_energy { } 
} 

block { 
   label vmc
   totweight 640000
   nautocorr 0
   total_energy { -0.7885448556786879   } 
   total_energyvar { 0.0376708765686119   } 
   weight { 1   } 
   weightvar { 0   } 
   kinetic_energy { 0.2307514165698614   } 
   kinetic_energyvar { 0.1090627942187839   } 
   potential_energy { -1.188762764988799   } 
   potential_energyvar { 0.2314671113131836   } 
   nonlocal_energy { 0.1694664927402496   } 
   nonlocal_energyvar { 0.341915321874885   } 
   autocorr_energy { } 
} 

block { 
   label vmc
   totweight 640000
   nautocorr 0
   total_energy { -0.7884134768211976   } 
   total_energyvar { 0.03844679629180114   } 
   weight { 1   } 
   weightvar { 0   } 
   kinetic_energy { 0.2313919771604903   } 
   kinetic_energyvar { 0.1084079748869565   } 
   potential_energy { -1.18890387012727   } 
   potential_energyvar { 0.2330811829013715   } 
   nonlocal_energy { 0.169098416145582   } 
   nonlocal_energyvar { 0.3400761259252077   } 
   autocorr_energy { } 
} 

block { 
   label vmc
   totweight 640000
   nautocorr 0
   total_energy { -0.788427119864696   } 
   total_energyvar { 0.03901143307623411   } 
   weight { 1   } 
   weightvar { 0   } 
   kinetic_energy { 0.2321340169353755   } 
   kinetic_energyvar { 0.1086860926223831   } 
   potential_energy { -1.190444280318942   } 
   potential_energyvar { 0.2335817046531787   } 
   nonlocal_energy { 0.1698831435188703   } 
   nonlocal_energyvar { 0.3416534126915203   } 
   autocorr_energy { } 
} 

block { 
   label vmc
   totweight 640000
   nautocorr 0
   total_energy { -0.7879743121218591   } 
   total_energyvar { 0.04316381745891695   } 
   weight { 1   } 
   weightvar { 0   } 
   kinetic_energy { 0.2312375317558726   } 
   kinetic_energyvar { 0.1095827647919872   } 
   potential_energy { -1.190086677411556   } 
   potential_energyvar { 0.2594911891057479   } 
   nonlocal_energy { 0.1708748335338239   } 
   nonlocal_energyvar { 0.368356646487865   } 
   autocorr_energy { } 
} 

block { 
   label vmc
   totweight 640000
   nautocorr 0
   total_energy { -0.7881495381353778   } 
   total_energyvar { 0.03753615529592469   } 
   weight { 1   } 
   weightvar { 0   } 
   kinetic_energy { 0.2313701370076232   } 
   kinetic_energyvar { 0.1090921432003912   } 
   potential_energy { -1.188923041760638   } 
   potential_energyvar { 0.244797675607503   } 
   nonlocal_energy { 0.1694033666176376   } 
   nonlocal_energyvar { 0.3581279850050267   } 
   autocorr_energy { } 
} 

block { 
   label vmc
   totweight 640000
   nautocorr 0
   total_energy { -0.7883832020992092   } 
   total_energyvar { 0.03758877972910202   } 
   weight { 1   } 
   weightvar { 0   } 
   kinetic_energy { 0.2317660441348465   } 
   kinetic_energyvar { 0.10841095534829   } 
   potential_energy { -1.189092289491766   } 
   potential_energyvar { 0.2317935396390214   } 
   nonlocal_energy { 0.1689430432577103   } 
   nonlocal_energyvar { 0.3379488130793694   } 
   autocorr_energy { } 
} 

block { 
   label vmc
   totweight 640000
   nautocorr 0
   total_energy { -0.7882023878998391   } 
   total_energyvar { 0.04031867807801914   } 
   weight { 1   } 
   weightvar { 0   } 
   kinetic_energy { 0.2314511140496877   } 
   kinetic_energyvar { 0.1098753387853441   } 
   potential_energy { -1.190473020105415   } 
   potential_energyvar { 0.2352901931916118   } 
   nonlocal_energy { 0.1708195181558878   } 
   nonlocal_energyvar { 0.3441349004086664   } 
   autocorr_energy { } 
} 

block { 
   label vmc
   totweight 640000
   nautocorr 0
   total_energy { -0.7882400633837149   } 
   total_energyvar { 0.04098256292756897   } 
   weight { 1   } 
   weightvar { 0   } 
   kinetic_energy { 0.2329245060502026   } 
   kinetic_energyvar { 0.1086704367653151   } 
   potential_energy { -1.190731685345459   } 
   potential_energyvar { 0.2354439344587678   } 
   nonlocal_energy { 0.1695671159115423   } 
   nonlocal_energyvar { 0.3399639939683362   } 
   autocorr_energy { } 
} 

block { 
   label vmc
   totweight 640000
   nautocorr 0
   total_energy { -0.78850650453305   } 
   total_energyvar { 0.03589071232861474   } 
   weight { 1   } 
   weightvar { 0   } 
   kinetic_energy { 0.2313989787573681   } 
   kinetic_energyvar { 0.1084754257252092   } 
   potential_energy { -1.189368512882687   } 
   potential_energyvar { 0.2299237485088745   } 
   nonlocal_energy { 0.1694630295922682   } 
   nonlocal_energyvar { 0.3386169703765919   } 
   autocorr_energy { } 
} 

block { 
   label vmc
   totweight 640000
   nautocorr 0
   total_energy { -0.7883129236774283   } 
   total_energyvar { 0.03853034245963505   } 
   weight { 1   } 
   weightvar { 0   } 
   kinetic_energy { 0.231252424051789   } 
   kinetic_energyvar { 0.1088625352573004   } 
   potential_energy { -1.18959434190771   } 
   potential_energyvar { 0.246279115323164   } 
   nonlocal_energy { 0.1700289941784927   } 
   nonlocal_energyvar { 0.3568122127317532   } 
   autocorr_energy { } 
} 

block { 
   label vmc
   totweight 640000
   nautocorr 0
   total_energy { -0.7883050221801897   } 
   total_energyvar { 0.04126573909716924   } 
   weight { 1   } 
   weightvar { 0   } 
   kinetic_energy { 0.2310575725079231   } 
   kinetic_energyvar { 0.110265884093903   } 
   potential_energy { -1.189896479484793   } 
   potential_energyvar { 0.246461118337356   } 
   nonlocal_energy { 0.1705338847966803   } 
   nonlocal_energyvar { 0.3568887504422554   } 
   autocorr_energy { } 
} 

block { 
   label vmc
   totweight 640000
   nautocorr 0
   total_energy { -0.7889257107330757   } 
   total_energyvar { 0.03591401514081383   } 
   weight { 1   } 
   weightvar { 0   } 
   kinetic_energy { 0.2316654022176631   } 
   kinetic_energyvar { 0.1084144535417352   } 
   potential_energy { -1.189581497609485   } 
   potential_energyvar { 0.2296656080317714   } 
   nonlocal_energy { 0.1689903846587458   } 
   nonlocal_energyvar { 0.3384822890940818   } 
   autocorr_energy { } 
} 

block { 
   label vmc
   totweight 640000
   nautocorr 0
   total_energy { -0.7885845867639931   } 
   total_energyvar { 0.03728921805729357   } 
   weight { 1   } 
   weightvar { 0   } 
   kinetic_energy { 0.2324507488777299   } 
   kinetic_energyvar { 0.1087652512286957   } 
   potential_energy { -1.190840047379614   } 
   potential_energyvar { 0.232642222161153   } 
   nonlocal_energy { 0.1698047117378909   } 
   nonlocal_energyvar { 0.3427095226999814   } 
   autocorr_energy { } 
} 

block { 
   label vmc
   totweight 640000
   nautocorr 0
   total_energy { -0.7884401346120298   } 
   total_energyvar { 0.03914361265455735   } 
   weight { 1   } 
   weightvar { 0   } 
   kinetic_energy { 0.2301075102041712   } 
   kinetic_energyvar { 0.1102706290497497   } 
   potential_energy { -1.190014278794645   } 
   potential_energyvar { 0.2358727787634891   } 
   nonlocal_energy { 0.1714666339784439   } 
   nonlocal_energyvar { 0.3481757817533542   } 
   autocorr_energy { } 
} 

block { 
   label vmc
   totweight 640000
   nautocorr 0
   total_energy { -0.7880698917089243   } 
   total_energyvar { 0.03847917023515712   } 
   weight { 1   } 
   weightvar { 0   } 
   kinetic_energy { 0.2315899394778663   } 
   kinetic_energyvar { 0.1090116201487823   } 
   potential_energy { -1.189905295634953   } 
   potential_energyvar { 0.2338720238993695   } 
   nonlocal_energy { 0.1702454644481628   } 
   nonlocal_energyvar { 0.3420657640351397   } 
   autocorr_energy { } 
} 

block { 
   label vmc
   totweight 640000
   nautocorr 0
   total_energy { -0.7879870561709791   } 
   total_energyvar { 0.07288209366649379   } 
   weight { 1   } 
   weightvar { 0   } 
   kinetic_energy { 0.2320500521001073   } 
   kinetic_energyvar { 0.1089269736734438   } 
   potential_energy { -1.189546181374881   } 
   potential_energyvar { 0.2668621761279961   } 
   nonlocal_energy { 0.1695090731037947   } 
   nonlocal_energyvar { 0.340232517561519   } 
   autocorr_energy { } 
} 

block { 
   label vmc
   totweight 640000
   nautocorr 0
   total_energy { -0.7881945066016774   } 
   total_energyvar { 0.0401167866262363   } 
   weight { 1   } 
   weightvar { 0   } 
   kinetic_energy { 0.2323257633778326   } 
   kinetic_energyvar { 0.1085496820493176   } 
   potential_energy { -1.189394133156551   } 
   potential_energyvar { 0.248877059496956   } 
   nonlocal_energy { 0.1688738631770414   } 
   nonlocal_energyvar { 0.3549072422554376   } 
   autocorr_energy { } 
} 

block { 
   label vmc
   totweight 640000
   nautocorr 0
   total_energy { -0.7886992503244407   } 
   total_energyvar { 0.03582668481943674   } 
   weight { 1   } 
   weightvar { 0   } 
   kinetic_energy { 0.2321825933973767   } 
   kinetic_energyvar { 0.1087842848631996   } 
   potential_energy { -1.190839163365852   } 
   potential_energyvar { 0.237966486961489   } 
   nonlocal_energy { 0.1699573196440349   } 
   nonlocal_energyvar { 0.3502042958191885   } 
   autocorr_energy { } 
} 

block { 
   label vmc
   totweight 640000
   nautocorr 0
   total_energy { -0.7885146197949802   } 
   total_energyvar { 0.04007047571027278   } 
   weight { 1   } 
   weightvar { 0   } 
   kinetic_energy { 0.2313604206112496   } 
   kinetic_energyvar { 0.1088033539421846   } 
   potential_energy { -1.188736261938062   } 
   potential_energyvar { 0.2387336900588732   } 
   nonlocal_energy { 0.1688612215318321   } 
   nonlocal_energyvar { 0.3441849930740863   } 
   autocorr_energy { } 
} 

block { 
   label vmc
   totweight 640000
   nautocorr 0
   total_energy { -0.7887813294517162   } 
   total_energyvar { 0.03565661590126468   } 
   weight { 1   } 
   weightvar { 0   } 
   kinetic_energy { 0.2322471013519415   } 
   kinetic_energyvar { 0.1080954014383782   } 
   potential_energy { -1.189664842008473   } 
   potential_energyvar { 0.2319989320139981   } 
   nonlocal_energy { 0.1686364112048158   } 
   nonlocal_energyvar { 0.3403755063673428   } 
   autocorr_energy { } 
} 

block { 
   label vmc
   totweight 640000
   nautocorr 0
   total_energy { -0.7884084532648805   } 
   total_energyvar { 0.03896806335873237   } 
   weight { 1   } 
   weightvar { 0   } 
   kinetic_energy { 0.2311900178795101   } 
   kinetic_energyvar { 0.1098961146973577   } 
   potential_energy { -1.190855389747833   } 
   potential_energyvar { 0.2376759432870104   } 
   nonlocal_energy { 0.1712569186034428   } 
   nonlocal_energyvar { 0.349129176706237   } 
   autocorr_energy { } 
} 

block { 
   label vmc
   totweight 640000
   nautocorr 0
   total_energy { -0.7885106107103175   } 
   total_energyvar { 0.0391541043047624   } 
   weight { 1   } 
   weightvar { 0   } 
   kinetic_energy { 0.2319904521615533   } 
   kinetic_energyvar { 0.1088074708921978   } 
   potential_energy { -1.189923063635875   } 
   potential_energyvar { 0.2476208313494159   } 
   nonlocal_energy { 0.1694220007640041   } 
   nonlocal_energyvar { 0.3565180818803697   } 
   autocorr_energy { } 
} 

block { 
   label vmc
   totweight 640000
   nautocorr 0
   total_energy { -0.7883260584365747   } 
   total_energyvar { 0.03789262926342718   } 
   weight { 1   } 
   weightvar { 0   } 
   kinetic_energy { 0.2320466202801691   } 
   kinetic_energyvar { 0.1087501548983768   } 
   potential_energy { -1.189932326004423   } 
   potential_energyvar { 0.2391234505908828   } 
   nonlocal_energy { 0.1695596472876794   } 
   nonlocal_energyvar { 0.348106052665068   } 
   autocorr_energy { } 
} 

block { 
   label vmc
   totweight 640000
   nautocorr 0
   total_energy { -0.7889735195889238   } 
   total_energyvar { 0.03819844114997251   } 
   weight { 1   } 
   weightvar { 0   } 
   kinetic_energy { 0.2317718449172487   } 
   kinetic_energyvar { 0.1093258165000635   } 
   potential_energy { -1.190889597142103   } 
   potential_energyvar { 0.2384930070024081   } 
   nonlocal_energy { 0.1701442326359305   } 
   nonlocal_energyvar { 0.3476360596615014   } 
   autocorr_energy { } 
} 

block { 
   label vmc
   totweight 640000
   nautocorr 0
   total_energy { -0.7888112994969492   } 
   total_energyvar { 0.04123036235775235   } 
   weight { 1   } 
   weightvar { 0   } 
   kinetic_energy { 0.2327417843923977   } 
   kinetic_energyvar { 0.1078960793349645   } 
   potential_energy { -1.189718451979956   } 
   potential_energyvar { 0.236173396895446   } 
   nonlocal_energy { 0.1681653680906096   } 
   nonlocal_energyvar { 0.3385520017305505   } 
   autocorr_energy { } 
} 

block { 
   label vmc
   totweight 640000
   nautocorr 0
   total_energy { -0.7884492822301397   } 
   total_energyvar { 0.04083613813284459   } 
   weight { 1   } 
   weightvar { 0   } 
   kinetic_energy { 0.2315208363065545   } 
   kinetic_energyvar { 0.1082649606040433   } 
   potential_energy { -1.189059501425293   } 
   potential_energyvar { 0.2357429307258998   } 
   nonlocal_energy { 0.1690893828885992   } 
   nonlocal_energyvar { 0.3404067193465973   } 
   autocorr_energy { } 
} 

block { 
   label vmc
   totweight 640000
   nautocorr 0
   total_energy { -0.7885437250680118   } 
   total_energyvar { 0.03843102875084825   } 
   weight { 1   } 
   weightvar { 0   } 
   kinetic_energy { 0.2321613457450671   } 
   kinetic_energyvar { 0.1087068470853887   } 
   potential_energy { -1.189754057239693   } 
   potential_energyvar { 0.2371494851863472   } 
   nonlocal_energy { 0.1690489864266139   } 
   nonlocal_energyvar { 0.3447613483424617   } 
   autocorr_energy { } 
} 

block { 
   label vmc
   totweight 640000
   nautocorr 0
   total_energy { -0.7881271532562183   } 
   total_energyvar { 0.04152603235980268   } 
   weight { 1   } 
   weightvar { 0   } 
   kinetic_energy { 0.2316318702026252   } 
   kinetic_energyvar { 0.1084107641758949   } 
   potential_energy { -1.188243838496884   } 
   potential_energyvar { 0.2356330832418121   } 
   nonlocal_energy { 0.1684848150380408   } 
   nonlocal_energyvar { 0.3383328246142958   } 
   autocorr_energy { } 
} 

block { 
   label vmc
   totweight 640000
   nautocorr 0
   total_energy { -0.7884865287392604   } 
   total_energyvar { 0.03748526782211803   } 
   weight { 1   } 
   weightvar { 0   } 
   kinetic_energy { 0.2317181252087291   } 
   kinetic_energyvar { 0.1087044899992776   } 
   potential_energy { -1.189066379121655   } 
   potential_energyvar { 0.2307099839843263   } 
   nonlocal_energy { 0.1688617251736652   } 
   nonlocal_energyvar { 0.3388466480969726   } 
   autocorr_energy { } 
} 

block { 
   label vmc
   totweight 640000
   nautocorr 0
   total_energy { -0.7886977456239017   } 
   total_energyvar { 0.03520030244935457   } 
   weight { 1   } 
   weightvar { 0   } 
   kinetic_energy { 0.2311985872181564   } 
   kinetic_energyvar { 0.1090724910679409   } 
   potential_energy { -1.18953983636994   } 
   potential_energyvar { 0.2273476274278838   } 
   nonlocal_energy { 0.169643503527882   } 
   nonlocal_energyvar { 0.3372213170930218   } 
   autocorr_energy { } 
} 

block { 
   label vmc
   totweight 640000
   nautocorr 0
   total_energy { -0.7883336543325944   } 
   total_energyvar { 0.03620501164032242   } 
   weight { 1   } 
   weightvar { 0   } 
   kinetic_energy { 0.231557305769919   } 
   kinetic_energyvar { 0.1089137221242591   } 
   potential_energy { -1.189653977676645   } 
   potential_energyvar { 0.2318526622781198   } 
   nonlocal_energy { 0.1697630175741311   } 
   nonlocal_energyvar { 0.3425209036974336   } 
   autocorr_energy { } 
} 

block { 
   label vmc
   totweight 640000
   nautocorr 0
   total_energy { -0.7882007055117705   } 
   total_energyvar { 0.04722315265818955   } 
   weight { 1   } 
   weightvar { 0   } 
   kinetic_energy { 0.2319286298712694   } 
   kinetic_energyvar { 0.1082648833324577   } 
   potential_energy { -1.189731591816784   } 
   potential_energyvar { 0.2408362857669439   } 
   nonlocal_energy { 0.1696022564337442   } 
   nonlocal_energyvar { 0.3383373263037387   } 
   autocorr_energy { } 
} 

block { 
   label vmc
   totweight 640000
   nautocorr 0
   total_energy { -0.7887213046586148   } 
   total_energyvar { 0.03660666729483175   } 
   weight { 1   } 
   weightvar { 0   } 
   kinetic_energy { 0.231713678331887   } 
   kinetic_energyvar { 0.1095464529251576   } 
   potential_energy { -1.191353007006566   } 
   potential_energyvar { 0.236848699481097   } 
   nonlocal_energy { 0.1709180240160642   } 
   nonlocal_energyvar { 0.3501519881537172   } 
   autocorr_energy { } 
} 

block { 
   label vmc
   totweight 640000
   nautocorr 0
   total_energy { -0.7891514622796676   } 
   total_energyvar { 0.03527911264890271   } 
   weight { 1   } 
   weightvar { 0   } 
   kinetic_energy { 0.232010976248096   } 
   kinetic_energyvar { 0.1085972910229121   } 
   potential_energy { -1.191275278573881   } 
   potential_energyvar { 0.2335586104200273   } 
   nonlocal_energy { 0.1701128400461173   } 
   nonlocal_energyvar { 0.3457718036217374   } 
   autocorr_energy { } 
} 

block { 
   label vmc
   totweight 640000
   nautocorr 0
   total_energy { -0.7888025295452933   } 
   total_energyvar { 0.03779454663223236   } 
   weight { 1   } 
   weightvar { 0   } 
   kinetic_energy { 0.2313810152827598   } 
   kinetic_energyvar { 0.1097611202212855   } 
   potential_energy { -1.190394645808807   } 
   potential_energyvar { 0.2342607507665391   } 
   nonlocal_energy { 0.1702111009807541   } 
   nonlocal_energyvar { 0.34541999589245   } 
   autocorr_energy { } 
} 

block { 
   label vmc
   totweight 640000
   nautocorr 0
   total_energy { -0.7887346684548396   } 
   total_energyvar { 0.03594570996223656   } 
   weight { 1   } 
   weightvar { 0   } 
   kinetic_energy { 0.2311812439558735   } 
   kinetic_energyvar { 0.1091797307106512   } 
   potential_energy { -1.189052889349859   } 
   potential_energyvar { 0.2310171308400615   } 
   nonlocal_energy { 0.1691369769391456   } 
   nonlocal_energyvar { 0.3408841239421674   } 
   autocorr_energy { } 
} 

block { 
   label vmc
   totweight 640000
   nautocorr 0
   total_energy { -0.7882959953533946   } 
   total_energyvar { 0.03693240527711628   } 
   weight { 1   } 
   weightvar { 0   } 
   kinetic_energy { 0.2317149660458902   } 
   kinetic_energyvar { 0.1089562736371954   } 
   potential_energy { -1.190067146926477   } 
   potential_energyvar { 0.228216044755746   } 
   nonlocal_energy { 0.1700561855271925   } 
   nonlocal_energyvar { 0.3359720071312697   } 
   autocorr_energy { } 
} 

block { 
   label vmc
   totweight 640000
   nautocorr 0
   total_energy { -0.7885290526431959   } 
   total_energyvar { 0.03761102562852703   } 
   weight { 1   } 
   weightvar { 0   } 
   kinetic_energy { 0.2320473964588854   } 
   kinetic_energyvar { 0.1086247316150828   } 
   potential_energy { -1.189539111829773   } 
   potential_energyvar { 0.2309816873867405   } 
   nonlocal_energy { 0.1689626627276914   } 
   nonlocal_energyvar { 0.3392817787410345   } 
   autocorr_energy { } 
} 

block { 
   label vmc
   totweight 640000
   nautocorr 0
   total_energy { -0.7883147154539855   } 
   total_energyvar { 0.04583790449541691   } 
   weight { 1   } 
   weightvar { 0   } 
   kinetic_energy { 0.231797123609017   } 
   kinetic_energyvar { 0.1088245670605305   } 
   potential_energy { -1.189781766539204   } 
   potential_energyvar { 0.2379968865469235   } 
   nonlocal_energy { 0.1696699274762014   } 
   nonlocal_energyvar { 0.3382227242663827   } 
   autocorr_energy { } 
} 

block { 
   label vmc
   totweight 640000
   nautocorr 0
   total_energy { -0.7885078788997566   } 
   total_energyvar { 0.03745048688694697   } 
   weight { 1   } 
   weightvar { 0   } 
   kinetic_energy { 0.2305927202939766   } 
   kinetic_energyvar { 0.1090313729193411   } 
   potential_energy { -1.18995035349871   } 
   potential_energyvar { 0.2353033740984904   } 
   nonlocal_energy { 0.1708497543049766   } 
   nonlocal_energyvar { 0.3447519939459832   } 
   autocorr_energy { } 
} 

block { 
   label vmc
   totweight 640000
   nautocorr 0
   total_energy { -0.7884568366543268   } 
   total_energyvar { 0.03929651622739294   } 
   weight { 1   } 
   weightvar { 0   } 
   kinetic_energy { 0.2313199008229852   } 
   kinetic_energyvar { 0.1086322393747935   } 
   potential_energy { -1.189131586089338   } 
   potential_energyvar { 0.235948452990181   } 
   nonlocal_energy { 0.169354848612026   } 
   nonlocal_energyvar { 0.3435566376781886   } 
   autocorr_energy { } 
} 

block { 
   label vmc
   totweight 640000
   nautocorr 0
   total_energy { -0.7881907908631214   } 
   total_energyvar { 0.03714834252254728   } 
   weight { 1   } 
   weightvar { 0   } 
   kinetic_energy { 0.2321145719640654   } 
   kinetic_energyvar { 0.1085161837466595   } 
   potential_energy { -1.18948024232064   } 
   potential_energyvar { 0.2318818065559161   } 
   nonlocal_energy { 0.1691748794934529   } 
   nonlocal_energyvar { 0.3393900914557271   } 
   autocorr_energy { } 
} 

block { 
   label vmc
   totweight 640000
   nautocorr 0
   total_energy { -0.7883385560681996   } 
   total_energyvar { 0.03691924864856255   } 
   weight { 1   } 
   weightvar { 0   } 
   kinetic_energy { 0.2315436778883434   } 
   kinetic_energyvar { 0.1089672956510499   } 
   potential_energy { -1.189379856291701   } 
   potential_energyvar { 0.247814330168775   } 
   nonlocal_energy { 0.1694976223351575   } 
   nonlocal_energyvar { 0.3598134527060419   } 
   autocorr_energy { } 
} 

block { 
   label vmc
   totweight 640000
   nautocorr 0
   total_energy { -0.7887812875950896   } 
   total_energyvar { 0.04028504156356516   } 
   weight { 1   } 
   weightvar { 0   } 
   kinetic_energy { 0.2318538681276714   } 
   kinetic_energyvar { 0.1092133069083088   } 
   potential_energy { -1.190995709520998   } 
   potential_energyvar { 0.2432516217511278   } 
   nonlocal_energy { 0.170360553798237   } 
   nonlocal_energyvar { 0.3534193567310835   } 
   autocorr_energy { } 
} 

block { 
   label vmc
   totweight 640000
   nautocorr 0
   total_energy { -0.7880029054324504   } 
   total_energyvar { 0.0393645110506784   } 
   weight { 1   } 
   weightvar { 0   } 
   kinetic_energy { 0.2321691941172602   } 
   kinetic_energyvar { 0.1087851202990875   } 
   potential_energy { -1.189567142258815   } 
   potential_energyvar { 0.2307074152147044   } 
   nonlocal_energy { 0.1693950427091048   } 
   nonlocal_energyvar { 0.3359636678635325   } 
   autocorr_energy { } 
} 

block { 
   label vmc
   totweight 640000
   nautocorr 0
   total_energy { -0.7884147170311095   } 
   total_energyvar { 0.0379354479762265   } 
   weight { 1   } 
   weightvar { 0   } 
   kinetic_energy { 0.2311709182653889   } 
   kinetic_energyvar { 0.1092689691018728   } 
   potential_energy { -1.189618452729437   } 
   potential_energyvar { 0.2372776320948067   } 
   nonlocal_energy { 0.170032817432938   } 
   nonlocal_energyvar { 0.3482376561450577   } 
   autocorr_energy { } 
} 

