slurmstepd: error: Detected zonesort setup failure: zonesort interface write failure (13148071.2)
slurmstepd: error: Detected zonesort setup failure: zonesort interface write failure (13148071.3)
slurmstepd: error: Detected zonesort setup failure: zonesort interface write failure (13148071.4)
    0: Input 0 (0).
    0: Input 0 (0).
Rank 0 [Tue Jun 12 13:47:14 2018] [c2-0c1s2n2] application called MPI_Abort(MPI_COMM_WORLD, 0) - process 0
Received signal 6 IO trap
    0: In mpi_utils.cpp [MPIGA_Error]: now exiting...

 GLOBAL ERROR fehler on processor   0                                         
    0: fehler 1 (0x1).
    0: fehler 1 (0x1).
Rank 0 [Tue Jun 12 13:47:14 2018] [c2-0c1s2n2] application called MPI_Abort(MPI_COMM_WORLD, 1) - process 0
srun: error: nid00458: task 0: Aborted
srun: Terminating job step 13148071.5
    0: Input 0 (0).
    0: Input 0 (0).
    0: In mpi_utils.cpp [MPIGA_Error]: now exiting...
Rank 0 [Tue Jun 12 13:47:34 2018] [c2-0c1s2n2] application called MPI_Abort(MPI_COMM_WORLD, 0) - process 0
Received signal 6 IO trap

 GLOBAL ERROR fehler on processor   0                                         
    0: fehler 1 (0x1).
    0: fehler 1 (0x1).
Rank 0 [Tue Jun 12 13:47:35 2018] [c2-0c1s2n2] application called MPI_Abort(MPI_COMM_WORLD, 1) - process 0
srun: error: nid00458: task 0: Aborted
srun: Terminating job step 13148071.6
