converged SCF energy = -46.1221217753102
 ** Mulliken pop  **
pop of  0 Sc 3s        1.99987
pop of  0 Sc 4s        1.99800
pop of  0 Sc 5s        0.00002
pop of  0 Sc 6s       -0.00000
pop of  0 Sc 7s       -0.00000
pop of  0 Sc 8s        0.00000
pop of  0 Sc 9s       -0.00133
pop of  0 Sc 10s        0.00167
pop of  0 Sc 3px       2.00008
pop of  0 Sc 3py       2.00008
pop of  0 Sc 3pz       2.00092
pop of  0 Sc 4px       0.00097
pop of  0 Sc 4py       0.00097
pop of  0 Sc 4pz       0.00080
pop of  0 Sc 5px      -0.00048
pop of  0 Sc 5py      -0.00048
pop of  0 Sc 5pz      -0.00050
pop of  0 Sc 6px      -0.00002
pop of  0 Sc 6py      -0.00002
pop of  0 Sc 6pz      -0.00003
pop of  0 Sc 7px       0.00000
pop of  0 Sc 7py       0.00000
pop of  0 Sc 7pz       0.00000
pop of  0 Sc 8px       0.00000
pop of  0 Sc 8py       0.00000
pop of  0 Sc 8pz       0.00000
pop of  0 Sc 9px      -0.00070
pop of  0 Sc 9py      -0.00070
pop of  0 Sc 9pz      -0.00126
pop of  0 Sc 10px       0.00000
pop of  0 Sc 10py       0.00000
pop of  0 Sc 10pz       0.00001
pop of  0 Sc 3dxy      0.00000
pop of  0 Sc 3dyz      0.00000
pop of  0 Sc 3dz^2     0.00144
pop of  0 Sc 3dxz      0.00000
pop of  0 Sc 3dx2-y2    0.94369
pop of  0 Sc 4dxy      0.00000
pop of  0 Sc 4dyz      0.00000
pop of  0 Sc 4dz^2     0.00038
pop of  0 Sc 4dxz      0.00000
pop of  0 Sc 4dx2-y2    0.05635
pop of  0 Sc 5dxy      0.00000
pop of  0 Sc 5dyz      0.00000
pop of  0 Sc 5dz^2     0.00002
pop of  0 Sc 5dxz      0.00000
pop of  0 Sc 5dx2-y2    0.00059
pop of  0 Sc 6dxy      0.00000
pop of  0 Sc 6dyz      0.00000
pop of  0 Sc 6dz^2     0.00000
pop of  0 Sc 6dxz      0.00000
pop of  0 Sc 6dx2-y2   -0.00001
pop of  0 Sc 7dxy      0.00000
pop of  0 Sc 7dyz      0.00000
pop of  0 Sc 7dz^2     0.00000
pop of  0 Sc 7dxz      0.00000
pop of  0 Sc 7dx2-y2   -0.00000
pop of  0 Sc 8dxy      0.00000
pop of  0 Sc 8dyz      0.00000
pop of  0 Sc 8dz^2    -0.00005
pop of  0 Sc 8dxz      0.00000
pop of  0 Sc 8dx2-y2   -0.00061
pop of  0 Sc 9dxy      0.00000
pop of  0 Sc 9dyz      0.00000
pop of  0 Sc 9dz^2    -0.00000
pop of  0 Sc 9dxz      0.00000
pop of  0 Sc 9dx2-y2   -0.00002
pop of  0 Sc 4fy^3     0.00000
pop of  0 Sc 4fxyz     0.00000
pop of  0 Sc 4fyz^2    0.00000
pop of  0 Sc 4fz^3     0.00000
pop of  0 Sc 4fxz^2    0.00000
pop of  0 Sc 4fzx^2    0.00000
pop of  0 Sc 4fx^3     0.00000
pop of  0 Sc 5fy^3     0.00000
pop of  0 Sc 5fxyz     0.00000
pop of  0 Sc 5fyz^2    0.00000
pop of  0 Sc 5fz^3     0.00000
pop of  0 Sc 5fxz^2    0.00000
pop of  0 Sc 5fzx^2    0.00000
pop of  0 Sc 5fx^3     0.00000
pop of  0 Sc 6fy^3     0.00004
pop of  0 Sc 6fxyz     0.00000
pop of  0 Sc 6fyz^2   -0.00000
pop of  0 Sc 6fz^3     0.00000
pop of  0 Sc 6fxz^2   -0.00000
pop of  0 Sc 6fzx^2    0.00000
pop of  0 Sc 6fx^3     0.00004
pop of  0 Sc 7fy^3     0.00007
pop of  0 Sc 7fxyz     0.00000
pop of  0 Sc 7fyz^2    0.00001
pop of  0 Sc 7fz^3     0.00004
pop of  0 Sc 7fxz^2    0.00001
pop of  0 Sc 7fzx^2    0.00000
pop of  0 Sc 7fx^3     0.00007
pop of  0 Sc 8fy^3     0.00003
pop of  0 Sc 8fxyz     0.00000
pop of  0 Sc 8fyz^2    0.00000
pop of  0 Sc 8fz^3     0.00002
pop of  0 Sc 8fxz^2    0.00000
pop of  0 Sc 8fzx^2    0.00000
pop of  0 Sc 8fx^3     0.00002
pop of  0 Sc 5g-4      0.00000
pop of  0 Sc 5g-3      0.00000
pop of  0 Sc 5g-2      0.00000
pop of  0 Sc 5g-1      0.00000
pop of  0 Sc 5g 0      0.00000
pop of  0 Sc 5g 1      0.00000
pop of  0 Sc 5g 2     -0.00000
pop of  0 Sc 5g 3      0.00000
pop of  0 Sc 5g 4     -0.00000
pop of  0 Sc 6g-4      0.00000
pop of  0 Sc 6g-3      0.00000
pop of  0 Sc 6g-2      0.00000
pop of  0 Sc 6g-1      0.00000
pop of  0 Sc 6g 0      0.00000
pop of  0 Sc 6g 1      0.00000
pop of  0 Sc 6g 2      0.00000
pop of  0 Sc 6g 3      0.00000
pop of  0 Sc 6g 4      0.00000
pop of  0 Sc 7g-4      0.00000
pop of  0 Sc 7g-3      0.00000
pop of  0 Sc 7g-2      0.00000
pop of  0 Sc 7g-1      0.00000
pop of  0 Sc 7g 0      0.00000
pop of  0 Sc 7g 1      0.00000
pop of  0 Sc 7g 2      0.00000
pop of  0 Sc 7g 3      0.00000
pop of  0 Sc 7g 4      0.00000
pop of  0 Sc 8g-4      0.00000
pop of  0 Sc 8g-3      0.00000
pop of  0 Sc 8g-2      0.00000
pop of  0 Sc 8g-1      0.00000
pop of  0 Sc 8g 0      0.00000
pop of  0 Sc 8g 1      0.00000
pop of  0 Sc 8g 2      0.00000
pop of  0 Sc 8g 3      0.00000
pop of  0 Sc 8g 4      0.00000
 ** Mulliken atomic charges  **
charge of  0Sc =      0.00000
