#-------------------------------------------------
#VMC run: timestep 0.6 nconfig 3200 steps 100
#-------------------------------------------------


init { 
   label VMC_1
}
block { 
   label VMC_1
   totweight 320000
   nautocorr 0
   total_energy { -123.6326673771975   } 
   total_energyvar { 2.55371933423703   } 
   weight { 1   } 
   weightvar { 0   } 
   kinetic_energy { 73.12233844474126   } 
   kinetic_energyvar { 692.1671053245982   } 
   potential_energy { -210.2650270385764   } 
   potential_energyvar { 785.4671155552205   } 
   nonlocal_energy { 13.51002121663776   } 
   nonlocal_energyvar { 349.8914002852334   } 
   autocorr_energy { } 
} 

block { 
   label VMC_1
   totweight 320000
   nautocorr 0
   total_energy { -123.6319799594413   } 
   total_energyvar { 2.571126603670564   } 
   weight { 1   } 
   weightvar { 0   } 
   kinetic_energy { 73.09942479588149   } 
   kinetic_energyvar { 727.2568209843857   } 
   potential_energy { -210.297395314702   } 
   potential_energyvar { 782.3827162119051   } 
   nonlocal_energy { 13.56599055937923   } 
   nonlocal_energyvar { 384.219602370777   } 
   autocorr_energy { } 
} 

block { 
   label VMC_1
   totweight 320000
   nautocorr 0
   total_energy { -123.6306846927994   } 
   total_energyvar { 2.457803510273152   } 
   weight { 1   } 
   weightvar { 0   } 
   kinetic_energy { 73.168378826778   } 
   kinetic_energyvar { 686.5315431251302   } 
   potential_energy { -210.3412771448004   } 
   potential_energyvar { 786.2853211569673   } 
   nonlocal_energy { 13.54221362522294   } 
   nonlocal_energyvar { 345.8140221300035   } 
   autocorr_energy { } 
} 

block { 
   label VMC_1
   totweight 320000
   nautocorr 0
   total_energy { -123.6366205402618   } 
   total_energyvar { 2.601506970560877   } 
   weight { 1   } 
   weightvar { 0   } 
   kinetic_energy { 73.16949181014121   } 
   kinetic_energyvar { 697.0404657090521   } 
   potential_energy { -210.3702318013326   } 
   potential_energyvar { 792.130454070706   } 
   nonlocal_energy { 13.56411945092959   } 
   nonlocal_energyvar { 349.4173548005438   } 
   autocorr_energy { } 
} 

block { 
   label VMC_1
   totweight 320000
   nautocorr 0
   total_energy { -123.6300154143856   } 
   total_energyvar { 2.653158776320197   } 
   weight { 1   } 
   weightvar { 0   } 
   kinetic_energy { 73.1913875364266   } 
   kinetic_energyvar { 702.6008924738389   } 
   potential_energy { -210.3550546917567   } 
   potential_energyvar { 794.124056644745   } 
   nonlocal_energy { 13.53365174094451   } 
   nonlocal_energyvar { 352.345236004359   } 
   autocorr_energy { } 
} 

block { 
   label VMC_1
   totweight 320000
   nautocorr 0
   total_energy { -123.6332491385094   } 
   total_energyvar { 2.606208881948987   } 
   weight { 1   } 
   weightvar { 0   } 
   kinetic_energy { 73.172327923784   } 
   kinetic_energyvar { 701.4156221450858   } 
   potential_energy { -210.3831427638355   } 
   potential_energyvar { 792.2406199529651   } 
   nonlocal_energy { 13.57756570154202   } 
   nonlocal_energyvar { 361.0719355001559   } 
   autocorr_energy { } 
} 

block { 
   label VMC_1
   totweight 320000
   nautocorr 0
   total_energy { -123.6281881157709   } 
   total_energyvar { 3.079970123946623   } 
   weight { 1   } 
   weightvar { 0   } 
   kinetic_energy { 73.14488054714386   } 
   kinetic_energyvar { 711.3973951500266   } 
   potential_energy { -210.2710615654314   } 
   potential_energyvar { 794.1667315081795   } 
   nonlocal_energy { 13.49799290251667   } 
   nonlocal_energyvar { 362.7091765270072   } 
   autocorr_energy { } 
} 

block { 
   label VMC_1
   totweight 320000
   nautocorr 0
   total_energy { -123.6306440052511   } 
   total_energyvar { 3.247812310683003   } 
   weight { 1   } 
   weightvar { 0   } 
   kinetic_energy { 73.1225278587406   } 
   kinetic_energyvar { 692.5672969316156   } 
   potential_energy { -210.3141181830044   } 
   potential_energyvar { 791.2722371299169   } 
   nonlocal_energy { 13.56094631901267   } 
   nonlocal_energyvar { 352.7203960654863   } 
   autocorr_energy { } 
} 

block { 
   label VMC_1
   totweight 320000
   nautocorr 0
   total_energy { -123.6371485158788   } 
   total_energyvar { 4.045360366886598   } 
   weight { 1   } 
   weightvar { 0   } 
   kinetic_energy { 73.18902091073794   } 
   kinetic_energyvar { 683.6545083388746   } 
   potential_energy { -210.4020709585883   } 
   potential_energyvar { 799.8755725453739   } 
   nonlocal_energy { 13.57590153197146   } 
   nonlocal_energyvar { 343.9524330488606   } 
   autocorr_energy { } 
} 

block { 
   label VMC_1
   totweight 320000
   nautocorr 0
   total_energy { -123.6348346164232   } 
   total_energyvar { 2.290091006088915   } 
   weight { 1   } 
   weightvar { 0   } 
   kinetic_energy { 73.05090232331226   } 
   kinetic_energyvar { 692.2829150248008   } 
   potential_energy { -210.2119847699721   } 
   potential_energyvar { 784.2372288609477   } 
   nonlocal_energy { 13.5262478302367   } 
   nonlocal_energyvar { 347.6928442051411   } 
   autocorr_energy { } 
} 

block { 
   label VMC_1
   totweight 320000
   nautocorr 0
   total_energy { -123.6308706016549   } 
   total_energyvar { 2.266351646787371   } 
   weight { 1   } 
   weightvar { 0   } 
   kinetic_energy { 73.05096923955372   } 
   kinetic_energyvar { 703.8855170975612   } 
   potential_energy { -210.1809933144365   } 
   potential_energyvar { 788.1015884213411   } 
   nonlocal_energy { 13.49915347322792   } 
   nonlocal_energyvar { 357.7362239517554   } 
   autocorr_energy { } 
} 

block { 
   label VMC_1
   totweight 320000
   nautocorr 0
   total_energy { -123.6346775324384   } 
   total_energyvar { 3.185888258567502   } 
   weight { 1   } 
   weightvar { 0   } 
   kinetic_energy { 73.15231524817894   } 
   kinetic_energyvar { 694.5511072688278   } 
   potential_energy { -210.2948459898186   } 
   potential_energyvar { 789.5423928286691   } 
   nonlocal_energy { 13.50785320920125   } 
   nonlocal_energyvar { 351.7694934917189   } 
   autocorr_energy { } 
} 

block { 
   label VMC_1
   totweight 320000
   nautocorr 0
   total_energy { -123.6376728664162   } 
   total_energyvar { 2.788349836173438   } 
   weight { 1   } 
   weightvar { 0   } 
   kinetic_energy { 73.23993568027653   } 
   kinetic_energyvar { 720.0428471394953   } 
   potential_energy { -210.3129202385058   } 
   potential_energyvar { 801.7116246098885   } 
   nonlocal_energy { 13.43531169181305   } 
   nonlocal_energyvar { 361.4548855057997   } 
   autocorr_energy { } 
} 

block { 
   label VMC_1
   totweight 320000
   nautocorr 0
   total_energy { -123.6409154328012   } 
   total_energyvar { 2.714778563715299   } 
   weight { 1   } 
   weightvar { 0   } 
   kinetic_energy { 73.39900111600777   } 
   kinetic_energyvar { 714.1373721826185   } 
   potential_energy { -210.5550283723831   } 
   potential_energyvar { 797.8693749604936   } 
   nonlocal_energy { 13.51511182357408   } 
   nonlocal_energyvar { 363.1429617671256   } 
   autocorr_energy { } 
} 

block { 
   label VMC_1
   totweight 320000
   nautocorr 0
   total_energy { -123.632088497093   } 
   total_energyvar { 2.46901175372841   } 
   weight { 1   } 
   weightvar { 0   } 
   kinetic_energy { 73.09914918997973   } 
   kinetic_energyvar { 692.16836252127   } 
   potential_energy { -210.2460054072888   } 
   potential_energyvar { 791.0119215944724   } 
   nonlocal_energy { 13.51476772021609   } 
   nonlocal_energyvar { 349.2744263976041   } 
   autocorr_energy { } 
} 

block { 
   label VMC_1
   totweight 320000
   nautocorr 0
   total_energy { -123.6291270609497   } 
   total_energyvar { 2.521121154535649   } 
   weight { 1   } 
   weightvar { 0   } 
   kinetic_energy { 73.10482262140759   } 
   kinetic_energyvar { 690.8126908006061   } 
   potential_energy { -210.3322593889316   } 
   potential_energyvar { 789.1306461162967   } 
   nonlocal_energy { 13.59830970657438   } 
   nonlocal_energyvar { 354.2252346625197   } 
   autocorr_energy { } 
} 

block { 
   label VMC_1
   totweight 320000
   nautocorr 0
   total_energy { -123.6296259252786   } 
   total_energyvar { 2.951328036286213   } 
   weight { 1   } 
   weightvar { 0   } 
   kinetic_energy { 73.25474982883664   } 
   kinetic_energyvar { 702.4594648298234   } 
   potential_energy { -210.4095406993169   } 
   potential_energyvar { 799.8966396491887   } 
   nonlocal_energy { 13.52516494520167   } 
   nonlocal_energyvar { 352.4858238429097   } 
   autocorr_energy { } 
} 

block { 
   label VMC_1
   totweight 320000
   nautocorr 0
   total_energy { -123.6410585314914   } 
   total_energyvar { 2.923952821311104   } 
   weight { 1   } 
   weightvar { 0   } 
   kinetic_energy { 73.25446736270509   } 
   kinetic_energyvar { 715.1241534570354   } 
   potential_energy { -210.5293553159749   } 
   potential_energyvar { 804.8085180700582   } 
   nonlocal_energy { 13.63382942177841   } 
   nonlocal_energyvar { 369.740056102598   } 
   autocorr_energy { } 
} 

block { 
   label VMC_1
   totweight 320000
   nautocorr 0
   total_energy { -123.6299857346094   } 
   total_energyvar { 2.375155687364895   } 
   weight { 1   } 
   weightvar { 0   } 
   kinetic_energy { 73.03622341027521   } 
   kinetic_energyvar { 695.6479663712316   } 
   potential_energy { -210.1405366405013   } 
   potential_energyvar { 786.9173435918055   } 
   nonlocal_energy { 13.47432749561658   } 
   nonlocal_energyvar { 348.9157869064153   } 
   autocorr_energy { } 
} 

block { 
   label VMC_1
   totweight 320000
   nautocorr 0
   total_energy { -123.6323097913977   } 
   total_energyvar { 2.39935539256112   } 
   weight { 1   } 
   weightvar { 0   } 
   kinetic_energy { 73.14472269158223   } 
   kinetic_energyvar { 696.6240009996818   } 
   potential_energy { -210.2642849314045   } 
   potential_energyvar { 786.1544296598586   } 
   nonlocal_energy { 13.48725244842452   } 
   nonlocal_energyvar { 353.9084815973674   } 
   autocorr_energy { } 
} 

block { 
   label VMC_1
   totweight 320000
   nautocorr 0
   total_energy { -123.6277704027266   } 
   total_energyvar { 2.695527254294575   } 
   weight { 1   } 
   weightvar { 0   } 
   kinetic_energy { 73.20015322326937   } 
   kinetic_energyvar { 700.7985650451719   } 
   potential_energy { -210.4395669216653   } 
   potential_energyvar { 801.497721542095   } 
   nonlocal_energy { 13.61164329566928   } 
   nonlocal_energyvar { 353.7673685776333   } 
   autocorr_energy { } 
} 

block { 
   label VMC_1
   totweight 320000
   nautocorr 0
   total_energy { -123.6391687748603   } 
   total_energyvar { 2.666391600603674   } 
   weight { 1   } 
   weightvar { 0   } 
   kinetic_energy { 73.16920140451479   } 
   kinetic_energyvar { 727.5896289747561   } 
   potential_energy { -210.3322828408134   } 
   potential_energyvar { 797.9150780294221   } 
   nonlocal_energy { 13.52391266143826   } 
   nonlocal_energyvar { 383.3628726688891   } 
   autocorr_energy { } 
} 

block { 
   label VMC_1
   totweight 320000
   nautocorr 0
   total_energy { -123.6274731227308   } 
   total_energyvar { 2.428507678812821   } 
   weight { 1   } 
   weightvar { 0   } 
   kinetic_energy { 73.31419589014908   } 
   kinetic_energyvar { 713.0673692916243   } 
   potential_energy { -210.5481694651469   } 
   potential_energyvar { 793.2153387033904   } 
   nonlocal_energy { 13.60650045226691   } 
   nonlocal_energyvar { 369.6446994300552   } 
   autocorr_energy { } 
} 

block { 
   label VMC_1
   totweight 320000
   nautocorr 0
   total_energy { -123.6472852806915   } 
   total_energyvar { 48.63690196484094   } 
   weight { 1   } 
   weightvar { 0   } 
   kinetic_energy { 73.24502441104875   } 
   kinetic_energyvar { 706.9235262303018   } 
   potential_energy { -210.3753203750216   } 
   potential_energyvar { 851.2056536808814   } 
   nonlocal_energy { 13.48301068328145   } 
   nonlocal_energyvar { 355.3154387330463   } 
   autocorr_energy { } 
} 

block { 
   label VMC_1
   totweight 320000
   nautocorr 0
   total_energy { -123.629520446118   } 
   total_energyvar { 2.755973057968731   } 
   weight { 1   } 
   weightvar { 0   } 
   kinetic_energy { 73.24590563776428   } 
   kinetic_energyvar { 697.9868410152276   } 
   potential_energy { -210.2450106196046   } 
   potential_energyvar { 789.1223974979948   } 
   nonlocal_energy { 13.36958453572236   } 
   nonlocal_energyvar { 348.075055117681   } 
   autocorr_energy { } 
} 

block { 
   label VMC_1
   totweight 320000
   nautocorr 0
   total_energy { -123.6368666188604   } 
   total_energyvar { 2.591340321208918   } 
   weight { 1   } 
   weightvar { 0   } 
   kinetic_energy { 73.23535663812012   } 
   kinetic_energyvar { 697.829769227118   } 
   potential_energy { -210.3317022951512   } 
   potential_energyvar { 785.3752676044969   } 
   nonlocal_energy { 13.45947903817071   } 
   nonlocal_energyvar { 352.7424542379086   } 
   autocorr_energy { } 
} 

block { 
   label VMC_1
   totweight 320000
   nautocorr 0
   total_energy { -123.6336764011497   } 
   total_energyvar { 2.547778645928702   } 
   weight { 1   } 
   weightvar { 0   } 
   kinetic_energy { 73.18166580885745   } 
   kinetic_energyvar { 698.2987187340432   } 
   potential_energy { -210.3444614590124   } 
   potential_energyvar { 787.8386938608455   } 
   nonlocal_energy { 13.5291192490053   } 
   nonlocal_energyvar { 354.1459935523692   } 
   autocorr_energy { } 
} 

block { 
   label VMC_1
   totweight 320000
   nautocorr 0
   total_energy { -123.6214600239079   } 
   total_energyvar { 2.389427661388254   } 
   weight { 1   } 
   weightvar { 0   } 
   kinetic_energy { 73.17826585898925   } 
   kinetic_energyvar { 710.4034557932409   } 
   potential_energy { -210.2402792976582   } 
   potential_energyvar { 791.4249982569017   } 
   nonlocal_energy { 13.44055341476109   } 
   nonlocal_energyvar { 355.302645094849   } 
   autocorr_energy { } 
} 

block { 
   label VMC_1
   totweight 320000
   nautocorr 0
   total_energy { -123.6347188154129   } 
   total_energyvar { 3.704301192503408   } 
   weight { 1   } 
   weightvar { 0   } 
   kinetic_energy { 73.32766788532199   } 
   kinetic_energyvar { 700.1033812665937   } 
   potential_energy { -210.5621536011215   } 
   potential_energyvar { 797.809781664444   } 
   nonlocal_energy { 13.5997669003867   } 
   nonlocal_energyvar { 355.6566082348365   } 
   autocorr_energy { } 
} 

block { 
   label VMC_1
   totweight 320000
   nautocorr 0
   total_energy { -123.636669868872   } 
   total_energyvar { 2.646726456452598   } 
   weight { 1   } 
   weightvar { 0   } 
   kinetic_energy { 73.40457241714213   } 
   kinetic_energyvar { 710.8753976389244   } 
   potential_energy { -210.5351371248138   } 
   potential_energyvar { 795.1798392773198   } 
   nonlocal_energy { 13.4938948387996   } 
   nonlocal_energyvar { 360.4623983274082   } 
   autocorr_energy { } 
} 

block { 
   label VMC_1
   totweight 320000
   nautocorr 0
   total_energy { -123.6354109993626   } 
   total_energyvar { 2.645918226424328   } 
   weight { 1   } 
   weightvar { 0   } 
   kinetic_energy { 73.15178539243162   } 
   kinetic_energyvar { 711.0471181364992   } 
   potential_energy { -210.1963335701888   } 
   potential_energyvar { 792.0543813901168   } 
   nonlocal_energy { 13.40913717839465   } 
   nonlocal_energyvar { 357.7264784571538   } 
   autocorr_energy { } 
} 

block { 
   label VMC_1
   totweight 320000
   nautocorr 0
   total_energy { -123.6336241459751   } 
   total_energyvar { 2.875609255828749   } 
   weight { 1   } 
   weightvar { 0   } 
   kinetic_energy { 73.1568460765463   } 
   kinetic_energyvar { 680.1733647124283   } 
   potential_energy { -210.2709016483739   } 
   potential_energyvar { 787.9259029119639   } 
   nonlocal_energy { 13.4804314258524   } 
   nonlocal_energyvar { 337.3090817374808   } 
   autocorr_energy { } 
} 

block { 
   label VMC_1
   totweight 320000
   nautocorr 0
   total_energy { -123.6278349925775   } 
   total_energyvar { 2.607377948512294   } 
   weight { 1   } 
   weightvar { 0   } 
   kinetic_energy { 73.15181837325983   } 
   kinetic_energyvar { 695.9597858801944   } 
   potential_energy { -210.3106855741959   } 
   potential_energyvar { 794.2046257396432   } 
   nonlocal_energy { 13.53103220835851   } 
   nonlocal_energyvar { 346.7176141897456   } 
   autocorr_energy { } 
} 

block { 
   label VMC_1
   totweight 320000
   nautocorr 0
   total_energy { -123.6328754562369   } 
   total_energyvar { 2.586456890856425   } 
   weight { 1   } 
   weightvar { 0   } 
   kinetic_energy { 73.12242942733576   } 
   kinetic_energyvar { 701.8409707134597   } 
   potential_energy { -210.277102982031   } 
   potential_energyvar { 798.3897019573051   } 
   nonlocal_energy { 13.52179809845837   } 
   nonlocal_energyvar { 355.5940723966431   } 
   autocorr_energy { } 
} 

block { 
   label VMC_1
   totweight 320000
   nautocorr 0
   total_energy { -123.6443489547423   } 
   total_energyvar { 2.471863773514997   } 
   weight { 1   } 
   weightvar { 0   } 
   kinetic_energy { 73.21398660274089   } 
   kinetic_energyvar { 695.688792788289   } 
   potential_energy { -210.3481991501858   } 
   potential_energyvar { 797.2526728110315   } 
   nonlocal_energy { 13.48986359270262   } 
   nonlocal_energyvar { 344.6797561988166   } 
   autocorr_energy { } 
} 

block { 
   label VMC_1
   totweight 320000
   nautocorr 0
   total_energy { -123.6330784486443   } 
   total_energyvar { 2.371531840071839   } 
   weight { 1   } 
   weightvar { 0   } 
   kinetic_energy { 73.32885828025044   } 
   kinetic_energyvar { 717.2110590747634   } 
   potential_energy { -210.4751932660184   } 
   potential_energyvar { 794.7070385653933   } 
   nonlocal_energy { 13.51325653712357   } 
   nonlocal_energyvar { 366.154408036575   } 
   autocorr_energy { } 
} 

block { 
   label VMC_1
   totweight 320000
   nautocorr 0
   total_energy { -123.6324366707603   } 
   total_energyvar { 2.429122927169374   } 
   weight { 1   } 
   weightvar { 0   } 
   kinetic_energy { 73.35868806062372   } 
   kinetic_energyvar { 727.1373403360803   } 
   potential_energy { -210.4809958217879   } 
   potential_energyvar { 795.7044499077238   } 
   nonlocal_energy { 13.4898710904039   } 
   nonlocal_energyvar { 375.5241215860788   } 
   autocorr_energy { } 
} 

block { 
   label VMC_1
   totweight 320000
   nautocorr 0
   total_energy { -123.6333033580205   } 
   total_energyvar { 2.864979303225482   } 
   weight { 1   } 
   weightvar { 0   } 
   kinetic_energy { 73.23226634788291   } 
   kinetic_energyvar { 714.9232512016824   } 
   potential_energy { -210.3905507909298   } 
   potential_energyvar { 792.4250165926787   } 
   nonlocal_energy { 13.52498108502641   } 
   nonlocal_energyvar { 368.6797298475977   } 
   autocorr_energy { } 
} 

block { 
   label VMC_1
   totweight 320000
   nautocorr 0
   total_energy { -123.6330565269963   } 
   total_energyvar { 2.935756400029277   } 
   weight { 1   } 
   weightvar { 0   } 
   kinetic_energy { 73.03095391668172   } 
   kinetic_energyvar { 677.3173251991157   } 
   potential_energy { -210.1027055639835   } 
   potential_energyvar { 787.0402203096528   } 
   nonlocal_energy { 13.43869512030547   } 
   nonlocal_energyvar { 337.8509199591777   } 
   autocorr_energy { } 
} 

block { 
   label VMC_1
   totweight 320000
   nautocorr 0
   total_energy { -123.6344524867611   } 
   total_energyvar { 3.224200314785776   } 
   weight { 1   } 
   weightvar { 0   } 
   kinetic_energy { 73.25476130516674   } 
   kinetic_energyvar { 719.3799763589577   } 
   potential_energy { -210.4272815429823   } 
   potential_energyvar { 798.6394421990772   } 
   nonlocal_energy { 13.53806775105443   } 
   nonlocal_energyvar { 366.9274634990403   } 
   autocorr_energy { } 
} 

block { 
   label VMC_1
   totweight 320000
   nautocorr 0
   total_energy { -123.6334867458611   } 
   total_energyvar { 3.047301656593845   } 
   weight { 1   } 
   weightvar { 0   } 
   kinetic_energy { 73.07658310158425   } 
   kinetic_energyvar { 702.0710648811764   } 
   potential_energy { -210.2628957405468   } 
   potential_energyvar { 803.01527825425   } 
   nonlocal_energy { 13.55282589310143   } 
   nonlocal_energyvar { 351.7336768882908   } 
   autocorr_energy { } 
} 

block { 
   label VMC_1
   totweight 320000
   nautocorr 0
   total_energy { -123.6316189346097   } 
   total_energyvar { 2.408558281520527   } 
   weight { 1   } 
   weightvar { 0   } 
   kinetic_energy { 73.30728893701622   } 
   kinetic_energyvar { 721.7974431998673   } 
   potential_energy { -210.4314627380886   } 
   potential_energyvar { 792.30876984731   } 
   nonlocal_energy { 13.49255486646266   } 
   nonlocal_energyvar { 369.3666422406946   } 
   autocorr_energy { } 
} 

block { 
   label VMC_1
   totweight 320000
   nautocorr 0
   total_energy { -123.6317053731763   } 
   total_energyvar { 2.843531546073791   } 
   weight { 1   } 
   weightvar { 0   } 
   kinetic_energy { 73.19841410674124   } 
   kinetic_energyvar { 708.22295595173   } 
   potential_energy { -210.4070194149546   } 
   potential_energyvar { 808.3810320816119   } 
   nonlocal_energy { 13.5768999350371   } 
   nonlocal_energyvar { 358.4831772724378   } 
   autocorr_energy { } 
} 

block { 
   label VMC_1
   totweight 320000
   nautocorr 0
   total_energy { -123.6294716037924   } 
   total_energyvar { 2.552011895424585   } 
   weight { 1   } 
   weightvar { 0   } 
   kinetic_energy { 73.2210448433171   } 
   kinetic_energyvar { 705.8201041220946   } 
   potential_energy { -210.3726045961723   } 
   potential_energyvar { 787.0340937823275   } 
   nonlocal_energy { 13.52208814906276   } 
   nonlocal_energyvar { 360.1374534124042   } 
   autocorr_energy { } 
} 

block { 
   label VMC_1
   totweight 320000
   nautocorr 0
   total_energy { -123.6311113877596   } 
   total_energyvar { 2.471987450324377   } 
   weight { 1   } 
   weightvar { 0   } 
   kinetic_energy { 73.25346463319508   } 
   kinetic_energyvar { 701.902678881439   } 
   potential_energy { -210.4725269165713   } 
   potential_energyvar { 794.2840672168386   } 
   nonlocal_energy { 13.58795089561668   } 
   nonlocal_energyvar { 353.5609718196893   } 
   autocorr_energy { } 
} 

block { 
   label VMC_1
   totweight 320000
   nautocorr 0
   total_energy { -123.6336470096972   } 
   total_energyvar { 2.632286743028089   } 
   weight { 1   } 
   weightvar { 0   } 
   kinetic_energy { 73.28678080218359   } 
   kinetic_energyvar { 702.8600186406729   } 
   potential_energy { -210.4948249663331   } 
   potential_energyvar { 796.0871157695947   } 
   nonlocal_energy { 13.57439715445228   } 
   nonlocal_energyvar { 353.8068190767707   } 
   autocorr_energy { } 
} 

block { 
   label VMC_1
   totweight 320000
   nautocorr 0
   total_energy { -123.6223981332602   } 
   total_energyvar { 2.491502026174203   } 
   weight { 1   } 
   weightvar { 0   } 
   kinetic_energy { 73.0668413194212   } 
   kinetic_energyvar { 689.7500992968044   } 
   potential_energy { -210.2760239036786   } 
   potential_energyvar { 788.0358342832042   } 
   nonlocal_energy { 13.58678445099718   } 
   nonlocal_energyvar { 349.9604746956225   } 
   autocorr_energy { } 
} 

block { 
   label VMC_1
   totweight 320000
   nautocorr 0
   total_energy { -123.6341151459617   } 
   total_energyvar { 2.580372971233373   } 
   weight { 1   } 
   weightvar { 0   } 
   kinetic_energy { 73.1200293199758   } 
   kinetic_energyvar { 694.0443225807812   } 
   potential_energy { -210.3021886697547   } 
   potential_energyvar { 801.5275094135286   } 
   nonlocal_energy { 13.54804420381714   } 
   nonlocal_energyvar { 348.7295397386901   } 
   autocorr_energy { } 
} 

block { 
   label VMC_1
   totweight 320000
   nautocorr 0
   total_energy { -123.6276095472251   } 
   total_energyvar { 2.567877687257351   } 
   weight { 1   } 
   weightvar { 0   } 
   kinetic_energy { 73.14484162519834   } 
   kinetic_energyvar { 705.0711664526398   } 
   potential_energy { -210.3181070381097   } 
   potential_energyvar { 799.1664773921148   } 
   nonlocal_energy { 13.5456558656863   } 
   nonlocal_energyvar { 357.3217630079951   } 
   autocorr_energy { } 
} 

block { 
   label VMC_1
   totweight 320000
   nautocorr 0
   total_energy { -123.6325160171454   } 
   total_energyvar { 2.42895880794822   } 
   weight { 1   } 
   weightvar { 0   } 
   kinetic_energy { 73.12260304426303   } 
   kinetic_energyvar { 700.9774939162762   } 
   potential_energy { -210.3914192516243   } 
   potential_energyvar { 789.8820759174778   } 
   nonlocal_energy { 13.63630019021588   } 
   nonlocal_energyvar { 360.3864917778453   } 
   autocorr_energy { } 
} 

