#-------------------------------------------------
#VMC run: timestep 1 nconfig 6400 steps 100
#-------------------------------------------------


init { 
   label vmc
}
block { 
   label vmc
   totweight 640000
   nautocorr 0
   total_energy { -3.753253683945195   } 
   total_energyvar { 0.01892036468978198   } 
   weight { 1   } 
   weightvar { 0   } 
   kinetic_energy { 1.391017343130545   } 
   kinetic_energyvar { 0.9803380338960943   } 
   potential_energy { -5.797893037112398   } 
   potential_energyvar { 1.837272281475983   } 
   nonlocal_energy { 0.6536220100366581   } 
   nonlocal_energyvar { 2.177098940007474   } 
   autocorr_energy { } 
} 

block { 
   label vmc
   totweight 640000
   nautocorr 0
   total_energy { -3.752954477380945   } 
   total_energyvar { 0.01910021743376866   } 
   weight { 1   } 
   weightvar { 0   } 
   kinetic_energy { 1.39029981009686   } 
   kinetic_energyvar { 1.001267060547221   } 
   potential_energy { -5.795782463024703   } 
   potential_energyvar { 1.853734887022561   } 
   nonlocal_energy { 0.652528175546897   } 
   nonlocal_energyvar { 2.224588123426024   } 
   autocorr_energy { } 
} 

block { 
   label vmc
   totweight 640000
   nautocorr 0
   total_energy { -3.752918602799692   } 
   total_energyvar { 0.01928331210949707   } 
   weight { 1   } 
   weightvar { 0   } 
   kinetic_energy { 1.392908262480137   } 
   kinetic_energyvar { 1.000323272046614   } 
   potential_energy { -5.796990505559847   } 
   potential_energyvar { 1.834233648706544   } 
   nonlocal_energy { 0.6511636402800179   } 
   nonlocal_energyvar { 2.222324331586969   } 
   autocorr_energy { } 
} 

block { 
   label vmc
   totweight 640000
   nautocorr 0
   total_energy { -3.753008894634371   } 
   total_energyvar { 0.01922567049614798   } 
   weight { 1   } 
   weightvar { 0   } 
   kinetic_energy { 1.390480949141276   } 
   kinetic_energyvar { 0.9875839739490015   } 
   potential_energy { -5.79581842431901   } 
   potential_energyvar { 1.858457538106244   } 
   nonlocal_energy { 0.6523285805433632   } 
   nonlocal_energyvar { 2.233040555488208   } 
   autocorr_energy { } 
} 

block { 
   label vmc
   totweight 640000
   nautocorr 0
   total_energy { -3.75284172403631   } 
   total_energyvar { 0.0193586291719825   } 
   weight { 1   } 
   weightvar { 0   } 
   kinetic_energy { 1.38615623556212   } 
   kinetic_energyvar { 1.016776634955758   } 
   potential_energy { -5.794564404723245   } 
   potential_energyvar { 1.851688383593114   } 
   nonlocal_energy { 0.6555664451248147   } 
   nonlocal_energyvar { 2.287902404577303   } 
   autocorr_energy { } 
} 

block { 
   label vmc
   totweight 640000
   nautocorr 0
   total_energy { -3.753050408546879   } 
   total_energyvar { 0.01983375648593722   } 
   weight { 1   } 
   weightvar { 0   } 
   kinetic_energy { 1.395814561644545   } 
   kinetic_energyvar { 0.9859245976686537   } 
   potential_energy { -5.801731911140271   } 
   potential_energyvar { 1.836844618716206   } 
   nonlocal_energy { 0.652866940948848   } 
   nonlocal_energyvar { 2.192550077980236   } 
   autocorr_energy { } 
} 

block { 
   label vmc
   totweight 640000
   nautocorr 0
   total_energy { -3.752973172242775   } 
   total_energyvar { 0.01887565306433636   } 
   weight { 1   } 
   weightvar { 0   } 
   kinetic_energy { 1.391894506815619   } 
   kinetic_energyvar { 0.9803983551877269   } 
   potential_energy { -5.793038102744202   } 
   potential_energyvar { 1.821976561418083   } 
   nonlocal_energy { 0.648170423685808   } 
   nonlocal_energyvar { 2.156769555368705   } 
   autocorr_energy { } 
} 

block { 
   label vmc
   totweight 640000
   nautocorr 0
   total_energy { -3.75331935164614   } 
   total_energyvar { 0.01939988213745281   } 
   weight { 1   } 
   weightvar { 0   } 
   kinetic_energy { 1.391481641970667   } 
   kinetic_energyvar { 0.9963637994147223   } 
   potential_energy { -5.797567218514881   } 
   potential_energyvar { 1.858196317174958   } 
   nonlocal_energy { 0.6527662248980751   } 
   nonlocal_energyvar { 2.252519583215498   } 
   autocorr_energy { } 
} 

block { 
   label vmc
   totweight 640000
   nautocorr 0
   total_energy { -3.753180163812962   } 
   total_energyvar { 0.01922631742001535   } 
   weight { 1   } 
   weightvar { 0   } 
   kinetic_energy { 1.393169751429049   } 
   kinetic_energyvar { 0.9974117350790075   } 
   potential_energy { -5.799236674619339   } 
   potential_energyvar { 1.846021484131022   } 
   nonlocal_energy { 0.652886759377328   } 
   nonlocal_energyvar { 2.237460088343522   } 
   autocorr_energy { } 
} 

block { 
   label vmc
   totweight 640000
   nautocorr 0
   total_energy { -3.753137846994953   } 
   total_energyvar { 0.01930193547676851   } 
   weight { 1   } 
   weightvar { 0   } 
   kinetic_energy { 1.39289859569884   } 
   kinetic_energyvar { 0.9811054934456529   } 
   potential_energy { -5.797613369776805   } 
   potential_energyvar { 1.845790363988229   } 
   nonlocal_energy { 0.6515769270830121   } 
   nonlocal_energyvar { 2.194543804269137   } 
   autocorr_energy { } 
} 

#-------------------------------------------------
#VMC run: timestep 1 nconfig 6400 steps 100
#-------------------------------------------------


init { 
   label vmc
}
block { 
   label vmc
   totweight 640000
   nautocorr 0
   total_energy { -3.753409073447404   } 
   total_energyvar { 0.01982993638002561   } 
   weight { 1   } 
   weightvar { 0   } 
   kinetic_energy { 1.402091581716444   } 
   kinetic_energyvar { 0.9799023485356881   } 
   potential_energy { -5.816581439461864   } 
   potential_energyvar { 1.840828826393128   } 
   nonlocal_energy { 0.6610807842980138   } 
   nonlocal_energyvar { 2.233398613782867   } 
   autocorr_energy { } 
} 

block { 
   label vmc
   totweight 640000
   nautocorr 0
   total_energy { -3.75298477534464   } 
   total_energyvar { 0.0202450489479773   } 
   weight { 1   } 
   weightvar { 0   } 
   kinetic_energy { 1.402912611504302   } 
   kinetic_energyvar { 1.004625923062316   } 
   potential_energy { -5.818693534545809   } 
   potential_energyvar { 1.869133041233212   } 
   nonlocal_energy { 0.6627961476968666   } 
   nonlocal_energyvar { 2.315850946603068   } 
   autocorr_energy { } 
} 

block { 
   label vmc
   totweight 640000
   nautocorr 0
   total_energy { -3.753098853958161   } 
   total_energyvar { 0.0196387278032546   } 
   weight { 1   } 
   weightvar { 0   } 
   kinetic_energy { 1.400815121573898   } 
   kinetic_energyvar { 1.007555662058479   } 
   potential_energy { -5.814643632801582   } 
   potential_energyvar { 1.846897475567552   } 
   nonlocal_energy { 0.6607296572695218   } 
   nonlocal_energyvar { 2.282053846811325   } 
   autocorr_energy { } 
} 

block { 
   label vmc
   totweight 640000
   nautocorr 0
   total_energy { -3.753078879830566   } 
   total_energyvar { 0.02019222013105981   } 
   weight { 1   } 
   weightvar { 0   } 
   kinetic_energy { 1.401842507211248   } 
   kinetic_energyvar { 0.9812915240443068   } 
   potential_energy { -5.813992034364277   } 
   potential_energyvar { 1.824736677913023   } 
   nonlocal_energy { 0.6590706473224646   } 
   nonlocal_energyvar { 2.226042295131687   } 
   autocorr_energy { } 
} 

block { 
   label vmc
   totweight 640000
   nautocorr 0
   total_energy { -3.753288998280773   } 
   total_energyvar { 0.01964367668146672   } 
   weight { 1   } 
   weightvar { 0   } 
   kinetic_energy { 1.402589970847477   } 
   kinetic_energyvar { 0.9854204814983638   } 
   potential_energy { -5.817752217624864   } 
   potential_energyvar { 1.850198276810694   } 
   nonlocal_energy { 0.661873248496614   } 
   nonlocal_energyvar { 2.296183447422114   } 
   autocorr_energy { } 
} 

block { 
   label vmc
   totweight 640000
   nautocorr 0
   total_energy { -3.75334257249131   } 
   total_energyvar { 0.01985747668958382   } 
   weight { 1   } 
   weightvar { 0   } 
   kinetic_energy { 1.401682447643428   } 
   kinetic_energyvar { 1.007695560323796   } 
   potential_energy { -5.815558360041087   } 
   potential_energyvar { 1.861314467538023   } 
   nonlocal_energy { 0.660533339906349   } 
   nonlocal_energyvar { 2.266062865472265   } 
   autocorr_energy { } 
} 

block { 
   label vmc
   totweight 640000
   nautocorr 0
   total_energy { -3.753201775537323   } 
   total_energyvar { 0.01942365671882307   } 
   weight { 1   } 
   weightvar { 0   } 
   kinetic_energy { 1.404069996367354   } 
   kinetic_energyvar { 0.9811786042116402   } 
   potential_energy { -5.815589356335774   } 
   potential_energyvar { 1.844289577740504   } 
   nonlocal_energy { 0.6583175844310968   } 
   nonlocal_energyvar { 2.255850648053446   } 
   autocorr_energy { } 
} 

block { 
   label vmc
   totweight 640000
   nautocorr 0
   total_energy { -3.753068657757756   } 
   total_energyvar { 0.02004278934549042   } 
   weight { 1   } 
   weightvar { 0   } 
   kinetic_energy { 1.404973261337564   } 
   kinetic_energyvar { 0.9705073132029465   } 
   potential_energy { -5.81773353427985   } 
   potential_energyvar { 1.831914736513603   } 
   nonlocal_energy { 0.6596916151845305   } 
   nonlocal_energyvar { 2.228210463285374   } 
   autocorr_energy { } 
} 

block { 
   label vmc
   totweight 640000
   nautocorr 0
   total_energy { -3.75306313821244   } 
   total_energyvar { 0.02004398985653211   } 
   weight { 1   } 
   weightvar { 0   } 
   kinetic_energy { 1.400524842932025   } 
   kinetic_energyvar { 1.000666412162808   } 
   potential_energy { -5.812741120429934   } 
   potential_energyvar { 1.863985989535237   } 
   nonlocal_energy { 0.6591531392854707   } 
   nonlocal_energyvar { 2.320952500890226   } 
   autocorr_energy { } 
} 

block { 
   label vmc
   totweight 640000
   nautocorr 0
   total_energy { -3.753387878560522   } 
   total_energyvar { 0.01980184789980655   } 
   weight { 1   } 
   weightvar { 0   } 
   kinetic_energy { 1.401812780432308   } 
   kinetic_energyvar { 0.9637174972710472   } 
   potential_energy { -5.816030043956012   } 
   potential_energyvar { 1.831401965731466   } 
   nonlocal_energy { 0.6608293849631806   } 
   nonlocal_energyvar { 2.232969100603431   } 
   autocorr_energy { } 
} 

