#-------------------------------------------------
#DMC run: timestep 0.0025
#-------------------------------------------------


init { 
   label dmc
}
block { 
   label dmc
   totweight 2560000
   nautocorr 0
   total_energy { -3.758018692953359   } 
   total_energyvar { 0.01839229604721204   } 
   weight { 0.9989469837465251   } 
   weightvar { 0.09603464515001758   } 
   kinetic_energy { 1.419780102667944   } 
   kinetic_energyvar { 1.000561399199543   } 
   potential_energy { -5.831461683712631   } 
   potential_energyvar { 1.8032069821028   } 
   nonlocal_energy { 0.6536628880913277   } 
   nonlocal_energyvar { 2.204362333272445   } 
   autocorr_energy { } 
} 

block { 
   label dmc
   totweight 2560000
   nautocorr 0
   total_energy { -3.760135028945276   } 
   total_energyvar { 0.01847876500256795   } 
   weight { 1.000175000116217   } 
   weightvar { 0.09616373159707137   } 
   kinetic_energy { 1.412626444663332   } 
   kinetic_energyvar { 1.003805919853685   } 
   potential_energy { -5.819140366291326   } 
   potential_energyvar { 1.822229164157051   } 
   nonlocal_energy { 0.646378892682718   } 
   nonlocal_energyvar { 2.183258241218732   } 
   autocorr_energy { } 
} 

block { 
   label dmc
   totweight 2560000
   nautocorr 0
   total_energy { -3.759202927361006   } 
   total_energyvar { 0.01756015533681676   } 
   weight { 1.000467179467564   } 
   weightvar { 0.09729186971403192   } 
   kinetic_energy { 1.413439075524872   } 
   kinetic_energyvar { 0.9419850511305992   } 
   potential_energy { -5.801548977667601   } 
   potential_energyvar { 1.772253082469241   } 
   nonlocal_energy { 0.628906974781723   } 
   nonlocal_energyvar { 2.039580086956409   } 
   autocorr_energy { } 
} 

block { 
   label dmc
   totweight 2560000
   nautocorr 0
   total_energy { -3.759147334509954   } 
   total_energyvar { 0.01832447241818258   } 
   weight { 1.00009995803385   } 
   weightvar { 0.09753384224720341   } 
   kinetic_energy { 1.414229385819429   } 
   kinetic_energyvar { 1.003610497994736   } 
   potential_energy { -5.823709474335668   } 
   potential_energyvar { 1.816408889777172   } 
   nonlocal_energy { 0.6503327540062834   } 
   nonlocal_energyvar { 2.242189251211292   } 
   autocorr_energy { } 
} 

block { 
   label dmc
   totweight 2560000
   nautocorr 0
   total_energy { -3.757469992509142   } 
   total_energyvar { 0.01907344237804587   } 
   weight { 0.9989864258394687   } 
   weightvar { 0.09726298161606006   } 
   kinetic_energy { 1.401326789549811   } 
   kinetic_energyvar { 1.00132725338787   } 
   potential_energy { -5.810326571840427   } 
   potential_energyvar { 1.838299711137495   } 
   nonlocal_energy { 0.6515297897814732   } 
   nonlocal_energyvar { 2.277381878500246   } 
   autocorr_energy { } 
} 

block { 
   label dmc
   totweight 2560000
   nautocorr 0
   total_energy { -3.759012158246803   } 
   total_energyvar { 0.01749549601052536   } 
   weight { 0.9991766544375965   } 
   weightvar { 0.09680047655593271   } 
   kinetic_energy { 1.40494036587896   } 
   kinetic_energyvar { 0.9745093581476783   } 
   potential_energy { -5.816394392787216   } 
   potential_energyvar { 1.800578343656383   } 
   nonlocal_energy { 0.6524418686614525   } 
   nonlocal_energyvar { 2.180770160839132   } 
   autocorr_energy { } 
} 

block { 
   label dmc
   totweight 2560000
   nautocorr 0
   total_energy { -3.758786651496744   } 
   total_energyvar { 0.01897317347730976   } 
   weight { 0.9996596109237161   } 
   weightvar { 0.09682445516874927   } 
   kinetic_energy { 1.4022719982889   } 
   kinetic_energyvar { 1.073108302445766   } 
   potential_energy { -5.820348981142353   } 
   potential_energyvar { 1.832231235685491   } 
   nonlocal_energy { 0.6592903313567092   } 
   nonlocal_energyvar { 2.368668195051028   } 
   autocorr_energy { } 
} 

block { 
   label dmc
   totweight 2560000
   nautocorr 0
   total_energy { -3.759421028989973   } 
   total_energyvar { 0.01864291558676712   } 
   weight { 0.9995785516303546   } 
   weightvar { 0.09642676055312005   } 
   kinetic_energy { 1.420486698751784   } 
   kinetic_energyvar { 0.9856582349689389   } 
   potential_energy { -5.829763160559192   } 
   potential_energyvar { 1.810977393214209   } 
   nonlocal_energy { 0.649855432817434   } 
   nonlocal_energyvar { 2.1639136496455   } 
   autocorr_energy { } 
} 

block { 
   label dmc
   totweight 2560000
   nautocorr 0
   total_energy { -3.759885173623393   } 
   total_energyvar { 0.01826511447951518   } 
   weight { 1.000502780228456   } 
   weightvar { 0.09647302035072158   } 
   kinetic_energy { 1.412523527005355   } 
   kinetic_energyvar { 0.9992192659254804   } 
   potential_energy { -5.829994575620335   } 
   potential_energyvar { 1.827432532405943   } 
   nonlocal_energy { 0.6575858749915875   } 
   nonlocal_energyvar { 2.241253988454522   } 
   autocorr_energy { } 
} 

block { 
   label dmc
   totweight 2560000
   nautocorr 0
   total_energy { -3.758002574518002   } 
   total_energyvar { 0.0194615836726193   } 
   weight { 0.9997217558705641   } 
   weightvar { 0.09519061485274538   } 
   kinetic_energy { 1.424038577666783   } 
   kinetic_energyvar { 1.01214817826076   } 
   potential_energy { -5.838287170408075   } 
   potential_energyvar { 1.797029096449876   } 
   nonlocal_energy { 0.6562460182232913   } 
   nonlocal_energyvar { 2.220039659990235   } 
   autocorr_energy { } 
} 

block { 
   label dmc
   totweight 2560000
   nautocorr 0
   total_energy { -3.758468358014098   } 
   total_energyvar { 0.01864131048784223   } 
   weight { 0.9993066674172727   } 
   weightvar { 0.09412589014235018   } 
   kinetic_energy { 1.432122985002395   } 
   kinetic_energyvar { 1.005063993510909   } 
   potential_energy { -5.853354110518549   } 
   potential_energyvar { 1.82240939437191   } 
   nonlocal_energy { 0.6627627675020575   } 
   nonlocal_energyvar { 2.259050074613272   } 
   autocorr_energy { } 
} 

block { 
   label dmc
   totweight 2560000
   nautocorr 0
   total_energy { -3.757760139760665   } 
   total_energyvar { 0.01780005836641507   } 
   weight { 0.9989137055987245   } 
   weightvar { 0.09462521607105001   } 
   kinetic_energy { 1.415730924651157   } 
   kinetic_energyvar { 1.045049607492317   } 
   potential_energy { -5.830644047048757   } 
   potential_energyvar { 1.859263660219341   } 
   nonlocal_energy { 0.6571529826369349   } 
   nonlocal_energyvar { 2.355957330972613   } 
   autocorr_energy { } 
} 

block { 
   label dmc
   totweight 2560000
   nautocorr 0
   total_energy { -3.757072793045432   } 
   total_energyvar { 0.01879995401222168   } 
   weight { 0.9985243111570662   } 
   weightvar { 0.09441943093491401   } 
   kinetic_energy { 1.420335337609903   } 
   kinetic_energyvar { 1.000528264711026   } 
   potential_energy { -5.833015139931489   } 
   potential_energyvar { 1.825044691945635   } 
   nonlocal_energy { 0.6556070092761557   } 
   nonlocal_energyvar { 2.224233089475451   } 
   autocorr_energy { } 
} 

block { 
   label dmc
   totweight 2560000
   nautocorr 0
   total_energy { -3.757064552456205   } 
   total_energyvar { 0.01870739491070061   } 
   weight { 0.9979260854768134   } 
   weightvar { 0.09434552486337711   } 
   kinetic_energy { 1.409155301943626   } 
   kinetic_energyvar { 1.045969681621618   } 
   potential_energy { -5.833868383578634   } 
   potential_energyvar { 1.837718925761394   } 
   nonlocal_energy { 0.6676485291788028   } 
   nonlocal_energyvar { 2.331744055108434   } 
   autocorr_energy { } 
} 

block { 
   label dmc
   totweight 2560000
   nautocorr 0
   total_energy { -3.758837923479978   } 
   total_energyvar { 0.01754242742480017   } 
   weight { 0.9988222519972824   } 
   weightvar { 0.09535135736192446   } 
   kinetic_energy { 1.41655851505301   } 
   kinetic_energyvar { 0.9602035290824609   } 
   potential_energy { -5.819721454346436   } 
   potential_energyvar { 1.78588376835404   } 
   nonlocal_energy { 0.6443250158134483   } 
   nonlocal_energyvar { 2.09601591800408   } 
   autocorr_energy { } 
} 

block { 
   label dmc
   totweight 2560000
   nautocorr 0
   total_energy { -3.757772506233783   } 
   total_energyvar { 0.01746064112047918   } 
   weight { 0.9991156357475113   } 
   weightvar { 0.09607048930846918   } 
   kinetic_energy { 1.424337943809228   } 
   kinetic_energyvar { 0.9646171041298595   } 
   potential_energy { -5.825322742566176   } 
   potential_energyvar { 1.78067399838816   } 
   nonlocal_energy { 0.6432122925231643   } 
   nonlocal_energyvar { 2.145515743167703   } 
   autocorr_energy { } 
} 

block { 
   label dmc
   totweight 2560000
   nautocorr 0
   total_energy { -3.759150103823147   } 
   total_energyvar { 0.01838912618193689   } 
   weight { 0.9995812069715079   } 
   weightvar { 0.09592115773890941   } 
   kinetic_energy { 1.404747027960113   } 
   kinetic_energyvar { 1.011966613234111   } 
   potential_energy { -5.830807537466888   } 
   potential_energyvar { 1.845734545400262   } 
   nonlocal_energy { 0.6669104056836276   } 
   nonlocal_energyvar { 2.303122226870549   } 
   autocorr_energy { } 
} 

block { 
   label dmc
   totweight 2560000
   nautocorr 0
   total_energy { -3.758638734055387   } 
   total_energyvar { 0.01870079523514079   } 
   weight { 0.9998070811737929   } 
   weightvar { 0.09662692642772941   } 
   kinetic_energy { 1.418575476606851   } 
   kinetic_energyvar { 0.9722229826459166   } 
   potential_energy { -5.838873483531137   } 
   potential_energyvar { 1.839598427700047   } 
   nonlocal_energy { 0.6616592728688995   } 
   nonlocal_energyvar { 2.178636562856366   } 
   autocorr_energy { } 
} 

block { 
   label dmc
   totweight 2560000
   nautocorr 0
   total_energy { -3.759052768758737   } 
   total_energyvar { 0.01816558110956379   } 
   weight { 0.999893819139777   } 
   weightvar { 0.09846444566496959   } 
   kinetic_energy { 1.414177134964096   } 
   kinetic_energyvar { 0.988171213439331   } 
   potential_energy { -5.834512897897964   } 
   potential_energyvar { 1.832327640468471   } 
   nonlocal_energy { 0.6612829941751305   } 
   nonlocal_energyvar { 2.205542431717229   } 
   autocorr_energy { } 
} 

block { 
   label dmc
   totweight 2560000
   nautocorr 0
   total_energy { -3.759749640610722   } 
   total_energyvar { 0.01860904505627836   } 
   weight { 1.000075346911431   } 
   weightvar { 0.09862496771333928   } 
   kinetic_energy { 1.416048943232832   } 
   kinetic_energyvar { 1.045262995703312   } 
   potential_energy { -5.842069872821527   } 
   potential_energyvar { 1.831744420121375   } 
   nonlocal_energy { 0.6662712889779723   } 
   nonlocal_energyvar { 2.317830466541673   } 
   autocorr_energy { } 
} 

block { 
   label dmc
   totweight 2560000
   nautocorr 0
   total_energy { -3.759309069684778   } 
   total_energyvar { 0.01824262486565154   } 
   weight { 1.000564182754806   } 
   weightvar { 0.09808041160742165   } 
   kinetic_energy { 1.422426880297823   } 
   kinetic_energyvar { 1.005074270242342   } 
   potential_energy { -5.843793214144557   } 
   potential_energyvar { 1.804982487783008   } 
   nonlocal_energy { 0.662057264161956   } 
   nonlocal_energyvar { 2.217304742620527   } 
   autocorr_energy { } 
} 

block { 
   label dmc
   totweight 2560000
   nautocorr 0
   total_energy { -3.760294060434942   } 
   total_energyvar { 0.01830163127231721   } 
   weight { 1.000745753796611   } 
   weightvar { 0.09824007583593608   } 
   kinetic_energy { 1.421084153565452   } 
   kinetic_energyvar { 0.9501509743150667   } 
   potential_energy { -5.825511111075813   } 
   potential_energyvar { 1.813497388827699   } 
   nonlocal_energy { 0.6441328970754201   } 
   nonlocal_energyvar { 2.096785476779429   } 
   autocorr_energy { } 
} 

block { 
   label dmc
   totweight 2560000
   nautocorr 0
   total_energy { -3.759316183328604   } 
   total_energyvar { 0.01795924175447539   } 
   weight { 1.000639246937752   } 
   weightvar { 0.09716485209367032   } 
   kinetic_energy { 1.414905263160645   } 
   kinetic_energyvar { 0.9595969892247473   } 
   potential_energy { -5.808610296923015   } 
   potential_energyvar { 1.819555916620835   } 
   nonlocal_energy { 0.6343888504337667   } 
   nonlocal_energyvar { 2.113883525296788   } 
   autocorr_energy { } 
} 

block { 
   label dmc
   totweight 2560000
   nautocorr 0
   total_energy { -3.758044633940169   } 
   total_energyvar { 0.01818191825556426   } 
   weight { 0.9998323259605948   } 
   weightvar { 0.09554950879522928   } 
   kinetic_energy { 1.404066683694766   } 
   kinetic_energyvar { 1.008161404405274   } 
   potential_energy { -5.810821351375834   } 
   potential_energyvar { 1.841027347121631   } 
   nonlocal_energy { 0.6487100337408991   } 
   nonlocal_energyvar { 2.231039932007037   } 
   autocorr_energy { } 
} 

block { 
   label dmc
   totweight 2560000
   nautocorr 0
   total_energy { -3.758106473172319   } 
   total_energyvar { 0.01825497309681801   } 
   weight { 0.9992258437964768   } 
   weightvar { 0.0956249163604258   } 
   kinetic_energy { 1.397518599652547   } 
   kinetic_energyvar { 1.044675734263204   } 
   potential_energy { -5.805199578368593   } 
   potential_energyvar { 1.805001416212228   } 
   nonlocal_energy { 0.6495745055437268   } 
   nonlocal_energyvar { 2.279953848242321   } 
   autocorr_energy { } 
} 

block { 
   label dmc
   totweight 2560000
   nautocorr 0
   total_energy { -3.75968293105478   } 
   total_energyvar { 0.01673789470673803   } 
   weight { 0.9998920729339182   } 
   weightvar { 0.09431564118533331   } 
   kinetic_energy { 1.407041604495574   } 
   kinetic_energyvar { 0.9335824888569155   } 
   potential_energy { -5.797986281298949   } 
   potential_energyvar { 1.783604152066339   } 
   nonlocal_energy { 0.6312617457485948   } 
   nonlocal_energyvar { 2.013814114399883   } 
   autocorr_energy { } 
} 

block { 
   label dmc
   totweight 2560000
   nautocorr 0
   total_energy { -3.759682580389916   } 
   total_energyvar { 0.01878278820138135   } 
   weight { 1.000146100333885   } 
   weightvar { 0.09431492781873785   } 
   kinetic_energy { 1.400817548942599   } 
   kinetic_energyvar { 0.9778435575077973   } 
   potential_energy { -5.817742616533684   } 
   potential_energyvar { 1.809443072789435   } 
   nonlocal_energy { 0.6572424872011688   } 
   nonlocal_energyvar { 2.203291975303136   } 
   autocorr_energy { } 
} 

block { 
   label dmc
   totweight 2560000
   nautocorr 0
   total_energy { -3.759962015006873   } 
   total_energyvar { 0.01771708171472852   } 
   weight { 1.000560735978363   } 
   weightvar { 0.09531544416128646   } 
   kinetic_energy { 1.407517863177494   } 
   kinetic_energyvar { 1.026520611526337   } 
   potential_energy { -5.81223316632697   } 
   potential_energyvar { 1.823222988161014   } 
   nonlocal_energy { 0.6447532881426032   } 
   nonlocal_energyvar { 2.23825203050112   } 
   autocorr_energy { } 
} 

block { 
   label dmc
   totweight 2560000
   nautocorr 0
   total_energy { -3.758179369548346   } 
   total_energyvar { 0.01887315792404465   } 
   weight { 0.9999090641794359   } 
   weightvar { 0.09564156170032256   } 
   kinetic_energy { 1.403873940452631   } 
   kinetic_energyvar { 1.034863166728343   } 
   potential_energy { -5.804353939173859   } 
   potential_energyvar { 1.830934669048048   } 
   nonlocal_energy { 0.6423006291728813   } 
   nonlocal_energyvar { 2.256511134680965   } 
   autocorr_energy { } 
} 

block { 
   label dmc
   totweight 2560000
   nautocorr 0
   total_energy { -3.759077858504297   } 
   total_energyvar { 0.01806937026231381   } 
   weight { 0.9997953038658935   } 
   weightvar { 0.09579187859686211   } 
   kinetic_energy { 1.41492173415851   } 
   kinetic_energyvar { 1.013856959572684   } 
   potential_energy { -5.817489490706172   } 
   potential_energyvar { 1.823553744784412   } 
   nonlocal_energy { 0.6434898980433652   } 
   nonlocal_energyvar { 2.174446034797724   } 
   autocorr_energy { } 
} 

block { 
   label dmc
   totweight 2560000
   nautocorr 0
   total_energy { -3.759031999403857   } 
   total_energyvar { 0.01838660008901094   } 
   weight { 0.9995285588255814   } 
   weightvar { 0.09513072133326328   } 
   kinetic_energy { 1.408747747835193   } 
   kinetic_energyvar { 1.040395730805821   } 
   potential_energy { -5.825664023742799   } 
   potential_energyvar { 1.871432673853043   } 
   nonlocal_energy { 0.6578842765037485   } 
   nonlocal_energyvar { 2.334236930740547   } 
   autocorr_energy { } 
} 

block { 
   label dmc
   totweight 2560000
   nautocorr 0
   total_energy { -3.758755109952364   } 
   total_energyvar { 0.01768974286840219   } 
   weight { 1.000008305143669   } 
   weightvar { 0.09421192937998213   } 
   kinetic_energy { 1.415299171090121   } 
   kinetic_energyvar { 0.9862255544645309   } 
   potential_energy { -5.833803298839472   } 
   potential_energyvar { 1.797070344001682   } 
   nonlocal_energy { 0.6597490177969876   } 
   nonlocal_energyvar { 2.127303738299714   } 
   autocorr_energy { } 
} 

block { 
   label dmc
   totweight 2560000
   nautocorr 0
   total_energy { -3.758687253431246   } 
   total_energyvar { 0.01869790411118188   } 
   weight { 0.9997052509251824   } 
   weightvar { 0.09412931204462072   } 
   kinetic_energy { 1.422068876684238   } 
   kinetic_energyvar { 0.9935881961404229   } 
   potential_energy { -5.831250547077337   } 
   potential_energyvar { 1.805621434555448   } 
   nonlocal_energy { 0.650494416961852   } 
   nonlocal_energyvar { 2.178400672381582   } 
   autocorr_energy { } 
} 

block { 
   label dmc
   totweight 2560000
   nautocorr 0
   total_energy { -3.758085237865766   } 
   total_energyvar { 0.01818388305268748   } 
   weight { 0.9992711767923999   } 
   weightvar { 0.09446922520174061   } 
   kinetic_energy { 1.413649165272457   } 
   kinetic_energyvar { 0.9794018033665541   } 
   potential_energy { -5.821409205106588   } 
   potential_energyvar { 1.810918945172254   } 
   nonlocal_energy { 0.6496748019683651   } 
   nonlocal_energyvar { 2.170935333042908   } 
   autocorr_energy { } 
} 

block { 
   label dmc
   totweight 2560000
   nautocorr 0
   total_energy { -3.756766139510258   } 
   total_energyvar { 0.01813516418476269   } 
   weight { 0.9984849269201026   } 
   weightvar { 0.09452547225222085   } 
   kinetic_energy { 1.420202247166485   } 
   kinetic_energyvar { 0.9590169069646381   } 
   potential_energy { -5.811985133163895   } 
   potential_energyvar { 1.798711591115527   } 
   nonlocal_energy { 0.635016746487153   } 
   nonlocal_energyvar { 2.123359068946559   } 
   autocorr_energy { } 
} 

block { 
   label dmc
   totweight 2560000
   nautocorr 0
   total_energy { -3.759169844837743   } 
   total_energyvar { 0.01824029485992007   } 
   weight { 0.9989877826379572   } 
   weightvar { 0.09444358999270797   } 
   kinetic_energy { 1.418303631090894   } 
   kinetic_energyvar { 0.9925123583460191   } 
   potential_energy { -5.828608490692365   } 
   potential_energyvar { 1.830330280217126   } 
   nonlocal_energy { 0.6511350147637287   } 
   nonlocal_energyvar { 2.190326626199307   } 
   autocorr_energy { } 
} 

block { 
   label dmc
   totweight 2560000
   nautocorr 0
   total_energy { -3.758526931609931   } 
   total_energyvar { 0.01805506816846147   } 
   weight { 0.9995786514952226   } 
   weightvar { 0.09394896788091878   } 
   kinetic_energy { 1.411807613934059   } 
   kinetic_energyvar { 0.9740563307662864   } 
   potential_energy { -5.809376481154264   } 
   potential_energyvar { 1.814142993560665   } 
   nonlocal_energy { 0.6390419356102742   } 
   nonlocal_energyvar { 2.081496570338035   } 
   autocorr_energy { } 
} 

block { 
   label dmc
   totweight 2560000
   nautocorr 0
   total_energy { -3.758358168041919   } 
   total_energyvar { 0.01879936738828469   } 
   weight { 0.9991366498587082   } 
   weightvar { 0.09555356673165716   } 
   kinetic_energy { 1.407719589636703   } 
   kinetic_energyvar { 1.033083330048405   } 
   potential_energy { -5.815954695124681   } 
   potential_energyvar { 1.82891809431338   } 
   nonlocal_energy { 0.6498769374460591   } 
   nonlocal_energyvar { 2.297419855481414   } 
   autocorr_energy { } 
} 

block { 
   label dmc
   totweight 2560000
   nautocorr 0
   total_energy { -3.759174950315815   } 
   total_energyvar { 0.01755266932439703   } 
   weight { 0.9997927199841943   } 
   weightvar { 0.09533174843292602   } 
   kinetic_energy { 1.409936206436877   } 
   kinetic_energyvar { 0.9923211292374705   } 
   potential_energy { -5.810847045220767   } 
   potential_energyvar { 1.778823723941983   } 
   nonlocal_energy { 0.6417358884680757   } 
   nonlocal_energyvar { 2.141334203679286   } 
   autocorr_energy { } 
} 

block { 
   label dmc
   totweight 2560000
   nautocorr 0
   total_energy { -3.758299396231215   } 
   total_energyvar { 0.01742503904268311   } 
   weight { 0.9995689893811854   } 
   weightvar { 0.09546224206366016   } 
   kinetic_energy { 1.404315991209089   } 
   kinetic_energyvar { 0.9468808669340287   } 
   potential_energy { -5.796143189778564   } 
   potential_energyvar { 1.773067501452246   } 
   nonlocal_energy { 0.6335278023382604   } 
   nonlocal_energyvar { 2.044447932331141   } 
   autocorr_energy { } 
} 

block { 
   label dmc
   totweight 2560000
   nautocorr 0
   total_energy { -3.759054746231381   } 
   total_energyvar { 0.01774500771273324   } 
   weight { 0.9997885707577076   } 
   weightvar { 0.09545880010573016   } 
   kinetic_energy { 1.404096191681368   } 
   kinetic_energyvar { 0.977951161489836   } 
   potential_energy { -5.809392211545332   } 
   potential_energyvar { 1.81119074122411   } 
   nonlocal_energy { 0.6462412736325805   } 
   nonlocal_energyvar { 2.189891008483682   } 
   autocorr_energy { } 
} 

block { 
   label dmc
   totweight 2560000
   nautocorr 0
   total_energy { -3.75829986681292   } 
   total_energyvar { 0.01832872141928732   } 
   weight { 0.9995044139968341   } 
   weightvar { 0.09541709860763936   } 
   kinetic_energy { 1.411210362165528   } 
   kinetic_energyvar { 0.9640996901902041   } 
   potential_energy { -5.813031744754075   } 
   potential_energyvar { 1.818751453246179   } 
   nonlocal_energy { 0.6435215157756256   } 
   nonlocal_energyvar { 2.116476422945628   } 
   autocorr_energy { } 
} 

block { 
   label dmc
   totweight 2560000
   nautocorr 0
   total_energy { -3.759271987427618   } 
   total_energyvar { 0.01816810649845912   } 
   weight { 0.9997382630309904   } 
   weightvar { 0.09507977332727546   } 
   kinetic_energy { 1.417382066403091   } 
   kinetic_energyvar { 0.9952268584847714   } 
   potential_energy { -5.83681970930169   } 
   potential_energyvar { 1.831569828255986   } 
   nonlocal_energy { 0.6601656554709819   } 
   nonlocal_energyvar { 2.182350145177384   } 
   autocorr_energy { } 
} 

block { 
   label dmc
   totweight 2560000
   nautocorr 0
   total_energy { -3.760116652074765   } 
   total_energyvar { 0.01765165024527349   } 
   weight { 1.000270707481911   } 
   weightvar { 0.09459751306556918   } 
   kinetic_energy { 1.413453627918168   } 
   kinetic_energyvar { 0.9854704798666698   } 
   potential_energy { -5.822727745258606   } 
   potential_energyvar { 1.824370984724538   } 
   nonlocal_energy { 0.649157465265674   } 
   nonlocal_energyvar { 2.180032144367003   } 
   autocorr_energy { } 
} 

block { 
   label dmc
   totweight 2560000
   nautocorr 0
   total_energy { -3.759053499983684   } 
   total_energyvar { 0.01736673586032467   } 
   weight { 1.000521114996453   } 
   weightvar { 0.09569864117453841   } 
   kinetic_energy { 1.409341835459545   } 
   kinetic_energyvar { 0.9777420708467732   } 
   potential_energy { -5.807739892568957   } 
   potential_energyvar { 1.802702180100219   } 
   nonlocal_energy { 0.6393445571257276   } 
   nonlocal_energyvar { 2.172210005838902   } 
   autocorr_energy { } 
} 

block { 
   label dmc
   totweight 2560000
   nautocorr 0
   total_energy { -3.758220089579861   } 
   total_energyvar { 0.01822810345668913   } 
   weight { 0.9995847179084947   } 
   weightvar { 0.09500576769590041   } 
   kinetic_energy { 1.407474720894459   } 
   kinetic_energyvar { 0.9887417476758256   } 
   potential_energy { -5.811038044721911   } 
   potential_energyvar { 1.792175973927435   } 
   nonlocal_energy { 0.6453432342475907   } 
   nonlocal_energyvar { 2.200375512919757   } 
   autocorr_energy { } 
} 

block { 
   label dmc
   totweight 2560000
   nautocorr 0
   total_energy { -3.760413596234324   } 
   total_energyvar { 0.01860501327696085   } 
   weight { 1.000292000565426   } 
   weightvar { 0.0940860891798998   } 
   kinetic_energy { 1.420534242928241   } 
   kinetic_energyvar { 1.017247042898878   } 
   potential_energy { -5.845913540141324   } 
   potential_energyvar { 1.852385290074992   } 
   nonlocal_energy { 0.6649657009787601   } 
   nonlocal_energyvar { 2.29275777864382   } 
   autocorr_energy { } 
} 

block { 
   label dmc
   totweight 2560000
   nautocorr 0
   total_energy { -3.758828799045612   } 
   total_energyvar { 0.01939361699737141   } 
   weight { 1.000057290958103   } 
   weightvar { 0.09434247202257673   } 
   kinetic_energy { 1.422901752682697   } 
   kinetic_energyvar { 0.9815924523961885   } 
   potential_energy { -5.848819193903006   } 
   potential_energyvar { 1.80827908742598   } 
   nonlocal_energy { 0.6670886421746978   } 
   nonlocal_energyvar { 2.181219634391864   } 
   autocorr_energy { } 
} 

block { 
   label dmc
   totweight 2560000
   nautocorr 0
   total_energy { -3.758943986473   } 
   total_energyvar { 0.01803053876955651   } 
   weight { 0.9999225712547998   } 
   weightvar { 0.09410364145821126   } 
   kinetic_energy { 1.409553377781602   } 
   kinetic_energyvar { 1.006366761485215   } 
   potential_energy { -5.814124745951673   } 
   potential_energyvar { 1.846476325318449   } 
   nonlocal_energy { 0.6456273816970711   } 
   nonlocal_energyvar { 2.235193770351929   } 
   autocorr_energy { } 
} 

block { 
   label dmc
   totweight 2560000
   nautocorr 0
   total_energy { -3.760960398120087   } 
   total_energyvar { 0.01813643699200895   } 
   weight { 1.000525305445607   } 
   weightvar { 0.09486813327529697   } 
   kinetic_energy { 1.404215752127716   } 
   kinetic_energyvar { 0.9817616112215457   } 
   potential_energy { -5.820578560813061   } 
   potential_energyvar { 1.832204121261   } 
   nonlocal_energy { 0.6554024105652589   } 
   nonlocal_energyvar { 2.174994348559001   } 
   autocorr_energy { } 
} 

block { 
   label dmc
   totweight 2560000
   nautocorr 0
   total_energy { -3.759873003559571   } 
   total_energyvar { 0.01820548319470383   } 
   weight { 1.0009632719157   } 
   weightvar { 0.09579152593144125   } 
   kinetic_energy { 1.417996525732968   } 
   kinetic_energyvar { 0.9983480728652143   } 
   potential_energy { -5.838669218181979   } 
   potential_energyvar { 1.872788188069968   } 
   nonlocal_energy { 0.660799688889439   } 
   nonlocal_energyvar { 2.288076648362695   } 
   autocorr_energy { } 
} 

block { 
   label dmc
   totweight 2560000
   nautocorr 0
   total_energy { -3.758766353008673   } 
   total_energyvar { 0.01841900195095825   } 
   weight { 1.000435554983629   } 
   weightvar { 0.09510308967260839   } 
   kinetic_energy { 1.400426121685563   } 
   kinetic_energyvar { 1.020360386442359   } 
   potential_energy { -5.81116423686231   } 
   potential_energyvar { 1.838679322108959   } 
   nonlocal_energy { 0.6519717621680735   } 
   nonlocal_energyvar { 2.319846003012764   } 
   autocorr_energy { } 
} 

block { 
   label dmc
   totweight 2560000
   nautocorr 0
   total_energy { -3.758247258416021   } 
   total_energyvar { 0.01842387264445478   } 
   weight { 0.9995109275203371   } 
   weightvar { 0.0953876578754046   } 
   kinetic_energy { 1.407747423776502   } 
   kinetic_energyvar { 0.9906888681644148   } 
   potential_energy { -5.825304369263256   } 
   potential_energyvar { 1.806330058372296   } 
   nonlocal_energy { 0.659309687070735   } 
   nonlocal_energyvar { 2.202292774679973   } 
   autocorr_energy { } 
} 

block { 
   label dmc
   totweight 2560000
   nautocorr 0
   total_energy { -3.758374837964412   } 
   total_energyvar { 0.01771102952788084   } 
   weight { 0.9995206276264942   } 
   weightvar { 0.09498251176784334   } 
   kinetic_energy { 1.413108418418518   } 
   kinetic_energyvar { 0.9808680036659414   } 
   potential_energy { -5.831600294051497   } 
   potential_energyvar { 1.798991282231306   } 
   nonlocal_energy { 0.6601170376685673   } 
   nonlocal_energyvar { 2.182873230295375   } 
   autocorr_energy { } 
} 

block { 
   label dmc
   totweight 2560000
   nautocorr 0
   total_energy { -3.75835591040592   } 
   total_energyvar { 0.01894269093753564   } 
   weight { 0.9991898247868043   } 
   weightvar { 0.0957675976789637   } 
   kinetic_energy { 1.418999089242569   } 
   kinetic_energyvar { 1.003175139826614   } 
   potential_energy { -5.841196835717366   } 
   potential_energyvar { 1.806614874160566   } 
   nonlocal_energy { 0.6638418360688775   } 
   nonlocal_energyvar { 2.23754825490108   } 
   autocorr_energy { } 
} 

block { 
   label dmc
   totweight 2560000
   nautocorr 0
   total_energy { -3.75758106462337   } 
   total_energyvar { 0.01767510126459015   } 
   weight { 0.9989390015800771   } 
   weightvar { 0.09553779427658116   } 
   kinetic_energy { 1.429887798271978   } 
   kinetic_energyvar { 0.9793999974173389   } 
   potential_energy { -5.829710934900562   } 
   potential_energyvar { 1.76905635872933   } 
   nonlocal_energy { 0.6422420720052141   } 
   nonlocal_energyvar { 2.05415208658886   } 
   autocorr_energy { } 
} 

block { 
   label dmc
   totweight 2560000
   nautocorr 0
   total_energy { -3.758186023991195   } 
   total_energyvar { 0.01839951327183975   } 
   weight { 0.998776044117019   } 
   weightvar { 0.09614575698595995   } 
   kinetic_energy { 1.405469167832331   } 
   kinetic_energyvar { 1.005911113385474   } 
   potential_energy { -5.816426773014349   } 
   potential_energyvar { 1.817687518109786   } 
   nonlocal_energy { 0.6527715811908221   } 
   nonlocal_energyvar { 2.205934682514072   } 
   autocorr_energy { } 
} 

block { 
   label dmc
   totweight 2560000
   nautocorr 0
   total_energy { -3.75767977415044   } 
   total_energyvar { 0.01951300810497081   } 
   weight { 0.9986715304564705   } 
   weightvar { 0.09664469499004247   } 
   kinetic_energy { 1.418582346866886   } 
   kinetic_energyvar { 0.9849623804880383   } 
   potential_energy { -5.84394901024187   } 
   potential_energyvar { 1.816175206540493   } 
   nonlocal_energy { 0.6676868892245431   } 
   nonlocal_energyvar { 2.239569329146305   } 
   autocorr_energy { } 
} 

block { 
   label dmc
   totweight 2560000
   nautocorr 0
   total_energy { -3.757573247184455   } 
   total_energyvar { 0.01796871781248832   } 
   weight { 0.9987252087179741   } 
   weightvar { 0.09544798572271618   } 
   kinetic_energy { 1.427704089334947   } 
   kinetic_energyvar { 0.9873238665506006   } 
   potential_energy { -5.829985539154137   } 
   potential_energyvar { 1.808434035490698   } 
   nonlocal_energy { 0.6447082026347355   } 
   nonlocal_energyvar { 2.113649179977952   } 
   autocorr_energy { } 
} 

block { 
   label dmc
   totweight 2560000
   nautocorr 0
   total_energy { -3.756993978497713   } 
   total_energyvar { 0.01883082404007297   } 
   weight { 0.9982219424057468   } 
   weightvar { 0.09464137539495932   } 
   kinetic_energy { 1.405303783390359   } 
   kinetic_energyvar { 1.015591079044893   } 
   potential_energy { -5.828701961782443   } 
   potential_energyvar { 1.855517701160529   } 
   nonlocal_energy { 0.6664041998943708   } 
   nonlocal_energyvar { 2.277022236150831   } 
   autocorr_energy { } 
} 

block { 
   label dmc
   totweight 2560000
   nautocorr 0
   total_energy { -3.757999797467098   } 
   total_energyvar { 0.01801921457943401   } 
   weight { 0.9980890438818575   } 
   weightvar { 0.09465871683846105   } 
   kinetic_energy { 1.419141240017545   } 
   kinetic_energyvar { 0.948399544333776   } 
   potential_energy { -5.811191804401593   } 
   potential_energyvar { 1.793986610188384   } 
   nonlocal_energy { 0.6340507669169505   } 
   nonlocal_energyvar { 2.025907832076419   } 
   autocorr_energy { } 
} 

block { 
   label dmc
   totweight 2560000
   nautocorr 0
   total_energy { -3.760888910698531   } 
   total_energyvar { 0.01765559532578287   } 
   weight { 0.9998321009607296   } 
   weightvar { 0.09349229349550359   } 
   kinetic_energy { 1.422034960552824   } 
   kinetic_energyvar { 0.9696856096148796   } 
   potential_energy { -5.831712657873405   } 
   potential_energyvar { 1.783435723042224   } 
   nonlocal_energy { 0.6487887866220499   } 
   nonlocal_energyvar { 2.126309801605999   } 
   autocorr_energy { } 
} 

block { 
   label dmc
   totweight 2560000
   nautocorr 0
   total_energy { -3.76034669288566   } 
   total_energyvar { 0.01773678369557352   } 
   weight { 1.000931019588637   } 
   weightvar { 0.09266884238623319   } 
   kinetic_energy { 1.40853933325952   } 
   kinetic_energyvar { 0.9700594651873706   } 
   potential_energy { -5.815460940031928   } 
   potential_energyvar { 1.773174273785806   } 
   nonlocal_energy { 0.6465749138867483   } 
   nonlocal_energyvar { 2.121394950539965   } 
   autocorr_energy { } 
} 

block { 
   label dmc
   totweight 2560000
   nautocorr 0
   total_energy { -3.760880434056933   } 
   total_energyvar { 0.0187222853509077   } 
   weight { 1.001345805564661   } 
   weightvar { 0.09376899621860391   } 
   kinetic_energy { 1.41199047203683   } 
   kinetic_energyvar { 1.023376854397444   } 
   potential_energy { -5.84067616181018   } 
   potential_energyvar { 1.827167673978096   } 
   nonlocal_energy { 0.6678052557164168   } 
   nonlocal_energyvar { 2.284799885533766   } 
   autocorr_energy { } 
} 

block { 
   label dmc
   totweight 2560000
   nautocorr 0
   total_energy { -3.758622253716956   } 
   total_energyvar { 0.01954157839941217   } 
   weight { 1.000662994350686   } 
   weightvar { 0.09501781641210894   } 
   kinetic_energy { 1.414660284740943   } 
   kinetic_energyvar { 1.009488925438791   } 
   potential_energy { -5.832662152018988   } 
   potential_energyvar { 1.845111094031473   } 
   nonlocal_energy { 0.6593796135610889   } 
   nonlocal_energyvar { 2.305992059858036   } 
   autocorr_energy { } 
} 

block { 
   label dmc
   totweight 2560000
   nautocorr 0
   total_energy { -3.759304207400814   } 
   total_energyvar { 0.01857019020256168   } 
   weight { 1.000048388296038   } 
   weightvar { 0.09458862699838955   } 
   kinetic_energy { 1.415731035262308   } 
   kinetic_energyvar { 0.988969626465408   } 
   potential_energy { -5.82990567118312   } 
   potential_energyvar { 1.814915646013588   } 
   nonlocal_energy { 0.6548704285199981   } 
   nonlocal_energyvar { 2.25427638891193   } 
   autocorr_energy { } 
} 

block { 
   label dmc
   totweight 2560000
   nautocorr 0
   total_energy { -3.759720717858051   } 
   total_energyvar { 0.01731402614147015   } 
   weight { 1.000425150063952   } 
   weightvar { 0.0935701087609857   } 
   kinetic_energy { 1.42349366740291   } 
   kinetic_energyvar { 0.9713243887245664   } 
   potential_energy { -5.823095491295871   } 
   potential_energyvar { 1.775862400830157   } 
   nonlocal_energy { 0.6398811060349106   } 
   nonlocal_energyvar { 2.079618929605886   } 
   autocorr_energy { } 
} 

block { 
   label dmc
   totweight 2560000
   nautocorr 0
   total_energy { -3.758806957197533   } 
   total_energyvar { 0.01911321619368422   } 
   weight { 1.000132059537908   } 
   weightvar { 0.09461870626822955   } 
   kinetic_energy { 1.415716421076156   } 
   kinetic_energyvar { 1.003952334092078   } 
   potential_energy { -5.824999525632906   } 
   potential_energyvar { 1.804257142559237   } 
   nonlocal_energy { 0.6504761473592182   } 
   nonlocal_energyvar { 2.192797801344658   } 
   autocorr_energy { } 
} 

block { 
   label dmc
   totweight 2560000
   nautocorr 0
   total_energy { -3.759865475098619   } 
   total_energyvar { 0.01863641633450541   } 
   weight { 1.000336804202526   } 
   weightvar { 0.09516116707089561   } 
   kinetic_energy { 1.419792226452941   } 
   kinetic_energyvar { 1.010317383752029   } 
   potential_energy { -5.839073395700826   } 
   potential_energyvar { 1.815988655612095   } 
   nonlocal_energy { 0.6594156941492673   } 
   nonlocal_energyvar { 2.260810174086201   } 
   autocorr_energy { } 
} 

block { 
   label dmc
   totweight 2560000
   nautocorr 0
   total_energy { -3.757898320845105   } 
   total_energyvar { 0.01807126679323368   } 
   weight { 0.9996344907264434   } 
   weightvar { 0.09571043452057737   } 
   kinetic_energy { 1.408935490439206   } 
   kinetic_energyvar { 0.9743812761703499   } 
   potential_energy { -5.810792092333807   } 
   potential_energyvar { 1.805184858123646   } 
   nonlocal_energy { 0.6439582810494969   } 
   nonlocal_energyvar { 2.153894250310602   } 
   autocorr_energy { } 
} 

block { 
   label dmc
   totweight 2560000
   nautocorr 0
   total_energy { -3.75636323197711   } 
   total_energyvar { 0.01820330670082448   } 
   weight { 0.9984106164088822   } 
   weightvar { 0.09593431099277905   } 
   kinetic_energy { 1.414307717229424   } 
   kinetic_energyvar { 0.967195766549747   } 
   potential_energy { -5.81873193253481   } 
   potential_energyvar { 1.805583181926018   } 
   nonlocal_energy { 0.6480609833282762   } 
   nonlocal_energyvar { 2.127812540601774   } 
   autocorr_energy { } 
} 

block { 
   label dmc
   totweight 2560000
   nautocorr 0
   total_energy { -3.759756501596327   } 
   total_energyvar { 0.01858575862057776   } 
   weight { 0.9988354669282645   } 
   weightvar { 0.09579579453720588   } 
   kinetic_energy { 1.421844171956243   } 
   kinetic_energyvar { 1.043488124363244   } 
   potential_energy { -5.839923211411444   } 
   potential_energyvar { 1.819104580260344   } 
   nonlocal_energy { 0.6583225378588736   } 
   nonlocal_energyvar { 2.256570233817876   } 
   autocorr_energy { } 
} 

block { 
   label dmc
   totweight 2560000
   nautocorr 0
   total_energy { -3.759261024616499   } 
   total_energyvar { 0.01785028218092677   } 
   weight { 0.9999191742475079   } 
   weightvar { 0.09555270327033849   } 
   kinetic_energy { 1.427068027360389   } 
   kinetic_energyvar { 0.9632608827772069   } 
   potential_energy { -5.838443329792558   } 
   potential_energyvar { 1.782594246449875   } 
   nonlocal_energy { 0.6521142778156693   } 
   nonlocal_energyvar { 2.073483233130228   } 
   autocorr_energy { } 
} 

block { 
   label dmc
   totweight 2560000
   nautocorr 0
   total_energy { -3.758296283507702   } 
   total_energyvar { 0.01763458144722208   } 
   weight { 0.9995312512326509   } 
   weightvar { 0.09537734336307835   } 
   kinetic_energy { 1.423447142782636   } 
   kinetic_energyvar { 0.9908189971199293   } 
   potential_energy { -5.839283193168732   } 
   potential_energyvar { 1.79928587200336   } 
   nonlocal_energy { 0.657539766878394   } 
   nonlocal_energyvar { 2.15159144763069   } 
   autocorr_energy { } 
} 

block { 
   label dmc
   totweight 2560000
   nautocorr 0
   total_energy { -3.758704600164578   } 
   total_energyvar { 0.0181863954328918   } 
   weight { 0.999439533759915   } 
   weightvar { 0.09514921591013281   } 
   kinetic_energy { 1.417246752669088   } 
   kinetic_energyvar { 0.9769973846605038   } 
   potential_energy { -5.825228341118892   } 
   potential_energyvar { 1.81003101424966   } 
   nonlocal_energy { 0.6492769882852264   } 
   nonlocal_energyvar { 2.181516790226285   } 
   autocorr_energy { } 
} 

block { 
   label dmc
   totweight 2560000
   nautocorr 0
   total_energy { -3.758348621896404   } 
   total_energyvar { 0.01864571253616099   } 
   weight { 0.9994462834089063   } 
   weightvar { 0.09485433627568085   } 
   kinetic_energy { 1.420692136401323   } 
   kinetic_energyvar { 0.9908420105143896   } 
   potential_energy { -5.840413403567871   } 
   potential_energyvar { 1.826992667729364   } 
   nonlocal_energy { 0.6613726452701438   } 
   nonlocal_energyvar { 2.213498060704751   } 
   autocorr_energy { } 
} 

block { 
   label dmc
   totweight 2560000
   nautocorr 0
   total_energy { -3.7583192473008   } 
   total_energyvar { 0.01779413071864155   } 
   weight { 0.9987796432436029   } 
   weightvar { 0.09526627951647981   } 
   kinetic_energy { 1.424899020516404   } 
   kinetic_energyvar { 0.9858723024790708   } 
   potential_energy { -5.830050660259855   } 
   potential_energyvar { 1.825474639729642   } 
   nonlocal_energy { 0.646832392442651   } 
   nonlocal_energyvar { 2.148929239572278   } 
   autocorr_energy { } 
} 

block { 
   label dmc
   totweight 2560000
   nautocorr 0
   total_energy { -3.759508319261271   } 
   total_energyvar { 0.0187369811681446   } 
   weight { 0.9995829741759968   } 
   weightvar { 0.09676876950152213   } 
   kinetic_energy { 1.419503648095404   } 
   kinetic_energyvar { 0.9925592082578958   } 
   potential_energy { -5.823697992518388   } 
   potential_energyvar { 1.807853381356807   } 
   nonlocal_energy { 0.6446860251617127   } 
   nonlocal_energyvar { 2.194441704235765   } 
   autocorr_energy { } 
} 

block { 
   label dmc
   totweight 2560000
   nautocorr 0
   total_energy { -3.758634014957912   } 
   total_energyvar { 0.01844615257003568   } 
   weight { 1.000040747323376   } 
   weightvar { 0.09703115007666741   } 
   kinetic_energy { 1.421550859440332   } 
   kinetic_energyvar { 1.001287119651426   } 
   potential_energy { -5.836743617546814   } 
   potential_energyvar { 1.815165847945224   } 
   nonlocal_energy { 0.6565587431485703   } 
   nonlocal_energyvar { 2.230233793763576   } 
   autocorr_energy { } 
} 

block { 
   label dmc
   totweight 2560000
   nautocorr 0
   total_energy { -3.759725135579491   } 
   total_energyvar { 0.01815527988377319   } 
   weight { 0.99990105036722   } 
   weightvar { 0.09702911535066716   } 
   kinetic_energy { 1.420313887415751   } 
   kinetic_energyvar { 0.9934556709756652   } 
   potential_energy { -5.824830876132626   } 
   potential_energyvar { 1.808084876975784   } 
   nonlocal_energy { 0.6447918531373837   } 
   nonlocal_energyvar { 2.194691690801156   } 
   autocorr_energy { } 
} 

block { 
   label dmc
   totweight 2560000
   nautocorr 0
   total_energy { -3.759419102520556   } 
   total_energyvar { 0.0176334847993953   } 
   weight { 1.000199012883376   } 
   weightvar { 0.09562386595005568   } 
   kinetic_energy { 1.416353782035036   } 
   kinetic_energyvar { 1.000695494484695   } 
   potential_energy { -5.820019540528751   } 
   potential_energyvar { 1.808748275426211   } 
   nonlocal_energy { 0.6442466559731588   } 
   nonlocal_energyvar { 2.162095750162241   } 
   autocorr_energy { } 
} 

block { 
   label dmc
   totweight 2560000
   nautocorr 0
   total_energy { -3.759219041040707   } 
   total_energyvar { 0.01795672835551265   } 
   weight { 1.000106310550215   } 
   weightvar { 0.09568972615278382   } 
   kinetic_energy { 1.418460605457764   } 
   kinetic_energyvar { 1.006400578874469   } 
   potential_energy { -5.836399620483646   } 
   potential_energyvar { 1.804938238959259   } 
   nonlocal_energy { 0.6587199739851759   } 
   nonlocal_energyvar { 2.217067454603272   } 
   autocorr_energy { } 
} 

block { 
   label dmc
   totweight 2560000
   nautocorr 0
   total_energy { -3.760968080695714   } 
   total_energyvar { 0.0177353802377116   } 
   weight { 1.000845331301327   } 
   weightvar { 0.09519914136127516   } 
   kinetic_energy { 1.425582454492484   } 
   kinetic_energyvar { 0.9984755292412073   } 
   potential_energy { -5.842125910522023   } 
   potential_energyvar { 1.82534201216319   } 
   nonlocal_energy { 0.6555753753338259   } 
   nonlocal_energyvar { 2.199989086127499   } 
   autocorr_energy { } 
} 

block { 
   label dmc
   totweight 2560000
   nautocorr 0
   total_energy { -3.759760750572956   } 
   total_energyvar { 0.01781268781529555   } 
   weight { 1.001016830817777   } 
   weightvar { 0.09568327365224905   } 
   kinetic_energy { 1.424215844118406   } 
   kinetic_energyvar { 0.9570950429704892   } 
   potential_energy { -5.835483158092715   } 
   potential_energyvar { 1.771222884313794   } 
   nonlocal_energy { 0.6515065634013525   } 
   nonlocal_energyvar { 2.110294367998602   } 
   autocorr_energy { } 
} 

block { 
   label dmc
   totweight 2560000
   nautocorr 0
   total_energy { -3.758063831480072   } 
   total_energyvar { 0.01918043656448454   } 
   weight { 1.000216296321497   } 
   weightvar { 0.09652418882715086   } 
   kinetic_energy { 1.419879564964962   } 
   kinetic_energyvar { 1.055551589608088   } 
   potential_energy { -5.846366583027788   } 
   potential_energyvar { 1.861428014257278   } 
   nonlocal_energy { 0.6684231865827537   } 
   nonlocal_energyvar { 2.393483639118663   } 
   autocorr_energy { } 
} 

block { 
   label dmc
   totweight 2560000
   nautocorr 0
   total_energy { -3.7579562083013   } 
   total_energyvar { 0.01829869952899088   } 
   weight { 0.9991541880903915   } 
   weightvar { 0.09667236133121981   } 
   kinetic_energy { 1.414677112731729   } 
   kinetic_energyvar { 0.9791006677911178   } 
   potential_energy { -5.81049156754073   } 
   potential_energyvar { 1.823231976436425   } 
   nonlocal_energy { 0.6378582465077016   } 
   nonlocal_energyvar { 2.113957827309768   } 
   autocorr_energy { } 
} 

block { 
   label dmc
   totweight 2560000
   nautocorr 0
   total_energy { -3.759129020269707   } 
   total_energyvar { 0.01845506136642072   } 
   weight { 0.9995423553939616   } 
   weightvar { 0.09744342918178706   } 
   kinetic_energy { 1.404795177296459   } 
   kinetic_energyvar { 1.019705864032022   } 
   potential_energy { -5.823215939847239   } 
   potential_energyvar { 1.884332589296633   } 
   nonlocal_energy { 0.6592917422810748   } 
   nonlocal_energyvar { 2.263809327693524   } 
   autocorr_energy { } 
} 

block { 
   label dmc
   totweight 2560000
   nautocorr 0
   total_energy { -3.758253408623304   } 
   total_energyvar { 0.0179459414849692   } 
   weight { 0.9990932134173638   } 
   weightvar { 0.09815193378172393   } 
   kinetic_energy { 1.416102950118879   } 
   kinetic_energyvar { 0.9694209055544833   } 
   potential_energy { -5.806794782597697   } 
   potential_energyvar { 1.796278556311449   } 
   nonlocal_energy { 0.6324384238555142   } 
   nonlocal_energyvar { 2.071352267515188   } 
   autocorr_energy { } 
} 

block { 
   label dmc
   totweight 2560000
   nautocorr 0
   total_energy { -3.759495231068499   } 
   total_energyvar { 0.0179977702827685   } 
   weight { 0.9994931255331423   } 
   weightvar { 0.09726436140906836   } 
   kinetic_energy { 1.406407967006278   } 
   kinetic_energyvar { 1.021959156238363   } 
   potential_energy { -5.813426351686758   } 
   potential_energyvar { 1.819099694851879   } 
   nonlocal_energy { 0.647523153611981   } 
   nonlocal_energyvar { 2.215793658576995   } 
   autocorr_energy { } 
} 

block { 
   label dmc
   totweight 2560000
   nautocorr 0
   total_energy { -3.7588174931078   } 
   total_energyvar { 0.01859668595975528   } 
   weight { 0.9998524619651816   } 
   weightvar { 0.09736338653069543   } 
   kinetic_energy { 1.408539077760208   } 
   kinetic_energyvar { 0.9976607429980549   } 
   potential_energy { -5.826580651701015   } 
   potential_energyvar { 1.821195532268547   } 
   nonlocal_energy { 0.6592240808330051   } 
   nonlocal_energyvar { 2.176086458277192   } 
   autocorr_energy { } 
} 

block { 
   label dmc
   totweight 2560000
   nautocorr 0
   total_energy { -3.75827805244769   } 
   total_energyvar { 0.01728140696333291   } 
   weight { 0.9995598469916913   } 
   weightvar { 0.09741380934768107   } 
   kinetic_energy { 1.416127836179872   } 
   kinetic_energyvar { 0.9641089994948571   } 
   potential_energy { -5.820897998185956   } 
   potential_energyvar { 1.810073455987322   } 
   nonlocal_energy { 0.6464921095583939   } 
   nonlocal_energyvar { 2.1138804590294   } 
   autocorr_energy { } 
} 

block { 
   label dmc
   totweight 2560000
   nautocorr 0
   total_energy { -3.759174605317871   } 
   total_energyvar { 0.01952395460156886   } 
   weight { 0.9994175544022098   } 
   weightvar { 0.09708776873908043   } 
   kinetic_energy { 1.402086342703461   } 
   kinetic_energyvar { 0.9934975011431286   } 
   potential_energy { -5.808947144515934   } 
   potential_energyvar { 1.821253250555806   } 
   nonlocal_energy { 0.6476861964946027   } 
   nonlocal_energyvar { 2.202094543949715   } 
   autocorr_energy { } 
} 

block { 
   label dmc
   totweight 2560000
   nautocorr 0
   total_energy { -3.757527853286073   } 
   total_energyvar { 0.01864631246400528   } 
   weight { 0.9991013742293089   } 
   weightvar { 0.09818065285212407   } 
   kinetic_energy { 1.407965827939503   } 
   kinetic_energyvar { 1.02688808453081   } 
   potential_energy { -5.815919943296735   } 
   potential_energyvar { 1.857624765225772   } 
   nonlocal_energy { 0.6504262620711601   } 
   nonlocal_energyvar { 2.316497041600738   } 
   autocorr_energy { } 
} 

block { 
   label dmc
   totweight 2560000
   nautocorr 0
   total_energy { -3.758854026973756   } 
   total_energyvar { 0.01780911926394069   } 
   weight { 0.9991141359247376   } 
   weightvar { 0.09801467994146307   } 
   kinetic_energy { 1.408699707044556   } 
   kinetic_energyvar { 0.9700053915498921   } 
   potential_energy { -5.805918197100285   } 
   potential_energyvar { 1.802050739698672   } 
   nonlocal_energy { 0.6383644630819733   } 
   nonlocal_energyvar { 2.12569759860427   } 
   autocorr_energy { } 
} 

block { 
   label dmc
   totweight 2560000
   nautocorr 0
   total_energy { -3.759479156189787   } 
   total_energyvar { 0.01777770387142397   } 
   weight { 0.9998302308383169   } 
   weightvar { 0.09690061920875914   } 
   kinetic_energy { 1.404369870189511   } 
   kinetic_energyvar { 0.9676225166059358   } 
   potential_energy { -5.802073204156126   } 
   potential_energyvar { 1.763163748830657   } 
   nonlocal_energy { 0.6382241777768288   } 
   nonlocal_energyvar { 2.097922430868547   } 
   autocorr_energy { } 
} 

block { 
   label dmc
   totweight 2560000
   nautocorr 0
   total_energy { -3.758918414381065   } 
   total_energyvar { 0.01748471940001117   } 
   weight { 0.9999784927735095   } 
   weightvar { 0.09623335861250804   } 
   kinetic_energy { 1.414206247513479   } 
   kinetic_energyvar { 0.9730767815812378   } 
   potential_energy { -5.818536523463675   } 
   potential_energyvar { 1.744992206901536   } 
   nonlocal_energy { 0.6454118615691318   } 
   nonlocal_energyvar { 2.122299489558681   } 
   autocorr_energy { } 
} 

block { 
   label dmc
   totweight 2560000
   nautocorr 0
   total_energy { -3.759925461643565   } 
   total_energyvar { 0.0184506305176555   } 
   weight { 1.000156601136638   } 
   weightvar { 0.09683774803026846   } 
   kinetic_energy { 1.408282200756665   } 
   kinetic_energyvar { 0.9953467959268152   } 
   potential_energy { -5.822050661079464   } 
   potential_energyvar { 1.830849195372089   } 
   nonlocal_energy { 0.6538429986792331   } 
   nonlocal_energyvar { 2.279652720943605   } 
   autocorr_energy { } 
} 

block { 
   label dmc
   totweight 2560000
   nautocorr 0
   total_energy { -3.759334859592542   } 
   total_energyvar { 0.01831189396800248   } 
   weight { 1.000388465367502   } 
   weightvar { 0.0950315964460573   } 
   kinetic_energy { 1.420534585794801   } 
   kinetic_energyvar { 1.059197797038052   } 
   potential_energy { -5.842584541127879   } 
   potential_energyvar { 1.834049220255423   } 
   nonlocal_energy { 0.6627150957405356   } 
   nonlocal_energyvar { 2.289808351884022   } 
   autocorr_energy { } 
} 

block { 
   label dmc
   totweight 2560000
   nautocorr 0
   total_energy { -3.758482314667888   } 
   total_energyvar { 0.01735805890970532   } 
   weight { 0.9996387554063429   } 
   weightvar { 0.09358925573041277   } 
   kinetic_energy { 1.424789368624778   } 
   kinetic_energyvar { 0.9702932894298066   } 
   potential_energy { -5.825288714885382   } 
   potential_energyvar { 1.816183023236405   } 
   nonlocal_energy { 0.6420170315927172   } 
   nonlocal_energyvar { 2.152071453216077   } 
   autocorr_energy { } 
} 

block { 
   label dmc
   totweight 2560000
   nautocorr 0
   total_energy { -3.759100936575111   } 
   total_energyvar { 0.01846828994778349   } 
   weight { 0.9997491477855912   } 
   weightvar { 0.09335595810068553   } 
   kinetic_energy { 1.424678826459795   } 
   kinetic_energyvar { 1.009487519914247   } 
   potential_energy { -5.849430125137813   } 
   potential_energyvar { 1.825177580232889   } 
   nonlocal_energy { 0.6656503621029058   } 
   nonlocal_energyvar { 2.228957183933962   } 
   autocorr_energy { } 
} 

block { 
   label dmc
   totweight 2560000
   nautocorr 0
   total_energy { -3.75910065009492   } 
   total_energyvar { 0.01796069431362213   } 
   weight { 0.999599255397504   } 
   weightvar { 0.09348583469787675   } 
   kinetic_energy { 1.428357141285014   } 
   kinetic_energyvar { 1.00157794521335   } 
   potential_energy { -5.842243125934596   } 
   potential_energyvar { 1.815471791126647   } 
   nonlocal_energy { 0.6547853345546623   } 
   nonlocal_energyvar { 2.142423561116662   } 
   autocorr_energy { } 
} 

block { 
   label dmc
   totweight 2560000
   nautocorr 0
   total_energy { -3.758383442402296   } 
   total_energyvar { 0.01845488396628348   } 
   weight { 0.9997986641778436   } 
   weightvar { 0.09342378325220035   } 
   kinetic_energy { 1.429109999261826   } 
   kinetic_energyvar { 1.005064878327354   } 
   potential_energy { -5.848949684373693   } 
   potential_energyvar { 1.854039007294801   } 
   nonlocal_energy { 0.6614562427095705   } 
   nonlocal_energyvar { 2.241293736448724   } 
   autocorr_energy { } 
} 

block { 
   label dmc
   totweight 2560000
   nautocorr 0
   total_energy { -3.757995000951038   } 
   total_energyvar { 0.01844618951707311   } 
   weight { 0.9990927623162797   } 
   weightvar { 0.09392572378774966   } 
   kinetic_energy { 1.43788148497291   } 
   kinetic_energyvar { 1.026047410170985   } 
   potential_energy { -5.868483584616134   } 
   potential_energyvar { 1.823578742826058   } 
   nonlocal_energy { 0.6726070986921857   } 
   nonlocal_energyvar { 2.265427264918946   } 
   autocorr_energy { } 
} 

block { 
   label dmc
   totweight 2560000
   nautocorr 0
   total_energy { -3.760022274940898   } 
   total_energyvar { 0.01842644327302878   } 
   weight { 0.9994335952579874   } 
   weightvar { 0.09427084731412805   } 
   kinetic_energy { 1.425793665473803   } 
   kinetic_energyvar { 1.030826557768161   } 
   potential_energy { -5.867046990159242   } 
   potential_energyvar { 1.893374457721102   } 
   nonlocal_energy { 0.6812310497445413   } 
   nonlocal_energyvar { 2.404267327330116   } 
   autocorr_energy { } 
} 

block { 
   label dmc
   totweight 2560000
   nautocorr 0
   total_energy { -3.758072373085283   } 
   total_energyvar { 0.01912670864862243   } 
   weight { 0.9999790507652093   } 
   weightvar { 0.09479440727663146   } 
   kinetic_energy { 1.427093199004961   } 
   kinetic_energyvar { 1.053430963750649   } 
   potential_energy { -5.854105659405715   } 
   potential_energyvar { 1.836994142292262   } 
   nonlocal_energy { 0.6689400873154716   } 
   nonlocal_energyvar { 2.34750609537387   } 
   autocorr_energy { } 
} 

block { 
   label dmc
   totweight 2560000
   nautocorr 0
   total_energy { -3.759273008474045   } 
   total_energyvar { 0.01811641592188629   } 
   weight { 0.9996389247466672   } 
   weightvar { 0.09620162035530688   } 
   kinetic_energy { 1.414637213676321   } 
   kinetic_energyvar { 1.034091080829668   } 
   potential_energy { -5.826434417030634   } 
   potential_energyvar { 1.852519282519197   } 
   nonlocal_energy { 0.6525241948802675   } 
   nonlocal_energyvar { 2.320603987245416   } 
   autocorr_energy { } 
} 

block { 
   label dmc
   totweight 2560000
   nautocorr 0
   total_energy { -3.758901323262187   } 
   total_energyvar { 0.01767328638236698   } 
   weight { 0.9995252696300039   } 
   weightvar { 0.09546797364448056   } 
   kinetic_energy { 1.424426342904322   } 
   kinetic_energyvar { 0.9765558558879128   } 
   potential_energy { -5.836758423651665   } 
   potential_energyvar { 1.803687834759266   } 
   nonlocal_energy { 0.6534307574851567   } 
   nonlocal_energyvar { 2.108353217882287   } 
   autocorr_energy { } 
} 

block { 
   label dmc
   totweight 2560000
   nautocorr 0
   total_energy { -3.759114298958425   } 
   total_energyvar { 0.01803798161808601   } 
   weight { 0.9997302964040662   } 
   weightvar { 0.09503117873051992   } 
   kinetic_energy { 1.421425777571138   } 
   kinetic_energyvar { 0.9864399051780435   } 
   potential_energy { -5.828261519969157   } 
   potential_energyvar { 1.812893453843152   } 
   nonlocal_energy { 0.647721443439595   } 
   nonlocal_energyvar { 2.139354842760829   } 
   autocorr_energy { } 
} 

block { 
   label dmc
   totweight 2560000
   nautocorr 0
   total_energy { -3.75914082091912   } 
   total_energyvar { 0.01790021477049919   } 
   weight { 0.999925298558344   } 
   weightvar { 0.09611297532336038   } 
   kinetic_energy { 1.423660684374244   } 
   kinetic_energyvar { 0.9707690494282279   } 
   potential_energy { -5.831939609129738   } 
   potential_energyvar { 1.807334657497236   } 
   nonlocal_energy { 0.6491381038363723   } 
   nonlocal_energyvar { 2.148519189944639   } 
   autocorr_energy { } 
} 

block { 
   label dmc
   totweight 2560000
   nautocorr 0
   total_energy { -3.758935019062822   } 
   total_energyvar { 0.01877415456526776   } 
   weight { 0.9996629302959276   } 
   weightvar { 0.09654034535444922   } 
   kinetic_energy { 1.413173192099556   } 
   kinetic_energyvar { 1.023556890758361   } 
   potential_energy { -5.846994462640273   } 
   potential_energyvar { 1.895325241772561   } 
   nonlocal_energy { 0.6748862514778945   } 
   nonlocal_energyvar { 2.359080727890975   } 
   autocorr_energy { } 
} 

block { 
   label dmc
   totweight 2560000
   nautocorr 0
   total_energy { -3.75929821544854   } 
   total_energyvar { 0.01730115159239354   } 
   weight { 0.9999480115835245   } 
   weightvar { 0.0966492429793121   } 
   kinetic_energy { 1.411310756253687   } 
   kinetic_energyvar { 0.9782238207617413   } 
   potential_energy { -5.816944083863811   } 
   potential_energyvar { 1.821627841729558   } 
   nonlocal_energy { 0.6463351121615848   } 
   nonlocal_energyvar { 2.177352633133723   } 
   autocorr_energy { } 
} 

block { 
   label dmc
   totweight 2560000
   nautocorr 0
   total_energy { -3.761211520686518   } 
   total_energyvar { 0.01827522642338941   } 
   weight { 1.000884113922925   } 
   weightvar { 0.09673987347428303   } 
   kinetic_energy { 1.412987160295353   } 
   kinetic_energyvar { 0.9665872022817117   } 
   potential_energy { -5.817263752462596   } 
   potential_energyvar { 1.79373223216097   } 
   nonlocal_energy { 0.6430650714807254   } 
   nonlocal_energyvar { 2.140597790701359   } 
   autocorr_energy { } 
} 

block { 
   label dmc
   totweight 2560000
   nautocorr 0
   total_energy { -3.761077059756825   } 
   total_energyvar { 0.01707570863077201   } 
   weight { 1.001550395114307   } 
   weightvar { 0.09657866799221382   } 
   kinetic_energy { 1.426164819656484   } 
   kinetic_energyvar { 0.9974757462739476   } 
   potential_energy { -5.826271896248505   } 
   potential_energyvar { 1.764678185282598   } 
   nonlocal_energy { 0.6390300168351956   } 
   nonlocal_energyvar { 2.136689293648719   } 
   autocorr_energy { } 
} 

block { 
   label dmc
   totweight 2560000
   nautocorr 0
   total_energy { -3.758797051699604   } 
   total_energyvar { 0.01742680873067748   } 
   weight { 1.00080800025369   } 
   weightvar { 0.09630354097864013   } 
   kinetic_energy { 1.438290360446041   } 
   kinetic_energyvar { 0.98679126428231   } 
   potential_energy { -5.849390583625056   } 
   potential_energyvar { 1.787821914360052   } 
   nonlocal_energy { 0.6523031714794116   } 
   nonlocal_energyvar { 2.161813837702063   } 
   autocorr_energy { } 
} 

block { 
   label dmc
   totweight 2560000
   nautocorr 0
   total_energy { -3.759281963222389   } 
   total_energyvar { 0.01734222538314079   } 
   weight { 1.000059047811301   } 
   weightvar { 0.09509282429681076   } 
   kinetic_energy { 1.432751476983343   } 
   kinetic_energyvar { 0.9324461620008333   } 
   potential_energy { -5.839060537338574   } 
   potential_energyvar { 1.782776129241334   } 
   nonlocal_energy { 0.6470270971328425   } 
   nonlocal_energyvar { 2.02201082344475   } 
   autocorr_energy { } 
} 

block { 
   label dmc
   totweight 2560000
   nautocorr 0
   total_energy { -3.759333707064794   } 
   total_energyvar { 0.0180939034329004   } 
   weight { 1.000201182625488   } 
   weightvar { 0.09463891262434454   } 
   kinetic_energy { 1.43463899220084   } 
   kinetic_energyvar { 0.9617926369689167   } 
   potential_energy { -5.842705972822002   } 
   potential_energyvar { 1.805398545487755   } 
   nonlocal_energy { 0.6487332735563686   } 
   nonlocal_energyvar { 2.142675139943397   } 
   autocorr_energy { } 
} 

block { 
   label dmc
   totweight 2560000
   nautocorr 0
   total_energy { -3.759734993580443   } 
   total_energyvar { 0.01740028594459098   } 
   weight { 1.000312153254712   } 
   weightvar { 0.09441885665609195   } 
   kinetic_energy { 1.440949977779176   } 
   kinetic_energyvar { 0.9665770472919095   } 
   potential_energy { -5.849097604877914   } 
   potential_energyvar { 1.800378333870633   } 
   nonlocal_energy { 0.6484126335182957   } 
   nonlocal_energyvar { 2.135676675581379   } 
   autocorr_energy { } 
} 

block { 
   label dmc
   totweight 2560000
   nautocorr 0
   total_energy { -3.759559189014005   } 
   total_energyvar { 0.01767138446236594   } 
   weight { 1.000137096829488   } 
   weightvar { 0.09469666393016185   } 
   kinetic_energy { 1.434868236024863   } 
   kinetic_energyvar { 0.9635112896854992   } 
   potential_energy { -5.844633125604964   } 
   potential_energyvar { 1.769375257265821   } 
   nonlocal_energy { 0.6502057005660965   } 
   nonlocal_energyvar { 2.115903975412166   } 
   autocorr_energy { } 
} 

block { 
   label dmc
   totweight 2560000
   nautocorr 0
   total_energy { -3.759658229632224   } 
   total_energyvar { 0.01837759588697097   } 
   weight { 1.000312537373651   } 
   weightvar { 0.09312210046373237   } 
   kinetic_energy { 1.424110084227564   } 
   kinetic_energyvar { 0.9593283523109544   } 
   potential_energy { -5.841518399261231   } 
   potential_energyvar { 1.790484898061756   } 
   nonlocal_energy { 0.6577500854014426   } 
   nonlocal_energyvar { 2.149001717696905   } 
   autocorr_energy { } 
} 

block { 
   label dmc
   totweight 2560000
   nautocorr 0
   total_energy { -3.759716591732351   } 
   total_energyvar { 0.01875732921771878   } 
   weight { 1.000463345874921   } 
   weightvar { 0.09299966749809152   } 
   kinetic_energy { 1.420385832509528   } 
   kinetic_energyvar { 1.019511960406021   } 
   potential_energy { -5.852232398843964   } 
   potential_energyvar { 1.827351044857096   } 
   nonlocal_energy { 0.6721299746020833   } 
   nonlocal_energyvar { 2.290298553267526   } 
   autocorr_energy { } 
} 

block { 
   label dmc
   totweight 2560000
   nautocorr 0
   total_energy { -3.758508624980474   } 
   total_energyvar { 0.01751287691524972   } 
   weight { 1.000074251070951   } 
   weightvar { 0.093436657575235   } 
   kinetic_energy { 1.416241618717662   } 
   kinetic_energyvar { 0.9985714855869219   } 
   potential_energy { -5.819789259041571   } 
   potential_energyvar { 1.807194638103013   } 
   nonlocal_energy { 0.6450390153434341   } 
   nonlocal_energyvar { 2.218948344489809   } 
   autocorr_energy { } 
} 

block { 
   label dmc
   totweight 2560000
   nautocorr 0
   total_energy { -3.758500556127697   } 
   total_energyvar { 0.01787172984550622   } 
   weight { 0.9993190005125314   } 
   weightvar { 0.09233156481023075   } 
   kinetic_energy { 1.410396145662418   } 
   kinetic_energyvar { 1.030162754276341   } 
   potential_energy { -5.817096587941351   } 
   potential_energyvar { 1.798396594210551   } 
   nonlocal_energy { 0.6481998861512359   } 
   nonlocal_energyvar { 2.252455840221245   } 
   autocorr_energy { } 
} 

block { 
   label dmc
   totweight 2560000
   nautocorr 0
   total_energy { -3.758533939694706   } 
   total_energyvar { 0.01824788610738715   } 
   weight { 0.9992957692889548   } 
   weightvar { 0.0920121087703496   } 
   kinetic_energy { 1.414525274101675   } 
   kinetic_energyvar { 0.9832334855637661   } 
   potential_energy { -5.830289216080928   } 
   potential_energyvar { 1.852746352776343   } 
   nonlocal_energy { 0.6572300022845466   } 
   nonlocal_energyvar { 2.22809101315483   } 
   autocorr_energy { } 
} 

block { 
   label dmc
   totweight 2560000
   nautocorr 0
   total_energy { -3.758404148228074   } 
   total_energyvar { 0.01718130053862055   } 
   weight { 0.9991224959323189   } 
   weightvar { 0.09109451892180442   } 
   kinetic_energy { 1.422167490386495   } 
   kinetic_energyvar { 0.9705496067973498   } 
   potential_energy { -5.820373145504819   } 
   potential_energyvar { 1.779647735509663   } 
   nonlocal_energy { 0.6398015068902496   } 
   nonlocal_energyvar { 2.119551593989704   } 
   autocorr_energy { } 
} 

block { 
   label dmc
   totweight 2560000
   nautocorr 0
   total_energy { -3.758945870885211   } 
   total_energyvar { 0.01877898760919905   } 
   weight { 0.9995388108634415   } 
   weightvar { 0.09192906067052209   } 
   kinetic_energy { 1.421895899472075   } 
   kinetic_energyvar { 0.9720061596177798   } 
   potential_energy { -5.835602937403943   } 
   potential_energyvar { 1.788040079995731   } 
   nonlocal_energy { 0.6547611670466567   } 
   nonlocal_energyvar { 2.177522362567984   } 
   autocorr_energy { } 
} 

block { 
   label dmc
   totweight 2560000
   nautocorr 0
   total_energy { -3.760473502079905   } 
   total_energyvar { 0.01913539871322811   } 
   weight { 1.00008025897418   } 
   weightvar { 0.09152404728626573   } 
   kinetic_energy { 1.433045644553537   } 
   kinetic_energyvar { 0.9971973812778385   } 
   potential_energy { -5.849505461634102   } 
   potential_energyvar { 1.811974729590716   } 
   nonlocal_energy { 0.6559863150006594   } 
   nonlocal_energyvar { 2.20971135486899   } 
   autocorr_energy { } 
} 

block { 
   label dmc
   totweight 2560000
   nautocorr 0
   total_energy { -3.758887578353446   } 
   total_energyvar { 0.01847221257698273   } 
   weight { 1.000162734703893   } 
   weightvar { 0.092079104765874   } 
   kinetic_energy { 1.419435050191841   } 
   kinetic_energyvar { 0.9951943184688696   } 
   potential_energy { -5.831575389484008   } 
   potential_energyvar { 1.807780325974889   } 
   nonlocal_energy { 0.6532527609387214   } 
   nonlocal_energyvar { 2.197246521688523   } 
   autocorr_energy { } 
} 

block { 
   label dmc
   totweight 2560000
   nautocorr 0
   total_energy { -3.760332962185385   } 
   total_energyvar { 0.01855548557076325   } 
   weight { 1.000432259786445   } 
   weightvar { 0.09183743088252561   } 
   kinetic_energy { 1.415420751670699   } 
   kinetic_energyvar { 1.0239683109954   } 
   potential_energy { -5.841474707959272   } 
   potential_energyvar { 1.85982150654354   } 
   nonlocal_energy { 0.6657209941031886   } 
   nonlocal_energyvar { 2.29398435481203   } 
   autocorr_energy { } 
} 

block { 
   label dmc
   totweight 2560000
   nautocorr 0
   total_energy { -3.758976837402948   } 
   total_energyvar { 0.01828547886321807   } 
   weight { 1.00042141020372   } 
   weightvar { 0.09154383991249682   } 
   kinetic_energy { 1.432184639905173   } 
   kinetic_energyvar { 0.9906674835556699   } 
   potential_energy { -5.846977827492683   } 
   potential_energyvar { 1.805626723736275   } 
   nonlocal_energy { 0.6558163501845626   } 
   nonlocal_energyvar { 2.158314936447897   } 
   autocorr_energy { } 
} 

block { 
   label dmc
   totweight 2560000
   nautocorr 0
   total_energy { -3.759078238748803   } 
   total_energyvar { 0.0189739884502842   } 
   weight { 0.9997362527260182   } 
   weightvar { 0.0931128483085597   } 
   kinetic_energy { 1.432452538663672   } 
   kinetic_energyvar { 1.022643065485557   } 
   potential_energy { -5.863365317379608   } 
   potential_energyvar { 1.825314090796979   } 
   nonlocal_energy { 0.6718345399671328   } 
   nonlocal_energyvar { 2.262367640971685   } 
   autocorr_energy { } 
} 

block { 
   label dmc
   totweight 2560000
   nautocorr 0
   total_energy { -3.760244986215675   } 
   total_energyvar { 0.01801133547304801   } 
   weight { 1.000131876180568   } 
   weightvar { 0.09391485785600473   } 
   kinetic_energy { 1.434428595485514   } 
   kinetic_energyvar { 1.010908105340862   } 
   potential_energy { -5.860890501819672   } 
   potential_energyvar { 1.846209944081835   } 
   nonlocal_energy { 0.6662169201184829   } 
   nonlocal_energyvar { 2.322990688120212   } 
   autocorr_energy { } 
} 

block { 
   label dmc
   totweight 2560000
   nautocorr 0
   total_energy { -3.76033982785906   } 
   total_energyvar { 0.01882063489902031   } 
   weight { 1.000601767140426   } 
   weightvar { 0.09416379829058652   } 
   kinetic_energy { 1.4251158012152   } 
   kinetic_energyvar { 0.9880381846666046   } 
   potential_energy { -5.865529438224336   } 
   potential_energyvar { 1.820223894991507   } 
   nonlocal_energy { 0.6800738091500773   } 
   nonlocal_energyvar { 2.282050372174047   } 
   autocorr_energy { } 
} 

block { 
   label dmc
   totweight 2560000
   nautocorr 0
   total_energy { -3.759053841149363   } 
   total_energyvar { 0.01865216713445328   } 
   weight { 1.000299588995272   } 
   weightvar { 0.09387065909589642   } 
   kinetic_energy { 1.421517070723097   } 
   kinetic_energyvar { 1.023636595703192   } 
   potential_energy { -5.83838601508026   } 
   potential_energyvar { 1.875054052550041   } 
   nonlocal_energy { 0.6578151032078002   } 
   nonlocal_energyvar { 2.353809259528439   } 
   autocorr_energy { } 
} 

block { 
   label dmc
   totweight 2560000
   nautocorr 0
   total_energy { -3.758564747927837   } 
   total_energyvar { 0.01803781250621483   } 
   weight { 0.9997412105857703   } 
   weightvar { 0.09371873669947428   } 
   kinetic_energy { 1.415070653513424   } 
   kinetic_energyvar { 1.0399198151786   } 
   potential_energy { -5.831349794901072   } 
   potential_energyvar { 1.833063213421028   } 
   nonlocal_energy { 0.6577143934598102   } 
   nonlocal_energyvar { 2.286189263263964   } 
   autocorr_energy { } 
} 

block { 
   label dmc
   totweight 2560000
   nautocorr 0
   total_energy { -3.75871855904144   } 
   total_energyvar { 0.01853515758234714   } 
   weight { 0.9996429863969377   } 
   weightvar { 0.09339729921818163   } 
   kinetic_energy { 1.425229172610029   } 
   kinetic_energyvar { 1.001130264157824   } 
   potential_energy { -5.849157664391723   } 
   potential_energyvar { 1.865509178000245   } 
   nonlocal_energy { 0.6652099327402544   } 
   nonlocal_energyvar { 2.244257997378917   } 
   autocorr_energy { } 
} 

block { 
   label dmc
   totweight 2560000
   nautocorr 0
   total_energy { -3.759197021116156   } 
   total_energyvar { 0.01834687875154017   } 
   weight { 0.9995247149800005   } 
   weightvar { 0.09392509542102689   } 
   kinetic_energy { 1.4164581468882   } 
   kinetic_energyvar { 0.9814289028379486   } 
   potential_energy { -5.832822277451373   } 
   potential_energyvar { 1.818087970768524   } 
   nonlocal_energy { 0.6571671094470172   } 
   nonlocal_energyvar { 2.189561245907556   } 
   autocorr_energy { } 
} 

block { 
   label dmc
   totweight 2560000
   nautocorr 0
   total_energy { -3.758800401755375   } 
   total_energyvar { 0.01839946686050986   } 
   weight { 0.9995436768725523   } 
   weightvar { 0.09555995237235448   } 
   kinetic_energy { 1.419430704940896   } 
   kinetic_energyvar { 1.064176093939897   } 
   potential_energy { -5.831525991347079   } 
   potential_energyvar { 1.827392409386349   } 
   nonlocal_energy { 0.6532948846508077   } 
   nonlocal_energyvar { 2.331879438823979   } 
   autocorr_energy { } 
} 

block { 
   label dmc
   totweight 2560000
   nautocorr 0
   total_energy { -3.757644376447682   } 
   total_energyvar { 0.0173107217940327   } 
   weight { 0.9991189136215759   } 
   weightvar { 0.09589146533158333   } 
   kinetic_energy { 1.41559654034418   } 
   kinetic_energyvar { 0.9764500462590648   } 
   potential_energy { -5.819216645543431   } 
   potential_energyvar { 1.820583978554602   } 
   nonlocal_energy { 0.6459757287515708   } 
   nonlocal_energyvar { 2.128544245925016   } 
   autocorr_energy { } 
} 

block { 
   label dmc
   totweight 2560000
   nautocorr 0
   total_energy { -3.760019464224126   } 
   total_energyvar { 0.01815837340030235   } 
   weight { 0.9993836993889725   } 
   weightvar { 0.09612669249570294   } 
   kinetic_energy { 1.41535532846944   } 
   kinetic_energyvar { 1.002708247672074   } 
   potential_energy { -5.831750232866269   } 
   potential_energyvar { 1.828752663222758   } 
   nonlocal_energy { 0.6563754401727031   } 
   nonlocal_energyvar { 2.25787381669523   } 
   autocorr_energy { } 
} 

block { 
   label dmc
   totweight 2560000
   nautocorr 0
   total_energy { -3.758159409245805   } 
   total_energyvar { 0.0189259512938289   } 
   weight { 0.9996832767118058   } 
   weightvar { 0.09545733822402214   } 
   kinetic_energy { 1.402060778581956   } 
   kinetic_energyvar { 1.034704712654614   } 
   potential_energy { -5.821864041578928   } 
   potential_energyvar { 1.833268634628006   } 
   nonlocal_energy { 0.661643853751166   } 
   nonlocal_energyvar { 2.372749230755102   } 
   autocorr_energy { } 
} 

