 Creating directory mrcc_45307
 Creating directory mrcc_42012
slurmstepd: error: *** STEP 16347488.1 ON nid00497 CANCELLED AT 2018-11-16T00:33:46 DUE TO TIME LIMIT ***
Received signal 15 Terminated
forrtl: error (78): process killed (SIGTERM)
Image              PC                Routine            Line        Source             
dmrcc              00000000004C172E  Unknown               Unknown  Unknown
libpthread-2.22.s  00002AAAAFECFC10  Unknown               Unknown  Unknown
libc-2.22.so       00002AAAB0494E28  waitpid               Unknown  Unknown
libc-2.22.so       00002AAAB0419D3B  Unknown               Unknown  Unknown
dmrcc              00000000004B204D  Unknown               Unknown  Unknown
dmrcc              000000000048FA89  Unknown               Unknown  Unknown
dmrcc              0000000000409D2B  Unknown               Unknown  Unknown
dmrcc              0000000000416FAE  Unknown               Unknown  Unknown
dmrcc              00000000004094FA  Unknown               Unknown  Unknown
dmrcc              0000000000403FC0  Unknown               Unknown  Unknown
dmrcc              000000000040375E  Unknown               Unknown  Unknown
libc-2.22.so       00002AAAB03F9725  __libc_start_main     Unknown  Unknown
dmrcc              0000000000403669  Unknown               Unknown  Unknown
forrtl: error (78): process killed (SIGTERM)
Image              PC                Routine            Line        Source             
mrcc               000000000052504E  Unknown               Unknown  Unknown
libpthread-2.22.s  00002AAAAFECFC10  Unknown               Unknown  Unknown
mrcc               00000000004CE40C  Unknown               Unknown  Unknown
mrcc               00000000004C7B15  Unknown               Unknown  Unknown
mrcc               00000000004C504E  Unknown               Unknown  Unknown
mrcc               00000000004C4BF1  Unknown               Unknown  Unknown
mrcc               00000000004C4BF1  Unknown               Unknown  Unknown
mrcc               00000000004C4BF1  Unknown               Unknown  Unknown
mrcc               00000000004C4BF1  Unknown               Unknown  Unknown
mrcc               00000000004C4BF1  Unknown               Unknown  Unknown
mrcc               00000000004C4BF1  Unknown               Unknown  Unknown
srun: got SIGCONT
mrcc               00000000004C4BF1  Unknown               Unknown  Unknown
mrcc               00000000004C4BF1  Unknown               Unknown  Unknown
mrcc               00000000004C4BF1  Unknown               Unknown  Unknown
mrcc               00000000004C4BF1  Unknown               Unknown  Unknown
mrcc               00000000004C4BF1  Unknown               Unknown  Unknown
mrcc               00000000004C4BF1  Unknown               Unknown  Unknown
mrcc               00000000004C4BF1  Unknown               Unknown  Unknown
mrcc               00000000004C4BF1  Unknown               Unknown  Unknown

Stack trace terminated abnormally.
srun: forcing job termination
