#-------------------------------------------------
#VMC run: timestep 2.5 nconfig 6400 steps 100
#-------------------------------------------------


init { 
   label VMC_1
}
block { 
   label VMC_1
   totweight 640000
   nautocorr 0
   total_energy { -15.85407126614769   } 
   total_energyvar { 0.1852011878413009   } 
   weight { 1   } 
   weightvar { 0   } 
   kinetic_energy { 12.10401777283082   } 
   kinetic_energyvar { 61.44070277423978   } 
   potential_energy { -29.04110121301638   } 
   potential_energyvar { 63.23575143263849   } 
   nonlocal_energy { 1.083012174037861   } 
   nonlocal_energyvar { 25.12724791731561   } 
   autocorr_energy { } 
} 

block { 
   label VMC_1
   totweight 640000
   nautocorr 0
   total_energy { -15.85311943405064   } 
   total_energyvar { 0.1885752929159139   } 
   weight { 1   } 
   weightvar { 0   } 
   kinetic_energy { 12.10102413826154   } 
   kinetic_energyvar { 61.61554226120316   } 
   potential_energy { -29.01578865130742   } 
   potential_energyvar { 62.56013574450685   } 
   nonlocal_energy { 1.061645078995241   } 
   nonlocal_energyvar { 25.40192766856714   } 
   autocorr_energy { } 
} 

block { 
   label VMC_1
   totweight 640000
   nautocorr 0
   total_energy { -15.85355729672073   } 
   total_energyvar { 0.1807098520931731   } 
   weight { 1   } 
   weightvar { 0   } 
   kinetic_energy { 12.13872626862553   } 
   kinetic_energyvar { 59.78728756176486   } 
   potential_energy { -29.06217552361232   } 
   potential_energyvar { 62.8711909418663   } 
   nonlocal_energy { 1.069891958266053   } 
   nonlocal_energyvar { 23.50031533043609   } 
   autocorr_energy { } 
} 

block { 
   label VMC_1
   totweight 640000
   nautocorr 0
   total_energy { -15.85239100526804   } 
   total_energyvar { 0.1869008226395863   } 
   weight { 1   } 
   weightvar { 0   } 
   kinetic_energy { 12.08668284984042   } 
   kinetic_energyvar { 62.18871189507317   } 
   potential_energy { -29.00641694053688   } 
   potential_energyvar { 62.89581669995891   } 
   nonlocal_energy { 1.067343085428425   } 
   nonlocal_energyvar { 25.25770734996133   } 
   autocorr_energy { } 
} 

block { 
   label VMC_1
   totweight 640000
   nautocorr 0
   total_energy { -15.8543955224522   } 
   total_energyvar { 0.1808834614094224   } 
   weight { 1   } 
   weightvar { 0   } 
   kinetic_energy { 12.12921107770142   } 
   kinetic_energyvar { 60.50275268727435   } 
   potential_energy { -29.03707972456874   } 
   potential_energyvar { 62.26939672097251   } 
   nonlocal_energy { 1.053473124415124   } 
   nonlocal_energyvar { 23.73390613305954   } 
   autocorr_energy { } 
} 

block { 
   label VMC_1
   totweight 640000
   nautocorr 0
   total_energy { -15.85426247446887   } 
   total_energyvar { 0.189962836027405   } 
   weight { 1   } 
   weightvar { 0   } 
   kinetic_energy { 12.09280549482512   } 
   kinetic_energyvar { 61.81986750740728   } 
   potential_energy { -29.02032098420109   } 
   potential_energyvar { 62.56401863985957   } 
   nonlocal_energy { 1.073253014907098   } 
   nonlocal_energyvar { 26.32205770281129   } 
   autocorr_energy { } 
} 

block { 
   label VMC_1
   totweight 640000
   nautocorr 0
   total_energy { -15.8523171362781   } 
   total_energyvar { 0.1798544634012842   } 
   weight { 1   } 
   weightvar { 0   } 
   kinetic_energy { 12.12942930073713   } 
   kinetic_energyvar { 60.77356601880672   } 
   potential_energy { -29.05763756653051   } 
   potential_energyvar { 63.30285057140941   } 
   nonlocal_energy { 1.075891129515271   } 
   nonlocal_energyvar { 23.71314990716744   } 
   autocorr_energy { } 
} 

block { 
   label VMC_1
   totweight 640000
   nautocorr 0
   total_energy { -15.85160161544853   } 
   total_energyvar { 0.1960827179752016   } 
   weight { 1   } 
   weightvar { 0   } 
   kinetic_energy { 12.1557172320977   } 
   kinetic_energyvar { 61.50632819701673   } 
   potential_energy { -29.09436432299341   } 
   potential_energyvar { 64.63064578001149   } 
   nonlocal_energy { 1.087045475447182   } 
   nonlocal_energyvar { 24.68677134690121   } 
   autocorr_energy { } 
} 

block { 
   label VMC_1
   totweight 640000
   nautocorr 0
   total_energy { -15.85167910930402   } 
   total_energyvar { 0.1816966140690681   } 
   weight { 1   } 
   weightvar { 0   } 
   kinetic_energy { 12.06509686502253   } 
   kinetic_energyvar { 58.07334481183707   } 
   potential_energy { -28.9626526141355   } 
   potential_energyvar { 59.99679358972094   } 
   nonlocal_energy { 1.045876639808946   } 
   nonlocal_energyvar { 22.56763502263931   } 
   autocorr_energy { } 
} 

block { 
   label VMC_1
   totweight 640000
   nautocorr 0
   total_energy { -15.85395515604196   } 
   total_energyvar { 0.1838364948533524   } 
   weight { 1   } 
   weightvar { 0   } 
   kinetic_energy { 12.13845565758496   } 
   kinetic_energyvar { 60.9038224535233   } 
   potential_energy { -29.08491345813738   } 
   potential_energyvar { 63.81646048518621   } 
   nonlocal_energy { 1.092502644510462   } 
   nonlocal_energyvar { 24.64071767559318   } 
   autocorr_energy { } 
} 

block { 
   label VMC_1
   totweight 640000
   nautocorr 0
   total_energy { -15.85301570210468   } 
   total_energyvar { 0.1833001522300037   } 
   weight { 1   } 
   weightvar { 0   } 
   kinetic_energy { 12.14788621387585   } 
   kinetic_energyvar { 60.32261811874531   } 
   potential_energy { -29.0675598174331   } 
   potential_energyvar { 63.3220490178096   } 
   nonlocal_energy { 1.066657901452576   } 
   nonlocal_energyvar { 24.92882401292194   } 
   autocorr_energy { } 
} 

block { 
   label VMC_1
   totweight 640000
   nautocorr 0
   total_energy { -15.85416378111172   } 
   total_energyvar { 0.1776353568226909   } 
   weight { 1   } 
   weightvar { 0   } 
   kinetic_energy { 12.13615894097109   } 
   kinetic_energyvar { 59.72810865443569   } 
   potential_energy { -29.05642960392774   } 
   potential_energyvar { 64.16110293612951   } 
   nonlocal_energy { 1.066106881844926   } 
   nonlocal_energyvar { 25.17854802046241   } 
   autocorr_energy { } 
} 

block { 
   label VMC_1
   totweight 640000
   nautocorr 0
   total_energy { -15.85301364542664   } 
   total_energyvar { 0.1814990019999243   } 
   weight { 1   } 
   weightvar { 0   } 
   kinetic_energy { 12.17088576977069   } 
   kinetic_energyvar { 61.96995120342658   } 
   potential_energy { -29.09926188373993   } 
   potential_energyvar { 65.58126917644529   } 
   nonlocal_energy { 1.07536246854261   } 
   nonlocal_energyvar { 25.38617281364661   } 
   autocorr_energy { } 
} 

block { 
   label VMC_1
   totweight 640000
   nautocorr 0
   total_energy { -15.85233394970432   } 
   total_energyvar { 0.182843002835881   } 
   weight { 1   } 
   weightvar { 0   } 
   kinetic_energy { 12.06188363563141   } 
   kinetic_energyvar { 60.68418211249926   } 
   potential_energy { -28.96202063110166   } 
   potential_energyvar { 62.72688775189067   } 
   nonlocal_energy { 1.047803045765927   } 
   nonlocal_energyvar { 24.00628198471464   } 
   autocorr_energy { } 
} 

block { 
   label VMC_1
   totweight 640000
   nautocorr 0
   total_energy { -15.85492981845012   } 
   total_energyvar { 0.1854529041384296   } 
   weight { 1   } 
   weightvar { 0   } 
   kinetic_energy { 12.11234794669611   } 
   kinetic_energyvar { 60.51212009691119   } 
   potential_energy { -29.03367922513773   } 
   potential_energyvar { 62.01967959335911   } 
   nonlocal_energy { 1.066401459991506   } 
   nonlocal_energyvar { 24.86040967250754   } 
   autocorr_energy { } 
} 

block { 
   label VMC_1
   totweight 640000
   nautocorr 0
   total_energy { -15.85201790388595   } 
   total_energyvar { 0.1801297830118358   } 
   weight { 1   } 
   weightvar { 0   } 
   kinetic_energy { 12.12166850860413   } 
   kinetic_energyvar { 63.53982547947882   } 
   potential_energy { -29.02312799260985   } 
   potential_energyvar { 63.1494200864862   } 
   nonlocal_energy { 1.049441580119775   } 
   nonlocal_energyvar { 27.00659761949818   } 
   autocorr_energy { } 
} 

block { 
   label VMC_1
   totweight 640000
   nautocorr 0
   total_energy { -15.85165320624809   } 
   total_energyvar { 0.1781150513096748   } 
   weight { 1   } 
   weightvar { 0   } 
   kinetic_energy { 12.10030313378179   } 
   kinetic_energyvar { 59.14885433752843   } 
   potential_energy { -29.0199217260682   } 
   potential_energyvar { 62.69032015889798   } 
   nonlocal_energy { 1.067965386038324   } 
   nonlocal_energyvar { 22.56712213518555   } 
   autocorr_energy { } 
} 

block { 
   label VMC_1
   totweight 640000
   nautocorr 0
   total_energy { -15.85257795751014   } 
   total_energyvar { 0.1805151166075234   } 
   weight { 1   } 
   weightvar { 0   } 
   kinetic_energy { 12.16842182162014   } 
   kinetic_energyvar { 61.56832338264545   } 
   potential_energy { -29.08750603697973   } 
   potential_energyvar { 63.390632657418   } 
   nonlocal_energy { 1.066506257849449   } 
   nonlocal_energyvar { 23.71886603242837   } 
   autocorr_energy { } 
} 

block { 
   label VMC_1
   totweight 640000
   nautocorr 0
   total_energy { -15.85364479294088   } 
   total_energyvar { 0.1878406299215385   } 
   weight { 1   } 
   weightvar { 0   } 
   kinetic_energy { 12.10807464652898   } 
   kinetic_energyvar { 60.91048751975347   } 
   potential_energy { -29.01417955089501   } 
   potential_energyvar { 61.23739608085987   } 
   nonlocal_energy { 1.052460111425144   } 
   nonlocal_energyvar { 24.22928247430879   } 
   autocorr_energy { } 
} 

block { 
   label VMC_1
   totweight 640000
   nautocorr 0
   total_energy { -15.85396860708343   } 
   total_energyvar { 0.1861284298456098   } 
   weight { 1   } 
   weightvar { 0   } 
   kinetic_energy { 12.11220347697014   } 
   kinetic_energyvar { 59.95108907456807   } 
   potential_energy { -29.06315917345606   } 
   potential_energyvar { 66.80388858514152   } 
   nonlocal_energy { 1.096987089402482   } 
   nonlocal_energyvar { 26.56360347151261   } 
   autocorr_energy { } 
} 

block { 
   label VMC_1
   totweight 640000
   nautocorr 0
   total_energy { -15.85321652190369   } 
   total_energyvar { 0.1835070783276933   } 
   weight { 1   } 
   weightvar { 0   } 
   kinetic_energy { 12.17495252820173   } 
   kinetic_energyvar { 64.2110990474402   } 
   potential_energy { -29.08708234245278   } 
   potential_energyvar { 65.355672524699   } 
   nonlocal_energy { 1.058913292347361   } 
   nonlocal_energyvar { 27.41840566546464   } 
   autocorr_energy { } 
} 

block { 
   label VMC_1
   totweight 640000
   nautocorr 0
   total_energy { -15.85365948982397   } 
   total_energyvar { 0.1765632100884886   } 
   weight { 1   } 
   weightvar { 0   } 
   kinetic_energy { 12.14807250319457   } 
   kinetic_energyvar { 60.01023381186528   } 
   potential_energy { -29.04955278015374   } 
   potential_energyvar { 61.45156506138335   } 
   nonlocal_energy { 1.047820787135186   } 
   nonlocal_energyvar { 23.03966517714327   } 
   autocorr_energy { } 
} 

block { 
   label VMC_1
   totweight 640000
   nautocorr 0
   total_energy { -15.85285278055266   } 
   total_energyvar { 0.1999296335775398   } 
   weight { 1   } 
   weightvar { 0   } 
   kinetic_energy { 12.07474749362242   } 
   kinetic_energyvar { 60.39010878713901   } 
   potential_energy { -28.95520916063938   } 
   potential_energyvar { 60.69616142249151   } 
   nonlocal_energy { 1.027608886464295   } 
   nonlocal_energyvar { 23.32221452997845   } 
   autocorr_energy { } 
} 

block { 
   label VMC_1
   totweight 640000
   nautocorr 0
   total_energy { -15.85439667758753   } 
   total_energyvar { 0.1827660032055007   } 
   weight { 1   } 
   weightvar { 0   } 
   kinetic_energy { 12.11617151212658   } 
   kinetic_energyvar { 60.7031447367531   } 
   potential_energy { -29.0257372137612   } 
   potential_energyvar { 62.06810433889575   } 
   nonlocal_energy { 1.055169024047088   } 
   nonlocal_energyvar { 23.73742838606155   } 
   autocorr_energy { } 
} 

block { 
   label VMC_1
   totweight 640000
   nautocorr 0
   total_energy { -15.85418072014332   } 
   total_energyvar { 0.18244686129961   } 
   weight { 1   } 
   weightvar { 0   } 
   kinetic_energy { 12.13410727621212   } 
   kinetic_energyvar { 59.63620577915424   } 
   potential_energy { -29.05992772211789   } 
   potential_energyvar { 63.50715746732271   } 
   nonlocal_energy { 1.071639725762449   } 
   nonlocal_energyvar { 23.73597180834916   } 
   autocorr_energy { } 
} 

block { 
   label VMC_1
   totweight 640000
   nautocorr 0
   total_energy { -15.85266610785419   } 
   total_energyvar { 0.1832520908765787   } 
   weight { 1   } 
   weightvar { 0   } 
   kinetic_energy { 12.11512767864725   } 
   kinetic_energyvar { 60.26611456667155   } 
   potential_energy { -29.0332236410993   } 
   potential_energyvar { 62.19498368892334   } 
   nonlocal_energy { 1.065429854597857   } 
   nonlocal_energyvar { 24.26363430940663   } 
   autocorr_energy { } 
} 

block { 
   label VMC_1
   totweight 640000
   nautocorr 0
   total_energy { -15.85422373247503   } 
   total_energyvar { 0.1808036788706318   } 
   weight { 1   } 
   weightvar { 0   } 
   kinetic_energy { 12.08728667004797   } 
   kinetic_energyvar { 59.43010136520746   } 
   potential_energy { -29.00355137083898   } 
   potential_energyvar { 61.80621711494803   } 
   nonlocal_energy { 1.062040968315985   } 
   nonlocal_energyvar { 23.31459495710007   } 
   autocorr_energy { } 
} 

block { 
   label VMC_1
   totweight 640000
   nautocorr 0
   total_energy { -15.85257653938127   } 
   total_energyvar { 0.1813369200880857   } 
   weight { 1   } 
   weightvar { 0   } 
   kinetic_energy { 12.08763351081491   } 
   kinetic_energyvar { 60.7675059781557   } 
   potential_energy { -29.00070418620381   } 
   potential_energyvar { 62.88975409390889   } 
   nonlocal_energy { 1.060494136007628   } 
   nonlocal_energyvar { 25.04481831398969   } 
   autocorr_energy { } 
} 

block { 
   label VMC_1
   totweight 640000
   nautocorr 0
   total_energy { -15.85379361091604   } 
   total_energyvar { 0.1848216489781862   } 
   weight { 1   } 
   weightvar { 0   } 
   kinetic_energy { 12.08591249790076   } 
   kinetic_energyvar { 61.26932426069922   } 
   potential_energy { -28.99611140043656   } 
   potential_energyvar { 66.95362410775283   } 
   nonlocal_energy { 1.05640529161976   } 
   nonlocal_energyvar { 28.19612841524362   } 
   autocorr_energy { } 
} 

block { 
   label VMC_1
   totweight 640000
   nautocorr 0
   total_energy { -15.85262562767816   } 
   total_energyvar { 0.1859129892452529   } 
   weight { 1   } 
   weightvar { 0   } 
   kinetic_energy { 12.07544232504817   } 
   kinetic_energyvar { 60.44829094276909   } 
   potential_energy { -28.98999297852765   } 
   potential_energyvar { 63.66971450270444   } 
   nonlocal_energy { 1.061925025801329   } 
   nonlocal_energyvar { 24.94544705775513   } 
   autocorr_energy { } 
} 

block { 
   label VMC_1
   totweight 640000
   nautocorr 0
   total_energy { -15.85278074361181   } 
   total_energyvar { 0.1820559169782143   } 
   weight { 1   } 
   weightvar { 0   } 
   kinetic_energy { 12.15582913473403   } 
   kinetic_energyvar { 63.63158529618195   } 
   potential_energy { -29.07834694619592   } 
   potential_energyvar { 64.29856488308212   } 
   nonlocal_energy { 1.069737067850082   } 
   nonlocal_energyvar { 25.58537633135454   } 
   autocorr_energy { } 
} 

block { 
   label VMC_1
   totweight 640000
   nautocorr 0
   total_energy { -15.85325725681531   } 
   total_energyvar { 0.1801830400892754   } 
   weight { 1   } 
   weightvar { 0   } 
   kinetic_energy { 12.14102840035576   } 
   kinetic_energyvar { 60.40564947533707   } 
   potential_energy { -29.04796093100666   } 
   potential_energyvar { 63.394933862578   } 
   nonlocal_energy { 1.053675273835593   } 
   nonlocal_energyvar { 22.94559565565379   } 
   autocorr_energy { } 
} 

block { 
   label VMC_1
   totweight 640000
   nautocorr 0
   total_energy { -15.85370058141149   } 
   total_energyvar { 0.1836238425864565   } 
   weight { 1   } 
   weightvar { 0   } 
   kinetic_energy { 12.08881857099034   } 
   kinetic_energyvar { 60.77244273239131   } 
   potential_energy { -29.00307049024718   } 
   potential_energyvar { 62.17358245160722   } 
   nonlocal_energy { 1.060551337845347   } 
   nonlocal_energyvar { 24.28292829582485   } 
   autocorr_energy { } 
} 

block { 
   label VMC_1
   totweight 640000
   nautocorr 0
   total_energy { -15.85385673995281   } 
   total_energyvar { 0.1903221129374799   } 
   weight { 1   } 
   weightvar { 0   } 
   kinetic_energy { 12.12455031140485   } 
   kinetic_energyvar { 62.77402724863427   } 
   potential_energy { -29.02822653052629   } 
   potential_energyvar { 63.25149513363306   } 
   nonlocal_energy { 1.04981947916862   } 
   nonlocal_energyvar { 26.74765626074626   } 
   autocorr_energy { } 
} 

block { 
   label VMC_1
   totweight 640000
   nautocorr 0
   total_energy { -15.85315209287307   } 
   total_energyvar { 0.1776365347413673   } 
   weight { 1   } 
   weightvar { 0   } 
   kinetic_energy { 12.1080545477913   } 
   kinetic_energyvar { 59.60119492574941   } 
   potential_energy { -29.02279512183761   } 
   potential_energyvar { 61.88892340607674   } 
   nonlocal_energy { 1.061588481173239   } 
   nonlocal_energyvar { 22.64283381067762   } 
   autocorr_energy { } 
} 

block { 
   label VMC_1
   totweight 640000
   nautocorr 0
   total_energy { -15.85301911694477   } 
   total_energyvar { 0.191549104121151   } 
   weight { 1   } 
   weightvar { 0   } 
   kinetic_energy { 12.12250832758526   } 
   kinetic_energyvar { 67.63535820963483   } 
   potential_energy { -29.03047043618199   } 
   potential_energyvar { 60.76036661175351   } 
   nonlocal_energy { 1.054942991651949   } 
   nonlocal_energyvar { 30.23869710101032   } 
   autocorr_energy { } 
} 

block { 
   label VMC_1
   totweight 640000
   nautocorr 0
   total_energy { -15.85249271515627   } 
   total_energyvar { 0.1887970466503361   } 
   weight { 1   } 
   weightvar { 0   } 
   kinetic_energy { 12.11342340524661   } 
   kinetic_energyvar { 62.66704277609179   } 
   potential_energy { -29.03768472072202   } 
   potential_energyvar { 64.10838428610475   } 
   nonlocal_energy { 1.071768600319142   } 
   nonlocal_energyvar { 27.05717998075405   } 
   autocorr_energy { } 
} 

block { 
   label VMC_1
   totweight 640000
   nautocorr 0
   total_energy { -15.85364267380923   } 
   total_energyvar { 0.1806518530407288   } 
   weight { 1   } 
   weightvar { 0   } 
   kinetic_energy { 12.07671440224091   } 
   kinetic_energyvar { 59.54472665455404   } 
   potential_energy { -29.0096157171612   } 
   potential_energyvar { 64.81384741420993   } 
   nonlocal_energy { 1.079258641111051   } 
   nonlocal_energyvar { 24.30312202887522   } 
   autocorr_energy { } 
} 

block { 
   label VMC_1
   totweight 640000
   nautocorr 0
   total_energy { -15.85303218076201   } 
   total_energyvar { 0.1780553459554142   } 
   weight { 1   } 
   weightvar { 0   } 
   kinetic_energy { 12.12659862079428   } 
   kinetic_energyvar { 59.74055068713966   } 
   potential_energy { -29.02514170740326   } 
   potential_energyvar { 61.52857782358046   } 
   nonlocal_energy { 1.045510905846961   } 
   nonlocal_energyvar { 22.78498029842352   } 
   autocorr_energy { } 
} 

block { 
   label VMC_1
   totweight 640000
   nautocorr 0
   total_energy { -15.85344841287504   } 
   total_energyvar { 0.1976969694926822   } 
   weight { 1   } 
   weightvar { 0   } 
   kinetic_energy { 12.11073096528616   } 
   kinetic_energyvar { 61.33325285411286   } 
   potential_energy { -29.02409840932021   } 
   potential_energyvar { 62.5557422426084   } 
   nonlocal_energy { 1.059919031159   } 
   nonlocal_energyvar { 24.28506428352469   } 
   autocorr_energy { } 
} 

block { 
   label VMC_1
   totweight 640000
   nautocorr 0
   total_energy { -15.8549570386866   } 
   total_energyvar { 0.1825784622893707   } 
   weight { 1   } 
   weightvar { 0   } 
   kinetic_energy { 12.11068131280733   } 
   kinetic_energyvar { 65.39658307961491   } 
   potential_energy { -29.02455825332059   } 
   potential_energyvar { 62.83599299463549   } 
   nonlocal_energy { 1.058919901826665   } 
   nonlocal_energyvar { 30.21347956844493   } 
   autocorr_energy { } 
} 

block { 
   label VMC_1
   totweight 640000
   nautocorr 0
   total_energy { -15.85303049235047   } 
   total_energyvar { 0.1886293204952665   } 
   weight { 1   } 
   weightvar { 0   } 
   kinetic_energy { 12.12741420635477   } 
   kinetic_energyvar { 61.07030505922697   } 
   potential_energy { -29.04603287569272   } 
   potential_energyvar { 63.48516910929857   } 
   nonlocal_energy { 1.06558817698748   } 
   nonlocal_energyvar { 23.66195536613823   } 
   autocorr_energy { } 
} 

block { 
   label VMC_1
   totweight 640000
   nautocorr 0
   total_energy { -15.85396466850435   } 
   total_energyvar { 0.1816537678594443   } 
   weight { 1   } 
   weightvar { 0   } 
   kinetic_energy { 12.15076930948795   } 
   kinetic_energyvar { 61.84600584466898   } 
   potential_energy { -29.06231279971902   } 
   potential_energyvar { 63.95097294106313   } 
   nonlocal_energy { 1.057578821726727   } 
   nonlocal_energyvar { 24.86428311164956   } 
   autocorr_energy { } 
} 

block { 
   label VMC_1
   totweight 640000
   nautocorr 0
   total_energy { -15.85304493298634   } 
   total_energyvar { 0.2010535331345125   } 
   weight { 1   } 
   weightvar { 0   } 
   kinetic_energy { 12.07337054844447   } 
   kinetic_energyvar { 60.71533386825217   } 
   potential_energy { -28.98460528205617   } 
   potential_energyvar { 63.15343189876796   } 
   nonlocal_energy { 1.058189800625363   } 
   nonlocal_energyvar { 25.39220069753432   } 
   autocorr_energy { } 
} 

block { 
   label VMC_1
   totweight 640000
   nautocorr 0
   total_energy { -15.85410752890147   } 
   total_energyvar { 0.1906056136883194   } 
   weight { 1   } 
   weightvar { 0   } 
   kinetic_energy { 12.11668658828548   } 
   kinetic_energyvar { 60.93696071764506   } 
   potential_energy { -29.03434725432767   } 
   potential_energyvar { 62.55596552598593   } 
   nonlocal_energy { 1.063553137140725   } 
   nonlocal_energyvar { 24.67804099890654   } 
   autocorr_energy { } 
} 

block { 
   label VMC_1
   totweight 640000
   nautocorr 0
   total_energy { -15.85421502302239   } 
   total_energyvar { 0.1854184701257111   } 
   weight { 1   } 
   weightvar { 0   } 
   kinetic_energy { 12.073388951388   } 
   kinetic_energyvar { 58.55103659395493   } 
   potential_energy { -28.9796970378706   } 
   potential_energyvar { 61.74676871541089   } 
   nonlocal_energy { 1.052093063460212   } 
   nonlocal_energyvar { 23.59534766723904   } 
   autocorr_energy { } 
} 

block { 
   label VMC_1
   totweight 640000
   nautocorr 0
   total_energy { -15.85281937753974   } 
   total_energyvar { 0.1936262823744528   } 
   weight { 1   } 
   weightvar { 0   } 
   kinetic_energy { 12.22006597684032   } 
   kinetic_energyvar { 64.44143182012118   } 
   potential_energy { -29.19505660283322   } 
   potential_energyvar { 69.2811249787369   } 
   nonlocal_energy { 1.122171248453158   } 
   nonlocal_energyvar { 29.34707108937613   } 
   autocorr_energy { } 
} 

block { 
   label VMC_1
   totweight 640000
   nautocorr 0
   total_energy { -15.85366093624794   } 
   total_energyvar { 0.1858225828959803   } 
   weight { 1   } 
   weightvar { 0   } 
   kinetic_energy { 12.10128891847794   } 
   kinetic_energyvar { 61.40253367822427   } 
   potential_energy { -29.01309452166672   } 
   potential_energyvar { 61.98694713811676   } 
   nonlocal_energy { 1.058144666940838   } 
   nonlocal_energyvar { 25.12015782155063   } 
   autocorr_energy { } 
} 

block { 
   label VMC_1
   totweight 640000
   nautocorr 0
   total_energy { -15.85429488569719   } 
   total_energyvar { 0.1822148286769618   } 
   weight { 1   } 
   weightvar { 0   } 
   kinetic_energy { 12.09985754217526   } 
   kinetic_energyvar { 59.48533090123598   } 
   potential_energy { -29.01278415825194   } 
   potential_energyvar { 62.71220806882809   } 
   nonlocal_energy { 1.058631730379499   } 
   nonlocal_energyvar { 23.58806586607524   } 
   autocorr_energy { } 
} 

block { 
   label VMC_1
   totweight 640000
   nautocorr 0
   total_energy { -15.85348381304668   } 
   total_energyvar { 0.1806327994207493   } 
   weight { 1   } 
   weightvar { 0   } 
   kinetic_energy { 12.11595494330858   } 
   kinetic_energyvar { 60.30441496407073   } 
   potential_energy { -28.99986773069488   } 
   potential_energyvar { 61.36410343128136   } 
   nonlocal_energy { 1.030428974339623   } 
   nonlocal_energyvar { 22.81388900102003   } 
   autocorr_energy { } 
} 

block { 
   label VMC_1
   totweight 640000
   nautocorr 0
   total_energy { -15.85176358782625   } 
   total_energyvar { 0.1831318889976501   } 
   weight { 1   } 
   weightvar { 0   } 
   kinetic_energy { 12.11908236363585   } 
   kinetic_energyvar { 60.85668753995412   } 
   potential_energy { -29.02891679116546   } 
   potential_energyvar { 62.57394639560323   } 
   nonlocal_energy { 1.058070839703353   } 
   nonlocal_energyvar { 23.31226895207483   } 
   autocorr_energy { } 
} 

block { 
   label VMC_1
   totweight 640000
   nautocorr 0
   total_energy { -15.85404924557352   } 
   total_energyvar { 0.1792914411448692   } 
   weight { 1   } 
   weightvar { 0   } 
   kinetic_energy { 12.12094201551025   } 
   kinetic_energyvar { 60.98693594760846   } 
   potential_energy { -29.02516777705159   } 
   potential_energyvar { 62.37194547396371   } 
   nonlocal_energy { 1.050176515967826   } 
   nonlocal_energyvar { 24.46119790767996   } 
   autocorr_energy { } 
} 

block { 
   label VMC_1
   totweight 640000
   nautocorr 0
   total_energy { -15.85289913979998   } 
   total_energyvar { 0.1844519053515796   } 
   weight { 1   } 
   weightvar { 0   } 
   kinetic_energy { 12.1267416204184   } 
   kinetic_energyvar { 61.19217467397439   } 
   potential_energy { -29.06243067179165   } 
   potential_energyvar { 63.47114147969523   } 
   nonlocal_energy { 1.082789911573272   } 
   nonlocal_energyvar { 24.74848202940008   } 
   autocorr_energy { } 
} 

block { 
   label VMC_1
   totweight 640000
   nautocorr 0
   total_energy { -15.85291886489867   } 
   total_energyvar { 0.180807754113772   } 
   weight { 1   } 
   weightvar { 0   } 
   kinetic_energy { 12.0940196963338   } 
   kinetic_energyvar { 59.37700757022239   } 
   potential_energy { -28.97607597102022   } 
   potential_energyvar { 60.86382507419046   } 
   nonlocal_energy { 1.029137409787754   } 
   nonlocal_energyvar { 21.77405677943676   } 
   autocorr_energy { } 
} 

block { 
   label VMC_1
   totweight 640000
   nautocorr 0
   total_energy { -15.85332430096319   } 
   total_energyvar { 0.1772504959180878   } 
   weight { 1   } 
   weightvar { 0   } 
   kinetic_energy { 12.03954995552477   } 
   kinetic_energyvar { 59.04264953260403   } 
   potential_energy { -28.94213816178297   } 
   potential_energyvar { 60.46793349468726   } 
   nonlocal_energy { 1.049263905295013   } 
   nonlocal_energyvar { 22.51778090250809   } 
   autocorr_energy { } 
} 

block { 
   label VMC_1
   totweight 640000
   nautocorr 0
   total_energy { -15.85445229441367   } 
   total_energyvar { 0.1867648945708709   } 
   weight { 1   } 
   weightvar { 0   } 
   kinetic_energy { 12.09986558540372   } 
   kinetic_energyvar { 60.50056318891268   } 
   potential_energy { -29.0081673584147   } 
   potential_energyvar { 62.79032870441517   } 
   nonlocal_energy { 1.053849478597305   } 
   nonlocal_energyvar { 26.59947902761082   } 
   autocorr_energy { } 
} 

block { 
   label VMC_1
   totweight 640000
   nautocorr 0
   total_energy { -15.8535020828161   } 
   total_energyvar { 0.1981441481364925   } 
   weight { 1   } 
   weightvar { 0   } 
   kinetic_energy { 12.0963217892319   } 
   kinetic_energyvar { 60.34966123598196   } 
   potential_energy { -28.98923692473878   } 
   potential_energyvar { 60.7516902485163   } 
   nonlocal_energy { 1.039413052690786   } 
   nonlocal_energyvar { 23.43394762090702   } 
   autocorr_energy { } 
} 

block { 
   label VMC_1
   totweight 640000
   nautocorr 0
   total_energy { -15.85377672006382   } 
   total_energyvar { 0.1777908137773352   } 
   weight { 1   } 
   weightvar { 0   } 
   kinetic_energy { 12.1057085987982   } 
   kinetic_energyvar { 58.90689732107728   } 
   potential_energy { -29.01916867028998   } 
   potential_energyvar { 61.8410335661564   } 
   nonlocal_energy { 1.059683351427965   } 
   nonlocal_energyvar { 21.9090199195798   } 
   autocorr_energy { } 
} 

block { 
   label VMC_1
   totweight 640000
   nautocorr 0
   total_energy { -15.85395547414589   } 
   total_energyvar { 0.2021913018703003   } 
   weight { 1   } 
   weightvar { 0   } 
   kinetic_energy { 12.06884545227728   } 
   kinetic_energyvar { 58.78117053362905   } 
   potential_energy { -28.96847231018819   } 
   potential_energyvar { 60.25431366688531   } 
   nonlocal_energy { 1.045671383765017   } 
   nonlocal_energyvar { 22.65580939574756   } 
   autocorr_energy { } 
} 

block { 
   label VMC_1
   totweight 640000
   nautocorr 0
   total_energy { -15.85202095627285   } 
   total_energyvar { 0.1807679521507168   } 
   weight { 1   } 
   weightvar { 0   } 
   kinetic_energy { 12.06851442276317   } 
   kinetic_energyvar { 59.54749515542582   } 
   potential_energy { -28.99228134718613   } 
   potential_energyvar { 61.50661571176715   } 
   nonlocal_energy { 1.0717459681501   } 
   nonlocal_energyvar { 23.61777457209721   } 
   autocorr_energy { } 
} 

block { 
   label VMC_1
   totweight 640000
   nautocorr 0
   total_energy { -15.8516655916277   } 
   total_energyvar { 0.1832522192851513   } 
   weight { 1   } 
   weightvar { 0   } 
   kinetic_energy { 12.15064535504886   } 
   kinetic_energyvar { 60.93452835412552   } 
   potential_energy { -29.06800307347027   } 
   potential_energyvar { 63.33301158668269   } 
   nonlocal_energy { 1.065692126793714   } 
   nonlocal_energyvar { 23.87458562707336   } 
   autocorr_energy { } 
} 

block { 
   label VMC_1
   totweight 640000
   nautocorr 0
   total_energy { -15.8530680774411   } 
   total_energyvar { 0.188008142021431   } 
   weight { 1   } 
   weightvar { 0   } 
   kinetic_energy { 12.17889314412293   } 
   kinetic_energyvar { 62.2963833586881   } 
   potential_energy { -29.10423809493603   } 
   potential_energyvar { 64.21661841122614   } 
   nonlocal_energy { 1.072276873372007   } 
   nonlocal_energyvar { 24.97788276515682   } 
   autocorr_energy { } 
} 

block { 
   label VMC_1
   totweight 640000
   nautocorr 0
   total_energy { -15.85276966802519   } 
   total_energyvar { 0.1799730210998689   } 
   weight { 1   } 
   weightvar { 0   } 
   kinetic_energy { 12.16872034896847   } 
   kinetic_energyvar { 60.75706466043354   } 
   potential_energy { -29.04853349012446   } 
   potential_energyvar { 62.04706997410869   } 
   nonlocal_energy { 1.027043473130799   } 
   nonlocal_energyvar { 22.74561133220987   } 
   autocorr_energy { } 
} 

block { 
   label VMC_1
   totweight 640000
   nautocorr 0
   total_energy { -15.85225518845158   } 
   total_energyvar { 0.1908118769837017   } 
   weight { 1   } 
   weightvar { 0   } 
   kinetic_energy { 12.14299474231439   } 
   kinetic_energyvar { 61.29661115131273   } 
   potential_energy { -29.06099424515927   } 
   potential_energyvar { 63.30572233868384   } 
   nonlocal_energy { 1.065744314393294   } 
   nonlocal_energyvar { 24.14599870513237   } 
   autocorr_energy { } 
} 

block { 
   label VMC_1
   totweight 640000
   nautocorr 0
   total_energy { -15.85237395532199   } 
   total_energyvar { 0.1855482240302422   } 
   weight { 1   } 
   weightvar { 0   } 
   kinetic_energy { 12.04114180921382   } 
   kinetic_energyvar { 59.61447503056434   } 
   potential_energy { -28.96557638563734   } 
   potential_energyvar { 62.4279207608929   } 
   nonlocal_energy { 1.072060621101516   } 
   nonlocal_energyvar { 24.3597452606816   } 
   autocorr_energy { } 
} 

block { 
   label VMC_1
   totweight 640000
   nautocorr 0
   total_energy { -15.85345308411086   } 
   total_energyvar { 0.1876178135003101   } 
   weight { 1   } 
   weightvar { 0   } 
   kinetic_energy { 12.08863415382851   } 
   kinetic_energyvar { 60.27084252920255   } 
   potential_energy { -29.01387900821134   } 
   potential_energyvar { 62.28708636023805   } 
   nonlocal_energy { 1.071791770271962   } 
   nonlocal_energyvar { 23.74689646764967   } 
   autocorr_energy { } 
} 

block { 
   label VMC_1
   totweight 640000
   nautocorr 0
   total_energy { -15.85435095825916   } 
   total_energyvar { 0.1815315297265272   } 
   weight { 1   } 
   weightvar { 0   } 
   kinetic_energy { 12.10547439738405   } 
   kinetic_energyvar { 59.90188293233746   } 
   potential_energy { -29.02065758664064   } 
   potential_energyvar { 61.90678354439683   } 
   nonlocal_energy { 1.060832230997432   } 
   nonlocal_energyvar { 23.00319083314931   } 
   autocorr_energy { } 
} 

block { 
   label VMC_1
   totweight 640000
   nautocorr 0
   total_energy { -15.85423530743264   } 
   total_energyvar { 0.1837637740660512   } 
   weight { 1   } 
   weightvar { 0   } 
   kinetic_energy { 12.14776070590765   } 
   kinetic_energyvar { 61.31587624972207   } 
   potential_energy { -29.07511616891437   } 
   potential_energyvar { 64.50728939773558   } 
   nonlocal_energy { 1.073120155574087   } 
   nonlocal_energyvar { 25.17433268470239   } 
   autocorr_energy { } 
} 

block { 
   label VMC_1
   totweight 640000
   nautocorr 0
   total_energy { -15.85286736783964   } 
   total_energyvar { 0.1921011144573868   } 
   weight { 1   } 
   weightvar { 0   } 
   kinetic_energy { 12.10325160087754   } 
   kinetic_energyvar { 60.79474391055922   } 
   potential_energy { -29.03584499759488   } 
   potential_energyvar { 64.14620246814957   } 
   nonlocal_energy { 1.079726028877706   } 
   nonlocal_energyvar { 24.83391387549447   } 
   autocorr_energy { } 
} 

block { 
   label VMC_1
   totweight 640000
   nautocorr 0
   total_energy { -15.85302853575365   } 
   total_energyvar { 0.1813686358952111   } 
   weight { 1   } 
   weightvar { 0   } 
   kinetic_energy { 12.13199096099524   } 
   kinetic_energyvar { 60.8825241790116   } 
   potential_energy { -29.04504786722652   } 
   potential_energyvar { 60.71993778347428   } 
   nonlocal_energy { 1.060028370477637   } 
   nonlocal_energyvar { 24.34763549371353   } 
   autocorr_energy { } 
} 

block { 
   label VMC_1
   totweight 640000
   nautocorr 0
   total_energy { -15.85422425795884   } 
   total_energyvar { 0.1776000825886115   } 
   weight { 1   } 
   weightvar { 0   } 
   kinetic_energy { 12.11749804437668   } 
   kinetic_energyvar { 59.93585949763886   } 
   potential_energy { -29.04239506852019   } 
   potential_energyvar { 62.05670942563916   } 
   nonlocal_energy { 1.070672766184674   } 
   nonlocal_energyvar { 23.42477613511662   } 
   autocorr_energy { } 
} 

block { 
   label VMC_1
   totweight 640000
   nautocorr 0
   total_energy { -15.85326590475693   } 
   total_energyvar { 0.1924785112538245   } 
   weight { 1   } 
   weightvar { 0   } 
   kinetic_energy { 12.13025002122832   } 
   kinetic_energyvar { 60.82545654813626   } 
   potential_energy { -29.050407846647   } 
   potential_energyvar { 62.15566889112006   } 
   nonlocal_energy { 1.066891920661747   } 
   nonlocal_energyvar { 23.7897665465821   } 
   autocorr_energy { } 
} 

block { 
   label VMC_1
   totweight 640000
   nautocorr 0
   total_energy { -15.8523476380803   } 
   total_energyvar { 0.1891893419688131   } 
   weight { 1   } 
   weightvar { 0   } 
   kinetic_energy { 12.11560242693452   } 
   kinetic_energyvar { 59.57725415107757   } 
   potential_energy { -29.02317331595296   } 
   potential_energyvar { 62.28305721681204   } 
   nonlocal_energy { 1.055223250938143   } 
   nonlocal_energyvar { 23.25293428204551   } 
   autocorr_energy { } 
} 

block { 
   label VMC_1
   totweight 640000
   nautocorr 0
   total_energy { -15.8556671447984   } 
   total_energyvar { 0.1870097565292212   } 
   weight { 1   } 
   weightvar { 0   } 
   kinetic_energy { 12.01468270156789   } 
   kinetic_energyvar { 59.64053512886085   } 
   potential_energy { -28.94687191872563   } 
   potential_energyvar { 62.35204313971349   } 
   nonlocal_energy { 1.076522072359345   } 
   nonlocal_energyvar { 25.89830300488615   } 
   autocorr_energy { } 
} 

block { 
   label VMC_1
   totweight 640000
   nautocorr 0
   total_energy { -15.85362411711175   } 
   total_energyvar { 0.1815325094346747   } 
   weight { 1   } 
   weightvar { 0   } 
   kinetic_energy { 12.11936336009854   } 
   kinetic_energyvar { 60.64018233918694   } 
   potential_energy { -29.02324083439147   } 
   potential_energyvar { 62.20768861610577   } 
   nonlocal_energy { 1.050253357181183   } 
   nonlocal_energyvar { 23.61988404557355   } 
   autocorr_energy { } 
} 

block { 
   label VMC_1
   totweight 640000
   nautocorr 0
   total_energy { -15.85371462951679   } 
   total_energyvar { 0.1947509548659525   } 
   weight { 1   } 
   weightvar { 0   } 
   kinetic_energy { 12.11419526264761   } 
   kinetic_energyvar { 60.35991696204775   } 
   potential_energy { -29.01629977697473   } 
   potential_energyvar { 62.08856132197627   } 
   nonlocal_energy { 1.048389884810321   } 
   nonlocal_energyvar { 23.77784812668286   } 
   autocorr_energy { } 
} 

block { 
   label VMC_1
   totweight 640000
   nautocorr 0
   total_energy { -15.8536458382548   } 
   total_energyvar { 0.1852668248704958   } 
   weight { 1   } 
   weightvar { 0   } 
   kinetic_energy { 12.13190497380976   } 
   kinetic_energyvar { 64.29148942002061   } 
   potential_energy { -29.03896207217737   } 
   potential_energyvar { 62.39067128110094   } 
   nonlocal_energy { 1.053411260112805   } 
   nonlocal_energyvar { 27.57200802124397   } 
   autocorr_energy { } 
} 

block { 
   label VMC_1
   totweight 640000
   nautocorr 0
   total_energy { -15.85408920392406   } 
   total_energyvar { 0.1808845175793863   } 
   weight { 1   } 
   weightvar { 0   } 
   kinetic_energy { 12.08369799468154   } 
   kinetic_energyvar { 59.65777471843364   } 
   potential_energy { -29.00675220450819   } 
   potential_energyvar { 62.81237723016625   } 
   nonlocal_energy { 1.068965005902589   } 
   nonlocal_energyvar { 24.11937232404474   } 
   autocorr_energy { } 
} 

block { 
   label VMC_1
   totweight 640000
   nautocorr 0
   total_energy { -15.85345759844714   } 
   total_energyvar { 0.1788095173090767   } 
   weight { 1   } 
   weightvar { 0   } 
   kinetic_energy { 12.0711745562981   } 
   kinetic_energyvar { 59.64824557915614   } 
   potential_energy { -28.97604452465418   } 
   potential_energyvar { 60.72764803260895   } 
   nonlocal_energy { 1.051412369908946   } 
   nonlocal_energyvar { 22.8548197411918   } 
   autocorr_energy { } 
} 

block { 
   label VMC_1
   totweight 640000
   nautocorr 0
   total_energy { -15.85241093536085   } 
   total_energyvar { 0.1835766890233401   } 
   weight { 1   } 
   weightvar { 0   } 
   kinetic_energy { 12.14085997903066   } 
   kinetic_energyvar { 60.46481424216162   } 
   potential_energy { -29.06923850127207   } 
   potential_energyvar { 62.78369528930239   } 
   nonlocal_energy { 1.07596758688056   } 
   nonlocal_energyvar { 23.51480289372908   } 
   autocorr_energy { } 
} 

block { 
   label VMC_1
   totweight 640000
   nautocorr 0
   total_energy { -15.85281360171028   } 
   total_energyvar { 0.1828699799157221   } 
   weight { 1   } 
   weightvar { 0   } 
   kinetic_energy { 12.12640435801961   } 
   kinetic_energyvar { 60.24905013794231   } 
   potential_energy { -29.05111495360651   } 
   potential_energyvar { 62.24382546304355   } 
   nonlocal_energy { 1.071896993876616   } 
   nonlocal_energyvar { 23.40607031706251   } 
   autocorr_energy { } 
} 

block { 
   label VMC_1
   totweight 640000
   nautocorr 0
   total_energy { -15.85271971593891   } 
   total_energyvar { 0.1952954191597485   } 
   weight { 1   } 
   weightvar { 0   } 
   kinetic_energy { 12.08983223426175   } 
   kinetic_energyvar { 59.59242625397624   } 
   potential_energy { -28.99526203745988   } 
   potential_energyvar { 61.71792848553343   } 
   nonlocal_energy { 1.052710087259218   } 
   nonlocal_energyvar { 23.19279104170977   } 
   autocorr_energy { } 
} 

block { 
   label VMC_1
   totweight 640000
   nautocorr 0
   total_energy { -15.85440195069122   } 
   total_energyvar { 0.1870530920705846   } 
   weight { 1   } 
   weightvar { 0   } 
   kinetic_energy { 12.14162606336988   } 
   kinetic_energyvar { 60.23923456397281   } 
   potential_energy { -29.06296828746735   } 
   potential_energyvar { 63.12269538964449   } 
   nonlocal_energy { 1.066940273406248   } 
   nonlocal_energyvar { 25.21417243603377   } 
   autocorr_energy { } 
} 

block { 
   label VMC_1
   totweight 640000
   nautocorr 0
   total_energy { -15.8545079706501   } 
   total_energyvar { 0.1905612638718139   } 
   weight { 1   } 
   weightvar { 0   } 
   kinetic_energy { 12.16393077778396   } 
   kinetic_energyvar { 60.82445098953053   } 
   potential_energy { -29.10342275953862   } 
   potential_energyvar { 63.41838897676826   } 
   nonlocal_energy { 1.084984011104553   } 
   nonlocal_energyvar { 24.57336632913999   } 
   autocorr_energy { } 
} 

block { 
   label VMC_1
   totweight 640000
   nautocorr 0
   total_energy { -15.85486920902372   } 
   total_energyvar { 0.1836219870052673   } 
   weight { 1   } 
   weightvar { 0   } 
   kinetic_energy { 12.15899384716095   } 
   kinetic_energyvar { 61.4512240222943   } 
   potential_energy { -29.0866255063532   } 
   potential_energyvar { 63.28295331155937   } 
   nonlocal_energy { 1.072762450168527   } 
   nonlocal_energyvar { 24.21090658214357   } 
   autocorr_energy { } 
} 

block { 
   label VMC_1
   totweight 640000
   nautocorr 0
   total_energy { -15.85353458714622   } 
   total_energyvar { 0.1836204931341285   } 
   weight { 1   } 
   weightvar { 0   } 
   kinetic_energy { 12.11568157965935   } 
   kinetic_energyvar { 59.7559098461644   } 
   potential_energy { -29.02828467568802   } 
   potential_energyvar { 63.33191027891519   } 
   nonlocal_energy { 1.059068508882445   } 
   nonlocal_energyvar { 23.30488727774259   } 
   autocorr_energy { } 
} 

block { 
   label VMC_1
   totweight 640000
   nautocorr 0
   total_energy { -15.85288284142   } 
   total_energyvar { 0.183639465167829   } 
   weight { 1   } 
   weightvar { 0   } 
   kinetic_energy { 12.17304641310656   } 
   kinetic_energyvar { 61.19384221764321   } 
   potential_energy { -29.09358748485044   } 
   potential_energyvar { 63.21557705143334   } 
   nonlocal_energy { 1.067658230323883   } 
   nonlocal_energyvar { 24.55835627894961   } 
   autocorr_energy { } 
} 

block { 
   label VMC_1
   totweight 640000
   nautocorr 0
   total_energy { -15.85444260716291   } 
   total_energyvar { 0.1884735798940937   } 
   weight { 1   } 
   weightvar { 0   } 
   kinetic_energy { 12.10673921730975   } 
   kinetic_energyvar { 60.14921784457258   } 
   potential_energy { -29.01751600048178   } 
   potential_energyvar { 61.37357084159271   } 
   nonlocal_energy { 1.056334176009125   } 
   nonlocal_energyvar { 23.96944660175415   } 
   autocorr_energy { } 
} 

block { 
   label VMC_1
   totweight 640000
   nautocorr 0
   total_energy { -15.85451351278945   } 
   total_energyvar { 0.1829565689671426   } 
   weight { 1   } 
   weightvar { 0   } 
   kinetic_energy { 12.05188353212219   } 
   kinetic_energyvar { 58.26318320829165   } 
   potential_energy { -29.00868266810428   } 
   potential_energyvar { 62.08429585070269   } 
   nonlocal_energy { 1.102285623192638   } 
   nonlocal_energyvar { 23.79416810526334   } 
   autocorr_energy { } 
} 

block { 
   label VMC_1
   totweight 640000
   nautocorr 0
   total_energy { -15.85270596288976   } 
   total_energyvar { 0.1899158510130974   } 
   weight { 1   } 
   weightvar { 0   } 
   kinetic_energy { 12.07533339624842   } 
   kinetic_energyvar { 60.19323017875809   } 
   potential_energy { -28.99648937691015   } 
   potential_energyvar { 61.77862688578034   } 
   nonlocal_energy { 1.068450017771965   } 
   nonlocal_energyvar { 24.09620165123396   } 
   autocorr_energy { } 
} 

block { 
   label VMC_1
   totweight 640000
   nautocorr 0
   total_energy { -15.85129448245665   } 
   total_energyvar { 0.1873605020239211   } 
   weight { 1   } 
   weightvar { 0   } 
   kinetic_energy { 12.07474418920745   } 
   kinetic_energyvar { 61.04653124211998   } 
   potential_energy { -28.99412704386959   } 
   potential_energyvar { 63.02708474423355   } 
   nonlocal_energy { 1.068088372205488   } 
   nonlocal_energyvar { 25.41420446459775   } 
   autocorr_energy { } 
} 

block { 
   label VMC_1
   totweight 640000
   nautocorr 0
   total_energy { -15.85414792768266   } 
   total_energyvar { 0.1891152999087069   } 
   weight { 1   } 
   weightvar { 0   } 
   kinetic_energy { 12.12044050815089   } 
   kinetic_energyvar { 61.89975383991057   } 
   potential_energy { -29.02712908348192   } 
   potential_energyvar { 61.9338991842709   } 
   nonlocal_energy { 1.052540647648375   } 
   nonlocal_energyvar { 26.02590381110768   } 
   autocorr_energy { } 
} 

block { 
   label VMC_1
   totweight 640000
   nautocorr 0
   total_energy { -15.85433014882677   } 
   total_energyvar { 0.1864039880510973   } 
   weight { 1   } 
   weightvar { 0   } 
   kinetic_energy { 12.11079380409945   } 
   kinetic_energyvar { 61.28183417320128   } 
   potential_energy { -29.03370367499931   } 
   potential_energyvar { 63.3533407692538   } 
   nonlocal_energy { 1.068579722073085   } 
   nonlocal_energyvar { 24.24338714723616   } 
   autocorr_energy { } 
} 

block { 
   label VMC_1
   totweight 640000
   nautocorr 0
   total_energy { -15.85271397997568   } 
   total_energyvar { 0.1931663373170522   } 
   weight { 1   } 
   weightvar { 0   } 
   kinetic_energy { 12.1213716765945   } 
   kinetic_energyvar { 61.04646894968641   } 
   potential_energy { -29.02337964600688   } 
   potential_energyvar { 61.86414830148613   } 
   nonlocal_energy { 1.049293989436709   } 
   nonlocal_energyvar { 24.134574531577   } 
   autocorr_energy { } 
} 

block { 
   label VMC_1
   totweight 640000
   nautocorr 0
   total_energy { -15.85148823770001   } 
   total_energyvar { 0.1854036132082797   } 
   weight { 1   } 
   weightvar { 0   } 
   kinetic_energy { 12.13841971121727   } 
   kinetic_energyvar { 61.07119696546624   } 
   potential_energy { -29.06161471028587   } 
   potential_energyvar { 63.78436495455173   } 
   nonlocal_energy { 1.071706761368601   } 
   nonlocal_energyvar { 24.16686896515672   } 
   autocorr_energy { } 
} 

block { 
   label VMC_1
   totweight 640000
   nautocorr 0
   total_energy { -15.85253706223994   } 
   total_energyvar { 0.1785876982783066   } 
   weight { 1   } 
   weightvar { 0   } 
   kinetic_energy { 12.16476084024652   } 
   kinetic_energyvar { 60.17113243089383   } 
   potential_energy { -29.06569290742131   } 
   potential_energyvar { 61.43213174347227   } 
   nonlocal_energy { 1.048395004934843   } 
   nonlocal_energyvar { 22.73317834544532   } 
   autocorr_energy { } 
} 

block { 
   label VMC_1
   totweight 640000
   nautocorr 0
   total_energy { -15.85261588894112   } 
   total_energyvar { 0.1876526911637484   } 
   weight { 1   } 
   weightvar { 0   } 
   kinetic_energy { 12.17150537478101   } 
   kinetic_energyvar { 62.02256756664079   } 
   potential_energy { -29.09913350485125   } 
   potential_energyvar { 63.21190729607406   } 
   nonlocal_energy { 1.075012241129124   } 
   nonlocal_energyvar { 24.54230725518997   } 
   autocorr_energy { } 
} 

block { 
   label VMC_1
   totweight 640000
   nautocorr 0
   total_energy { -15.85430720521081   } 
   total_energyvar { 0.1776341808537154   } 
   weight { 1   } 
   weightvar { 0   } 
   kinetic_energy { 12.08598837993879   } 
   kinetic_energyvar { 58.3163860273533   } 
   potential_energy { -28.99844326923755   } 
   potential_energyvar { 62.68163275650204   } 
   nonlocal_energy { 1.058147684087953   } 
   nonlocal_energyvar { 23.90746538842978   } 
   autocorr_energy { } 
} 

block { 
   label VMC_1
   totweight 640000
   nautocorr 0
   total_energy { -15.85168473505815   } 
   total_energyvar { 0.1866280832639404   } 
   weight { 1   } 
   weightvar { 0   } 
   kinetic_energy { 12.12572532572014   } 
   kinetic_energyvar { 60.79651495712196   } 
   potential_energy { -29.06426243187975   } 
   potential_energyvar { 65.46165018867998   } 
   nonlocal_energy { 1.086852371101462   } 
   nonlocal_energyvar { 27.00430514314422   } 
   autocorr_energy { } 
} 

block { 
   label VMC_1
   totweight 640000
   nautocorr 0
   total_energy { -15.85152371350131   } 
   total_energyvar { 0.1857523065183955   } 
   weight { 1   } 
   weightvar { 0   } 
   kinetic_energy { 12.06886883400495   } 
   kinetic_energyvar { 60.72159657110498   } 
   potential_energy { -28.98458520337019   } 
   potential_energyvar { 62.49053680569909   } 
   nonlocal_energy { 1.064192655863932   } 
   nonlocal_energyvar { 23.99931449334406   } 
   autocorr_energy { } 
} 

