#-------------------------------------------------
#VMC run: timestep 1 nconfig 6400 steps 100
#-------------------------------------------------


init { 
   label vmc
}
block { 
   label vmc
   totweight 640000
   nautocorr 0
   total_energy { -1.932653638645403   } 
   total_energyvar { 0.01088205998622227   } 
   weight { 1   } 
   weightvar { 0   } 
   kinetic_energy { 0.6937102074981918   } 
   kinetic_energyvar { 0.4455536975916915   } 
   potential_energy { -2.968512307014196   } 
   potential_energyvar { 0.6315960266694329   } 
   nonlocal_energy { 0.3421484608706007   } 
   nonlocal_energyvar { 0.9348632970187414   } 
   autocorr_energy { } 
} 

block { 
   label vmc
   totweight 640000
   nautocorr 0
   total_energy { -1.932635452257766   } 
   total_energyvar { 0.01106981622737635   } 
   weight { 1   } 
   weightvar { 0   } 
   kinetic_energy { 0.6944685456872292   } 
   kinetic_energyvar { 0.4427045027025034   } 
   potential_energy { -2.967226481649622   } 
   potential_energyvar { 0.6299373073286798   } 
   nonlocal_energy { 0.3401224837046273   } 
   nonlocal_energyvar { 0.9168783487038499   } 
   autocorr_energy { } 
} 

block { 
   label vmc
   totweight 640000
   nautocorr 0
   total_energy { -1.932514055727688   } 
   total_energyvar { 0.01111961501647807   } 
   weight { 1   } 
   weightvar { 0   } 
   kinetic_energy { 0.6945929926837418   } 
   kinetic_energyvar { 0.4415330781423961   } 
   potential_energy { -2.967528054561286   } 
   potential_energyvar { 0.6287380278138421   } 
   nonlocal_energy { 0.3404210061498564   } 
   nonlocal_energyvar { 0.9137914476910846   } 
   autocorr_energy { } 
} 

block { 
   label vmc
   totweight 640000
   nautocorr 0
   total_energy { -1.9325334345392   } 
   total_energyvar { 0.01116630326506174   } 
   weight { 1   } 
   weightvar { 0   } 
   kinetic_energy { 0.694748058892498   } 
   kinetic_energyvar { 0.4339311085015393   } 
   potential_energy { -2.96778562638323   } 
   potential_energyvar { 0.6252233215803766   } 
   nonlocal_energy { 0.3405041329515321   } 
   nonlocal_energyvar { 0.9036903357608483   } 
   autocorr_energy { } 
} 

block { 
   label vmc
   totweight 640000
   nautocorr 0
   total_energy { -1.93249122782916   } 
   total_energyvar { 0.0110809378839698   } 
   weight { 1   } 
   weightvar { 0   } 
   kinetic_energy { 0.6940723318614604   } 
   kinetic_energyvar { 0.4415226367585473   } 
   potential_energy { -2.966680113098161   } 
   potential_energyvar { 0.630257118351965   } 
   nonlocal_energy { 0.3401165534075399   } 
   nonlocal_energyvar { 0.9182103061288402   } 
   autocorr_energy { } 
} 

block { 
   label vmc
   totweight 640000
   nautocorr 0
   total_energy { -1.932461185319814   } 
   total_energyvar { 0.01103852324061139   } 
   weight { 1   } 
   weightvar { 0   } 
   kinetic_energy { 0.6942044448592782   } 
   kinetic_energyvar { 0.4374711658301481   } 
   potential_energy { -2.964775629997479   } 
   potential_energyvar { 0.6374720246079804   } 
   nonlocal_energy { 0.3381099998183866   } 
   nonlocal_energyvar { 0.9200882478640523   } 
   autocorr_energy { } 
} 

block { 
   label vmc
   totweight 640000
   nautocorr 0
   total_energy { -1.932412506989083   } 
   total_energyvar { 0.01102832956746491   } 
   weight { 1   } 
   weightvar { 0   } 
   kinetic_energy { 0.693548446553242   } 
   kinetic_energyvar { 0.4625680749786099   } 
   potential_energy { -2.965561031829202   } 
   potential_energyvar { 0.6257120758963541   } 
   nonlocal_energy { 0.3396000782868767   } 
   nonlocal_energyvar { 0.9332794922668183   } 
   autocorr_energy { } 
} 

block { 
   label vmc
   totweight 640000
   nautocorr 0
   total_energy { -1.932410911287788   } 
   total_energyvar { 0.01101547809681458   } 
   weight { 1   } 
   weightvar { 0   } 
   kinetic_energy { 0.6952002692492457   } 
   kinetic_energyvar { 0.433042552653698   } 
   potential_energy { -2.968521254972603   } 
   potential_energyvar { 0.6351689853582307   } 
   nonlocal_energy { 0.3409100744355698   } 
   nonlocal_energyvar { 0.9182934764198425   } 
   autocorr_energy { } 
} 

block { 
   label vmc
   totweight 640000
   nautocorr 0
   total_energy { -1.932619876463791   } 
   total_energyvar { 0.01108818327187944   } 
   weight { 1   } 
   weightvar { 0   } 
   kinetic_energy { 0.69276532927908   } 
   kinetic_energyvar { 0.4516790566431243   } 
   potential_energy { -2.965061408942864   } 
   potential_energyvar { 0.630583769642211   } 
   nonlocal_energy { 0.3396762031999935   } 
   nonlocal_energyvar { 0.9317540432246407   } 
   autocorr_energy { } 
} 

block { 
   label vmc
   totweight 640000
   nautocorr 0
   total_energy { -1.9324814171287   } 
   total_energyvar { 0.0109187608404997   } 
   weight { 1   } 
   weightvar { 0   } 
   kinetic_energy { 0.6969219713613242   } 
   kinetic_energyvar { 0.431053079367628   } 
   potential_energy { -2.967217624522795   } 
   potential_energyvar { 0.6241375994587877   } 
   nonlocal_energy { 0.3378142360327711   } 
   nonlocal_energyvar { 0.8917686306662754   } 
   autocorr_energy { } 
} 

block { 
   label vmc
   totweight 640000
   nautocorr 0
   total_energy { -1.932458033758516   } 
   total_energyvar { 0.01079114239155521   } 
   weight { 1   } 
   weightvar { 0   } 
   kinetic_energy { 0.6938946766817274   } 
   kinetic_energyvar { 0.4292918880703096   } 
   potential_energy { -2.965319250883678   } 
   potential_energyvar { 0.6225923131184015   } 
   nonlocal_energy { 0.3389665404434343   } 
   nonlocal_energyvar { 0.8843336168088074   } 
   autocorr_energy { } 
} 

block { 
   label vmc
   totweight 640000
   nautocorr 0
   total_energy { -1.932264792894545   } 
   total_energyvar { 0.01114847774921124   } 
   weight { 1   } 
   weightvar { 0   } 
   kinetic_energy { 0.6918745001481843   } 
   kinetic_energyvar { 0.448703823963279   } 
   potential_energy { -2.966794024122259   } 
   potential_energyvar { 0.6316063134874401   } 
   nonlocal_energy { 0.3426547310795303   } 
   nonlocal_energyvar { 0.9361508445328997   } 
   autocorr_energy { } 
} 

block { 
   label vmc
   totweight 640000
   nautocorr 0
   total_energy { -1.932651178263213   } 
   total_energyvar { 0.01138198594130113   } 
   weight { 1   } 
   weightvar { 0   } 
   kinetic_energy { 0.6941456295452439   } 
   kinetic_energyvar { 0.456449412835513   } 
   potential_energy { -2.968592189878377   } 
   potential_energyvar { 0.6285070897786724   } 
   nonlocal_energy { 0.3417953820699195   } 
   nonlocal_energyvar { 0.9376925398300872   } 
   autocorr_energy { } 
} 

block { 
   label vmc
   totweight 640000
   nautocorr 0
   total_energy { -1.932457722788262   } 
   total_energyvar { 0.01131838207073921   } 
   weight { 1   } 
   weightvar { 0   } 
   kinetic_energy { 0.6947092840339077   } 
   kinetic_energyvar { 0.429415545283706   } 
   potential_energy { -2.967179465275015   } 
   potential_energyvar { 0.6237263559975297   } 
   nonlocal_energy { 0.3400124584528455   } 
   nonlocal_energyvar { 0.8929135920374622   } 
   autocorr_energy { } 
} 

block { 
   label vmc
   totweight 640000
   nautocorr 0
   total_energy { -1.932388046016204   } 
   total_energyvar { 0.01089166036390488   } 
   weight { 1   } 
   weightvar { 0   } 
   kinetic_energy { 0.6945622311428841   } 
   kinetic_energyvar { 0.4324291740923202   } 
   potential_energy { -2.965795195586578   } 
   potential_energyvar { 0.6247362917944166   } 
   nonlocal_energy { 0.3388449184274904   } 
   nonlocal_energyvar { 0.8921975960406192   } 
   autocorr_energy { } 
} 

block { 
   label vmc
   totweight 640000
   nautocorr 0
   total_energy { -1.932743915456795   } 
   total_energyvar { 0.01110796887362753   } 
   weight { 1   } 
   weightvar { 0   } 
   kinetic_energy { 0.6948281283539333   } 
   kinetic_energyvar { 0.4395426488409524   } 
   potential_energy { -2.96721530164695   } 
   potential_energyvar { 0.6230072829425186   } 
   nonlocal_energy { 0.3396432578362212   } 
   nonlocal_energyvar { 0.9032889101707271   } 
   autocorr_energy { } 
} 

block { 
   label vmc
   totweight 640000
   nautocorr 0
   total_energy { -1.932604585385054   } 
   total_energyvar { 0.01106386729873199   } 
   weight { 1   } 
   weightvar { 0   } 
   kinetic_energy { 0.6938713818278675   } 
   kinetic_energyvar { 0.4423645683209221   } 
   potential_energy { -2.968508490572812   } 
   potential_energyvar { 0.6301179427094841   } 
   nonlocal_energy { 0.3420325233598899   } 
   nonlocal_energyvar { 0.9177087398611045   } 
   autocorr_energy { } 
} 

block { 
   label vmc
   totweight 640000
   nautocorr 0
   total_energy { -1.932845867902122   } 
   total_energyvar { 0.0108474751544243   } 
   weight { 1   } 
   weightvar { 0   } 
   kinetic_energy { 0.6926425792856289   } 
   kinetic_energyvar { 0.4340638577811652   } 
   potential_energy { -2.965305714560707   } 
   potential_energyvar { 0.6314274813896059   } 
   nonlocal_energy { 0.3398172673729558   } 
   nonlocal_energyvar { 0.9120571763611771   } 
   autocorr_energy { } 
} 

block { 
   label vmc
   totweight 640000
   nautocorr 0
   total_energy { -1.932376043271571   } 
   total_energyvar { 0.01112847132742179   } 
   weight { 1   } 
   weightvar { 0   } 
   kinetic_energy { 0.6940125224206346   } 
   kinetic_energyvar { 0.4391975423400366   } 
   potential_energy { -2.96840569116559   } 
   potential_energyvar { 0.6293754123878461   } 
   nonlocal_energy { 0.3420171254733836   } 
   nonlocal_energyvar { 0.9157171560546337   } 
   autocorr_energy { } 
} 

block { 
   label vmc
   totweight 640000
   nautocorr 0
   total_energy { -1.93248107605976   } 
   total_energyvar { 0.01100223224089447   } 
   weight { 1   } 
   weightvar { 0   } 
   kinetic_energy { 0.6938661962998817   } 
   kinetic_energyvar { 0.4434011110379827   } 
   potential_energy { -2.96877486242519   } 
   potential_energyvar { 0.6301771406132346   } 
   nonlocal_energy { 0.3424275900655477   } 
   nonlocal_energyvar { 0.9244741882568074   } 
   autocorr_energy { } 
} 

block { 
   label vmc
   totweight 640000
   nautocorr 0
   total_energy { -1.932771755739766   } 
   total_energyvar { 0.01106935025490996   } 
   weight { 1   } 
   weightvar { 0   } 
   kinetic_energy { 0.6950218751661074   } 
   kinetic_energyvar { 0.4331958801656592   } 
   potential_energy { -2.966634993938825   } 
   potential_energyvar { 0.6246920805544818   } 
   nonlocal_energy { 0.3388413630329516   } 
   nonlocal_energyvar { 0.8968884139832602   } 
   autocorr_energy { } 
} 

block { 
   label vmc
   totweight 640000
   nautocorr 0
   total_energy { -1.932329836991058   } 
   total_energyvar { 0.01113395227923286   } 
   weight { 1   } 
   weightvar { 0   } 
   kinetic_energy { 0.6946845279274031   } 
   kinetic_energyvar { 0.4389131558276673   } 
   potential_energy { -2.965283283629976   } 
   potential_energyvar { 0.6337303469067663   } 
   nonlocal_energy { 0.3382689187115159   } 
   nonlocal_energyvar { 0.9201499180615673   } 
   autocorr_energy { } 
} 

block { 
   label vmc
   totweight 640000
   nautocorr 0
   total_energy { -1.932494853751415   } 
   total_energyvar { 0.01100997690849503   } 
   weight { 1   } 
   weightvar { 0   } 
   kinetic_energy { 0.6937280052950314   } 
   kinetic_energyvar { 0.446112976393054   } 
   potential_energy { -2.967400660376459   } 
   potential_energyvar { 0.6283696482512209   } 
   nonlocal_energy { 0.3411778013300122   } 
   nonlocal_energyvar { 0.9215612449831683   } 
   autocorr_energy { } 
} 

block { 
   label vmc
   totweight 640000
   nautocorr 0
   total_energy { -1.932643900902839   } 
   total_energyvar { 0.01086292112806353   } 
   weight { 1   } 
   weightvar { 0   } 
   kinetic_energy { 0.6969453054821456   } 
   kinetic_energyvar { 0.4221863419703912   } 
   potential_energy { -2.966974338943666   } 
   potential_energyvar { 0.6209906150874804   } 
   nonlocal_energy { 0.3373851325586814   } 
   nonlocal_energyvar { 0.8671678575174343   } 
   autocorr_energy { } 
} 

block { 
   label vmc
   totweight 640000
   nautocorr 0
   total_energy { -1.932733899526404   } 
   total_energyvar { 0.01101326840670458   } 
   weight { 1   } 
   weightvar { 0   } 
   kinetic_energy { 0.6944957606732439   } 
   kinetic_energyvar { 0.4478023535006149   } 
   potential_energy { -2.967617577514862   } 
   potential_energyvar { 0.6331165400803815   } 
   nonlocal_energy { 0.3403879173152142   } 
   nonlocal_energyvar { 0.9233571762305467   } 
   autocorr_energy { } 
} 

block { 
   label vmc
   totweight 640000
   nautocorr 0
   total_energy { -1.932383720216109   } 
   total_energyvar { 0.01114389028119378   } 
   weight { 1   } 
   weightvar { 0   } 
   kinetic_energy { 0.6950888595663876   } 
   kinetic_energyvar { 0.4367685160204743   } 
   potential_energy { -2.968116047418235   } 
   potential_energyvar { 0.6256607166278627   } 
   nonlocal_energy { 0.3406434676357394   } 
   nonlocal_energyvar { 0.9040106559280953   } 
   autocorr_energy { } 
} 

block { 
   label vmc
   totweight 640000
   nautocorr 0
   total_energy { -1.932448636893146   } 
   total_energyvar { 0.01086624461209551   } 
   weight { 1   } 
   weightvar { 0   } 
   kinetic_energy { 0.6953941110714857   } 
   kinetic_energyvar { 0.4446581494963834   } 
   potential_energy { -2.966611988745345   } 
   potential_energyvar { 0.6242396636189298   } 
   nonlocal_energy { 0.3387692407807125   } 
   nonlocal_energyvar { 0.9136454600322723   } 
   autocorr_energy { } 
} 

block { 
   label vmc
   totweight 640000
   nautocorr 0
   total_energy { -1.932368466512492   } 
   total_energyvar { 0.01096026901041114   } 
   weight { 1   } 
   weightvar { 0   } 
   kinetic_energy { 0.6953749491225273   } 
   kinetic_energyvar { 0.4338406969074588   } 
   potential_energy { -2.966048930253606   } 
   potential_energyvar { 0.6254302185399538   } 
   nonlocal_energy { 0.3383055146185872   } 
   nonlocal_energyvar { 0.8960901850030807   } 
   autocorr_energy { } 
} 

block { 
   label vmc
   totweight 640000
   nautocorr 0
   total_energy { -1.93245554744541   } 
   total_energyvar { 0.01085386977518876   } 
   weight { 1   } 
   weightvar { 0   } 
   kinetic_energy { 0.6946687865170535   } 
   kinetic_energyvar { 0.4256384389869709   } 
   potential_energy { -2.964358237808084   } 
   potential_energyvar { 0.6196920462517053   } 
   nonlocal_energy { 0.3372339038456202   } 
   nonlocal_energyvar { 0.8761950232026461   } 
   autocorr_energy { } 
} 

block { 
   label vmc
   totweight 640000
   nautocorr 0
   total_energy { -1.932504426966156   } 
   total_energyvar { 0.01106792207574703   } 
   weight { 1   } 
   weightvar { 0   } 
   kinetic_energy { 0.6934436353673636   } 
   kinetic_energyvar { 0.4434642576244737   } 
   potential_energy { -2.965912241676916   } 
   potential_energyvar { 0.6378411240919792   } 
   nonlocal_energy { 0.3399641793433964   } 
   nonlocal_energyvar { 0.9376754277768796   } 
   autocorr_energy { } 
} 

block { 
   label vmc
   totweight 640000
   nautocorr 0
   total_energy { -1.932501205203832   } 
   total_energyvar { 0.01099413226582069   } 
   weight { 1   } 
   weightvar { 0   } 
   kinetic_energy { 0.6931213894663524   } 
   kinetic_energyvar { 0.4409996554396147   } 
   potential_energy { -2.96574795141839   } 
   potential_energyvar { 0.6299555086802595   } 
   nonlocal_energy { 0.3401253567482055   } 
   nonlocal_energyvar { 0.9230613920226547   } 
   autocorr_energy { } 
} 

block { 
   label vmc
   totweight 640000
   nautocorr 0
   total_energy { -1.932473247006691   } 
   total_energyvar { 0.01114888734144515   } 
   weight { 1   } 
   weightvar { 0   } 
   kinetic_energy { 0.6931461052978756   } 
   kinetic_energyvar { 0.4404566499467956   } 
   potential_energy { -2.964858019368928   } 
   potential_energyvar { 0.6265478862634613   } 
   nonlocal_energy { 0.3392386670643612   } 
   nonlocal_energyvar { 0.911901076953724   } 
   autocorr_energy { } 
} 

block { 
   label vmc
   totweight 640000
   nautocorr 0
   total_energy { -1.932544964701282   } 
   total_energyvar { 0.01082990900449321   } 
   weight { 1   } 
   weightvar { 0   } 
   kinetic_energy { 0.6937747183507612   } 
   kinetic_energyvar { 0.4463028261581656   } 
   potential_energy { -2.96505116560078   } 
   potential_energyvar { 0.6307496666427532   } 
   nonlocal_energy { 0.3387314825487363   } 
   nonlocal_energyvar { 0.9159918876447445   } 
   autocorr_energy { } 
} 

block { 
   label vmc
   totweight 640000
   nautocorr 0
   total_energy { -1.932406391865236   } 
   total_energyvar { 0.01122614377640563   } 
   weight { 1   } 
   weightvar { 0   } 
   kinetic_energy { 0.694085500060263   } 
   kinetic_energyvar { 0.4496511535784627   } 
   potential_energy { -2.964381405062821   } 
   potential_energyvar { 0.6341624946552553   } 
   nonlocal_energy { 0.3378895131373223   } 
   nonlocal_energyvar { 0.9279954359235546   } 
   autocorr_energy { } 
} 

block { 
   label vmc
   totweight 640000
   nautocorr 0
   total_energy { -1.932533410605292   } 
   total_energyvar { 0.01100905818925657   } 
   weight { 1   } 
   weightvar { 0   } 
   kinetic_energy { 0.694521040663439   } 
   kinetic_energyvar { 0.4302342932032733   } 
   potential_energy { -2.966019048870418   } 
   potential_energyvar { 0.6283366745571524   } 
   nonlocal_energy { 0.3389645976016865   } 
   nonlocal_energyvar { 0.8953602080371637   } 
   autocorr_energy { } 
} 

block { 
   label vmc
   totweight 640000
   nautocorr 0
   total_energy { -1.932309509729459   } 
   total_energyvar { 0.01102353749382567   } 
   weight { 1   } 
   weightvar { 0   } 
   kinetic_energy { 0.6946949526571842   } 
   kinetic_energyvar { 0.4352911079863312   } 
   potential_energy { -2.965867560210757   } 
   potential_energyvar { 0.6261648618698459   } 
   nonlocal_energy { 0.3388630978241141   } 
   nonlocal_energyvar { 0.9002284653357217   } 
   autocorr_energy { } 
} 

block { 
   label vmc
   totweight 640000
   nautocorr 0
   total_energy { -1.932702766701899   } 
   total_energyvar { 0.010899182679033   } 
   weight { 1   } 
   weightvar { 0   } 
   kinetic_energy { 0.6949445386233394   } 
   kinetic_energyvar { 0.4352948028724138   } 
   potential_energy { -2.96589766075708   } 
   potential_energyvar { 0.6265927055434926   } 
   nonlocal_energy { 0.3382503554318416   } 
   nonlocal_energyvar { 0.9007892512214967   } 
   autocorr_energy { } 
} 

block { 
   label vmc
   totweight 640000
   nautocorr 0
   total_energy { -1.932605185016268   } 
   total_energyvar { 0.01118155754353722   } 
   weight { 1   } 
   weightvar { 0   } 
   kinetic_energy { 0.6949366026855514   } 
   kinetic_energyvar { 0.4411574508184027   } 
   potential_energy { -2.967850946499855   } 
   potential_energyvar { 0.6270568599908319   } 
   nonlocal_energy { 0.3403091587980352   } 
   nonlocal_energyvar { 0.9147044327720745   } 
   autocorr_energy { } 
} 

block { 
   label vmc
   totweight 640000
   nautocorr 0
   total_energy { -1.932562281727858   } 
   total_energyvar { 0.01092849131303408   } 
   weight { 1   } 
   weightvar { 0   } 
   kinetic_energy { 0.6933466155091194   } 
   kinetic_energyvar { 0.4428287901676243   } 
   potential_energy { -2.967099063614782   } 
   potential_energyvar { 0.644908182128427   } 
   nonlocal_energy { 0.341190166377805   } 
   nonlocal_energyvar { 0.946247133009171   } 
   autocorr_energy { } 
} 

block { 
   label vmc
   totweight 640000
   nautocorr 0
   total_energy { -1.932593568977779   } 
   total_energyvar { 0.01100176156964805   } 
   weight { 1   } 
   weightvar { 0   } 
   kinetic_energy { 0.6951828024107091   } 
   kinetic_energyvar { 0.4377985126672259   } 
   potential_energy { -2.966828220429549   } 
   potential_energyvar { 0.6276406949685125   } 
   nonlocal_energy { 0.3390518490410609   } 
   nonlocal_energyvar { 0.9086054419345841   } 
   autocorr_energy { } 
} 

block { 
   label vmc
   totweight 640000
   nautocorr 0
   total_energy { -1.932719751854675   } 
   total_energyvar { 0.01102949413835752   } 
   weight { 1   } 
   weightvar { 0   } 
   kinetic_energy { 0.6943075062986143   } 
   kinetic_energyvar { 0.4331640596190849   } 
   potential_energy { -2.966040485089653   } 
   potential_energyvar { 0.6266878826294047   } 
   nonlocal_energy { 0.3390132269363633   } 
   nonlocal_energyvar { 0.8972818671771798   } 
   autocorr_energy { } 
} 

block { 
   label vmc
   totweight 640000
   nautocorr 0
   total_energy { -1.932594313659979   } 
   total_energyvar { 0.01107689762309638   } 
   weight { 1   } 
   weightvar { 0   } 
   kinetic_energy { 0.6926484271130866   } 
   kinetic_energyvar { 0.4433550972988705   } 
   potential_energy { -2.965745535115445   } 
   potential_energyvar { 0.6383910236024484   } 
   nonlocal_energy { 0.340502794342379   } 
   nonlocal_energyvar { 0.9244160797900335   } 
   autocorr_energy { } 
} 

block { 
   label vmc
   totweight 640000
   nautocorr 0
   total_energy { -1.932555134271339   } 
   total_energyvar { 0.01122074889231151   } 
   weight { 1   } 
   weightvar { 0   } 
   kinetic_energy { 0.6943135587135039   } 
   kinetic_energyvar { 0.4450504809854065   } 
   potential_energy { -2.96580886151414   } 
   potential_energyvar { 0.6264083675344221   } 
   nonlocal_energy { 0.3389401685292979   } 
   nonlocal_energyvar { 0.9182804839271093   } 
   autocorr_energy { } 
} 

block { 
   label vmc
   totweight 640000
   nautocorr 0
   total_energy { -1.932366920002317   } 
   total_energyvar { 0.01099389804860751   } 
   weight { 1   } 
   weightvar { 0   } 
   kinetic_energy { 0.6948928322019389   } 
   kinetic_energyvar { 0.4415623264644712   } 
   potential_energy { -2.969532271142345   } 
   potential_energyvar { 0.6323000086328392   } 
   nonlocal_energy { 0.3422725189380892   } 
   nonlocal_energyvar { 0.9198758605604812   } 
   autocorr_energy { } 
} 

block { 
   label vmc
   totweight 640000
   nautocorr 0
   total_energy { -1.932526190994729   } 
   total_energyvar { 0.01102634527346513   } 
   weight { 1   } 
   weightvar { 0   } 
   kinetic_energy { 0.6936210317146511   } 
   kinetic_energyvar { 0.454206973608594   } 
   potential_energy { -2.966866613032552   } 
   potential_energyvar { 0.6302808043287147   } 
   nonlocal_energy { 0.3407193903231721   } 
   nonlocal_energyvar { 0.939153327435195   } 
   autocorr_energy { } 
} 

block { 
   label vmc
   totweight 640000
   nautocorr 0
   total_energy { -1.93259872488482   } 
   total_energyvar { 0.01100958120631557   } 
   weight { 1   } 
   weightvar { 0   } 
   kinetic_energy { 0.6946788689815958   } 
   kinetic_energyvar { 0.4482078052120272   } 
   potential_energy { -2.965727163196544   } 
   potential_energyvar { 0.633191434478281   } 
   nonlocal_energy { 0.3384495693301284   } 
   nonlocal_energyvar { 0.92825358860503   } 
   autocorr_energy { } 
} 

block { 
   label vmc
   totweight 640000
   nautocorr 0
   total_energy { -1.932359422412733   } 
   total_energyvar { 0.01092516960996726   } 
   weight { 1   } 
   weightvar { 0   } 
   kinetic_energy { 0.6943571744912137   } 
   kinetic_energyvar { 0.4395997957099291   } 
   potential_energy { -2.965832569410766   } 
   potential_energyvar { 0.6383417200629022   } 
   nonlocal_energy { 0.3391159725068187   } 
   nonlocal_energyvar { 0.9248449198821473   } 
   autocorr_energy { } 
} 

block { 
   label vmc
   totweight 640000
   nautocorr 0
   total_energy { -1.932534866839131   } 
   total_energyvar { 0.01111948772498605   } 
   weight { 1   } 
   weightvar { 0   } 
   kinetic_energy { 0.694511929508041   } 
   kinetic_energyvar { 0.4409042797985174   } 
   potential_energy { -2.966488213520469   } 
   potential_energyvar { 0.6273339852453628   } 
   nonlocal_energy { 0.3394414171732975   } 
   nonlocal_energyvar { 0.9089242177385422   } 
   autocorr_energy { } 
} 

block { 
   label vmc
   totweight 640000
   nautocorr 0
   total_energy { -1.932514172712951   } 
   total_energyvar { 0.01085167802218701   } 
   weight { 1   } 
   weightvar { 0   } 
   kinetic_energy { 0.693588720845786   } 
   kinetic_energyvar { 0.4429353800625324   } 
   potential_energy { -2.966035539513862   } 
   potential_energyvar { 0.6267815703089514   } 
   nonlocal_energy { 0.3399326459551253   } 
   nonlocal_energyvar { 0.9175866158857301   } 
   autocorr_energy { } 
} 

block { 
   label vmc
   totweight 640000
   nautocorr 0
   total_energy { -1.932443195091695   } 
   total_energyvar { 0.01107640148047873   } 
   weight { 1   } 
   weightvar { 0   } 
   kinetic_energy { 0.6944200510050896   } 
   kinetic_energyvar { 0.4344284827529928   } 
   potential_energy { -2.967142253463149   } 
   potential_energyvar { 0.625316650656119   } 
   nonlocal_energy { 0.3402790073663634   } 
   nonlocal_energyvar { 0.9013790317936829   } 
   autocorr_energy { } 
} 

