#-------------------------------------------------
#DMC run: timestep 0.02
#-------------------------------------------------


init { 
   label dmc
}
block { 
   label dmc
   totweight 272000
   nautocorr 0
   total_energy { -86.59724744079996   } 
   total_energyvar { 1.419910122593137   } 
   weight { 0.9988392693570499   } 
   weightvar { 0.09817100559688541   } 
   kinetic_energy { 47.3852742966725   } 
   kinetic_energyvar { 333.3714736385327   } 
   potential_energy { -144.6428013369024   } 
   potential_energyvar { 383.7397657282163   } 
   nonlocal_energy { 10.66027959942997   } 
   nonlocal_energyvar { 234.0682860684645   } 
   autocorr_energy { } 
} 

block { 
   label dmc
   totweight 272000
   nautocorr 0
   total_energy { -86.60140703334341   } 
   total_energyvar { 1.37963373439834   } 
   weight { 0.9969956698189674   } 
   weightvar { 0.1012228840474216   } 
   kinetic_energy { 47.40725394194106   } 
   kinetic_energyvar { 337.6116530455411   } 
   potential_energy { -144.5785422281713   } 
   potential_energyvar { 384.0777165939035   } 
   nonlocal_energy { 10.56988125288682   } 
   nonlocal_energyvar { 235.0389905053001   } 
   autocorr_energy { } 
} 

block { 
   label dmc
   totweight 272000
   nautocorr 0
   total_energy { -86.60115727194047   } 
   total_energyvar { 1.289925830380525   } 
   weight { 0.9989068016586992   } 
   weightvar { 0.09762194648158407   } 
   kinetic_energy { 47.25188805297281   } 
   kinetic_energyvar { 333.1029271008892   } 
   potential_energy { -144.3863925365599   } 
   potential_energyvar { 382.0690822209144   } 
   nonlocal_energy { 10.53334721164663   } 
   nonlocal_energyvar { 228.5444016141321   } 
   autocorr_energy { } 
} 

block { 
   label dmc
   totweight 272000
   nautocorr 0
   total_energy { -86.60378395729428   } 
   total_energyvar { 1.3907111387025   } 
   weight { 1.000710793204686   } 
   weightvar { 0.0992017078494638   } 
   kinetic_energy { 47.13853923461397   } 
   kinetic_energyvar { 334.2887223399134   } 
   potential_energy { -144.349043728709   } 
   potential_energyvar { 386.3668703028197   } 
   nonlocal_energy { 10.60672053680073   } 
   nonlocal_energyvar { 231.8051102153964   } 
   autocorr_energy { } 
} 

block { 
   label dmc
   totweight 272000
   nautocorr 0
   total_energy { -86.59884669822314   } 
   total_energyvar { 1.372258301846159   } 
   weight { 0.995937059883945   } 
   weightvar { 0.09769576255677415   } 
   kinetic_energy { 47.28009854610943   } 
   kinetic_energyvar { 348.0186629636505   } 
   potential_energy { -144.4784421473256   } 
   potential_energyvar { 381.8226959397434   } 
   nonlocal_energy { 10.59949690299304   } 
   nonlocal_energyvar { 242.4889487865453   } 
   autocorr_energy { } 
} 

block { 
   label dmc
   totweight 272000
   nautocorr 0
   total_energy { -86.60634809522914   } 
   total_energyvar { 1.311086299069757   } 
   weight { 0.9978863121904874   } 
   weightvar { 0.09965199414026904   } 
   kinetic_energy { 47.24520283163763   } 
   kinetic_energyvar { 327.0996515758388   } 
   potential_energy { -144.4362802859469   } 
   potential_energyvar { 383.2114483749247   } 
   nonlocal_energy { 10.58472935908009   } 
   nonlocal_energyvar { 222.2820199570362   } 
   autocorr_energy { } 
} 

block { 
   label dmc
   totweight 272000
   nautocorr 0
   total_energy { -86.61015012865967   } 
   total_energyvar { 1.393698943651543   } 
   weight { 1.003816580511527   } 
   weightvar { 0.09945556206168482   } 
   kinetic_energy { 47.24215214230669   } 
   kinetic_energyvar { 335.1512466831955   } 
   potential_energy { -144.4013559507105   } 
   potential_energyvar { 381.150636447961   } 
   nonlocal_energy { 10.54905367974414   } 
   nonlocal_energyvar { 231.7586555317282   } 
   autocorr_energy { } 
} 

block { 
   label dmc
   totweight 272000
   nautocorr 0
   total_energy { -86.60336623718946   } 
   total_energyvar { 1.366765265119284   } 
   weight { 1.001337891001911   } 
   weightvar { 0.0975740098819331   } 
   kinetic_energy { 47.24660182544884   } 
   kinetic_energyvar { 325.7554789171322   } 
   potential_energy { -144.5122190635769   } 
   potential_energyvar { 386.7492271407427   } 
   nonlocal_energy { 10.66225100093852   } 
   nonlocal_energyvar { 231.8907553104971   } 
   autocorr_energy { } 
} 

block { 
   label dmc
   totweight 272000
   nautocorr 0
   total_energy { -86.59983112751982   } 
   total_energyvar { 1.362626987461226   } 
   weight { 0.9972517927341017   } 
   weightvar { 0.09692970851554816   } 
   kinetic_energy { 47.37049717514794   } 
   kinetic_energyvar { 328.2088050759708   } 
   potential_energy { -144.530344849295   } 
   potential_energyvar { 385.4803382393875   } 
   nonlocal_energy { 10.56001654662723   } 
   nonlocal_energyvar { 224.8212197149078   } 
   autocorr_energy { } 
} 

block { 
   label dmc
   totweight 272000
   nautocorr 0
   total_energy { -86.60390677630836   } 
   total_energyvar { 1.408915482438715   } 
   weight { 0.9963012857634993   } 
   weightvar { 0.09871045280288382   } 
   kinetic_energy { 47.30071969708185   } 
   kinetic_energyvar { 336.0608319486946   } 
   potential_energy { -144.3950558192619   } 
   potential_energyvar { 384.1301001006286   } 
   nonlocal_energy { 10.4904293458717   } 
   nonlocal_energyvar { 226.9425243331304   } 
   autocorr_energy { } 
} 

block { 
   label dmc
   totweight 272000
   nautocorr 0
   total_energy { -86.59804720200061   } 
   total_energyvar { 1.316972190660636   } 
   weight { 0.9931207185451749   } 
   weightvar { 0.09947388401530477   } 
   kinetic_energy { 47.02349696428415   } 
   kinetic_energyvar { 327.3908668150143   } 
   potential_energy { -144.3085401721046   } 
   potential_energyvar { 387.990762559617   } 
   nonlocal_energy { 10.68699600581986   } 
   nonlocal_energyvar { 228.1702593128691   } 
   autocorr_energy { } 
} 

block { 
   label dmc
   totweight 272000
   nautocorr 0
   total_energy { -86.60148409809518   } 
   total_energyvar { 1.326711411040378   } 
   weight { 0.9957025591329383   } 
   weightvar { 0.1008093306622581   } 
   kinetic_energy { 47.20088611752765   } 
   kinetic_energyvar { 328.4963351115043   } 
   potential_energy { -144.3458230174724   } 
   potential_energyvar { 383.9143922009534   } 
   nonlocal_energy { 10.54345280184961   } 
   nonlocal_energyvar { 224.3589014637421   } 
   autocorr_energy { } 
} 

block { 
   label dmc
   totweight 272000
   nautocorr 0
   total_energy { -86.59533897833938   } 
   total_energyvar { 1.416761053122173   } 
   weight { 0.9914637007959536   } 
   weightvar { 0.09874905396239952   } 
   kinetic_energy { 47.22183601846211   } 
   kinetic_energyvar { 344.6527114211526   } 
   potential_energy { -144.41201185343   } 
   potential_energyvar { 389.3909995058166   } 
   nonlocal_energy { 10.59483685662854   } 
   nonlocal_energyvar { 236.8636797225375   } 
   autocorr_energy { } 
} 

block { 
   label dmc
   totweight 272000
   nautocorr 0
   total_energy { -86.59601355892106   } 
   total_energyvar { 1.386739393426069   } 
   weight { 0.9920535475764571   } 
   weightvar { 0.09896594560610528   } 
   kinetic_energy { 47.05777676311078   } 
   kinetic_energyvar { 405.1017226236991   } 
   potential_energy { -144.3079960732981   } 
   potential_energyvar { 380.7532395679918   } 
   nonlocal_energy { 10.65420575126622   } 
   nonlocal_energyvar { 305.1361171142604   } 
   autocorr_energy { } 
} 

block { 
   label dmc
   totweight 272000
   nautocorr 0
   total_energy { -86.60506273356077   } 
   total_energyvar { 1.341868489915214   } 
   weight { 0.995033252818474   } 
   weightvar { 0.09823384073093211   } 
   kinetic_energy { 47.33913860948463   } 
   kinetic_energyvar { 331.5776935433946   } 
   potential_energy { -144.5871051384171   } 
   potential_energyvar { 385.5835588256341   } 
   nonlocal_energy { 10.64290379537167   } 
   nonlocal_energyvar { 227.6980758684408   } 
   autocorr_energy { } 
} 

block { 
   label dmc
   totweight 272000
   nautocorr 0
   total_energy { -86.59804687409694   } 
   total_energyvar { 1.325746408048872   } 
   weight { 0.9959762667999857   } 
   weightvar { 0.09615253680155811   } 
   kinetic_energy { 47.37003033770169   } 
   kinetic_energyvar { 330.4150592047613   } 
   potential_energy { -144.5418729795038   } 
   potential_energyvar { 386.615769367032   } 
   nonlocal_energy { 10.57379576770521   } 
   nonlocal_energyvar { 225.4749604629058   } 
   autocorr_energy { } 
} 

block { 
   label dmc
   totweight 272000
   nautocorr 0
   total_energy { -86.6001953090246   } 
   total_energyvar { 1.340545676370311   } 
   weight { 0.9955002506629504   } 
   weightvar { 0.09803322931379332   } 
   kinetic_energy { 47.22727750492162   } 
   kinetic_energyvar { 335.1819213215344   } 
   potential_energy { -144.4785116295638   } 
   potential_energyvar { 389.1403809401672   } 
   nonlocal_energy { 10.65103881561755   } 
   nonlocal_energyvar { 235.9748705206403   } 
   autocorr_energy { } 
} 

block { 
   label dmc
   totweight 272000
   nautocorr 0
   total_energy { -86.59917797375148   } 
   total_energyvar { 1.346411181943949   } 
   weight { 0.9957566184537283   } 
   weightvar { 0.09881359584612159   } 
   kinetic_energy { 47.35032223427154   } 
   kinetic_energyvar { 335.1257801218085   } 
   potential_energy { -144.585772269272   } 
   potential_energyvar { 389.4970689008587   } 
   nonlocal_energy { 10.6362720612489   } 
   nonlocal_energyvar { 231.9926481750228   } 
   autocorr_energy { } 
} 

block { 
   label dmc
   totweight 272000
   nautocorr 0
   total_energy { -86.5943621279937   } 
   total_energyvar { 1.291111590291621   } 
   weight { 0.9927663066472973   } 
   weightvar { 0.09999272494681311   } 
   kinetic_energy { 47.31263474740705   } 
   kinetic_energyvar { 322.2143097667013   } 
   potential_energy { -144.5461394703852   } 
   potential_energyvar { 379.9698525486201   } 
   nonlocal_energy { 10.63914259498446   } 
   nonlocal_energyvar { 218.4598227535517   } 
   autocorr_energy { } 
} 

block { 
   label dmc
   totweight 272000
   nautocorr 0
   total_energy { -86.60069484667642   } 
   total_energyvar { 1.442157243562178   } 
   weight { 0.9932492103907273   } 
   weightvar { 0.09889640307425529   } 
   kinetic_energy { 47.2818555655941   } 
   kinetic_energyvar { 429.5552706896569   } 
   potential_energy { -144.5213789392307   } 
   potential_energyvar { 383.1224617615371   } 
   nonlocal_energy { 10.63882852696018   } 
   nonlocal_energyvar { 321.6316754038509   } 
   autocorr_energy { } 
} 

block { 
   label dmc
   totweight 272000
   nautocorr 0
   total_energy { -86.5988432782345   } 
   total_energyvar { 1.395098351282286   } 
   weight { 0.9961560292136352   } 
   weightvar { 0.09947762107471481   } 
   kinetic_energy { 47.2157776670111   } 
   kinetic_energyvar { 330.7776729422735   } 
   potential_energy { -144.3975575504693   } 
   potential_energyvar { 389.9432149063359   } 
   nonlocal_energy { 10.58293660522369   } 
   nonlocal_energyvar { 223.6309743606474   } 
   autocorr_energy { } 
} 

block { 
   label dmc
   totweight 272000
   nautocorr 0
   total_energy { -86.59675843359044   } 
   total_energyvar { 1.316052050846338   } 
   weight { 0.992777456115811   } 
   weightvar { 0.09927738778804773   } 
   kinetic_energy { 47.28011514915332   } 
   kinetic_energyvar { 325.3413305522063   } 
   potential_energy { -144.5769044165245   } 
   potential_energyvar { 382.5143803992141   } 
   nonlocal_energy { 10.70003083378068   } 
   nonlocal_energyvar { 226.0089258010595   } 
   autocorr_energy { } 
} 

block { 
   label dmc
   totweight 272000
   nautocorr 0
   total_energy { -86.60826323917519   } 
   total_energyvar { 1.553705214117144   } 
   weight { 0.9957278133588415   } 
   weightvar { 0.09923169803019338   } 
   kinetic_energy { 47.36444462216172   } 
   kinetic_energyvar { 339.1387993683934   } 
   potential_energy { -144.6205107219469   } 
   potential_energyvar { 389.6386614361218   } 
   nonlocal_energy { 10.64780286060997   } 
   nonlocal_energyvar { 239.7199418573214   } 
   autocorr_energy { } 
} 

block { 
   label dmc
   totweight 272000
   nautocorr 0
   total_energy { -86.60106145636701   } 
   total_energyvar { 1.346616365904083   } 
   weight { 1.000100777821629   } 
   weightvar { 0.09730822270654294   } 
   kinetic_energy { 46.88750674802999   } 
   kinetic_energyvar { 330.2518770650813   } 
   potential_energy { -144.1268719849205   } 
   potential_energyvar { 382.250914008906   } 
   nonlocal_energy { 10.6383037805235   } 
   nonlocal_energyvar { 231.1557645633767   } 
   autocorr_energy { } 
} 

block { 
   label dmc
   totweight 272000
   nautocorr 0
   total_energy { -86.60117612529055   } 
   total_energyvar { 1.32961212976079   } 
   weight { 0.9982051570459529   } 
   weightvar { 0.09792917210485108   } 
   kinetic_energy { 47.19546363835384   } 
   kinetic_energyvar { 327.8479341932093   } 
   potential_energy { -144.4241598996467   } 
   potential_energyvar { 386.1722589824167   } 
   nonlocal_energy { 10.62752013600227   } 
   nonlocal_energyvar { 222.9636604827452   } 
   autocorr_energy { } 
} 

block { 
   label dmc
   totweight 272000
   nautocorr 0
   total_energy { -86.60265617947532   } 
   total_energyvar { 1.361401362017205   } 
   weight { 0.9973407957815233   } 
   weightvar { 0.09881646343158701   } 
   kinetic_energy { 47.29543781903674   } 
   kinetic_energyvar { 324.1681839629114   } 
   potential_energy { -144.5218774723667   } 
   potential_energyvar { 386.136084176258   } 
   nonlocal_energy { 10.62378347385466   } 
   nonlocal_energyvar { 222.6137963107154   } 
   autocorr_energy { } 
} 

block { 
   label dmc
   totweight 272000
   nautocorr 0
   total_energy { -86.60340511418856   } 
   total_energyvar { 1.348833039219244   } 
   weight { 0.9987104098486882   } 
   weightvar { 0.09724228742659613   } 
   kinetic_energy { 47.40947644722922   } 
   kinetic_energyvar { 334.0584642127251   } 
   potential_energy { -144.5247434664418   } 
   potential_energyvar { 384.9642890513205   } 
   nonlocal_energy { 10.51186190502406   } 
   nonlocal_energyvar { 226.1704383940916   } 
   autocorr_energy { } 
} 

block { 
   label dmc
   totweight 272000
   nautocorr 0
   total_energy { -86.59694308509245   } 
   total_energyvar { 1.34108313289471   } 
   weight { 0.9971487561445054   } 
   weightvar { 0.09816161309083937   } 
   kinetic_energy { 47.25629614661192   } 
   kinetic_energyvar { 324.7594553913723   } 
   potential_energy { -144.4600830926129   } 
   potential_energyvar { 380.4100420585382   } 
   nonlocal_energy { 10.60684386090857   } 
   nonlocal_energyvar { 224.2337592765641   } 
   autocorr_energy { } 
} 

block { 
   label dmc
   totweight 272000
   nautocorr 0
   total_energy { -86.60237781963795   } 
   total_energyvar { 1.363581892991533   } 
   weight { 0.9964820467000286   } 
   weightvar { 0.09751009732422944   } 
   kinetic_energy { 47.19123713030073   } 
   kinetic_energyvar { 327.015735668494   } 
   potential_energy { -144.4152415224679   } 
   potential_energyvar { 383.4130781462845   } 
   nonlocal_energy { 10.6216265725292   } 
   nonlocal_energyvar { 229.2465382907909   } 
   autocorr_energy { } 
} 

block { 
   label dmc
   totweight 272000
   nautocorr 0
   total_energy { -86.60301877577803   } 
   total_energyvar { 1.483486182863089   } 
   weight { 0.996695995921109   } 
   weightvar { 0.0972027349134772   } 
   kinetic_energy { 47.13185568446246   } 
   kinetic_energyvar { 343.5092781756457   } 
   potential_energy { -144.4649913778524   } 
   potential_energyvar { 390.6307277327978   } 
   nonlocal_energy { 10.73011691761187   } 
   nonlocal_energyvar { 240.1559770446921   } 
   autocorr_energy { } 
} 

block { 
   label dmc
   totweight 272000
   nautocorr 0
   total_energy { -86.60487453623469   } 
   total_energyvar { 1.378011949661413   } 
   weight { 0.9973158932278859   } 
   weightvar { 0.09718189054336968   } 
   kinetic_energy { 47.19747721045741   } 
   kinetic_energyvar { 331.0477251720508   } 
   potential_energy { -144.2954038543233   } 
   potential_energyvar { 383.3455758355522   } 
   nonlocal_energy { 10.49305210763121   } 
   nonlocal_energyvar { 226.3160788627354   } 
   autocorr_energy { } 
} 

block { 
   label dmc
   totweight 272000
   nautocorr 0
   total_energy { -86.59736279245956   } 
   total_energyvar { 1.400458147840254   } 
   weight { 0.9963993056036503   } 
   weightvar { 0.09610677226474529   } 
   kinetic_energy { 47.32929871137654   } 
   kinetic_energyvar { 332.1655913730488   } 
   potential_energy { -144.4824748173735   } 
   potential_energyvar { 386.8087181291885   } 
   nonlocal_energy { 10.5558133135374   } 
   nonlocal_energyvar { 227.3000458263377   } 
   autocorr_energy { } 
} 

block { 
   label dmc
   totweight 272000
   nautocorr 0
   total_energy { -86.59029401029299   } 
   total_energyvar { 1.33807480145606   } 
   weight { 0.9911408394844861   } 
   weightvar { 0.09691758917058291   } 
   kinetic_energy { 47.17727201812592   } 
   kinetic_energyvar { 335.886940456402   } 
   potential_energy { -144.4459906854321   } 
   potential_energyvar { 389.647289983317   } 
   nonlocal_energy { 10.67842465701317   } 
   nonlocal_energyvar { 233.1682635164669   } 
   autocorr_energy { } 
} 

block { 
   label dmc
   totweight 272000
   nautocorr 0
   total_energy { -86.59731147377667   } 
   total_energyvar { 1.336792225608406   } 
   weight { 0.9900736382139522   } 
   weightvar { 0.09735984006542953   } 
   kinetic_energy { 47.28857156318818   } 
   kinetic_energyvar { 324.5797729504325   } 
   potential_energy { -144.5992597531719   } 
   potential_energyvar { 385.52332991394   } 
   nonlocal_energy { 10.71337671620698   } 
   nonlocal_energyvar { 225.3720704306154   } 
   autocorr_energy { } 
} 

block { 
   label dmc
   totweight 272000
   nautocorr 0
   total_energy { -86.60435650308985   } 
   total_energyvar { 1.324143233556242   } 
   weight { 0.9969341247100537   } 
   weightvar { 0.09767000995804032   } 
   kinetic_energy { 47.30948528444422   } 
   kinetic_energyvar { 323.493264397443   } 
   potential_energy { -144.5317356028404   } 
   potential_energyvar { 385.0907021940438   } 
   nonlocal_energy { 10.61789381530632   } 
   nonlocal_energyvar { 220.5952420678892   } 
   autocorr_energy { } 
} 

block { 
   label dmc
   totweight 272000
   nautocorr 0
   total_energy { -86.59903979356787   } 
   total_energyvar { 1.373304243037637   } 
   weight { 0.9964869657618155   } 
   weightvar { 0.09784406101824328   } 
   kinetic_energy { 47.27804155629822   } 
   kinetic_energyvar { 330.2097035956008   } 
   potential_energy { -144.5705248317614   } 
   potential_energyvar { 387.5092891968707   } 
   nonlocal_energy { 10.69344348189529   } 
   nonlocal_energyvar { 233.7493672179884   } 
   autocorr_energy { } 
} 

block { 
   label dmc
   totweight 272000
   nautocorr 0
   total_energy { -86.60125954979485   } 
   total_energyvar { 1.395309902321969   } 
   weight { 0.9963870841241463   } 
   weightvar { 0.09809959819490044   } 
   kinetic_energy { 47.23494455795536   } 
   kinetic_energyvar { 335.7629047173946   } 
   potential_energy { -144.4348215411402   } 
   potential_energyvar { 381.7743052081605   } 
   nonlocal_energy { 10.59861743338998   } 
   nonlocal_energyvar { 231.2341458155979   } 
   autocorr_energy { } 
} 

block { 
   label dmc
   totweight 272000
   nautocorr 0
   total_energy { -86.59174049100945   } 
   total_energyvar { 1.354089036591176   } 
   weight { 0.9940105597928379   } 
   weightvar { 0.09967990379012215   } 
   kinetic_energy { 47.30615644475166   } 
   kinetic_energyvar { 325.830457456309   } 
   potential_energy { -144.6360864073786   } 
   potential_energyvar { 387.0525744208571   } 
   nonlocal_energy { 10.73818947161747   } 
   nonlocal_energyvar { 225.5531074486564   } 
   autocorr_energy { } 
} 

block { 
   label dmc
   totweight 272000
   nautocorr 0
   total_energy { -86.59359437894956   } 
   total_energyvar { 1.403189377820127   } 
   weight { 0.9899653339237867   } 
   weightvar { 0.09946276166141033   } 
   kinetic_energy { 47.44200446773097   } 
   kinetic_energyvar { 340.3961785589072   } 
   potential_energy { -144.6270528576333   } 
   potential_energyvar { 390.0564445563141   } 
   nonlocal_energy { 10.59145401095275   } 
   nonlocal_energyvar { 233.0561179119159   } 
   autocorr_energy { } 
} 

block { 
   label dmc
   totweight 272000
   nautocorr 0
   total_energy { -86.60438894920583   } 
   total_energyvar { 1.340231674782444   } 
   weight { 0.9947418242962117   } 
   weightvar { 0.09939340752979464   } 
   kinetic_energy { 47.09524719202883   } 
   kinetic_energyvar { 337.3189467593879   } 
   potential_energy { -144.2744428702258   } 
   potential_energyvar { 386.6914089729726   } 
   nonlocal_energy { 10.57480672899116   } 
   nonlocal_energyvar { 229.1767824780177   } 
   autocorr_energy { } 
} 

